[2024-02-26T22:23:48.993+0000] {taskinstance.py:1956} INFO - Dependencies all met for dep_context=non-requeueable deps ti=<TaskInstance: weather_dag.create_snowflake_file_format scheduled__2024-02-26T18:58:00+00:00 [queued]>
[2024-02-26T22:23:49.005+0000] {taskinstance.py:1956} INFO - Dependencies all met for dep_context=requeueable deps ti=<TaskInstance: weather_dag.create_snowflake_file_format scheduled__2024-02-26T18:58:00+00:00 [queued]>
[2024-02-26T22:23:49.006+0000] {taskinstance.py:2170} INFO - Starting attempt 1 of 3
[2024-02-26T22:23:49.028+0000] {taskinstance.py:2191} INFO - Executing <Task(SnowflakeOperator): create_snowflake_file_format> on 2024-02-26 18:58:00+00:00
[2024-02-26T22:23:49.035+0000] {standard_task_runner.py:60} INFO - Started process 108 to run task
[2024-02-26T22:23:49.039+0000] {standard_task_runner.py:87} INFO - Running: ['***', 'tasks', 'run', 'weather_dag', 'create_snowflake_file_format', 'scheduled__2024-02-26T18:58:00+00:00', '--job-id', '35', '--raw', '--subdir', 'DAGS_FOLDER/Weather_dag.py', '--cfg-path', '/tmp/tmpogh2v1e6']
[2024-02-26T22:23:49.041+0000] {standard_task_runner.py:88} INFO - Job 35: Subtask create_snowflake_file_format
[2024-02-26T22:23:49.110+0000] {task_command.py:423} INFO - Running <TaskInstance: weather_dag.create_snowflake_file_format scheduled__2024-02-26T18:58:00+00:00 [running]> on host 5d25474dd79a
[2024-02-26T22:23:49.212+0000] {taskinstance.py:2480} INFO - Exporting env vars: AIRFLOW_CTX_DAG_OWNER='stellar' AIRFLOW_CTX_DAG_ID='weather_dag' AIRFLOW_CTX_TASK_ID='create_snowflake_file_format' AIRFLOW_CTX_EXECUTION_DATE='2024-02-26T18:58:00+00:00' AIRFLOW_CTX_TRY_NUMBER='1' AIRFLOW_CTX_DAG_RUN_ID='scheduled__2024-02-26T18:58:00+00:00'
[2024-02-26T22:23:49.214+0000] {sql.py:276} INFO - Executing: 
                    CREATE OR REPLACE file format csv_format type = 'csv' compression = 'auto' 
                        field_delimiter = ',' record_delimiter = '
'
                        skip_header = 1 trim_space = false;
                                    
            
[2024-02-26T22:23:49.229+0000] {base.py:83} INFO - Using connection ID 'conn_id_snowflake' for task execution.
[2024-02-26T22:23:49.242+0000] {base.py:83} INFO - Using connection ID 'conn_id_snowflake' for task execution.
[2024-02-26T22:23:49.243+0000] {connection.py:370} INFO - Snowflake Connector for Python Version: 3.6.0, Python Version: 3.8.18, Platform: Linux-5.15.133.1-microsoft-standard-WSL2-x86_64-with-glibc2.34
[2024-02-26T22:23:49.245+0000] {connection.py:1171} INFO - This connection is in OCSP Fail Open Mode. TLS Certificates would be checked for validity and revocation status. Any other Certificate Revocation related exceptions or OCSP Responder failures would be disregarded in favor of connectivity.
[2024-02-26T22:23:49.679+0000] {cursor.py:1028} INFO - query: [ALTER SESSION SET autocommit=False]
[2024-02-26T22:23:49.764+0000] {cursor.py:1041} INFO - query execution done
[2024-02-26T22:23:49.765+0000] {cursor.py:1205} INFO - Number of results in first chunk: 1
[2024-02-26T22:23:49.766+0000] {sql.py:450} INFO - Running statement: CREATE OR REPLACE file format csv_format type = 'csv' compression = 'auto' 
                        field_delimiter = ',' record_delimiter = '
'
                        skip_header = 1 trim_space = false;, parameters: None
[2024-02-26T22:23:49.767+0000] {cursor.py:1028} INFO - query: [CREATE OR REPLACE file format csv_format type = 'csv' compression = 'auto' field...]
[2024-02-26T22:23:49.863+0000] {cursor.py:1041} INFO - query execution done
[2024-02-26T22:23:49.864+0000] {cursor.py:1205} INFO - Number of results in first chunk: 1
[2024-02-26T22:23:49.865+0000] {sql.py:459} INFO - Rows affected: 1
[2024-02-26T22:23:49.866+0000] {snowflake.py:400} INFO - Rows affected: 1
[2024-02-26T22:23:49.866+0000] {snowflake.py:401} INFO - Snowflake query id: 01b29e1f-3201-0126-0000-000805ce50ed
[2024-02-26T22:23:49.867+0000] {cursor.py:1028} INFO - query: [COMMIT]
[2024-02-26T22:23:49.944+0000] {cursor.py:1041} INFO - query execution done
[2024-02-26T22:23:49.945+0000] {cursor.py:1205} INFO - Number of results in first chunk: 1
[2024-02-26T22:23:49.946+0000] {connection.py:718} INFO - closed
[2024-02-26T22:23:50.006+0000] {connection.py:724} INFO - No async queries seem to be running, deleting session
[2024-02-26T22:23:50.100+0000] {taskinstance.py:1138} INFO - Marking task as SUCCESS. dag_id=weather_dag, task_id=create_snowflake_file_format, execution_date=20240226T185800, start_date=20240226T222348, end_date=20240226T222350
[2024-02-26T22:23:50.137+0000] {local_task_job_runner.py:234} INFO - Task exited with return code 0
[2024-02-26T22:23:50.181+0000] {taskinstance.py:3280} INFO - 1 downstream tasks scheduled from follow-on schedule check
