[2024-02-09T17:20:45.775+0000] {taskinstance.py:1956} INFO - Dependencies all met for dep_context=non-requeueable deps ti=<TaskInstance: weather_dag.transform_load_weather_data_to_S3 manual__2024-02-09T17:16:30.118156+00:00 [queued]>
[2024-02-09T17:20:45.796+0000] {taskinstance.py:1956} INFO - Dependencies all met for dep_context=requeueable deps ti=<TaskInstance: weather_dag.transform_load_weather_data_to_S3 manual__2024-02-09T17:16:30.118156+00:00 [queued]>
[2024-02-09T17:20:45.798+0000] {taskinstance.py:2170} INFO - Starting attempt 3 of 3
[2024-02-09T17:20:45.825+0000] {taskinstance.py:2191} INFO - Executing <Task(PythonOperator): transform_load_weather_data_to_S3> on 2024-02-09 17:16:30.118156+00:00
[2024-02-09T17:20:45.841+0000] {standard_task_runner.py:60} INFO - Started process 209 to run task
[2024-02-09T17:20:45.848+0000] {standard_task_runner.py:87} INFO - Running: ['***', 'tasks', 'run', 'weather_dag', 'transform_load_weather_data_to_S3', 'manual__2024-02-09T17:16:30.118156+00:00', '--job-id', '9', '--raw', '--subdir', 'DAGS_FOLDER/Weather_dag.py', '--cfg-path', '/tmp/tmptb8nl6dl']
[2024-02-09T17:20:45.855+0000] {standard_task_runner.py:88} INFO - Job 9: Subtask transform_load_weather_data_to_S3
[2024-02-09T17:20:45.993+0000] {task_command.py:423} INFO - Running <TaskInstance: weather_dag.transform_load_weather_data_to_S3 manual__2024-02-09T17:16:30.118156+00:00 [running]> on host 67eb7739a33c
[2024-02-09T17:20:46.248+0000] {taskinstance.py:2480} INFO - Exporting env vars: AIRFLOW_CTX_DAG_OWNER='stellar' AIRFLOW_CTX_DAG_ID='weather_dag' AIRFLOW_CTX_TASK_ID='transform_load_weather_data_to_S3' AIRFLOW_CTX_EXECUTION_DATE='2024-02-09T17:16:30.118156+00:00' AIRFLOW_CTX_TRY_NUMBER='3' AIRFLOW_CTX_DAG_RUN_ID='manual__2024-02-09T17:16:30.118156+00:00'
[2024-02-09T17:20:46.253+0000] {taskinstance.py:2698} ERROR - Task failed with exception
Traceback (most recent call last):
  File "/home/airflow/.local/lib/python3.8/site-packages/airflow/models/taskinstance.py", line 433, in _execute_task
    result = execute_callable(context=context, **execute_callable_kwargs)
  File "/home/airflow/.local/lib/python3.8/site-packages/airflow/operators/python.py", line 199, in execute
    return_value = self.execute_callable()
  File "/home/airflow/.local/lib/python3.8/site-packages/airflow/operators/python.py", line 216, in execute_callable
    return self.python_callable(*self.op_args, **self.op_kwargs)
TypeError: transform_load_data() missing 2 required positional arguments: 'WEATHER_API_URL' and 'S3_URI'
[2024-02-09T17:20:46.271+0000] {taskinstance.py:1138} INFO - Marking task as FAILED. dag_id=weather_dag, task_id=transform_load_weather_data_to_S3, execution_date=20240209T171630, start_date=20240209T172045, end_date=20240209T172046
[2024-02-09T17:20:46.300+0000] {standard_task_runner.py:107} ERROR - Failed to execute job 9 for task transform_load_weather_data_to_S3 (transform_load_data() missing 2 required positional arguments: 'WEATHER_API_URL' and 'S3_URI'; 209)
[2024-02-09T17:20:46.345+0000] {local_task_job_runner.py:234} INFO - Task exited with return code 1
[2024-02-09T17:20:46.373+0000] {taskinstance.py:3280} INFO - 0 downstream tasks scheduled from follow-on schedule check
