[2024-02-26T22:19:30.790+0000] {taskinstance.py:1956} INFO - Dependencies all met for dep_context=non-requeueable deps ti=<TaskInstance: weather_dag.weather_api_ready scheduled__2024-02-26T18:58:00+00:00 [queued]>
[2024-02-26T22:19:30.804+0000] {taskinstance.py:1956} INFO - Dependencies all met for dep_context=requeueable deps ti=<TaskInstance: weather_dag.weather_api_ready scheduled__2024-02-26T18:58:00+00:00 [queued]>
[2024-02-26T22:19:30.805+0000] {taskinstance.py:2170} INFO - Starting attempt 1 of 3
[2024-02-26T22:19:30.825+0000] {taskinstance.py:2191} INFO - Executing <Task(HttpSensor): weather_api_ready> on 2024-02-26 18:58:00+00:00
[2024-02-26T22:19:30.835+0000] {standard_task_runner.py:60} INFO - Started process 174 to run task
[2024-02-26T22:19:30.844+0000] {standard_task_runner.py:87} INFO - Running: ['***', 'tasks', 'run', 'weather_dag', 'weather_api_ready', 'scheduled__2024-02-26T18:58:00+00:00', '--job-id', '9', '--raw', '--subdir', 'DAGS_FOLDER/Weather_dag.py', '--cfg-path', '/tmp/tmp7il4i0l9']
[2024-02-26T22:19:30.847+0000] {standard_task_runner.py:88} INFO - Job 9: Subtask weather_api_ready
[2024-02-26T22:19:30.948+0000] {task_command.py:423} INFO - Running <TaskInstance: weather_dag.weather_api_ready scheduled__2024-02-26T18:58:00+00:00 [running]> on host 5d25474dd79a
[2024-02-26T22:19:31.416+0000] {taskinstance.py:2480} INFO - Exporting env vars: AIRFLOW_CTX_DAG_OWNER='stellar' AIRFLOW_CTX_DAG_ID='weather_dag' AIRFLOW_CTX_TASK_ID='weather_api_ready' AIRFLOW_CTX_EXECUTION_DATE='2024-02-26T18:58:00+00:00' AIRFLOW_CTX_TRY_NUMBER='1' AIRFLOW_CTX_DAG_RUN_ID='scheduled__2024-02-26T18:58:00+00:00'
[2024-02-26T22:19:31.418+0000] {http.py:130} INFO - Poking: /data/2.5/weather?q=Bangkok&appid=d69585a88935d2a759a90a77d406e260
[2024-02-26T22:19:31.430+0000] {base.py:83} INFO - Using connection ID 'weather_conn_id' for task execution.
[2024-02-26T22:19:31.657+0000] {base.py:295} INFO - Success criteria met. Exiting.
[2024-02-26T22:19:31.672+0000] {taskinstance.py:1138} INFO - Marking task as SUCCESS. dag_id=weather_dag, task_id=weather_api_ready, execution_date=20240226T185800, start_date=20240226T221930, end_date=20240226T221931
[2024-02-26T22:19:31.740+0000] {local_task_job_runner.py:234} INFO - Task exited with return code 0
[2024-02-26T22:19:31.794+0000] {taskinstance.py:3280} INFO - 1 downstream tasks scheduled from follow-on schedule check
[2024-02-26T22:23:19.515+0000] {taskinstance.py:1956} INFO - Dependencies all met for dep_context=non-requeueable deps ti=<TaskInstance: weather_dag.weather_api_ready scheduled__2024-02-26T18:58:00+00:00 [queued]>
[2024-02-26T22:23:19.530+0000] {taskinstance.py:1956} INFO - Dependencies all met for dep_context=requeueable deps ti=<TaskInstance: weather_dag.weather_api_ready scheduled__2024-02-26T18:58:00+00:00 [queued]>
[2024-02-26T22:23:19.530+0000] {taskinstance.py:2170} INFO - Starting attempt 1 of 3
[2024-02-26T22:23:19.556+0000] {taskinstance.py:2191} INFO - Executing <Task(HttpSensor): weather_api_ready> on 2024-02-26 18:58:00+00:00
[2024-02-26T22:23:19.564+0000] {standard_task_runner.py:60} INFO - Started process 63 to run task
[2024-02-26T22:23:19.572+0000] {standard_task_runner.py:87} INFO - Running: ['***', 'tasks', 'run', 'weather_dag', 'weather_api_ready', 'scheduled__2024-02-26T18:58:00+00:00', '--job-id', '23', '--raw', '--subdir', 'DAGS_FOLDER/Weather_dag.py', '--cfg-path', '/tmp/tmpomeda8bt']
[2024-02-26T22:23:19.576+0000] {standard_task_runner.py:88} INFO - Job 23: Subtask weather_api_ready
[2024-02-26T22:23:19.663+0000] {task_command.py:423} INFO - Running <TaskInstance: weather_dag.weather_api_ready scheduled__2024-02-26T18:58:00+00:00 [running]> on host 5d25474dd79a
[2024-02-26T22:23:19.797+0000] {taskinstance.py:2480} INFO - Exporting env vars: AIRFLOW_CTX_DAG_OWNER='stellar' AIRFLOW_CTX_DAG_ID='weather_dag' AIRFLOW_CTX_TASK_ID='weather_api_ready' AIRFLOW_CTX_EXECUTION_DATE='2024-02-26T18:58:00+00:00' AIRFLOW_CTX_TRY_NUMBER='1' AIRFLOW_CTX_DAG_RUN_ID='scheduled__2024-02-26T18:58:00+00:00'
[2024-02-26T22:23:19.799+0000] {http.py:130} INFO - Poking: /data/2.5/weather?q=Bangkok&appid=d69585a88935d2a759a90a77d406e260
[2024-02-26T22:23:19.812+0000] {base.py:83} INFO - Using connection ID 'weather_conn_id' for task execution.
[2024-02-26T22:23:20.049+0000] {base.py:295} INFO - Success criteria met. Exiting.
[2024-02-26T22:23:20.068+0000] {taskinstance.py:1138} INFO - Marking task as SUCCESS. dag_id=weather_dag, task_id=weather_api_ready, execution_date=20240226T185800, start_date=20240226T222319, end_date=20240226T222320
[2024-02-26T22:23:20.144+0000] {local_task_job_runner.py:234} INFO - Task exited with return code 0
[2024-02-26T22:23:20.206+0000] {taskinstance.py:3280} INFO - 1 downstream tasks scheduled from follow-on schedule check
