[2024-02-26T22:19:52.022+0000] {taskinstance.py:1956} INFO - Dependencies all met for dep_context=non-requeueable deps ti=<TaskInstance: weather_dag.create_snowflake_table scheduled__2024-02-26T18:58:00+00:00 [queued]>
[2024-02-26T22:19:52.087+0000] {taskinstance.py:1956} INFO - Dependencies all met for dep_context=requeueable deps ti=<TaskInstance: weather_dag.create_snowflake_table scheduled__2024-02-26T18:58:00+00:00 [queued]>
[2024-02-26T22:19:52.089+0000] {taskinstance.py:2170} INFO - Starting attempt 1 of 3
[2024-02-26T22:19:52.140+0000] {taskinstance.py:2191} INFO - Executing <Task(SnowflakeOperator): create_snowflake_table> on 2024-02-26 18:58:00+00:00
[2024-02-26T22:19:52.159+0000] {standard_task_runner.py:60} INFO - Started process 206 to run task
[2024-02-26T22:19:52.169+0000] {standard_task_runner.py:87} INFO - Running: ['***', 'tasks', 'run', 'weather_dag', 'create_snowflake_table', 'scheduled__2024-02-26T18:58:00+00:00', '--job-id', '18', '--raw', '--subdir', 'DAGS_FOLDER/Weather_dag.py', '--cfg-path', '/tmp/tmp05livmgh']
[2024-02-26T22:19:52.177+0000] {standard_task_runner.py:88} INFO - Job 18: Subtask create_snowflake_table
[2024-02-26T22:19:52.323+0000] {task_command.py:423} INFO - Running <TaskInstance: weather_dag.create_snowflake_table scheduled__2024-02-26T18:58:00+00:00 [running]> on host 5d25474dd79a
[2024-02-26T22:19:52.453+0000] {taskinstance.py:2480} INFO - Exporting env vars: AIRFLOW_CTX_DAG_OWNER='stellar' AIRFLOW_CTX_DAG_ID='weather_dag' AIRFLOW_CTX_TASK_ID='create_snowflake_table' AIRFLOW_CTX_EXECUTION_DATE='2024-02-26T18:58:00+00:00' AIRFLOW_CTX_TRY_NUMBER='1' AIRFLOW_CTX_DAG_RUN_ID='scheduled__2024-02-26T18:58:00+00:00'
[2024-02-26T22:19:52.455+0000] {sql.py:276} INFO - Executing: 
                    CREATE TABLE IF NOT EXISTS Bangkok (
                        "Time of Record" datetime,
                        City varchar(25),
                        Description varchar(25),
                        "Temperature (C)" float,
                        "Feels Like (C)" float,
                        "Minimun Temp (C)" float,
                        "Maximum Temp (C)" float,
                        Pressure integer,
                        Humidty integer,
                        "Wind Speed" float,
                        "Sunrise (Local Time)" datetime,
                        "Sunset (Local Time)" datetime
                    );
            
[2024-02-26T22:19:52.505+0000] {base.py:83} INFO - Using connection ID 'conn_id_snowflake' for task execution.
[2024-02-26T22:19:52.519+0000] {base.py:83} INFO - Using connection ID 'conn_id_snowflake' for task execution.
[2024-02-26T22:19:52.520+0000] {connection.py:370} INFO - Snowflake Connector for Python Version: 3.6.0, Python Version: 3.8.18, Platform: Linux-5.15.133.1-microsoft-standard-WSL2-x86_64-with-glibc2.34
[2024-02-26T22:19:52.522+0000] {connection.py:1171} INFO - This connection is in OCSP Fail Open Mode. TLS Certificates would be checked for validity and revocation status. Any other Certificate Revocation related exceptions or OCSP Responder failures would be disregarded in favor of connectivity.
[2024-02-26T22:19:52.925+0000] {cursor.py:1028} INFO - query: [ALTER SESSION SET autocommit=False]
[2024-02-26T22:19:53.008+0000] {cursor.py:1041} INFO - query execution done
[2024-02-26T22:19:53.009+0000] {cursor.py:1205} INFO - Number of results in first chunk: 1
[2024-02-26T22:19:53.010+0000] {sql.py:450} INFO - Running statement: CREATE TABLE IF NOT EXISTS Bangkok (
                        "Time of Record" datetime,
                        City varchar(25),
                        Description varchar(25),
                        "Temperature (C)" float,
                        "Feels Like (C)" float,
                        "Minimun Temp (C)" float,
                        "Maximum Temp (C)" float,
                        Pressure integer,
                        Humidty integer,
                        "Wind Speed" float,
                        "Sunrise (Local Time)" datetime,
                        "Sunset (Local Time)" datetime
                    );, parameters: None
[2024-02-26T22:19:53.011+0000] {cursor.py:1028} INFO - query: [CREATE TABLE IF NOT EXISTS Bangkok ( "Time of Record" datetime, City varchar(25)...]
[2024-02-26T22:19:53.098+0000] {cursor.py:1041} INFO - query execution done
[2024-02-26T22:19:53.100+0000] {cursor.py:1205} INFO - Number of results in first chunk: 1
[2024-02-26T22:19:53.101+0000] {sql.py:459} INFO - Rows affected: 1
[2024-02-26T22:19:53.103+0000] {snowflake.py:400} INFO - Rows affected: 1
[2024-02-26T22:19:53.104+0000] {snowflake.py:401} INFO - Snowflake query id: 01b29e1b-3201-0126-0000-000805ce509d
[2024-02-26T22:19:53.105+0000] {cursor.py:1028} INFO - query: [COMMIT]
[2024-02-26T22:19:53.174+0000] {cursor.py:1041} INFO - query execution done
[2024-02-26T22:19:53.175+0000] {cursor.py:1205} INFO - Number of results in first chunk: 1
[2024-02-26T22:19:53.175+0000] {connection.py:718} INFO - closed
[2024-02-26T22:19:53.250+0000] {connection.py:724} INFO - No async queries seem to be running, deleting session
[2024-02-26T22:19:53.377+0000] {taskinstance.py:1138} INFO - Marking task as SUCCESS. dag_id=weather_dag, task_id=create_snowflake_table, execution_date=20240226T185800, start_date=20240226T221952, end_date=20240226T221953
[2024-02-26T22:19:53.440+0000] {local_task_job_runner.py:234} INFO - Task exited with return code 0
[2024-02-26T22:19:53.559+0000] {taskinstance.py:3280} INFO - 1 downstream tasks scheduled from follow-on schedule check
[2024-02-26T22:23:39.083+0000] {taskinstance.py:1956} INFO - Dependencies all met for dep_context=non-requeueable deps ti=<TaskInstance: weather_dag.create_snowflake_table scheduled__2024-02-26T18:58:00+00:00 [queued]>
[2024-02-26T22:23:39.100+0000] {taskinstance.py:1956} INFO - Dependencies all met for dep_context=requeueable deps ti=<TaskInstance: weather_dag.create_snowflake_table scheduled__2024-02-26T18:58:00+00:00 [queued]>
[2024-02-26T22:23:39.101+0000] {taskinstance.py:2170} INFO - Starting attempt 1 of 3
[2024-02-26T22:23:39.123+0000] {taskinstance.py:2191} INFO - Executing <Task(SnowflakeOperator): create_snowflake_table> on 2024-02-26 18:58:00+00:00
[2024-02-26T22:23:39.132+0000] {standard_task_runner.py:60} INFO - Started process 96 to run task
[2024-02-26T22:23:39.138+0000] {standard_task_runner.py:87} INFO - Running: ['***', 'tasks', 'run', 'weather_dag', 'create_snowflake_table', 'scheduled__2024-02-26T18:58:00+00:00', '--job-id', '32', '--raw', '--subdir', 'DAGS_FOLDER/Weather_dag.py', '--cfg-path', '/tmp/tmpa66mnw2r']
[2024-02-26T22:23:39.140+0000] {standard_task_runner.py:88} INFO - Job 32: Subtask create_snowflake_table
[2024-02-26T22:23:39.222+0000] {task_command.py:423} INFO - Running <TaskInstance: weather_dag.create_snowflake_table scheduled__2024-02-26T18:58:00+00:00 [running]> on host 5d25474dd79a
[2024-02-26T22:23:39.362+0000] {taskinstance.py:2480} INFO - Exporting env vars: AIRFLOW_CTX_DAG_OWNER='stellar' AIRFLOW_CTX_DAG_ID='weather_dag' AIRFLOW_CTX_TASK_ID='create_snowflake_table' AIRFLOW_CTX_EXECUTION_DATE='2024-02-26T18:58:00+00:00' AIRFLOW_CTX_TRY_NUMBER='1' AIRFLOW_CTX_DAG_RUN_ID='scheduled__2024-02-26T18:58:00+00:00'
[2024-02-26T22:23:39.364+0000] {sql.py:276} INFO - Executing: 
                    CREATE TABLE IF NOT EXISTS Bangkok (
                        "Time of Record" datetime,
                        City varchar(25),
                        Description varchar(25),
                        "Temperature (C)" float,
                        "Feels Like (C)" float,
                        "Minimun Temp (C)" float,
                        "Maximum Temp (C)" float,
                        Pressure integer,
                        Humidty integer,
                        "Wind Speed" float,
                        "Sunrise (Local Time)" datetime,
                        "Sunset (Local Time)" datetime
                    );
            
[2024-02-26T22:23:39.383+0000] {base.py:83} INFO - Using connection ID 'conn_id_snowflake' for task execution.
[2024-02-26T22:23:39.398+0000] {base.py:83} INFO - Using connection ID 'conn_id_snowflake' for task execution.
[2024-02-26T22:23:39.399+0000] {connection.py:370} INFO - Snowflake Connector for Python Version: 3.6.0, Python Version: 3.8.18, Platform: Linux-5.15.133.1-microsoft-standard-WSL2-x86_64-with-glibc2.34
[2024-02-26T22:23:39.401+0000] {connection.py:1171} INFO - This connection is in OCSP Fail Open Mode. TLS Certificates would be checked for validity and revocation status. Any other Certificate Revocation related exceptions or OCSP Responder failures would be disregarded in favor of connectivity.
[2024-02-26T22:23:39.836+0000] {cursor.py:1028} INFO - query: [ALTER SESSION SET autocommit=False]
[2024-02-26T22:23:39.927+0000] {cursor.py:1041} INFO - query execution done
[2024-02-26T22:23:39.928+0000] {cursor.py:1205} INFO - Number of results in first chunk: 1
[2024-02-26T22:23:39.929+0000] {sql.py:450} INFO - Running statement: CREATE TABLE IF NOT EXISTS Bangkok (
                        "Time of Record" datetime,
                        City varchar(25),
                        Description varchar(25),
                        "Temperature (C)" float,
                        "Feels Like (C)" float,
                        "Minimun Temp (C)" float,
                        "Maximum Temp (C)" float,
                        Pressure integer,
                        Humidty integer,
                        "Wind Speed" float,
                        "Sunrise (Local Time)" datetime,
                        "Sunset (Local Time)" datetime
                    );, parameters: None
[2024-02-26T22:23:39.930+0000] {cursor.py:1028} INFO - query: [CREATE TABLE IF NOT EXISTS Bangkok ( "Time of Record" datetime, City varchar(25)...]
[2024-02-26T22:23:40.005+0000] {cursor.py:1041} INFO - query execution done
[2024-02-26T22:23:40.006+0000] {cursor.py:1205} INFO - Number of results in first chunk: 1
[2024-02-26T22:23:40.008+0000] {sql.py:459} INFO - Rows affected: 1
[2024-02-26T22:23:40.009+0000] {snowflake.py:400} INFO - Rows affected: 1
[2024-02-26T22:23:40.010+0000] {snowflake.py:401} INFO - Snowflake query id: 01b29e1f-3201-0126-0000-000805ce50d9
[2024-02-26T22:23:40.011+0000] {cursor.py:1028} INFO - query: [COMMIT]
[2024-02-26T22:23:40.083+0000] {cursor.py:1041} INFO - query execution done
[2024-02-26T22:23:40.084+0000] {cursor.py:1205} INFO - Number of results in first chunk: 1
[2024-02-26T22:23:40.085+0000] {connection.py:718} INFO - closed
[2024-02-26T22:23:40.146+0000] {connection.py:724} INFO - No async queries seem to be running, deleting session
[2024-02-26T22:23:40.247+0000] {taskinstance.py:1138} INFO - Marking task as SUCCESS. dag_id=weather_dag, task_id=create_snowflake_table, execution_date=20240226T185800, start_date=20240226T222339, end_date=20240226T222340
[2024-02-26T22:23:40.315+0000] {local_task_job_runner.py:234} INFO - Task exited with return code 0
[2024-02-26T22:23:40.372+0000] {taskinstance.py:3280} INFO - 1 downstream tasks scheduled from follow-on schedule check
