[2024-02-12T17:00:06.645+0000] {taskinstance.py:1956} INFO - Dependencies all met for dep_context=non-requeueable deps ti=<TaskInstance: weather_dag.transform_load_weather_data_to_S3 scheduled__2024-02-12T16:30:00+00:00 [queued]>
[2024-02-12T17:00:06.659+0000] {taskinstance.py:1956} INFO - Dependencies all met for dep_context=requeueable deps ti=<TaskInstance: weather_dag.transform_load_weather_data_to_S3 scheduled__2024-02-12T16:30:00+00:00 [queued]>
[2024-02-12T17:00:06.660+0000] {taskinstance.py:2170} INFO - Starting attempt 1 of 3
[2024-02-12T17:00:06.684+0000] {taskinstance.py:2191} INFO - Executing <Task(PythonOperator): transform_load_weather_data_to_S3> on 2024-02-12 16:30:00+00:00
[2024-02-12T17:00:06.691+0000] {standard_task_runner.py:60} INFO - Started process 348 to run task
[2024-02-12T17:00:06.697+0000] {standard_task_runner.py:87} INFO - Running: ['***', 'tasks', 'run', 'weather_dag', 'transform_load_weather_data_to_S3', 'scheduled__2024-02-12T16:30:00+00:00', '--job-id', '10', '--raw', '--subdir', 'DAGS_FOLDER/Weather_dag.py', '--cfg-path', '/tmp/tmpfr4qyoht']
[2024-02-12T17:00:06.699+0000] {standard_task_runner.py:88} INFO - Job 10: Subtask transform_load_weather_data_to_S3
[2024-02-12T17:00:06.767+0000] {task_command.py:423} INFO - Running <TaskInstance: weather_dag.transform_load_weather_data_to_S3 scheduled__2024-02-12T16:30:00+00:00 [running]> on host 07696bf07ae2
[2024-02-12T17:00:06.875+0000] {taskinstance.py:2480} INFO - Exporting env vars: AIRFLOW_CTX_DAG_OWNER='stellar' AIRFLOW_CTX_DAG_ID='weather_dag' AIRFLOW_CTX_TASK_ID='transform_load_weather_data_to_S3' AIRFLOW_CTX_EXECUTION_DATE='2024-02-12T16:30:00+00:00' AIRFLOW_CTX_TRY_NUMBER='1' AIRFLOW_CTX_DAG_RUN_ID='scheduled__2024-02-12T16:30:00+00:00'
[2024-02-12T17:00:07.473+0000] {python.py:201} INFO - Done. Returned value was: None
[2024-02-12T17:00:07.497+0000] {taskinstance.py:1138} INFO - Marking task as SUCCESS. dag_id=weather_dag, task_id=transform_load_weather_data_to_S3, execution_date=20240212T163000, start_date=20240212T170006, end_date=20240212T170007
[2024-02-12T17:00:07.553+0000] {local_task_job_runner.py:234} INFO - Task exited with return code 0
[2024-02-12T17:00:07.584+0000] {taskinstance.py:3280} INFO - 0 downstream tasks scheduled from follow-on schedule check
[2024-02-12T17:12:43.080+0000] {taskinstance.py:1956} INFO - Dependencies all met for dep_context=non-requeueable deps ti=<TaskInstance: weather_dag.transform_load_weather_data_to_S3 scheduled__2024-02-12T16:30:00+00:00 [queued]>
[2024-02-12T17:12:43.102+0000] {taskinstance.py:1956} INFO - Dependencies all met for dep_context=requeueable deps ti=<TaskInstance: weather_dag.transform_load_weather_data_to_S3 scheduled__2024-02-12T16:30:00+00:00 [queued]>
[2024-02-12T17:12:43.103+0000] {taskinstance.py:2170} INFO - Starting attempt 1 of 3
[2024-02-12T17:12:43.128+0000] {taskinstance.py:2191} INFO - Executing <Task(PythonOperator): transform_load_weather_data_to_S3> on 2024-02-12 16:30:00+00:00
[2024-02-12T17:12:43.138+0000] {standard_task_runner.py:60} INFO - Started process 110 to run task
[2024-02-12T17:12:43.144+0000] {standard_task_runner.py:87} INFO - Running: ['***', 'tasks', 'run', 'weather_dag', 'transform_load_weather_data_to_S3', 'scheduled__2024-02-12T16:30:00+00:00', '--job-id', '6', '--raw', '--subdir', 'DAGS_FOLDER/Weather_dag.py', '--cfg-path', '/tmp/tmpdj1_xlyf']
[2024-02-12T17:12:43.146+0000] {standard_task_runner.py:88} INFO - Job 6: Subtask transform_load_weather_data_to_S3
[2024-02-12T17:12:43.263+0000] {task_command.py:423} INFO - Running <TaskInstance: weather_dag.transform_load_weather_data_to_S3 scheduled__2024-02-12T16:30:00+00:00 [running]> on host 5038fee5e684
[2024-02-12T17:12:43.414+0000] {taskinstance.py:2480} INFO - Exporting env vars: AIRFLOW_CTX_DAG_OWNER='stellar' AIRFLOW_CTX_DAG_ID='weather_dag' AIRFLOW_CTX_TASK_ID='transform_load_weather_data_to_S3' AIRFLOW_CTX_EXECUTION_DATE='2024-02-12T16:30:00+00:00' AIRFLOW_CTX_TRY_NUMBER='1' AIRFLOW_CTX_DAG_RUN_ID='scheduled__2024-02-12T16:30:00+00:00'
[2024-02-12T17:12:44.047+0000] {python.py:201} INFO - Done. Returned value was: None
[2024-02-12T17:12:44.063+0000] {taskinstance.py:1138} INFO - Marking task as SUCCESS. dag_id=weather_dag, task_id=transform_load_weather_data_to_S3, execution_date=20240212T163000, start_date=20240212T171243, end_date=20240212T171244
[2024-02-12T17:12:44.120+0000] {local_task_job_runner.py:234} INFO - Task exited with return code 0
[2024-02-12T17:12:44.159+0000] {taskinstance.py:3280} INFO - 0 downstream tasks scheduled from follow-on schedule check
