[2024-02-12T22:03:38.091+0000] {taskinstance.py:1956} INFO - Dependencies all met for dep_context=non-requeueable deps ti=<TaskInstance: weather_dag.transform_load_weather_data_to_S3 scheduled__2024-02-12T21:30:00+00:00 [queued]>
[2024-02-12T22:03:38.104+0000] {taskinstance.py:1956} INFO - Dependencies all met for dep_context=requeueable deps ti=<TaskInstance: weather_dag.transform_load_weather_data_to_S3 scheduled__2024-02-12T21:30:00+00:00 [queued]>
[2024-02-12T22:03:38.105+0000] {taskinstance.py:2170} INFO - Starting attempt 1 of 3
[2024-02-12T22:03:38.125+0000] {taskinstance.py:2191} INFO - Executing <Task(PythonOperator): transform_load_weather_data_to_S3> on 2024-02-12 21:30:00+00:00
[2024-02-12T22:03:38.131+0000] {standard_task_runner.py:60} INFO - Started process 70 to run task
[2024-02-12T22:03:38.136+0000] {standard_task_runner.py:87} INFO - Running: ['***', 'tasks', 'run', 'weather_dag', 'transform_load_weather_data_to_S3', 'scheduled__2024-02-12T21:30:00+00:00', '--job-id', '104', '--raw', '--subdir', 'DAGS_FOLDER/Weather_dag.py', '--cfg-path', '/tmp/tmpovo4pudi']
[2024-02-12T22:03:38.139+0000] {standard_task_runner.py:88} INFO - Job 104: Subtask transform_load_weather_data_to_S3
[2024-02-12T22:03:38.230+0000] {task_command.py:423} INFO - Running <TaskInstance: weather_dag.transform_load_weather_data_to_S3 scheduled__2024-02-12T21:30:00+00:00 [running]> on host 3bd3b2605e24
[2024-02-12T22:03:38.359+0000] {taskinstance.py:2480} INFO - Exporting env vars: AIRFLOW_CTX_DAG_OWNER='stellar' AIRFLOW_CTX_DAG_ID='weather_dag' AIRFLOW_CTX_TASK_ID='transform_load_weather_data_to_S3' AIRFLOW_CTX_EXECUTION_DATE='2024-02-12T21:30:00+00:00' AIRFLOW_CTX_TRY_NUMBER='1' AIRFLOW_CTX_DAG_RUN_ID='scheduled__2024-02-12T21:30:00+00:00'
[2024-02-12T22:03:38.998+0000] {python.py:201} INFO - Done. Returned value was: s3://bucket-weather-data/current_weather_data_portland_12022024220338.csv
[2024-02-12T22:03:39.035+0000] {taskinstance.py:1138} INFO - Marking task as SUCCESS. dag_id=weather_dag, task_id=transform_load_weather_data_to_S3, execution_date=20240212T213000, start_date=20240212T220338, end_date=20240212T220339
[2024-02-12T22:03:39.074+0000] {local_task_job_runner.py:234} INFO - Task exited with return code 0
[2024-02-12T22:03:39.127+0000] {taskinstance.py:3280} INFO - 1 downstream tasks scheduled from follow-on schedule check
[2024-02-12T22:27:53.762+0000] {taskinstance.py:1956} INFO - Dependencies all met for dep_context=non-requeueable deps ti=<TaskInstance: weather_dag.transform_load_weather_data_to_S3 scheduled__2024-02-12T21:30:00+00:00 [queued]>
[2024-02-12T22:27:53.781+0000] {taskinstance.py:1956} INFO - Dependencies all met for dep_context=requeueable deps ti=<TaskInstance: weather_dag.transform_load_weather_data_to_S3 scheduled__2024-02-12T21:30:00+00:00 [queued]>
[2024-02-12T22:27:53.782+0000] {taskinstance.py:2170} INFO - Starting attempt 1 of 3
[2024-02-12T22:27:53.804+0000] {taskinstance.py:2191} INFO - Executing <Task(PythonOperator): transform_load_weather_data_to_S3> on 2024-02-12 21:30:00+00:00
[2024-02-12T22:27:53.812+0000] {standard_task_runner.py:60} INFO - Started process 71 to run task
[2024-02-12T22:27:53.819+0000] {standard_task_runner.py:87} INFO - Running: ['***', 'tasks', 'run', 'weather_dag', 'transform_load_weather_data_to_S3', 'scheduled__2024-02-12T21:30:00+00:00', '--job-id', '117', '--raw', '--subdir', 'DAGS_FOLDER/Weather_dag.py', '--cfg-path', '/tmp/tmpiu2sq0is']
[2024-02-12T22:27:53.822+0000] {standard_task_runner.py:88} INFO - Job 117: Subtask transform_load_weather_data_to_S3
[2024-02-12T22:27:53.914+0000] {task_command.py:423} INFO - Running <TaskInstance: weather_dag.transform_load_weather_data_to_S3 scheduled__2024-02-12T21:30:00+00:00 [running]> on host 3bd3b2605e24
[2024-02-12T22:27:54.022+0000] {taskinstance.py:2480} INFO - Exporting env vars: AIRFLOW_CTX_DAG_OWNER='stellar' AIRFLOW_CTX_DAG_ID='weather_dag' AIRFLOW_CTX_TASK_ID='transform_load_weather_data_to_S3' AIRFLOW_CTX_EXECUTION_DATE='2024-02-12T21:30:00+00:00' AIRFLOW_CTX_TRY_NUMBER='1' AIRFLOW_CTX_DAG_RUN_ID='scheduled__2024-02-12T21:30:00+00:00'
[2024-02-12T22:27:54.598+0000] {python.py:201} INFO - Done. Returned value was: s3://bucket-weather-data/current_weather_data_portland_12022024222754.csv
[2024-02-12T22:27:54.652+0000] {taskinstance.py:1138} INFO - Marking task as SUCCESS. dag_id=weather_dag, task_id=transform_load_weather_data_to_S3, execution_date=20240212T213000, start_date=20240212T222753, end_date=20240212T222754
[2024-02-12T22:27:54.715+0000] {local_task_job_runner.py:234} INFO - Task exited with return code 0
[2024-02-12T22:27:54.775+0000] {taskinstance.py:3280} INFO - 1 downstream tasks scheduled from follow-on schedule check
