[2024-02-12T17:12:18.277+0000] {taskinstance.py:1956} INFO - Dependencies all met for dep_context=non-requeueable deps ti=<TaskInstance: example_python_operator.print_the_context manual__2024-02-12T17:12:10.162568+00:00 [None]>
[2024-02-12T17:12:18.291+0000] {taskinstance.py:1956} INFO - Dependencies all met for dep_context=requeueable deps ti=<TaskInstance: example_python_operator.print_the_context manual__2024-02-12T17:12:10.162568+00:00 [None]>
[2024-02-12T17:12:18.292+0000] {taskinstance.py:2170} INFO - Starting attempt 1 of 1
[2024-02-12T17:12:18.331+0000] {taskinstance.py:2191} INFO - Executing <Task(PythonOperator): print_the_context> on 2024-02-12 17:12:10.162568+00:00
[2024-02-12T17:12:18.344+0000] {standard_task_runner.py:60} INFO - Started process 91 to run task
[2024-02-12T17:12:18.354+0000] {standard_task_runner.py:87} INFO - Running: ['***', 'tasks', 'run', 'example_python_operator', 'print_the_context', 'manual__2024-02-12T17:12:10.162568+00:00', '--job-id', '3', '--raw', '--subdir', '/home/***/.local/lib/python3.8/site-packages/***/example_dags/example_python_operator.py', '--cfg-path', '/tmp/tmpz1yp64oa']
[2024-02-12T17:12:18.364+0000] {standard_task_runner.py:88} INFO - Job 3: Subtask print_the_context
[2024-02-12T17:12:18.476+0000] {task_command.py:423} INFO - Running <TaskInstance: example_python_operator.print_the_context manual__2024-02-12T17:12:10.162568+00:00 [running]> on host 5038fee5e684
[2024-02-12T17:12:18.637+0000] {taskinstance.py:2480} INFO - Exporting env vars: AIRFLOW_CTX_DAG_OWNER='***' AIRFLOW_CTX_DAG_ID='example_python_operator' AIRFLOW_CTX_TASK_ID='print_the_context' AIRFLOW_CTX_EXECUTION_DATE='2024-02-12T17:12:10.162568+00:00' AIRFLOW_CTX_TRY_NUMBER='1' AIRFLOW_CTX_DAG_RUN_ID='manual__2024-02-12T17:12:10.162568+00:00'
[2024-02-12T17:12:18.643+0000] {warnings.py:109} WARNING - /home/***/.local/lib/python3.8/site-packages/***/utils/context.py:315: AirflowContextDeprecationWarning: Accessing 'execution_date' from the template is deprecated and will be removed in a future version. Please use 'data_interval_start' or 'logical_date' instead.
  warnings.warn(_create_deprecation_warning(k, replacements))

[2024-02-12T17:12:18.645+0000] {warnings.py:109} WARNING - /home/***/.local/lib/python3.8/site-packages/***/utils/context.py:315: AirflowContextDeprecationWarning: Accessing 'next_ds' from the template is deprecated and will be removed in a future version. Please use '{{ data_interval_end | ds }}' instead.
  warnings.warn(_create_deprecation_warning(k, replacements))

[2024-02-12T17:12:18.645+0000] {warnings.py:109} WARNING - /home/***/.local/lib/python3.8/site-packages/***/utils/context.py:315: AirflowContextDeprecationWarning: Accessing 'next_ds_nodash' from the template is deprecated and will be removed in a future version. Please use '{{ data_interval_end | ds_nodash }}' instead.
  warnings.warn(_create_deprecation_warning(k, replacements))

[2024-02-12T17:12:18.646+0000] {warnings.py:109} WARNING - /home/***/.local/lib/python3.8/site-packages/***/utils/context.py:315: AirflowContextDeprecationWarning: Accessing 'next_execution_date' from the template is deprecated and will be removed in a future version. Please use 'data_interval_end' instead.
  warnings.warn(_create_deprecation_warning(k, replacements))

[2024-02-12T17:12:18.647+0000] {warnings.py:109} WARNING - /home/***/.local/lib/python3.8/site-packages/***/utils/context.py:315: AirflowContextDeprecationWarning: Accessing 'prev_ds' from the template is deprecated and will be removed in a future version.
  warnings.warn(_create_deprecation_warning(k, replacements))

[2024-02-12T17:12:18.648+0000] {warnings.py:109} WARNING - /home/***/.local/lib/python3.8/site-packages/***/utils/context.py:315: AirflowContextDeprecationWarning: Accessing 'prev_ds_nodash' from the template is deprecated and will be removed in a future version.
  warnings.warn(_create_deprecation_warning(k, replacements))

[2024-02-12T17:12:18.649+0000] {warnings.py:109} WARNING - /home/***/.local/lib/python3.8/site-packages/***/utils/context.py:315: AirflowContextDeprecationWarning: Accessing 'prev_execution_date' from the template is deprecated and will be removed in a future version.
  warnings.warn(_create_deprecation_warning(k, replacements))

[2024-02-12T17:12:18.651+0000] {warnings.py:109} WARNING - /home/***/.local/lib/python3.8/site-packages/***/utils/context.py:315: AirflowContextDeprecationWarning: Accessing 'prev_execution_date_success' from the template is deprecated and will be removed in a future version. Please use 'prev_data_interval_start_success' instead.
  warnings.warn(_create_deprecation_warning(k, replacements))

[2024-02-12T17:12:18.653+0000] {warnings.py:109} WARNING - /home/***/.local/lib/python3.8/site-packages/***/utils/context.py:315: AirflowContextDeprecationWarning: Accessing 'tomorrow_ds' from the template is deprecated and will be removed in a future version.
  warnings.warn(_create_deprecation_warning(k, replacements))

[2024-02-12T17:12:18.655+0000] {warnings.py:109} WARNING - /home/***/.local/lib/python3.8/site-packages/***/utils/context.py:315: AirflowContextDeprecationWarning: Accessing 'tomorrow_ds_nodash' from the template is deprecated and will be removed in a future version.
  warnings.warn(_create_deprecation_warning(k, replacements))

[2024-02-12T17:12:18.671+0000] {warnings.py:109} WARNING - /home/***/.local/lib/python3.8/site-packages/***/utils/context.py:315: AirflowContextDeprecationWarning: Accessing 'yesterday_ds' from the template is deprecated and will be removed in a future version.
  warnings.warn(_create_deprecation_warning(k, replacements))

[2024-02-12T17:12:18.672+0000] {warnings.py:109} WARNING - /home/***/.local/lib/python3.8/site-packages/***/utils/context.py:315: AirflowContextDeprecationWarning: Accessing 'yesterday_ds_nodash' from the template is deprecated and will be removed in a future version.
  warnings.warn(_create_deprecation_warning(k, replacements))

[2024-02-12T17:12:18.673+0000] {logging_mixin.py:188} INFO - {'conf': <***.configuration.AirflowConfigParser object at 0x7eff02276610>,
 'conn': None,
 'dag': <DAG: example_python_operator>,
 'dag_run': <DagRun example_python_operator @ 2024-02-12 17:12:10.162568+00:00: manual__2024-02-12T17:12:10.162568+00:00, state:running, queued_at: 2024-02-12 17:12:10.215677+00:00. externally triggered: True>,
 'data_interval_end': DateTime(2024, 2, 12, 17, 12, 10, 162568, tzinfo=Timezone('UTC')),
 'data_interval_start': DateTime(2024, 2, 12, 17, 12, 10, 162568, tzinfo=Timezone('UTC')),
 'ds_nodash': '20240212',
 'execution_date': <Proxy at 0x7efef76202c0 with factory functools.partial(<function lazy_mapping_from_context.<locals>._deprecated_proxy_factory at 0x7efee07d6ca0>, 'execution_date', DateTime(2024, 2, 12, 17, 12, 10, 162568, tzinfo=Timezone('UTC')))>,
 'expanded_ti_count': None,
 'inlets': [],
 'logical_date': DateTime(2024, 2, 12, 17, 12, 10, 162568, tzinfo=Timezone('UTC')),
 'macros': <module '***.macros' from '/home/***/.local/lib/python3.8/site-packages/***/macros/__init__.py'>,
 'next_ds': <Proxy at 0x7efee0eb3cc0 with factory functools.partial(<function lazy_mapping_from_context.<locals>._deprecated_proxy_factory at 0x7efee07d6ca0>, 'next_ds', '2024-02-12')>,
 'next_ds_nodash': <Proxy at 0x7efee0e6b040 with factory functools.partial(<function lazy_mapping_from_context.<locals>._deprecated_proxy_factory at 0x7efee07d6ca0>, 'next_ds_nodash', '20240212')>,
 'next_execution_date': <Proxy at 0x7efee0e6b340 with factory functools.partial(<function lazy_mapping_from_context.<locals>._deprecated_proxy_factory at 0x7efee07d6ca0>, 'next_execution_date', DateTime(2024, 2, 12, 17, 12, 10, 162568, tzinfo=Timezone('UTC')))>,
 'outlets': [],
 'params': {},
 'prev_data_interval_end_success': None,
 'prev_data_interval_start_success': None,
 'prev_ds': <Proxy at 0x7efee0e6bc40 with factory functools.partial(<function lazy_mapping_from_context.<locals>._deprecated_proxy_factory at 0x7efee07d6ca0>, 'prev_ds', '2024-02-12')>,
 'prev_ds_nodash': <Proxy at 0x7efee0e6bc80 with factory functools.partial(<function lazy_mapping_from_context.<locals>._deprecated_proxy_factory at 0x7efee07d6ca0>, 'prev_ds_nodash', '20240212')>,
 'prev_end_date_success': None,
 'prev_execution_date': <Proxy at 0x7efee0e6bcc0 with factory functools.partial(<function lazy_mapping_from_context.<locals>._deprecated_proxy_factory at 0x7efee07d6ca0>, 'prev_execution_date', DateTime(2024, 2, 12, 17, 12, 10, 162568, tzinfo=Timezone('UTC')))>,
 'prev_execution_date_success': <Proxy at 0x7efee0e6bd00 with factory functools.partial(<function lazy_mapping_from_context.<locals>._deprecated_proxy_factory at 0x7efee07d6ca0>, 'prev_execution_date_success', None)>,
 'prev_start_date_success': None,
 'run_id': 'manual__2024-02-12T17:12:10.162568+00:00',
 'task': <Task(PythonOperator): print_the_context>,
 'task_instance': <TaskInstance: example_python_operator.print_the_context manual__2024-02-12T17:12:10.162568+00:00 [running]>,
 'task_instance_key_str': 'example_python_operator__print_the_context__20240212',
 'templates_dict': None,
 'test_mode': False,
 'ti': <TaskInstance: example_python_operator.print_the_context manual__2024-02-12T17:12:10.162568+00:00 [running]>,
 'tomorrow_ds': <Proxy at 0x7efee0e6bd40 with factory functools.partial(<function lazy_mapping_from_context.<locals>._deprecated_proxy_factory at 0x7efee07d6ca0>, 'tomorrow_ds', '2024-02-13')>,
 'tomorrow_ds_nodash': <Proxy at 0x7efee0e6bd80 with factory functools.partial(<function lazy_mapping_from_context.<locals>._deprecated_proxy_factory at 0x7efee07d6ca0>, 'tomorrow_ds_nodash', '20240213')>,
 'triggering_dataset_events': {},
 'ts': '2024-02-12T17:12:10.162568+00:00',
 'ts_nodash': '20240212T171210',
 'ts_nodash_with_tz': '20240212T171210.162568+0000',
 'var': {'json': None, 'value': None},
 'yesterday_ds': <Proxy at 0x7efee0e6bdc0 with factory functools.partial(<function lazy_mapping_from_context.<locals>._deprecated_proxy_factory at 0x7efee07d6ca0>, 'yesterday_ds', '2024-02-11')>,
 'yesterday_ds_nodash': <Proxy at 0x7efee0e6be00 with factory functools.partial(<function lazy_mapping_from_context.<locals>._deprecated_proxy_factory at 0x7efee07d6ca0>, 'yesterday_ds_nodash', '20240211')>}
[2024-02-12T17:12:18.674+0000] {logging_mixin.py:188} INFO - 2024-02-12
[2024-02-12T17:12:18.675+0000] {python.py:201} INFO - Done. Returned value was: Whatever you return gets printed in the logs
[2024-02-12T17:12:18.706+0000] {taskinstance.py:1138} INFO - Marking task as SUCCESS. dag_id=example_python_operator, task_id=print_the_context, execution_date=20240212T171210, start_date=20240212T171218, end_date=20240212T171218
[2024-02-12T17:12:18.770+0000] {local_task_job_runner.py:234} INFO - Task exited with return code 0
[2024-02-12T17:12:18.837+0000] {taskinstance.py:3280} INFO - 0 downstream tasks scheduled from follow-on schedule check
