[2024-03-04T09:52:09.278+0000] {processor.py:161} INFO - Started process (PID=46) to work on /home/airflow/.local/lib/python3.8/site-packages/airflow/example_dags/example_latest_only_with_trigger.py
[2024-03-04T09:52:09.280+0000] {processor.py:830} INFO - Processing file /home/airflow/.local/lib/python3.8/site-packages/airflow/example_dags/example_latest_only_with_trigger.py for tasks to queue
[2024-03-04T09:52:09.284+0000] {logging_mixin.py:188} INFO - [2024-03-04T09:52:09.283+0000] {dagbag.py:538} INFO - Filling up the DagBag from /home/airflow/.local/lib/python3.8/site-packages/airflow/example_dags/example_latest_only_with_trigger.py
[2024-03-04T09:52:09.303+0000] {processor.py:840} INFO - DAG(s) 'latest_only_with_trigger' retrieved from /home/airflow/.local/lib/python3.8/site-packages/airflow/example_dags/example_latest_only_with_trigger.py
[2024-03-04T09:52:09.563+0000] {logging_mixin.py:188} INFO - [2024-03-04T09:52:09.561+0000] {override.py:1769} INFO - Created Permission View: can read on DAG:latest_only_with_trigger
[2024-03-04T09:52:09.592+0000] {logging_mixin.py:188} INFO - [2024-03-04T09:52:09.592+0000] {override.py:1769} INFO - Created Permission View: can delete on DAG:latest_only_with_trigger
[2024-03-04T09:52:09.610+0000] {logging_mixin.py:188} INFO - [2024-03-04T09:52:09.610+0000] {override.py:1769} INFO - Created Permission View: can edit on DAG:latest_only_with_trigger
[2024-03-04T09:52:09.612+0000] {logging_mixin.py:188} INFO - [2024-03-04T09:52:09.611+0000] {dag.py:3036} INFO - Sync 1 DAGs
[2024-03-04T09:52:09.641+0000] {logging_mixin.py:188} INFO - [2024-03-04T09:52:09.638+0000] {dag.py:3058} INFO - Creating ORM DAG for latest_only_with_trigger
[2024-03-04T09:52:09.684+0000] {logging_mixin.py:188} INFO - [2024-03-04T09:52:09.684+0000] {dag.py:3823} INFO - Setting next_dagrun for latest_only_with_trigger to 2024-03-04 04:00:00+00:00, run_after=2024-03-04 08:00:00+00:00
[2024-03-04T09:52:09.740+0000] {processor.py:183} INFO - Processing /home/airflow/.local/lib/python3.8/site-packages/airflow/example_dags/example_latest_only_with_trigger.py took 0.468 seconds
[2024-03-04T09:52:40.278+0000] {processor.py:161} INFO - Started process (PID=101) to work on /home/airflow/.local/lib/python3.8/site-packages/airflow/example_dags/example_latest_only_with_trigger.py
[2024-03-04T09:52:40.285+0000] {processor.py:830} INFO - Processing file /home/airflow/.local/lib/python3.8/site-packages/airflow/example_dags/example_latest_only_with_trigger.py for tasks to queue
[2024-03-04T09:52:40.298+0000] {logging_mixin.py:188} INFO - [2024-03-04T09:52:40.297+0000] {dagbag.py:538} INFO - Filling up the DagBag from /home/airflow/.local/lib/python3.8/site-packages/airflow/example_dags/example_latest_only_with_trigger.py
[2024-03-04T09:52:40.323+0000] {processor.py:840} INFO - DAG(s) 'latest_only_with_trigger' retrieved from /home/airflow/.local/lib/python3.8/site-packages/airflow/example_dags/example_latest_only_with_trigger.py
[2024-03-04T09:52:40.420+0000] {logging_mixin.py:188} INFO - [2024-03-04T09:52:40.419+0000] {dag.py:3036} INFO - Sync 1 DAGs
[2024-03-04T09:52:40.486+0000] {logging_mixin.py:188} INFO - [2024-03-04T09:52:40.485+0000] {dag.py:3823} INFO - Setting next_dagrun for latest_only_with_trigger to 2024-03-04 04:00:00+00:00, run_after=2024-03-04 08:00:00+00:00
[2024-03-04T09:52:40.543+0000] {processor.py:183} INFO - Processing /home/airflow/.local/lib/python3.8/site-packages/airflow/example_dags/example_latest_only_with_trigger.py took 0.283 seconds
[2024-03-04T09:53:11.298+0000] {processor.py:161} INFO - Started process (PID=159) to work on /home/airflow/.local/lib/python3.8/site-packages/airflow/example_dags/example_latest_only_with_trigger.py
[2024-03-04T09:53:11.300+0000] {processor.py:830} INFO - Processing file /home/airflow/.local/lib/python3.8/site-packages/airflow/example_dags/example_latest_only_with_trigger.py for tasks to queue
[2024-03-04T09:53:11.311+0000] {logging_mixin.py:188} INFO - [2024-03-04T09:53:11.308+0000] {dagbag.py:538} INFO - Filling up the DagBag from /home/airflow/.local/lib/python3.8/site-packages/airflow/example_dags/example_latest_only_with_trigger.py
[2024-03-04T09:53:11.330+0000] {processor.py:840} INFO - DAG(s) 'latest_only_with_trigger' retrieved from /home/airflow/.local/lib/python3.8/site-packages/airflow/example_dags/example_latest_only_with_trigger.py
[2024-03-04T09:53:11.414+0000] {logging_mixin.py:188} INFO - [2024-03-04T09:53:11.413+0000] {dag.py:3036} INFO - Sync 1 DAGs
[2024-03-04T09:53:11.480+0000] {logging_mixin.py:188} INFO - [2024-03-04T09:53:11.480+0000] {dag.py:3823} INFO - Setting next_dagrun for latest_only_with_trigger to 2024-03-04 04:00:00+00:00, run_after=2024-03-04 08:00:00+00:00
[2024-03-04T09:53:11.523+0000] {processor.py:183} INFO - Processing /home/airflow/.local/lib/python3.8/site-packages/airflow/example_dags/example_latest_only_with_trigger.py took 0.233 seconds
[2024-03-04T09:53:41.679+0000] {processor.py:161} INFO - Started process (PID=216) to work on /home/airflow/.local/lib/python3.8/site-packages/airflow/example_dags/example_latest_only_with_trigger.py
[2024-03-04T09:53:41.682+0000] {processor.py:830} INFO - Processing file /home/airflow/.local/lib/python3.8/site-packages/airflow/example_dags/example_latest_only_with_trigger.py for tasks to queue
[2024-03-04T09:53:41.687+0000] {logging_mixin.py:188} INFO - [2024-03-04T09:53:41.686+0000] {dagbag.py:538} INFO - Filling up the DagBag from /home/airflow/.local/lib/python3.8/site-packages/airflow/example_dags/example_latest_only_with_trigger.py
[2024-03-04T09:53:41.700+0000] {processor.py:840} INFO - DAG(s) 'latest_only_with_trigger' retrieved from /home/airflow/.local/lib/python3.8/site-packages/airflow/example_dags/example_latest_only_with_trigger.py
[2024-03-04T09:53:41.793+0000] {logging_mixin.py:188} INFO - [2024-03-04T09:53:41.791+0000] {dag.py:3036} INFO - Sync 1 DAGs
[2024-03-04T09:53:41.863+0000] {logging_mixin.py:188} INFO - [2024-03-04T09:53:41.862+0000] {dag.py:3823} INFO - Setting next_dagrun for latest_only_with_trigger to 2024-03-04 04:00:00+00:00, run_after=2024-03-04 08:00:00+00:00
[2024-03-04T09:53:41.914+0000] {processor.py:183} INFO - Processing /home/airflow/.local/lib/python3.8/site-packages/airflow/example_dags/example_latest_only_with_trigger.py took 0.243 seconds
[2024-03-04T09:56:30.891+0000] {processor.py:161} INFO - Started process (PID=40) to work on /home/airflow/.local/lib/python3.8/site-packages/airflow/example_dags/example_latest_only_with_trigger.py
[2024-03-04T09:56:30.893+0000] {processor.py:830} INFO - Processing file /home/airflow/.local/lib/python3.8/site-packages/airflow/example_dags/example_latest_only_with_trigger.py for tasks to queue
[2024-03-04T09:56:30.897+0000] {logging_mixin.py:188} INFO - [2024-03-04T09:56:30.896+0000] {dagbag.py:538} INFO - Filling up the DagBag from /home/airflow/.local/lib/python3.8/site-packages/airflow/example_dags/example_latest_only_with_trigger.py
[2024-03-04T09:56:30.912+0000] {processor.py:840} INFO - DAG(s) 'latest_only_with_trigger' retrieved from /home/airflow/.local/lib/python3.8/site-packages/airflow/example_dags/example_latest_only_with_trigger.py
[2024-03-04T09:56:31.106+0000] {logging_mixin.py:188} INFO - [2024-03-04T09:56:31.106+0000] {dag.py:3036} INFO - Sync 1 DAGs
[2024-03-04T09:56:31.150+0000] {logging_mixin.py:188} INFO - [2024-03-04T09:56:31.149+0000] {dag.py:3823} INFO - Setting next_dagrun for latest_only_with_trigger to 2024-03-04 04:00:00+00:00, run_after=2024-03-04 08:00:00+00:00
[2024-03-04T09:56:31.183+0000] {processor.py:183} INFO - Processing /home/airflow/.local/lib/python3.8/site-packages/airflow/example_dags/example_latest_only_with_trigger.py took 0.297 seconds
[2024-03-04T09:57:01.546+0000] {processor.py:161} INFO - Started process (PID=95) to work on /home/airflow/.local/lib/python3.8/site-packages/airflow/example_dags/example_latest_only_with_trigger.py
[2024-03-04T09:57:01.548+0000] {processor.py:830} INFO - Processing file /home/airflow/.local/lib/python3.8/site-packages/airflow/example_dags/example_latest_only_with_trigger.py for tasks to queue
[2024-03-04T09:57:01.550+0000] {logging_mixin.py:188} INFO - [2024-03-04T09:57:01.550+0000] {dagbag.py:538} INFO - Filling up the DagBag from /home/airflow/.local/lib/python3.8/site-packages/airflow/example_dags/example_latest_only_with_trigger.py
[2024-03-04T09:57:01.558+0000] {processor.py:840} INFO - DAG(s) 'latest_only_with_trigger' retrieved from /home/airflow/.local/lib/python3.8/site-packages/airflow/example_dags/example_latest_only_with_trigger.py
[2024-03-04T09:57:01.590+0000] {logging_mixin.py:188} INFO - [2024-03-04T09:57:01.590+0000] {dag.py:3036} INFO - Sync 1 DAGs
[2024-03-04T09:57:01.631+0000] {logging_mixin.py:188} INFO - [2024-03-04T09:57:01.631+0000] {dag.py:3823} INFO - Setting next_dagrun for latest_only_with_trigger to 2024-03-04 04:00:00+00:00, run_after=2024-03-04 08:00:00+00:00
[2024-03-04T09:57:02.803+0000] {processor.py:183} INFO - Processing /home/airflow/.local/lib/python3.8/site-packages/airflow/example_dags/example_latest_only_with_trigger.py took 1.261 seconds
[2024-03-04T09:57:33.239+0000] {processor.py:161} INFO - Started process (PID=152) to work on /home/airflow/.local/lib/python3.8/site-packages/airflow/example_dags/example_latest_only_with_trigger.py
[2024-03-04T09:57:33.241+0000] {processor.py:830} INFO - Processing file /home/airflow/.local/lib/python3.8/site-packages/airflow/example_dags/example_latest_only_with_trigger.py for tasks to queue
[2024-03-04T09:57:33.245+0000] {logging_mixin.py:188} INFO - [2024-03-04T09:57:33.244+0000] {dagbag.py:538} INFO - Filling up the DagBag from /home/airflow/.local/lib/python3.8/site-packages/airflow/example_dags/example_latest_only_with_trigger.py
[2024-03-04T09:57:33.254+0000] {processor.py:840} INFO - DAG(s) 'latest_only_with_trigger' retrieved from /home/airflow/.local/lib/python3.8/site-packages/airflow/example_dags/example_latest_only_with_trigger.py
[2024-03-04T09:57:33.286+0000] {logging_mixin.py:188} INFO - [2024-03-04T09:57:33.286+0000] {dag.py:3036} INFO - Sync 1 DAGs
[2024-03-04T09:57:33.317+0000] {logging_mixin.py:188} INFO - [2024-03-04T09:57:33.317+0000] {dag.py:3823} INFO - Setting next_dagrun for latest_only_with_trigger to 2024-03-04 04:00:00+00:00, run_after=2024-03-04 08:00:00+00:00
[2024-03-04T09:57:33.372+0000] {processor.py:183} INFO - Processing /home/airflow/.local/lib/python3.8/site-packages/airflow/example_dags/example_latest_only_with_trigger.py took 0.137 seconds
[2024-03-04T09:58:03.629+0000] {processor.py:161} INFO - Started process (PID=209) to work on /home/airflow/.local/lib/python3.8/site-packages/airflow/example_dags/example_latest_only_with_trigger.py
[2024-03-04T09:58:03.631+0000] {processor.py:830} INFO - Processing file /home/airflow/.local/lib/python3.8/site-packages/airflow/example_dags/example_latest_only_with_trigger.py for tasks to queue
[2024-03-04T09:58:03.634+0000] {logging_mixin.py:188} INFO - [2024-03-04T09:58:03.634+0000] {dagbag.py:538} INFO - Filling up the DagBag from /home/airflow/.local/lib/python3.8/site-packages/airflow/example_dags/example_latest_only_with_trigger.py
[2024-03-04T09:58:03.646+0000] {processor.py:840} INFO - DAG(s) 'latest_only_with_trigger' retrieved from /home/airflow/.local/lib/python3.8/site-packages/airflow/example_dags/example_latest_only_with_trigger.py
[2024-03-04T09:58:03.690+0000] {logging_mixin.py:188} INFO - [2024-03-04T09:58:03.689+0000] {dag.py:3036} INFO - Sync 1 DAGs
[2024-03-04T09:58:03.744+0000] {logging_mixin.py:188} INFO - [2024-03-04T09:58:03.743+0000] {dag.py:3823} INFO - Setting next_dagrun for latest_only_with_trigger to 2024-03-04 04:00:00+00:00, run_after=2024-03-04 08:00:00+00:00
[2024-03-04T09:58:03.825+0000] {processor.py:183} INFO - Processing /home/airflow/.local/lib/python3.8/site-packages/airflow/example_dags/example_latest_only_with_trigger.py took 0.200 seconds
[2024-03-04T09:58:33.978+0000] {processor.py:161} INFO - Started process (PID=270) to work on /home/airflow/.local/lib/python3.8/site-packages/airflow/example_dags/example_latest_only_with_trigger.py
[2024-03-04T09:58:33.979+0000] {processor.py:830} INFO - Processing file /home/airflow/.local/lib/python3.8/site-packages/airflow/example_dags/example_latest_only_with_trigger.py for tasks to queue
[2024-03-04T09:58:33.982+0000] {logging_mixin.py:188} INFO - [2024-03-04T09:58:33.981+0000] {dagbag.py:538} INFO - Filling up the DagBag from /home/airflow/.local/lib/python3.8/site-packages/airflow/example_dags/example_latest_only_with_trigger.py
[2024-03-04T09:58:33.990+0000] {processor.py:840} INFO - DAG(s) 'latest_only_with_trigger' retrieved from /home/airflow/.local/lib/python3.8/site-packages/airflow/example_dags/example_latest_only_with_trigger.py
[2024-03-04T09:58:34.022+0000] {logging_mixin.py:188} INFO - [2024-03-04T09:58:34.021+0000] {dag.py:3036} INFO - Sync 1 DAGs
[2024-03-04T09:58:34.052+0000] {logging_mixin.py:188} INFO - [2024-03-04T09:58:34.052+0000] {dag.py:3823} INFO - Setting next_dagrun for latest_only_with_trigger to 2024-03-04 04:00:00+00:00, run_after=2024-03-04 08:00:00+00:00
[2024-03-04T09:58:34.083+0000] {processor.py:183} INFO - Processing /home/airflow/.local/lib/python3.8/site-packages/airflow/example_dags/example_latest_only_with_trigger.py took 0.110 seconds
[2024-03-04T09:59:04.608+0000] {processor.py:161} INFO - Started process (PID=328) to work on /home/airflow/.local/lib/python3.8/site-packages/airflow/example_dags/example_latest_only_with_trigger.py
[2024-03-04T09:59:04.610+0000] {processor.py:830} INFO - Processing file /home/airflow/.local/lib/python3.8/site-packages/airflow/example_dags/example_latest_only_with_trigger.py for tasks to queue
[2024-03-04T09:59:04.613+0000] {logging_mixin.py:188} INFO - [2024-03-04T09:59:04.613+0000] {dagbag.py:538} INFO - Filling up the DagBag from /home/airflow/.local/lib/python3.8/site-packages/airflow/example_dags/example_latest_only_with_trigger.py
[2024-03-04T09:59:04.623+0000] {processor.py:840} INFO - DAG(s) 'latest_only_with_trigger' retrieved from /home/airflow/.local/lib/python3.8/site-packages/airflow/example_dags/example_latest_only_with_trigger.py
[2024-03-04T09:59:04.660+0000] {logging_mixin.py:188} INFO - [2024-03-04T09:59:04.660+0000] {dag.py:3036} INFO - Sync 1 DAGs
[2024-03-04T09:59:04.697+0000] {logging_mixin.py:188} INFO - [2024-03-04T09:59:04.697+0000] {dag.py:3823} INFO - Setting next_dagrun for latest_only_with_trigger to 2024-03-04 04:00:00+00:00, run_after=2024-03-04 08:00:00+00:00
[2024-03-04T09:59:04.767+0000] {processor.py:183} INFO - Processing /home/airflow/.local/lib/python3.8/site-packages/airflow/example_dags/example_latest_only_with_trigger.py took 0.166 seconds
[2024-03-04T09:59:34.942+0000] {processor.py:161} INFO - Started process (PID=385) to work on /home/airflow/.local/lib/python3.8/site-packages/airflow/example_dags/example_latest_only_with_trigger.py
[2024-03-04T09:59:34.945+0000] {processor.py:830} INFO - Processing file /home/airflow/.local/lib/python3.8/site-packages/airflow/example_dags/example_latest_only_with_trigger.py for tasks to queue
[2024-03-04T09:59:34.950+0000] {logging_mixin.py:188} INFO - [2024-03-04T09:59:34.949+0000] {dagbag.py:538} INFO - Filling up the DagBag from /home/airflow/.local/lib/python3.8/site-packages/airflow/example_dags/example_latest_only_with_trigger.py
[2024-03-04T09:59:34.960+0000] {processor.py:840} INFO - DAG(s) 'latest_only_with_trigger' retrieved from /home/airflow/.local/lib/python3.8/site-packages/airflow/example_dags/example_latest_only_with_trigger.py
[2024-03-04T09:59:34.997+0000] {logging_mixin.py:188} INFO - [2024-03-04T09:59:34.996+0000] {dag.py:3036} INFO - Sync 1 DAGs
[2024-03-04T09:59:35.032+0000] {logging_mixin.py:188} INFO - [2024-03-04T09:59:35.032+0000] {dag.py:3823} INFO - Setting next_dagrun for latest_only_with_trigger to 2024-03-04 04:00:00+00:00, run_after=2024-03-04 08:00:00+00:00
[2024-03-04T09:59:35.084+0000] {processor.py:183} INFO - Processing /home/airflow/.local/lib/python3.8/site-packages/airflow/example_dags/example_latest_only_with_trigger.py took 0.150 seconds
[2024-03-04T10:00:05.433+0000] {processor.py:161} INFO - Started process (PID=442) to work on /home/airflow/.local/lib/python3.8/site-packages/airflow/example_dags/example_latest_only_with_trigger.py
[2024-03-04T10:00:05.440+0000] {processor.py:830} INFO - Processing file /home/airflow/.local/lib/python3.8/site-packages/airflow/example_dags/example_latest_only_with_trigger.py for tasks to queue
[2024-03-04T10:00:05.444+0000] {logging_mixin.py:188} INFO - [2024-03-04T10:00:05.444+0000] {dagbag.py:538} INFO - Filling up the DagBag from /home/airflow/.local/lib/python3.8/site-packages/airflow/example_dags/example_latest_only_with_trigger.py
[2024-03-04T10:00:05.458+0000] {processor.py:840} INFO - DAG(s) 'latest_only_with_trigger' retrieved from /home/airflow/.local/lib/python3.8/site-packages/airflow/example_dags/example_latest_only_with_trigger.py
[2024-03-04T10:00:05.497+0000] {logging_mixin.py:188} INFO - [2024-03-04T10:00:05.497+0000] {dag.py:3036} INFO - Sync 1 DAGs
[2024-03-04T10:00:05.543+0000] {logging_mixin.py:188} INFO - [2024-03-04T10:00:05.543+0000] {dag.py:3823} INFO - Setting next_dagrun for latest_only_with_trigger to 2024-03-04 04:00:00+00:00, run_after=2024-03-04 08:00:00+00:00
[2024-03-04T10:00:05.575+0000] {processor.py:183} INFO - Processing /home/airflow/.local/lib/python3.8/site-packages/airflow/example_dags/example_latest_only_with_trigger.py took 0.150 seconds
[2024-03-04T10:00:35.822+0000] {processor.py:161} INFO - Started process (PID=503) to work on /home/airflow/.local/lib/python3.8/site-packages/airflow/example_dags/example_latest_only_with_trigger.py
[2024-03-04T10:00:35.825+0000] {processor.py:830} INFO - Processing file /home/airflow/.local/lib/python3.8/site-packages/airflow/example_dags/example_latest_only_with_trigger.py for tasks to queue
[2024-03-04T10:00:35.830+0000] {logging_mixin.py:188} INFO - [2024-03-04T10:00:35.829+0000] {dagbag.py:538} INFO - Filling up the DagBag from /home/airflow/.local/lib/python3.8/site-packages/airflow/example_dags/example_latest_only_with_trigger.py
[2024-03-04T10:00:35.845+0000] {processor.py:840} INFO - DAG(s) 'latest_only_with_trigger' retrieved from /home/airflow/.local/lib/python3.8/site-packages/airflow/example_dags/example_latest_only_with_trigger.py
[2024-03-04T10:00:35.894+0000] {logging_mixin.py:188} INFO - [2024-03-04T10:00:35.894+0000] {dag.py:3036} INFO - Sync 1 DAGs
[2024-03-04T10:00:35.929+0000] {logging_mixin.py:188} INFO - [2024-03-04T10:00:35.929+0000] {dag.py:3823} INFO - Setting next_dagrun for latest_only_with_trigger to 2024-03-04 04:00:00+00:00, run_after=2024-03-04 08:00:00+00:00
[2024-03-04T10:00:35.963+0000] {processor.py:183} INFO - Processing /home/airflow/.local/lib/python3.8/site-packages/airflow/example_dags/example_latest_only_with_trigger.py took 0.147 seconds
[2024-03-04T10:01:06.240+0000] {processor.py:161} INFO - Started process (PID=566) to work on /home/airflow/.local/lib/python3.8/site-packages/airflow/example_dags/example_latest_only_with_trigger.py
[2024-03-04T10:01:06.242+0000] {processor.py:830} INFO - Processing file /home/airflow/.local/lib/python3.8/site-packages/airflow/example_dags/example_latest_only_with_trigger.py for tasks to queue
[2024-03-04T10:01:06.244+0000] {logging_mixin.py:188} INFO - [2024-03-04T10:01:06.244+0000] {dagbag.py:538} INFO - Filling up the DagBag from /home/airflow/.local/lib/python3.8/site-packages/airflow/example_dags/example_latest_only_with_trigger.py
[2024-03-04T10:01:06.253+0000] {processor.py:840} INFO - DAG(s) 'latest_only_with_trigger' retrieved from /home/airflow/.local/lib/python3.8/site-packages/airflow/example_dags/example_latest_only_with_trigger.py
[2024-03-04T10:01:06.284+0000] {logging_mixin.py:188} INFO - [2024-03-04T10:01:06.283+0000] {dag.py:3036} INFO - Sync 1 DAGs
[2024-03-04T10:01:06.319+0000] {logging_mixin.py:188} INFO - [2024-03-04T10:01:06.318+0000] {dag.py:3823} INFO - Setting next_dagrun for latest_only_with_trigger to 2024-03-04 04:00:00+00:00, run_after=2024-03-04 08:00:00+00:00
[2024-03-04T10:01:06.348+0000] {processor.py:183} INFO - Processing /home/airflow/.local/lib/python3.8/site-packages/airflow/example_dags/example_latest_only_with_trigger.py took 0.113 seconds
[2024-03-04T10:01:36.558+0000] {processor.py:161} INFO - Started process (PID=623) to work on /home/airflow/.local/lib/python3.8/site-packages/airflow/example_dags/example_latest_only_with_trigger.py
[2024-03-04T10:01:36.560+0000] {processor.py:830} INFO - Processing file /home/airflow/.local/lib/python3.8/site-packages/airflow/example_dags/example_latest_only_with_trigger.py for tasks to queue
[2024-03-04T10:01:36.563+0000] {logging_mixin.py:188} INFO - [2024-03-04T10:01:36.562+0000] {dagbag.py:538} INFO - Filling up the DagBag from /home/airflow/.local/lib/python3.8/site-packages/airflow/example_dags/example_latest_only_with_trigger.py
[2024-03-04T10:01:36.571+0000] {processor.py:840} INFO - DAG(s) 'latest_only_with_trigger' retrieved from /home/airflow/.local/lib/python3.8/site-packages/airflow/example_dags/example_latest_only_with_trigger.py
[2024-03-04T10:01:36.603+0000] {logging_mixin.py:188} INFO - [2024-03-04T10:01:36.603+0000] {dag.py:3036} INFO - Sync 1 DAGs
[2024-03-04T10:01:36.639+0000] {logging_mixin.py:188} INFO - [2024-03-04T10:01:36.638+0000] {dag.py:3823} INFO - Setting next_dagrun for latest_only_with_trigger to 2024-03-04 04:00:00+00:00, run_after=2024-03-04 08:00:00+00:00
[2024-03-04T10:01:36.669+0000] {processor.py:183} INFO - Processing /home/airflow/.local/lib/python3.8/site-packages/airflow/example_dags/example_latest_only_with_trigger.py took 0.115 seconds
[2024-03-04T10:04:56.337+0000] {processor.py:161} INFO - Started process (PID=39) to work on /home/airflow/.local/lib/python3.8/site-packages/airflow/example_dags/example_latest_only_with_trigger.py
[2024-03-04T10:04:56.339+0000] {processor.py:830} INFO - Processing file /home/airflow/.local/lib/python3.8/site-packages/airflow/example_dags/example_latest_only_with_trigger.py for tasks to queue
[2024-03-04T10:04:56.344+0000] {logging_mixin.py:188} INFO - [2024-03-04T10:04:56.343+0000] {dagbag.py:538} INFO - Filling up the DagBag from /home/airflow/.local/lib/python3.8/site-packages/airflow/example_dags/example_latest_only_with_trigger.py
[2024-03-04T10:04:56.361+0000] {processor.py:840} INFO - DAG(s) 'latest_only_with_trigger' retrieved from /home/airflow/.local/lib/python3.8/site-packages/airflow/example_dags/example_latest_only_with_trigger.py
[2024-03-04T10:04:56.610+0000] {logging_mixin.py:188} INFO - [2024-03-04T10:04:56.610+0000] {dag.py:3036} INFO - Sync 1 DAGs
[2024-03-04T10:04:56.667+0000] {logging_mixin.py:188} INFO - [2024-03-04T10:04:56.667+0000] {dag.py:3823} INFO - Setting next_dagrun for latest_only_with_trigger to 2024-03-04 04:00:00+00:00, run_after=2024-03-04 08:00:00+00:00
[2024-03-04T10:04:56.722+0000] {processor.py:183} INFO - Processing /home/airflow/.local/lib/python3.8/site-packages/airflow/example_dags/example_latest_only_with_trigger.py took 0.392 seconds
[2024-03-04T10:05:27.160+0000] {processor.py:161} INFO - Started process (PID=97) to work on /home/airflow/.local/lib/python3.8/site-packages/airflow/example_dags/example_latest_only_with_trigger.py
[2024-03-04T10:05:27.161+0000] {processor.py:830} INFO - Processing file /home/airflow/.local/lib/python3.8/site-packages/airflow/example_dags/example_latest_only_with_trigger.py for tasks to queue
[2024-03-04T10:05:27.165+0000] {logging_mixin.py:188} INFO - [2024-03-04T10:05:27.164+0000] {dagbag.py:538} INFO - Filling up the DagBag from /home/airflow/.local/lib/python3.8/site-packages/airflow/example_dags/example_latest_only_with_trigger.py
[2024-03-04T10:05:27.174+0000] {processor.py:840} INFO - DAG(s) 'latest_only_with_trigger' retrieved from /home/airflow/.local/lib/python3.8/site-packages/airflow/example_dags/example_latest_only_with_trigger.py
[2024-03-04T10:05:27.206+0000] {logging_mixin.py:188} INFO - [2024-03-04T10:05:27.206+0000] {dag.py:3036} INFO - Sync 1 DAGs
[2024-03-04T10:05:27.239+0000] {logging_mixin.py:188} INFO - [2024-03-04T10:05:27.239+0000] {dag.py:3823} INFO - Setting next_dagrun for latest_only_with_trigger to 2024-03-04 04:00:00+00:00, run_after=2024-03-04 08:00:00+00:00
[2024-03-04T10:05:27.279+0000] {processor.py:183} INFO - Processing /home/airflow/.local/lib/python3.8/site-packages/airflow/example_dags/example_latest_only_with_trigger.py took 0.123 seconds
[2024-03-04T10:05:57.440+0000] {processor.py:161} INFO - Started process (PID=152) to work on /home/airflow/.local/lib/python3.8/site-packages/airflow/example_dags/example_latest_only_with_trigger.py
[2024-03-04T10:05:57.452+0000] {processor.py:830} INFO - Processing file /home/airflow/.local/lib/python3.8/site-packages/airflow/example_dags/example_latest_only_with_trigger.py for tasks to queue
[2024-03-04T10:05:57.462+0000] {logging_mixin.py:188} INFO - [2024-03-04T10:05:57.461+0000] {dagbag.py:538} INFO - Filling up the DagBag from /home/airflow/.local/lib/python3.8/site-packages/airflow/example_dags/example_latest_only_with_trigger.py
[2024-03-04T10:05:57.514+0000] {processor.py:840} INFO - DAG(s) 'latest_only_with_trigger' retrieved from /home/airflow/.local/lib/python3.8/site-packages/airflow/example_dags/example_latest_only_with_trigger.py
[2024-03-04T10:05:57.657+0000] {logging_mixin.py:188} INFO - [2024-03-04T10:05:57.656+0000] {dag.py:3036} INFO - Sync 1 DAGs
[2024-03-04T10:05:57.772+0000] {logging_mixin.py:188} INFO - [2024-03-04T10:05:57.770+0000] {dag.py:3823} INFO - Setting next_dagrun for latest_only_with_trigger to 2024-03-04 04:00:00+00:00, run_after=2024-03-04 08:00:00+00:00
[2024-03-04T10:05:57.907+0000] {processor.py:183} INFO - Processing /home/airflow/.local/lib/python3.8/site-packages/airflow/example_dags/example_latest_only_with_trigger.py took 0.493 seconds
[2024-03-04T10:11:50.734+0000] {processor.py:161} INFO - Started process (PID=39) to work on /home/airflow/.local/lib/python3.8/site-packages/airflow/example_dags/example_latest_only_with_trigger.py
[2024-03-04T10:11:50.736+0000] {processor.py:830} INFO - Processing file /home/airflow/.local/lib/python3.8/site-packages/airflow/example_dags/example_latest_only_with_trigger.py for tasks to queue
[2024-03-04T10:11:50.738+0000] {logging_mixin.py:188} INFO - [2024-03-04T10:11:50.738+0000] {dagbag.py:538} INFO - Filling up the DagBag from /home/airflow/.local/lib/python3.8/site-packages/airflow/example_dags/example_latest_only_with_trigger.py
[2024-03-04T10:11:50.750+0000] {processor.py:840} INFO - DAG(s) 'latest_only_with_trigger' retrieved from /home/airflow/.local/lib/python3.8/site-packages/airflow/example_dags/example_latest_only_with_trigger.py
[2024-03-04T10:11:50.945+0000] {logging_mixin.py:188} INFO - [2024-03-04T10:11:50.944+0000] {dag.py:3036} INFO - Sync 1 DAGs
[2024-03-04T10:11:50.990+0000] {logging_mixin.py:188} INFO - [2024-03-04T10:11:50.990+0000] {dag.py:3823} INFO - Setting next_dagrun for latest_only_with_trigger to 2024-03-04 04:00:00+00:00, run_after=2024-03-04 08:00:00+00:00
[2024-03-04T10:11:51.028+0000] {processor.py:183} INFO - Processing /home/airflow/.local/lib/python3.8/site-packages/airflow/example_dags/example_latest_only_with_trigger.py took 0.298 seconds
[2024-03-04T10:12:21.274+0000] {processor.py:161} INFO - Started process (PID=94) to work on /home/airflow/.local/lib/python3.8/site-packages/airflow/example_dags/example_latest_only_with_trigger.py
[2024-03-04T10:12:21.276+0000] {processor.py:830} INFO - Processing file /home/airflow/.local/lib/python3.8/site-packages/airflow/example_dags/example_latest_only_with_trigger.py for tasks to queue
[2024-03-04T10:12:21.279+0000] {logging_mixin.py:188} INFO - [2024-03-04T10:12:21.278+0000] {dagbag.py:538} INFO - Filling up the DagBag from /home/airflow/.local/lib/python3.8/site-packages/airflow/example_dags/example_latest_only_with_trigger.py
[2024-03-04T10:12:21.286+0000] {processor.py:840} INFO - DAG(s) 'latest_only_with_trigger' retrieved from /home/airflow/.local/lib/python3.8/site-packages/airflow/example_dags/example_latest_only_with_trigger.py
[2024-03-04T10:12:21.317+0000] {logging_mixin.py:188} INFO - [2024-03-04T10:12:21.316+0000] {dag.py:3036} INFO - Sync 1 DAGs
[2024-03-04T10:12:21.347+0000] {logging_mixin.py:188} INFO - [2024-03-04T10:12:21.347+0000] {dag.py:3823} INFO - Setting next_dagrun for latest_only_with_trigger to 2024-03-04 04:00:00+00:00, run_after=2024-03-04 08:00:00+00:00
[2024-03-04T10:12:21.372+0000] {processor.py:183} INFO - Processing /home/airflow/.local/lib/python3.8/site-packages/airflow/example_dags/example_latest_only_with_trigger.py took 0.103 seconds
[2024-03-04T10:12:51.770+0000] {processor.py:161} INFO - Started process (PID=151) to work on /home/airflow/.local/lib/python3.8/site-packages/airflow/example_dags/example_latest_only_with_trigger.py
[2024-03-04T10:12:51.772+0000] {processor.py:830} INFO - Processing file /home/airflow/.local/lib/python3.8/site-packages/airflow/example_dags/example_latest_only_with_trigger.py for tasks to queue
[2024-03-04T10:12:51.774+0000] {logging_mixin.py:188} INFO - [2024-03-04T10:12:51.774+0000] {dagbag.py:538} INFO - Filling up the DagBag from /home/airflow/.local/lib/python3.8/site-packages/airflow/example_dags/example_latest_only_with_trigger.py
[2024-03-04T10:12:51.782+0000] {processor.py:840} INFO - DAG(s) 'latest_only_with_trigger' retrieved from /home/airflow/.local/lib/python3.8/site-packages/airflow/example_dags/example_latest_only_with_trigger.py
[2024-03-04T10:12:51.811+0000] {logging_mixin.py:188} INFO - [2024-03-04T10:12:51.810+0000] {dag.py:3036} INFO - Sync 1 DAGs
[2024-03-04T10:12:51.842+0000] {logging_mixin.py:188} INFO - [2024-03-04T10:12:51.842+0000] {dag.py:3823} INFO - Setting next_dagrun for latest_only_with_trigger to 2024-03-04 04:00:00+00:00, run_after=2024-03-04 08:00:00+00:00
[2024-03-04T10:12:51.868+0000] {processor.py:183} INFO - Processing /home/airflow/.local/lib/python3.8/site-packages/airflow/example_dags/example_latest_only_with_trigger.py took 0.102 seconds
[2024-03-04T10:15:38.748+0000] {processor.py:161} INFO - Started process (PID=39) to work on /home/airflow/.local/lib/python3.8/site-packages/airflow/example_dags/example_latest_only_with_trigger.py
[2024-03-04T10:15:38.750+0000] {processor.py:830} INFO - Processing file /home/airflow/.local/lib/python3.8/site-packages/airflow/example_dags/example_latest_only_with_trigger.py for tasks to queue
[2024-03-04T10:15:38.753+0000] {logging_mixin.py:188} INFO - [2024-03-04T10:15:38.753+0000] {dagbag.py:538} INFO - Filling up the DagBag from /home/airflow/.local/lib/python3.8/site-packages/airflow/example_dags/example_latest_only_with_trigger.py
[2024-03-04T10:15:38.769+0000] {processor.py:840} INFO - DAG(s) 'latest_only_with_trigger' retrieved from /home/airflow/.local/lib/python3.8/site-packages/airflow/example_dags/example_latest_only_with_trigger.py
[2024-03-04T10:15:38.789+0000] {logging_mixin.py:188} INFO - [2024-03-04T10:15:38.788+0000] {dag.py:3036} INFO - Sync 1 DAGs
[2024-03-04T10:15:38.838+0000] {logging_mixin.py:188} INFO - [2024-03-04T10:15:38.838+0000] {dag.py:3823} INFO - Setting next_dagrun for latest_only_with_trigger to 2024-03-04 04:00:00+00:00, run_after=2024-03-04 08:00:00+00:00
[2024-03-04T10:15:38.878+0000] {processor.py:183} INFO - Processing /home/airflow/.local/lib/python3.8/site-packages/airflow/example_dags/example_latest_only_with_trigger.py took 0.135 seconds
[2024-03-04T10:16:09.324+0000] {processor.py:161} INFO - Started process (PID=94) to work on /home/airflow/.local/lib/python3.8/site-packages/airflow/example_dags/example_latest_only_with_trigger.py
[2024-03-04T10:16:09.326+0000] {processor.py:830} INFO - Processing file /home/airflow/.local/lib/python3.8/site-packages/airflow/example_dags/example_latest_only_with_trigger.py for tasks to queue
[2024-03-04T10:16:09.331+0000] {logging_mixin.py:188} INFO - [2024-03-04T10:16:09.329+0000] {dagbag.py:538} INFO - Filling up the DagBag from /home/airflow/.local/lib/python3.8/site-packages/airflow/example_dags/example_latest_only_with_trigger.py
[2024-03-04T10:16:09.343+0000] {processor.py:840} INFO - DAG(s) 'latest_only_with_trigger' retrieved from /home/airflow/.local/lib/python3.8/site-packages/airflow/example_dags/example_latest_only_with_trigger.py
[2024-03-04T10:16:09.549+0000] {logging_mixin.py:188} INFO - [2024-03-04T10:16:09.548+0000] {dag.py:3036} INFO - Sync 1 DAGs
[2024-03-04T10:16:09.582+0000] {logging_mixin.py:188} INFO - [2024-03-04T10:16:09.581+0000] {dag.py:3823} INFO - Setting next_dagrun for latest_only_with_trigger to 2024-03-04 04:00:00+00:00, run_after=2024-03-04 08:00:00+00:00
[2024-03-04T10:16:09.617+0000] {processor.py:183} INFO - Processing /home/airflow/.local/lib/python3.8/site-packages/airflow/example_dags/example_latest_only_with_trigger.py took 0.299 seconds
[2024-03-04T10:16:39.868+0000] {processor.py:161} INFO - Started process (PID=151) to work on /home/airflow/.local/lib/python3.8/site-packages/airflow/example_dags/example_latest_only_with_trigger.py
[2024-03-04T10:16:39.869+0000] {processor.py:830} INFO - Processing file /home/airflow/.local/lib/python3.8/site-packages/airflow/example_dags/example_latest_only_with_trigger.py for tasks to queue
[2024-03-04T10:16:39.872+0000] {logging_mixin.py:188} INFO - [2024-03-04T10:16:39.872+0000] {dagbag.py:538} INFO - Filling up the DagBag from /home/airflow/.local/lib/python3.8/site-packages/airflow/example_dags/example_latest_only_with_trigger.py
[2024-03-04T10:16:39.883+0000] {processor.py:840} INFO - DAG(s) 'latest_only_with_trigger' retrieved from /home/airflow/.local/lib/python3.8/site-packages/airflow/example_dags/example_latest_only_with_trigger.py
[2024-03-04T10:16:39.918+0000] {logging_mixin.py:188} INFO - [2024-03-04T10:16:39.918+0000] {dag.py:3036} INFO - Sync 1 DAGs
[2024-03-04T10:16:39.960+0000] {logging_mixin.py:188} INFO - [2024-03-04T10:16:39.959+0000] {dag.py:3823} INFO - Setting next_dagrun for latest_only_with_trigger to 2024-03-04 04:00:00+00:00, run_after=2024-03-04 08:00:00+00:00
[2024-03-04T10:16:39.999+0000] {processor.py:183} INFO - Processing /home/airflow/.local/lib/python3.8/site-packages/airflow/example_dags/example_latest_only_with_trigger.py took 0.136 seconds
