[2024-03-04T09:52:16.920+0000] {processor.py:161} INFO - Started process (PID=65) to work on /home/airflow/.local/lib/python3.8/site-packages/airflow/example_dags/example_kubernetes_executor.py
[2024-03-04T09:52:16.925+0000] {processor.py:830} INFO - Processing file /home/airflow/.local/lib/python3.8/site-packages/airflow/example_dags/example_kubernetes_executor.py for tasks to queue
[2024-03-04T09:52:16.929+0000] {logging_mixin.py:188} INFO - [2024-03-04T09:52:16.928+0000] {dagbag.py:538} INFO - Filling up the DagBag from /home/airflow/.local/lib/python3.8/site-packages/airflow/example_dags/example_kubernetes_executor.py
[2024-03-04T09:52:16.981+0000] {processor.py:840} INFO - DAG(s) 'example_kubernetes_executor' retrieved from /home/airflow/.local/lib/python3.8/site-packages/airflow/example_dags/example_kubernetes_executor.py
[2024-03-04T09:52:17.857+0000] {logging_mixin.py:188} INFO - [2024-03-04T09:52:17.849+0000] {override.py:1769} INFO - Created Permission View: can read on DAG:example_kubernetes_executor
[2024-03-04T09:52:17.901+0000] {logging_mixin.py:188} INFO - [2024-03-04T09:52:17.899+0000] {override.py:1769} INFO - Created Permission View: can delete on DAG:example_kubernetes_executor
[2024-03-04T09:52:17.925+0000] {logging_mixin.py:188} INFO - [2024-03-04T09:52:17.925+0000] {override.py:1769} INFO - Created Permission View: can edit on DAG:example_kubernetes_executor
[2024-03-04T09:52:17.926+0000] {logging_mixin.py:188} INFO - [2024-03-04T09:52:17.926+0000] {dag.py:3036} INFO - Sync 1 DAGs
[2024-03-04T09:52:17.968+0000] {logging_mixin.py:188} INFO - [2024-03-04T09:52:17.968+0000] {dag.py:3058} INFO - Creating ORM DAG for example_kubernetes_executor
[2024-03-04T09:52:17.978+0000] {logging_mixin.py:188} INFO - [2024-03-04T09:52:17.970+0000] {dag.py:3823} INFO - Setting next_dagrun for example_kubernetes_executor to None, run_after=None
[2024-03-04T09:52:18.034+0000] {processor.py:183} INFO - Processing /home/airflow/.local/lib/python3.8/site-packages/airflow/example_dags/example_kubernetes_executor.py took 1.121 seconds
[2024-03-04T09:52:48.272+0000] {processor.py:161} INFO - Started process (PID=122) to work on /home/airflow/.local/lib/python3.8/site-packages/airflow/example_dags/example_kubernetes_executor.py
[2024-03-04T09:52:48.274+0000] {processor.py:830} INFO - Processing file /home/airflow/.local/lib/python3.8/site-packages/airflow/example_dags/example_kubernetes_executor.py for tasks to queue
[2024-03-04T09:52:48.277+0000] {logging_mixin.py:188} INFO - [2024-03-04T09:52:48.277+0000] {dagbag.py:538} INFO - Filling up the DagBag from /home/airflow/.local/lib/python3.8/site-packages/airflow/example_dags/example_kubernetes_executor.py
[2024-03-04T09:52:48.307+0000] {processor.py:840} INFO - DAG(s) 'example_kubernetes_executor' retrieved from /home/airflow/.local/lib/python3.8/site-packages/airflow/example_dags/example_kubernetes_executor.py
[2024-03-04T09:52:48.372+0000] {logging_mixin.py:188} INFO - [2024-03-04T09:52:48.372+0000] {dag.py:3036} INFO - Sync 1 DAGs
[2024-03-04T09:52:48.395+0000] {logging_mixin.py:188} INFO - [2024-03-04T09:52:48.394+0000] {dag.py:3823} INFO - Setting next_dagrun for example_kubernetes_executor to None, run_after=None
[2024-03-04T09:52:48.431+0000] {processor.py:183} INFO - Processing /home/airflow/.local/lib/python3.8/site-packages/airflow/example_dags/example_kubernetes_executor.py took 0.165 seconds
[2024-03-04T09:53:18.522+0000] {processor.py:161} INFO - Started process (PID=180) to work on /home/airflow/.local/lib/python3.8/site-packages/airflow/example_dags/example_kubernetes_executor.py
[2024-03-04T09:53:18.523+0000] {processor.py:830} INFO - Processing file /home/airflow/.local/lib/python3.8/site-packages/airflow/example_dags/example_kubernetes_executor.py for tasks to queue
[2024-03-04T09:53:18.525+0000] {logging_mixin.py:188} INFO - [2024-03-04T09:53:18.525+0000] {dagbag.py:538} INFO - Filling up the DagBag from /home/airflow/.local/lib/python3.8/site-packages/airflow/example_dags/example_kubernetes_executor.py
[2024-03-04T09:53:18.546+0000] {processor.py:840} INFO - DAG(s) 'example_kubernetes_executor' retrieved from /home/airflow/.local/lib/python3.8/site-packages/airflow/example_dags/example_kubernetes_executor.py
[2024-03-04T09:53:18.601+0000] {logging_mixin.py:188} INFO - [2024-03-04T09:53:18.600+0000] {dag.py:3036} INFO - Sync 1 DAGs
[2024-03-04T09:53:18.619+0000] {logging_mixin.py:188} INFO - [2024-03-04T09:53:18.618+0000] {dag.py:3823} INFO - Setting next_dagrun for example_kubernetes_executor to None, run_after=None
[2024-03-04T09:53:18.646+0000] {processor.py:183} INFO - Processing /home/airflow/.local/lib/python3.8/site-packages/airflow/example_dags/example_kubernetes_executor.py took 0.129 seconds
[2024-03-04T09:53:49.076+0000] {processor.py:161} INFO - Started process (PID=237) to work on /home/airflow/.local/lib/python3.8/site-packages/airflow/example_dags/example_kubernetes_executor.py
[2024-03-04T09:53:49.079+0000] {processor.py:830} INFO - Processing file /home/airflow/.local/lib/python3.8/site-packages/airflow/example_dags/example_kubernetes_executor.py for tasks to queue
[2024-03-04T09:53:49.084+0000] {logging_mixin.py:188} INFO - [2024-03-04T09:53:49.083+0000] {dagbag.py:538} INFO - Filling up the DagBag from /home/airflow/.local/lib/python3.8/site-packages/airflow/example_dags/example_kubernetes_executor.py
[2024-03-04T09:53:49.130+0000] {processor.py:840} INFO - DAG(s) 'example_kubernetes_executor' retrieved from /home/airflow/.local/lib/python3.8/site-packages/airflow/example_dags/example_kubernetes_executor.py
[2024-03-04T09:53:49.275+0000] {logging_mixin.py:188} INFO - [2024-03-04T09:53:49.274+0000] {dag.py:3036} INFO - Sync 1 DAGs
[2024-03-04T09:53:49.334+0000] {logging_mixin.py:188} INFO - [2024-03-04T09:53:49.333+0000] {dag.py:3823} INFO - Setting next_dagrun for example_kubernetes_executor to None, run_after=None
[2024-03-04T09:53:49.374+0000] {processor.py:183} INFO - Processing /home/airflow/.local/lib/python3.8/site-packages/airflow/example_dags/example_kubernetes_executor.py took 0.305 seconds
[2024-03-04T09:56:35.099+0000] {processor.py:161} INFO - Started process (PID=65) to work on /home/airflow/.local/lib/python3.8/site-packages/airflow/example_dags/example_kubernetes_executor.py
[2024-03-04T09:56:35.102+0000] {processor.py:830} INFO - Processing file /home/airflow/.local/lib/python3.8/site-packages/airflow/example_dags/example_kubernetes_executor.py for tasks to queue
[2024-03-04T09:56:35.108+0000] {logging_mixin.py:188} INFO - [2024-03-04T09:56:35.107+0000] {dagbag.py:538} INFO - Filling up the DagBag from /home/airflow/.local/lib/python3.8/site-packages/airflow/example_dags/example_kubernetes_executor.py
[2024-03-04T09:56:35.154+0000] {processor.py:840} INFO - DAG(s) 'example_kubernetes_executor' retrieved from /home/airflow/.local/lib/python3.8/site-packages/airflow/example_dags/example_kubernetes_executor.py
[2024-03-04T09:56:35.409+0000] {logging_mixin.py:188} INFO - [2024-03-04T09:56:35.409+0000] {dag.py:3036} INFO - Sync 1 DAGs
[2024-03-04T09:56:35.432+0000] {logging_mixin.py:188} INFO - [2024-03-04T09:56:35.431+0000] {dag.py:3823} INFO - Setting next_dagrun for example_kubernetes_executor to None, run_after=None
[2024-03-04T09:56:35.468+0000] {processor.py:183} INFO - Processing /home/airflow/.local/lib/python3.8/site-packages/airflow/example_dags/example_kubernetes_executor.py took 0.381 seconds
[2024-03-04T09:57:06.192+0000] {processor.py:161} INFO - Started process (PID=122) to work on /home/airflow/.local/lib/python3.8/site-packages/airflow/example_dags/example_kubernetes_executor.py
[2024-03-04T09:57:06.193+0000] {processor.py:830} INFO - Processing file /home/airflow/.local/lib/python3.8/site-packages/airflow/example_dags/example_kubernetes_executor.py for tasks to queue
[2024-03-04T09:57:06.196+0000] {logging_mixin.py:188} INFO - [2024-03-04T09:57:06.196+0000] {dagbag.py:538} INFO - Filling up the DagBag from /home/airflow/.local/lib/python3.8/site-packages/airflow/example_dags/example_kubernetes_executor.py
[2024-03-04T09:57:06.214+0000] {processor.py:840} INFO - DAG(s) 'example_kubernetes_executor' retrieved from /home/airflow/.local/lib/python3.8/site-packages/airflow/example_dags/example_kubernetes_executor.py
[2024-03-04T09:57:06.270+0000] {logging_mixin.py:188} INFO - [2024-03-04T09:57:06.269+0000] {dag.py:3036} INFO - Sync 1 DAGs
[2024-03-04T09:57:06.286+0000] {logging_mixin.py:188} INFO - [2024-03-04T09:57:06.286+0000] {dag.py:3823} INFO - Setting next_dagrun for example_kubernetes_executor to None, run_after=None
[2024-03-04T09:57:06.569+0000] {processor.py:183} INFO - Processing /home/airflow/.local/lib/python3.8/site-packages/airflow/example_dags/example_kubernetes_executor.py took 0.382 seconds
[2024-03-04T09:57:37.833+0000] {processor.py:161} INFO - Started process (PID=179) to work on /home/airflow/.local/lib/python3.8/site-packages/airflow/example_dags/example_kubernetes_executor.py
[2024-03-04T09:57:37.834+0000] {processor.py:830} INFO - Processing file /home/airflow/.local/lib/python3.8/site-packages/airflow/example_dags/example_kubernetes_executor.py for tasks to queue
[2024-03-04T09:57:37.836+0000] {logging_mixin.py:188} INFO - [2024-03-04T09:57:37.836+0000] {dagbag.py:538} INFO - Filling up the DagBag from /home/airflow/.local/lib/python3.8/site-packages/airflow/example_dags/example_kubernetes_executor.py
[2024-03-04T09:57:37.857+0000] {processor.py:840} INFO - DAG(s) 'example_kubernetes_executor' retrieved from /home/airflow/.local/lib/python3.8/site-packages/airflow/example_dags/example_kubernetes_executor.py
[2024-03-04T09:57:37.910+0000] {logging_mixin.py:188} INFO - [2024-03-04T09:57:37.910+0000] {dag.py:3036} INFO - Sync 1 DAGs
[2024-03-04T09:57:37.926+0000] {logging_mixin.py:188} INFO - [2024-03-04T09:57:37.926+0000] {dag.py:3823} INFO - Setting next_dagrun for example_kubernetes_executor to None, run_after=None
[2024-03-04T09:57:37.978+0000] {processor.py:183} INFO - Processing /home/airflow/.local/lib/python3.8/site-packages/airflow/example_dags/example_kubernetes_executor.py took 0.149 seconds
[2024-03-04T09:58:09.249+0000] {processor.py:161} INFO - Started process (PID=240) to work on /home/airflow/.local/lib/python3.8/site-packages/airflow/example_dags/example_kubernetes_executor.py
[2024-03-04T09:58:09.252+0000] {processor.py:830} INFO - Processing file /home/airflow/.local/lib/python3.8/site-packages/airflow/example_dags/example_kubernetes_executor.py for tasks to queue
[2024-03-04T09:58:09.259+0000] {logging_mixin.py:188} INFO - [2024-03-04T09:58:09.258+0000] {dagbag.py:538} INFO - Filling up the DagBag from /home/airflow/.local/lib/python3.8/site-packages/airflow/example_dags/example_kubernetes_executor.py
[2024-03-04T09:58:09.295+0000] {processor.py:840} INFO - DAG(s) 'example_kubernetes_executor' retrieved from /home/airflow/.local/lib/python3.8/site-packages/airflow/example_dags/example_kubernetes_executor.py
[2024-03-04T09:58:09.405+0000] {logging_mixin.py:188} INFO - [2024-03-04T09:58:09.405+0000] {dag.py:3036} INFO - Sync 1 DAGs
[2024-03-04T09:58:09.441+0000] {logging_mixin.py:188} INFO - [2024-03-04T09:58:09.440+0000] {dag.py:3823} INFO - Setting next_dagrun for example_kubernetes_executor to None, run_after=None
[2024-03-04T09:58:09.475+0000] {processor.py:183} INFO - Processing /home/airflow/.local/lib/python3.8/site-packages/airflow/example_dags/example_kubernetes_executor.py took 0.232 seconds
[2024-03-04T09:58:39.965+0000] {processor.py:161} INFO - Started process (PID=298) to work on /home/airflow/.local/lib/python3.8/site-packages/airflow/example_dags/example_kubernetes_executor.py
[2024-03-04T09:58:39.967+0000] {processor.py:830} INFO - Processing file /home/airflow/.local/lib/python3.8/site-packages/airflow/example_dags/example_kubernetes_executor.py for tasks to queue
[2024-03-04T09:58:39.969+0000] {logging_mixin.py:188} INFO - [2024-03-04T09:58:39.969+0000] {dagbag.py:538} INFO - Filling up the DagBag from /home/airflow/.local/lib/python3.8/site-packages/airflow/example_dags/example_kubernetes_executor.py
[2024-03-04T09:58:39.993+0000] {processor.py:840} INFO - DAG(s) 'example_kubernetes_executor' retrieved from /home/airflow/.local/lib/python3.8/site-packages/airflow/example_dags/example_kubernetes_executor.py
[2024-03-04T09:58:40.073+0000] {logging_mixin.py:188} INFO - [2024-03-04T09:58:40.073+0000] {dag.py:3036} INFO - Sync 1 DAGs
[2024-03-04T09:58:40.095+0000] {logging_mixin.py:188} INFO - [2024-03-04T09:58:40.095+0000] {dag.py:3823} INFO - Setting next_dagrun for example_kubernetes_executor to None, run_after=None
[2024-03-04T09:58:40.135+0000] {processor.py:183} INFO - Processing /home/airflow/.local/lib/python3.8/site-packages/airflow/example_dags/example_kubernetes_executor.py took 0.174 seconds
[2024-03-04T09:59:10.543+0000] {processor.py:161} INFO - Started process (PID=355) to work on /home/airflow/.local/lib/python3.8/site-packages/airflow/example_dags/example_kubernetes_executor.py
[2024-03-04T09:59:10.545+0000] {processor.py:830} INFO - Processing file /home/airflow/.local/lib/python3.8/site-packages/airflow/example_dags/example_kubernetes_executor.py for tasks to queue
[2024-03-04T09:59:10.549+0000] {logging_mixin.py:188} INFO - [2024-03-04T09:59:10.548+0000] {dagbag.py:538} INFO - Filling up the DagBag from /home/airflow/.local/lib/python3.8/site-packages/airflow/example_dags/example_kubernetes_executor.py
[2024-03-04T09:59:10.578+0000] {processor.py:840} INFO - DAG(s) 'example_kubernetes_executor' retrieved from /home/airflow/.local/lib/python3.8/site-packages/airflow/example_dags/example_kubernetes_executor.py
[2024-03-04T09:59:10.656+0000] {logging_mixin.py:188} INFO - [2024-03-04T09:59:10.656+0000] {dag.py:3036} INFO - Sync 1 DAGs
[2024-03-04T09:59:10.676+0000] {logging_mixin.py:188} INFO - [2024-03-04T09:59:10.676+0000] {dag.py:3823} INFO - Setting next_dagrun for example_kubernetes_executor to None, run_after=None
[2024-03-04T09:59:10.708+0000] {processor.py:183} INFO - Processing /home/airflow/.local/lib/python3.8/site-packages/airflow/example_dags/example_kubernetes_executor.py took 0.171 seconds
[2024-03-04T09:59:40.832+0000] {processor.py:161} INFO - Started process (PID=410) to work on /home/airflow/.local/lib/python3.8/site-packages/airflow/example_dags/example_kubernetes_executor.py
[2024-03-04T09:59:40.834+0000] {processor.py:830} INFO - Processing file /home/airflow/.local/lib/python3.8/site-packages/airflow/example_dags/example_kubernetes_executor.py for tasks to queue
[2024-03-04T09:59:40.839+0000] {logging_mixin.py:188} INFO - [2024-03-04T09:59:40.838+0000] {dagbag.py:538} INFO - Filling up the DagBag from /home/airflow/.local/lib/python3.8/site-packages/airflow/example_dags/example_kubernetes_executor.py
[2024-03-04T09:59:40.860+0000] {processor.py:840} INFO - DAG(s) 'example_kubernetes_executor' retrieved from /home/airflow/.local/lib/python3.8/site-packages/airflow/example_dags/example_kubernetes_executor.py
[2024-03-04T09:59:40.922+0000] {logging_mixin.py:188} INFO - [2024-03-04T09:59:40.921+0000] {dag.py:3036} INFO - Sync 1 DAGs
[2024-03-04T09:59:40.944+0000] {logging_mixin.py:188} INFO - [2024-03-04T09:59:40.944+0000] {dag.py:3823} INFO - Setting next_dagrun for example_kubernetes_executor to None, run_after=None
[2024-03-04T09:59:40.999+0000] {processor.py:183} INFO - Processing /home/airflow/.local/lib/python3.8/site-packages/airflow/example_dags/example_kubernetes_executor.py took 0.174 seconds
[2024-03-04T10:00:11.196+0000] {processor.py:161} INFO - Started process (PID=467) to work on /home/airflow/.local/lib/python3.8/site-packages/airflow/example_dags/example_kubernetes_executor.py
[2024-03-04T10:00:11.198+0000] {processor.py:830} INFO - Processing file /home/airflow/.local/lib/python3.8/site-packages/airflow/example_dags/example_kubernetes_executor.py for tasks to queue
[2024-03-04T10:00:11.203+0000] {logging_mixin.py:188} INFO - [2024-03-04T10:00:11.203+0000] {dagbag.py:538} INFO - Filling up the DagBag from /home/airflow/.local/lib/python3.8/site-packages/airflow/example_dags/example_kubernetes_executor.py
[2024-03-04T10:00:11.225+0000] {processor.py:840} INFO - DAG(s) 'example_kubernetes_executor' retrieved from /home/airflow/.local/lib/python3.8/site-packages/airflow/example_dags/example_kubernetes_executor.py
[2024-03-04T10:00:11.279+0000] {logging_mixin.py:188} INFO - [2024-03-04T10:00:11.279+0000] {dag.py:3036} INFO - Sync 1 DAGs
[2024-03-04T10:00:11.297+0000] {logging_mixin.py:188} INFO - [2024-03-04T10:00:11.297+0000] {dag.py:3823} INFO - Setting next_dagrun for example_kubernetes_executor to None, run_after=None
[2024-03-04T10:00:11.328+0000] {processor.py:183} INFO - Processing /home/airflow/.local/lib/python3.8/site-packages/airflow/example_dags/example_kubernetes_executor.py took 0.136 seconds
[2024-03-04T10:00:41.517+0000] {processor.py:161} INFO - Started process (PID=528) to work on /home/airflow/.local/lib/python3.8/site-packages/airflow/example_dags/example_kubernetes_executor.py
[2024-03-04T10:00:41.519+0000] {processor.py:830} INFO - Processing file /home/airflow/.local/lib/python3.8/site-packages/airflow/example_dags/example_kubernetes_executor.py for tasks to queue
[2024-03-04T10:00:41.521+0000] {logging_mixin.py:188} INFO - [2024-03-04T10:00:41.521+0000] {dagbag.py:538} INFO - Filling up the DagBag from /home/airflow/.local/lib/python3.8/site-packages/airflow/example_dags/example_kubernetes_executor.py
[2024-03-04T10:00:41.543+0000] {processor.py:840} INFO - DAG(s) 'example_kubernetes_executor' retrieved from /home/airflow/.local/lib/python3.8/site-packages/airflow/example_dags/example_kubernetes_executor.py
[2024-03-04T10:00:41.599+0000] {logging_mixin.py:188} INFO - [2024-03-04T10:00:41.599+0000] {dag.py:3036} INFO - Sync 1 DAGs
[2024-03-04T10:00:41.615+0000] {logging_mixin.py:188} INFO - [2024-03-04T10:00:41.614+0000] {dag.py:3823} INFO - Setting next_dagrun for example_kubernetes_executor to None, run_after=None
[2024-03-04T10:00:41.638+0000] {processor.py:183} INFO - Processing /home/airflow/.local/lib/python3.8/site-packages/airflow/example_dags/example_kubernetes_executor.py took 0.125 seconds
[2024-03-04T10:01:12.694+0000] {processor.py:161} INFO - Started process (PID=585) to work on /home/airflow/.local/lib/python3.8/site-packages/airflow/example_dags/example_kubernetes_executor.py
[2024-03-04T10:01:12.696+0000] {processor.py:830} INFO - Processing file /home/airflow/.local/lib/python3.8/site-packages/airflow/example_dags/example_kubernetes_executor.py for tasks to queue
[2024-03-04T10:01:12.703+0000] {logging_mixin.py:188} INFO - [2024-03-04T10:01:12.702+0000] {dagbag.py:538} INFO - Filling up the DagBag from /home/airflow/.local/lib/python3.8/site-packages/airflow/example_dags/example_kubernetes_executor.py
[2024-03-04T10:01:12.754+0000] {processor.py:840} INFO - DAG(s) 'example_kubernetes_executor' retrieved from /home/airflow/.local/lib/python3.8/site-packages/airflow/example_dags/example_kubernetes_executor.py
[2024-03-04T10:01:12.958+0000] {logging_mixin.py:188} INFO - [2024-03-04T10:01:12.958+0000] {dag.py:3036} INFO - Sync 1 DAGs
[2024-03-04T10:01:13.002+0000] {logging_mixin.py:188} INFO - [2024-03-04T10:01:13.001+0000] {dag.py:3823} INFO - Setting next_dagrun for example_kubernetes_executor to None, run_after=None
[2024-03-04T10:01:13.072+0000] {processor.py:183} INFO - Processing /home/airflow/.local/lib/python3.8/site-packages/airflow/example_dags/example_kubernetes_executor.py took 0.384 seconds
[2024-03-04T10:01:43.195+0000] {processor.py:161} INFO - Started process (PID=642) to work on /home/airflow/.local/lib/python3.8/site-packages/airflow/example_dags/example_kubernetes_executor.py
[2024-03-04T10:01:43.197+0000] {processor.py:830} INFO - Processing file /home/airflow/.local/lib/python3.8/site-packages/airflow/example_dags/example_kubernetes_executor.py for tasks to queue
[2024-03-04T10:01:43.200+0000] {logging_mixin.py:188} INFO - [2024-03-04T10:01:43.200+0000] {dagbag.py:538} INFO - Filling up the DagBag from /home/airflow/.local/lib/python3.8/site-packages/airflow/example_dags/example_kubernetes_executor.py
[2024-03-04T10:01:43.222+0000] {processor.py:840} INFO - DAG(s) 'example_kubernetes_executor' retrieved from /home/airflow/.local/lib/python3.8/site-packages/airflow/example_dags/example_kubernetes_executor.py
[2024-03-04T10:01:43.287+0000] {logging_mixin.py:188} INFO - [2024-03-04T10:01:43.287+0000] {dag.py:3036} INFO - Sync 1 DAGs
[2024-03-04T10:01:43.302+0000] {logging_mixin.py:188} INFO - [2024-03-04T10:01:43.302+0000] {dag.py:3823} INFO - Setting next_dagrun for example_kubernetes_executor to None, run_after=None
[2024-03-04T10:01:43.328+0000] {processor.py:183} INFO - Processing /home/airflow/.local/lib/python3.8/site-packages/airflow/example_dags/example_kubernetes_executor.py took 0.139 seconds
[2024-03-04T10:05:00.850+0000] {processor.py:161} INFO - Started process (PID=58) to work on /home/airflow/.local/lib/python3.8/site-packages/airflow/example_dags/example_kubernetes_executor.py
[2024-03-04T10:05:00.852+0000] {processor.py:830} INFO - Processing file /home/airflow/.local/lib/python3.8/site-packages/airflow/example_dags/example_kubernetes_executor.py for tasks to queue
[2024-03-04T10:05:00.854+0000] {logging_mixin.py:188} INFO - [2024-03-04T10:05:00.854+0000] {dagbag.py:538} INFO - Filling up the DagBag from /home/airflow/.local/lib/python3.8/site-packages/airflow/example_dags/example_kubernetes_executor.py
[2024-03-04T10:05:00.878+0000] {processor.py:840} INFO - DAG(s) 'example_kubernetes_executor' retrieved from /home/airflow/.local/lib/python3.8/site-packages/airflow/example_dags/example_kubernetes_executor.py
[2024-03-04T10:05:01.116+0000] {logging_mixin.py:188} INFO - [2024-03-04T10:05:01.116+0000] {dag.py:3036} INFO - Sync 1 DAGs
[2024-03-04T10:05:01.133+0000] {logging_mixin.py:188} INFO - [2024-03-04T10:05:01.133+0000] {dag.py:3823} INFO - Setting next_dagrun for example_kubernetes_executor to None, run_after=None
[2024-03-04T10:05:01.174+0000] {processor.py:183} INFO - Processing /home/airflow/.local/lib/python3.8/site-packages/airflow/example_dags/example_kubernetes_executor.py took 0.328 seconds
[2024-03-04T10:05:31.350+0000] {processor.py:161} INFO - Started process (PID=116) to work on /home/airflow/.local/lib/python3.8/site-packages/airflow/example_dags/example_kubernetes_executor.py
[2024-03-04T10:05:31.351+0000] {processor.py:830} INFO - Processing file /home/airflow/.local/lib/python3.8/site-packages/airflow/example_dags/example_kubernetes_executor.py for tasks to queue
[2024-03-04T10:05:31.354+0000] {logging_mixin.py:188} INFO - [2024-03-04T10:05:31.353+0000] {dagbag.py:538} INFO - Filling up the DagBag from /home/airflow/.local/lib/python3.8/site-packages/airflow/example_dags/example_kubernetes_executor.py
[2024-03-04T10:05:31.375+0000] {processor.py:840} INFO - DAG(s) 'example_kubernetes_executor' retrieved from /home/airflow/.local/lib/python3.8/site-packages/airflow/example_dags/example_kubernetes_executor.py
[2024-03-04T10:05:31.431+0000] {logging_mixin.py:188} INFO - [2024-03-04T10:05:31.431+0000] {dag.py:3036} INFO - Sync 1 DAGs
[2024-03-04T10:05:31.450+0000] {logging_mixin.py:188} INFO - [2024-03-04T10:05:31.450+0000] {dag.py:3823} INFO - Setting next_dagrun for example_kubernetes_executor to None, run_after=None
[2024-03-04T10:05:31.479+0000] {processor.py:183} INFO - Processing /home/airflow/.local/lib/python3.8/site-packages/airflow/example_dags/example_kubernetes_executor.py took 0.134 seconds
[2024-03-04T10:11:55.026+0000] {processor.py:161} INFO - Started process (PID=58) to work on /home/airflow/.local/lib/python3.8/site-packages/airflow/example_dags/example_kubernetes_executor.py
[2024-03-04T10:11:55.027+0000] {processor.py:830} INFO - Processing file /home/airflow/.local/lib/python3.8/site-packages/airflow/example_dags/example_kubernetes_executor.py for tasks to queue
[2024-03-04T10:11:55.030+0000] {logging_mixin.py:188} INFO - [2024-03-04T10:11:55.029+0000] {dagbag.py:538} INFO - Filling up the DagBag from /home/airflow/.local/lib/python3.8/site-packages/airflow/example_dags/example_kubernetes_executor.py
[2024-03-04T10:11:55.056+0000] {processor.py:840} INFO - DAG(s) 'example_kubernetes_executor' retrieved from /home/airflow/.local/lib/python3.8/site-packages/airflow/example_dags/example_kubernetes_executor.py
[2024-03-04T10:11:55.268+0000] {logging_mixin.py:188} INFO - [2024-03-04T10:11:55.268+0000] {dag.py:3036} INFO - Sync 1 DAGs
[2024-03-04T10:11:55.287+0000] {logging_mixin.py:188} INFO - [2024-03-04T10:11:55.287+0000] {dag.py:3823} INFO - Setting next_dagrun for example_kubernetes_executor to None, run_after=None
[2024-03-04T10:11:55.322+0000] {processor.py:183} INFO - Processing /home/airflow/.local/lib/python3.8/site-packages/airflow/example_dags/example_kubernetes_executor.py took 0.303 seconds
[2024-03-04T10:12:25.420+0000] {processor.py:161} INFO - Started process (PID=115) to work on /home/airflow/.local/lib/python3.8/site-packages/airflow/example_dags/example_kubernetes_executor.py
[2024-03-04T10:12:25.421+0000] {processor.py:830} INFO - Processing file /home/airflow/.local/lib/python3.8/site-packages/airflow/example_dags/example_kubernetes_executor.py for tasks to queue
[2024-03-04T10:12:25.424+0000] {logging_mixin.py:188} INFO - [2024-03-04T10:12:25.424+0000] {dagbag.py:538} INFO - Filling up the DagBag from /home/airflow/.local/lib/python3.8/site-packages/airflow/example_dags/example_kubernetes_executor.py
[2024-03-04T10:12:25.451+0000] {processor.py:840} INFO - DAG(s) 'example_kubernetes_executor' retrieved from /home/airflow/.local/lib/python3.8/site-packages/airflow/example_dags/example_kubernetes_executor.py
[2024-03-04T10:12:25.501+0000] {logging_mixin.py:188} INFO - [2024-03-04T10:12:25.501+0000] {dag.py:3036} INFO - Sync 1 DAGs
[2024-03-04T10:12:25.517+0000] {logging_mixin.py:188} INFO - [2024-03-04T10:12:25.516+0000] {dag.py:3823} INFO - Setting next_dagrun for example_kubernetes_executor to None, run_after=None
[2024-03-04T10:12:25.546+0000] {processor.py:183} INFO - Processing /home/airflow/.local/lib/python3.8/site-packages/airflow/example_dags/example_kubernetes_executor.py took 0.132 seconds
[2024-03-04T10:12:56.278+0000] {processor.py:161} INFO - Started process (PID=172) to work on /home/airflow/.local/lib/python3.8/site-packages/airflow/example_dags/example_kubernetes_executor.py
[2024-03-04T10:12:56.280+0000] {processor.py:830} INFO - Processing file /home/airflow/.local/lib/python3.8/site-packages/airflow/example_dags/example_kubernetes_executor.py for tasks to queue
[2024-03-04T10:12:56.282+0000] {logging_mixin.py:188} INFO - [2024-03-04T10:12:56.282+0000] {dagbag.py:538} INFO - Filling up the DagBag from /home/airflow/.local/lib/python3.8/site-packages/airflow/example_dags/example_kubernetes_executor.py
[2024-03-04T10:12:56.303+0000] {processor.py:840} INFO - DAG(s) 'example_kubernetes_executor' retrieved from /home/airflow/.local/lib/python3.8/site-packages/airflow/example_dags/example_kubernetes_executor.py
[2024-03-04T10:12:56.362+0000] {logging_mixin.py:188} INFO - [2024-03-04T10:12:56.362+0000] {dag.py:3036} INFO - Sync 1 DAGs
[2024-03-04T10:12:56.382+0000] {logging_mixin.py:188} INFO - [2024-03-04T10:12:56.381+0000] {dag.py:3823} INFO - Setting next_dagrun for example_kubernetes_executor to None, run_after=None
[2024-03-04T10:12:56.418+0000] {processor.py:183} INFO - Processing /home/airflow/.local/lib/python3.8/site-packages/airflow/example_dags/example_kubernetes_executor.py took 0.144 seconds
[2024-03-04T10:15:43.340+0000] {processor.py:161} INFO - Started process (PID=58) to work on /home/airflow/.local/lib/python3.8/site-packages/airflow/example_dags/example_kubernetes_executor.py
[2024-03-04T10:15:43.342+0000] {processor.py:830} INFO - Processing file /home/airflow/.local/lib/python3.8/site-packages/airflow/example_dags/example_kubernetes_executor.py for tasks to queue
[2024-03-04T10:15:43.345+0000] {logging_mixin.py:188} INFO - [2024-03-04T10:15:43.344+0000] {dagbag.py:538} INFO - Filling up the DagBag from /home/airflow/.local/lib/python3.8/site-packages/airflow/example_dags/example_kubernetes_executor.py
[2024-03-04T10:15:43.374+0000] {processor.py:840} INFO - DAG(s) 'example_kubernetes_executor' retrieved from /home/airflow/.local/lib/python3.8/site-packages/airflow/example_dags/example_kubernetes_executor.py
[2024-03-04T10:15:43.636+0000] {logging_mixin.py:188} INFO - [2024-03-04T10:15:43.636+0000] {dag.py:3036} INFO - Sync 1 DAGs
[2024-03-04T10:15:43.658+0000] {logging_mixin.py:188} INFO - [2024-03-04T10:15:43.658+0000] {dag.py:3823} INFO - Setting next_dagrun for example_kubernetes_executor to None, run_after=None
[2024-03-04T10:15:43.692+0000] {processor.py:183} INFO - Processing /home/airflow/.local/lib/python3.8/site-packages/airflow/example_dags/example_kubernetes_executor.py took 0.358 seconds
[2024-03-04T10:16:14.278+0000] {processor.py:161} INFO - Started process (PID=115) to work on /home/airflow/.local/lib/python3.8/site-packages/airflow/example_dags/example_kubernetes_executor.py
[2024-03-04T10:16:14.282+0000] {processor.py:830} INFO - Processing file /home/airflow/.local/lib/python3.8/site-packages/airflow/example_dags/example_kubernetes_executor.py for tasks to queue
[2024-03-04T10:16:14.285+0000] {logging_mixin.py:188} INFO - [2024-03-04T10:16:14.284+0000] {dagbag.py:538} INFO - Filling up the DagBag from /home/airflow/.local/lib/python3.8/site-packages/airflow/example_dags/example_kubernetes_executor.py
[2024-03-04T10:16:14.321+0000] {processor.py:840} INFO - DAG(s) 'example_kubernetes_executor' retrieved from /home/airflow/.local/lib/python3.8/site-packages/airflow/example_dags/example_kubernetes_executor.py
[2024-03-04T10:16:14.382+0000] {logging_mixin.py:188} INFO - [2024-03-04T10:16:14.382+0000] {dag.py:3036} INFO - Sync 1 DAGs
[2024-03-04T10:16:14.404+0000] {logging_mixin.py:188} INFO - [2024-03-04T10:16:14.404+0000] {dag.py:3823} INFO - Setting next_dagrun for example_kubernetes_executor to None, run_after=None
[2024-03-04T10:16:14.444+0000] {processor.py:183} INFO - Processing /home/airflow/.local/lib/python3.8/site-packages/airflow/example_dags/example_kubernetes_executor.py took 0.172 seconds
[2024-03-04T10:16:44.806+0000] {processor.py:161} INFO - Started process (PID=172) to work on /home/airflow/.local/lib/python3.8/site-packages/airflow/example_dags/example_kubernetes_executor.py
[2024-03-04T10:16:44.807+0000] {processor.py:830} INFO - Processing file /home/airflow/.local/lib/python3.8/site-packages/airflow/example_dags/example_kubernetes_executor.py for tasks to queue
[2024-03-04T10:16:44.810+0000] {logging_mixin.py:188} INFO - [2024-03-04T10:16:44.809+0000] {dagbag.py:538} INFO - Filling up the DagBag from /home/airflow/.local/lib/python3.8/site-packages/airflow/example_dags/example_kubernetes_executor.py
[2024-03-04T10:16:44.829+0000] {processor.py:840} INFO - DAG(s) 'example_kubernetes_executor' retrieved from /home/airflow/.local/lib/python3.8/site-packages/airflow/example_dags/example_kubernetes_executor.py
[2024-03-04T10:16:44.882+0000] {logging_mixin.py:188} INFO - [2024-03-04T10:16:44.881+0000] {dag.py:3036} INFO - Sync 1 DAGs
[2024-03-04T10:16:44.899+0000] {logging_mixin.py:188} INFO - [2024-03-04T10:16:44.898+0000] {dag.py:3823} INFO - Setting next_dagrun for example_kubernetes_executor to None, run_after=None
[2024-03-04T10:16:44.929+0000] {processor.py:183} INFO - Processing /home/airflow/.local/lib/python3.8/site-packages/airflow/example_dags/example_kubernetes_executor.py took 0.127 seconds
