[2024-03-04T09:52:15.868+0000] {processor.py:161} INFO - Started process (PID=63) to work on /home/airflow/.local/lib/python3.8/site-packages/airflow/example_dags/example_xcomargs.py
[2024-03-04T09:52:15.875+0000] {processor.py:830} INFO - Processing file /home/airflow/.local/lib/python3.8/site-packages/airflow/example_dags/example_xcomargs.py for tasks to queue
[2024-03-04T09:52:15.884+0000] {logging_mixin.py:188} INFO - [2024-03-04T09:52:15.883+0000] {dagbag.py:538} INFO - Filling up the DagBag from /home/airflow/.local/lib/python3.8/site-packages/airflow/example_dags/example_xcomargs.py
[2024-03-04T09:52:15.926+0000] {processor.py:840} INFO - DAG(s) 'example_xcom_args_with_operators', 'example_xcom_args' retrieved from /home/airflow/.local/lib/python3.8/site-packages/airflow/example_dags/example_xcomargs.py
[2024-03-04T09:52:16.404+0000] {logging_mixin.py:188} INFO - [2024-03-04T09:52:16.400+0000] {override.py:1769} INFO - Created Permission View: can read on DAG:example_xcom_args_with_operators
[2024-03-04T09:52:16.466+0000] {logging_mixin.py:188} INFO - [2024-03-04T09:52:16.463+0000] {override.py:1769} INFO - Created Permission View: can delete on DAG:example_xcom_args_with_operators
[2024-03-04T09:52:16.505+0000] {logging_mixin.py:188} INFO - [2024-03-04T09:52:16.505+0000] {override.py:1769} INFO - Created Permission View: can edit on DAG:example_xcom_args_with_operators
[2024-03-04T09:52:16.592+0000] {logging_mixin.py:188} INFO - [2024-03-04T09:52:16.591+0000] {override.py:1769} INFO - Created Permission View: can read on DAG:example_xcom_args
[2024-03-04T09:52:16.643+0000] {logging_mixin.py:188} INFO - [2024-03-04T09:52:16.641+0000] {override.py:1769} INFO - Created Permission View: can delete on DAG:example_xcom_args
[2024-03-04T09:52:16.713+0000] {logging_mixin.py:188} INFO - [2024-03-04T09:52:16.712+0000] {override.py:1769} INFO - Created Permission View: can edit on DAG:example_xcom_args
[2024-03-04T09:52:16.715+0000] {logging_mixin.py:188} INFO - [2024-03-04T09:52:16.714+0000] {dag.py:3036} INFO - Sync 2 DAGs
[2024-03-04T09:52:16.756+0000] {logging_mixin.py:188} INFO - [2024-03-04T09:52:16.755+0000] {dag.py:3058} INFO - Creating ORM DAG for example_xcom_args
[2024-03-04T09:52:16.759+0000] {logging_mixin.py:188} INFO - [2024-03-04T09:52:16.758+0000] {dag.py:3058} INFO - Creating ORM DAG for example_xcom_args_with_operators
[2024-03-04T09:52:16.760+0000] {logging_mixin.py:188} INFO - [2024-03-04T09:52:16.760+0000] {dag.py:3823} INFO - Setting next_dagrun for example_xcom_args to None, run_after=None
[2024-03-04T09:52:16.763+0000] {logging_mixin.py:188} INFO - [2024-03-04T09:52:16.763+0000] {dag.py:3823} INFO - Setting next_dagrun for example_xcom_args_with_operators to None, run_after=None
[2024-03-04T09:52:16.828+0000] {processor.py:183} INFO - Processing /home/airflow/.local/lib/python3.8/site-packages/airflow/example_dags/example_xcomargs.py took 0.968 seconds
[2024-03-04T09:52:47.057+0000] {processor.py:161} INFO - Started process (PID=120) to work on /home/airflow/.local/lib/python3.8/site-packages/airflow/example_dags/example_xcomargs.py
[2024-03-04T09:52:47.059+0000] {processor.py:830} INFO - Processing file /home/airflow/.local/lib/python3.8/site-packages/airflow/example_dags/example_xcomargs.py for tasks to queue
[2024-03-04T09:52:47.063+0000] {logging_mixin.py:188} INFO - [2024-03-04T09:52:47.062+0000] {dagbag.py:538} INFO - Filling up the DagBag from /home/airflow/.local/lib/python3.8/site-packages/airflow/example_dags/example_xcomargs.py
[2024-03-04T09:52:47.080+0000] {processor.py:840} INFO - DAG(s) 'example_xcom_args', 'example_xcom_args_with_operators' retrieved from /home/airflow/.local/lib/python3.8/site-packages/airflow/example_dags/example_xcomargs.py
[2024-03-04T09:52:47.128+0000] {logging_mixin.py:188} INFO - [2024-03-04T09:52:47.128+0000] {dag.py:3036} INFO - Sync 2 DAGs
[2024-03-04T09:52:47.156+0000] {logging_mixin.py:188} INFO - [2024-03-04T09:52:47.155+0000] {dag.py:3823} INFO - Setting next_dagrun for example_xcom_args to None, run_after=None
[2024-03-04T09:52:47.162+0000] {logging_mixin.py:188} INFO - [2024-03-04T09:52:47.162+0000] {dag.py:3823} INFO - Setting next_dagrun for example_xcom_args_with_operators to None, run_after=None
[2024-03-04T09:52:47.197+0000] {processor.py:183} INFO - Processing /home/airflow/.local/lib/python3.8/site-packages/airflow/example_dags/example_xcomargs.py took 0.146 seconds
[2024-03-04T09:53:17.372+0000] {processor.py:161} INFO - Started process (PID=178) to work on /home/airflow/.local/lib/python3.8/site-packages/airflow/example_dags/example_xcomargs.py
[2024-03-04T09:53:17.374+0000] {processor.py:830} INFO - Processing file /home/airflow/.local/lib/python3.8/site-packages/airflow/example_dags/example_xcomargs.py for tasks to queue
[2024-03-04T09:53:17.377+0000] {logging_mixin.py:188} INFO - [2024-03-04T09:53:17.376+0000] {dagbag.py:538} INFO - Filling up the DagBag from /home/airflow/.local/lib/python3.8/site-packages/airflow/example_dags/example_xcomargs.py
[2024-03-04T09:53:17.388+0000] {processor.py:840} INFO - DAG(s) 'example_xcom_args_with_operators', 'example_xcom_args' retrieved from /home/airflow/.local/lib/python3.8/site-packages/airflow/example_dags/example_xcomargs.py
[2024-03-04T09:53:17.424+0000] {logging_mixin.py:188} INFO - [2024-03-04T09:53:17.423+0000] {dag.py:3036} INFO - Sync 2 DAGs
[2024-03-04T09:53:17.443+0000] {logging_mixin.py:188} INFO - [2024-03-04T09:53:17.443+0000] {dag.py:3823} INFO - Setting next_dagrun for example_xcom_args to None, run_after=None
[2024-03-04T09:53:17.448+0000] {logging_mixin.py:188} INFO - [2024-03-04T09:53:17.448+0000] {dag.py:3823} INFO - Setting next_dagrun for example_xcom_args_with_operators to None, run_after=None
[2024-03-04T09:53:17.470+0000] {processor.py:183} INFO - Processing /home/airflow/.local/lib/python3.8/site-packages/airflow/example_dags/example_xcomargs.py took 0.104 seconds
[2024-03-04T09:53:47.879+0000] {processor.py:161} INFO - Started process (PID=235) to work on /home/airflow/.local/lib/python3.8/site-packages/airflow/example_dags/example_xcomargs.py
[2024-03-04T09:53:47.881+0000] {processor.py:830} INFO - Processing file /home/airflow/.local/lib/python3.8/site-packages/airflow/example_dags/example_xcomargs.py for tasks to queue
[2024-03-04T09:53:47.889+0000] {logging_mixin.py:188} INFO - [2024-03-04T09:53:47.888+0000] {dagbag.py:538} INFO - Filling up the DagBag from /home/airflow/.local/lib/python3.8/site-packages/airflow/example_dags/example_xcomargs.py
[2024-03-04T09:53:47.915+0000] {processor.py:840} INFO - DAG(s) 'example_xcom_args', 'example_xcom_args_with_operators' retrieved from /home/airflow/.local/lib/python3.8/site-packages/airflow/example_dags/example_xcomargs.py
[2024-03-04T09:53:48.003+0000] {logging_mixin.py:188} INFO - [2024-03-04T09:53:48.002+0000] {dag.py:3036} INFO - Sync 2 DAGs
[2024-03-04T09:53:48.037+0000] {logging_mixin.py:188} INFO - [2024-03-04T09:53:48.037+0000] {dag.py:3823} INFO - Setting next_dagrun for example_xcom_args to None, run_after=None
[2024-03-04T09:53:48.046+0000] {logging_mixin.py:188} INFO - [2024-03-04T09:53:48.046+0000] {dag.py:3823} INFO - Setting next_dagrun for example_xcom_args_with_operators to None, run_after=None
[2024-03-04T09:53:48.087+0000] {processor.py:183} INFO - Processing /home/airflow/.local/lib/python3.8/site-packages/airflow/example_dags/example_xcomargs.py took 0.217 seconds
[2024-03-04T09:56:34.687+0000] {processor.py:161} INFO - Started process (PID=57) to work on /home/airflow/.local/lib/python3.8/site-packages/airflow/example_dags/example_xcomargs.py
[2024-03-04T09:56:34.689+0000] {processor.py:830} INFO - Processing file /home/airflow/.local/lib/python3.8/site-packages/airflow/example_dags/example_xcomargs.py for tasks to queue
[2024-03-04T09:56:34.693+0000] {logging_mixin.py:188} INFO - [2024-03-04T09:56:34.693+0000] {dagbag.py:538} INFO - Filling up the DagBag from /home/airflow/.local/lib/python3.8/site-packages/airflow/example_dags/example_xcomargs.py
[2024-03-04T09:56:34.717+0000] {processor.py:840} INFO - DAG(s) 'example_xcom_args_with_operators', 'example_xcom_args' retrieved from /home/airflow/.local/lib/python3.8/site-packages/airflow/example_dags/example_xcomargs.py
[2024-03-04T09:56:34.932+0000] {logging_mixin.py:188} INFO - [2024-03-04T09:56:34.932+0000] {dag.py:3036} INFO - Sync 2 DAGs
[2024-03-04T09:56:34.952+0000] {logging_mixin.py:188} INFO - [2024-03-04T09:56:34.951+0000] {dag.py:3823} INFO - Setting next_dagrun for example_xcom_args to None, run_after=None
[2024-03-04T09:56:34.966+0000] {logging_mixin.py:188} INFO - [2024-03-04T09:56:34.965+0000] {dag.py:3823} INFO - Setting next_dagrun for example_xcom_args_with_operators to None, run_after=None
[2024-03-04T09:56:35.012+0000] {processor.py:183} INFO - Processing /home/airflow/.local/lib/python3.8/site-packages/airflow/example_dags/example_xcomargs.py took 0.330 seconds
[2024-03-04T09:57:05.940+0000] {processor.py:161} INFO - Started process (PID=120) to work on /home/airflow/.local/lib/python3.8/site-packages/airflow/example_dags/example_xcomargs.py
[2024-03-04T09:57:05.942+0000] {processor.py:830} INFO - Processing file /home/airflow/.local/lib/python3.8/site-packages/airflow/example_dags/example_xcomargs.py for tasks to queue
[2024-03-04T09:57:05.945+0000] {logging_mixin.py:188} INFO - [2024-03-04T09:57:05.944+0000] {dagbag.py:538} INFO - Filling up the DagBag from /home/airflow/.local/lib/python3.8/site-packages/airflow/example_dags/example_xcomargs.py
[2024-03-04T09:57:05.956+0000] {processor.py:840} INFO - DAG(s) 'example_xcom_args_with_operators', 'example_xcom_args' retrieved from /home/airflow/.local/lib/python3.8/site-packages/airflow/example_dags/example_xcomargs.py
[2024-03-04T09:57:05.988+0000] {logging_mixin.py:188} INFO - [2024-03-04T09:57:05.988+0000] {dag.py:3036} INFO - Sync 2 DAGs
[2024-03-04T09:57:06.006+0000] {logging_mixin.py:188} INFO - [2024-03-04T09:57:06.005+0000] {dag.py:3823} INFO - Setting next_dagrun for example_xcom_args to None, run_after=None
[2024-03-04T09:57:06.011+0000] {logging_mixin.py:188} INFO - [2024-03-04T09:57:06.011+0000] {dag.py:3823} INFO - Setting next_dagrun for example_xcom_args_with_operators to None, run_after=None
[2024-03-04T09:57:06.139+0000] {processor.py:183} INFO - Processing /home/airflow/.local/lib/python3.8/site-packages/airflow/example_dags/example_xcomargs.py took 0.202 seconds
[2024-03-04T09:57:37.661+0000] {processor.py:161} INFO - Started process (PID=177) to work on /home/airflow/.local/lib/python3.8/site-packages/airflow/example_dags/example_xcomargs.py
[2024-03-04T09:57:37.663+0000] {processor.py:830} INFO - Processing file /home/airflow/.local/lib/python3.8/site-packages/airflow/example_dags/example_xcomargs.py for tasks to queue
[2024-03-04T09:57:37.666+0000] {logging_mixin.py:188} INFO - [2024-03-04T09:57:37.666+0000] {dagbag.py:538} INFO - Filling up the DagBag from /home/airflow/.local/lib/python3.8/site-packages/airflow/example_dags/example_xcomargs.py
[2024-03-04T09:57:37.681+0000] {processor.py:840} INFO - DAG(s) 'example_xcom_args', 'example_xcom_args_with_operators' retrieved from /home/airflow/.local/lib/python3.8/site-packages/airflow/example_dags/example_xcomargs.py
[2024-03-04T09:57:37.718+0000] {logging_mixin.py:188} INFO - [2024-03-04T09:57:37.718+0000] {dag.py:3036} INFO - Sync 2 DAGs
[2024-03-04T09:57:37.737+0000] {logging_mixin.py:188} INFO - [2024-03-04T09:57:37.737+0000] {dag.py:3823} INFO - Setting next_dagrun for example_xcom_args to None, run_after=None
[2024-03-04T09:57:37.742+0000] {logging_mixin.py:188} INFO - [2024-03-04T09:57:37.742+0000] {dag.py:3823} INFO - Setting next_dagrun for example_xcom_args_with_operators to None, run_after=None
[2024-03-04T09:57:37.788+0000] {processor.py:183} INFO - Processing /home/airflow/.local/lib/python3.8/site-packages/airflow/example_dags/example_xcomargs.py took 0.131 seconds
[2024-03-04T09:58:09.005+0000] {processor.py:161} INFO - Started process (PID=238) to work on /home/airflow/.local/lib/python3.8/site-packages/airflow/example_dags/example_xcomargs.py
[2024-03-04T09:58:09.007+0000] {processor.py:830} INFO - Processing file /home/airflow/.local/lib/python3.8/site-packages/airflow/example_dags/example_xcomargs.py for tasks to queue
[2024-03-04T09:58:09.011+0000] {logging_mixin.py:188} INFO - [2024-03-04T09:58:09.010+0000] {dagbag.py:538} INFO - Filling up the DagBag from /home/airflow/.local/lib/python3.8/site-packages/airflow/example_dags/example_xcomargs.py
[2024-03-04T09:58:09.026+0000] {processor.py:840} INFO - DAG(s) 'example_xcom_args', 'example_xcom_args_with_operators' retrieved from /home/airflow/.local/lib/python3.8/site-packages/airflow/example_dags/example_xcomargs.py
[2024-03-04T09:58:09.076+0000] {logging_mixin.py:188} INFO - [2024-03-04T09:58:09.075+0000] {dag.py:3036} INFO - Sync 2 DAGs
[2024-03-04T09:58:09.102+0000] {logging_mixin.py:188} INFO - [2024-03-04T09:58:09.101+0000] {dag.py:3823} INFO - Setting next_dagrun for example_xcom_args to None, run_after=None
[2024-03-04T09:58:09.109+0000] {logging_mixin.py:188} INFO - [2024-03-04T09:58:09.109+0000] {dag.py:3823} INFO - Setting next_dagrun for example_xcom_args_with_operators to None, run_after=None
[2024-03-04T09:58:09.138+0000] {processor.py:183} INFO - Processing /home/airflow/.local/lib/python3.8/site-packages/airflow/example_dags/example_xcomargs.py took 0.138 seconds
[2024-03-04T09:58:39.738+0000] {processor.py:161} INFO - Started process (PID=296) to work on /home/airflow/.local/lib/python3.8/site-packages/airflow/example_dags/example_xcomargs.py
[2024-03-04T09:58:39.741+0000] {processor.py:830} INFO - Processing file /home/airflow/.local/lib/python3.8/site-packages/airflow/example_dags/example_xcomargs.py for tasks to queue
[2024-03-04T09:58:39.746+0000] {logging_mixin.py:188} INFO - [2024-03-04T09:58:39.745+0000] {dagbag.py:538} INFO - Filling up the DagBag from /home/airflow/.local/lib/python3.8/site-packages/airflow/example_dags/example_xcomargs.py
[2024-03-04T09:58:39.763+0000] {processor.py:840} INFO - DAG(s) 'example_xcom_args', 'example_xcom_args_with_operators' retrieved from /home/airflow/.local/lib/python3.8/site-packages/airflow/example_dags/example_xcomargs.py
[2024-03-04T09:58:39.797+0000] {logging_mixin.py:188} INFO - [2024-03-04T09:58:39.797+0000] {dag.py:3036} INFO - Sync 2 DAGs
[2024-03-04T09:58:39.815+0000] {logging_mixin.py:188} INFO - [2024-03-04T09:58:39.815+0000] {dag.py:3823} INFO - Setting next_dagrun for example_xcom_args to None, run_after=None
[2024-03-04T09:58:39.820+0000] {logging_mixin.py:188} INFO - [2024-03-04T09:58:39.820+0000] {dag.py:3823} INFO - Setting next_dagrun for example_xcom_args_with_operators to None, run_after=None
[2024-03-04T09:58:39.848+0000] {processor.py:183} INFO - Processing /home/airflow/.local/lib/python3.8/site-packages/airflow/example_dags/example_xcomargs.py took 0.117 seconds
[2024-03-04T09:59:10.130+0000] {processor.py:161} INFO - Started process (PID=352) to work on /home/airflow/.local/lib/python3.8/site-packages/airflow/example_dags/example_xcomargs.py
[2024-03-04T09:59:10.132+0000] {processor.py:830} INFO - Processing file /home/airflow/.local/lib/python3.8/site-packages/airflow/example_dags/example_xcomargs.py for tasks to queue
[2024-03-04T09:59:10.135+0000] {logging_mixin.py:188} INFO - [2024-03-04T09:59:10.135+0000] {dagbag.py:538} INFO - Filling up the DagBag from /home/airflow/.local/lib/python3.8/site-packages/airflow/example_dags/example_xcomargs.py
[2024-03-04T09:59:10.148+0000] {processor.py:840} INFO - DAG(s) 'example_xcom_args_with_operators', 'example_xcom_args' retrieved from /home/airflow/.local/lib/python3.8/site-packages/airflow/example_dags/example_xcomargs.py
[2024-03-04T09:59:10.190+0000] {logging_mixin.py:188} INFO - [2024-03-04T09:59:10.190+0000] {dag.py:3036} INFO - Sync 2 DAGs
[2024-03-04T09:59:10.224+0000] {logging_mixin.py:188} INFO - [2024-03-04T09:59:10.223+0000] {dag.py:3823} INFO - Setting next_dagrun for example_xcom_args to None, run_after=None
[2024-03-04T09:59:10.235+0000] {logging_mixin.py:188} INFO - [2024-03-04T09:59:10.234+0000] {dag.py:3823} INFO - Setting next_dagrun for example_xcom_args_with_operators to None, run_after=None
[2024-03-04T09:59:10.295+0000] {processor.py:183} INFO - Processing /home/airflow/.local/lib/python3.8/site-packages/airflow/example_dags/example_xcomargs.py took 0.172 seconds
[2024-03-04T09:59:40.474+0000] {processor.py:161} INFO - Started process (PID=408) to work on /home/airflow/.local/lib/python3.8/site-packages/airflow/example_dags/example_xcomargs.py
[2024-03-04T09:59:40.475+0000] {processor.py:830} INFO - Processing file /home/airflow/.local/lib/python3.8/site-packages/airflow/example_dags/example_xcomargs.py for tasks to queue
[2024-03-04T09:59:40.478+0000] {logging_mixin.py:188} INFO - [2024-03-04T09:59:40.478+0000] {dagbag.py:538} INFO - Filling up the DagBag from /home/airflow/.local/lib/python3.8/site-packages/airflow/example_dags/example_xcomargs.py
[2024-03-04T09:59:40.490+0000] {processor.py:840} INFO - DAG(s) 'example_xcom_args_with_operators', 'example_xcom_args' retrieved from /home/airflow/.local/lib/python3.8/site-packages/airflow/example_dags/example_xcomargs.py
[2024-03-04T09:59:40.525+0000] {logging_mixin.py:188} INFO - [2024-03-04T09:59:40.524+0000] {dag.py:3036} INFO - Sync 2 DAGs
[2024-03-04T09:59:40.544+0000] {logging_mixin.py:188} INFO - [2024-03-04T09:59:40.544+0000] {dag.py:3823} INFO - Setting next_dagrun for example_xcom_args to None, run_after=None
[2024-03-04T09:59:40.549+0000] {logging_mixin.py:188} INFO - [2024-03-04T09:59:40.549+0000] {dag.py:3823} INFO - Setting next_dagrun for example_xcom_args_with_operators to None, run_after=None
[2024-03-04T09:59:40.641+0000] {processor.py:183} INFO - Processing /home/airflow/.local/lib/python3.8/site-packages/airflow/example_dags/example_xcomargs.py took 0.172 seconds
[2024-03-04T10:00:11.020+0000] {processor.py:161} INFO - Started process (PID=465) to work on /home/airflow/.local/lib/python3.8/site-packages/airflow/example_dags/example_xcomargs.py
[2024-03-04T10:00:11.022+0000] {processor.py:830} INFO - Processing file /home/airflow/.local/lib/python3.8/site-packages/airflow/example_dags/example_xcomargs.py for tasks to queue
[2024-03-04T10:00:11.026+0000] {logging_mixin.py:188} INFO - [2024-03-04T10:00:11.025+0000] {dagbag.py:538} INFO - Filling up the DagBag from /home/airflow/.local/lib/python3.8/site-packages/airflow/example_dags/example_xcomargs.py
[2024-03-04T10:00:11.041+0000] {processor.py:840} INFO - DAG(s) 'example_xcom_args', 'example_xcom_args_with_operators' retrieved from /home/airflow/.local/lib/python3.8/site-packages/airflow/example_dags/example_xcomargs.py
[2024-03-04T10:00:11.083+0000] {logging_mixin.py:188} INFO - [2024-03-04T10:00:11.082+0000] {dag.py:3036} INFO - Sync 2 DAGs
[2024-03-04T10:00:11.104+0000] {logging_mixin.py:188} INFO - [2024-03-04T10:00:11.104+0000] {dag.py:3823} INFO - Setting next_dagrun for example_xcom_args to None, run_after=None
[2024-03-04T10:00:11.110+0000] {logging_mixin.py:188} INFO - [2024-03-04T10:00:11.109+0000] {dag.py:3823} INFO - Setting next_dagrun for example_xcom_args_with_operators to None, run_after=None
[2024-03-04T10:00:11.155+0000] {processor.py:183} INFO - Processing /home/airflow/.local/lib/python3.8/site-packages/airflow/example_dags/example_xcomargs.py took 0.142 seconds
[2024-03-04T10:00:41.368+0000] {processor.py:161} INFO - Started process (PID=526) to work on /home/airflow/.local/lib/python3.8/site-packages/airflow/example_dags/example_xcomargs.py
[2024-03-04T10:00:41.370+0000] {processor.py:830} INFO - Processing file /home/airflow/.local/lib/python3.8/site-packages/airflow/example_dags/example_xcomargs.py for tasks to queue
[2024-03-04T10:00:41.374+0000] {logging_mixin.py:188} INFO - [2024-03-04T10:00:41.373+0000] {dagbag.py:538} INFO - Filling up the DagBag from /home/airflow/.local/lib/python3.8/site-packages/airflow/example_dags/example_xcomargs.py
[2024-03-04T10:00:41.391+0000] {processor.py:840} INFO - DAG(s) 'example_xcom_args', 'example_xcom_args_with_operators' retrieved from /home/airflow/.local/lib/python3.8/site-packages/airflow/example_dags/example_xcomargs.py
[2024-03-04T10:00:41.431+0000] {logging_mixin.py:188} INFO - [2024-03-04T10:00:41.431+0000] {dag.py:3036} INFO - Sync 2 DAGs
[2024-03-04T10:00:41.453+0000] {logging_mixin.py:188} INFO - [2024-03-04T10:00:41.452+0000] {dag.py:3823} INFO - Setting next_dagrun for example_xcom_args to None, run_after=None
[2024-03-04T10:00:41.459+0000] {logging_mixin.py:188} INFO - [2024-03-04T10:00:41.459+0000] {dag.py:3823} INFO - Setting next_dagrun for example_xcom_args_with_operators to None, run_after=None
[2024-03-04T10:00:41.483+0000] {processor.py:183} INFO - Processing /home/airflow/.local/lib/python3.8/site-packages/airflow/example_dags/example_xcomargs.py took 0.121 seconds
[2024-03-04T10:01:12.352+0000] {processor.py:161} INFO - Started process (PID=583) to work on /home/airflow/.local/lib/python3.8/site-packages/airflow/example_dags/example_xcomargs.py
[2024-03-04T10:01:12.356+0000] {processor.py:830} INFO - Processing file /home/airflow/.local/lib/python3.8/site-packages/airflow/example_dags/example_xcomargs.py for tasks to queue
[2024-03-04T10:01:12.363+0000] {logging_mixin.py:188} INFO - [2024-03-04T10:01:12.361+0000] {dagbag.py:538} INFO - Filling up the DagBag from /home/airflow/.local/lib/python3.8/site-packages/airflow/example_dags/example_xcomargs.py
[2024-03-04T10:01:12.390+0000] {processor.py:840} INFO - DAG(s) 'example_xcom_args', 'example_xcom_args_with_operators' retrieved from /home/airflow/.local/lib/python3.8/site-packages/airflow/example_dags/example_xcomargs.py
[2024-03-04T10:01:12.487+0000] {logging_mixin.py:188} INFO - [2024-03-04T10:01:12.486+0000] {dag.py:3036} INFO - Sync 2 DAGs
[2024-03-04T10:01:12.531+0000] {logging_mixin.py:188} INFO - [2024-03-04T10:01:12.526+0000] {dag.py:3823} INFO - Setting next_dagrun for example_xcom_args to None, run_after=None
[2024-03-04T10:01:12.544+0000] {logging_mixin.py:188} INFO - [2024-03-04T10:01:12.544+0000] {dag.py:3823} INFO - Setting next_dagrun for example_xcom_args_with_operators to None, run_after=None
[2024-03-04T10:01:12.623+0000] {processor.py:183} INFO - Processing /home/airflow/.local/lib/python3.8/site-packages/airflow/example_dags/example_xcomargs.py took 0.278 seconds
[2024-03-04T10:01:43.027+0000] {processor.py:161} INFO - Started process (PID=640) to work on /home/airflow/.local/lib/python3.8/site-packages/airflow/example_dags/example_xcomargs.py
[2024-03-04T10:01:43.029+0000] {processor.py:830} INFO - Processing file /home/airflow/.local/lib/python3.8/site-packages/airflow/example_dags/example_xcomargs.py for tasks to queue
[2024-03-04T10:01:43.032+0000] {logging_mixin.py:188} INFO - [2024-03-04T10:01:43.032+0000] {dagbag.py:538} INFO - Filling up the DagBag from /home/airflow/.local/lib/python3.8/site-packages/airflow/example_dags/example_xcomargs.py
[2024-03-04T10:01:43.045+0000] {processor.py:840} INFO - DAG(s) 'example_xcom_args_with_operators', 'example_xcom_args' retrieved from /home/airflow/.local/lib/python3.8/site-packages/airflow/example_dags/example_xcomargs.py
[2024-03-04T10:01:43.092+0000] {logging_mixin.py:188} INFO - [2024-03-04T10:01:43.091+0000] {dag.py:3036} INFO - Sync 2 DAGs
[2024-03-04T10:01:43.122+0000] {logging_mixin.py:188} INFO - [2024-03-04T10:01:43.121+0000] {dag.py:3823} INFO - Setting next_dagrun for example_xcom_args to None, run_after=None
[2024-03-04T10:01:43.129+0000] {logging_mixin.py:188} INFO - [2024-03-04T10:01:43.129+0000] {dag.py:3823} INFO - Setting next_dagrun for example_xcom_args_with_operators to None, run_after=None
[2024-03-04T10:01:43.158+0000] {processor.py:183} INFO - Processing /home/airflow/.local/lib/python3.8/site-packages/airflow/example_dags/example_xcomargs.py took 0.136 seconds
[2024-03-04T10:05:00.539+0000] {processor.py:161} INFO - Started process (PID=56) to work on /home/airflow/.local/lib/python3.8/site-packages/airflow/example_dags/example_xcomargs.py
[2024-03-04T10:05:00.541+0000] {processor.py:830} INFO - Processing file /home/airflow/.local/lib/python3.8/site-packages/airflow/example_dags/example_xcomargs.py for tasks to queue
[2024-03-04T10:05:00.544+0000] {logging_mixin.py:188} INFO - [2024-03-04T10:05:00.543+0000] {dagbag.py:538} INFO - Filling up the DagBag from /home/airflow/.local/lib/python3.8/site-packages/airflow/example_dags/example_xcomargs.py
[2024-03-04T10:05:00.562+0000] {processor.py:840} INFO - DAG(s) 'example_xcom_args_with_operators', 'example_xcom_args' retrieved from /home/airflow/.local/lib/python3.8/site-packages/airflow/example_dags/example_xcomargs.py
[2024-03-04T10:05:00.768+0000] {logging_mixin.py:188} INFO - [2024-03-04T10:05:00.768+0000] {dag.py:3036} INFO - Sync 2 DAGs
[2024-03-04T10:05:00.785+0000] {logging_mixin.py:188} INFO - [2024-03-04T10:05:00.784+0000] {dag.py:3823} INFO - Setting next_dagrun for example_xcom_args to None, run_after=None
[2024-03-04T10:05:00.789+0000] {logging_mixin.py:188} INFO - [2024-03-04T10:05:00.789+0000] {dag.py:3823} INFO - Setting next_dagrun for example_xcom_args_with_operators to None, run_after=None
[2024-03-04T10:05:00.815+0000] {processor.py:183} INFO - Processing /home/airflow/.local/lib/python3.8/site-packages/airflow/example_dags/example_xcomargs.py took 0.281 seconds
[2024-03-04T10:05:31.050+0000] {processor.py:161} INFO - Started process (PID=114) to work on /home/airflow/.local/lib/python3.8/site-packages/airflow/example_dags/example_xcomargs.py
[2024-03-04T10:05:31.052+0000] {processor.py:830} INFO - Processing file /home/airflow/.local/lib/python3.8/site-packages/airflow/example_dags/example_xcomargs.py for tasks to queue
[2024-03-04T10:05:31.055+0000] {logging_mixin.py:188} INFO - [2024-03-04T10:05:31.054+0000] {dagbag.py:538} INFO - Filling up the DagBag from /home/airflow/.local/lib/python3.8/site-packages/airflow/example_dags/example_xcomargs.py
[2024-03-04T10:05:31.068+0000] {processor.py:840} INFO - DAG(s) 'example_xcom_args_with_operators', 'example_xcom_args' retrieved from /home/airflow/.local/lib/python3.8/site-packages/airflow/example_dags/example_xcomargs.py
[2024-03-04T10:05:31.102+0000] {logging_mixin.py:188} INFO - [2024-03-04T10:05:31.102+0000] {dag.py:3036} INFO - Sync 2 DAGs
[2024-03-04T10:05:31.120+0000] {logging_mixin.py:188} INFO - [2024-03-04T10:05:31.119+0000] {dag.py:3823} INFO - Setting next_dagrun for example_xcom_args to None, run_after=None
[2024-03-04T10:05:31.125+0000] {logging_mixin.py:188} INFO - [2024-03-04T10:05:31.125+0000] {dag.py:3823} INFO - Setting next_dagrun for example_xcom_args_with_operators to None, run_after=None
[2024-03-04T10:05:31.156+0000] {processor.py:183} INFO - Processing /home/airflow/.local/lib/python3.8/site-packages/airflow/example_dags/example_xcomargs.py took 0.110 seconds
[2024-03-04T10:11:54.642+0000] {processor.py:161} INFO - Started process (PID=56) to work on /home/airflow/.local/lib/python3.8/site-packages/airflow/example_dags/example_xcomargs.py
[2024-03-04T10:11:54.644+0000] {processor.py:830} INFO - Processing file /home/airflow/.local/lib/python3.8/site-packages/airflow/example_dags/example_xcomargs.py for tasks to queue
[2024-03-04T10:11:54.646+0000] {logging_mixin.py:188} INFO - [2024-03-04T10:11:54.646+0000] {dagbag.py:538} INFO - Filling up the DagBag from /home/airflow/.local/lib/python3.8/site-packages/airflow/example_dags/example_xcomargs.py
[2024-03-04T10:11:54.664+0000] {processor.py:840} INFO - DAG(s) 'example_xcom_args', 'example_xcom_args_with_operators' retrieved from /home/airflow/.local/lib/python3.8/site-packages/airflow/example_dags/example_xcomargs.py
[2024-03-04T10:11:54.928+0000] {logging_mixin.py:188} INFO - [2024-03-04T10:11:54.927+0000] {dag.py:3036} INFO - Sync 2 DAGs
[2024-03-04T10:11:54.948+0000] {logging_mixin.py:188} INFO - [2024-03-04T10:11:54.948+0000] {dag.py:3823} INFO - Setting next_dagrun for example_xcom_args to None, run_after=None
[2024-03-04T10:11:54.953+0000] {logging_mixin.py:188} INFO - [2024-03-04T10:11:54.952+0000] {dag.py:3823} INFO - Setting next_dagrun for example_xcom_args_with_operators to None, run_after=None
[2024-03-04T10:11:54.986+0000] {processor.py:183} INFO - Processing /home/airflow/.local/lib/python3.8/site-packages/airflow/example_dags/example_xcomargs.py took 0.349 seconds
[2024-03-04T10:12:25.069+0000] {processor.py:161} INFO - Started process (PID=113) to work on /home/airflow/.local/lib/python3.8/site-packages/airflow/example_dags/example_xcomargs.py
[2024-03-04T10:12:25.070+0000] {processor.py:830} INFO - Processing file /home/airflow/.local/lib/python3.8/site-packages/airflow/example_dags/example_xcomargs.py for tasks to queue
[2024-03-04T10:12:25.073+0000] {logging_mixin.py:188} INFO - [2024-03-04T10:12:25.072+0000] {dagbag.py:538} INFO - Filling up the DagBag from /home/airflow/.local/lib/python3.8/site-packages/airflow/example_dags/example_xcomargs.py
[2024-03-04T10:12:25.086+0000] {processor.py:840} INFO - DAG(s) 'example_xcom_args', 'example_xcom_args_with_operators' retrieved from /home/airflow/.local/lib/python3.8/site-packages/airflow/example_dags/example_xcomargs.py
[2024-03-04T10:12:25.123+0000] {logging_mixin.py:188} INFO - [2024-03-04T10:12:25.123+0000] {dag.py:3036} INFO - Sync 2 DAGs
[2024-03-04T10:12:25.143+0000] {logging_mixin.py:188} INFO - [2024-03-04T10:12:25.142+0000] {dag.py:3823} INFO - Setting next_dagrun for example_xcom_args to None, run_after=None
[2024-03-04T10:12:25.150+0000] {logging_mixin.py:188} INFO - [2024-03-04T10:12:25.150+0000] {dag.py:3823} INFO - Setting next_dagrun for example_xcom_args_with_operators to None, run_after=None
[2024-03-04T10:12:25.185+0000] {processor.py:183} INFO - Processing /home/airflow/.local/lib/python3.8/site-packages/airflow/example_dags/example_xcomargs.py took 0.121 seconds
[2024-03-04T10:12:55.945+0000] {processor.py:161} INFO - Started process (PID=169) to work on /home/airflow/.local/lib/python3.8/site-packages/airflow/example_dags/example_xcomargs.py
[2024-03-04T10:12:55.947+0000] {processor.py:830} INFO - Processing file /home/airflow/.local/lib/python3.8/site-packages/airflow/example_dags/example_xcomargs.py for tasks to queue
[2024-03-04T10:12:55.950+0000] {logging_mixin.py:188} INFO - [2024-03-04T10:12:55.949+0000] {dagbag.py:538} INFO - Filling up the DagBag from /home/airflow/.local/lib/python3.8/site-packages/airflow/example_dags/example_xcomargs.py
[2024-03-04T10:12:55.963+0000] {processor.py:840} INFO - DAG(s) 'example_xcom_args_with_operators', 'example_xcom_args' retrieved from /home/airflow/.local/lib/python3.8/site-packages/airflow/example_dags/example_xcomargs.py
[2024-03-04T10:12:55.999+0000] {logging_mixin.py:188} INFO - [2024-03-04T10:12:55.999+0000] {dag.py:3036} INFO - Sync 2 DAGs
[2024-03-04T10:12:56.022+0000] {logging_mixin.py:188} INFO - [2024-03-04T10:12:56.021+0000] {dag.py:3823} INFO - Setting next_dagrun for example_xcom_args to None, run_after=None
[2024-03-04T10:12:56.027+0000] {logging_mixin.py:188} INFO - [2024-03-04T10:12:56.027+0000] {dag.py:3823} INFO - Setting next_dagrun for example_xcom_args_with_operators to None, run_after=None
[2024-03-04T10:12:56.051+0000] {processor.py:183} INFO - Processing /home/airflow/.local/lib/python3.8/site-packages/airflow/example_dags/example_xcomargs.py took 0.110 seconds
[2024-03-04T10:15:42.968+0000] {processor.py:161} INFO - Started process (PID=56) to work on /home/airflow/.local/lib/python3.8/site-packages/airflow/example_dags/example_xcomargs.py
[2024-03-04T10:15:42.977+0000] {processor.py:830} INFO - Processing file /home/airflow/.local/lib/python3.8/site-packages/airflow/example_dags/example_xcomargs.py for tasks to queue
[2024-03-04T10:15:42.981+0000] {logging_mixin.py:188} INFO - [2024-03-04T10:15:42.981+0000] {dagbag.py:538} INFO - Filling up the DagBag from /home/airflow/.local/lib/python3.8/site-packages/airflow/example_dags/example_xcomargs.py
[2024-03-04T10:15:43.010+0000] {processor.py:840} INFO - DAG(s) 'example_xcom_args', 'example_xcom_args_with_operators' retrieved from /home/airflow/.local/lib/python3.8/site-packages/airflow/example_dags/example_xcomargs.py
[2024-03-04T10:15:43.236+0000] {logging_mixin.py:188} INFO - [2024-03-04T10:15:43.235+0000] {dag.py:3036} INFO - Sync 2 DAGs
[2024-03-04T10:15:43.257+0000] {logging_mixin.py:188} INFO - [2024-03-04T10:15:43.257+0000] {dag.py:3823} INFO - Setting next_dagrun for example_xcom_args to None, run_after=None
[2024-03-04T10:15:43.262+0000] {logging_mixin.py:188} INFO - [2024-03-04T10:15:43.262+0000] {dag.py:3823} INFO - Setting next_dagrun for example_xcom_args_with_operators to None, run_after=None
[2024-03-04T10:15:43.296+0000] {processor.py:183} INFO - Processing /home/airflow/.local/lib/python3.8/site-packages/airflow/example_dags/example_xcomargs.py took 0.341 seconds
[2024-03-04T10:16:13.943+0000] {processor.py:161} INFO - Started process (PID=113) to work on /home/airflow/.local/lib/python3.8/site-packages/airflow/example_dags/example_xcomargs.py
[2024-03-04T10:16:13.946+0000] {processor.py:830} INFO - Processing file /home/airflow/.local/lib/python3.8/site-packages/airflow/example_dags/example_xcomargs.py for tasks to queue
[2024-03-04T10:16:13.949+0000] {logging_mixin.py:188} INFO - [2024-03-04T10:16:13.949+0000] {dagbag.py:538} INFO - Filling up the DagBag from /home/airflow/.local/lib/python3.8/site-packages/airflow/example_dags/example_xcomargs.py
[2024-03-04T10:16:13.964+0000] {processor.py:840} INFO - DAG(s) 'example_xcom_args', 'example_xcom_args_with_operators' retrieved from /home/airflow/.local/lib/python3.8/site-packages/airflow/example_dags/example_xcomargs.py
[2024-03-04T10:16:14.003+0000] {logging_mixin.py:188} INFO - [2024-03-04T10:16:14.003+0000] {dag.py:3036} INFO - Sync 2 DAGs
[2024-03-04T10:16:14.026+0000] {logging_mixin.py:188} INFO - [2024-03-04T10:16:14.025+0000] {dag.py:3823} INFO - Setting next_dagrun for example_xcom_args to None, run_after=None
[2024-03-04T10:16:14.033+0000] {logging_mixin.py:188} INFO - [2024-03-04T10:16:14.032+0000] {dag.py:3823} INFO - Setting next_dagrun for example_xcom_args_with_operators to None, run_after=None
[2024-03-04T10:16:14.060+0000] {processor.py:183} INFO - Processing /home/airflow/.local/lib/python3.8/site-packages/airflow/example_dags/example_xcomargs.py took 0.121 seconds
[2024-03-04T10:16:44.489+0000] {processor.py:161} INFO - Started process (PID=170) to work on /home/airflow/.local/lib/python3.8/site-packages/airflow/example_dags/example_xcomargs.py
[2024-03-04T10:16:44.491+0000] {processor.py:830} INFO - Processing file /home/airflow/.local/lib/python3.8/site-packages/airflow/example_dags/example_xcomargs.py for tasks to queue
[2024-03-04T10:16:44.494+0000] {logging_mixin.py:188} INFO - [2024-03-04T10:16:44.494+0000] {dagbag.py:538} INFO - Filling up the DagBag from /home/airflow/.local/lib/python3.8/site-packages/airflow/example_dags/example_xcomargs.py
[2024-03-04T10:16:44.507+0000] {processor.py:840} INFO - DAG(s) 'example_xcom_args_with_operators', 'example_xcom_args' retrieved from /home/airflow/.local/lib/python3.8/site-packages/airflow/example_dags/example_xcomargs.py
[2024-03-04T10:16:44.555+0000] {logging_mixin.py:188} INFO - [2024-03-04T10:16:44.555+0000] {dag.py:3036} INFO - Sync 2 DAGs
[2024-03-04T10:16:44.581+0000] {logging_mixin.py:188} INFO - [2024-03-04T10:16:44.581+0000] {dag.py:3823} INFO - Setting next_dagrun for example_xcom_args to None, run_after=None
[2024-03-04T10:16:44.588+0000] {logging_mixin.py:188} INFO - [2024-03-04T10:16:44.587+0000] {dag.py:3823} INFO - Setting next_dagrun for example_xcom_args_with_operators to None, run_after=None
[2024-03-04T10:16:44.618+0000] {processor.py:183} INFO - Processing /home/airflow/.local/lib/python3.8/site-packages/airflow/example_dags/example_xcomargs.py took 0.133 seconds
