[2024-03-04T09:52:20.769+0000] {processor.py:161} INFO - Started process (PID=74) to work on /home/airflow/.local/lib/python3.8/site-packages/airflow/example_dags/example_latest_only.py
[2024-03-04T09:52:20.771+0000] {processor.py:830} INFO - Processing file /home/airflow/.local/lib/python3.8/site-packages/airflow/example_dags/example_latest_only.py for tasks to queue
[2024-03-04T09:52:20.775+0000] {logging_mixin.py:188} INFO - [2024-03-04T09:52:20.774+0000] {dagbag.py:538} INFO - Filling up the DagBag from /home/airflow/.local/lib/python3.8/site-packages/airflow/example_dags/example_latest_only.py
[2024-03-04T09:52:20.786+0000] {processor.py:840} INFO - DAG(s) 'latest_only' retrieved from /home/airflow/.local/lib/python3.8/site-packages/airflow/example_dags/example_latest_only.py
[2024-03-04T09:52:20.995+0000] {logging_mixin.py:188} INFO - [2024-03-04T09:52:20.994+0000] {override.py:1769} INFO - Created Permission View: can read on DAG:latest_only
[2024-03-04T09:52:21.018+0000] {logging_mixin.py:188} INFO - [2024-03-04T09:52:21.017+0000] {override.py:1769} INFO - Created Permission View: can delete on DAG:latest_only
[2024-03-04T09:52:21.035+0000] {logging_mixin.py:188} INFO - [2024-03-04T09:52:21.034+0000] {override.py:1769} INFO - Created Permission View: can edit on DAG:latest_only
[2024-03-04T09:52:21.036+0000] {logging_mixin.py:188} INFO - [2024-03-04T09:52:21.036+0000] {dag.py:3036} INFO - Sync 1 DAGs
[2024-03-04T09:52:21.067+0000] {logging_mixin.py:188} INFO - [2024-03-04T09:52:21.067+0000] {dag.py:3058} INFO - Creating ORM DAG for latest_only
[2024-03-04T09:52:21.086+0000] {logging_mixin.py:188} INFO - [2024-03-04T09:52:21.086+0000] {dag.py:3823} INFO - Setting next_dagrun for latest_only to 2024-03-04 04:00:00+00:00, run_after=2024-03-04 08:00:00+00:00
[2024-03-04T09:52:21.129+0000] {processor.py:183} INFO - Processing /home/airflow/.local/lib/python3.8/site-packages/airflow/example_dags/example_latest_only.py took 0.365 seconds
[2024-03-04T09:52:51.186+0000] {processor.py:161} INFO - Started process (PID=130) to work on /home/airflow/.local/lib/python3.8/site-packages/airflow/example_dags/example_latest_only.py
[2024-03-04T09:52:51.188+0000] {processor.py:830} INFO - Processing file /home/airflow/.local/lib/python3.8/site-packages/airflow/example_dags/example_latest_only.py for tasks to queue
[2024-03-04T09:52:51.191+0000] {logging_mixin.py:188} INFO - [2024-03-04T09:52:51.190+0000] {dagbag.py:538} INFO - Filling up the DagBag from /home/airflow/.local/lib/python3.8/site-packages/airflow/example_dags/example_latest_only.py
[2024-03-04T09:52:51.198+0000] {processor.py:840} INFO - DAG(s) 'latest_only' retrieved from /home/airflow/.local/lib/python3.8/site-packages/airflow/example_dags/example_latest_only.py
[2024-03-04T09:52:51.229+0000] {logging_mixin.py:188} INFO - [2024-03-04T09:52:51.228+0000] {dag.py:3036} INFO - Sync 1 DAGs
[2024-03-04T09:52:51.270+0000] {logging_mixin.py:188} INFO - [2024-03-04T09:52:51.270+0000] {dag.py:3823} INFO - Setting next_dagrun for latest_only to 2024-03-04 04:00:00+00:00, run_after=2024-03-04 08:00:00+00:00
[2024-03-04T09:52:51.302+0000] {processor.py:183} INFO - Processing /home/airflow/.local/lib/python3.8/site-packages/airflow/example_dags/example_latest_only.py took 0.121 seconds
[2024-03-04T09:53:21.371+0000] {processor.py:161} INFO - Started process (PID=188) to work on /home/airflow/.local/lib/python3.8/site-packages/airflow/example_dags/example_latest_only.py
[2024-03-04T09:53:21.373+0000] {processor.py:830} INFO - Processing file /home/airflow/.local/lib/python3.8/site-packages/airflow/example_dags/example_latest_only.py for tasks to queue
[2024-03-04T09:53:21.376+0000] {logging_mixin.py:188} INFO - [2024-03-04T09:53:21.376+0000] {dagbag.py:538} INFO - Filling up the DagBag from /home/airflow/.local/lib/python3.8/site-packages/airflow/example_dags/example_latest_only.py
[2024-03-04T09:53:21.383+0000] {processor.py:840} INFO - DAG(s) 'latest_only' retrieved from /home/airflow/.local/lib/python3.8/site-packages/airflow/example_dags/example_latest_only.py
[2024-03-04T09:53:21.415+0000] {logging_mixin.py:188} INFO - [2024-03-04T09:53:21.415+0000] {dag.py:3036} INFO - Sync 1 DAGs
[2024-03-04T09:53:21.450+0000] {logging_mixin.py:188} INFO - [2024-03-04T09:53:21.450+0000] {dag.py:3823} INFO - Setting next_dagrun for latest_only to 2024-03-04 04:00:00+00:00, run_after=2024-03-04 08:00:00+00:00
[2024-03-04T09:53:21.492+0000] {processor.py:183} INFO - Processing /home/airflow/.local/lib/python3.8/site-packages/airflow/example_dags/example_latest_only.py took 0.127 seconds
[2024-03-04T09:56:36.832+0000] {processor.py:161} INFO - Started process (PID=74) to work on /home/airflow/.local/lib/python3.8/site-packages/airflow/example_dags/example_latest_only.py
[2024-03-04T09:56:36.834+0000] {processor.py:830} INFO - Processing file /home/airflow/.local/lib/python3.8/site-packages/airflow/example_dags/example_latest_only.py for tasks to queue
[2024-03-04T09:56:36.837+0000] {logging_mixin.py:188} INFO - [2024-03-04T09:56:36.836+0000] {dagbag.py:538} INFO - Filling up the DagBag from /home/airflow/.local/lib/python3.8/site-packages/airflow/example_dags/example_latest_only.py
[2024-03-04T09:56:36.851+0000] {processor.py:840} INFO - DAG(s) 'latest_only' retrieved from /home/airflow/.local/lib/python3.8/site-packages/airflow/example_dags/example_latest_only.py
[2024-03-04T09:56:37.050+0000] {logging_mixin.py:188} INFO - [2024-03-04T09:56:37.050+0000] {dag.py:3036} INFO - Sync 1 DAGs
[2024-03-04T09:56:37.087+0000] {logging_mixin.py:188} INFO - [2024-03-04T09:56:37.087+0000] {dag.py:3823} INFO - Setting next_dagrun for latest_only to 2024-03-04 04:00:00+00:00, run_after=2024-03-04 08:00:00+00:00
[2024-03-04T09:56:37.128+0000] {processor.py:183} INFO - Processing /home/airflow/.local/lib/python3.8/site-packages/airflow/example_dags/example_latest_only.py took 0.302 seconds
[2024-03-04T09:57:07.629+0000] {processor.py:161} INFO - Started process (PID=131) to work on /home/airflow/.local/lib/python3.8/site-packages/airflow/example_dags/example_latest_only.py
[2024-03-04T09:57:07.631+0000] {processor.py:830} INFO - Processing file /home/airflow/.local/lib/python3.8/site-packages/airflow/example_dags/example_latest_only.py for tasks to queue
[2024-03-04T09:57:07.634+0000] {logging_mixin.py:188} INFO - [2024-03-04T09:57:07.633+0000] {dagbag.py:538} INFO - Filling up the DagBag from /home/airflow/.local/lib/python3.8/site-packages/airflow/example_dags/example_latest_only.py
[2024-03-04T09:57:07.641+0000] {processor.py:840} INFO - DAG(s) 'latest_only' retrieved from /home/airflow/.local/lib/python3.8/site-packages/airflow/example_dags/example_latest_only.py
[2024-03-04T09:57:07.674+0000] {logging_mixin.py:188} INFO - [2024-03-04T09:57:07.674+0000] {dag.py:3036} INFO - Sync 1 DAGs
[2024-03-04T09:57:07.713+0000] {logging_mixin.py:188} INFO - [2024-03-04T09:57:07.712+0000] {dag.py:3823} INFO - Setting next_dagrun for latest_only to 2024-03-04 04:00:00+00:00, run_after=2024-03-04 08:00:00+00:00
[2024-03-04T09:57:07.751+0000] {processor.py:183} INFO - Processing /home/airflow/.local/lib/python3.8/site-packages/airflow/example_dags/example_latest_only.py took 0.126 seconds
[2024-03-04T09:57:38.753+0000] {processor.py:161} INFO - Started process (PID=188) to work on /home/airflow/.local/lib/python3.8/site-packages/airflow/example_dags/example_latest_only.py
[2024-03-04T09:57:38.754+0000] {processor.py:830} INFO - Processing file /home/airflow/.local/lib/python3.8/site-packages/airflow/example_dags/example_latest_only.py for tasks to queue
[2024-03-04T09:57:38.757+0000] {logging_mixin.py:188} INFO - [2024-03-04T09:57:38.757+0000] {dagbag.py:538} INFO - Filling up the DagBag from /home/airflow/.local/lib/python3.8/site-packages/airflow/example_dags/example_latest_only.py
[2024-03-04T09:57:38.766+0000] {processor.py:840} INFO - DAG(s) 'latest_only' retrieved from /home/airflow/.local/lib/python3.8/site-packages/airflow/example_dags/example_latest_only.py
[2024-03-04T09:57:38.799+0000] {logging_mixin.py:188} INFO - [2024-03-04T09:57:38.799+0000] {dag.py:3036} INFO - Sync 1 DAGs
[2024-03-04T09:57:38.835+0000] {logging_mixin.py:188} INFO - [2024-03-04T09:57:38.835+0000] {dag.py:3823} INFO - Setting next_dagrun for latest_only to 2024-03-04 04:00:00+00:00, run_after=2024-03-04 08:00:00+00:00
[2024-03-04T09:57:38.878+0000] {processor.py:183} INFO - Processing /home/airflow/.local/lib/python3.8/site-packages/airflow/example_dags/example_latest_only.py took 0.131 seconds
[2024-03-04T09:58:10.241+0000] {processor.py:161} INFO - Started process (PID=249) to work on /home/airflow/.local/lib/python3.8/site-packages/airflow/example_dags/example_latest_only.py
[2024-03-04T09:58:10.244+0000] {processor.py:830} INFO - Processing file /home/airflow/.local/lib/python3.8/site-packages/airflow/example_dags/example_latest_only.py for tasks to queue
[2024-03-04T09:58:10.247+0000] {logging_mixin.py:188} INFO - [2024-03-04T09:58:10.247+0000] {dagbag.py:538} INFO - Filling up the DagBag from /home/airflow/.local/lib/python3.8/site-packages/airflow/example_dags/example_latest_only.py
[2024-03-04T09:58:10.255+0000] {processor.py:840} INFO - DAG(s) 'latest_only' retrieved from /home/airflow/.local/lib/python3.8/site-packages/airflow/example_dags/example_latest_only.py
[2024-03-04T09:58:10.294+0000] {logging_mixin.py:188} INFO - [2024-03-04T09:58:10.294+0000] {dag.py:3036} INFO - Sync 1 DAGs
[2024-03-04T09:58:10.349+0000] {logging_mixin.py:188} INFO - [2024-03-04T09:58:10.348+0000] {dag.py:3823} INFO - Setting next_dagrun for latest_only to 2024-03-04 04:00:00+00:00, run_after=2024-03-04 08:00:00+00:00
[2024-03-04T09:58:10.394+0000] {processor.py:183} INFO - Processing /home/airflow/.local/lib/python3.8/site-packages/airflow/example_dags/example_latest_only.py took 0.160 seconds
[2024-03-04T09:58:40.906+0000] {processor.py:161} INFO - Started process (PID=306) to work on /home/airflow/.local/lib/python3.8/site-packages/airflow/example_dags/example_latest_only.py
[2024-03-04T09:58:40.910+0000] {processor.py:830} INFO - Processing file /home/airflow/.local/lib/python3.8/site-packages/airflow/example_dags/example_latest_only.py for tasks to queue
[2024-03-04T09:58:40.914+0000] {logging_mixin.py:188} INFO - [2024-03-04T09:58:40.913+0000] {dagbag.py:538} INFO - Filling up the DagBag from /home/airflow/.local/lib/python3.8/site-packages/airflow/example_dags/example_latest_only.py
[2024-03-04T09:58:40.924+0000] {processor.py:840} INFO - DAG(s) 'latest_only' retrieved from /home/airflow/.local/lib/python3.8/site-packages/airflow/example_dags/example_latest_only.py
[2024-03-04T09:58:40.982+0000] {logging_mixin.py:188} INFO - [2024-03-04T09:58:40.981+0000] {dag.py:3036} INFO - Sync 1 DAGs
[2024-03-04T09:58:41.121+0000] {logging_mixin.py:188} INFO - [2024-03-04T09:58:41.120+0000] {dag.py:3823} INFO - Setting next_dagrun for latest_only to 2024-03-04 04:00:00+00:00, run_after=2024-03-04 08:00:00+00:00
[2024-03-04T09:58:41.189+0000] {processor.py:183} INFO - Processing /home/airflow/.local/lib/python3.8/site-packages/airflow/example_dags/example_latest_only.py took 0.290 seconds
[2024-03-04T09:59:11.662+0000] {processor.py:161} INFO - Started process (PID=363) to work on /home/airflow/.local/lib/python3.8/site-packages/airflow/example_dags/example_latest_only.py
[2024-03-04T09:59:11.664+0000] {processor.py:830} INFO - Processing file /home/airflow/.local/lib/python3.8/site-packages/airflow/example_dags/example_latest_only.py for tasks to queue
[2024-03-04T09:59:11.667+0000] {logging_mixin.py:188} INFO - [2024-03-04T09:59:11.666+0000] {dagbag.py:538} INFO - Filling up the DagBag from /home/airflow/.local/lib/python3.8/site-packages/airflow/example_dags/example_latest_only.py
[2024-03-04T09:59:11.674+0000] {processor.py:840} INFO - DAG(s) 'latest_only' retrieved from /home/airflow/.local/lib/python3.8/site-packages/airflow/example_dags/example_latest_only.py
[2024-03-04T09:59:11.710+0000] {logging_mixin.py:188} INFO - [2024-03-04T09:59:11.710+0000] {dag.py:3036} INFO - Sync 1 DAGs
[2024-03-04T09:59:11.744+0000] {logging_mixin.py:188} INFO - [2024-03-04T09:59:11.744+0000] {dag.py:3823} INFO - Setting next_dagrun for latest_only to 2024-03-04 04:00:00+00:00, run_after=2024-03-04 08:00:00+00:00
[2024-03-04T09:59:11.793+0000] {processor.py:183} INFO - Processing /home/airflow/.local/lib/python3.8/site-packages/airflow/example_dags/example_latest_only.py took 0.136 seconds
[2024-03-04T09:59:43.512+0000] {processor.py:161} INFO - Started process (PID=421) to work on /home/airflow/.local/lib/python3.8/site-packages/airflow/example_dags/example_latest_only.py
[2024-03-04T09:59:43.514+0000] {processor.py:830} INFO - Processing file /home/airflow/.local/lib/python3.8/site-packages/airflow/example_dags/example_latest_only.py for tasks to queue
[2024-03-04T09:59:43.518+0000] {logging_mixin.py:188} INFO - [2024-03-04T09:59:43.517+0000] {dagbag.py:538} INFO - Filling up the DagBag from /home/airflow/.local/lib/python3.8/site-packages/airflow/example_dags/example_latest_only.py
[2024-03-04T09:59:43.525+0000] {processor.py:840} INFO - DAG(s) 'latest_only' retrieved from /home/airflow/.local/lib/python3.8/site-packages/airflow/example_dags/example_latest_only.py
[2024-03-04T09:59:43.567+0000] {logging_mixin.py:188} INFO - [2024-03-04T09:59:43.567+0000] {dag.py:3036} INFO - Sync 1 DAGs
[2024-03-04T09:59:43.606+0000] {logging_mixin.py:188} INFO - [2024-03-04T09:59:43.605+0000] {dag.py:3823} INFO - Setting next_dagrun for latest_only to 2024-03-04 04:00:00+00:00, run_after=2024-03-04 08:00:00+00:00
[2024-03-04T09:59:43.689+0000] {processor.py:183} INFO - Processing /home/airflow/.local/lib/python3.8/site-packages/airflow/example_dags/example_latest_only.py took 0.184 seconds
[2024-03-04T10:00:15.060+0000] {processor.py:161} INFO - Started process (PID=482) to work on /home/airflow/.local/lib/python3.8/site-packages/airflow/example_dags/example_latest_only.py
[2024-03-04T10:00:15.061+0000] {processor.py:830} INFO - Processing file /home/airflow/.local/lib/python3.8/site-packages/airflow/example_dags/example_latest_only.py for tasks to queue
[2024-03-04T10:00:15.064+0000] {logging_mixin.py:188} INFO - [2024-03-04T10:00:15.064+0000] {dagbag.py:538} INFO - Filling up the DagBag from /home/airflow/.local/lib/python3.8/site-packages/airflow/example_dags/example_latest_only.py
[2024-03-04T10:00:15.073+0000] {processor.py:840} INFO - DAG(s) 'latest_only' retrieved from /home/airflow/.local/lib/python3.8/site-packages/airflow/example_dags/example_latest_only.py
[2024-03-04T10:00:15.114+0000] {logging_mixin.py:188} INFO - [2024-03-04T10:00:15.114+0000] {dag.py:3036} INFO - Sync 1 DAGs
[2024-03-04T10:00:15.163+0000] {logging_mixin.py:188} INFO - [2024-03-04T10:00:15.163+0000] {dag.py:3823} INFO - Setting next_dagrun for latest_only to 2024-03-04 04:00:00+00:00, run_after=2024-03-04 08:00:00+00:00
[2024-03-04T10:00:15.198+0000] {processor.py:183} INFO - Processing /home/airflow/.local/lib/python3.8/site-packages/airflow/example_dags/example_latest_only.py took 0.143 seconds
[2024-03-04T10:00:45.766+0000] {processor.py:161} INFO - Started process (PID=539) to work on /home/airflow/.local/lib/python3.8/site-packages/airflow/example_dags/example_latest_only.py
[2024-03-04T10:00:45.767+0000] {processor.py:830} INFO - Processing file /home/airflow/.local/lib/python3.8/site-packages/airflow/example_dags/example_latest_only.py for tasks to queue
[2024-03-04T10:00:45.770+0000] {logging_mixin.py:188} INFO - [2024-03-04T10:00:45.769+0000] {dagbag.py:538} INFO - Filling up the DagBag from /home/airflow/.local/lib/python3.8/site-packages/airflow/example_dags/example_latest_only.py
[2024-03-04T10:00:45.776+0000] {processor.py:840} INFO - DAG(s) 'latest_only' retrieved from /home/airflow/.local/lib/python3.8/site-packages/airflow/example_dags/example_latest_only.py
[2024-03-04T10:00:45.802+0000] {logging_mixin.py:188} INFO - [2024-03-04T10:00:45.802+0000] {dag.py:3036} INFO - Sync 1 DAGs
[2024-03-04T10:00:45.830+0000] {logging_mixin.py:188} INFO - [2024-03-04T10:00:45.830+0000] {dag.py:3823} INFO - Setting next_dagrun for latest_only to 2024-03-04 04:00:00+00:00, run_after=2024-03-04 08:00:00+00:00
[2024-03-04T10:00:45.860+0000] {processor.py:183} INFO - Processing /home/airflow/.local/lib/python3.8/site-packages/airflow/example_dags/example_latest_only.py took 0.098 seconds
[2024-03-04T10:01:16.158+0000] {processor.py:161} INFO - Started process (PID=594) to work on /home/airflow/.local/lib/python3.8/site-packages/airflow/example_dags/example_latest_only.py
[2024-03-04T10:01:16.160+0000] {processor.py:830} INFO - Processing file /home/airflow/.local/lib/python3.8/site-packages/airflow/example_dags/example_latest_only.py for tasks to queue
[2024-03-04T10:01:16.162+0000] {logging_mixin.py:188} INFO - [2024-03-04T10:01:16.162+0000] {dagbag.py:538} INFO - Filling up the DagBag from /home/airflow/.local/lib/python3.8/site-packages/airflow/example_dags/example_latest_only.py
[2024-03-04T10:01:16.173+0000] {processor.py:840} INFO - DAG(s) 'latest_only' retrieved from /home/airflow/.local/lib/python3.8/site-packages/airflow/example_dags/example_latest_only.py
[2024-03-04T10:01:16.224+0000] {logging_mixin.py:188} INFO - [2024-03-04T10:01:16.224+0000] {dag.py:3036} INFO - Sync 1 DAGs
[2024-03-04T10:01:16.256+0000] {logging_mixin.py:188} INFO - [2024-03-04T10:01:16.256+0000] {dag.py:3823} INFO - Setting next_dagrun for latest_only to 2024-03-04 04:00:00+00:00, run_after=2024-03-04 08:00:00+00:00
[2024-03-04T10:01:16.310+0000] {processor.py:183} INFO - Processing /home/airflow/.local/lib/python3.8/site-packages/airflow/example_dags/example_latest_only.py took 0.160 seconds
[2024-03-04T10:01:47.078+0000] {processor.py:161} INFO - Started process (PID=651) to work on /home/airflow/.local/lib/python3.8/site-packages/airflow/example_dags/example_latest_only.py
[2024-03-04T10:01:47.080+0000] {processor.py:830} INFO - Processing file /home/airflow/.local/lib/python3.8/site-packages/airflow/example_dags/example_latest_only.py for tasks to queue
[2024-03-04T10:01:47.084+0000] {logging_mixin.py:188} INFO - [2024-03-04T10:01:47.083+0000] {dagbag.py:538} INFO - Filling up the DagBag from /home/airflow/.local/lib/python3.8/site-packages/airflow/example_dags/example_latest_only.py
[2024-03-04T10:01:47.093+0000] {processor.py:840} INFO - DAG(s) 'latest_only' retrieved from /home/airflow/.local/lib/python3.8/site-packages/airflow/example_dags/example_latest_only.py
[2024-03-04T10:01:47.130+0000] {logging_mixin.py:188} INFO - [2024-03-04T10:01:47.130+0000] {dag.py:3036} INFO - Sync 1 DAGs
[2024-03-04T10:01:47.175+0000] {logging_mixin.py:188} INFO - [2024-03-04T10:01:47.175+0000] {dag.py:3823} INFO - Setting next_dagrun for latest_only to 2024-03-04 04:00:00+00:00, run_after=2024-03-04 08:00:00+00:00
[2024-03-04T10:01:47.208+0000] {processor.py:183} INFO - Processing /home/airflow/.local/lib/python3.8/site-packages/airflow/example_dags/example_latest_only.py took 0.135 seconds
[2024-03-04T10:05:02.426+0000] {processor.py:161} INFO - Started process (PID=67) to work on /home/airflow/.local/lib/python3.8/site-packages/airflow/example_dags/example_latest_only.py
[2024-03-04T10:05:02.428+0000] {processor.py:830} INFO - Processing file /home/airflow/.local/lib/python3.8/site-packages/airflow/example_dags/example_latest_only.py for tasks to queue
[2024-03-04T10:05:02.430+0000] {logging_mixin.py:188} INFO - [2024-03-04T10:05:02.430+0000] {dagbag.py:538} INFO - Filling up the DagBag from /home/airflow/.local/lib/python3.8/site-packages/airflow/example_dags/example_latest_only.py
[2024-03-04T10:05:02.440+0000] {processor.py:840} INFO - DAG(s) 'latest_only' retrieved from /home/airflow/.local/lib/python3.8/site-packages/airflow/example_dags/example_latest_only.py
[2024-03-04T10:05:02.592+0000] {logging_mixin.py:188} INFO - [2024-03-04T10:05:02.592+0000] {dag.py:3036} INFO - Sync 1 DAGs
[2024-03-04T10:05:02.629+0000] {logging_mixin.py:188} INFO - [2024-03-04T10:05:02.629+0000] {dag.py:3823} INFO - Setting next_dagrun for latest_only to 2024-03-04 04:00:00+00:00, run_after=2024-03-04 08:00:00+00:00
[2024-03-04T10:05:02.660+0000] {processor.py:183} INFO - Processing /home/airflow/.local/lib/python3.8/site-packages/airflow/example_dags/example_latest_only.py took 0.238 seconds
[2024-03-04T10:05:33.556+0000] {processor.py:161} INFO - Started process (PID=125) to work on /home/airflow/.local/lib/python3.8/site-packages/airflow/example_dags/example_latest_only.py
[2024-03-04T10:05:33.559+0000] {processor.py:830} INFO - Processing file /home/airflow/.local/lib/python3.8/site-packages/airflow/example_dags/example_latest_only.py for tasks to queue
[2024-03-04T10:05:33.565+0000] {logging_mixin.py:188} INFO - [2024-03-04T10:05:33.565+0000] {dagbag.py:538} INFO - Filling up the DagBag from /home/airflow/.local/lib/python3.8/site-packages/airflow/example_dags/example_latest_only.py
[2024-03-04T10:05:33.576+0000] {processor.py:840} INFO - DAG(s) 'latest_only' retrieved from /home/airflow/.local/lib/python3.8/site-packages/airflow/example_dags/example_latest_only.py
[2024-03-04T10:05:33.615+0000] {logging_mixin.py:188} INFO - [2024-03-04T10:05:33.615+0000] {dag.py:3036} INFO - Sync 1 DAGs
[2024-03-04T10:05:33.661+0000] {logging_mixin.py:188} INFO - [2024-03-04T10:05:33.661+0000] {dag.py:3823} INFO - Setting next_dagrun for latest_only to 2024-03-04 04:00:00+00:00, run_after=2024-03-04 08:00:00+00:00
[2024-03-04T10:05:33.714+0000] {processor.py:183} INFO - Processing /home/airflow/.local/lib/python3.8/site-packages/airflow/example_dags/example_latest_only.py took 0.165 seconds
[2024-03-04T10:11:56.814+0000] {processor.py:161} INFO - Started process (PID=67) to work on /home/airflow/.local/lib/python3.8/site-packages/airflow/example_dags/example_latest_only.py
[2024-03-04T10:11:56.815+0000] {processor.py:830} INFO - Processing file /home/airflow/.local/lib/python3.8/site-packages/airflow/example_dags/example_latest_only.py for tasks to queue
[2024-03-04T10:11:56.818+0000] {logging_mixin.py:188} INFO - [2024-03-04T10:11:56.818+0000] {dagbag.py:538} INFO - Filling up the DagBag from /home/airflow/.local/lib/python3.8/site-packages/airflow/example_dags/example_latest_only.py
[2024-03-04T10:11:56.829+0000] {processor.py:840} INFO - DAG(s) 'latest_only' retrieved from /home/airflow/.local/lib/python3.8/site-packages/airflow/example_dags/example_latest_only.py
[2024-03-04T10:11:57.005+0000] {logging_mixin.py:188} INFO - [2024-03-04T10:11:57.004+0000] {dag.py:3036} INFO - Sync 1 DAGs
[2024-03-04T10:11:57.036+0000] {logging_mixin.py:188} INFO - [2024-03-04T10:11:57.036+0000] {dag.py:3823} INFO - Setting next_dagrun for latest_only to 2024-03-04 04:00:00+00:00, run_after=2024-03-04 08:00:00+00:00
[2024-03-04T10:11:57.067+0000] {processor.py:183} INFO - Processing /home/airflow/.local/lib/python3.8/site-packages/airflow/example_dags/example_latest_only.py took 0.257 seconds
[2024-03-04T10:12:27.372+0000] {processor.py:161} INFO - Started process (PID=124) to work on /home/airflow/.local/lib/python3.8/site-packages/airflow/example_dags/example_latest_only.py
[2024-03-04T10:12:27.374+0000] {processor.py:830} INFO - Processing file /home/airflow/.local/lib/python3.8/site-packages/airflow/example_dags/example_latest_only.py for tasks to queue
[2024-03-04T10:12:27.378+0000] {logging_mixin.py:188} INFO - [2024-03-04T10:12:27.377+0000] {dagbag.py:538} INFO - Filling up the DagBag from /home/airflow/.local/lib/python3.8/site-packages/airflow/example_dags/example_latest_only.py
[2024-03-04T10:12:27.385+0000] {processor.py:840} INFO - DAG(s) 'latest_only' retrieved from /home/airflow/.local/lib/python3.8/site-packages/airflow/example_dags/example_latest_only.py
[2024-03-04T10:12:27.416+0000] {logging_mixin.py:188} INFO - [2024-03-04T10:12:27.415+0000] {dag.py:3036} INFO - Sync 1 DAGs
[2024-03-04T10:12:27.446+0000] {logging_mixin.py:188} INFO - [2024-03-04T10:12:27.446+0000] {dag.py:3823} INFO - Setting next_dagrun for latest_only to 2024-03-04 04:00:00+00:00, run_after=2024-03-04 08:00:00+00:00
[2024-03-04T10:12:27.490+0000] {processor.py:183} INFO - Processing /home/airflow/.local/lib/python3.8/site-packages/airflow/example_dags/example_latest_only.py took 0.123 seconds
[2024-03-04T10:12:57.980+0000] {processor.py:161} INFO - Started process (PID=181) to work on /home/airflow/.local/lib/python3.8/site-packages/airflow/example_dags/example_latest_only.py
[2024-03-04T10:12:57.981+0000] {processor.py:830} INFO - Processing file /home/airflow/.local/lib/python3.8/site-packages/airflow/example_dags/example_latest_only.py for tasks to queue
[2024-03-04T10:12:57.984+0000] {logging_mixin.py:188} INFO - [2024-03-04T10:12:57.984+0000] {dagbag.py:538} INFO - Filling up the DagBag from /home/airflow/.local/lib/python3.8/site-packages/airflow/example_dags/example_latest_only.py
[2024-03-04T10:12:57.992+0000] {processor.py:840} INFO - DAG(s) 'latest_only' retrieved from /home/airflow/.local/lib/python3.8/site-packages/airflow/example_dags/example_latest_only.py
[2024-03-04T10:12:58.021+0000] {logging_mixin.py:188} INFO - [2024-03-04T10:12:58.021+0000] {dag.py:3036} INFO - Sync 1 DAGs
[2024-03-04T10:12:58.051+0000] {logging_mixin.py:188} INFO - [2024-03-04T10:12:58.051+0000] {dag.py:3823} INFO - Setting next_dagrun for latest_only to 2024-03-04 04:00:00+00:00, run_after=2024-03-04 08:00:00+00:00
[2024-03-04T10:12:58.079+0000] {processor.py:183} INFO - Processing /home/airflow/.local/lib/python3.8/site-packages/airflow/example_dags/example_latest_only.py took 0.105 seconds
[2024-03-04T10:15:44.996+0000] {processor.py:161} INFO - Started process (PID=67) to work on /home/airflow/.local/lib/python3.8/site-packages/airflow/example_dags/example_latest_only.py
[2024-03-04T10:15:44.997+0000] {processor.py:830} INFO - Processing file /home/airflow/.local/lib/python3.8/site-packages/airflow/example_dags/example_latest_only.py for tasks to queue
[2024-03-04T10:15:45.000+0000] {logging_mixin.py:188} INFO - [2024-03-04T10:15:45.000+0000] {dagbag.py:538} INFO - Filling up the DagBag from /home/airflow/.local/lib/python3.8/site-packages/airflow/example_dags/example_latest_only.py
[2024-03-04T10:15:45.011+0000] {processor.py:840} INFO - DAG(s) 'latest_only' retrieved from /home/airflow/.local/lib/python3.8/site-packages/airflow/example_dags/example_latest_only.py
[2024-03-04T10:15:45.158+0000] {logging_mixin.py:188} INFO - [2024-03-04T10:15:45.158+0000] {dag.py:3036} INFO - Sync 1 DAGs
[2024-03-04T10:15:45.187+0000] {logging_mixin.py:188} INFO - [2024-03-04T10:15:45.187+0000] {dag.py:3823} INFO - Setting next_dagrun for latest_only to 2024-03-04 04:00:00+00:00, run_after=2024-03-04 08:00:00+00:00
[2024-03-04T10:15:45.215+0000] {processor.py:183} INFO - Processing /home/airflow/.local/lib/python3.8/site-packages/airflow/example_dags/example_latest_only.py took 0.226 seconds
[2024-03-04T10:16:15.408+0000] {processor.py:161} INFO - Started process (PID=124) to work on /home/airflow/.local/lib/python3.8/site-packages/airflow/example_dags/example_latest_only.py
[2024-03-04T10:16:15.410+0000] {processor.py:830} INFO - Processing file /home/airflow/.local/lib/python3.8/site-packages/airflow/example_dags/example_latest_only.py for tasks to queue
[2024-03-04T10:16:15.413+0000] {logging_mixin.py:188} INFO - [2024-03-04T10:16:15.412+0000] {dagbag.py:538} INFO - Filling up the DagBag from /home/airflow/.local/lib/python3.8/site-packages/airflow/example_dags/example_latest_only.py
[2024-03-04T10:16:15.420+0000] {processor.py:840} INFO - DAG(s) 'latest_only' retrieved from /home/airflow/.local/lib/python3.8/site-packages/airflow/example_dags/example_latest_only.py
[2024-03-04T10:16:15.449+0000] {logging_mixin.py:188} INFO - [2024-03-04T10:16:15.449+0000] {dag.py:3036} INFO - Sync 1 DAGs
[2024-03-04T10:16:15.477+0000] {logging_mixin.py:188} INFO - [2024-03-04T10:16:15.477+0000] {dag.py:3823} INFO - Setting next_dagrun for latest_only to 2024-03-04 04:00:00+00:00, run_after=2024-03-04 08:00:00+00:00
[2024-03-04T10:16:15.506+0000] {processor.py:183} INFO - Processing /home/airflow/.local/lib/python3.8/site-packages/airflow/example_dags/example_latest_only.py took 0.102 seconds
[2024-03-04T10:16:45.647+0000] {processor.py:161} INFO - Started process (PID=181) to work on /home/airflow/.local/lib/python3.8/site-packages/airflow/example_dags/example_latest_only.py
[2024-03-04T10:16:45.649+0000] {processor.py:830} INFO - Processing file /home/airflow/.local/lib/python3.8/site-packages/airflow/example_dags/example_latest_only.py for tasks to queue
[2024-03-04T10:16:45.651+0000] {logging_mixin.py:188} INFO - [2024-03-04T10:16:45.651+0000] {dagbag.py:538} INFO - Filling up the DagBag from /home/airflow/.local/lib/python3.8/site-packages/airflow/example_dags/example_latest_only.py
[2024-03-04T10:16:45.658+0000] {processor.py:840} INFO - DAG(s) 'latest_only' retrieved from /home/airflow/.local/lib/python3.8/site-packages/airflow/example_dags/example_latest_only.py
[2024-03-04T10:16:45.687+0000] {logging_mixin.py:188} INFO - [2024-03-04T10:16:45.686+0000] {dag.py:3036} INFO - Sync 1 DAGs
[2024-03-04T10:16:45.715+0000] {logging_mixin.py:188} INFO - [2024-03-04T10:16:45.715+0000] {dag.py:3823} INFO - Setting next_dagrun for latest_only to 2024-03-04 04:00:00+00:00, run_after=2024-03-04 08:00:00+00:00
[2024-03-04T10:16:45.742+0000] {processor.py:183} INFO - Processing /home/airflow/.local/lib/python3.8/site-packages/airflow/example_dags/example_latest_only.py took 0.100 seconds
