[2024-03-04T09:52:17.813+0000] {processor.py:161} INFO - Started process (PID=66) to work on /home/airflow/.local/lib/python3.8/site-packages/airflow/example_dags/example_datasets.py
[2024-03-04T09:52:17.817+0000] {processor.py:830} INFO - Processing file /home/airflow/.local/lib/python3.8/site-packages/airflow/example_dags/example_datasets.py for tasks to queue
[2024-03-04T09:52:17.841+0000] {logging_mixin.py:188} INFO - [2024-03-04T09:52:17.829+0000] {dagbag.py:538} INFO - Filling up the DagBag from /home/airflow/.local/lib/python3.8/site-packages/airflow/example_dags/example_datasets.py
[2024-03-04T09:52:17.898+0000] {processor.py:840} INFO - DAG(s) 'dataset_produces_1', 'dataset_consumes_1_never_scheduled', 'dataset_produces_2', 'dataset_consumes_1_and_2', 'dataset_consumes_unknown_never_scheduled', 'dataset_consumes_1' retrieved from /home/airflow/.local/lib/python3.8/site-packages/airflow/example_dags/example_datasets.py
[2024-03-04T09:52:18.185+0000] {logging_mixin.py:188} INFO - [2024-03-04T09:52:18.184+0000] {override.py:1769} INFO - Created Permission View: can read on DAG:dataset_produces_1
[2024-03-04T09:52:18.223+0000] {logging_mixin.py:188} INFO - [2024-03-04T09:52:18.222+0000] {override.py:1769} INFO - Created Permission View: can delete on DAG:dataset_produces_1
[2024-03-04T09:52:18.244+0000] {logging_mixin.py:188} INFO - [2024-03-04T09:52:18.243+0000] {override.py:1769} INFO - Created Permission View: can edit on DAG:dataset_produces_1
[2024-03-04T09:52:18.275+0000] {logging_mixin.py:188} INFO - [2024-03-04T09:52:18.275+0000] {override.py:1769} INFO - Created Permission View: can read on DAG:dataset_consumes_1_never_scheduled
[2024-03-04T09:52:18.294+0000] {logging_mixin.py:188} INFO - [2024-03-04T09:52:18.293+0000] {override.py:1769} INFO - Created Permission View: can delete on DAG:dataset_consumes_1_never_scheduled
[2024-03-04T09:52:18.312+0000] {logging_mixin.py:188} INFO - [2024-03-04T09:52:18.311+0000] {override.py:1769} INFO - Created Permission View: can edit on DAG:dataset_consumes_1_never_scheduled
[2024-03-04T09:52:18.346+0000] {logging_mixin.py:188} INFO - [2024-03-04T09:52:18.346+0000] {override.py:1769} INFO - Created Permission View: can read on DAG:dataset_produces_2
[2024-03-04T09:52:18.364+0000] {logging_mixin.py:188} INFO - [2024-03-04T09:52:18.363+0000] {override.py:1769} INFO - Created Permission View: can delete on DAG:dataset_produces_2
[2024-03-04T09:52:18.383+0000] {logging_mixin.py:188} INFO - [2024-03-04T09:52:18.383+0000] {override.py:1769} INFO - Created Permission View: can edit on DAG:dataset_produces_2
[2024-03-04T09:52:18.432+0000] {logging_mixin.py:188} INFO - [2024-03-04T09:52:18.431+0000] {override.py:1769} INFO - Created Permission View: can read on DAG:dataset_consumes_1_and_2
[2024-03-04T09:52:18.449+0000] {logging_mixin.py:188} INFO - [2024-03-04T09:52:18.448+0000] {override.py:1769} INFO - Created Permission View: can delete on DAG:dataset_consumes_1_and_2
[2024-03-04T09:52:18.463+0000] {logging_mixin.py:188} INFO - [2024-03-04T09:52:18.463+0000] {override.py:1769} INFO - Created Permission View: can edit on DAG:dataset_consumes_1_and_2
[2024-03-04T09:52:18.502+0000] {logging_mixin.py:188} INFO - [2024-03-04T09:52:18.501+0000] {override.py:1769} INFO - Created Permission View: can read on DAG:dataset_consumes_unknown_never_scheduled
[2024-03-04T09:52:18.531+0000] {logging_mixin.py:188} INFO - [2024-03-04T09:52:18.530+0000] {override.py:1769} INFO - Created Permission View: can delete on DAG:dataset_consumes_unknown_never_scheduled
[2024-03-04T09:52:18.551+0000] {logging_mixin.py:188} INFO - [2024-03-04T09:52:18.550+0000] {override.py:1769} INFO - Created Permission View: can edit on DAG:dataset_consumes_unknown_never_scheduled
[2024-03-04T09:52:18.584+0000] {logging_mixin.py:188} INFO - [2024-03-04T09:52:18.583+0000] {override.py:1769} INFO - Created Permission View: can read on DAG:dataset_consumes_1
[2024-03-04T09:52:18.603+0000] {logging_mixin.py:188} INFO - [2024-03-04T09:52:18.602+0000] {override.py:1769} INFO - Created Permission View: can delete on DAG:dataset_consumes_1
[2024-03-04T09:52:18.619+0000] {logging_mixin.py:188} INFO - [2024-03-04T09:52:18.618+0000] {override.py:1769} INFO - Created Permission View: can edit on DAG:dataset_consumes_1
[2024-03-04T09:52:18.620+0000] {logging_mixin.py:188} INFO - [2024-03-04T09:52:18.620+0000] {dag.py:3036} INFO - Sync 6 DAGs
[2024-03-04T09:52:18.653+0000] {logging_mixin.py:188} INFO - [2024-03-04T09:52:18.652+0000] {dag.py:3058} INFO - Creating ORM DAG for dataset_consumes_1_never_scheduled
[2024-03-04T09:52:18.655+0000] {logging_mixin.py:188} INFO - [2024-03-04T09:52:18.654+0000] {dag.py:3058} INFO - Creating ORM DAG for dataset_consumes_1_and_2
[2024-03-04T09:52:18.660+0000] {logging_mixin.py:188} INFO - [2024-03-04T09:52:18.658+0000] {dag.py:3058} INFO - Creating ORM DAG for dataset_consumes_1
[2024-03-04T09:52:18.662+0000] {logging_mixin.py:188} INFO - [2024-03-04T09:52:18.662+0000] {dag.py:3058} INFO - Creating ORM DAG for dataset_produces_2
[2024-03-04T09:52:18.664+0000] {logging_mixin.py:188} INFO - [2024-03-04T09:52:18.664+0000] {dag.py:3058} INFO - Creating ORM DAG for dataset_produces_1
[2024-03-04T09:52:18.666+0000] {logging_mixin.py:188} INFO - [2024-03-04T09:52:18.666+0000] {dag.py:3058} INFO - Creating ORM DAG for dataset_consumes_unknown_never_scheduled
[2024-03-04T09:52:18.690+0000] {logging_mixin.py:188} INFO - [2024-03-04T09:52:18.690+0000] {dag.py:3823} INFO - Setting next_dagrun for dataset_consumes_1 to None, run_after=None
[2024-03-04T09:52:18.692+0000] {logging_mixin.py:188} INFO - [2024-03-04T09:52:18.692+0000] {dag.py:3823} INFO - Setting next_dagrun for dataset_consumes_1_and_2 to None, run_after=None
[2024-03-04T09:52:18.694+0000] {logging_mixin.py:188} INFO - [2024-03-04T09:52:18.694+0000] {dag.py:3823} INFO - Setting next_dagrun for dataset_consumes_1_never_scheduled to None, run_after=None
[2024-03-04T09:52:18.697+0000] {logging_mixin.py:188} INFO - [2024-03-04T09:52:18.696+0000] {dag.py:3823} INFO - Setting next_dagrun for dataset_consumes_unknown_never_scheduled to None, run_after=None
[2024-03-04T09:52:18.702+0000] {logging_mixin.py:188} INFO - [2024-03-04T09:52:18.702+0000] {dag.py:3823} INFO - Setting next_dagrun for dataset_produces_1 to 2024-03-03 00:00:00+00:00, run_after=2024-03-04 00:00:00+00:00
[2024-03-04T09:52:18.704+0000] {logging_mixin.py:188} INFO - [2024-03-04T09:52:18.704+0000] {dag.py:3823} INFO - Setting next_dagrun for dataset_produces_2 to None, run_after=None
[2024-03-04T09:52:18.813+0000] {processor.py:183} INFO - Processing /home/airflow/.local/lib/python3.8/site-packages/airflow/example_dags/example_datasets.py took 1.014 seconds
[2024-03-04T09:52:49.287+0000] {processor.py:161} INFO - Started process (PID=123) to work on /home/airflow/.local/lib/python3.8/site-packages/airflow/example_dags/example_datasets.py
[2024-03-04T09:52:49.288+0000] {processor.py:830} INFO - Processing file /home/airflow/.local/lib/python3.8/site-packages/airflow/example_dags/example_datasets.py for tasks to queue
[2024-03-04T09:52:49.293+0000] {logging_mixin.py:188} INFO - [2024-03-04T09:52:49.292+0000] {dagbag.py:538} INFO - Filling up the DagBag from /home/airflow/.local/lib/python3.8/site-packages/airflow/example_dags/example_datasets.py
[2024-03-04T09:52:49.313+0000] {processor.py:840} INFO - DAG(s) 'dataset_consumes_unknown_never_scheduled', 'dataset_produces_1', 'dataset_produces_2', 'dataset_consumes_1_and_2', 'dataset_consumes_1', 'dataset_consumes_1_never_scheduled' retrieved from /home/airflow/.local/lib/python3.8/site-packages/airflow/example_dags/example_datasets.py
[2024-03-04T09:52:49.385+0000] {logging_mixin.py:188} INFO - [2024-03-04T09:52:49.385+0000] {dag.py:3036} INFO - Sync 6 DAGs
[2024-03-04T09:52:49.427+0000] {logging_mixin.py:188} INFO - [2024-03-04T09:52:49.427+0000] {dag.py:3823} INFO - Setting next_dagrun for dataset_consumes_1 to None, run_after=None
[2024-03-04T09:52:49.434+0000] {logging_mixin.py:188} INFO - [2024-03-04T09:52:49.434+0000] {dag.py:3823} INFO - Setting next_dagrun for dataset_consumes_1_and_2 to None, run_after=None
[2024-03-04T09:52:49.438+0000] {logging_mixin.py:188} INFO - [2024-03-04T09:52:49.437+0000] {dag.py:3823} INFO - Setting next_dagrun for dataset_consumes_1_never_scheduled to None, run_after=None
[2024-03-04T09:52:49.441+0000] {logging_mixin.py:188} INFO - [2024-03-04T09:52:49.441+0000] {dag.py:3823} INFO - Setting next_dagrun for dataset_consumes_unknown_never_scheduled to None, run_after=None
[2024-03-04T09:52:49.448+0000] {logging_mixin.py:188} INFO - [2024-03-04T09:52:49.448+0000] {dag.py:3823} INFO - Setting next_dagrun for dataset_produces_1 to 2024-03-03 00:00:00+00:00, run_after=2024-03-04 00:00:00+00:00
[2024-03-04T09:52:49.452+0000] {logging_mixin.py:188} INFO - [2024-03-04T09:52:49.452+0000] {dag.py:3823} INFO - Setting next_dagrun for dataset_produces_2 to None, run_after=None
[2024-03-04T09:52:49.527+0000] {processor.py:183} INFO - Processing /home/airflow/.local/lib/python3.8/site-packages/airflow/example_dags/example_datasets.py took 0.247 seconds
[2024-03-04T09:53:19.706+0000] {processor.py:161} INFO - Started process (PID=181) to work on /home/airflow/.local/lib/python3.8/site-packages/airflow/example_dags/example_datasets.py
[2024-03-04T09:53:19.708+0000] {processor.py:830} INFO - Processing file /home/airflow/.local/lib/python3.8/site-packages/airflow/example_dags/example_datasets.py for tasks to queue
[2024-03-04T09:53:19.711+0000] {logging_mixin.py:188} INFO - [2024-03-04T09:53:19.711+0000] {dagbag.py:538} INFO - Filling up the DagBag from /home/airflow/.local/lib/python3.8/site-packages/airflow/example_dags/example_datasets.py
[2024-03-04T09:53:19.727+0000] {processor.py:840} INFO - DAG(s) 'dataset_produces_1', 'dataset_consumes_1_never_scheduled', 'dataset_produces_2', 'dataset_consumes_1_and_2', 'dataset_consumes_unknown_never_scheduled', 'dataset_consumes_1' retrieved from /home/airflow/.local/lib/python3.8/site-packages/airflow/example_dags/example_datasets.py
[2024-03-04T09:53:19.803+0000] {logging_mixin.py:188} INFO - [2024-03-04T09:53:19.802+0000] {dag.py:3036} INFO - Sync 6 DAGs
[2024-03-04T09:53:19.839+0000] {logging_mixin.py:188} INFO - [2024-03-04T09:53:19.838+0000] {dag.py:3823} INFO - Setting next_dagrun for dataset_consumes_1 to None, run_after=None
[2024-03-04T09:53:19.844+0000] {logging_mixin.py:188} INFO - [2024-03-04T09:53:19.844+0000] {dag.py:3823} INFO - Setting next_dagrun for dataset_consumes_1_and_2 to None, run_after=None
[2024-03-04T09:53:19.846+0000] {logging_mixin.py:188} INFO - [2024-03-04T09:53:19.846+0000] {dag.py:3823} INFO - Setting next_dagrun for dataset_consumes_1_never_scheduled to None, run_after=None
[2024-03-04T09:53:19.849+0000] {logging_mixin.py:188} INFO - [2024-03-04T09:53:19.848+0000] {dag.py:3823} INFO - Setting next_dagrun for dataset_consumes_unknown_never_scheduled to None, run_after=None
[2024-03-04T09:53:19.855+0000] {logging_mixin.py:188} INFO - [2024-03-04T09:53:19.855+0000] {dag.py:3823} INFO - Setting next_dagrun for dataset_produces_1 to 2024-03-03 00:00:00+00:00, run_after=2024-03-04 00:00:00+00:00
[2024-03-04T09:53:19.858+0000] {logging_mixin.py:188} INFO - [2024-03-04T09:53:19.858+0000] {dag.py:3823} INFO - Setting next_dagrun for dataset_produces_2 to None, run_after=None
[2024-03-04T09:53:19.938+0000] {processor.py:183} INFO - Processing /home/airflow/.local/lib/python3.8/site-packages/airflow/example_dags/example_datasets.py took 0.237 seconds
[2024-03-04T09:53:50.390+0000] {processor.py:161} INFO - Started process (PID=238) to work on /home/airflow/.local/lib/python3.8/site-packages/airflow/example_dags/example_datasets.py
[2024-03-04T09:53:50.393+0000] {processor.py:830} INFO - Processing file /home/airflow/.local/lib/python3.8/site-packages/airflow/example_dags/example_datasets.py for tasks to queue
[2024-03-04T09:53:50.397+0000] {logging_mixin.py:188} INFO - [2024-03-04T09:53:50.397+0000] {dagbag.py:538} INFO - Filling up the DagBag from /home/airflow/.local/lib/python3.8/site-packages/airflow/example_dags/example_datasets.py
[2024-03-04T09:53:50.418+0000] {processor.py:840} INFO - DAG(s) 'dataset_produces_2', 'dataset_consumes_1_never_scheduled', 'dataset_consumes_1', 'dataset_consumes_1_and_2', 'dataset_produces_1', 'dataset_consumes_unknown_never_scheduled' retrieved from /home/airflow/.local/lib/python3.8/site-packages/airflow/example_dags/example_datasets.py
[2024-03-04T09:53:50.487+0000] {logging_mixin.py:188} INFO - [2024-03-04T09:53:50.487+0000] {dag.py:3036} INFO - Sync 6 DAGs
[2024-03-04T09:53:50.524+0000] {logging_mixin.py:188} INFO - [2024-03-04T09:53:50.524+0000] {dag.py:3823} INFO - Setting next_dagrun for dataset_consumes_1 to None, run_after=None
[2024-03-04T09:53:50.530+0000] {logging_mixin.py:188} INFO - [2024-03-04T09:53:50.530+0000] {dag.py:3823} INFO - Setting next_dagrun for dataset_consumes_1_and_2 to None, run_after=None
[2024-03-04T09:53:50.533+0000] {logging_mixin.py:188} INFO - [2024-03-04T09:53:50.532+0000] {dag.py:3823} INFO - Setting next_dagrun for dataset_consumes_1_never_scheduled to None, run_after=None
[2024-03-04T09:53:50.535+0000] {logging_mixin.py:188} INFO - [2024-03-04T09:53:50.535+0000] {dag.py:3823} INFO - Setting next_dagrun for dataset_consumes_unknown_never_scheduled to None, run_after=None
[2024-03-04T09:53:50.541+0000] {logging_mixin.py:188} INFO - [2024-03-04T09:53:50.540+0000] {dag.py:3823} INFO - Setting next_dagrun for dataset_produces_1 to 2024-03-03 00:00:00+00:00, run_after=2024-03-04 00:00:00+00:00
[2024-03-04T09:53:50.543+0000] {logging_mixin.py:188} INFO - [2024-03-04T09:53:50.543+0000] {dag.py:3823} INFO - Setting next_dagrun for dataset_produces_2 to None, run_after=None
[2024-03-04T09:53:50.631+0000] {processor.py:183} INFO - Processing /home/airflow/.local/lib/python3.8/site-packages/airflow/example_dags/example_datasets.py took 0.248 seconds
[2024-03-04T09:56:35.338+0000] {processor.py:161} INFO - Started process (PID=66) to work on /home/airflow/.local/lib/python3.8/site-packages/airflow/example_dags/example_datasets.py
[2024-03-04T09:56:35.340+0000] {processor.py:830} INFO - Processing file /home/airflow/.local/lib/python3.8/site-packages/airflow/example_dags/example_datasets.py for tasks to queue
[2024-03-04T09:56:35.344+0000] {logging_mixin.py:188} INFO - [2024-03-04T09:56:35.343+0000] {dagbag.py:538} INFO - Filling up the DagBag from /home/airflow/.local/lib/python3.8/site-packages/airflow/example_dags/example_datasets.py
[2024-03-04T09:56:35.367+0000] {processor.py:840} INFO - DAG(s) 'dataset_produces_2', 'dataset_produces_1', 'dataset_consumes_1_never_scheduled', 'dataset_consumes_1_and_2', 'dataset_consumes_1', 'dataset_consumes_unknown_never_scheduled' retrieved from /home/airflow/.local/lib/python3.8/site-packages/airflow/example_dags/example_datasets.py
[2024-03-04T09:56:35.703+0000] {logging_mixin.py:188} INFO - [2024-03-04T09:56:35.702+0000] {dag.py:3036} INFO - Sync 6 DAGs
[2024-03-04T09:56:35.740+0000] {logging_mixin.py:188} INFO - [2024-03-04T09:56:35.740+0000] {dag.py:3823} INFO - Setting next_dagrun for dataset_consumes_1 to None, run_after=None
[2024-03-04T09:56:35.745+0000] {logging_mixin.py:188} INFO - [2024-03-04T09:56:35.745+0000] {dag.py:3823} INFO - Setting next_dagrun for dataset_consumes_1_and_2 to None, run_after=None
[2024-03-04T09:56:35.748+0000] {logging_mixin.py:188} INFO - [2024-03-04T09:56:35.748+0000] {dag.py:3823} INFO - Setting next_dagrun for dataset_consumes_1_never_scheduled to None, run_after=None
[2024-03-04T09:56:35.751+0000] {logging_mixin.py:188} INFO - [2024-03-04T09:56:35.751+0000] {dag.py:3823} INFO - Setting next_dagrun for dataset_consumes_unknown_never_scheduled to None, run_after=None
[2024-03-04T09:56:35.756+0000] {logging_mixin.py:188} INFO - [2024-03-04T09:56:35.756+0000] {dag.py:3823} INFO - Setting next_dagrun for dataset_produces_1 to 2024-03-03 00:00:00+00:00, run_after=2024-03-04 00:00:00+00:00
[2024-03-04T09:56:35.759+0000] {logging_mixin.py:188} INFO - [2024-03-04T09:56:35.759+0000] {dag.py:3823} INFO - Setting next_dagrun for dataset_produces_2 to None, run_after=None
[2024-03-04T09:56:35.817+0000] {processor.py:183} INFO - Processing /home/airflow/.local/lib/python3.8/site-packages/airflow/example_dags/example_datasets.py took 0.485 seconds
[2024-03-04T09:57:06.615+0000] {processor.py:161} INFO - Started process (PID=123) to work on /home/airflow/.local/lib/python3.8/site-packages/airflow/example_dags/example_datasets.py
[2024-03-04T09:57:06.617+0000] {processor.py:830} INFO - Processing file /home/airflow/.local/lib/python3.8/site-packages/airflow/example_dags/example_datasets.py for tasks to queue
[2024-03-04T09:57:06.620+0000] {logging_mixin.py:188} INFO - [2024-03-04T09:57:06.619+0000] {dagbag.py:538} INFO - Filling up the DagBag from /home/airflow/.local/lib/python3.8/site-packages/airflow/example_dags/example_datasets.py
[2024-03-04T09:57:06.633+0000] {processor.py:840} INFO - DAG(s) 'dataset_consumes_1_never_scheduled', 'dataset_produces_1', 'dataset_consumes_unknown_never_scheduled', 'dataset_produces_2', 'dataset_consumes_1', 'dataset_consumes_1_and_2' retrieved from /home/airflow/.local/lib/python3.8/site-packages/airflow/example_dags/example_datasets.py
[2024-03-04T09:57:06.685+0000] {logging_mixin.py:188} INFO - [2024-03-04T09:57:06.685+0000] {dag.py:3036} INFO - Sync 6 DAGs
[2024-03-04T09:57:06.718+0000] {logging_mixin.py:188} INFO - [2024-03-04T09:57:06.718+0000] {dag.py:3823} INFO - Setting next_dagrun for dataset_consumes_1 to None, run_after=None
[2024-03-04T09:57:06.723+0000] {logging_mixin.py:188} INFO - [2024-03-04T09:57:06.723+0000] {dag.py:3823} INFO - Setting next_dagrun for dataset_consumes_1_and_2 to None, run_after=None
[2024-03-04T09:57:06.726+0000] {logging_mixin.py:188} INFO - [2024-03-04T09:57:06.726+0000] {dag.py:3823} INFO - Setting next_dagrun for dataset_consumes_1_never_scheduled to None, run_after=None
[2024-03-04T09:57:06.728+0000] {logging_mixin.py:188} INFO - [2024-03-04T09:57:06.728+0000] {dag.py:3823} INFO - Setting next_dagrun for dataset_consumes_unknown_never_scheduled to None, run_after=None
[2024-03-04T09:57:06.733+0000] {logging_mixin.py:188} INFO - [2024-03-04T09:57:06.733+0000] {dag.py:3823} INFO - Setting next_dagrun for dataset_produces_1 to 2024-03-03 00:00:00+00:00, run_after=2024-03-04 00:00:00+00:00
[2024-03-04T09:57:06.736+0000] {logging_mixin.py:188} INFO - [2024-03-04T09:57:06.736+0000] {dag.py:3823} INFO - Setting next_dagrun for dataset_produces_2 to None, run_after=None
[2024-03-04T09:57:06.928+0000] {processor.py:183} INFO - Processing /home/airflow/.local/lib/python3.8/site-packages/airflow/example_dags/example_datasets.py took 0.317 seconds
[2024-03-04T09:57:38.001+0000] {processor.py:161} INFO - Started process (PID=180) to work on /home/airflow/.local/lib/python3.8/site-packages/airflow/example_dags/example_datasets.py
[2024-03-04T09:57:38.003+0000] {processor.py:830} INFO - Processing file /home/airflow/.local/lib/python3.8/site-packages/airflow/example_dags/example_datasets.py for tasks to queue
[2024-03-04T09:57:38.005+0000] {logging_mixin.py:188} INFO - [2024-03-04T09:57:38.005+0000] {dagbag.py:538} INFO - Filling up the DagBag from /home/airflow/.local/lib/python3.8/site-packages/airflow/example_dags/example_datasets.py
[2024-03-04T09:57:38.022+0000] {processor.py:840} INFO - DAG(s) 'dataset_produces_1', 'dataset_consumes_1', 'dataset_consumes_1_never_scheduled', 'dataset_consumes_unknown_never_scheduled', 'dataset_consumes_1_and_2', 'dataset_produces_2' retrieved from /home/airflow/.local/lib/python3.8/site-packages/airflow/example_dags/example_datasets.py
[2024-03-04T09:57:38.072+0000] {logging_mixin.py:188} INFO - [2024-03-04T09:57:38.072+0000] {dag.py:3036} INFO - Sync 6 DAGs
[2024-03-04T09:57:38.103+0000] {logging_mixin.py:188} INFO - [2024-03-04T09:57:38.102+0000] {dag.py:3823} INFO - Setting next_dagrun for dataset_consumes_1 to None, run_after=None
[2024-03-04T09:57:38.108+0000] {logging_mixin.py:188} INFO - [2024-03-04T09:57:38.107+0000] {dag.py:3823} INFO - Setting next_dagrun for dataset_consumes_1_and_2 to None, run_after=None
[2024-03-04T09:57:38.110+0000] {logging_mixin.py:188} INFO - [2024-03-04T09:57:38.110+0000] {dag.py:3823} INFO - Setting next_dagrun for dataset_consumes_1_never_scheduled to None, run_after=None
[2024-03-04T09:57:38.112+0000] {logging_mixin.py:188} INFO - [2024-03-04T09:57:38.112+0000] {dag.py:3823} INFO - Setting next_dagrun for dataset_consumes_unknown_never_scheduled to None, run_after=None
[2024-03-04T09:57:38.116+0000] {logging_mixin.py:188} INFO - [2024-03-04T09:57:38.116+0000] {dag.py:3823} INFO - Setting next_dagrun for dataset_produces_1 to 2024-03-03 00:00:00+00:00, run_after=2024-03-04 00:00:00+00:00
[2024-03-04T09:57:38.118+0000] {logging_mixin.py:188} INFO - [2024-03-04T09:57:38.118+0000] {dag.py:3823} INFO - Setting next_dagrun for dataset_produces_2 to None, run_after=None
[2024-03-04T09:57:38.192+0000] {processor.py:183} INFO - Processing /home/airflow/.local/lib/python3.8/site-packages/airflow/example_dags/example_datasets.py took 0.197 seconds
[2024-03-04T09:58:09.417+0000] {processor.py:161} INFO - Started process (PID=241) to work on /home/airflow/.local/lib/python3.8/site-packages/airflow/example_dags/example_datasets.py
[2024-03-04T09:58:09.419+0000] {processor.py:830} INFO - Processing file /home/airflow/.local/lib/python3.8/site-packages/airflow/example_dags/example_datasets.py for tasks to queue
[2024-03-04T09:58:09.424+0000] {logging_mixin.py:188} INFO - [2024-03-04T09:58:09.423+0000] {dagbag.py:538} INFO - Filling up the DagBag from /home/airflow/.local/lib/python3.8/site-packages/airflow/example_dags/example_datasets.py
[2024-03-04T09:58:09.451+0000] {processor.py:840} INFO - DAG(s) 'dataset_consumes_1_and_2', 'dataset_produces_2', 'dataset_consumes_unknown_never_scheduled', 'dataset_produces_1', 'dataset_consumes_1_never_scheduled', 'dataset_consumes_1' retrieved from /home/airflow/.local/lib/python3.8/site-packages/airflow/example_dags/example_datasets.py
[2024-03-04T09:58:09.543+0000] {logging_mixin.py:188} INFO - [2024-03-04T09:58:09.542+0000] {dag.py:3036} INFO - Sync 6 DAGs
[2024-03-04T09:58:09.587+0000] {logging_mixin.py:188} INFO - [2024-03-04T09:58:09.587+0000] {dag.py:3823} INFO - Setting next_dagrun for dataset_consumes_1 to None, run_after=None
[2024-03-04T09:58:09.594+0000] {logging_mixin.py:188} INFO - [2024-03-04T09:58:09.594+0000] {dag.py:3823} INFO - Setting next_dagrun for dataset_consumes_1_and_2 to None, run_after=None
[2024-03-04T09:58:09.596+0000] {logging_mixin.py:188} INFO - [2024-03-04T09:58:09.596+0000] {dag.py:3823} INFO - Setting next_dagrun for dataset_consumes_1_never_scheduled to None, run_after=None
[2024-03-04T09:58:09.598+0000] {logging_mixin.py:188} INFO - [2024-03-04T09:58:09.598+0000] {dag.py:3823} INFO - Setting next_dagrun for dataset_consumes_unknown_never_scheduled to None, run_after=None
[2024-03-04T09:58:09.604+0000] {logging_mixin.py:188} INFO - [2024-03-04T09:58:09.604+0000] {dag.py:3823} INFO - Setting next_dagrun for dataset_produces_1 to 2024-03-03 00:00:00+00:00, run_after=2024-03-04 00:00:00+00:00
[2024-03-04T09:58:09.607+0000] {logging_mixin.py:188} INFO - [2024-03-04T09:58:09.607+0000] {dag.py:3823} INFO - Setting next_dagrun for dataset_produces_2 to None, run_after=None
[2024-03-04T09:58:09.664+0000] {processor.py:183} INFO - Processing /home/airflow/.local/lib/python3.8/site-packages/airflow/example_dags/example_datasets.py took 0.253 seconds
[2024-03-04T09:58:40.043+0000] {processor.py:161} INFO - Started process (PID=299) to work on /home/airflow/.local/lib/python3.8/site-packages/airflow/example_dags/example_datasets.py
[2024-03-04T09:58:40.045+0000] {processor.py:830} INFO - Processing file /home/airflow/.local/lib/python3.8/site-packages/airflow/example_dags/example_datasets.py for tasks to queue
[2024-03-04T09:58:40.050+0000] {logging_mixin.py:188} INFO - [2024-03-04T09:58:40.049+0000] {dagbag.py:538} INFO - Filling up the DagBag from /home/airflow/.local/lib/python3.8/site-packages/airflow/example_dags/example_datasets.py
[2024-03-04T09:58:40.074+0000] {processor.py:840} INFO - DAG(s) 'dataset_consumes_1_and_2', 'dataset_consumes_1_never_scheduled', 'dataset_consumes_unknown_never_scheduled', 'dataset_produces_1', 'dataset_consumes_1', 'dataset_produces_2' retrieved from /home/airflow/.local/lib/python3.8/site-packages/airflow/example_dags/example_datasets.py
[2024-03-04T09:58:40.143+0000] {logging_mixin.py:188} INFO - [2024-03-04T09:58:40.142+0000] {dag.py:3036} INFO - Sync 6 DAGs
[2024-03-04T09:58:40.196+0000] {logging_mixin.py:188} INFO - [2024-03-04T09:58:40.196+0000] {dag.py:3823} INFO - Setting next_dagrun for dataset_consumes_1 to None, run_after=None
[2024-03-04T09:58:40.203+0000] {logging_mixin.py:188} INFO - [2024-03-04T09:58:40.203+0000] {dag.py:3823} INFO - Setting next_dagrun for dataset_consumes_1_and_2 to None, run_after=None
[2024-03-04T09:58:40.206+0000] {logging_mixin.py:188} INFO - [2024-03-04T09:58:40.206+0000] {dag.py:3823} INFO - Setting next_dagrun for dataset_consumes_1_never_scheduled to None, run_after=None
[2024-03-04T09:58:40.209+0000] {logging_mixin.py:188} INFO - [2024-03-04T09:58:40.209+0000] {dag.py:3823} INFO - Setting next_dagrun for dataset_consumes_unknown_never_scheduled to None, run_after=None
[2024-03-04T09:58:40.214+0000] {logging_mixin.py:188} INFO - [2024-03-04T09:58:40.213+0000] {dag.py:3823} INFO - Setting next_dagrun for dataset_produces_1 to 2024-03-03 00:00:00+00:00, run_after=2024-03-04 00:00:00+00:00
[2024-03-04T09:58:40.216+0000] {logging_mixin.py:188} INFO - [2024-03-04T09:58:40.215+0000] {dag.py:3823} INFO - Setting next_dagrun for dataset_produces_2 to None, run_after=None
[2024-03-04T09:58:40.265+0000] {processor.py:183} INFO - Processing /home/airflow/.local/lib/python3.8/site-packages/airflow/example_dags/example_datasets.py took 0.230 seconds
[2024-03-04T09:59:10.753+0000] {processor.py:161} INFO - Started process (PID=356) to work on /home/airflow/.local/lib/python3.8/site-packages/airflow/example_dags/example_datasets.py
[2024-03-04T09:59:10.755+0000] {processor.py:830} INFO - Processing file /home/airflow/.local/lib/python3.8/site-packages/airflow/example_dags/example_datasets.py for tasks to queue
[2024-03-04T09:59:10.759+0000] {logging_mixin.py:188} INFO - [2024-03-04T09:59:10.758+0000] {dagbag.py:538} INFO - Filling up the DagBag from /home/airflow/.local/lib/python3.8/site-packages/airflow/example_dags/example_datasets.py
[2024-03-04T09:59:10.775+0000] {processor.py:840} INFO - DAG(s) 'dataset_consumes_1_and_2', 'dataset_produces_1', 'dataset_consumes_unknown_never_scheduled', 'dataset_produces_2', 'dataset_consumes_1_never_scheduled', 'dataset_consumes_1' retrieved from /home/airflow/.local/lib/python3.8/site-packages/airflow/example_dags/example_datasets.py
[2024-03-04T09:59:10.839+0000] {logging_mixin.py:188} INFO - [2024-03-04T09:59:10.839+0000] {dag.py:3036} INFO - Sync 6 DAGs
[2024-03-04T09:59:10.874+0000] {logging_mixin.py:188} INFO - [2024-03-04T09:59:10.873+0000] {dag.py:3823} INFO - Setting next_dagrun for dataset_consumes_1 to None, run_after=None
[2024-03-04T09:59:10.879+0000] {logging_mixin.py:188} INFO - [2024-03-04T09:59:10.879+0000] {dag.py:3823} INFO - Setting next_dagrun for dataset_consumes_1_and_2 to None, run_after=None
[2024-03-04T09:59:10.883+0000] {logging_mixin.py:188} INFO - [2024-03-04T09:59:10.882+0000] {dag.py:3823} INFO - Setting next_dagrun for dataset_consumes_1_never_scheduled to None, run_after=None
[2024-03-04T09:59:10.885+0000] {logging_mixin.py:188} INFO - [2024-03-04T09:59:10.885+0000] {dag.py:3823} INFO - Setting next_dagrun for dataset_consumes_unknown_never_scheduled to None, run_after=None
[2024-03-04T09:59:10.890+0000] {logging_mixin.py:188} INFO - [2024-03-04T09:59:10.889+0000] {dag.py:3823} INFO - Setting next_dagrun for dataset_produces_1 to 2024-03-03 00:00:00+00:00, run_after=2024-03-04 00:00:00+00:00
[2024-03-04T09:59:10.892+0000] {logging_mixin.py:188} INFO - [2024-03-04T09:59:10.892+0000] {dag.py:3823} INFO - Setting next_dagrun for dataset_produces_2 to None, run_after=None
[2024-03-04T09:59:11.020+0000] {processor.py:183} INFO - Processing /home/airflow/.local/lib/python3.8/site-packages/airflow/example_dags/example_datasets.py took 0.271 seconds
[2024-03-04T09:59:41.844+0000] {processor.py:161} INFO - Started process (PID=412) to work on /home/airflow/.local/lib/python3.8/site-packages/airflow/example_dags/example_datasets.py
[2024-03-04T09:59:41.846+0000] {processor.py:830} INFO - Processing file /home/airflow/.local/lib/python3.8/site-packages/airflow/example_dags/example_datasets.py for tasks to queue
[2024-03-04T09:59:41.848+0000] {logging_mixin.py:188} INFO - [2024-03-04T09:59:41.848+0000] {dagbag.py:538} INFO - Filling up the DagBag from /home/airflow/.local/lib/python3.8/site-packages/airflow/example_dags/example_datasets.py
[2024-03-04T09:59:41.861+0000] {processor.py:840} INFO - DAG(s) 'dataset_consumes_1_never_scheduled', 'dataset_consumes_unknown_never_scheduled', 'dataset_consumes_1', 'dataset_produces_2', 'dataset_produces_1', 'dataset_consumes_1_and_2' retrieved from /home/airflow/.local/lib/python3.8/site-packages/airflow/example_dags/example_datasets.py
[2024-03-04T09:59:41.918+0000] {logging_mixin.py:188} INFO - [2024-03-04T09:59:41.918+0000] {dag.py:3036} INFO - Sync 6 DAGs
[2024-03-04T09:59:41.957+0000] {logging_mixin.py:188} INFO - [2024-03-04T09:59:41.956+0000] {dag.py:3823} INFO - Setting next_dagrun for dataset_consumes_1 to None, run_after=None
[2024-03-04T09:59:41.963+0000] {logging_mixin.py:188} INFO - [2024-03-04T09:59:41.963+0000] {dag.py:3823} INFO - Setting next_dagrun for dataset_consumes_1_and_2 to None, run_after=None
[2024-03-04T09:59:41.966+0000] {logging_mixin.py:188} INFO - [2024-03-04T09:59:41.965+0000] {dag.py:3823} INFO - Setting next_dagrun for dataset_consumes_1_never_scheduled to None, run_after=None
[2024-03-04T09:59:41.968+0000] {logging_mixin.py:188} INFO - [2024-03-04T09:59:41.968+0000] {dag.py:3823} INFO - Setting next_dagrun for dataset_consumes_unknown_never_scheduled to None, run_after=None
[2024-03-04T09:59:41.975+0000] {logging_mixin.py:188} INFO - [2024-03-04T09:59:41.975+0000] {dag.py:3823} INFO - Setting next_dagrun for dataset_produces_1 to 2024-03-03 00:00:00+00:00, run_after=2024-03-04 00:00:00+00:00
[2024-03-04T09:59:41.977+0000] {logging_mixin.py:188} INFO - [2024-03-04T09:59:41.977+0000] {dag.py:3823} INFO - Setting next_dagrun for dataset_produces_2 to None, run_after=None
[2024-03-04T09:59:42.083+0000] {processor.py:183} INFO - Processing /home/airflow/.local/lib/python3.8/site-packages/airflow/example_dags/example_datasets.py took 0.243 seconds
[2024-03-04T10:00:12.358+0000] {processor.py:161} INFO - Started process (PID=472) to work on /home/airflow/.local/lib/python3.8/site-packages/airflow/example_dags/example_datasets.py
[2024-03-04T10:00:12.360+0000] {processor.py:830} INFO - Processing file /home/airflow/.local/lib/python3.8/site-packages/airflow/example_dags/example_datasets.py for tasks to queue
[2024-03-04T10:00:12.363+0000] {logging_mixin.py:188} INFO - [2024-03-04T10:00:12.363+0000] {dagbag.py:538} INFO - Filling up the DagBag from /home/airflow/.local/lib/python3.8/site-packages/airflow/example_dags/example_datasets.py
[2024-03-04T10:00:12.380+0000] {processor.py:840} INFO - DAG(s) 'dataset_consumes_unknown_never_scheduled', 'dataset_consumes_1_and_2', 'dataset_consumes_1', 'dataset_consumes_1_never_scheduled', 'dataset_produces_1', 'dataset_produces_2' retrieved from /home/airflow/.local/lib/python3.8/site-packages/airflow/example_dags/example_datasets.py
[2024-03-04T10:00:12.441+0000] {logging_mixin.py:188} INFO - [2024-03-04T10:00:12.441+0000] {dag.py:3036} INFO - Sync 6 DAGs
[2024-03-04T10:00:12.478+0000] {logging_mixin.py:188} INFO - [2024-03-04T10:00:12.478+0000] {dag.py:3823} INFO - Setting next_dagrun for dataset_consumes_1 to None, run_after=None
[2024-03-04T10:00:12.486+0000] {logging_mixin.py:188} INFO - [2024-03-04T10:00:12.485+0000] {dag.py:3823} INFO - Setting next_dagrun for dataset_consumes_1_and_2 to None, run_after=None
[2024-03-04T10:00:12.488+0000] {logging_mixin.py:188} INFO - [2024-03-04T10:00:12.488+0000] {dag.py:3823} INFO - Setting next_dagrun for dataset_consumes_1_never_scheduled to None, run_after=None
[2024-03-04T10:00:12.491+0000] {logging_mixin.py:188} INFO - [2024-03-04T10:00:12.491+0000] {dag.py:3823} INFO - Setting next_dagrun for dataset_consumes_unknown_never_scheduled to None, run_after=None
[2024-03-04T10:00:12.496+0000] {logging_mixin.py:188} INFO - [2024-03-04T10:00:12.496+0000] {dag.py:3823} INFO - Setting next_dagrun for dataset_produces_1 to 2024-03-03 00:00:00+00:00, run_after=2024-03-04 00:00:00+00:00
[2024-03-04T10:00:12.499+0000] {logging_mixin.py:188} INFO - [2024-03-04T10:00:12.499+0000] {dag.py:3823} INFO - Setting next_dagrun for dataset_produces_2 to None, run_after=None
[2024-03-04T10:00:12.575+0000] {processor.py:183} INFO - Processing /home/airflow/.local/lib/python3.8/site-packages/airflow/example_dags/example_datasets.py took 0.221 seconds
[2024-03-04T10:00:42.624+0000] {processor.py:161} INFO - Started process (PID=529) to work on /home/airflow/.local/lib/python3.8/site-packages/airflow/example_dags/example_datasets.py
[2024-03-04T10:00:42.626+0000] {processor.py:830} INFO - Processing file /home/airflow/.local/lib/python3.8/site-packages/airflow/example_dags/example_datasets.py for tasks to queue
[2024-03-04T10:00:42.628+0000] {logging_mixin.py:188} INFO - [2024-03-04T10:00:42.628+0000] {dagbag.py:538} INFO - Filling up the DagBag from /home/airflow/.local/lib/python3.8/site-packages/airflow/example_dags/example_datasets.py
[2024-03-04T10:00:42.642+0000] {processor.py:840} INFO - DAG(s) 'dataset_produces_2', 'dataset_consumes_1_and_2', 'dataset_produces_1', 'dataset_consumes_1', 'dataset_consumes_unknown_never_scheduled', 'dataset_consumes_1_never_scheduled' retrieved from /home/airflow/.local/lib/python3.8/site-packages/airflow/example_dags/example_datasets.py
[2024-03-04T10:00:42.702+0000] {logging_mixin.py:188} INFO - [2024-03-04T10:00:42.702+0000] {dag.py:3036} INFO - Sync 6 DAGs
[2024-03-04T10:00:42.737+0000] {logging_mixin.py:188} INFO - [2024-03-04T10:00:42.737+0000] {dag.py:3823} INFO - Setting next_dagrun for dataset_consumes_1 to None, run_after=None
[2024-03-04T10:00:42.743+0000] {logging_mixin.py:188} INFO - [2024-03-04T10:00:42.743+0000] {dag.py:3823} INFO - Setting next_dagrun for dataset_consumes_1_and_2 to None, run_after=None
[2024-03-04T10:00:42.746+0000] {logging_mixin.py:188} INFO - [2024-03-04T10:00:42.746+0000] {dag.py:3823} INFO - Setting next_dagrun for dataset_consumes_1_never_scheduled to None, run_after=None
[2024-03-04T10:00:42.749+0000] {logging_mixin.py:188} INFO - [2024-03-04T10:00:42.749+0000] {dag.py:3823} INFO - Setting next_dagrun for dataset_consumes_unknown_never_scheduled to None, run_after=None
[2024-03-04T10:00:42.754+0000] {logging_mixin.py:188} INFO - [2024-03-04T10:00:42.754+0000] {dag.py:3823} INFO - Setting next_dagrun for dataset_produces_1 to 2024-03-03 00:00:00+00:00, run_after=2024-03-04 00:00:00+00:00
[2024-03-04T10:00:42.758+0000] {logging_mixin.py:188} INFO - [2024-03-04T10:00:42.757+0000] {dag.py:3823} INFO - Setting next_dagrun for dataset_produces_2 to None, run_after=None
[2024-03-04T10:00:42.811+0000] {processor.py:183} INFO - Processing /home/airflow/.local/lib/python3.8/site-packages/airflow/example_dags/example_datasets.py took 0.191 seconds
[2024-03-04T10:01:13.172+0000] {processor.py:161} INFO - Started process (PID=586) to work on /home/airflow/.local/lib/python3.8/site-packages/airflow/example_dags/example_datasets.py
[2024-03-04T10:01:13.176+0000] {processor.py:830} INFO - Processing file /home/airflow/.local/lib/python3.8/site-packages/airflow/example_dags/example_datasets.py for tasks to queue
[2024-03-04T10:01:13.181+0000] {logging_mixin.py:188} INFO - [2024-03-04T10:01:13.180+0000] {dagbag.py:538} INFO - Filling up the DagBag from /home/airflow/.local/lib/python3.8/site-packages/airflow/example_dags/example_datasets.py
[2024-03-04T10:01:13.215+0000] {processor.py:840} INFO - DAG(s) 'dataset_consumes_1_never_scheduled', 'dataset_produces_2', 'dataset_consumes_1', 'dataset_consumes_1_and_2', 'dataset_consumes_unknown_never_scheduled', 'dataset_produces_1' retrieved from /home/airflow/.local/lib/python3.8/site-packages/airflow/example_dags/example_datasets.py
[2024-03-04T10:01:13.332+0000] {logging_mixin.py:188} INFO - [2024-03-04T10:01:13.332+0000] {dag.py:3036} INFO - Sync 6 DAGs
[2024-03-04T10:01:13.392+0000] {logging_mixin.py:188} INFO - [2024-03-04T10:01:13.392+0000] {dag.py:3823} INFO - Setting next_dagrun for dataset_consumes_1 to None, run_after=None
[2024-03-04T10:01:13.401+0000] {logging_mixin.py:188} INFO - [2024-03-04T10:01:13.401+0000] {dag.py:3823} INFO - Setting next_dagrun for dataset_consumes_1_and_2 to None, run_after=None
[2024-03-04T10:01:13.406+0000] {logging_mixin.py:188} INFO - [2024-03-04T10:01:13.406+0000] {dag.py:3823} INFO - Setting next_dagrun for dataset_consumes_1_never_scheduled to None, run_after=None
[2024-03-04T10:01:13.410+0000] {logging_mixin.py:188} INFO - [2024-03-04T10:01:13.409+0000] {dag.py:3823} INFO - Setting next_dagrun for dataset_consumes_unknown_never_scheduled to None, run_after=None
[2024-03-04T10:01:13.424+0000] {logging_mixin.py:188} INFO - [2024-03-04T10:01:13.424+0000] {dag.py:3823} INFO - Setting next_dagrun for dataset_produces_1 to 2024-03-03 00:00:00+00:00, run_after=2024-03-04 00:00:00+00:00
[2024-03-04T10:01:13.427+0000] {logging_mixin.py:188} INFO - [2024-03-04T10:01:13.427+0000] {dag.py:3823} INFO - Setting next_dagrun for dataset_produces_2 to None, run_after=None
[2024-03-04T10:01:13.528+0000] {processor.py:183} INFO - Processing /home/airflow/.local/lib/python3.8/site-packages/airflow/example_dags/example_datasets.py took 0.367 seconds
[2024-03-04T10:01:44.304+0000] {processor.py:161} INFO - Started process (PID=643) to work on /home/airflow/.local/lib/python3.8/site-packages/airflow/example_dags/example_datasets.py
[2024-03-04T10:01:44.306+0000] {processor.py:830} INFO - Processing file /home/airflow/.local/lib/python3.8/site-packages/airflow/example_dags/example_datasets.py for tasks to queue
[2024-03-04T10:01:44.309+0000] {logging_mixin.py:188} INFO - [2024-03-04T10:01:44.309+0000] {dagbag.py:538} INFO - Filling up the DagBag from /home/airflow/.local/lib/python3.8/site-packages/airflow/example_dags/example_datasets.py
[2024-03-04T10:01:44.324+0000] {processor.py:840} INFO - DAG(s) 'dataset_consumes_1_never_scheduled', 'dataset_consumes_unknown_never_scheduled', 'dataset_consumes_1', 'dataset_consumes_1_and_2', 'dataset_produces_2', 'dataset_produces_1' retrieved from /home/airflow/.local/lib/python3.8/site-packages/airflow/example_dags/example_datasets.py
[2024-03-04T10:01:44.382+0000] {logging_mixin.py:188} INFO - [2024-03-04T10:01:44.381+0000] {dag.py:3036} INFO - Sync 6 DAGs
[2024-03-04T10:01:44.416+0000] {logging_mixin.py:188} INFO - [2024-03-04T10:01:44.415+0000] {dag.py:3823} INFO - Setting next_dagrun for dataset_consumes_1 to None, run_after=None
[2024-03-04T10:01:44.421+0000] {logging_mixin.py:188} INFO - [2024-03-04T10:01:44.421+0000] {dag.py:3823} INFO - Setting next_dagrun for dataset_consumes_1_and_2 to None, run_after=None
[2024-03-04T10:01:44.423+0000] {logging_mixin.py:188} INFO - [2024-03-04T10:01:44.423+0000] {dag.py:3823} INFO - Setting next_dagrun for dataset_consumes_1_never_scheduled to None, run_after=None
[2024-03-04T10:01:44.426+0000] {logging_mixin.py:188} INFO - [2024-03-04T10:01:44.426+0000] {dag.py:3823} INFO - Setting next_dagrun for dataset_consumes_unknown_never_scheduled to None, run_after=None
[2024-03-04T10:01:44.431+0000] {logging_mixin.py:188} INFO - [2024-03-04T10:01:44.431+0000] {dag.py:3823} INFO - Setting next_dagrun for dataset_produces_1 to 2024-03-03 00:00:00+00:00, run_after=2024-03-04 00:00:00+00:00
[2024-03-04T10:01:44.433+0000] {logging_mixin.py:188} INFO - [2024-03-04T10:01:44.433+0000] {dag.py:3823} INFO - Setting next_dagrun for dataset_produces_2 to None, run_after=None
[2024-03-04T10:01:44.483+0000] {processor.py:183} INFO - Processing /home/airflow/.local/lib/python3.8/site-packages/airflow/example_dags/example_datasets.py took 0.184 seconds
[2024-03-04T10:05:01.103+0000] {processor.py:161} INFO - Started process (PID=59) to work on /home/airflow/.local/lib/python3.8/site-packages/airflow/example_dags/example_datasets.py
[2024-03-04T10:05:01.105+0000] {processor.py:830} INFO - Processing file /home/airflow/.local/lib/python3.8/site-packages/airflow/example_dags/example_datasets.py for tasks to queue
[2024-03-04T10:05:01.109+0000] {logging_mixin.py:188} INFO - [2024-03-04T10:05:01.108+0000] {dagbag.py:538} INFO - Filling up the DagBag from /home/airflow/.local/lib/python3.8/site-packages/airflow/example_dags/example_datasets.py
[2024-03-04T10:05:01.126+0000] {processor.py:840} INFO - DAG(s) 'dataset_consumes_1_never_scheduled', 'dataset_consumes_1', 'dataset_produces_1', 'dataset_consumes_unknown_never_scheduled', 'dataset_consumes_1_and_2', 'dataset_produces_2' retrieved from /home/airflow/.local/lib/python3.8/site-packages/airflow/example_dags/example_datasets.py
[2024-03-04T10:05:01.402+0000] {logging_mixin.py:188} INFO - [2024-03-04T10:05:01.402+0000] {dag.py:3036} INFO - Sync 6 DAGs
[2024-03-04T10:05:01.442+0000] {logging_mixin.py:188} INFO - [2024-03-04T10:05:01.441+0000] {dag.py:3823} INFO - Setting next_dagrun for dataset_consumes_1 to None, run_after=None
[2024-03-04T10:05:01.446+0000] {logging_mixin.py:188} INFO - [2024-03-04T10:05:01.446+0000] {dag.py:3823} INFO - Setting next_dagrun for dataset_consumes_1_and_2 to None, run_after=None
[2024-03-04T10:05:01.449+0000] {logging_mixin.py:188} INFO - [2024-03-04T10:05:01.449+0000] {dag.py:3823} INFO - Setting next_dagrun for dataset_consumes_1_never_scheduled to None, run_after=None
[2024-03-04T10:05:01.452+0000] {logging_mixin.py:188} INFO - [2024-03-04T10:05:01.451+0000] {dag.py:3823} INFO - Setting next_dagrun for dataset_consumes_unknown_never_scheduled to None, run_after=None
[2024-03-04T10:05:01.457+0000] {logging_mixin.py:188} INFO - [2024-03-04T10:05:01.457+0000] {dag.py:3823} INFO - Setting next_dagrun for dataset_produces_1 to 2024-03-03 00:00:00+00:00, run_after=2024-03-04 00:00:00+00:00
[2024-03-04T10:05:01.460+0000] {logging_mixin.py:188} INFO - [2024-03-04T10:05:01.459+0000] {dag.py:3823} INFO - Setting next_dagrun for dataset_produces_2 to None, run_after=None
[2024-03-04T10:05:01.522+0000] {processor.py:183} INFO - Processing /home/airflow/.local/lib/python3.8/site-packages/airflow/example_dags/example_datasets.py took 0.425 seconds
[2024-03-04T10:05:32.363+0000] {processor.py:161} INFO - Started process (PID=117) to work on /home/airflow/.local/lib/python3.8/site-packages/airflow/example_dags/example_datasets.py
[2024-03-04T10:05:32.365+0000] {processor.py:830} INFO - Processing file /home/airflow/.local/lib/python3.8/site-packages/airflow/example_dags/example_datasets.py for tasks to queue
[2024-03-04T10:05:32.368+0000] {logging_mixin.py:188} INFO - [2024-03-04T10:05:32.367+0000] {dagbag.py:538} INFO - Filling up the DagBag from /home/airflow/.local/lib/python3.8/site-packages/airflow/example_dags/example_datasets.py
[2024-03-04T10:05:32.387+0000] {processor.py:840} INFO - DAG(s) 'dataset_produces_1', 'dataset_consumes_1_and_2', 'dataset_consumes_unknown_never_scheduled', 'dataset_consumes_1', 'dataset_produces_2', 'dataset_consumes_1_never_scheduled' retrieved from /home/airflow/.local/lib/python3.8/site-packages/airflow/example_dags/example_datasets.py
[2024-03-04T10:05:32.468+0000] {logging_mixin.py:188} INFO - [2024-03-04T10:05:32.467+0000] {dag.py:3036} INFO - Sync 6 DAGs
[2024-03-04T10:05:32.526+0000] {logging_mixin.py:188} INFO - [2024-03-04T10:05:32.526+0000] {dag.py:3823} INFO - Setting next_dagrun for dataset_consumes_1 to None, run_after=None
[2024-03-04T10:05:32.534+0000] {logging_mixin.py:188} INFO - [2024-03-04T10:05:32.533+0000] {dag.py:3823} INFO - Setting next_dagrun for dataset_consumes_1_and_2 to None, run_after=None
[2024-03-04T10:05:32.537+0000] {logging_mixin.py:188} INFO - [2024-03-04T10:05:32.536+0000] {dag.py:3823} INFO - Setting next_dagrun for dataset_consumes_1_never_scheduled to None, run_after=None
[2024-03-04T10:05:32.541+0000] {logging_mixin.py:188} INFO - [2024-03-04T10:05:32.541+0000] {dag.py:3823} INFO - Setting next_dagrun for dataset_consumes_unknown_never_scheduled to None, run_after=None
[2024-03-04T10:05:32.550+0000] {logging_mixin.py:188} INFO - [2024-03-04T10:05:32.550+0000] {dag.py:3823} INFO - Setting next_dagrun for dataset_produces_1 to 2024-03-03 00:00:00+00:00, run_after=2024-03-04 00:00:00+00:00
[2024-03-04T10:05:32.555+0000] {logging_mixin.py:188} INFO - [2024-03-04T10:05:32.554+0000] {dag.py:3823} INFO - Setting next_dagrun for dataset_produces_2 to None, run_after=None
[2024-03-04T10:05:32.682+0000] {processor.py:183} INFO - Processing /home/airflow/.local/lib/python3.8/site-packages/airflow/example_dags/example_datasets.py took 0.325 seconds
[2024-03-04T10:11:55.096+0000] {processor.py:161} INFO - Started process (PID=59) to work on /home/airflow/.local/lib/python3.8/site-packages/airflow/example_dags/example_datasets.py
[2024-03-04T10:11:55.098+0000] {processor.py:830} INFO - Processing file /home/airflow/.local/lib/python3.8/site-packages/airflow/example_dags/example_datasets.py for tasks to queue
[2024-03-04T10:11:55.101+0000] {logging_mixin.py:188} INFO - [2024-03-04T10:11:55.100+0000] {dagbag.py:538} INFO - Filling up the DagBag from /home/airflow/.local/lib/python3.8/site-packages/airflow/example_dags/example_datasets.py
[2024-03-04T10:11:55.118+0000] {processor.py:840} INFO - DAG(s) 'dataset_consumes_1', 'dataset_produces_1', 'dataset_produces_2', 'dataset_consumes_1_and_2', 'dataset_consumes_1_never_scheduled', 'dataset_consumes_unknown_never_scheduled' retrieved from /home/airflow/.local/lib/python3.8/site-packages/airflow/example_dags/example_datasets.py
[2024-03-04T10:11:55.382+0000] {logging_mixin.py:188} INFO - [2024-03-04T10:11:55.381+0000] {dag.py:3036} INFO - Sync 6 DAGs
[2024-03-04T10:11:55.426+0000] {logging_mixin.py:188} INFO - [2024-03-04T10:11:55.425+0000] {dag.py:3823} INFO - Setting next_dagrun for dataset_consumes_1 to None, run_after=None
[2024-03-04T10:11:55.434+0000] {logging_mixin.py:188} INFO - [2024-03-04T10:11:55.433+0000] {dag.py:3823} INFO - Setting next_dagrun for dataset_consumes_1_and_2 to None, run_after=None
[2024-03-04T10:11:55.438+0000] {logging_mixin.py:188} INFO - [2024-03-04T10:11:55.438+0000] {dag.py:3823} INFO - Setting next_dagrun for dataset_consumes_1_never_scheduled to None, run_after=None
[2024-03-04T10:11:55.441+0000] {logging_mixin.py:188} INFO - [2024-03-04T10:11:55.441+0000] {dag.py:3823} INFO - Setting next_dagrun for dataset_consumes_unknown_never_scheduled to None, run_after=None
[2024-03-04T10:11:55.446+0000] {logging_mixin.py:188} INFO - [2024-03-04T10:11:55.445+0000] {dag.py:3823} INFO - Setting next_dagrun for dataset_produces_1 to 2024-03-03 00:00:00+00:00, run_after=2024-03-04 00:00:00+00:00
[2024-03-04T10:11:55.448+0000] {logging_mixin.py:188} INFO - [2024-03-04T10:11:55.448+0000] {dag.py:3823} INFO - Setting next_dagrun for dataset_produces_2 to None, run_after=None
[2024-03-04T10:11:55.520+0000] {processor.py:183} INFO - Processing /home/airflow/.local/lib/python3.8/site-packages/airflow/example_dags/example_datasets.py took 0.428 seconds
[2024-03-04T10:12:25.592+0000] {processor.py:161} INFO - Started process (PID=116) to work on /home/airflow/.local/lib/python3.8/site-packages/airflow/example_dags/example_datasets.py
[2024-03-04T10:12:25.594+0000] {processor.py:830} INFO - Processing file /home/airflow/.local/lib/python3.8/site-packages/airflow/example_dags/example_datasets.py for tasks to queue
[2024-03-04T10:12:25.596+0000] {logging_mixin.py:188} INFO - [2024-03-04T10:12:25.596+0000] {dagbag.py:538} INFO - Filling up the DagBag from /home/airflow/.local/lib/python3.8/site-packages/airflow/example_dags/example_datasets.py
[2024-03-04T10:12:25.612+0000] {processor.py:840} INFO - DAG(s) 'dataset_consumes_1_and_2', 'dataset_consumes_1', 'dataset_produces_1', 'dataset_consumes_unknown_never_scheduled', 'dataset_consumes_1_never_scheduled', 'dataset_produces_2' retrieved from /home/airflow/.local/lib/python3.8/site-packages/airflow/example_dags/example_datasets.py
[2024-03-04T10:12:25.668+0000] {logging_mixin.py:188} INFO - [2024-03-04T10:12:25.667+0000] {dag.py:3036} INFO - Sync 6 DAGs
[2024-03-04T10:12:25.700+0000] {logging_mixin.py:188} INFO - [2024-03-04T10:12:25.700+0000] {dag.py:3823} INFO - Setting next_dagrun for dataset_consumes_1 to None, run_after=None
[2024-03-04T10:12:25.707+0000] {logging_mixin.py:188} INFO - [2024-03-04T10:12:25.706+0000] {dag.py:3823} INFO - Setting next_dagrun for dataset_consumes_1_and_2 to None, run_after=None
[2024-03-04T10:12:25.709+0000] {logging_mixin.py:188} INFO - [2024-03-04T10:12:25.709+0000] {dag.py:3823} INFO - Setting next_dagrun for dataset_consumes_1_never_scheduled to None, run_after=None
[2024-03-04T10:12:25.711+0000] {logging_mixin.py:188} INFO - [2024-03-04T10:12:25.711+0000] {dag.py:3823} INFO - Setting next_dagrun for dataset_consumes_unknown_never_scheduled to None, run_after=None
[2024-03-04T10:12:25.716+0000] {logging_mixin.py:188} INFO - [2024-03-04T10:12:25.716+0000] {dag.py:3823} INFO - Setting next_dagrun for dataset_produces_1 to 2024-03-03 00:00:00+00:00, run_after=2024-03-04 00:00:00+00:00
[2024-03-04T10:12:25.718+0000] {logging_mixin.py:188} INFO - [2024-03-04T10:12:25.718+0000] {dag.py:3823} INFO - Setting next_dagrun for dataset_produces_2 to None, run_after=None
[2024-03-04T10:12:25.765+0000] {processor.py:183} INFO - Processing /home/airflow/.local/lib/python3.8/site-packages/airflow/example_dags/example_datasets.py took 0.177 seconds
[2024-03-04T10:12:56.425+0000] {processor.py:161} INFO - Started process (PID=173) to work on /home/airflow/.local/lib/python3.8/site-packages/airflow/example_dags/example_datasets.py
[2024-03-04T10:12:56.427+0000] {processor.py:830} INFO - Processing file /home/airflow/.local/lib/python3.8/site-packages/airflow/example_dags/example_datasets.py for tasks to queue
[2024-03-04T10:12:56.430+0000] {logging_mixin.py:188} INFO - [2024-03-04T10:12:56.429+0000] {dagbag.py:538} INFO - Filling up the DagBag from /home/airflow/.local/lib/python3.8/site-packages/airflow/example_dags/example_datasets.py
[2024-03-04T10:12:56.444+0000] {processor.py:840} INFO - DAG(s) 'dataset_consumes_1_and_2', 'dataset_produces_2', 'dataset_consumes_unknown_never_scheduled', 'dataset_consumes_1_never_scheduled', 'dataset_produces_1', 'dataset_consumes_1' retrieved from /home/airflow/.local/lib/python3.8/site-packages/airflow/example_dags/example_datasets.py
[2024-03-04T10:12:56.500+0000] {logging_mixin.py:188} INFO - [2024-03-04T10:12:56.500+0000] {dag.py:3036} INFO - Sync 6 DAGs
[2024-03-04T10:12:56.531+0000] {logging_mixin.py:188} INFO - [2024-03-04T10:12:56.530+0000] {dag.py:3823} INFO - Setting next_dagrun for dataset_consumes_1 to None, run_after=None
[2024-03-04T10:12:56.536+0000] {logging_mixin.py:188} INFO - [2024-03-04T10:12:56.535+0000] {dag.py:3823} INFO - Setting next_dagrun for dataset_consumes_1_and_2 to None, run_after=None
[2024-03-04T10:12:56.538+0000] {logging_mixin.py:188} INFO - [2024-03-04T10:12:56.538+0000] {dag.py:3823} INFO - Setting next_dagrun for dataset_consumes_1_never_scheduled to None, run_after=None
[2024-03-04T10:12:56.540+0000] {logging_mixin.py:188} INFO - [2024-03-04T10:12:56.540+0000] {dag.py:3823} INFO - Setting next_dagrun for dataset_consumes_unknown_never_scheduled to None, run_after=None
[2024-03-04T10:12:56.545+0000] {logging_mixin.py:188} INFO - [2024-03-04T10:12:56.544+0000] {dag.py:3823} INFO - Setting next_dagrun for dataset_produces_1 to 2024-03-03 00:00:00+00:00, run_after=2024-03-04 00:00:00+00:00
[2024-03-04T10:12:56.547+0000] {logging_mixin.py:188} INFO - [2024-03-04T10:12:56.547+0000] {dag.py:3823} INFO - Setting next_dagrun for dataset_produces_2 to None, run_after=None
[2024-03-04T10:12:56.598+0000] {processor.py:183} INFO - Processing /home/airflow/.local/lib/python3.8/site-packages/airflow/example_dags/example_datasets.py took 0.178 seconds
[2024-03-04T10:15:43.601+0000] {processor.py:161} INFO - Started process (PID=59) to work on /home/airflow/.local/lib/python3.8/site-packages/airflow/example_dags/example_datasets.py
[2024-03-04T10:15:43.603+0000] {processor.py:830} INFO - Processing file /home/airflow/.local/lib/python3.8/site-packages/airflow/example_dags/example_datasets.py for tasks to queue
[2024-03-04T10:15:43.606+0000] {logging_mixin.py:188} INFO - [2024-03-04T10:15:43.606+0000] {dagbag.py:538} INFO - Filling up the DagBag from /home/airflow/.local/lib/python3.8/site-packages/airflow/example_dags/example_datasets.py
[2024-03-04T10:15:43.626+0000] {processor.py:840} INFO - DAG(s) 'dataset_consumes_1_and_2', 'dataset_consumes_1_never_scheduled', 'dataset_produces_1', 'dataset_consumes_1', 'dataset_produces_2', 'dataset_consumes_unknown_never_scheduled' retrieved from /home/airflow/.local/lib/python3.8/site-packages/airflow/example_dags/example_datasets.py
[2024-03-04T10:15:43.923+0000] {logging_mixin.py:188} INFO - [2024-03-04T10:15:43.922+0000] {dag.py:3036} INFO - Sync 6 DAGs
[2024-03-04T10:15:43.974+0000] {logging_mixin.py:188} INFO - [2024-03-04T10:15:43.973+0000] {dag.py:3823} INFO - Setting next_dagrun for dataset_consumes_1 to None, run_after=None
[2024-03-04T10:15:43.984+0000] {logging_mixin.py:188} INFO - [2024-03-04T10:15:43.983+0000] {dag.py:3823} INFO - Setting next_dagrun for dataset_consumes_1_and_2 to None, run_after=None
[2024-03-04T10:15:43.987+0000] {logging_mixin.py:188} INFO - [2024-03-04T10:15:43.987+0000] {dag.py:3823} INFO - Setting next_dagrun for dataset_consumes_1_never_scheduled to None, run_after=None
[2024-03-04T10:15:43.991+0000] {logging_mixin.py:188} INFO - [2024-03-04T10:15:43.991+0000] {dag.py:3823} INFO - Setting next_dagrun for dataset_consumes_unknown_never_scheduled to None, run_after=None
[2024-03-04T10:15:43.999+0000] {logging_mixin.py:188} INFO - [2024-03-04T10:15:43.998+0000] {dag.py:3823} INFO - Setting next_dagrun for dataset_produces_1 to 2024-03-03 00:00:00+00:00, run_after=2024-03-04 00:00:00+00:00
[2024-03-04T10:15:44.003+0000] {logging_mixin.py:188} INFO - [2024-03-04T10:15:44.003+0000] {dag.py:3823} INFO - Setting next_dagrun for dataset_produces_2 to None, run_after=None
[2024-03-04T10:15:44.110+0000] {processor.py:183} INFO - Processing /home/airflow/.local/lib/python3.8/site-packages/airflow/example_dags/example_datasets.py took 0.516 seconds
[2024-03-04T10:16:14.279+0000] {processor.py:161} INFO - Started process (PID=116) to work on /home/airflow/.local/lib/python3.8/site-packages/airflow/example_dags/example_datasets.py
[2024-03-04T10:16:14.282+0000] {processor.py:830} INFO - Processing file /home/airflow/.local/lib/python3.8/site-packages/airflow/example_dags/example_datasets.py for tasks to queue
[2024-03-04T10:16:14.285+0000] {logging_mixin.py:188} INFO - [2024-03-04T10:16:14.285+0000] {dagbag.py:538} INFO - Filling up the DagBag from /home/airflow/.local/lib/python3.8/site-packages/airflow/example_dags/example_datasets.py
[2024-03-04T10:16:14.311+0000] {processor.py:840} INFO - DAG(s) 'dataset_consumes_1_and_2', 'dataset_consumes_1', 'dataset_produces_2', 'dataset_produces_1', 'dataset_consumes_unknown_never_scheduled', 'dataset_consumes_1_never_scheduled' retrieved from /home/airflow/.local/lib/python3.8/site-packages/airflow/example_dags/example_datasets.py
[2024-03-04T10:16:14.373+0000] {logging_mixin.py:188} INFO - [2024-03-04T10:16:14.372+0000] {dag.py:3036} INFO - Sync 6 DAGs
[2024-03-04T10:16:14.417+0000] {logging_mixin.py:188} INFO - [2024-03-04T10:16:14.417+0000] {dag.py:3823} INFO - Setting next_dagrun for dataset_consumes_1 to None, run_after=None
[2024-03-04T10:16:14.424+0000] {logging_mixin.py:188} INFO - [2024-03-04T10:16:14.423+0000] {dag.py:3823} INFO - Setting next_dagrun for dataset_consumes_1_and_2 to None, run_after=None
[2024-03-04T10:16:14.428+0000] {logging_mixin.py:188} INFO - [2024-03-04T10:16:14.427+0000] {dag.py:3823} INFO - Setting next_dagrun for dataset_consumes_1_never_scheduled to None, run_after=None
[2024-03-04T10:16:14.431+0000] {logging_mixin.py:188} INFO - [2024-03-04T10:16:14.431+0000] {dag.py:3823} INFO - Setting next_dagrun for dataset_consumes_unknown_never_scheduled to None, run_after=None
[2024-03-04T10:16:14.438+0000] {logging_mixin.py:188} INFO - [2024-03-04T10:16:14.438+0000] {dag.py:3823} INFO - Setting next_dagrun for dataset_produces_1 to 2024-03-03 00:00:00+00:00, run_after=2024-03-04 00:00:00+00:00
[2024-03-04T10:16:14.441+0000] {logging_mixin.py:188} INFO - [2024-03-04T10:16:14.440+0000] {dag.py:3823} INFO - Setting next_dagrun for dataset_produces_2 to None, run_after=None
[2024-03-04T10:16:14.535+0000] {processor.py:183} INFO - Processing /home/airflow/.local/lib/python3.8/site-packages/airflow/example_dags/example_datasets.py took 0.262 seconds
[2024-03-04T10:16:44.806+0000] {processor.py:161} INFO - Started process (PID=173) to work on /home/airflow/.local/lib/python3.8/site-packages/airflow/example_dags/example_datasets.py
[2024-03-04T10:16:44.807+0000] {processor.py:830} INFO - Processing file /home/airflow/.local/lib/python3.8/site-packages/airflow/example_dags/example_datasets.py for tasks to queue
[2024-03-04T10:16:44.810+0000] {logging_mixin.py:188} INFO - [2024-03-04T10:16:44.809+0000] {dagbag.py:538} INFO - Filling up the DagBag from /home/airflow/.local/lib/python3.8/site-packages/airflow/example_dags/example_datasets.py
[2024-03-04T10:16:44.821+0000] {processor.py:840} INFO - DAG(s) 'dataset_produces_2', 'dataset_consumes_1_never_scheduled', 'dataset_consumes_1', 'dataset_produces_1', 'dataset_consumes_unknown_never_scheduled', 'dataset_consumes_1_and_2' retrieved from /home/airflow/.local/lib/python3.8/site-packages/airflow/example_dags/example_datasets.py
[2024-03-04T10:16:44.874+0000] {logging_mixin.py:188} INFO - [2024-03-04T10:16:44.873+0000] {dag.py:3036} INFO - Sync 6 DAGs
[2024-03-04T10:16:44.906+0000] {logging_mixin.py:188} INFO - [2024-03-04T10:16:44.905+0000] {dag.py:3823} INFO - Setting next_dagrun for dataset_consumes_1 to None, run_after=None
[2024-03-04T10:16:44.911+0000] {logging_mixin.py:188} INFO - [2024-03-04T10:16:44.910+0000] {dag.py:3823} INFO - Setting next_dagrun for dataset_consumes_1_and_2 to None, run_after=None
[2024-03-04T10:16:44.913+0000] {logging_mixin.py:188} INFO - [2024-03-04T10:16:44.913+0000] {dag.py:3823} INFO - Setting next_dagrun for dataset_consumes_1_never_scheduled to None, run_after=None
[2024-03-04T10:16:44.916+0000] {logging_mixin.py:188} INFO - [2024-03-04T10:16:44.915+0000] {dag.py:3823} INFO - Setting next_dagrun for dataset_consumes_unknown_never_scheduled to None, run_after=None
[2024-03-04T10:16:44.921+0000] {logging_mixin.py:188} INFO - [2024-03-04T10:16:44.921+0000] {dag.py:3823} INFO - Setting next_dagrun for dataset_produces_1 to 2024-03-03 00:00:00+00:00, run_after=2024-03-04 00:00:00+00:00
[2024-03-04T10:16:44.924+0000] {logging_mixin.py:188} INFO - [2024-03-04T10:16:44.923+0000] {dag.py:3823} INFO - Setting next_dagrun for dataset_produces_2 to None, run_after=None
[2024-03-04T10:16:44.976+0000] {processor.py:183} INFO - Processing /home/airflow/.local/lib/python3.8/site-packages/airflow/example_dags/example_datasets.py took 0.174 seconds
