[2024-03-04T09:52:10.473+0000] {processor.py:161} INFO - Started process (PID=48) to work on /home/airflow/.local/lib/python3.8/site-packages/airflow/example_dags/example_branch_day_of_week_operator.py
[2024-03-04T09:52:10.481+0000] {processor.py:830} INFO - Processing file /home/airflow/.local/lib/python3.8/site-packages/airflow/example_dags/example_branch_day_of_week_operator.py for tasks to queue
[2024-03-04T09:52:10.485+0000] {logging_mixin.py:188} INFO - [2024-03-04T09:52:10.484+0000] {dagbag.py:538} INFO - Filling up the DagBag from /home/airflow/.local/lib/python3.8/site-packages/airflow/example_dags/example_branch_day_of_week_operator.py
[2024-03-04T09:52:10.508+0000] {processor.py:840} INFO - DAG(s) 'example_weekday_branch_operator' retrieved from /home/airflow/.local/lib/python3.8/site-packages/airflow/example_dags/example_branch_day_of_week_operator.py
[2024-03-04T09:52:10.896+0000] {logging_mixin.py:188} INFO - [2024-03-04T09:52:10.894+0000] {override.py:1769} INFO - Created Permission View: can read on DAG:example_weekday_branch_operator
[2024-03-04T09:52:10.953+0000] {logging_mixin.py:188} INFO - [2024-03-04T09:52:10.951+0000] {override.py:1769} INFO - Created Permission View: can delete on DAG:example_weekday_branch_operator
[2024-03-04T09:52:11.003+0000] {logging_mixin.py:188} INFO - [2024-03-04T09:52:11.002+0000] {override.py:1769} INFO - Created Permission View: can edit on DAG:example_weekday_branch_operator
[2024-03-04T09:52:11.004+0000] {logging_mixin.py:188} INFO - [2024-03-04T09:52:11.004+0000] {dag.py:3036} INFO - Sync 1 DAGs
[2024-03-04T09:52:11.037+0000] {logging_mixin.py:188} INFO - [2024-03-04T09:52:11.037+0000] {dag.py:3058} INFO - Creating ORM DAG for example_weekday_branch_operator
[2024-03-04T09:52:11.072+0000] {logging_mixin.py:188} INFO - [2024-03-04T09:52:11.071+0000] {dag.py:3823} INFO - Setting next_dagrun for example_weekday_branch_operator to 2024-03-03 00:00:00+00:00, run_after=2024-03-04 00:00:00+00:00
[2024-03-04T09:52:11.108+0000] {processor.py:183} INFO - Processing /home/airflow/.local/lib/python3.8/site-packages/airflow/example_dags/example_branch_day_of_week_operator.py took 0.642 seconds
[2024-03-04T09:52:41.652+0000] {processor.py:161} INFO - Started process (PID=104) to work on /home/airflow/.local/lib/python3.8/site-packages/airflow/example_dags/example_branch_day_of_week_operator.py
[2024-03-04T09:52:41.656+0000] {processor.py:830} INFO - Processing file /home/airflow/.local/lib/python3.8/site-packages/airflow/example_dags/example_branch_day_of_week_operator.py for tasks to queue
[2024-03-04T09:52:41.662+0000] {logging_mixin.py:188} INFO - [2024-03-04T09:52:41.662+0000] {dagbag.py:538} INFO - Filling up the DagBag from /home/airflow/.local/lib/python3.8/site-packages/airflow/example_dags/example_branch_day_of_week_operator.py
[2024-03-04T09:52:41.688+0000] {processor.py:840} INFO - DAG(s) 'example_weekday_branch_operator' retrieved from /home/airflow/.local/lib/python3.8/site-packages/airflow/example_dags/example_branch_day_of_week_operator.py
[2024-03-04T09:52:41.756+0000] {logging_mixin.py:188} INFO - [2024-03-04T09:52:41.756+0000] {dag.py:3036} INFO - Sync 1 DAGs
[2024-03-04T09:52:41.812+0000] {logging_mixin.py:188} INFO - [2024-03-04T09:52:41.812+0000] {dag.py:3823} INFO - Setting next_dagrun for example_weekday_branch_operator to 2024-03-03 00:00:00+00:00, run_after=2024-03-04 00:00:00+00:00
[2024-03-04T09:52:41.859+0000] {processor.py:183} INFO - Processing /home/airflow/.local/lib/python3.8/site-packages/airflow/example_dags/example_branch_day_of_week_operator.py took 0.214 seconds
[2024-03-04T09:53:12.611+0000] {processor.py:161} INFO - Started process (PID=161) to work on /home/airflow/.local/lib/python3.8/site-packages/airflow/example_dags/example_branch_day_of_week_operator.py
[2024-03-04T09:53:12.613+0000] {processor.py:830} INFO - Processing file /home/airflow/.local/lib/python3.8/site-packages/airflow/example_dags/example_branch_day_of_week_operator.py for tasks to queue
[2024-03-04T09:53:12.618+0000] {logging_mixin.py:188} INFO - [2024-03-04T09:53:12.616+0000] {dagbag.py:538} INFO - Filling up the DagBag from /home/airflow/.local/lib/python3.8/site-packages/airflow/example_dags/example_branch_day_of_week_operator.py
[2024-03-04T09:53:12.639+0000] {processor.py:840} INFO - DAG(s) 'example_weekday_branch_operator' retrieved from /home/airflow/.local/lib/python3.8/site-packages/airflow/example_dags/example_branch_day_of_week_operator.py
[2024-03-04T09:53:12.687+0000] {logging_mixin.py:188} INFO - [2024-03-04T09:53:12.686+0000] {dag.py:3036} INFO - Sync 1 DAGs
[2024-03-04T09:53:12.751+0000] {logging_mixin.py:188} INFO - [2024-03-04T09:53:12.750+0000] {dag.py:3823} INFO - Setting next_dagrun for example_weekday_branch_operator to 2024-03-03 00:00:00+00:00, run_after=2024-03-04 00:00:00+00:00
[2024-03-04T09:53:12.819+0000] {processor.py:183} INFO - Processing /home/airflow/.local/lib/python3.8/site-packages/airflow/example_dags/example_branch_day_of_week_operator.py took 0.215 seconds
[2024-03-04T09:53:42.983+0000] {processor.py:161} INFO - Started process (PID=218) to work on /home/airflow/.local/lib/python3.8/site-packages/airflow/example_dags/example_branch_day_of_week_operator.py
[2024-03-04T09:53:42.985+0000] {processor.py:830} INFO - Processing file /home/airflow/.local/lib/python3.8/site-packages/airflow/example_dags/example_branch_day_of_week_operator.py for tasks to queue
[2024-03-04T09:53:42.989+0000] {logging_mixin.py:188} INFO - [2024-03-04T09:53:42.988+0000] {dagbag.py:538} INFO - Filling up the DagBag from /home/airflow/.local/lib/python3.8/site-packages/airflow/example_dags/example_branch_day_of_week_operator.py
[2024-03-04T09:53:43.006+0000] {processor.py:840} INFO - DAG(s) 'example_weekday_branch_operator' retrieved from /home/airflow/.local/lib/python3.8/site-packages/airflow/example_dags/example_branch_day_of_week_operator.py
[2024-03-04T09:53:43.053+0000] {logging_mixin.py:188} INFO - [2024-03-04T09:53:43.053+0000] {dag.py:3036} INFO - Sync 1 DAGs
[2024-03-04T09:53:43.105+0000] {logging_mixin.py:188} INFO - [2024-03-04T09:53:43.105+0000] {dag.py:3823} INFO - Setting next_dagrun for example_weekday_branch_operator to 2024-03-03 00:00:00+00:00, run_after=2024-03-04 00:00:00+00:00
[2024-03-04T09:53:43.145+0000] {processor.py:183} INFO - Processing /home/airflow/.local/lib/python3.8/site-packages/airflow/example_dags/example_branch_day_of_week_operator.py took 0.168 seconds
[2024-03-04T09:56:31.551+0000] {processor.py:161} INFO - Started process (PID=42) to work on /home/airflow/.local/lib/python3.8/site-packages/airflow/example_dags/example_branch_day_of_week_operator.py
[2024-03-04T09:56:31.552+0000] {processor.py:830} INFO - Processing file /home/airflow/.local/lib/python3.8/site-packages/airflow/example_dags/example_branch_day_of_week_operator.py for tasks to queue
[2024-03-04T09:56:31.556+0000] {logging_mixin.py:188} INFO - [2024-03-04T09:56:31.555+0000] {dagbag.py:538} INFO - Filling up the DagBag from /home/airflow/.local/lib/python3.8/site-packages/airflow/example_dags/example_branch_day_of_week_operator.py
[2024-03-04T09:56:31.578+0000] {processor.py:840} INFO - DAG(s) 'example_weekday_branch_operator' retrieved from /home/airflow/.local/lib/python3.8/site-packages/airflow/example_dags/example_branch_day_of_week_operator.py
[2024-03-04T09:56:31.755+0000] {logging_mixin.py:188} INFO - [2024-03-04T09:56:31.755+0000] {dag.py:3036} INFO - Sync 1 DAGs
[2024-03-04T09:56:31.793+0000] {logging_mixin.py:188} INFO - [2024-03-04T09:56:31.793+0000] {dag.py:3823} INFO - Setting next_dagrun for example_weekday_branch_operator to 2024-03-03 00:00:00+00:00, run_after=2024-03-04 00:00:00+00:00
[2024-03-04T09:56:31.826+0000] {processor.py:183} INFO - Processing /home/airflow/.local/lib/python3.8/site-packages/airflow/example_dags/example_branch_day_of_week_operator.py took 0.280 seconds
[2024-03-04T09:57:02.859+0000] {processor.py:161} INFO - Started process (PID=97) to work on /home/airflow/.local/lib/python3.8/site-packages/airflow/example_dags/example_branch_day_of_week_operator.py
[2024-03-04T09:57:02.860+0000] {processor.py:830} INFO - Processing file /home/airflow/.local/lib/python3.8/site-packages/airflow/example_dags/example_branch_day_of_week_operator.py for tasks to queue
[2024-03-04T09:57:02.863+0000] {logging_mixin.py:188} INFO - [2024-03-04T09:57:02.862+0000] {dagbag.py:538} INFO - Filling up the DagBag from /home/airflow/.local/lib/python3.8/site-packages/airflow/example_dags/example_branch_day_of_week_operator.py
[2024-03-04T09:57:02.874+0000] {processor.py:840} INFO - DAG(s) 'example_weekday_branch_operator' retrieved from /home/airflow/.local/lib/python3.8/site-packages/airflow/example_dags/example_branch_day_of_week_operator.py
[2024-03-04T09:57:02.906+0000] {logging_mixin.py:188} INFO - [2024-03-04T09:57:02.905+0000] {dag.py:3036} INFO - Sync 1 DAGs
[2024-03-04T09:57:02.935+0000] {logging_mixin.py:188} INFO - [2024-03-04T09:57:02.935+0000] {dag.py:3823} INFO - Setting next_dagrun for example_weekday_branch_operator to 2024-03-03 00:00:00+00:00, run_after=2024-03-04 00:00:00+00:00
[2024-03-04T09:57:03.024+0000] {processor.py:183} INFO - Processing /home/airflow/.local/lib/python3.8/site-packages/airflow/example_dags/example_branch_day_of_week_operator.py took 0.169 seconds
[2024-03-04T09:57:33.414+0000] {processor.py:161} INFO - Started process (PID=154) to work on /home/airflow/.local/lib/python3.8/site-packages/airflow/example_dags/example_branch_day_of_week_operator.py
[2024-03-04T09:57:33.416+0000] {processor.py:830} INFO - Processing file /home/airflow/.local/lib/python3.8/site-packages/airflow/example_dags/example_branch_day_of_week_operator.py for tasks to queue
[2024-03-04T09:57:33.419+0000] {logging_mixin.py:188} INFO - [2024-03-04T09:57:33.418+0000] {dagbag.py:538} INFO - Filling up the DagBag from /home/airflow/.local/lib/python3.8/site-packages/airflow/example_dags/example_branch_day_of_week_operator.py
[2024-03-04T09:57:33.429+0000] {processor.py:840} INFO - DAG(s) 'example_weekday_branch_operator' retrieved from /home/airflow/.local/lib/python3.8/site-packages/airflow/example_dags/example_branch_day_of_week_operator.py
[2024-03-04T09:57:33.457+0000] {logging_mixin.py:188} INFO - [2024-03-04T09:57:33.457+0000] {dag.py:3036} INFO - Sync 1 DAGs
[2024-03-04T09:57:33.486+0000] {logging_mixin.py:188} INFO - [2024-03-04T09:57:33.485+0000] {dag.py:3823} INFO - Setting next_dagrun for example_weekday_branch_operator to 2024-03-03 00:00:00+00:00, run_after=2024-03-04 00:00:00+00:00
[2024-03-04T09:57:33.541+0000] {processor.py:183} INFO - Processing /home/airflow/.local/lib/python3.8/site-packages/airflow/example_dags/example_branch_day_of_week_operator.py took 0.131 seconds
[2024-03-04T09:58:03.872+0000] {processor.py:161} INFO - Started process (PID=211) to work on /home/airflow/.local/lib/python3.8/site-packages/airflow/example_dags/example_branch_day_of_week_operator.py
[2024-03-04T09:58:03.875+0000] {processor.py:830} INFO - Processing file /home/airflow/.local/lib/python3.8/site-packages/airflow/example_dags/example_branch_day_of_week_operator.py for tasks to queue
[2024-03-04T09:58:03.878+0000] {logging_mixin.py:188} INFO - [2024-03-04T09:58:03.878+0000] {dagbag.py:538} INFO - Filling up the DagBag from /home/airflow/.local/lib/python3.8/site-packages/airflow/example_dags/example_branch_day_of_week_operator.py
[2024-03-04T09:58:03.896+0000] {processor.py:840} INFO - DAG(s) 'example_weekday_branch_operator' retrieved from /home/airflow/.local/lib/python3.8/site-packages/airflow/example_dags/example_branch_day_of_week_operator.py
[2024-03-04T09:58:03.936+0000] {logging_mixin.py:188} INFO - [2024-03-04T09:58:03.936+0000] {dag.py:3036} INFO - Sync 1 DAGs
[2024-03-04T09:58:03.982+0000] {logging_mixin.py:188} INFO - [2024-03-04T09:58:03.982+0000] {dag.py:3823} INFO - Setting next_dagrun for example_weekday_branch_operator to 2024-03-03 00:00:00+00:00, run_after=2024-03-04 00:00:00+00:00
[2024-03-04T09:58:04.057+0000] {processor.py:183} INFO - Processing /home/airflow/.local/lib/python3.8/site-packages/airflow/example_dags/example_branch_day_of_week_operator.py took 0.192 seconds
[2024-03-04T09:58:34.148+0000] {processor.py:161} INFO - Started process (PID=272) to work on /home/airflow/.local/lib/python3.8/site-packages/airflow/example_dags/example_branch_day_of_week_operator.py
[2024-03-04T09:58:34.149+0000] {processor.py:830} INFO - Processing file /home/airflow/.local/lib/python3.8/site-packages/airflow/example_dags/example_branch_day_of_week_operator.py for tasks to queue
[2024-03-04T09:58:34.152+0000] {logging_mixin.py:188} INFO - [2024-03-04T09:58:34.152+0000] {dagbag.py:538} INFO - Filling up the DagBag from /home/airflow/.local/lib/python3.8/site-packages/airflow/example_dags/example_branch_day_of_week_operator.py
[2024-03-04T09:58:34.165+0000] {processor.py:840} INFO - DAG(s) 'example_weekday_branch_operator' retrieved from /home/airflow/.local/lib/python3.8/site-packages/airflow/example_dags/example_branch_day_of_week_operator.py
[2024-03-04T09:58:34.199+0000] {logging_mixin.py:188} INFO - [2024-03-04T09:58:34.199+0000] {dag.py:3036} INFO - Sync 1 DAGs
[2024-03-04T09:58:34.237+0000] {logging_mixin.py:188} INFO - [2024-03-04T09:58:34.236+0000] {dag.py:3823} INFO - Setting next_dagrun for example_weekday_branch_operator to 2024-03-03 00:00:00+00:00, run_after=2024-03-04 00:00:00+00:00
[2024-03-04T09:58:34.267+0000] {processor.py:183} INFO - Processing /home/airflow/.local/lib/python3.8/site-packages/airflow/example_dags/example_branch_day_of_week_operator.py took 0.123 seconds
[2024-03-04T09:59:04.804+0000] {processor.py:161} INFO - Started process (PID=330) to work on /home/airflow/.local/lib/python3.8/site-packages/airflow/example_dags/example_branch_day_of_week_operator.py
[2024-03-04T09:59:04.806+0000] {processor.py:830} INFO - Processing file /home/airflow/.local/lib/python3.8/site-packages/airflow/example_dags/example_branch_day_of_week_operator.py for tasks to queue
[2024-03-04T09:59:04.809+0000] {logging_mixin.py:188} INFO - [2024-03-04T09:59:04.808+0000] {dagbag.py:538} INFO - Filling up the DagBag from /home/airflow/.local/lib/python3.8/site-packages/airflow/example_dags/example_branch_day_of_week_operator.py
[2024-03-04T09:59:04.824+0000] {processor.py:840} INFO - DAG(s) 'example_weekday_branch_operator' retrieved from /home/airflow/.local/lib/python3.8/site-packages/airflow/example_dags/example_branch_day_of_week_operator.py
[2024-03-04T09:59:04.857+0000] {logging_mixin.py:188} INFO - [2024-03-04T09:59:04.857+0000] {dag.py:3036} INFO - Sync 1 DAGs
[2024-03-04T09:59:04.898+0000] {logging_mixin.py:188} INFO - [2024-03-04T09:59:04.898+0000] {dag.py:3823} INFO - Setting next_dagrun for example_weekday_branch_operator to 2024-03-03 00:00:00+00:00, run_after=2024-03-04 00:00:00+00:00
[2024-03-04T09:59:04.957+0000] {processor.py:183} INFO - Processing /home/airflow/.local/lib/python3.8/site-packages/airflow/example_dags/example_branch_day_of_week_operator.py took 0.159 seconds
[2024-03-04T09:59:35.114+0000] {processor.py:161} INFO - Started process (PID=387) to work on /home/airflow/.local/lib/python3.8/site-packages/airflow/example_dags/example_branch_day_of_week_operator.py
[2024-03-04T09:59:35.115+0000] {processor.py:830} INFO - Processing file /home/airflow/.local/lib/python3.8/site-packages/airflow/example_dags/example_branch_day_of_week_operator.py for tasks to queue
[2024-03-04T09:59:35.118+0000] {logging_mixin.py:188} INFO - [2024-03-04T09:59:35.118+0000] {dagbag.py:538} INFO - Filling up the DagBag from /home/airflow/.local/lib/python3.8/site-packages/airflow/example_dags/example_branch_day_of_week_operator.py
[2024-03-04T09:59:35.129+0000] {processor.py:840} INFO - DAG(s) 'example_weekday_branch_operator' retrieved from /home/airflow/.local/lib/python3.8/site-packages/airflow/example_dags/example_branch_day_of_week_operator.py
[2024-03-04T09:59:35.157+0000] {logging_mixin.py:188} INFO - [2024-03-04T09:59:35.157+0000] {dag.py:3036} INFO - Sync 1 DAGs
[2024-03-04T09:59:35.205+0000] {logging_mixin.py:188} INFO - [2024-03-04T09:59:35.204+0000] {dag.py:3823} INFO - Setting next_dagrun for example_weekday_branch_operator to 2024-03-03 00:00:00+00:00, run_after=2024-03-04 00:00:00+00:00
[2024-03-04T09:59:35.255+0000] {processor.py:183} INFO - Processing /home/airflow/.local/lib/python3.8/site-packages/airflow/example_dags/example_branch_day_of_week_operator.py took 0.146 seconds
[2024-03-04T10:00:05.620+0000] {processor.py:161} INFO - Started process (PID=444) to work on /home/airflow/.local/lib/python3.8/site-packages/airflow/example_dags/example_branch_day_of_week_operator.py
[2024-03-04T10:00:05.622+0000] {processor.py:830} INFO - Processing file /home/airflow/.local/lib/python3.8/site-packages/airflow/example_dags/example_branch_day_of_week_operator.py for tasks to queue
[2024-03-04T10:00:05.625+0000] {logging_mixin.py:188} INFO - [2024-03-04T10:00:05.625+0000] {dagbag.py:538} INFO - Filling up the DagBag from /home/airflow/.local/lib/python3.8/site-packages/airflow/example_dags/example_branch_day_of_week_operator.py
[2024-03-04T10:00:05.642+0000] {processor.py:840} INFO - DAG(s) 'example_weekday_branch_operator' retrieved from /home/airflow/.local/lib/python3.8/site-packages/airflow/example_dags/example_branch_day_of_week_operator.py
[2024-03-04T10:00:05.687+0000] {logging_mixin.py:188} INFO - [2024-03-04T10:00:05.687+0000] {dag.py:3036} INFO - Sync 1 DAGs
[2024-03-04T10:00:05.732+0000] {logging_mixin.py:188} INFO - [2024-03-04T10:00:05.732+0000] {dag.py:3823} INFO - Setting next_dagrun for example_weekday_branch_operator to 2024-03-03 00:00:00+00:00, run_after=2024-03-04 00:00:00+00:00
[2024-03-04T10:00:05.773+0000] {processor.py:183} INFO - Processing /home/airflow/.local/lib/python3.8/site-packages/airflow/example_dags/example_branch_day_of_week_operator.py took 0.162 seconds
[2024-03-04T10:00:36.031+0000] {processor.py:161} INFO - Started process (PID=506) to work on /home/airflow/.local/lib/python3.8/site-packages/airflow/example_dags/example_branch_day_of_week_operator.py
[2024-03-04T10:00:36.034+0000] {processor.py:830} INFO - Processing file /home/airflow/.local/lib/python3.8/site-packages/airflow/example_dags/example_branch_day_of_week_operator.py for tasks to queue
[2024-03-04T10:00:36.039+0000] {logging_mixin.py:188} INFO - [2024-03-04T10:00:36.037+0000] {dagbag.py:538} INFO - Filling up the DagBag from /home/airflow/.local/lib/python3.8/site-packages/airflow/example_dags/example_branch_day_of_week_operator.py
[2024-03-04T10:00:36.061+0000] {processor.py:840} INFO - DAG(s) 'example_weekday_branch_operator' retrieved from /home/airflow/.local/lib/python3.8/site-packages/airflow/example_dags/example_branch_day_of_week_operator.py
[2024-03-04T10:00:36.107+0000] {logging_mixin.py:188} INFO - [2024-03-04T10:00:36.107+0000] {dag.py:3036} INFO - Sync 1 DAGs
[2024-03-04T10:00:36.146+0000] {logging_mixin.py:188} INFO - [2024-03-04T10:00:36.145+0000] {dag.py:3823} INFO - Setting next_dagrun for example_weekday_branch_operator to 2024-03-03 00:00:00+00:00, run_after=2024-03-04 00:00:00+00:00
[2024-03-04T10:00:36.185+0000] {processor.py:183} INFO - Processing /home/airflow/.local/lib/python3.8/site-packages/airflow/example_dags/example_branch_day_of_week_operator.py took 0.160 seconds
[2024-03-04T10:01:06.382+0000] {processor.py:161} INFO - Started process (PID=568) to work on /home/airflow/.local/lib/python3.8/site-packages/airflow/example_dags/example_branch_day_of_week_operator.py
[2024-03-04T10:01:06.383+0000] {processor.py:830} INFO - Processing file /home/airflow/.local/lib/python3.8/site-packages/airflow/example_dags/example_branch_day_of_week_operator.py for tasks to queue
[2024-03-04T10:01:06.385+0000] {logging_mixin.py:188} INFO - [2024-03-04T10:01:06.385+0000] {dagbag.py:538} INFO - Filling up the DagBag from /home/airflow/.local/lib/python3.8/site-packages/airflow/example_dags/example_branch_day_of_week_operator.py
[2024-03-04T10:01:06.395+0000] {processor.py:840} INFO - DAG(s) 'example_weekday_branch_operator' retrieved from /home/airflow/.local/lib/python3.8/site-packages/airflow/example_dags/example_branch_day_of_week_operator.py
[2024-03-04T10:01:06.433+0000] {logging_mixin.py:188} INFO - [2024-03-04T10:01:06.432+0000] {dag.py:3036} INFO - Sync 1 DAGs
[2024-03-04T10:01:06.476+0000] {logging_mixin.py:188} INFO - [2024-03-04T10:01:06.476+0000] {dag.py:3823} INFO - Setting next_dagrun for example_weekday_branch_operator to 2024-03-03 00:00:00+00:00, run_after=2024-03-04 00:00:00+00:00
[2024-03-04T10:01:06.510+0000] {processor.py:183} INFO - Processing /home/airflow/.local/lib/python3.8/site-packages/airflow/example_dags/example_branch_day_of_week_operator.py took 0.132 seconds
[2024-03-04T10:01:36.711+0000] {processor.py:161} INFO - Started process (PID=625) to work on /home/airflow/.local/lib/python3.8/site-packages/airflow/example_dags/example_branch_day_of_week_operator.py
[2024-03-04T10:01:36.712+0000] {processor.py:830} INFO - Processing file /home/airflow/.local/lib/python3.8/site-packages/airflow/example_dags/example_branch_day_of_week_operator.py for tasks to queue
[2024-03-04T10:01:36.715+0000] {logging_mixin.py:188} INFO - [2024-03-04T10:01:36.715+0000] {dagbag.py:538} INFO - Filling up the DagBag from /home/airflow/.local/lib/python3.8/site-packages/airflow/example_dags/example_branch_day_of_week_operator.py
[2024-03-04T10:01:36.729+0000] {processor.py:840} INFO - DAG(s) 'example_weekday_branch_operator' retrieved from /home/airflow/.local/lib/python3.8/site-packages/airflow/example_dags/example_branch_day_of_week_operator.py
[2024-03-04T10:01:36.766+0000] {logging_mixin.py:188} INFO - [2024-03-04T10:01:36.766+0000] {dag.py:3036} INFO - Sync 1 DAGs
[2024-03-04T10:01:36.812+0000] {logging_mixin.py:188} INFO - [2024-03-04T10:01:36.812+0000] {dag.py:3823} INFO - Setting next_dagrun for example_weekday_branch_operator to 2024-03-03 00:00:00+00:00, run_after=2024-03-04 00:00:00+00:00
[2024-03-04T10:01:36.848+0000] {processor.py:183} INFO - Processing /home/airflow/.local/lib/python3.8/site-packages/airflow/example_dags/example_branch_day_of_week_operator.py took 0.142 seconds
[2024-03-04T10:04:56.852+0000] {processor.py:161} INFO - Started process (PID=41) to work on /home/airflow/.local/lib/python3.8/site-packages/airflow/example_dags/example_branch_day_of_week_operator.py
[2024-03-04T10:04:56.854+0000] {processor.py:830} INFO - Processing file /home/airflow/.local/lib/python3.8/site-packages/airflow/example_dags/example_branch_day_of_week_operator.py for tasks to queue
[2024-03-04T10:04:56.859+0000] {logging_mixin.py:188} INFO - [2024-03-04T10:04:56.858+0000] {dagbag.py:538} INFO - Filling up the DagBag from /home/airflow/.local/lib/python3.8/site-packages/airflow/example_dags/example_branch_day_of_week_operator.py
[2024-03-04T10:04:56.888+0000] {processor.py:840} INFO - DAG(s) 'example_weekday_branch_operator' retrieved from /home/airflow/.local/lib/python3.8/site-packages/airflow/example_dags/example_branch_day_of_week_operator.py
[2024-03-04T10:04:57.175+0000] {logging_mixin.py:188} INFO - [2024-03-04T10:04:57.173+0000] {dag.py:3036} INFO - Sync 1 DAGs
[2024-03-04T10:04:57.211+0000] {logging_mixin.py:188} INFO - [2024-03-04T10:04:57.211+0000] {dag.py:3823} INFO - Setting next_dagrun for example_weekday_branch_operator to 2024-03-03 00:00:00+00:00, run_after=2024-03-04 00:00:00+00:00
[2024-03-04T10:04:57.249+0000] {processor.py:183} INFO - Processing /home/airflow/.local/lib/python3.8/site-packages/airflow/example_dags/example_branch_day_of_week_operator.py took 0.404 seconds
[2024-03-04T10:05:27.516+0000] {processor.py:161} INFO - Started process (PID=99) to work on /home/airflow/.local/lib/python3.8/site-packages/airflow/example_dags/example_branch_day_of_week_operator.py
[2024-03-04T10:05:27.518+0000] {processor.py:830} INFO - Processing file /home/airflow/.local/lib/python3.8/site-packages/airflow/example_dags/example_branch_day_of_week_operator.py for tasks to queue
[2024-03-04T10:05:27.522+0000] {logging_mixin.py:188} INFO - [2024-03-04T10:05:27.521+0000] {dagbag.py:538} INFO - Filling up the DagBag from /home/airflow/.local/lib/python3.8/site-packages/airflow/example_dags/example_branch_day_of_week_operator.py
[2024-03-04T10:05:27.537+0000] {processor.py:840} INFO - DAG(s) 'example_weekday_branch_operator' retrieved from /home/airflow/.local/lib/python3.8/site-packages/airflow/example_dags/example_branch_day_of_week_operator.py
[2024-03-04T10:05:27.570+0000] {logging_mixin.py:188} INFO - [2024-03-04T10:05:27.570+0000] {dag.py:3036} INFO - Sync 1 DAGs
[2024-03-04T10:05:27.609+0000] {logging_mixin.py:188} INFO - [2024-03-04T10:05:27.608+0000] {dag.py:3823} INFO - Setting next_dagrun for example_weekday_branch_operator to 2024-03-03 00:00:00+00:00, run_after=2024-03-04 00:00:00+00:00
[2024-03-04T10:05:27.843+0000] {processor.py:183} INFO - Processing /home/airflow/.local/lib/python3.8/site-packages/airflow/example_dags/example_branch_day_of_week_operator.py took 0.332 seconds
[2024-03-04T10:11:51.250+0000] {processor.py:161} INFO - Started process (PID=41) to work on /home/airflow/.local/lib/python3.8/site-packages/airflow/example_dags/example_branch_day_of_week_operator.py
[2024-03-04T10:11:51.251+0000] {processor.py:830} INFO - Processing file /home/airflow/.local/lib/python3.8/site-packages/airflow/example_dags/example_branch_day_of_week_operator.py for tasks to queue
[2024-03-04T10:11:51.254+0000] {logging_mixin.py:188} INFO - [2024-03-04T10:11:51.254+0000] {dagbag.py:538} INFO - Filling up the DagBag from /home/airflow/.local/lib/python3.8/site-packages/airflow/example_dags/example_branch_day_of_week_operator.py
[2024-03-04T10:11:51.274+0000] {processor.py:840} INFO - DAG(s) 'example_weekday_branch_operator' retrieved from /home/airflow/.local/lib/python3.8/site-packages/airflow/example_dags/example_branch_day_of_week_operator.py
[2024-03-04T10:11:51.510+0000] {logging_mixin.py:188} INFO - [2024-03-04T10:11:51.510+0000] {dag.py:3036} INFO - Sync 1 DAGs
[2024-03-04T10:11:51.577+0000] {logging_mixin.py:188} INFO - [2024-03-04T10:11:51.575+0000] {dag.py:3823} INFO - Setting next_dagrun for example_weekday_branch_operator to 2024-03-03 00:00:00+00:00, run_after=2024-03-04 00:00:00+00:00
[2024-03-04T10:11:51.627+0000] {processor.py:183} INFO - Processing /home/airflow/.local/lib/python3.8/site-packages/airflow/example_dags/example_branch_day_of_week_operator.py took 0.383 seconds
[2024-03-04T10:12:22.414+0000] {processor.py:161} INFO - Started process (PID=98) to work on /home/airflow/.local/lib/python3.8/site-packages/airflow/example_dags/example_branch_day_of_week_operator.py
[2024-03-04T10:12:22.417+0000] {processor.py:830} INFO - Processing file /home/airflow/.local/lib/python3.8/site-packages/airflow/example_dags/example_branch_day_of_week_operator.py for tasks to queue
[2024-03-04T10:12:22.420+0000] {logging_mixin.py:188} INFO - [2024-03-04T10:12:22.420+0000] {dagbag.py:538} INFO - Filling up the DagBag from /home/airflow/.local/lib/python3.8/site-packages/airflow/example_dags/example_branch_day_of_week_operator.py
[2024-03-04T10:12:22.435+0000] {processor.py:840} INFO - DAG(s) 'example_weekday_branch_operator' retrieved from /home/airflow/.local/lib/python3.8/site-packages/airflow/example_dags/example_branch_day_of_week_operator.py
[2024-03-04T10:12:22.489+0000] {logging_mixin.py:188} INFO - [2024-03-04T10:12:22.489+0000] {dag.py:3036} INFO - Sync 1 DAGs
[2024-03-04T10:12:22.567+0000] {logging_mixin.py:188} INFO - [2024-03-04T10:12:22.566+0000] {dag.py:3823} INFO - Setting next_dagrun for example_weekday_branch_operator to 2024-03-03 00:00:00+00:00, run_after=2024-03-04 00:00:00+00:00
[2024-03-04T10:12:22.643+0000] {processor.py:183} INFO - Processing /home/airflow/.local/lib/python3.8/site-packages/airflow/example_dags/example_branch_day_of_week_operator.py took 0.234 seconds
[2024-03-04T10:12:53.016+0000] {processor.py:161} INFO - Started process (PID=155) to work on /home/airflow/.local/lib/python3.8/site-packages/airflow/example_dags/example_branch_day_of_week_operator.py
[2024-03-04T10:12:53.018+0000] {processor.py:830} INFO - Processing file /home/airflow/.local/lib/python3.8/site-packages/airflow/example_dags/example_branch_day_of_week_operator.py for tasks to queue
[2024-03-04T10:12:53.021+0000] {logging_mixin.py:188} INFO - [2024-03-04T10:12:53.020+0000] {dagbag.py:538} INFO - Filling up the DagBag from /home/airflow/.local/lib/python3.8/site-packages/airflow/example_dags/example_branch_day_of_week_operator.py
[2024-03-04T10:12:53.036+0000] {processor.py:840} INFO - DAG(s) 'example_weekday_branch_operator' retrieved from /home/airflow/.local/lib/python3.8/site-packages/airflow/example_dags/example_branch_day_of_week_operator.py
[2024-03-04T10:12:53.070+0000] {logging_mixin.py:188} INFO - [2024-03-04T10:12:53.070+0000] {dag.py:3036} INFO - Sync 1 DAGs
[2024-03-04T10:12:53.111+0000] {logging_mixin.py:188} INFO - [2024-03-04T10:12:53.111+0000] {dag.py:3823} INFO - Setting next_dagrun for example_weekday_branch_operator to 2024-03-03 00:00:00+00:00, run_after=2024-03-04 00:00:00+00:00
[2024-03-04T10:12:53.141+0000] {processor.py:183} INFO - Processing /home/airflow/.local/lib/python3.8/site-packages/airflow/example_dags/example_branch_day_of_week_operator.py took 0.132 seconds
[2024-03-04T10:15:39.147+0000] {processor.py:161} INFO - Started process (PID=41) to work on /home/airflow/.local/lib/python3.8/site-packages/airflow/example_dags/example_branch_day_of_week_operator.py
[2024-03-04T10:15:39.149+0000] {processor.py:830} INFO - Processing file /home/airflow/.local/lib/python3.8/site-packages/airflow/example_dags/example_branch_day_of_week_operator.py for tasks to queue
[2024-03-04T10:15:39.153+0000] {logging_mixin.py:188} INFO - [2024-03-04T10:15:39.153+0000] {dagbag.py:538} INFO - Filling up the DagBag from /home/airflow/.local/lib/python3.8/site-packages/airflow/example_dags/example_branch_day_of_week_operator.py
[2024-03-04T10:15:39.174+0000] {processor.py:840} INFO - DAG(s) 'example_weekday_branch_operator' retrieved from /home/airflow/.local/lib/python3.8/site-packages/airflow/example_dags/example_branch_day_of_week_operator.py
[2024-03-04T10:15:39.199+0000] {logging_mixin.py:188} INFO - [2024-03-04T10:15:39.198+0000] {dag.py:3036} INFO - Sync 1 DAGs
[2024-03-04T10:15:39.242+0000] {logging_mixin.py:188} INFO - [2024-03-04T10:15:39.242+0000] {dag.py:3823} INFO - Setting next_dagrun for example_weekday_branch_operator to 2024-03-03 00:00:00+00:00, run_after=2024-03-04 00:00:00+00:00
[2024-03-04T10:15:39.281+0000] {processor.py:183} INFO - Processing /home/airflow/.local/lib/python3.8/site-packages/airflow/example_dags/example_branch_day_of_week_operator.py took 0.139 seconds
[2024-03-04T10:16:09.654+0000] {processor.py:161} INFO - Started process (PID=96) to work on /home/airflow/.local/lib/python3.8/site-packages/airflow/example_dags/example_branch_day_of_week_operator.py
[2024-03-04T10:16:09.655+0000] {processor.py:830} INFO - Processing file /home/airflow/.local/lib/python3.8/site-packages/airflow/example_dags/example_branch_day_of_week_operator.py for tasks to queue
[2024-03-04T10:16:09.658+0000] {logging_mixin.py:188} INFO - [2024-03-04T10:16:09.658+0000] {dagbag.py:538} INFO - Filling up the DagBag from /home/airflow/.local/lib/python3.8/site-packages/airflow/example_dags/example_branch_day_of_week_operator.py
[2024-03-04T10:16:09.670+0000] {processor.py:840} INFO - DAG(s) 'example_weekday_branch_operator' retrieved from /home/airflow/.local/lib/python3.8/site-packages/airflow/example_dags/example_branch_day_of_week_operator.py
[2024-03-04T10:16:09.837+0000] {logging_mixin.py:188} INFO - [2024-03-04T10:16:09.836+0000] {dag.py:3036} INFO - Sync 1 DAGs
[2024-03-04T10:16:09.872+0000] {logging_mixin.py:188} INFO - [2024-03-04T10:16:09.871+0000] {dag.py:3823} INFO - Setting next_dagrun for example_weekday_branch_operator to 2024-03-03 00:00:00+00:00, run_after=2024-03-04 00:00:00+00:00
[2024-03-04T10:16:09.909+0000] {processor.py:183} INFO - Processing /home/airflow/.local/lib/python3.8/site-packages/airflow/example_dags/example_branch_day_of_week_operator.py took 0.260 seconds
[2024-03-04T10:16:40.038+0000] {processor.py:161} INFO - Started process (PID=153) to work on /home/airflow/.local/lib/python3.8/site-packages/airflow/example_dags/example_branch_day_of_week_operator.py
[2024-03-04T10:16:40.040+0000] {processor.py:830} INFO - Processing file /home/airflow/.local/lib/python3.8/site-packages/airflow/example_dags/example_branch_day_of_week_operator.py for tasks to queue
[2024-03-04T10:16:40.043+0000] {logging_mixin.py:188} INFO - [2024-03-04T10:16:40.042+0000] {dagbag.py:538} INFO - Filling up the DagBag from /home/airflow/.local/lib/python3.8/site-packages/airflow/example_dags/example_branch_day_of_week_operator.py
[2024-03-04T10:16:40.054+0000] {processor.py:840} INFO - DAG(s) 'example_weekday_branch_operator' retrieved from /home/airflow/.local/lib/python3.8/site-packages/airflow/example_dags/example_branch_day_of_week_operator.py
[2024-03-04T10:16:40.088+0000] {logging_mixin.py:188} INFO - [2024-03-04T10:16:40.087+0000] {dag.py:3036} INFO - Sync 1 DAGs
[2024-03-04T10:16:40.132+0000] {logging_mixin.py:188} INFO - [2024-03-04T10:16:40.132+0000] {dag.py:3823} INFO - Setting next_dagrun for example_weekday_branch_operator to 2024-03-03 00:00:00+00:00, run_after=2024-03-04 00:00:00+00:00
[2024-03-04T10:16:40.170+0000] {processor.py:183} INFO - Processing /home/airflow/.local/lib/python3.8/site-packages/airflow/example_dags/example_branch_day_of_week_operator.py took 0.136 seconds
