[2024-03-04T09:52:08.302+0000] {processor.py:161} INFO - Started process (PID=44) to work on /home/airflow/.local/lib/python3.8/site-packages/airflow/example_dags/example_sla_dag.py
[2024-03-04T09:52:08.304+0000] {processor.py:830} INFO - Processing file /home/airflow/.local/lib/python3.8/site-packages/airflow/example_dags/example_sla_dag.py for tasks to queue
[2024-03-04T09:52:08.307+0000] {logging_mixin.py:188} INFO - [2024-03-04T09:52:08.307+0000] {dagbag.py:538} INFO - Filling up the DagBag from /home/airflow/.local/lib/python3.8/site-packages/airflow/example_dags/example_sla_dag.py
[2024-03-04T09:52:08.332+0000] {processor.py:840} INFO - DAG(s) 'example_sla_dag' retrieved from /home/airflow/.local/lib/python3.8/site-packages/airflow/example_dags/example_sla_dag.py
[2024-03-04T09:52:08.594+0000] {logging_mixin.py:188} INFO - [2024-03-04T09:52:08.593+0000] {override.py:1769} INFO - Created Permission View: can read on DAG:example_sla_dag
[2024-03-04T09:52:08.619+0000] {logging_mixin.py:188} INFO - [2024-03-04T09:52:08.618+0000] {override.py:1769} INFO - Created Permission View: can delete on DAG:example_sla_dag
[2024-03-04T09:52:08.634+0000] {logging_mixin.py:188} INFO - [2024-03-04T09:52:08.634+0000] {override.py:1769} INFO - Created Permission View: can edit on DAG:example_sla_dag
[2024-03-04T09:52:08.636+0000] {logging_mixin.py:188} INFO - [2024-03-04T09:52:08.635+0000] {dag.py:3036} INFO - Sync 1 DAGs
[2024-03-04T09:52:08.662+0000] {logging_mixin.py:188} INFO - [2024-03-04T09:52:08.662+0000] {dag.py:3058} INFO - Creating ORM DAG for example_sla_dag
[2024-03-04T09:52:08.696+0000] {logging_mixin.py:188} INFO - [2024-03-04T09:52:08.694+0000] {dag.py:3823} INFO - Setting next_dagrun for example_sla_dag to 2024-03-04 09:50:00+00:00, run_after=2024-03-04 09:52:00+00:00
[2024-03-04T09:52:08.731+0000] {processor.py:183} INFO - Processing /home/airflow/.local/lib/python3.8/site-packages/airflow/example_dags/example_sla_dag.py took 0.435 seconds
[2024-03-04T09:52:39.507+0000] {processor.py:161} INFO - Started process (PID=99) to work on /home/airflow/.local/lib/python3.8/site-packages/airflow/example_dags/example_sla_dag.py
[2024-03-04T09:52:39.509+0000] {processor.py:830} INFO - Processing file /home/airflow/.local/lib/python3.8/site-packages/airflow/example_dags/example_sla_dag.py for tasks to queue
[2024-03-04T09:52:39.514+0000] {logging_mixin.py:188} INFO - [2024-03-04T09:52:39.513+0000] {dagbag.py:538} INFO - Filling up the DagBag from /home/airflow/.local/lib/python3.8/site-packages/airflow/example_dags/example_sla_dag.py
[2024-03-04T09:52:39.559+0000] {processor.py:840} INFO - DAG(s) 'example_sla_dag' retrieved from /home/airflow/.local/lib/python3.8/site-packages/airflow/example_dags/example_sla_dag.py
[2024-03-04T09:52:39.721+0000] {logging_mixin.py:188} INFO - [2024-03-04T09:52:39.721+0000] {dag.py:3036} INFO - Sync 1 DAGs
[2024-03-04T09:52:40.066+0000] {logging_mixin.py:188} INFO - [2024-03-04T09:52:40.064+0000] {dag.py:3823} INFO - Setting next_dagrun for example_sla_dag to 2024-03-04 09:50:00+00:00, run_after=2024-03-04 09:52:00+00:00
[2024-03-04T09:52:40.229+0000] {processor.py:183} INFO - Processing /home/airflow/.local/lib/python3.8/site-packages/airflow/example_dags/example_sla_dag.py took 0.733 seconds
[2024-03-04T09:53:10.861+0000] {processor.py:161} INFO - Started process (PID=157) to work on /home/airflow/.local/lib/python3.8/site-packages/airflow/example_dags/example_sla_dag.py
[2024-03-04T09:53:10.876+0000] {processor.py:830} INFO - Processing file /home/airflow/.local/lib/python3.8/site-packages/airflow/example_dags/example_sla_dag.py for tasks to queue
[2024-03-04T09:53:10.883+0000] {logging_mixin.py:188} INFO - [2024-03-04T09:53:10.882+0000] {dagbag.py:538} INFO - Filling up the DagBag from /home/airflow/.local/lib/python3.8/site-packages/airflow/example_dags/example_sla_dag.py
[2024-03-04T09:53:10.933+0000] {processor.py:840} INFO - DAG(s) 'example_sla_dag' retrieved from /home/airflow/.local/lib/python3.8/site-packages/airflow/example_dags/example_sla_dag.py
[2024-03-04T09:53:11.035+0000] {logging_mixin.py:188} INFO - [2024-03-04T09:53:11.033+0000] {dag.py:3036} INFO - Sync 1 DAGs
[2024-03-04T09:53:11.152+0000] {logging_mixin.py:188} INFO - [2024-03-04T09:53:11.152+0000] {dag.py:3823} INFO - Setting next_dagrun for example_sla_dag to 2024-03-04 09:50:00+00:00, run_after=2024-03-04 09:52:00+00:00
[2024-03-04T09:53:11.254+0000] {processor.py:183} INFO - Processing /home/airflow/.local/lib/python3.8/site-packages/airflow/example_dags/example_sla_dag.py took 0.407 seconds
[2024-03-04T09:53:41.463+0000] {processor.py:161} INFO - Started process (PID=214) to work on /home/airflow/.local/lib/python3.8/site-packages/airflow/example_dags/example_sla_dag.py
[2024-03-04T09:53:41.465+0000] {processor.py:830} INFO - Processing file /home/airflow/.local/lib/python3.8/site-packages/airflow/example_dags/example_sla_dag.py for tasks to queue
[2024-03-04T09:53:41.470+0000] {logging_mixin.py:188} INFO - [2024-03-04T09:53:41.469+0000] {dagbag.py:538} INFO - Filling up the DagBag from /home/airflow/.local/lib/python3.8/site-packages/airflow/example_dags/example_sla_dag.py
[2024-03-04T09:53:41.491+0000] {processor.py:840} INFO - DAG(s) 'example_sla_dag' retrieved from /home/airflow/.local/lib/python3.8/site-packages/airflow/example_dags/example_sla_dag.py
[2024-03-04T09:53:41.533+0000] {logging_mixin.py:188} INFO - [2024-03-04T09:53:41.532+0000] {dag.py:3036} INFO - Sync 1 DAGs
[2024-03-04T09:53:41.616+0000] {logging_mixin.py:188} INFO - [2024-03-04T09:53:41.616+0000] {dag.py:3823} INFO - Setting next_dagrun for example_sla_dag to 2024-03-04 09:50:00+00:00, run_after=2024-03-04 09:52:00+00:00
[2024-03-04T09:53:41.663+0000] {processor.py:183} INFO - Processing /home/airflow/.local/lib/python3.8/site-packages/airflow/example_dags/example_sla_dag.py took 0.207 seconds
[2024-03-04T09:56:30.269+0000] {processor.py:161} INFO - Started process (PID=38) to work on /home/airflow/.local/lib/python3.8/site-packages/airflow/example_dags/example_sla_dag.py
[2024-03-04T09:56:30.271+0000] {processor.py:830} INFO - Processing file /home/airflow/.local/lib/python3.8/site-packages/airflow/example_dags/example_sla_dag.py for tasks to queue
[2024-03-04T09:56:30.275+0000] {logging_mixin.py:188} INFO - [2024-03-04T09:56:30.274+0000] {dagbag.py:538} INFO - Filling up the DagBag from /home/airflow/.local/lib/python3.8/site-packages/airflow/example_dags/example_sla_dag.py
[2024-03-04T09:56:30.296+0000] {processor.py:840} INFO - DAG(s) 'example_sla_dag' retrieved from /home/airflow/.local/lib/python3.8/site-packages/airflow/example_dags/example_sla_dag.py
[2024-03-04T09:56:30.464+0000] {logging_mixin.py:188} INFO - [2024-03-04T09:56:30.464+0000] {dag.py:3036} INFO - Sync 1 DAGs
[2024-03-04T09:56:30.503+0000] {logging_mixin.py:188} INFO - [2024-03-04T09:56:30.503+0000] {dag.py:3823} INFO - Setting next_dagrun for example_sla_dag to 2024-03-04 09:54:00+00:00, run_after=2024-03-04 09:56:00+00:00
[2024-03-04T09:56:30.536+0000] {processor.py:183} INFO - Processing /home/airflow/.local/lib/python3.8/site-packages/airflow/example_dags/example_sla_dag.py took 0.273 seconds
[2024-03-04T09:57:01.402+0000] {processor.py:161} INFO - Started process (PID=93) to work on /home/airflow/.local/lib/python3.8/site-packages/airflow/example_dags/example_sla_dag.py
[2024-03-04T09:57:01.403+0000] {processor.py:830} INFO - Processing file /home/airflow/.local/lib/python3.8/site-packages/airflow/example_dags/example_sla_dag.py for tasks to queue
[2024-03-04T09:57:01.407+0000] {logging_mixin.py:188} INFO - [2024-03-04T09:57:01.406+0000] {dagbag.py:538} INFO - Filling up the DagBag from /home/airflow/.local/lib/python3.8/site-packages/airflow/example_dags/example_sla_dag.py
[2024-03-04T09:57:01.418+0000] {processor.py:840} INFO - DAG(s) 'example_sla_dag' retrieved from /home/airflow/.local/lib/python3.8/site-packages/airflow/example_dags/example_sla_dag.py
[2024-03-04T09:57:01.449+0000] {logging_mixin.py:188} INFO - [2024-03-04T09:57:01.449+0000] {dag.py:3036} INFO - Sync 1 DAGs
[2024-03-04T09:57:01.486+0000] {logging_mixin.py:188} INFO - [2024-03-04T09:57:01.485+0000] {dag.py:3823} INFO - Setting next_dagrun for example_sla_dag to 2024-03-04 09:54:00+00:00, run_after=2024-03-04 09:56:00+00:00
[2024-03-04T09:57:01.514+0000] {processor.py:183} INFO - Processing /home/airflow/.local/lib/python3.8/site-packages/airflow/example_dags/example_sla_dag.py took 0.117 seconds
[2024-03-04T09:57:32.052+0000] {processor.py:161} INFO - Started process (PID=150) to work on /home/airflow/.local/lib/python3.8/site-packages/airflow/example_dags/example_sla_dag.py
[2024-03-04T09:57:32.054+0000] {processor.py:830} INFO - Processing file /home/airflow/.local/lib/python3.8/site-packages/airflow/example_dags/example_sla_dag.py for tasks to queue
[2024-03-04T09:57:32.058+0000] {logging_mixin.py:188} INFO - [2024-03-04T09:57:32.057+0000] {dagbag.py:538} INFO - Filling up the DagBag from /home/airflow/.local/lib/python3.8/site-packages/airflow/example_dags/example_sla_dag.py
[2024-03-04T09:57:32.070+0000] {processor.py:840} INFO - DAG(s) 'example_sla_dag' retrieved from /home/airflow/.local/lib/python3.8/site-packages/airflow/example_dags/example_sla_dag.py
[2024-03-04T09:57:32.103+0000] {logging_mixin.py:188} INFO - [2024-03-04T09:57:32.103+0000] {dag.py:3036} INFO - Sync 1 DAGs
[2024-03-04T09:57:32.147+0000] {logging_mixin.py:188} INFO - [2024-03-04T09:57:32.147+0000] {dag.py:3823} INFO - Setting next_dagrun for example_sla_dag to 2024-03-04 09:54:00+00:00, run_after=2024-03-04 09:56:00+00:00
[2024-03-04T09:57:32.219+0000] {processor.py:183} INFO - Processing /home/airflow/.local/lib/python3.8/site-packages/airflow/example_dags/example_sla_dag.py took 0.173 seconds
[2024-03-04T09:58:02.408+0000] {processor.py:161} INFO - Started process (PID=207) to work on /home/airflow/.local/lib/python3.8/site-packages/airflow/example_dags/example_sla_dag.py
[2024-03-04T09:58:02.410+0000] {processor.py:830} INFO - Processing file /home/airflow/.local/lib/python3.8/site-packages/airflow/example_dags/example_sla_dag.py for tasks to queue
[2024-03-04T09:58:02.413+0000] {logging_mixin.py:188} INFO - [2024-03-04T09:58:02.412+0000] {dagbag.py:538} INFO - Filling up the DagBag from /home/airflow/.local/lib/python3.8/site-packages/airflow/example_dags/example_sla_dag.py
[2024-03-04T09:58:02.427+0000] {processor.py:840} INFO - DAG(s) 'example_sla_dag' retrieved from /home/airflow/.local/lib/python3.8/site-packages/airflow/example_dags/example_sla_dag.py
[2024-03-04T09:58:02.463+0000] {logging_mixin.py:188} INFO - [2024-03-04T09:58:02.463+0000] {dag.py:3036} INFO - Sync 1 DAGs
[2024-03-04T09:58:02.513+0000] {logging_mixin.py:188} INFO - [2024-03-04T09:58:02.512+0000] {dag.py:3823} INFO - Setting next_dagrun for example_sla_dag to 2024-03-04 09:56:00+00:00, run_after=2024-03-04 09:58:00+00:00
[2024-03-04T09:58:02.715+0000] {processor.py:183} INFO - Processing /home/airflow/.local/lib/python3.8/site-packages/airflow/example_dags/example_sla_dag.py took 0.313 seconds
[2024-03-04T09:58:32.798+0000] {processor.py:161} INFO - Started process (PID=269) to work on /home/airflow/.local/lib/python3.8/site-packages/airflow/example_dags/example_sla_dag.py
[2024-03-04T09:58:32.799+0000] {processor.py:830} INFO - Processing file /home/airflow/.local/lib/python3.8/site-packages/airflow/example_dags/example_sla_dag.py for tasks to queue
[2024-03-04T09:58:32.802+0000] {logging_mixin.py:188} INFO - [2024-03-04T09:58:32.801+0000] {dagbag.py:538} INFO - Filling up the DagBag from /home/airflow/.local/lib/python3.8/site-packages/airflow/example_dags/example_sla_dag.py
[2024-03-04T09:58:32.814+0000] {processor.py:840} INFO - DAG(s) 'example_sla_dag' retrieved from /home/airflow/.local/lib/python3.8/site-packages/airflow/example_dags/example_sla_dag.py
[2024-03-04T09:58:32.842+0000] {logging_mixin.py:188} INFO - [2024-03-04T09:58:32.841+0000] {dag.py:3036} INFO - Sync 1 DAGs
[2024-03-04T09:58:32.876+0000] {logging_mixin.py:188} INFO - [2024-03-04T09:58:32.875+0000] {dag.py:3823} INFO - Setting next_dagrun for example_sla_dag to 2024-03-04 09:56:00+00:00, run_after=2024-03-04 09:58:00+00:00
[2024-03-04T09:58:32.927+0000] {processor.py:183} INFO - Processing /home/airflow/.local/lib/python3.8/site-packages/airflow/example_dags/example_sla_dag.py took 0.133 seconds
[2024-03-04T09:59:03.383+0000] {processor.py:161} INFO - Started process (PID=326) to work on /home/airflow/.local/lib/python3.8/site-packages/airflow/example_dags/example_sla_dag.py
[2024-03-04T09:59:03.384+0000] {processor.py:830} INFO - Processing file /home/airflow/.local/lib/python3.8/site-packages/airflow/example_dags/example_sla_dag.py for tasks to queue
[2024-03-04T09:59:03.388+0000] {logging_mixin.py:188} INFO - [2024-03-04T09:59:03.387+0000] {dagbag.py:538} INFO - Filling up the DagBag from /home/airflow/.local/lib/python3.8/site-packages/airflow/example_dags/example_sla_dag.py
[2024-03-04T09:59:03.403+0000] {processor.py:840} INFO - DAG(s) 'example_sla_dag' retrieved from /home/airflow/.local/lib/python3.8/site-packages/airflow/example_dags/example_sla_dag.py
[2024-03-04T09:59:03.437+0000] {logging_mixin.py:188} INFO - [2024-03-04T09:59:03.437+0000] {dag.py:3036} INFO - Sync 1 DAGs
[2024-03-04T09:59:03.485+0000] {logging_mixin.py:188} INFO - [2024-03-04T09:59:03.484+0000] {dag.py:3823} INFO - Setting next_dagrun for example_sla_dag to 2024-03-04 09:56:00+00:00, run_after=2024-03-04 09:58:00+00:00
[2024-03-04T09:59:03.565+0000] {processor.py:183} INFO - Processing /home/airflow/.local/lib/python3.8/site-packages/airflow/example_dags/example_sla_dag.py took 0.188 seconds
[2024-03-04T09:59:33.730+0000] {processor.py:161} INFO - Started process (PID=383) to work on /home/airflow/.local/lib/python3.8/site-packages/airflow/example_dags/example_sla_dag.py
[2024-03-04T09:59:33.732+0000] {processor.py:830} INFO - Processing file /home/airflow/.local/lib/python3.8/site-packages/airflow/example_dags/example_sla_dag.py for tasks to queue
[2024-03-04T09:59:33.734+0000] {logging_mixin.py:188} INFO - [2024-03-04T09:59:33.734+0000] {dagbag.py:538} INFO - Filling up the DagBag from /home/airflow/.local/lib/python3.8/site-packages/airflow/example_dags/example_sla_dag.py
[2024-03-04T09:59:33.751+0000] {processor.py:840} INFO - DAG(s) 'example_sla_dag' retrieved from /home/airflow/.local/lib/python3.8/site-packages/airflow/example_dags/example_sla_dag.py
[2024-03-04T09:59:33.783+0000] {logging_mixin.py:188} INFO - [2024-03-04T09:59:33.783+0000] {dag.py:3036} INFO - Sync 1 DAGs
[2024-03-04T09:59:33.825+0000] {logging_mixin.py:188} INFO - [2024-03-04T09:59:33.825+0000] {dag.py:3823} INFO - Setting next_dagrun for example_sla_dag to 2024-03-04 09:56:00+00:00, run_after=2024-03-04 09:58:00+00:00
[2024-03-04T09:59:33.887+0000] {processor.py:183} INFO - Processing /home/airflow/.local/lib/python3.8/site-packages/airflow/example_dags/example_sla_dag.py took 0.163 seconds
[2024-03-04T10:00:04.289+0000] {processor.py:161} INFO - Started process (PID=440) to work on /home/airflow/.local/lib/python3.8/site-packages/airflow/example_dags/example_sla_dag.py
[2024-03-04T10:00:04.291+0000] {processor.py:830} INFO - Processing file /home/airflow/.local/lib/python3.8/site-packages/airflow/example_dags/example_sla_dag.py for tasks to queue
[2024-03-04T10:00:04.296+0000] {logging_mixin.py:188} INFO - [2024-03-04T10:00:04.296+0000] {dagbag.py:538} INFO - Filling up the DagBag from /home/airflow/.local/lib/python3.8/site-packages/airflow/example_dags/example_sla_dag.py
[2024-03-04T10:00:04.314+0000] {processor.py:840} INFO - DAG(s) 'example_sla_dag' retrieved from /home/airflow/.local/lib/python3.8/site-packages/airflow/example_dags/example_sla_dag.py
[2024-03-04T10:00:04.358+0000] {logging_mixin.py:188} INFO - [2024-03-04T10:00:04.358+0000] {dag.py:3036} INFO - Sync 1 DAGs
[2024-03-04T10:00:04.423+0000] {logging_mixin.py:188} INFO - [2024-03-04T10:00:04.422+0000] {dag.py:3823} INFO - Setting next_dagrun for example_sla_dag to 2024-03-04 09:58:00+00:00, run_after=2024-03-04 10:00:00+00:00
[2024-03-04T10:00:04.465+0000] {processor.py:183} INFO - Processing /home/airflow/.local/lib/python3.8/site-packages/airflow/example_dags/example_sla_dag.py took 0.182 seconds
[2024-03-04T10:00:34.658+0000] {processor.py:161} INFO - Started process (PID=501) to work on /home/airflow/.local/lib/python3.8/site-packages/airflow/example_dags/example_sla_dag.py
[2024-03-04T10:00:34.660+0000] {processor.py:830} INFO - Processing file /home/airflow/.local/lib/python3.8/site-packages/airflow/example_dags/example_sla_dag.py for tasks to queue
[2024-03-04T10:00:34.663+0000] {logging_mixin.py:188} INFO - [2024-03-04T10:00:34.663+0000] {dagbag.py:538} INFO - Filling up the DagBag from /home/airflow/.local/lib/python3.8/site-packages/airflow/example_dags/example_sla_dag.py
[2024-03-04T10:00:34.677+0000] {processor.py:840} INFO - DAG(s) 'example_sla_dag' retrieved from /home/airflow/.local/lib/python3.8/site-packages/airflow/example_dags/example_sla_dag.py
[2024-03-04T10:00:34.707+0000] {logging_mixin.py:188} INFO - [2024-03-04T10:00:34.707+0000] {dag.py:3036} INFO - Sync 1 DAGs
[2024-03-04T10:00:34.745+0000] {logging_mixin.py:188} INFO - [2024-03-04T10:00:34.745+0000] {dag.py:3823} INFO - Setting next_dagrun for example_sla_dag to 2024-03-04 09:58:00+00:00, run_after=2024-03-04 10:00:00+00:00
[2024-03-04T10:00:34.771+0000] {processor.py:183} INFO - Processing /home/airflow/.local/lib/python3.8/site-packages/airflow/example_dags/example_sla_dag.py took 0.119 seconds
[2024-03-04T10:01:05.094+0000] {processor.py:161} INFO - Started process (PID=558) to work on /home/airflow/.local/lib/python3.8/site-packages/airflow/example_dags/example_sla_dag.py
[2024-03-04T10:01:05.095+0000] {processor.py:830} INFO - Processing file /home/airflow/.local/lib/python3.8/site-packages/airflow/example_dags/example_sla_dag.py for tasks to queue
[2024-03-04T10:01:05.097+0000] {logging_mixin.py:188} INFO - [2024-03-04T10:01:05.097+0000] {dagbag.py:538} INFO - Filling up the DagBag from /home/airflow/.local/lib/python3.8/site-packages/airflow/example_dags/example_sla_dag.py
[2024-03-04T10:01:05.108+0000] {processor.py:840} INFO - DAG(s) 'example_sla_dag' retrieved from /home/airflow/.local/lib/python3.8/site-packages/airflow/example_dags/example_sla_dag.py
[2024-03-04T10:01:05.137+0000] {logging_mixin.py:188} INFO - [2024-03-04T10:01:05.136+0000] {dag.py:3036} INFO - Sync 1 DAGs
[2024-03-04T10:01:05.173+0000] {logging_mixin.py:188} INFO - [2024-03-04T10:01:05.172+0000] {dag.py:3823} INFO - Setting next_dagrun for example_sla_dag to 2024-03-04 09:58:00+00:00, run_after=2024-03-04 10:00:00+00:00
[2024-03-04T10:01:05.204+0000] {processor.py:183} INFO - Processing /home/airflow/.local/lib/python3.8/site-packages/airflow/example_dags/example_sla_dag.py took 0.116 seconds
[2024-03-04T10:01:35.326+0000] {processor.py:161} INFO - Started process (PID=615) to work on /home/airflow/.local/lib/python3.8/site-packages/airflow/example_dags/example_sla_dag.py
[2024-03-04T10:01:35.328+0000] {processor.py:830} INFO - Processing file /home/airflow/.local/lib/python3.8/site-packages/airflow/example_dags/example_sla_dag.py for tasks to queue
[2024-03-04T10:01:35.333+0000] {logging_mixin.py:188} INFO - [2024-03-04T10:01:35.333+0000] {dagbag.py:538} INFO - Filling up the DagBag from /home/airflow/.local/lib/python3.8/site-packages/airflow/example_dags/example_sla_dag.py
[2024-03-04T10:01:35.352+0000] {processor.py:840} INFO - DAG(s) 'example_sla_dag' retrieved from /home/airflow/.local/lib/python3.8/site-packages/airflow/example_dags/example_sla_dag.py
[2024-03-04T10:01:35.395+0000] {logging_mixin.py:188} INFO - [2024-03-04T10:01:35.395+0000] {dag.py:3036} INFO - Sync 1 DAGs
[2024-03-04T10:01:35.466+0000] {logging_mixin.py:188} INFO - [2024-03-04T10:01:35.465+0000] {dag.py:3823} INFO - Setting next_dagrun for example_sla_dag to 2024-03-04 09:58:00+00:00, run_after=2024-03-04 10:00:00+00:00
[2024-03-04T10:01:35.508+0000] {processor.py:183} INFO - Processing /home/airflow/.local/lib/python3.8/site-packages/airflow/example_dags/example_sla_dag.py took 0.190 seconds
[2024-03-04T10:04:55.305+0000] {processor.py:161} INFO - Started process (PID=37) to work on /home/airflow/.local/lib/python3.8/site-packages/airflow/example_dags/example_sla_dag.py
[2024-03-04T10:04:55.306+0000] {processor.py:830} INFO - Processing file /home/airflow/.local/lib/python3.8/site-packages/airflow/example_dags/example_sla_dag.py for tasks to queue
[2024-03-04T10:04:55.310+0000] {logging_mixin.py:188} INFO - [2024-03-04T10:04:55.309+0000] {dagbag.py:538} INFO - Filling up the DagBag from /home/airflow/.local/lib/python3.8/site-packages/airflow/example_dags/example_sla_dag.py
[2024-03-04T10:04:55.330+0000] {processor.py:840} INFO - DAG(s) 'example_sla_dag' retrieved from /home/airflow/.local/lib/python3.8/site-packages/airflow/example_dags/example_sla_dag.py
[2024-03-04T10:04:55.643+0000] {logging_mixin.py:188} INFO - [2024-03-04T10:04:55.642+0000] {dag.py:3036} INFO - Sync 1 DAGs
[2024-03-04T10:04:55.709+0000] {logging_mixin.py:188} INFO - [2024-03-04T10:04:55.706+0000] {dag.py:3823} INFO - Setting next_dagrun for example_sla_dag to 2024-03-04 10:02:00+00:00, run_after=2024-03-04 10:04:00+00:00
[2024-03-04T10:04:55.776+0000] {processor.py:183} INFO - Processing /home/airflow/.local/lib/python3.8/site-packages/airflow/example_dags/example_sla_dag.py took 0.478 seconds
[2024-03-04T10:05:25.932+0000] {processor.py:161} INFO - Started process (PID=93) to work on /home/airflow/.local/lib/python3.8/site-packages/airflow/example_dags/example_sla_dag.py
[2024-03-04T10:05:25.933+0000] {processor.py:830} INFO - Processing file /home/airflow/.local/lib/python3.8/site-packages/airflow/example_dags/example_sla_dag.py for tasks to queue
[2024-03-04T10:05:25.936+0000] {logging_mixin.py:188} INFO - [2024-03-04T10:05:25.936+0000] {dagbag.py:538} INFO - Filling up the DagBag from /home/airflow/.local/lib/python3.8/site-packages/airflow/example_dags/example_sla_dag.py
[2024-03-04T10:05:25.948+0000] {processor.py:840} INFO - DAG(s) 'example_sla_dag' retrieved from /home/airflow/.local/lib/python3.8/site-packages/airflow/example_dags/example_sla_dag.py
[2024-03-04T10:05:25.980+0000] {logging_mixin.py:188} INFO - [2024-03-04T10:05:25.980+0000] {dag.py:3036} INFO - Sync 1 DAGs
[2024-03-04T10:05:26.022+0000] {logging_mixin.py:188} INFO - [2024-03-04T10:05:26.021+0000] {dag.py:3823} INFO - Setting next_dagrun for example_sla_dag to 2024-03-04 10:02:00+00:00, run_after=2024-03-04 10:04:00+00:00
[2024-03-04T10:05:26.069+0000] {processor.py:183} INFO - Processing /home/airflow/.local/lib/python3.8/site-packages/airflow/example_dags/example_sla_dag.py took 0.143 seconds
[2024-03-04T10:05:56.191+0000] {processor.py:161} INFO - Started process (PID=150) to work on /home/airflow/.local/lib/python3.8/site-packages/airflow/example_dags/example_sla_dag.py
[2024-03-04T10:05:56.203+0000] {processor.py:830} INFO - Processing file /home/airflow/.local/lib/python3.8/site-packages/airflow/example_dags/example_sla_dag.py for tasks to queue
[2024-03-04T10:05:56.211+0000] {logging_mixin.py:188} INFO - [2024-03-04T10:05:56.210+0000] {dagbag.py:538} INFO - Filling up the DagBag from /home/airflow/.local/lib/python3.8/site-packages/airflow/example_dags/example_sla_dag.py
[2024-03-04T10:05:56.231+0000] {processor.py:840} INFO - DAG(s) 'example_sla_dag' retrieved from /home/airflow/.local/lib/python3.8/site-packages/airflow/example_dags/example_sla_dag.py
[2024-03-04T10:05:56.261+0000] {logging_mixin.py:188} INFO - [2024-03-04T10:05:56.261+0000] {dag.py:3036} INFO - Sync 1 DAGs
[2024-03-04T10:05:56.300+0000] {logging_mixin.py:188} INFO - [2024-03-04T10:05:56.300+0000] {dag.py:3823} INFO - Setting next_dagrun for example_sla_dag to 2024-03-04 10:02:00+00:00, run_after=2024-03-04 10:04:00+00:00
[2024-03-04T10:05:56.324+0000] {processor.py:183} INFO - Processing /home/airflow/.local/lib/python3.8/site-packages/airflow/example_dags/example_sla_dag.py took 0.141 seconds
[2024-03-04T10:11:50.003+0000] {processor.py:161} INFO - Started process (PID=37) to work on /home/airflow/.local/lib/python3.8/site-packages/airflow/example_dags/example_sla_dag.py
[2024-03-04T10:11:50.005+0000] {processor.py:830} INFO - Processing file /home/airflow/.local/lib/python3.8/site-packages/airflow/example_dags/example_sla_dag.py for tasks to queue
[2024-03-04T10:11:50.008+0000] {logging_mixin.py:188} INFO - [2024-03-04T10:11:50.007+0000] {dagbag.py:538} INFO - Filling up the DagBag from /home/airflow/.local/lib/python3.8/site-packages/airflow/example_dags/example_sla_dag.py
[2024-03-04T10:11:50.028+0000] {processor.py:840} INFO - DAG(s) 'example_sla_dag' retrieved from /home/airflow/.local/lib/python3.8/site-packages/airflow/example_dags/example_sla_dag.py
[2024-03-04T10:11:50.261+0000] {logging_mixin.py:188} INFO - [2024-03-04T10:11:50.260+0000] {dag.py:3036} INFO - Sync 1 DAGs
[2024-03-04T10:11:50.306+0000] {logging_mixin.py:188} INFO - [2024-03-04T10:11:50.305+0000] {dag.py:3823} INFO - Setting next_dagrun for example_sla_dag to 2024-03-04 10:08:00+00:00, run_after=2024-03-04 10:10:00+00:00
[2024-03-04T10:11:50.336+0000] {processor.py:183} INFO - Processing /home/airflow/.local/lib/python3.8/site-packages/airflow/example_dags/example_sla_dag.py took 0.338 seconds
[2024-03-04T10:12:21.123+0000] {processor.py:161} INFO - Started process (PID=92) to work on /home/airflow/.local/lib/python3.8/site-packages/airflow/example_dags/example_sla_dag.py
[2024-03-04T10:12:21.125+0000] {processor.py:830} INFO - Processing file /home/airflow/.local/lib/python3.8/site-packages/airflow/example_dags/example_sla_dag.py for tasks to queue
[2024-03-04T10:12:21.128+0000] {logging_mixin.py:188} INFO - [2024-03-04T10:12:21.127+0000] {dagbag.py:538} INFO - Filling up the DagBag from /home/airflow/.local/lib/python3.8/site-packages/airflow/example_dags/example_sla_dag.py
[2024-03-04T10:12:21.140+0000] {processor.py:840} INFO - DAG(s) 'example_sla_dag' retrieved from /home/airflow/.local/lib/python3.8/site-packages/airflow/example_dags/example_sla_dag.py
[2024-03-04T10:12:21.173+0000] {logging_mixin.py:188} INFO - [2024-03-04T10:12:21.173+0000] {dag.py:3036} INFO - Sync 1 DAGs
[2024-03-04T10:12:21.212+0000] {logging_mixin.py:188} INFO - [2024-03-04T10:12:21.212+0000] {dag.py:3823} INFO - Setting next_dagrun for example_sla_dag to 2024-03-04 10:10:00+00:00, run_after=2024-03-04 10:12:00+00:00
[2024-03-04T10:12:21.240+0000] {processor.py:183} INFO - Processing /home/airflow/.local/lib/python3.8/site-packages/airflow/example_dags/example_sla_dag.py took 0.121 seconds
[2024-03-04T10:12:51.620+0000] {processor.py:161} INFO - Started process (PID=149) to work on /home/airflow/.local/lib/python3.8/site-packages/airflow/example_dags/example_sla_dag.py
[2024-03-04T10:12:51.621+0000] {processor.py:830} INFO - Processing file /home/airflow/.local/lib/python3.8/site-packages/airflow/example_dags/example_sla_dag.py for tasks to queue
[2024-03-04T10:12:51.624+0000] {logging_mixin.py:188} INFO - [2024-03-04T10:12:51.624+0000] {dagbag.py:538} INFO - Filling up the DagBag from /home/airflow/.local/lib/python3.8/site-packages/airflow/example_dags/example_sla_dag.py
[2024-03-04T10:12:51.634+0000] {processor.py:840} INFO - DAG(s) 'example_sla_dag' retrieved from /home/airflow/.local/lib/python3.8/site-packages/airflow/example_dags/example_sla_dag.py
[2024-03-04T10:12:51.665+0000] {logging_mixin.py:188} INFO - [2024-03-04T10:12:51.665+0000] {dag.py:3036} INFO - Sync 1 DAGs
[2024-03-04T10:12:51.703+0000] {logging_mixin.py:188} INFO - [2024-03-04T10:12:51.703+0000] {dag.py:3823} INFO - Setting next_dagrun for example_sla_dag to 2024-03-04 10:10:00+00:00, run_after=2024-03-04 10:12:00+00:00
[2024-03-04T10:12:51.731+0000] {processor.py:183} INFO - Processing /home/airflow/.local/lib/python3.8/site-packages/airflow/example_dags/example_sla_dag.py took 0.116 seconds
[2024-03-04T10:15:38.437+0000] {processor.py:161} INFO - Started process (PID=37) to work on /home/airflow/.local/lib/python3.8/site-packages/airflow/example_dags/example_sla_dag.py
[2024-03-04T10:15:38.439+0000] {processor.py:830} INFO - Processing file /home/airflow/.local/lib/python3.8/site-packages/airflow/example_dags/example_sla_dag.py for tasks to queue
[2024-03-04T10:15:38.441+0000] {logging_mixin.py:188} INFO - [2024-03-04T10:15:38.441+0000] {dagbag.py:538} INFO - Filling up the DagBag from /home/airflow/.local/lib/python3.8/site-packages/airflow/example_dags/example_sla_dag.py
[2024-03-04T10:15:38.456+0000] {processor.py:840} INFO - DAG(s) 'example_sla_dag' retrieved from /home/airflow/.local/lib/python3.8/site-packages/airflow/example_dags/example_sla_dag.py
[2024-03-04T10:15:38.473+0000] {logging_mixin.py:188} INFO - [2024-03-04T10:15:38.472+0000] {dag.py:3036} INFO - Sync 1 DAGs
[2024-03-04T10:15:38.525+0000] {logging_mixin.py:188} INFO - [2024-03-04T10:15:38.524+0000] {dag.py:3823} INFO - Setting next_dagrun for example_sla_dag to 2024-03-04 10:12:00+00:00, run_after=2024-03-04 10:14:00+00:00
[2024-03-04T10:15:38.556+0000] {processor.py:183} INFO - Processing /home/airflow/.local/lib/python3.8/site-packages/airflow/example_dags/example_sla_dag.py took 0.124 seconds
[2024-03-04T10:16:08.911+0000] {processor.py:161} INFO - Started process (PID=92) to work on /home/airflow/.local/lib/python3.8/site-packages/airflow/example_dags/example_sla_dag.py
[2024-03-04T10:16:08.914+0000] {processor.py:830} INFO - Processing file /home/airflow/.local/lib/python3.8/site-packages/airflow/example_dags/example_sla_dag.py for tasks to queue
[2024-03-04T10:16:08.919+0000] {logging_mixin.py:188} INFO - [2024-03-04T10:16:08.918+0000] {dagbag.py:538} INFO - Filling up the DagBag from /home/airflow/.local/lib/python3.8/site-packages/airflow/example_dags/example_sla_dag.py
[2024-03-04T10:16:08.942+0000] {processor.py:840} INFO - DAG(s) 'example_sla_dag' retrieved from /home/airflow/.local/lib/python3.8/site-packages/airflow/example_dags/example_sla_dag.py
[2024-03-04T10:16:09.185+0000] {logging_mixin.py:188} INFO - [2024-03-04T10:16:09.185+0000] {dag.py:3036} INFO - Sync 1 DAGs
[2024-03-04T10:16:09.227+0000] {logging_mixin.py:188} INFO - [2024-03-04T10:16:09.227+0000] {dag.py:3823} INFO - Setting next_dagrun for example_sla_dag to 2024-03-04 10:14:00+00:00, run_after=2024-03-04 10:16:00+00:00
[2024-03-04T10:16:09.269+0000] {processor.py:183} INFO - Processing /home/airflow/.local/lib/python3.8/site-packages/airflow/example_dags/example_sla_dag.py took 0.366 seconds
[2024-03-04T10:16:39.689+0000] {processor.py:161} INFO - Started process (PID=149) to work on /home/airflow/.local/lib/python3.8/site-packages/airflow/example_dags/example_sla_dag.py
[2024-03-04T10:16:39.691+0000] {processor.py:830} INFO - Processing file /home/airflow/.local/lib/python3.8/site-packages/airflow/example_dags/example_sla_dag.py for tasks to queue
[2024-03-04T10:16:39.695+0000] {logging_mixin.py:188} INFO - [2024-03-04T10:16:39.694+0000] {dagbag.py:538} INFO - Filling up the DagBag from /home/airflow/.local/lib/python3.8/site-packages/airflow/example_dags/example_sla_dag.py
[2024-03-04T10:16:39.711+0000] {processor.py:840} INFO - DAG(s) 'example_sla_dag' retrieved from /home/airflow/.local/lib/python3.8/site-packages/airflow/example_dags/example_sla_dag.py
[2024-03-04T10:16:39.749+0000] {logging_mixin.py:188} INFO - [2024-03-04T10:16:39.748+0000] {dag.py:3036} INFO - Sync 1 DAGs
[2024-03-04T10:16:39.793+0000] {logging_mixin.py:188} INFO - [2024-03-04T10:16:39.792+0000] {dag.py:3823} INFO - Setting next_dagrun for example_sla_dag to 2024-03-04 10:14:00+00:00, run_after=2024-03-04 10:16:00+00:00
[2024-03-04T10:16:39.828+0000] {processor.py:183} INFO - Processing /home/airflow/.local/lib/python3.8/site-packages/airflow/example_dags/example_sla_dag.py took 0.144 seconds
