[2024-03-04T09:52:12.464+0000] {processor.py:161} INFO - Started process (PID=53) to work on /home/airflow/.local/lib/python3.8/site-packages/airflow/example_dags/example_python_operator.py
[2024-03-04T09:52:12.467+0000] {processor.py:830} INFO - Processing file /home/airflow/.local/lib/python3.8/site-packages/airflow/example_dags/example_python_operator.py for tasks to queue
[2024-03-04T09:52:12.470+0000] {logging_mixin.py:188} INFO - [2024-03-04T09:52:12.470+0000] {dagbag.py:538} INFO - Filling up the DagBag from /home/airflow/.local/lib/python3.8/site-packages/airflow/example_dags/example_python_operator.py
[2024-03-04T09:52:12.508+0000] {processor.py:840} INFO - DAG(s) 'example_python_operator' retrieved from /home/airflow/.local/lib/python3.8/site-packages/airflow/example_dags/example_python_operator.py
[2024-03-04T09:52:12.791+0000] {logging_mixin.py:188} INFO - [2024-03-04T09:52:12.791+0000] {override.py:1769} INFO - Created Permission View: can read on DAG:example_python_operator
[2024-03-04T09:52:12.895+0000] {logging_mixin.py:188} INFO - [2024-03-04T09:52:12.895+0000] {override.py:1769} INFO - Created Permission View: can delete on DAG:example_python_operator
[2024-03-04T09:52:12.939+0000] {logging_mixin.py:188} INFO - [2024-03-04T09:52:12.938+0000] {override.py:1769} INFO - Created Permission View: can edit on DAG:example_python_operator
[2024-03-04T09:52:12.940+0000] {logging_mixin.py:188} INFO - [2024-03-04T09:52:12.940+0000] {dag.py:3036} INFO - Sync 1 DAGs
[2024-03-04T09:52:12.970+0000] {logging_mixin.py:188} INFO - [2024-03-04T09:52:12.969+0000] {dag.py:3058} INFO - Creating ORM DAG for example_python_operator
[2024-03-04T09:52:12.971+0000] {logging_mixin.py:188} INFO - [2024-03-04T09:52:12.971+0000] {dag.py:3823} INFO - Setting next_dagrun for example_python_operator to None, run_after=None
[2024-03-04T09:52:13.036+0000] {processor.py:183} INFO - Processing /home/airflow/.local/lib/python3.8/site-packages/airflow/example_dags/example_python_operator.py took 0.578 seconds
[2024-03-04T09:52:43.118+0000] {processor.py:161} INFO - Started process (PID=110) to work on /home/airflow/.local/lib/python3.8/site-packages/airflow/example_dags/example_python_operator.py
[2024-03-04T09:52:43.124+0000] {processor.py:830} INFO - Processing file /home/airflow/.local/lib/python3.8/site-packages/airflow/example_dags/example_python_operator.py for tasks to queue
[2024-03-04T09:52:43.128+0000] {logging_mixin.py:188} INFO - [2024-03-04T09:52:43.127+0000] {dagbag.py:538} INFO - Filling up the DagBag from /home/airflow/.local/lib/python3.8/site-packages/airflow/example_dags/example_python_operator.py
[2024-03-04T09:52:43.156+0000] {processor.py:840} INFO - DAG(s) 'example_python_operator' retrieved from /home/airflow/.local/lib/python3.8/site-packages/airflow/example_dags/example_python_operator.py
[2024-03-04T09:52:43.207+0000] {logging_mixin.py:188} INFO - [2024-03-04T09:52:43.207+0000] {dag.py:3036} INFO - Sync 1 DAGs
[2024-03-04T09:52:43.239+0000] {logging_mixin.py:188} INFO - [2024-03-04T09:52:43.239+0000] {dag.py:3823} INFO - Setting next_dagrun for example_python_operator to None, run_after=None
[2024-03-04T09:52:43.293+0000] {processor.py:183} INFO - Processing /home/airflow/.local/lib/python3.8/site-packages/airflow/example_dags/example_python_operator.py took 0.183 seconds
[2024-03-04T09:53:13.418+0000] {processor.py:161} INFO - Started process (PID=166) to work on /home/airflow/.local/lib/python3.8/site-packages/airflow/example_dags/example_python_operator.py
[2024-03-04T09:53:13.419+0000] {processor.py:830} INFO - Processing file /home/airflow/.local/lib/python3.8/site-packages/airflow/example_dags/example_python_operator.py for tasks to queue
[2024-03-04T09:53:13.423+0000] {logging_mixin.py:188} INFO - [2024-03-04T09:53:13.422+0000] {dagbag.py:538} INFO - Filling up the DagBag from /home/airflow/.local/lib/python3.8/site-packages/airflow/example_dags/example_python_operator.py
[2024-03-04T09:53:13.441+0000] {processor.py:840} INFO - DAG(s) 'example_python_operator' retrieved from /home/airflow/.local/lib/python3.8/site-packages/airflow/example_dags/example_python_operator.py
[2024-03-04T09:53:13.480+0000] {logging_mixin.py:188} INFO - [2024-03-04T09:53:13.480+0000] {dag.py:3036} INFO - Sync 1 DAGs
[2024-03-04T09:53:13.507+0000] {logging_mixin.py:188} INFO - [2024-03-04T09:53:13.507+0000] {dag.py:3823} INFO - Setting next_dagrun for example_python_operator to None, run_after=None
[2024-03-04T09:53:13.550+0000] {processor.py:183} INFO - Processing /home/airflow/.local/lib/python3.8/site-packages/airflow/example_dags/example_python_operator.py took 0.138 seconds
[2024-03-04T09:53:43.606+0000] {processor.py:161} INFO - Started process (PID=223) to work on /home/airflow/.local/lib/python3.8/site-packages/airflow/example_dags/example_python_operator.py
[2024-03-04T09:53:43.608+0000] {processor.py:830} INFO - Processing file /home/airflow/.local/lib/python3.8/site-packages/airflow/example_dags/example_python_operator.py for tasks to queue
[2024-03-04T09:53:43.612+0000] {logging_mixin.py:188} INFO - [2024-03-04T09:53:43.611+0000] {dagbag.py:538} INFO - Filling up the DagBag from /home/airflow/.local/lib/python3.8/site-packages/airflow/example_dags/example_python_operator.py
[2024-03-04T09:53:43.641+0000] {processor.py:840} INFO - DAG(s) 'example_python_operator' retrieved from /home/airflow/.local/lib/python3.8/site-packages/airflow/example_dags/example_python_operator.py
[2024-03-04T09:53:43.691+0000] {logging_mixin.py:188} INFO - [2024-03-04T09:53:43.690+0000] {dag.py:3036} INFO - Sync 1 DAGs
[2024-03-04T09:53:43.714+0000] {logging_mixin.py:188} INFO - [2024-03-04T09:53:43.714+0000] {dag.py:3823} INFO - Setting next_dagrun for example_python_operator to None, run_after=None
[2024-03-04T09:53:43.744+0000] {processor.py:183} INFO - Processing /home/airflow/.local/lib/python3.8/site-packages/airflow/example_dags/example_python_operator.py took 0.145 seconds
[2024-03-04T09:56:32.902+0000] {processor.py:161} INFO - Started process (PID=47) to work on /home/airflow/.local/lib/python3.8/site-packages/airflow/example_dags/example_python_operator.py
[2024-03-04T09:56:32.904+0000] {processor.py:830} INFO - Processing file /home/airflow/.local/lib/python3.8/site-packages/airflow/example_dags/example_python_operator.py for tasks to queue
[2024-03-04T09:56:32.909+0000] {logging_mixin.py:188} INFO - [2024-03-04T09:56:32.908+0000] {dagbag.py:538} INFO - Filling up the DagBag from /home/airflow/.local/lib/python3.8/site-packages/airflow/example_dags/example_python_operator.py
[2024-03-04T09:56:32.953+0000] {processor.py:840} INFO - DAG(s) 'example_python_operator' retrieved from /home/airflow/.local/lib/python3.8/site-packages/airflow/example_dags/example_python_operator.py
[2024-03-04T09:56:33.134+0000] {logging_mixin.py:188} INFO - [2024-03-04T09:56:33.133+0000] {dag.py:3036} INFO - Sync 1 DAGs
[2024-03-04T09:56:33.150+0000] {logging_mixin.py:188} INFO - [2024-03-04T09:56:33.149+0000] {dag.py:3823} INFO - Setting next_dagrun for example_python_operator to None, run_after=None
[2024-03-04T09:56:33.189+0000] {processor.py:183} INFO - Processing /home/airflow/.local/lib/python3.8/site-packages/airflow/example_dags/example_python_operator.py took 0.293 seconds
[2024-03-04T09:57:04.412+0000] {processor.py:161} INFO - Started process (PID=104) to work on /home/airflow/.local/lib/python3.8/site-packages/airflow/example_dags/example_python_operator.py
[2024-03-04T09:57:04.414+0000] {processor.py:830} INFO - Processing file /home/airflow/.local/lib/python3.8/site-packages/airflow/example_dags/example_python_operator.py for tasks to queue
[2024-03-04T09:57:04.417+0000] {logging_mixin.py:188} INFO - [2024-03-04T09:57:04.417+0000] {dagbag.py:538} INFO - Filling up the DagBag from /home/airflow/.local/lib/python3.8/site-packages/airflow/example_dags/example_python_operator.py
[2024-03-04T09:57:04.435+0000] {processor.py:840} INFO - DAG(s) 'example_python_operator' retrieved from /home/airflow/.local/lib/python3.8/site-packages/airflow/example_dags/example_python_operator.py
[2024-03-04T09:57:04.468+0000] {logging_mixin.py:188} INFO - [2024-03-04T09:57:04.467+0000] {dag.py:3036} INFO - Sync 1 DAGs
[2024-03-04T09:57:04.486+0000] {logging_mixin.py:188} INFO - [2024-03-04T09:57:04.486+0000] {dag.py:3823} INFO - Setting next_dagrun for example_python_operator to None, run_after=None
[2024-03-04T09:57:04.516+0000] {processor.py:183} INFO - Processing /home/airflow/.local/lib/python3.8/site-packages/airflow/example_dags/example_python_operator.py took 0.109 seconds
[2024-03-04T09:57:34.975+0000] {processor.py:161} INFO - Started process (PID=161) to work on /home/airflow/.local/lib/python3.8/site-packages/airflow/example_dags/example_python_operator.py
[2024-03-04T09:57:34.977+0000] {processor.py:830} INFO - Processing file /home/airflow/.local/lib/python3.8/site-packages/airflow/example_dags/example_python_operator.py for tasks to queue
[2024-03-04T09:57:34.979+0000] {logging_mixin.py:188} INFO - [2024-03-04T09:57:34.979+0000] {dagbag.py:538} INFO - Filling up the DagBag from /home/airflow/.local/lib/python3.8/site-packages/airflow/example_dags/example_python_operator.py
[2024-03-04T09:57:34.993+0000] {processor.py:840} INFO - DAG(s) 'example_python_operator' retrieved from /home/airflow/.local/lib/python3.8/site-packages/airflow/example_dags/example_python_operator.py
[2024-03-04T09:57:35.026+0000] {logging_mixin.py:188} INFO - [2024-03-04T09:57:35.025+0000] {dag.py:3036} INFO - Sync 1 DAGs
[2024-03-04T09:57:35.043+0000] {logging_mixin.py:188} INFO - [2024-03-04T09:57:35.042+0000] {dag.py:3823} INFO - Setting next_dagrun for example_python_operator to None, run_after=None
[2024-03-04T09:57:35.995+0000] {processor.py:183} INFO - Processing /home/airflow/.local/lib/python3.8/site-packages/airflow/example_dags/example_python_operator.py took 1.024 seconds
[2024-03-04T09:58:06.668+0000] {processor.py:161} INFO - Started process (PID=227) to work on /home/airflow/.local/lib/python3.8/site-packages/airflow/example_dags/example_python_operator.py
[2024-03-04T09:58:06.671+0000] {processor.py:830} INFO - Processing file /home/airflow/.local/lib/python3.8/site-packages/airflow/example_dags/example_python_operator.py for tasks to queue
[2024-03-04T09:58:06.675+0000] {logging_mixin.py:188} INFO - [2024-03-04T09:58:06.675+0000] {dagbag.py:538} INFO - Filling up the DagBag from /home/airflow/.local/lib/python3.8/site-packages/airflow/example_dags/example_python_operator.py
[2024-03-04T09:58:06.701+0000] {processor.py:840} INFO - DAG(s) 'example_python_operator' retrieved from /home/airflow/.local/lib/python3.8/site-packages/airflow/example_dags/example_python_operator.py
[2024-03-04T09:58:06.765+0000] {logging_mixin.py:188} INFO - [2024-03-04T09:58:06.764+0000] {dag.py:3036} INFO - Sync 1 DAGs
[2024-03-04T09:58:06.798+0000] {logging_mixin.py:188} INFO - [2024-03-04T09:58:06.798+0000] {dag.py:3823} INFO - Setting next_dagrun for example_python_operator to None, run_after=None
[2024-03-04T09:58:06.840+0000] {processor.py:183} INFO - Processing /home/airflow/.local/lib/python3.8/site-packages/airflow/example_dags/example_python_operator.py took 0.180 seconds
[2024-03-04T09:58:37.627+0000] {processor.py:161} INFO - Started process (PID=284) to work on /home/airflow/.local/lib/python3.8/site-packages/airflow/example_dags/example_python_operator.py
[2024-03-04T09:58:37.629+0000] {processor.py:830} INFO - Processing file /home/airflow/.local/lib/python3.8/site-packages/airflow/example_dags/example_python_operator.py for tasks to queue
[2024-03-04T09:58:37.632+0000] {logging_mixin.py:188} INFO - [2024-03-04T09:58:37.632+0000] {dagbag.py:538} INFO - Filling up the DagBag from /home/airflow/.local/lib/python3.8/site-packages/airflow/example_dags/example_python_operator.py
[2024-03-04T09:58:37.650+0000] {processor.py:840} INFO - DAG(s) 'example_python_operator' retrieved from /home/airflow/.local/lib/python3.8/site-packages/airflow/example_dags/example_python_operator.py
[2024-03-04T09:58:37.686+0000] {logging_mixin.py:188} INFO - [2024-03-04T09:58:37.686+0000] {dag.py:3036} INFO - Sync 1 DAGs
[2024-03-04T09:58:37.707+0000] {logging_mixin.py:188} INFO - [2024-03-04T09:58:37.707+0000] {dag.py:3823} INFO - Setting next_dagrun for example_python_operator to None, run_after=None
[2024-03-04T09:58:37.903+0000] {processor.py:183} INFO - Processing /home/airflow/.local/lib/python3.8/site-packages/airflow/example_dags/example_python_operator.py took 0.282 seconds
[2024-03-04T09:59:08.316+0000] {processor.py:161} INFO - Started process (PID=341) to work on /home/airflow/.local/lib/python3.8/site-packages/airflow/example_dags/example_python_operator.py
[2024-03-04T09:59:08.319+0000] {processor.py:830} INFO - Processing file /home/airflow/.local/lib/python3.8/site-packages/airflow/example_dags/example_python_operator.py for tasks to queue
[2024-03-04T09:59:08.349+0000] {logging_mixin.py:188} INFO - [2024-03-04T09:59:08.348+0000] {dagbag.py:538} INFO - Filling up the DagBag from /home/airflow/.local/lib/python3.8/site-packages/airflow/example_dags/example_python_operator.py
[2024-03-04T09:59:08.410+0000] {processor.py:840} INFO - DAG(s) 'example_python_operator' retrieved from /home/airflow/.local/lib/python3.8/site-packages/airflow/example_dags/example_python_operator.py
[2024-03-04T09:59:08.523+0000] {logging_mixin.py:188} INFO - [2024-03-04T09:59:08.522+0000] {dag.py:3036} INFO - Sync 1 DAGs
[2024-03-04T09:59:08.580+0000] {logging_mixin.py:188} INFO - [2024-03-04T09:59:08.580+0000] {dag.py:3823} INFO - Setting next_dagrun for example_python_operator to None, run_after=None
[2024-03-04T09:59:08.664+0000] {processor.py:183} INFO - Processing /home/airflow/.local/lib/python3.8/site-packages/airflow/example_dags/example_python_operator.py took 0.363 seconds
[2024-03-04T09:59:39.548+0000] {processor.py:161} INFO - Started process (PID=398) to work on /home/airflow/.local/lib/python3.8/site-packages/airflow/example_dags/example_python_operator.py
[2024-03-04T09:59:39.549+0000] {processor.py:830} INFO - Processing file /home/airflow/.local/lib/python3.8/site-packages/airflow/example_dags/example_python_operator.py for tasks to queue
[2024-03-04T09:59:39.553+0000] {logging_mixin.py:188} INFO - [2024-03-04T09:59:39.553+0000] {dagbag.py:538} INFO - Filling up the DagBag from /home/airflow/.local/lib/python3.8/site-packages/airflow/example_dags/example_python_operator.py
[2024-03-04T09:59:39.572+0000] {processor.py:840} INFO - DAG(s) 'example_python_operator' retrieved from /home/airflow/.local/lib/python3.8/site-packages/airflow/example_dags/example_python_operator.py
[2024-03-04T09:59:39.611+0000] {logging_mixin.py:188} INFO - [2024-03-04T09:59:39.611+0000] {dag.py:3036} INFO - Sync 1 DAGs
[2024-03-04T09:59:39.627+0000] {logging_mixin.py:188} INFO - [2024-03-04T09:59:39.627+0000] {dag.py:3823} INFO - Setting next_dagrun for example_python_operator to None, run_after=None
[2024-03-04T09:59:39.661+0000] {processor.py:183} INFO - Processing /home/airflow/.local/lib/python3.8/site-packages/airflow/example_dags/example_python_operator.py took 0.118 seconds
[2024-03-04T10:00:10.107+0000] {processor.py:161} INFO - Started process (PID=455) to work on /home/airflow/.local/lib/python3.8/site-packages/airflow/example_dags/example_python_operator.py
[2024-03-04T10:00:10.109+0000] {processor.py:830} INFO - Processing file /home/airflow/.local/lib/python3.8/site-packages/airflow/example_dags/example_python_operator.py for tasks to queue
[2024-03-04T10:00:10.112+0000] {logging_mixin.py:188} INFO - [2024-03-04T10:00:10.111+0000] {dagbag.py:538} INFO - Filling up the DagBag from /home/airflow/.local/lib/python3.8/site-packages/airflow/example_dags/example_python_operator.py
[2024-03-04T10:00:10.128+0000] {processor.py:840} INFO - DAG(s) 'example_python_operator' retrieved from /home/airflow/.local/lib/python3.8/site-packages/airflow/example_dags/example_python_operator.py
[2024-03-04T10:00:10.167+0000] {logging_mixin.py:188} INFO - [2024-03-04T10:00:10.166+0000] {dag.py:3036} INFO - Sync 1 DAGs
[2024-03-04T10:00:10.187+0000] {logging_mixin.py:188} INFO - [2024-03-04T10:00:10.186+0000] {dag.py:3823} INFO - Setting next_dagrun for example_python_operator to None, run_after=None
[2024-03-04T10:00:10.229+0000] {processor.py:183} INFO - Processing /home/airflow/.local/lib/python3.8/site-packages/airflow/example_dags/example_python_operator.py took 0.127 seconds
[2024-03-04T10:00:40.552+0000] {processor.py:161} INFO - Started process (PID=516) to work on /home/airflow/.local/lib/python3.8/site-packages/airflow/example_dags/example_python_operator.py
[2024-03-04T10:00:40.554+0000] {processor.py:830} INFO - Processing file /home/airflow/.local/lib/python3.8/site-packages/airflow/example_dags/example_python_operator.py for tasks to queue
[2024-03-04T10:00:40.556+0000] {logging_mixin.py:188} INFO - [2024-03-04T10:00:40.556+0000] {dagbag.py:538} INFO - Filling up the DagBag from /home/airflow/.local/lib/python3.8/site-packages/airflow/example_dags/example_python_operator.py
[2024-03-04T10:00:40.571+0000] {processor.py:840} INFO - DAG(s) 'example_python_operator' retrieved from /home/airflow/.local/lib/python3.8/site-packages/airflow/example_dags/example_python_operator.py
[2024-03-04T10:00:40.601+0000] {logging_mixin.py:188} INFO - [2024-03-04T10:00:40.601+0000] {dag.py:3036} INFO - Sync 1 DAGs
[2024-03-04T10:00:40.619+0000] {logging_mixin.py:188} INFO - [2024-03-04T10:00:40.618+0000] {dag.py:3823} INFO - Setting next_dagrun for example_python_operator to None, run_after=None
[2024-03-04T10:00:40.654+0000] {processor.py:183} INFO - Processing /home/airflow/.local/lib/python3.8/site-packages/airflow/example_dags/example_python_operator.py took 0.106 seconds
[2024-03-04T10:01:10.821+0000] {processor.py:161} INFO - Started process (PID=573) to work on /home/airflow/.local/lib/python3.8/site-packages/airflow/example_dags/example_python_operator.py
[2024-03-04T10:01:10.823+0000] {processor.py:830} INFO - Processing file /home/airflow/.local/lib/python3.8/site-packages/airflow/example_dags/example_python_operator.py for tasks to queue
[2024-03-04T10:01:10.825+0000] {logging_mixin.py:188} INFO - [2024-03-04T10:01:10.825+0000] {dagbag.py:538} INFO - Filling up the DagBag from /home/airflow/.local/lib/python3.8/site-packages/airflow/example_dags/example_python_operator.py
[2024-03-04T10:01:10.840+0000] {processor.py:840} INFO - DAG(s) 'example_python_operator' retrieved from /home/airflow/.local/lib/python3.8/site-packages/airflow/example_dags/example_python_operator.py
[2024-03-04T10:01:10.881+0000] {logging_mixin.py:188} INFO - [2024-03-04T10:01:10.880+0000] {dag.py:3036} INFO - Sync 1 DAGs
[2024-03-04T10:01:10.907+0000] {logging_mixin.py:188} INFO - [2024-03-04T10:01:10.906+0000] {dag.py:3823} INFO - Setting next_dagrun for example_python_operator to None, run_after=None
[2024-03-04T10:01:10.944+0000] {processor.py:183} INFO - Processing /home/airflow/.local/lib/python3.8/site-packages/airflow/example_dags/example_python_operator.py took 0.129 seconds
[2024-03-04T10:01:41.167+0000] {processor.py:161} INFO - Started process (PID=630) to work on /home/airflow/.local/lib/python3.8/site-packages/airflow/example_dags/example_python_operator.py
[2024-03-04T10:01:41.169+0000] {processor.py:830} INFO - Processing file /home/airflow/.local/lib/python3.8/site-packages/airflow/example_dags/example_python_operator.py for tasks to queue
[2024-03-04T10:01:41.173+0000] {logging_mixin.py:188} INFO - [2024-03-04T10:01:41.173+0000] {dagbag.py:538} INFO - Filling up the DagBag from /home/airflow/.local/lib/python3.8/site-packages/airflow/example_dags/example_python_operator.py
[2024-03-04T10:01:41.189+0000] {processor.py:840} INFO - DAG(s) 'example_python_operator' retrieved from /home/airflow/.local/lib/python3.8/site-packages/airflow/example_dags/example_python_operator.py
[2024-03-04T10:01:41.221+0000] {logging_mixin.py:188} INFO - [2024-03-04T10:01:41.221+0000] {dag.py:3036} INFO - Sync 1 DAGs
[2024-03-04T10:01:41.237+0000] {logging_mixin.py:188} INFO - [2024-03-04T10:01:41.236+0000] {dag.py:3823} INFO - Setting next_dagrun for example_python_operator to None, run_after=None
[2024-03-04T10:01:41.286+0000] {processor.py:183} INFO - Processing /home/airflow/.local/lib/python3.8/site-packages/airflow/example_dags/example_python_operator.py took 0.126 seconds
[2024-03-04T10:04:58.187+0000] {processor.py:161} INFO - Started process (PID=46) to work on /home/airflow/.local/lib/python3.8/site-packages/airflow/example_dags/example_python_operator.py
[2024-03-04T10:04:58.189+0000] {processor.py:830} INFO - Processing file /home/airflow/.local/lib/python3.8/site-packages/airflow/example_dags/example_python_operator.py for tasks to queue
[2024-03-04T10:04:58.195+0000] {logging_mixin.py:188} INFO - [2024-03-04T10:04:58.194+0000] {dagbag.py:538} INFO - Filling up the DagBag from /home/airflow/.local/lib/python3.8/site-packages/airflow/example_dags/example_python_operator.py
[2024-03-04T10:04:58.219+0000] {processor.py:840} INFO - DAG(s) 'example_python_operator' retrieved from /home/airflow/.local/lib/python3.8/site-packages/airflow/example_dags/example_python_operator.py
[2024-03-04T10:04:58.534+0000] {logging_mixin.py:188} INFO - [2024-03-04T10:04:58.533+0000] {dag.py:3036} INFO - Sync 1 DAGs
[2024-03-04T10:04:58.561+0000] {logging_mixin.py:188} INFO - [2024-03-04T10:04:58.561+0000] {dag.py:3823} INFO - Setting next_dagrun for example_python_operator to None, run_after=None
[2024-03-04T10:04:58.613+0000] {processor.py:183} INFO - Processing /home/airflow/.local/lib/python3.8/site-packages/airflow/example_dags/example_python_operator.py took 0.432 seconds
[2024-03-04T10:05:28.881+0000] {processor.py:161} INFO - Started process (PID=104) to work on /home/airflow/.local/lib/python3.8/site-packages/airflow/example_dags/example_python_operator.py
[2024-03-04T10:05:28.883+0000] {processor.py:830} INFO - Processing file /home/airflow/.local/lib/python3.8/site-packages/airflow/example_dags/example_python_operator.py for tasks to queue
[2024-03-04T10:05:28.885+0000] {logging_mixin.py:188} INFO - [2024-03-04T10:05:28.885+0000] {dagbag.py:538} INFO - Filling up the DagBag from /home/airflow/.local/lib/python3.8/site-packages/airflow/example_dags/example_python_operator.py
[2024-03-04T10:05:28.900+0000] {processor.py:840} INFO - DAG(s) 'example_python_operator' retrieved from /home/airflow/.local/lib/python3.8/site-packages/airflow/example_dags/example_python_operator.py
[2024-03-04T10:05:28.933+0000] {logging_mixin.py:188} INFO - [2024-03-04T10:05:28.933+0000] {dag.py:3036} INFO - Sync 1 DAGs
[2024-03-04T10:05:28.955+0000] {logging_mixin.py:188} INFO - [2024-03-04T10:05:28.954+0000] {dag.py:3823} INFO - Setting next_dagrun for example_python_operator to None, run_after=None
[2024-03-04T10:05:28.996+0000] {processor.py:183} INFO - Processing /home/airflow/.local/lib/python3.8/site-packages/airflow/example_dags/example_python_operator.py took 0.119 seconds
[2024-03-04T10:11:52.361+0000] {processor.py:161} INFO - Started process (PID=46) to work on /home/airflow/.local/lib/python3.8/site-packages/airflow/example_dags/example_python_operator.py
[2024-03-04T10:11:52.364+0000] {processor.py:830} INFO - Processing file /home/airflow/.local/lib/python3.8/site-packages/airflow/example_dags/example_python_operator.py for tasks to queue
[2024-03-04T10:11:52.367+0000] {logging_mixin.py:188} INFO - [2024-03-04T10:11:52.366+0000] {dagbag.py:538} INFO - Filling up the DagBag from /home/airflow/.local/lib/python3.8/site-packages/airflow/example_dags/example_python_operator.py
[2024-03-04T10:11:52.427+0000] {processor.py:840} INFO - DAG(s) 'example_python_operator' retrieved from /home/airflow/.local/lib/python3.8/site-packages/airflow/example_dags/example_python_operator.py
[2024-03-04T10:11:52.939+0000] {logging_mixin.py:188} INFO - [2024-03-04T10:11:52.938+0000] {dag.py:3036} INFO - Sync 1 DAGs
[2024-03-04T10:11:52.967+0000] {logging_mixin.py:188} INFO - [2024-03-04T10:11:52.966+0000] {dag.py:3823} INFO - Setting next_dagrun for example_python_operator to None, run_after=None
[2024-03-04T10:11:53.008+0000] {processor.py:183} INFO - Processing /home/airflow/.local/lib/python3.8/site-packages/airflow/example_dags/example_python_operator.py took 0.660 seconds
[2024-03-04T10:12:23.061+0000] {processor.py:161} INFO - Started process (PID=103) to work on /home/airflow/.local/lib/python3.8/site-packages/airflow/example_dags/example_python_operator.py
[2024-03-04T10:12:23.063+0000] {processor.py:830} INFO - Processing file /home/airflow/.local/lib/python3.8/site-packages/airflow/example_dags/example_python_operator.py for tasks to queue
[2024-03-04T10:12:23.066+0000] {logging_mixin.py:188} INFO - [2024-03-04T10:12:23.065+0000] {dagbag.py:538} INFO - Filling up the DagBag from /home/airflow/.local/lib/python3.8/site-packages/airflow/example_dags/example_python_operator.py
[2024-03-04T10:12:23.082+0000] {processor.py:840} INFO - DAG(s) 'example_python_operator' retrieved from /home/airflow/.local/lib/python3.8/site-packages/airflow/example_dags/example_python_operator.py
[2024-03-04T10:12:23.116+0000] {logging_mixin.py:188} INFO - [2024-03-04T10:12:23.116+0000] {dag.py:3036} INFO - Sync 1 DAGs
[2024-03-04T10:12:23.143+0000] {logging_mixin.py:188} INFO - [2024-03-04T10:12:23.142+0000] {dag.py:3823} INFO - Setting next_dagrun for example_python_operator to None, run_after=None
[2024-03-04T10:12:23.171+0000] {processor.py:183} INFO - Processing /home/airflow/.local/lib/python3.8/site-packages/airflow/example_dags/example_python_operator.py took 0.115 seconds
[2024-03-04T10:12:53.993+0000] {processor.py:161} INFO - Started process (PID=160) to work on /home/airflow/.local/lib/python3.8/site-packages/airflow/example_dags/example_python_operator.py
[2024-03-04T10:12:53.995+0000] {processor.py:830} INFO - Processing file /home/airflow/.local/lib/python3.8/site-packages/airflow/example_dags/example_python_operator.py for tasks to queue
[2024-03-04T10:12:53.999+0000] {logging_mixin.py:188} INFO - [2024-03-04T10:12:53.998+0000] {dagbag.py:538} INFO - Filling up the DagBag from /home/airflow/.local/lib/python3.8/site-packages/airflow/example_dags/example_python_operator.py
[2024-03-04T10:12:54.029+0000] {processor.py:840} INFO - DAG(s) 'example_python_operator' retrieved from /home/airflow/.local/lib/python3.8/site-packages/airflow/example_dags/example_python_operator.py
[2024-03-04T10:12:54.114+0000] {logging_mixin.py:188} INFO - [2024-03-04T10:12:54.113+0000] {dag.py:3036} INFO - Sync 1 DAGs
[2024-03-04T10:12:54.154+0000] {logging_mixin.py:188} INFO - [2024-03-04T10:12:54.153+0000] {dag.py:3823} INFO - Setting next_dagrun for example_python_operator to None, run_after=None
[2024-03-04T10:12:54.217+0000] {processor.py:183} INFO - Processing /home/airflow/.local/lib/python3.8/site-packages/airflow/example_dags/example_python_operator.py took 0.229 seconds
[2024-03-04T10:15:40.350+0000] {processor.py:161} INFO - Started process (PID=46) to work on /home/airflow/.local/lib/python3.8/site-packages/airflow/example_dags/example_python_operator.py
[2024-03-04T10:15:40.355+0000] {processor.py:830} INFO - Processing file /home/airflow/.local/lib/python3.8/site-packages/airflow/example_dags/example_python_operator.py for tasks to queue
[2024-03-04T10:15:40.360+0000] {logging_mixin.py:188} INFO - [2024-03-04T10:15:40.359+0000] {dagbag.py:538} INFO - Filling up the DagBag from /home/airflow/.local/lib/python3.8/site-packages/airflow/example_dags/example_python_operator.py
[2024-03-04T10:15:40.404+0000] {processor.py:840} INFO - DAG(s) 'example_python_operator' retrieved from /home/airflow/.local/lib/python3.8/site-packages/airflow/example_dags/example_python_operator.py
[2024-03-04T10:15:40.582+0000] {logging_mixin.py:188} INFO - [2024-03-04T10:15:40.582+0000] {dag.py:3036} INFO - Sync 1 DAGs
[2024-03-04T10:15:40.606+0000] {logging_mixin.py:188} INFO - [2024-03-04T10:15:40.605+0000] {dag.py:3823} INFO - Setting next_dagrun for example_python_operator to None, run_after=None
[2024-03-04T10:15:40.660+0000] {processor.py:183} INFO - Processing /home/airflow/.local/lib/python3.8/site-packages/airflow/example_dags/example_python_operator.py took 0.331 seconds
[2024-03-04T10:16:10.991+0000] {processor.py:161} INFO - Started process (PID=103) to work on /home/airflow/.local/lib/python3.8/site-packages/airflow/example_dags/example_python_operator.py
[2024-03-04T10:16:10.992+0000] {processor.py:830} INFO - Processing file /home/airflow/.local/lib/python3.8/site-packages/airflow/example_dags/example_python_operator.py for tasks to queue
[2024-03-04T10:16:10.996+0000] {logging_mixin.py:188} INFO - [2024-03-04T10:16:10.995+0000] {dagbag.py:538} INFO - Filling up the DagBag from /home/airflow/.local/lib/python3.8/site-packages/airflow/example_dags/example_python_operator.py
[2024-03-04T10:16:11.013+0000] {processor.py:840} INFO - DAG(s) 'example_python_operator' retrieved from /home/airflow/.local/lib/python3.8/site-packages/airflow/example_dags/example_python_operator.py
[2024-03-04T10:16:11.056+0000] {logging_mixin.py:188} INFO - [2024-03-04T10:16:11.055+0000] {dag.py:3036} INFO - Sync 1 DAGs
[2024-03-04T10:16:11.082+0000] {logging_mixin.py:188} INFO - [2024-03-04T10:16:11.081+0000] {dag.py:3823} INFO - Setting next_dagrun for example_python_operator to None, run_after=None
[2024-03-04T10:16:11.132+0000] {processor.py:183} INFO - Processing /home/airflow/.local/lib/python3.8/site-packages/airflow/example_dags/example_python_operator.py took 0.147 seconds
[2024-03-04T10:16:41.826+0000] {processor.py:161} INFO - Started process (PID=160) to work on /home/airflow/.local/lib/python3.8/site-packages/airflow/example_dags/example_python_operator.py
[2024-03-04T10:16:41.827+0000] {processor.py:830} INFO - Processing file /home/airflow/.local/lib/python3.8/site-packages/airflow/example_dags/example_python_operator.py for tasks to queue
[2024-03-04T10:16:41.832+0000] {logging_mixin.py:188} INFO - [2024-03-04T10:16:41.831+0000] {dagbag.py:538} INFO - Filling up the DagBag from /home/airflow/.local/lib/python3.8/site-packages/airflow/example_dags/example_python_operator.py
[2024-03-04T10:16:41.851+0000] {processor.py:840} INFO - DAG(s) 'example_python_operator' retrieved from /home/airflow/.local/lib/python3.8/site-packages/airflow/example_dags/example_python_operator.py
[2024-03-04T10:16:41.886+0000] {logging_mixin.py:188} INFO - [2024-03-04T10:16:41.886+0000] {dag.py:3036} INFO - Sync 1 DAGs
[2024-03-04T10:16:41.905+0000] {logging_mixin.py:188} INFO - [2024-03-04T10:16:41.905+0000] {dag.py:3823} INFO - Setting next_dagrun for example_python_operator to None, run_after=None
[2024-03-04T10:16:41.941+0000] {processor.py:183} INFO - Processing /home/airflow/.local/lib/python3.8/site-packages/airflow/example_dags/example_python_operator.py took 0.127 seconds
