[2024-03-04T09:52:18.098+0000] {processor.py:161} INFO - Started process (PID=67) to work on /home/airflow/.local/lib/python3.8/site-packages/airflow/example_dags/example_params_trigger_ui.py
[2024-03-04T09:52:18.101+0000] {processor.py:830} INFO - Processing file /home/airflow/.local/lib/python3.8/site-packages/airflow/example_dags/example_params_trigger_ui.py for tasks to queue
[2024-03-04T09:52:18.107+0000] {logging_mixin.py:188} INFO - [2024-03-04T09:52:18.105+0000] {dagbag.py:538} INFO - Filling up the DagBag from /home/airflow/.local/lib/python3.8/site-packages/airflow/example_dags/example_params_trigger_ui.py
[2024-03-04T09:52:18.142+0000] {processor.py:840} INFO - DAG(s) 'example_params_trigger_ui' retrieved from /home/airflow/.local/lib/python3.8/site-packages/airflow/example_dags/example_params_trigger_ui.py
[2024-03-04T09:52:18.518+0000] {logging_mixin.py:188} INFO - [2024-03-04T09:52:18.516+0000] {override.py:1769} INFO - Created Permission View: can read on DAG:example_params_trigger_ui
[2024-03-04T09:52:18.548+0000] {logging_mixin.py:188} INFO - [2024-03-04T09:52:18.547+0000] {override.py:1769} INFO - Created Permission View: can delete on DAG:example_params_trigger_ui
[2024-03-04T09:52:18.563+0000] {logging_mixin.py:188} INFO - [2024-03-04T09:52:18.562+0000] {override.py:1769} INFO - Created Permission View: can edit on DAG:example_params_trigger_ui
[2024-03-04T09:52:18.565+0000] {logging_mixin.py:188} INFO - [2024-03-04T09:52:18.564+0000] {dag.py:3036} INFO - Sync 1 DAGs
[2024-03-04T09:52:18.599+0000] {logging_mixin.py:188} INFO - [2024-03-04T09:52:18.599+0000] {dag.py:3058} INFO - Creating ORM DAG for example_params_trigger_ui
[2024-03-04T09:52:18.601+0000] {logging_mixin.py:188} INFO - [2024-03-04T09:52:18.600+0000] {dag.py:3823} INFO - Setting next_dagrun for example_params_trigger_ui to None, run_after=None
[2024-03-04T09:52:18.641+0000] {processor.py:183} INFO - Processing /home/airflow/.local/lib/python3.8/site-packages/airflow/example_dags/example_params_trigger_ui.py took 0.550 seconds
[2024-03-04T09:52:49.296+0000] {processor.py:161} INFO - Started process (PID=124) to work on /home/airflow/.local/lib/python3.8/site-packages/airflow/example_dags/example_params_trigger_ui.py
[2024-03-04T09:52:49.298+0000] {processor.py:830} INFO - Processing file /home/airflow/.local/lib/python3.8/site-packages/airflow/example_dags/example_params_trigger_ui.py for tasks to queue
[2024-03-04T09:52:49.303+0000] {logging_mixin.py:188} INFO - [2024-03-04T09:52:49.302+0000] {dagbag.py:538} INFO - Filling up the DagBag from /home/airflow/.local/lib/python3.8/site-packages/airflow/example_dags/example_params_trigger_ui.py
[2024-03-04T09:52:49.331+0000] {processor.py:840} INFO - DAG(s) 'example_params_trigger_ui' retrieved from /home/airflow/.local/lib/python3.8/site-packages/airflow/example_dags/example_params_trigger_ui.py
[2024-03-04T09:52:49.445+0000] {logging_mixin.py:188} INFO - [2024-03-04T09:52:49.445+0000] {dag.py:3036} INFO - Sync 1 DAGs
[2024-03-04T09:52:49.473+0000] {logging_mixin.py:188} INFO - [2024-03-04T09:52:49.472+0000] {dag.py:3823} INFO - Setting next_dagrun for example_params_trigger_ui to None, run_after=None
[2024-03-04T09:52:49.516+0000] {processor.py:183} INFO - Processing /home/airflow/.local/lib/python3.8/site-packages/airflow/example_dags/example_params_trigger_ui.py took 0.226 seconds
[2024-03-04T09:53:19.708+0000] {processor.py:161} INFO - Started process (PID=182) to work on /home/airflow/.local/lib/python3.8/site-packages/airflow/example_dags/example_params_trigger_ui.py
[2024-03-04T09:53:19.710+0000] {processor.py:830} INFO - Processing file /home/airflow/.local/lib/python3.8/site-packages/airflow/example_dags/example_params_trigger_ui.py for tasks to queue
[2024-03-04T09:53:19.713+0000] {logging_mixin.py:188} INFO - [2024-03-04T09:53:19.713+0000] {dagbag.py:538} INFO - Filling up the DagBag from /home/airflow/.local/lib/python3.8/site-packages/airflow/example_dags/example_params_trigger_ui.py
[2024-03-04T09:53:19.736+0000] {processor.py:840} INFO - DAG(s) 'example_params_trigger_ui' retrieved from /home/airflow/.local/lib/python3.8/site-packages/airflow/example_dags/example_params_trigger_ui.py
[2024-03-04T09:53:19.831+0000] {logging_mixin.py:188} INFO - [2024-03-04T09:53:19.831+0000] {dag.py:3036} INFO - Sync 1 DAGs
[2024-03-04T09:53:19.849+0000] {logging_mixin.py:188} INFO - [2024-03-04T09:53:19.849+0000] {dag.py:3823} INFO - Setting next_dagrun for example_params_trigger_ui to None, run_after=None
[2024-03-04T09:53:19.891+0000] {processor.py:183} INFO - Processing /home/airflow/.local/lib/python3.8/site-packages/airflow/example_dags/example_params_trigger_ui.py took 0.187 seconds
[2024-03-04T09:53:50.394+0000] {processor.py:161} INFO - Started process (PID=239) to work on /home/airflow/.local/lib/python3.8/site-packages/airflow/example_dags/example_params_trigger_ui.py
[2024-03-04T09:53:50.396+0000] {processor.py:830} INFO - Processing file /home/airflow/.local/lib/python3.8/site-packages/airflow/example_dags/example_params_trigger_ui.py for tasks to queue
[2024-03-04T09:53:50.400+0000] {logging_mixin.py:188} INFO - [2024-03-04T09:53:50.400+0000] {dagbag.py:538} INFO - Filling up the DagBag from /home/airflow/.local/lib/python3.8/site-packages/airflow/example_dags/example_params_trigger_ui.py
[2024-03-04T09:53:50.429+0000] {processor.py:840} INFO - DAG(s) 'example_params_trigger_ui' retrieved from /home/airflow/.local/lib/python3.8/site-packages/airflow/example_dags/example_params_trigger_ui.py
[2024-03-04T09:53:50.534+0000] {logging_mixin.py:188} INFO - [2024-03-04T09:53:50.534+0000] {dag.py:3036} INFO - Sync 1 DAGs
[2024-03-04T09:53:50.556+0000] {logging_mixin.py:188} INFO - [2024-03-04T09:53:50.555+0000] {dag.py:3823} INFO - Setting next_dagrun for example_params_trigger_ui to None, run_after=None
[2024-03-04T09:53:50.602+0000] {processor.py:183} INFO - Processing /home/airflow/.local/lib/python3.8/site-packages/airflow/example_dags/example_params_trigger_ui.py took 0.215 seconds
[2024-03-04T09:56:35.509+0000] {processor.py:161} INFO - Started process (PID=67) to work on /home/airflow/.local/lib/python3.8/site-packages/airflow/example_dags/example_params_trigger_ui.py
[2024-03-04T09:56:35.511+0000] {processor.py:830} INFO - Processing file /home/airflow/.local/lib/python3.8/site-packages/airflow/example_dags/example_params_trigger_ui.py for tasks to queue
[2024-03-04T09:56:35.515+0000] {logging_mixin.py:188} INFO - [2024-03-04T09:56:35.514+0000] {dagbag.py:538} INFO - Filling up the DagBag from /home/airflow/.local/lib/python3.8/site-packages/airflow/example_dags/example_params_trigger_ui.py
[2024-03-04T09:56:35.545+0000] {processor.py:840} INFO - DAG(s) 'example_params_trigger_ui' retrieved from /home/airflow/.local/lib/python3.8/site-packages/airflow/example_dags/example_params_trigger_ui.py
[2024-03-04T09:56:35.811+0000] {logging_mixin.py:188} INFO - [2024-03-04T09:56:35.810+0000] {dag.py:3036} INFO - Sync 1 DAGs
[2024-03-04T09:56:35.831+0000] {logging_mixin.py:188} INFO - [2024-03-04T09:56:35.830+0000] {dag.py:3823} INFO - Setting next_dagrun for example_params_trigger_ui to None, run_after=None
[2024-03-04T09:56:35.868+0000] {processor.py:183} INFO - Processing /home/airflow/.local/lib/python3.8/site-packages/airflow/example_dags/example_params_trigger_ui.py took 0.364 seconds
[2024-03-04T09:57:06.615+0000] {processor.py:161} INFO - Started process (PID=124) to work on /home/airflow/.local/lib/python3.8/site-packages/airflow/example_dags/example_params_trigger_ui.py
[2024-03-04T09:57:06.617+0000] {processor.py:830} INFO - Processing file /home/airflow/.local/lib/python3.8/site-packages/airflow/example_dags/example_params_trigger_ui.py for tasks to queue
[2024-03-04T09:57:06.620+0000] {logging_mixin.py:188} INFO - [2024-03-04T09:57:06.619+0000] {dagbag.py:538} INFO - Filling up the DagBag from /home/airflow/.local/lib/python3.8/site-packages/airflow/example_dags/example_params_trigger_ui.py
[2024-03-04T09:57:06.639+0000] {processor.py:840} INFO - DAG(s) 'example_params_trigger_ui' retrieved from /home/airflow/.local/lib/python3.8/site-packages/airflow/example_dags/example_params_trigger_ui.py
[2024-03-04T09:57:06.722+0000] {logging_mixin.py:188} INFO - [2024-03-04T09:57:06.721+0000] {dag.py:3036} INFO - Sync 1 DAGs
[2024-03-04T09:57:06.739+0000] {logging_mixin.py:188} INFO - [2024-03-04T09:57:06.739+0000] {dag.py:3823} INFO - Setting next_dagrun for example_params_trigger_ui to None, run_after=None
[2024-03-04T09:57:06.893+0000] {processor.py:183} INFO - Processing /home/airflow/.local/lib/python3.8/site-packages/airflow/example_dags/example_params_trigger_ui.py took 0.281 seconds
[2024-03-04T09:57:38.024+0000] {processor.py:161} INFO - Started process (PID=181) to work on /home/airflow/.local/lib/python3.8/site-packages/airflow/example_dags/example_params_trigger_ui.py
[2024-03-04T09:57:38.025+0000] {processor.py:830} INFO - Processing file /home/airflow/.local/lib/python3.8/site-packages/airflow/example_dags/example_params_trigger_ui.py for tasks to queue
[2024-03-04T09:57:38.028+0000] {logging_mixin.py:188} INFO - [2024-03-04T09:57:38.028+0000] {dagbag.py:538} INFO - Filling up the DagBag from /home/airflow/.local/lib/python3.8/site-packages/airflow/example_dags/example_params_trigger_ui.py
[2024-03-04T09:57:38.047+0000] {processor.py:840} INFO - DAG(s) 'example_params_trigger_ui' retrieved from /home/airflow/.local/lib/python3.8/site-packages/airflow/example_dags/example_params_trigger_ui.py
[2024-03-04T09:57:38.129+0000] {logging_mixin.py:188} INFO - [2024-03-04T09:57:38.128+0000] {dag.py:3036} INFO - Sync 1 DAGs
[2024-03-04T09:57:38.146+0000] {logging_mixin.py:188} INFO - [2024-03-04T09:57:38.146+0000] {dag.py:3823} INFO - Setting next_dagrun for example_params_trigger_ui to None, run_after=None
[2024-03-04T09:57:38.223+0000] {processor.py:183} INFO - Processing /home/airflow/.local/lib/python3.8/site-packages/airflow/example_dags/example_params_trigger_ui.py took 0.204 seconds
[2024-03-04T09:58:09.543+0000] {processor.py:161} INFO - Started process (PID=242) to work on /home/airflow/.local/lib/python3.8/site-packages/airflow/example_dags/example_params_trigger_ui.py
[2024-03-04T09:58:09.544+0000] {processor.py:830} INFO - Processing file /home/airflow/.local/lib/python3.8/site-packages/airflow/example_dags/example_params_trigger_ui.py for tasks to queue
[2024-03-04T09:58:09.547+0000] {logging_mixin.py:188} INFO - [2024-03-04T09:58:09.547+0000] {dagbag.py:538} INFO - Filling up the DagBag from /home/airflow/.local/lib/python3.8/site-packages/airflow/example_dags/example_params_trigger_ui.py
[2024-03-04T09:58:09.572+0000] {processor.py:840} INFO - DAG(s) 'example_params_trigger_ui' retrieved from /home/airflow/.local/lib/python3.8/site-packages/airflow/example_dags/example_params_trigger_ui.py
[2024-03-04T09:58:09.686+0000] {logging_mixin.py:188} INFO - [2024-03-04T09:58:09.686+0000] {dag.py:3036} INFO - Sync 1 DAGs
[2024-03-04T09:58:09.711+0000] {logging_mixin.py:188} INFO - [2024-03-04T09:58:09.711+0000] {dag.py:3823} INFO - Setting next_dagrun for example_params_trigger_ui to None, run_after=None
[2024-03-04T09:58:09.745+0000] {processor.py:183} INFO - Processing /home/airflow/.local/lib/python3.8/site-packages/airflow/example_dags/example_params_trigger_ui.py took 0.211 seconds
[2024-03-04T09:58:40.188+0000] {processor.py:161} INFO - Started process (PID=300) to work on /home/airflow/.local/lib/python3.8/site-packages/airflow/example_dags/example_params_trigger_ui.py
[2024-03-04T09:58:40.190+0000] {processor.py:830} INFO - Processing file /home/airflow/.local/lib/python3.8/site-packages/airflow/example_dags/example_params_trigger_ui.py for tasks to queue
[2024-03-04T09:58:40.195+0000] {logging_mixin.py:188} INFO - [2024-03-04T09:58:40.194+0000] {dagbag.py:538} INFO - Filling up the DagBag from /home/airflow/.local/lib/python3.8/site-packages/airflow/example_dags/example_params_trigger_ui.py
[2024-03-04T09:58:40.221+0000] {processor.py:840} INFO - DAG(s) 'example_params_trigger_ui' retrieved from /home/airflow/.local/lib/python3.8/site-packages/airflow/example_dags/example_params_trigger_ui.py
[2024-03-04T09:58:40.313+0000] {logging_mixin.py:188} INFO - [2024-03-04T09:58:40.313+0000] {dag.py:3036} INFO - Sync 1 DAGs
[2024-03-04T09:58:40.332+0000] {logging_mixin.py:188} INFO - [2024-03-04T09:58:40.332+0000] {dag.py:3823} INFO - Setting next_dagrun for example_params_trigger_ui to None, run_after=None
[2024-03-04T09:58:40.366+0000] {processor.py:183} INFO - Processing /home/airflow/.local/lib/python3.8/site-packages/airflow/example_dags/example_params_trigger_ui.py took 0.183 seconds
[2024-03-04T09:59:11.059+0000] {processor.py:161} INFO - Started process (PID=357) to work on /home/airflow/.local/lib/python3.8/site-packages/airflow/example_dags/example_params_trigger_ui.py
[2024-03-04T09:59:11.061+0000] {processor.py:830} INFO - Processing file /home/airflow/.local/lib/python3.8/site-packages/airflow/example_dags/example_params_trigger_ui.py for tasks to queue
[2024-03-04T09:59:11.064+0000] {logging_mixin.py:188} INFO - [2024-03-04T09:59:11.063+0000] {dagbag.py:538} INFO - Filling up the DagBag from /home/airflow/.local/lib/python3.8/site-packages/airflow/example_dags/example_params_trigger_ui.py
[2024-03-04T09:59:11.085+0000] {processor.py:840} INFO - DAG(s) 'example_params_trigger_ui' retrieved from /home/airflow/.local/lib/python3.8/site-packages/airflow/example_dags/example_params_trigger_ui.py
[2024-03-04T09:59:11.184+0000] {logging_mixin.py:188} INFO - [2024-03-04T09:59:11.184+0000] {dag.py:3036} INFO - Sync 1 DAGs
[2024-03-04T09:59:11.200+0000] {logging_mixin.py:188} INFO - [2024-03-04T09:59:11.200+0000] {dag.py:3823} INFO - Setting next_dagrun for example_params_trigger_ui to None, run_after=None
[2024-03-04T09:59:11.238+0000] {processor.py:183} INFO - Processing /home/airflow/.local/lib/python3.8/site-packages/airflow/example_dags/example_params_trigger_ui.py took 0.183 seconds
[2024-03-04T09:59:42.129+0000] {processor.py:161} INFO - Started process (PID=414) to work on /home/airflow/.local/lib/python3.8/site-packages/airflow/example_dags/example_params_trigger_ui.py
[2024-03-04T09:59:42.131+0000] {processor.py:830} INFO - Processing file /home/airflow/.local/lib/python3.8/site-packages/airflow/example_dags/example_params_trigger_ui.py for tasks to queue
[2024-03-04T09:59:42.133+0000] {logging_mixin.py:188} INFO - [2024-03-04T09:59:42.133+0000] {dagbag.py:538} INFO - Filling up the DagBag from /home/airflow/.local/lib/python3.8/site-packages/airflow/example_dags/example_params_trigger_ui.py
[2024-03-04T09:59:42.161+0000] {processor.py:840} INFO - DAG(s) 'example_params_trigger_ui' retrieved from /home/airflow/.local/lib/python3.8/site-packages/airflow/example_dags/example_params_trigger_ui.py
[2024-03-04T09:59:42.263+0000] {logging_mixin.py:188} INFO - [2024-03-04T09:59:42.262+0000] {dag.py:3036} INFO - Sync 1 DAGs
[2024-03-04T09:59:42.283+0000] {logging_mixin.py:188} INFO - [2024-03-04T09:59:42.283+0000] {dag.py:3823} INFO - Setting next_dagrun for example_params_trigger_ui to None, run_after=None
[2024-03-04T09:59:42.330+0000] {processor.py:183} INFO - Processing /home/airflow/.local/lib/python3.8/site-packages/airflow/example_dags/example_params_trigger_ui.py took 0.205 seconds
[2024-03-04T10:00:12.379+0000] {processor.py:161} INFO - Started process (PID=473) to work on /home/airflow/.local/lib/python3.8/site-packages/airflow/example_dags/example_params_trigger_ui.py
[2024-03-04T10:00:12.380+0000] {processor.py:830} INFO - Processing file /home/airflow/.local/lib/python3.8/site-packages/airflow/example_dags/example_params_trigger_ui.py for tasks to queue
[2024-03-04T10:00:12.383+0000] {logging_mixin.py:188} INFO - [2024-03-04T10:00:12.383+0000] {dagbag.py:538} INFO - Filling up the DagBag from /home/airflow/.local/lib/python3.8/site-packages/airflow/example_dags/example_params_trigger_ui.py
[2024-03-04T10:00:12.409+0000] {processor.py:840} INFO - DAG(s) 'example_params_trigger_ui' retrieved from /home/airflow/.local/lib/python3.8/site-packages/airflow/example_dags/example_params_trigger_ui.py
[2024-03-04T10:00:12.501+0000] {logging_mixin.py:188} INFO - [2024-03-04T10:00:12.501+0000] {dag.py:3036} INFO - Sync 1 DAGs
[2024-03-04T10:00:12.529+0000] {logging_mixin.py:188} INFO - [2024-03-04T10:00:12.528+0000] {dag.py:3823} INFO - Setting next_dagrun for example_params_trigger_ui to None, run_after=None
[2024-03-04T10:00:12.612+0000] {processor.py:183} INFO - Processing /home/airflow/.local/lib/python3.8/site-packages/airflow/example_dags/example_params_trigger_ui.py took 0.238 seconds
[2024-03-04T10:00:42.687+0000] {processor.py:161} INFO - Started process (PID=530) to work on /home/airflow/.local/lib/python3.8/site-packages/airflow/example_dags/example_params_trigger_ui.py
[2024-03-04T10:00:42.689+0000] {processor.py:830} INFO - Processing file /home/airflow/.local/lib/python3.8/site-packages/airflow/example_dags/example_params_trigger_ui.py for tasks to queue
[2024-03-04T10:00:42.692+0000] {logging_mixin.py:188} INFO - [2024-03-04T10:00:42.691+0000] {dagbag.py:538} INFO - Filling up the DagBag from /home/airflow/.local/lib/python3.8/site-packages/airflow/example_dags/example_params_trigger_ui.py
[2024-03-04T10:00:42.712+0000] {processor.py:840} INFO - DAG(s) 'example_params_trigger_ui' retrieved from /home/airflow/.local/lib/python3.8/site-packages/airflow/example_dags/example_params_trigger_ui.py
[2024-03-04T10:00:42.803+0000] {logging_mixin.py:188} INFO - [2024-03-04T10:00:42.803+0000] {dag.py:3036} INFO - Sync 1 DAGs
[2024-03-04T10:00:42.824+0000] {logging_mixin.py:188} INFO - [2024-03-04T10:00:42.823+0000] {dag.py:3823} INFO - Setting next_dagrun for example_params_trigger_ui to None, run_after=None
[2024-03-04T10:00:42.864+0000] {processor.py:183} INFO - Processing /home/airflow/.local/lib/python3.8/site-packages/airflow/example_dags/example_params_trigger_ui.py took 0.183 seconds
[2024-03-04T10:01:13.174+0000] {processor.py:161} INFO - Started process (PID=587) to work on /home/airflow/.local/lib/python3.8/site-packages/airflow/example_dags/example_params_trigger_ui.py
[2024-03-04T10:01:13.179+0000] {processor.py:830} INFO - Processing file /home/airflow/.local/lib/python3.8/site-packages/airflow/example_dags/example_params_trigger_ui.py for tasks to queue
[2024-03-04T10:01:13.185+0000] {logging_mixin.py:188} INFO - [2024-03-04T10:01:13.184+0000] {dagbag.py:538} INFO - Filling up the DagBag from /home/airflow/.local/lib/python3.8/site-packages/airflow/example_dags/example_params_trigger_ui.py
[2024-03-04T10:01:13.228+0000] {processor.py:840} INFO - DAG(s) 'example_params_trigger_ui' retrieved from /home/airflow/.local/lib/python3.8/site-packages/airflow/example_dags/example_params_trigger_ui.py
[2024-03-04T10:01:13.413+0000] {logging_mixin.py:188} INFO - [2024-03-04T10:01:13.413+0000] {dag.py:3036} INFO - Sync 1 DAGs
[2024-03-04T10:01:13.443+0000] {logging_mixin.py:188} INFO - [2024-03-04T10:01:13.443+0000] {dag.py:3823} INFO - Setting next_dagrun for example_params_trigger_ui to None, run_after=None
[2024-03-04T10:01:13.498+0000] {processor.py:183} INFO - Processing /home/airflow/.local/lib/python3.8/site-packages/airflow/example_dags/example_params_trigger_ui.py took 0.336 seconds
[2024-03-04T10:01:44.306+0000] {processor.py:161} INFO - Started process (PID=644) to work on /home/airflow/.local/lib/python3.8/site-packages/airflow/example_dags/example_params_trigger_ui.py
[2024-03-04T10:01:44.309+0000] {processor.py:830} INFO - Processing file /home/airflow/.local/lib/python3.8/site-packages/airflow/example_dags/example_params_trigger_ui.py for tasks to queue
[2024-03-04T10:01:44.312+0000] {logging_mixin.py:188} INFO - [2024-03-04T10:01:44.312+0000] {dagbag.py:538} INFO - Filling up the DagBag from /home/airflow/.local/lib/python3.8/site-packages/airflow/example_dags/example_params_trigger_ui.py
[2024-03-04T10:01:44.332+0000] {processor.py:840} INFO - DAG(s) 'example_params_trigger_ui' retrieved from /home/airflow/.local/lib/python3.8/site-packages/airflow/example_dags/example_params_trigger_ui.py
[2024-03-04T10:01:44.421+0000] {logging_mixin.py:188} INFO - [2024-03-04T10:01:44.420+0000] {dag.py:3036} INFO - Sync 1 DAGs
[2024-03-04T10:01:44.439+0000] {logging_mixin.py:188} INFO - [2024-03-04T10:01:44.439+0000] {dag.py:3823} INFO - Setting next_dagrun for example_params_trigger_ui to None, run_after=None
[2024-03-04T10:01:44.466+0000] {processor.py:183} INFO - Processing /home/airflow/.local/lib/python3.8/site-packages/airflow/example_dags/example_params_trigger_ui.py took 0.165 seconds
[2024-03-04T10:05:01.224+0000] {processor.py:161} INFO - Started process (PID=60) to work on /home/airflow/.local/lib/python3.8/site-packages/airflow/example_dags/example_params_trigger_ui.py
[2024-03-04T10:05:01.226+0000] {processor.py:830} INFO - Processing file /home/airflow/.local/lib/python3.8/site-packages/airflow/example_dags/example_params_trigger_ui.py for tasks to queue
[2024-03-04T10:05:01.230+0000] {logging_mixin.py:188} INFO - [2024-03-04T10:05:01.229+0000] {dagbag.py:538} INFO - Filling up the DagBag from /home/airflow/.local/lib/python3.8/site-packages/airflow/example_dags/example_params_trigger_ui.py
[2024-03-04T10:05:01.257+0000] {processor.py:840} INFO - DAG(s) 'example_params_trigger_ui' retrieved from /home/airflow/.local/lib/python3.8/site-packages/airflow/example_dags/example_params_trigger_ui.py
[2024-03-04T10:05:01.467+0000] {logging_mixin.py:188} INFO - [2024-03-04T10:05:01.467+0000] {dag.py:3036} INFO - Sync 1 DAGs
[2024-03-04T10:05:01.483+0000] {logging_mixin.py:188} INFO - [2024-03-04T10:05:01.483+0000] {dag.py:3823} INFO - Setting next_dagrun for example_params_trigger_ui to None, run_after=None
[2024-03-04T10:05:01.553+0000] {processor.py:183} INFO - Processing /home/airflow/.local/lib/python3.8/site-packages/airflow/example_dags/example_params_trigger_ui.py took 0.335 seconds
[2024-03-04T10:05:32.369+0000] {processor.py:161} INFO - Started process (PID=118) to work on /home/airflow/.local/lib/python3.8/site-packages/airflow/example_dags/example_params_trigger_ui.py
[2024-03-04T10:05:32.371+0000] {processor.py:830} INFO - Processing file /home/airflow/.local/lib/python3.8/site-packages/airflow/example_dags/example_params_trigger_ui.py for tasks to queue
[2024-03-04T10:05:32.375+0000] {logging_mixin.py:188} INFO - [2024-03-04T10:05:32.375+0000] {dagbag.py:538} INFO - Filling up the DagBag from /home/airflow/.local/lib/python3.8/site-packages/airflow/example_dags/example_params_trigger_ui.py
[2024-03-04T10:05:32.407+0000] {processor.py:840} INFO - DAG(s) 'example_params_trigger_ui' retrieved from /home/airflow/.local/lib/python3.8/site-packages/airflow/example_dags/example_params_trigger_ui.py
[2024-03-04T10:05:32.545+0000] {logging_mixin.py:188} INFO - [2024-03-04T10:05:32.545+0000] {dag.py:3036} INFO - Sync 1 DAGs
[2024-03-04T10:05:32.584+0000] {logging_mixin.py:188} INFO - [2024-03-04T10:05:32.583+0000] {dag.py:3823} INFO - Setting next_dagrun for example_params_trigger_ui to None, run_after=None
[2024-03-04T10:05:32.641+0000] {processor.py:183} INFO - Processing /home/airflow/.local/lib/python3.8/site-packages/airflow/example_dags/example_params_trigger_ui.py took 0.278 seconds
[2024-03-04T10:11:55.358+0000] {processor.py:161} INFO - Started process (PID=60) to work on /home/airflow/.local/lib/python3.8/site-packages/airflow/example_dags/example_params_trigger_ui.py
[2024-03-04T10:11:55.360+0000] {processor.py:830} INFO - Processing file /home/airflow/.local/lib/python3.8/site-packages/airflow/example_dags/example_params_trigger_ui.py for tasks to queue
[2024-03-04T10:11:55.362+0000] {logging_mixin.py:188} INFO - [2024-03-04T10:11:55.362+0000] {dagbag.py:538} INFO - Filling up the DagBag from /home/airflow/.local/lib/python3.8/site-packages/airflow/example_dags/example_params_trigger_ui.py
[2024-03-04T10:11:55.387+0000] {processor.py:840} INFO - DAG(s) 'example_params_trigger_ui' retrieved from /home/airflow/.local/lib/python3.8/site-packages/airflow/example_dags/example_params_trigger_ui.py
[2024-03-04T10:11:55.674+0000] {logging_mixin.py:188} INFO - [2024-03-04T10:11:55.673+0000] {dag.py:3036} INFO - Sync 1 DAGs
[2024-03-04T10:11:55.694+0000] {logging_mixin.py:188} INFO - [2024-03-04T10:11:55.694+0000] {dag.py:3823} INFO - Setting next_dagrun for example_params_trigger_ui to None, run_after=None
[2024-03-04T10:11:55.722+0000] {processor.py:183} INFO - Processing /home/airflow/.local/lib/python3.8/site-packages/airflow/example_dags/example_params_trigger_ui.py took 0.369 seconds
[2024-03-04T10:12:25.810+0000] {processor.py:161} INFO - Started process (PID=117) to work on /home/airflow/.local/lib/python3.8/site-packages/airflow/example_dags/example_params_trigger_ui.py
[2024-03-04T10:12:25.811+0000] {processor.py:830} INFO - Processing file /home/airflow/.local/lib/python3.8/site-packages/airflow/example_dags/example_params_trigger_ui.py for tasks to queue
[2024-03-04T10:12:25.814+0000] {logging_mixin.py:188} INFO - [2024-03-04T10:12:25.813+0000] {dagbag.py:538} INFO - Filling up the DagBag from /home/airflow/.local/lib/python3.8/site-packages/airflow/example_dags/example_params_trigger_ui.py
[2024-03-04T10:12:25.832+0000] {processor.py:840} INFO - DAG(s) 'example_params_trigger_ui' retrieved from /home/airflow/.local/lib/python3.8/site-packages/airflow/example_dags/example_params_trigger_ui.py
[2024-03-04T10:12:25.906+0000] {logging_mixin.py:188} INFO - [2024-03-04T10:12:25.906+0000] {dag.py:3036} INFO - Sync 1 DAGs
[2024-03-04T10:12:25.922+0000] {logging_mixin.py:188} INFO - [2024-03-04T10:12:25.922+0000] {dag.py:3823} INFO - Setting next_dagrun for example_params_trigger_ui to None, run_after=None
[2024-03-04T10:12:25.948+0000] {processor.py:183} INFO - Processing /home/airflow/.local/lib/python3.8/site-packages/airflow/example_dags/example_params_trigger_ui.py took 0.142 seconds
[2024-03-04T10:12:56.454+0000] {processor.py:161} INFO - Started process (PID=174) to work on /home/airflow/.local/lib/python3.8/site-packages/airflow/example_dags/example_params_trigger_ui.py
[2024-03-04T10:12:56.455+0000] {processor.py:830} INFO - Processing file /home/airflow/.local/lib/python3.8/site-packages/airflow/example_dags/example_params_trigger_ui.py for tasks to queue
[2024-03-04T10:12:56.458+0000] {logging_mixin.py:188} INFO - [2024-03-04T10:12:56.458+0000] {dagbag.py:538} INFO - Filling up the DagBag from /home/airflow/.local/lib/python3.8/site-packages/airflow/example_dags/example_params_trigger_ui.py
[2024-03-04T10:12:56.482+0000] {processor.py:840} INFO - DAG(s) 'example_params_trigger_ui' retrieved from /home/airflow/.local/lib/python3.8/site-packages/airflow/example_dags/example_params_trigger_ui.py
[2024-03-04T10:12:56.564+0000] {logging_mixin.py:188} INFO - [2024-03-04T10:12:56.563+0000] {dag.py:3036} INFO - Sync 1 DAGs
[2024-03-04T10:12:56.582+0000] {logging_mixin.py:188} INFO - [2024-03-04T10:12:56.582+0000] {dag.py:3823} INFO - Setting next_dagrun for example_params_trigger_ui to None, run_after=None
[2024-03-04T10:12:56.611+0000] {processor.py:183} INFO - Processing /home/airflow/.local/lib/python3.8/site-packages/airflow/example_dags/example_params_trigger_ui.py took 0.162 seconds
[2024-03-04T10:15:43.734+0000] {processor.py:161} INFO - Started process (PID=60) to work on /home/airflow/.local/lib/python3.8/site-packages/airflow/example_dags/example_params_trigger_ui.py
[2024-03-04T10:15:43.736+0000] {processor.py:830} INFO - Processing file /home/airflow/.local/lib/python3.8/site-packages/airflow/example_dags/example_params_trigger_ui.py for tasks to queue
[2024-03-04T10:15:43.739+0000] {logging_mixin.py:188} INFO - [2024-03-04T10:15:43.739+0000] {dagbag.py:538} INFO - Filling up the DagBag from /home/airflow/.local/lib/python3.8/site-packages/airflow/example_dags/example_params_trigger_ui.py
[2024-03-04T10:15:43.773+0000] {processor.py:840} INFO - DAG(s) 'example_params_trigger_ui' retrieved from /home/airflow/.local/lib/python3.8/site-packages/airflow/example_dags/example_params_trigger_ui.py
[2024-03-04T10:15:44.069+0000] {logging_mixin.py:188} INFO - [2024-03-04T10:15:44.068+0000] {dag.py:3036} INFO - Sync 1 DAGs
[2024-03-04T10:15:44.106+0000] {logging_mixin.py:188} INFO - [2024-03-04T10:15:44.105+0000] {dag.py:3823} INFO - Setting next_dagrun for example_params_trigger_ui to None, run_after=None
[2024-03-04T10:15:44.150+0000] {processor.py:183} INFO - Processing /home/airflow/.local/lib/python3.8/site-packages/airflow/example_dags/example_params_trigger_ui.py took 0.421 seconds
[2024-03-04T10:16:14.492+0000] {processor.py:161} INFO - Started process (PID=117) to work on /home/airflow/.local/lib/python3.8/site-packages/airflow/example_dags/example_params_trigger_ui.py
[2024-03-04T10:16:14.493+0000] {processor.py:830} INFO - Processing file /home/airflow/.local/lib/python3.8/site-packages/airflow/example_dags/example_params_trigger_ui.py for tasks to queue
[2024-03-04T10:16:14.498+0000] {logging_mixin.py:188} INFO - [2024-03-04T10:16:14.497+0000] {dagbag.py:538} INFO - Filling up the DagBag from /home/airflow/.local/lib/python3.8/site-packages/airflow/example_dags/example_params_trigger_ui.py
[2024-03-04T10:16:14.550+0000] {processor.py:840} INFO - DAG(s) 'example_params_trigger_ui' retrieved from /home/airflow/.local/lib/python3.8/site-packages/airflow/example_dags/example_params_trigger_ui.py
[2024-03-04T10:16:14.666+0000] {logging_mixin.py:188} INFO - [2024-03-04T10:16:14.666+0000] {dag.py:3036} INFO - Sync 1 DAGs
[2024-03-04T10:16:14.682+0000] {logging_mixin.py:188} INFO - [2024-03-04T10:16:14.682+0000] {dag.py:3823} INFO - Setting next_dagrun for example_params_trigger_ui to None, run_after=None
[2024-03-04T10:16:14.713+0000] {processor.py:183} INFO - Processing /home/airflow/.local/lib/python3.8/site-packages/airflow/example_dags/example_params_trigger_ui.py took 0.227 seconds
[2024-03-04T10:16:44.965+0000] {processor.py:161} INFO - Started process (PID=174) to work on /home/airflow/.local/lib/python3.8/site-packages/airflow/example_dags/example_params_trigger_ui.py
[2024-03-04T10:16:44.966+0000] {processor.py:830} INFO - Processing file /home/airflow/.local/lib/python3.8/site-packages/airflow/example_dags/example_params_trigger_ui.py for tasks to queue
[2024-03-04T10:16:44.970+0000] {logging_mixin.py:188} INFO - [2024-03-04T10:16:44.969+0000] {dagbag.py:538} INFO - Filling up the DagBag from /home/airflow/.local/lib/python3.8/site-packages/airflow/example_dags/example_params_trigger_ui.py
[2024-03-04T10:16:44.993+0000] {processor.py:840} INFO - DAG(s) 'example_params_trigger_ui' retrieved from /home/airflow/.local/lib/python3.8/site-packages/airflow/example_dags/example_params_trigger_ui.py
[2024-03-04T10:16:45.077+0000] {logging_mixin.py:188} INFO - [2024-03-04T10:16:45.077+0000] {dag.py:3036} INFO - Sync 1 DAGs
[2024-03-04T10:16:45.095+0000] {logging_mixin.py:188} INFO - [2024-03-04T10:16:45.094+0000] {dag.py:3823} INFO - Setting next_dagrun for example_params_trigger_ui to None, run_after=None
[2024-03-04T10:16:45.137+0000] {processor.py:183} INFO - Processing /home/airflow/.local/lib/python3.8/site-packages/airflow/example_dags/example_params_trigger_ui.py took 0.177 seconds
