[2024-03-04T09:52:19.990+0000] {processor.py:161} INFO - Started process (PID=72) to work on /home/airflow/.local/lib/python3.8/site-packages/airflow/example_dags/example_task_group.py
[2024-03-04T09:52:19.993+0000] {processor.py:830} INFO - Processing file /home/airflow/.local/lib/python3.8/site-packages/airflow/example_dags/example_task_group.py for tasks to queue
[2024-03-04T09:52:19.999+0000] {logging_mixin.py:188} INFO - [2024-03-04T09:52:19.998+0000] {dagbag.py:538} INFO - Filling up the DagBag from /home/airflow/.local/lib/python3.8/site-packages/airflow/example_dags/example_task_group.py
[2024-03-04T09:52:20.037+0000] {processor.py:840} INFO - DAG(s) 'example_task_group' retrieved from /home/airflow/.local/lib/python3.8/site-packages/airflow/example_dags/example_task_group.py
[2024-03-04T09:52:20.490+0000] {logging_mixin.py:188} INFO - [2024-03-04T09:52:20.489+0000] {override.py:1769} INFO - Created Permission View: can read on DAG:example_task_group
[2024-03-04T09:52:20.527+0000] {logging_mixin.py:188} INFO - [2024-03-04T09:52:20.526+0000] {override.py:1769} INFO - Created Permission View: can delete on DAG:example_task_group
[2024-03-04T09:52:20.548+0000] {logging_mixin.py:188} INFO - [2024-03-04T09:52:20.547+0000] {override.py:1769} INFO - Created Permission View: can edit on DAG:example_task_group
[2024-03-04T09:52:20.549+0000] {logging_mixin.py:188} INFO - [2024-03-04T09:52:20.549+0000] {dag.py:3036} INFO - Sync 1 DAGs
[2024-03-04T09:52:20.577+0000] {logging_mixin.py:188} INFO - [2024-03-04T09:52:20.576+0000] {dag.py:3058} INFO - Creating ORM DAG for example_task_group
[2024-03-04T09:52:20.598+0000] {logging_mixin.py:188} INFO - [2024-03-04T09:52:20.598+0000] {dag.py:3823} INFO - Setting next_dagrun for example_task_group to 2024-03-03 00:00:00+00:00, run_after=2024-03-04 00:00:00+00:00
[2024-03-04T09:52:20.637+0000] {processor.py:183} INFO - Processing /home/airflow/.local/lib/python3.8/site-packages/airflow/example_dags/example_task_group.py took 0.656 seconds
[2024-03-04T09:52:50.766+0000] {processor.py:161} INFO - Started process (PID=128) to work on /home/airflow/.local/lib/python3.8/site-packages/airflow/example_dags/example_task_group.py
[2024-03-04T09:52:50.767+0000] {processor.py:830} INFO - Processing file /home/airflow/.local/lib/python3.8/site-packages/airflow/example_dags/example_task_group.py for tasks to queue
[2024-03-04T09:52:50.770+0000] {logging_mixin.py:188} INFO - [2024-03-04T09:52:50.770+0000] {dagbag.py:538} INFO - Filling up the DagBag from /home/airflow/.local/lib/python3.8/site-packages/airflow/example_dags/example_task_group.py
[2024-03-04T09:52:50.782+0000] {processor.py:840} INFO - DAG(s) 'example_task_group' retrieved from /home/airflow/.local/lib/python3.8/site-packages/airflow/example_dags/example_task_group.py
[2024-03-04T09:52:50.823+0000] {logging_mixin.py:188} INFO - [2024-03-04T09:52:50.823+0000] {dag.py:3036} INFO - Sync 1 DAGs
[2024-03-04T09:52:50.891+0000] {logging_mixin.py:188} INFO - [2024-03-04T09:52:50.891+0000] {dag.py:3823} INFO - Setting next_dagrun for example_task_group to 2024-03-03 00:00:00+00:00, run_after=2024-03-04 00:00:00+00:00
[2024-03-04T09:52:50.930+0000] {processor.py:183} INFO - Processing /home/airflow/.local/lib/python3.8/site-packages/airflow/example_dags/example_task_group.py took 0.170 seconds
[2024-03-04T09:53:21.211+0000] {processor.py:161} INFO - Started process (PID=186) to work on /home/airflow/.local/lib/python3.8/site-packages/airflow/example_dags/example_task_group.py
[2024-03-04T09:53:21.213+0000] {processor.py:830} INFO - Processing file /home/airflow/.local/lib/python3.8/site-packages/airflow/example_dags/example_task_group.py for tasks to queue
[2024-03-04T09:53:21.216+0000] {logging_mixin.py:188} INFO - [2024-03-04T09:53:21.216+0000] {dagbag.py:538} INFO - Filling up the DagBag from /home/airflow/.local/lib/python3.8/site-packages/airflow/example_dags/example_task_group.py
[2024-03-04T09:53:21.227+0000] {processor.py:840} INFO - DAG(s) 'example_task_group' retrieved from /home/airflow/.local/lib/python3.8/site-packages/airflow/example_dags/example_task_group.py
[2024-03-04T09:53:21.260+0000] {logging_mixin.py:188} INFO - [2024-03-04T09:53:21.260+0000] {dag.py:3036} INFO - Sync 1 DAGs
[2024-03-04T09:53:21.295+0000] {logging_mixin.py:188} INFO - [2024-03-04T09:53:21.295+0000] {dag.py:3823} INFO - Setting next_dagrun for example_task_group to 2024-03-03 00:00:00+00:00, run_after=2024-03-04 00:00:00+00:00
[2024-03-04T09:53:21.324+0000] {processor.py:183} INFO - Processing /home/airflow/.local/lib/python3.8/site-packages/airflow/example_dags/example_task_group.py took 0.117 seconds
[2024-03-04T09:56:36.468+0000] {processor.py:161} INFO - Started process (PID=72) to work on /home/airflow/.local/lib/python3.8/site-packages/airflow/example_dags/example_task_group.py
[2024-03-04T09:56:36.470+0000] {processor.py:830} INFO - Processing file /home/airflow/.local/lib/python3.8/site-packages/airflow/example_dags/example_task_group.py for tasks to queue
[2024-03-04T09:56:36.474+0000] {logging_mixin.py:188} INFO - [2024-03-04T09:56:36.473+0000] {dagbag.py:538} INFO - Filling up the DagBag from /home/airflow/.local/lib/python3.8/site-packages/airflow/example_dags/example_task_group.py
[2024-03-04T09:56:36.492+0000] {processor.py:840} INFO - DAG(s) 'example_task_group' retrieved from /home/airflow/.local/lib/python3.8/site-packages/airflow/example_dags/example_task_group.py
[2024-03-04T09:56:36.704+0000] {logging_mixin.py:188} INFO - [2024-03-04T09:56:36.704+0000] {dag.py:3036} INFO - Sync 1 DAGs
[2024-03-04T09:56:36.745+0000] {logging_mixin.py:188} INFO - [2024-03-04T09:56:36.745+0000] {dag.py:3823} INFO - Setting next_dagrun for example_task_group to 2024-03-03 00:00:00+00:00, run_after=2024-03-04 00:00:00+00:00
[2024-03-04T09:56:36.786+0000] {processor.py:183} INFO - Processing /home/airflow/.local/lib/python3.8/site-packages/airflow/example_dags/example_task_group.py took 0.324 seconds
[2024-03-04T09:57:07.324+0000] {processor.py:161} INFO - Started process (PID=129) to work on /home/airflow/.local/lib/python3.8/site-packages/airflow/example_dags/example_task_group.py
[2024-03-04T09:57:07.327+0000] {processor.py:830} INFO - Processing file /home/airflow/.local/lib/python3.8/site-packages/airflow/example_dags/example_task_group.py for tasks to queue
[2024-03-04T09:57:07.330+0000] {logging_mixin.py:188} INFO - [2024-03-04T09:57:07.329+0000] {dagbag.py:538} INFO - Filling up the DagBag from /home/airflow/.local/lib/python3.8/site-packages/airflow/example_dags/example_task_group.py
[2024-03-04T09:57:07.353+0000] {processor.py:840} INFO - DAG(s) 'example_task_group' retrieved from /home/airflow/.local/lib/python3.8/site-packages/airflow/example_dags/example_task_group.py
[2024-03-04T09:57:07.406+0000] {logging_mixin.py:188} INFO - [2024-03-04T09:57:07.406+0000] {dag.py:3036} INFO - Sync 1 DAGs
[2024-03-04T09:57:07.443+0000] {logging_mixin.py:188} INFO - [2024-03-04T09:57:07.443+0000] {dag.py:3823} INFO - Setting next_dagrun for example_task_group to 2024-03-03 00:00:00+00:00, run_after=2024-03-04 00:00:00+00:00
[2024-03-04T09:57:07.596+0000] {processor.py:183} INFO - Processing /home/airflow/.local/lib/python3.8/site-packages/airflow/example_dags/example_task_group.py took 0.282 seconds
[2024-03-04T09:57:38.559+0000] {processor.py:161} INFO - Started process (PID=186) to work on /home/airflow/.local/lib/python3.8/site-packages/airflow/example_dags/example_task_group.py
[2024-03-04T09:57:38.561+0000] {processor.py:830} INFO - Processing file /home/airflow/.local/lib/python3.8/site-packages/airflow/example_dags/example_task_group.py for tasks to queue
[2024-03-04T09:57:38.563+0000] {logging_mixin.py:188} INFO - [2024-03-04T09:57:38.563+0000] {dagbag.py:538} INFO - Filling up the DagBag from /home/airflow/.local/lib/python3.8/site-packages/airflow/example_dags/example_task_group.py
[2024-03-04T09:57:38.578+0000] {processor.py:840} INFO - DAG(s) 'example_task_group' retrieved from /home/airflow/.local/lib/python3.8/site-packages/airflow/example_dags/example_task_group.py
[2024-03-04T09:57:38.620+0000] {logging_mixin.py:188} INFO - [2024-03-04T09:57:38.619+0000] {dag.py:3036} INFO - Sync 1 DAGs
[2024-03-04T09:57:38.660+0000] {logging_mixin.py:188} INFO - [2024-03-04T09:57:38.660+0000] {dag.py:3823} INFO - Setting next_dagrun for example_task_group to 2024-03-03 00:00:00+00:00, run_after=2024-03-04 00:00:00+00:00
[2024-03-04T09:57:38.714+0000] {processor.py:183} INFO - Processing /home/airflow/.local/lib/python3.8/site-packages/airflow/example_dags/example_task_group.py took 0.160 seconds
[2024-03-04T09:58:09.990+0000] {processor.py:161} INFO - Started process (PID=247) to work on /home/airflow/.local/lib/python3.8/site-packages/airflow/example_dags/example_task_group.py
[2024-03-04T09:58:09.992+0000] {processor.py:830} INFO - Processing file /home/airflow/.local/lib/python3.8/site-packages/airflow/example_dags/example_task_group.py for tasks to queue
[2024-03-04T09:58:09.995+0000] {logging_mixin.py:188} INFO - [2024-03-04T09:58:09.995+0000] {dagbag.py:538} INFO - Filling up the DagBag from /home/airflow/.local/lib/python3.8/site-packages/airflow/example_dags/example_task_group.py
[2024-03-04T09:58:10.010+0000] {processor.py:840} INFO - DAG(s) 'example_task_group' retrieved from /home/airflow/.local/lib/python3.8/site-packages/airflow/example_dags/example_task_group.py
[2024-03-04T09:58:10.062+0000] {logging_mixin.py:188} INFO - [2024-03-04T09:58:10.062+0000] {dag.py:3036} INFO - Sync 1 DAGs
[2024-03-04T09:58:10.127+0000] {logging_mixin.py:188} INFO - [2024-03-04T09:58:10.127+0000] {dag.py:3823} INFO - Setting next_dagrun for example_task_group to 2024-03-03 00:00:00+00:00, run_after=2024-03-04 00:00:00+00:00
[2024-03-04T09:58:10.182+0000] {processor.py:183} INFO - Processing /home/airflow/.local/lib/python3.8/site-packages/airflow/example_dags/example_task_group.py took 0.198 seconds
[2024-03-04T09:58:40.602+0000] {processor.py:161} INFO - Started process (PID=305) to work on /home/airflow/.local/lib/python3.8/site-packages/airflow/example_dags/example_task_group.py
[2024-03-04T09:58:40.604+0000] {processor.py:830} INFO - Processing file /home/airflow/.local/lib/python3.8/site-packages/airflow/example_dags/example_task_group.py for tasks to queue
[2024-03-04T09:58:40.610+0000] {logging_mixin.py:188} INFO - [2024-03-04T09:58:40.609+0000] {dagbag.py:538} INFO - Filling up the DagBag from /home/airflow/.local/lib/python3.8/site-packages/airflow/example_dags/example_task_group.py
[2024-03-04T09:58:40.621+0000] {processor.py:840} INFO - DAG(s) 'example_task_group' retrieved from /home/airflow/.local/lib/python3.8/site-packages/airflow/example_dags/example_task_group.py
[2024-03-04T09:58:40.658+0000] {logging_mixin.py:188} INFO - [2024-03-04T09:58:40.657+0000] {dag.py:3036} INFO - Sync 1 DAGs
[2024-03-04T09:58:40.693+0000] {logging_mixin.py:188} INFO - [2024-03-04T09:58:40.693+0000] {dag.py:3823} INFO - Setting next_dagrun for example_task_group to 2024-03-03 00:00:00+00:00, run_after=2024-03-04 00:00:00+00:00
[2024-03-04T09:58:40.826+0000] {processor.py:183} INFO - Processing /home/airflow/.local/lib/python3.8/site-packages/airflow/example_dags/example_task_group.py took 0.229 seconds
[2024-03-04T09:59:11.577+0000] {processor.py:161} INFO - Started process (PID=362) to work on /home/airflow/.local/lib/python3.8/site-packages/airflow/example_dags/example_task_group.py
[2024-03-04T09:59:11.580+0000] {processor.py:830} INFO - Processing file /home/airflow/.local/lib/python3.8/site-packages/airflow/example_dags/example_task_group.py for tasks to queue
[2024-03-04T09:59:11.585+0000] {logging_mixin.py:188} INFO - [2024-03-04T09:59:11.584+0000] {dagbag.py:538} INFO - Filling up the DagBag from /home/airflow/.local/lib/python3.8/site-packages/airflow/example_dags/example_task_group.py
[2024-03-04T09:59:11.600+0000] {processor.py:840} INFO - DAG(s) 'example_task_group' retrieved from /home/airflow/.local/lib/python3.8/site-packages/airflow/example_dags/example_task_group.py
[2024-03-04T09:59:11.644+0000] {logging_mixin.py:188} INFO - [2024-03-04T09:59:11.644+0000] {dag.py:3036} INFO - Sync 1 DAGs
[2024-03-04T09:59:11.681+0000] {logging_mixin.py:188} INFO - [2024-03-04T09:59:11.681+0000] {dag.py:3823} INFO - Setting next_dagrun for example_task_group to 2024-03-03 00:00:00+00:00, run_after=2024-03-04 00:00:00+00:00
[2024-03-04T09:59:11.728+0000] {processor.py:183} INFO - Processing /home/airflow/.local/lib/python3.8/site-packages/airflow/example_dags/example_task_group.py took 0.158 seconds
[2024-03-04T09:59:43.192+0000] {processor.py:161} INFO - Started process (PID=419) to work on /home/airflow/.local/lib/python3.8/site-packages/airflow/example_dags/example_task_group.py
[2024-03-04T09:59:43.195+0000] {processor.py:830} INFO - Processing file /home/airflow/.local/lib/python3.8/site-packages/airflow/example_dags/example_task_group.py for tasks to queue
[2024-03-04T09:59:43.201+0000] {logging_mixin.py:188} INFO - [2024-03-04T09:59:43.200+0000] {dagbag.py:538} INFO - Filling up the DagBag from /home/airflow/.local/lib/python3.8/site-packages/airflow/example_dags/example_task_group.py
[2024-03-04T09:59:43.217+0000] {processor.py:840} INFO - DAG(s) 'example_task_group' retrieved from /home/airflow/.local/lib/python3.8/site-packages/airflow/example_dags/example_task_group.py
[2024-03-04T09:59:43.284+0000] {logging_mixin.py:188} INFO - [2024-03-04T09:59:43.284+0000] {dag.py:3036} INFO - Sync 1 DAGs
[2024-03-04T09:59:43.378+0000] {logging_mixin.py:188} INFO - [2024-03-04T09:59:43.377+0000] {dag.py:3823} INFO - Setting next_dagrun for example_task_group to 2024-03-03 00:00:00+00:00, run_after=2024-03-04 00:00:00+00:00
[2024-03-04T09:59:43.466+0000] {processor.py:183} INFO - Processing /home/airflow/.local/lib/python3.8/site-packages/airflow/example_dags/example_task_group.py took 0.284 seconds
[2024-03-04T10:00:14.646+0000] {processor.py:161} INFO - Started process (PID=480) to work on /home/airflow/.local/lib/python3.8/site-packages/airflow/example_dags/example_task_group.py
[2024-03-04T10:00:14.648+0000] {processor.py:830} INFO - Processing file /home/airflow/.local/lib/python3.8/site-packages/airflow/example_dags/example_task_group.py for tasks to queue
[2024-03-04T10:00:14.655+0000] {logging_mixin.py:188} INFO - [2024-03-04T10:00:14.654+0000] {dagbag.py:538} INFO - Filling up the DagBag from /home/airflow/.local/lib/python3.8/site-packages/airflow/example_dags/example_task_group.py
[2024-03-04T10:00:14.671+0000] {processor.py:840} INFO - DAG(s) 'example_task_group' retrieved from /home/airflow/.local/lib/python3.8/site-packages/airflow/example_dags/example_task_group.py
[2024-03-04T10:00:14.713+0000] {logging_mixin.py:188} INFO - [2024-03-04T10:00:14.713+0000] {dag.py:3036} INFO - Sync 1 DAGs
[2024-03-04T10:00:14.750+0000] {logging_mixin.py:188} INFO - [2024-03-04T10:00:14.749+0000] {dag.py:3823} INFO - Setting next_dagrun for example_task_group to 2024-03-03 00:00:00+00:00, run_after=2024-03-04 00:00:00+00:00
[2024-03-04T10:00:14.781+0000] {processor.py:183} INFO - Processing /home/airflow/.local/lib/python3.8/site-packages/airflow/example_dags/example_task_group.py took 0.145 seconds
[2024-03-04T10:00:45.362+0000] {processor.py:161} INFO - Started process (PID=535) to work on /home/airflow/.local/lib/python3.8/site-packages/airflow/example_dags/example_task_group.py
[2024-03-04T10:00:45.364+0000] {processor.py:830} INFO - Processing file /home/airflow/.local/lib/python3.8/site-packages/airflow/example_dags/example_task_group.py for tasks to queue
[2024-03-04T10:00:45.368+0000] {logging_mixin.py:188} INFO - [2024-03-04T10:00:45.367+0000] {dagbag.py:538} INFO - Filling up the DagBag from /home/airflow/.local/lib/python3.8/site-packages/airflow/example_dags/example_task_group.py
[2024-03-04T10:00:45.380+0000] {processor.py:840} INFO - DAG(s) 'example_task_group' retrieved from /home/airflow/.local/lib/python3.8/site-packages/airflow/example_dags/example_task_group.py
[2024-03-04T10:00:45.415+0000] {logging_mixin.py:188} INFO - [2024-03-04T10:00:45.415+0000] {dag.py:3036} INFO - Sync 1 DAGs
[2024-03-04T10:00:45.452+0000] {logging_mixin.py:188} INFO - [2024-03-04T10:00:45.452+0000] {dag.py:3823} INFO - Setting next_dagrun for example_task_group to 2024-03-03 00:00:00+00:00, run_after=2024-03-04 00:00:00+00:00
[2024-03-04T10:00:45.486+0000] {processor.py:183} INFO - Processing /home/airflow/.local/lib/python3.8/site-packages/airflow/example_dags/example_task_group.py took 0.129 seconds
[2024-03-04T10:01:15.931+0000] {processor.py:161} INFO - Started process (PID=592) to work on /home/airflow/.local/lib/python3.8/site-packages/airflow/example_dags/example_task_group.py
[2024-03-04T10:01:15.933+0000] {processor.py:830} INFO - Processing file /home/airflow/.local/lib/python3.8/site-packages/airflow/example_dags/example_task_group.py for tasks to queue
[2024-03-04T10:01:15.937+0000] {logging_mixin.py:188} INFO - [2024-03-04T10:01:15.936+0000] {dagbag.py:538} INFO - Filling up the DagBag from /home/airflow/.local/lib/python3.8/site-packages/airflow/example_dags/example_task_group.py
[2024-03-04T10:01:15.951+0000] {processor.py:840} INFO - DAG(s) 'example_task_group' retrieved from /home/airflow/.local/lib/python3.8/site-packages/airflow/example_dags/example_task_group.py
[2024-03-04T10:01:15.999+0000] {logging_mixin.py:188} INFO - [2024-03-04T10:01:15.998+0000] {dag.py:3036} INFO - Sync 1 DAGs
[2024-03-04T10:01:16.044+0000] {logging_mixin.py:188} INFO - [2024-03-04T10:01:16.044+0000] {dag.py:3823} INFO - Setting next_dagrun for example_task_group to 2024-03-03 00:00:00+00:00, run_after=2024-03-04 00:00:00+00:00
[2024-03-04T10:01:16.088+0000] {processor.py:183} INFO - Processing /home/airflow/.local/lib/python3.8/site-packages/airflow/example_dags/example_task_group.py took 0.163 seconds
[2024-03-04T10:01:46.935+0000] {processor.py:161} INFO - Started process (PID=649) to work on /home/airflow/.local/lib/python3.8/site-packages/airflow/example_dags/example_task_group.py
[2024-03-04T10:01:46.937+0000] {processor.py:830} INFO - Processing file /home/airflow/.local/lib/python3.8/site-packages/airflow/example_dags/example_task_group.py for tasks to queue
[2024-03-04T10:01:46.940+0000] {logging_mixin.py:188} INFO - [2024-03-04T10:01:46.939+0000] {dagbag.py:538} INFO - Filling up the DagBag from /home/airflow/.local/lib/python3.8/site-packages/airflow/example_dags/example_task_group.py
[2024-03-04T10:01:46.951+0000] {processor.py:840} INFO - DAG(s) 'example_task_group' retrieved from /home/airflow/.local/lib/python3.8/site-packages/airflow/example_dags/example_task_group.py
[2024-03-04T10:01:46.985+0000] {logging_mixin.py:188} INFO - [2024-03-04T10:01:46.984+0000] {dag.py:3036} INFO - Sync 1 DAGs
[2024-03-04T10:01:47.017+0000] {logging_mixin.py:188} INFO - [2024-03-04T10:01:47.016+0000] {dag.py:3823} INFO - Setting next_dagrun for example_task_group to 2024-03-03 00:00:00+00:00, run_after=2024-03-04 00:00:00+00:00
[2024-03-04T10:01:47.043+0000] {processor.py:183} INFO - Processing /home/airflow/.local/lib/python3.8/site-packages/airflow/example_dags/example_task_group.py took 0.115 seconds
[2024-03-04T10:05:02.121+0000] {processor.py:161} INFO - Started process (PID=65) to work on /home/airflow/.local/lib/python3.8/site-packages/airflow/example_dags/example_task_group.py
[2024-03-04T10:05:02.122+0000] {processor.py:830} INFO - Processing file /home/airflow/.local/lib/python3.8/site-packages/airflow/example_dags/example_task_group.py for tasks to queue
[2024-03-04T10:05:02.125+0000] {logging_mixin.py:188} INFO - [2024-03-04T10:05:02.125+0000] {dagbag.py:538} INFO - Filling up the DagBag from /home/airflow/.local/lib/python3.8/site-packages/airflow/example_dags/example_task_group.py
[2024-03-04T10:05:02.138+0000] {processor.py:840} INFO - DAG(s) 'example_task_group' retrieved from /home/airflow/.local/lib/python3.8/site-packages/airflow/example_dags/example_task_group.py
[2024-03-04T10:05:02.319+0000] {logging_mixin.py:188} INFO - [2024-03-04T10:05:02.319+0000] {dag.py:3036} INFO - Sync 1 DAGs
[2024-03-04T10:05:02.355+0000] {logging_mixin.py:188} INFO - [2024-03-04T10:05:02.355+0000] {dag.py:3823} INFO - Setting next_dagrun for example_task_group to 2024-03-03 00:00:00+00:00, run_after=2024-03-04 00:00:00+00:00
[2024-03-04T10:05:02.392+0000] {processor.py:183} INFO - Processing /home/airflow/.local/lib/python3.8/site-packages/airflow/example_dags/example_task_group.py took 0.276 seconds
[2024-03-04T10:05:33.341+0000] {processor.py:161} INFO - Started process (PID=123) to work on /home/airflow/.local/lib/python3.8/site-packages/airflow/example_dags/example_task_group.py
[2024-03-04T10:05:33.344+0000] {processor.py:830} INFO - Processing file /home/airflow/.local/lib/python3.8/site-packages/airflow/example_dags/example_task_group.py for tasks to queue
[2024-03-04T10:05:33.347+0000] {logging_mixin.py:188} INFO - [2024-03-04T10:05:33.346+0000] {dagbag.py:538} INFO - Filling up the DagBag from /home/airflow/.local/lib/python3.8/site-packages/airflow/example_dags/example_task_group.py
[2024-03-04T10:05:33.363+0000] {processor.py:840} INFO - DAG(s) 'example_task_group' retrieved from /home/airflow/.local/lib/python3.8/site-packages/airflow/example_dags/example_task_group.py
[2024-03-04T10:05:33.410+0000] {logging_mixin.py:188} INFO - [2024-03-04T10:05:33.409+0000] {dag.py:3036} INFO - Sync 1 DAGs
[2024-03-04T10:05:33.453+0000] {logging_mixin.py:188} INFO - [2024-03-04T10:05:33.453+0000] {dag.py:3823} INFO - Setting next_dagrun for example_task_group to 2024-03-03 00:00:00+00:00, run_after=2024-03-04 00:00:00+00:00
[2024-03-04T10:05:33.509+0000] {processor.py:183} INFO - Processing /home/airflow/.local/lib/python3.8/site-packages/airflow/example_dags/example_task_group.py took 0.176 seconds
[2024-03-04T10:11:56.120+0000] {processor.py:161} INFO - Started process (PID=65) to work on /home/airflow/.local/lib/python3.8/site-packages/airflow/example_dags/example_task_group.py
[2024-03-04T10:11:56.121+0000] {processor.py:830} INFO - Processing file /home/airflow/.local/lib/python3.8/site-packages/airflow/example_dags/example_task_group.py for tasks to queue
[2024-03-04T10:11:56.125+0000] {logging_mixin.py:188} INFO - [2024-03-04T10:11:56.125+0000] {dagbag.py:538} INFO - Filling up the DagBag from /home/airflow/.local/lib/python3.8/site-packages/airflow/example_dags/example_task_group.py
[2024-03-04T10:11:56.143+0000] {processor.py:840} INFO - DAG(s) 'example_task_group' retrieved from /home/airflow/.local/lib/python3.8/site-packages/airflow/example_dags/example_task_group.py
[2024-03-04T10:11:56.332+0000] {logging_mixin.py:188} INFO - [2024-03-04T10:11:56.331+0000] {dag.py:3036} INFO - Sync 1 DAGs
[2024-03-04T10:11:56.368+0000] {logging_mixin.py:188} INFO - [2024-03-04T10:11:56.367+0000] {dag.py:3823} INFO - Setting next_dagrun for example_task_group to 2024-03-03 00:00:00+00:00, run_after=2024-03-04 00:00:00+00:00
[2024-03-04T10:11:56.414+0000] {processor.py:183} INFO - Processing /home/airflow/.local/lib/python3.8/site-packages/airflow/example_dags/example_task_group.py took 0.300 seconds
[2024-03-04T10:12:27.166+0000] {processor.py:161} INFO - Started process (PID=122) to work on /home/airflow/.local/lib/python3.8/site-packages/airflow/example_dags/example_task_group.py
[2024-03-04T10:12:27.168+0000] {processor.py:830} INFO - Processing file /home/airflow/.local/lib/python3.8/site-packages/airflow/example_dags/example_task_group.py for tasks to queue
[2024-03-04T10:12:27.171+0000] {logging_mixin.py:188} INFO - [2024-03-04T10:12:27.171+0000] {dagbag.py:538} INFO - Filling up the DagBag from /home/airflow/.local/lib/python3.8/site-packages/airflow/example_dags/example_task_group.py
[2024-03-04T10:12:27.184+0000] {processor.py:840} INFO - DAG(s) 'example_task_group' retrieved from /home/airflow/.local/lib/python3.8/site-packages/airflow/example_dags/example_task_group.py
[2024-03-04T10:12:27.229+0000] {logging_mixin.py:188} INFO - [2024-03-04T10:12:27.229+0000] {dag.py:3036} INFO - Sync 1 DAGs
[2024-03-04T10:12:27.267+0000] {logging_mixin.py:188} INFO - [2024-03-04T10:12:27.267+0000] {dag.py:3823} INFO - Setting next_dagrun for example_task_group to 2024-03-03 00:00:00+00:00, run_after=2024-03-04 00:00:00+00:00
[2024-03-04T10:12:27.303+0000] {processor.py:183} INFO - Processing /home/airflow/.local/lib/python3.8/site-packages/airflow/example_dags/example_task_group.py took 0.142 seconds
[2024-03-04T10:12:57.800+0000] {processor.py:161} INFO - Started process (PID=179) to work on /home/airflow/.local/lib/python3.8/site-packages/airflow/example_dags/example_task_group.py
[2024-03-04T10:12:57.802+0000] {processor.py:830} INFO - Processing file /home/airflow/.local/lib/python3.8/site-packages/airflow/example_dags/example_task_group.py for tasks to queue
[2024-03-04T10:12:57.805+0000] {logging_mixin.py:188} INFO - [2024-03-04T10:12:57.804+0000] {dagbag.py:538} INFO - Filling up the DagBag from /home/airflow/.local/lib/python3.8/site-packages/airflow/example_dags/example_task_group.py
[2024-03-04T10:12:57.814+0000] {processor.py:840} INFO - DAG(s) 'example_task_group' retrieved from /home/airflow/.local/lib/python3.8/site-packages/airflow/example_dags/example_task_group.py
[2024-03-04T10:12:57.849+0000] {logging_mixin.py:188} INFO - [2024-03-04T10:12:57.848+0000] {dag.py:3036} INFO - Sync 1 DAGs
[2024-03-04T10:12:57.879+0000] {logging_mixin.py:188} INFO - [2024-03-04T10:12:57.879+0000] {dag.py:3823} INFO - Setting next_dagrun for example_task_group to 2024-03-03 00:00:00+00:00, run_after=2024-03-04 00:00:00+00:00
[2024-03-04T10:12:57.909+0000] {processor.py:183} INFO - Processing /home/airflow/.local/lib/python3.8/site-packages/airflow/example_dags/example_task_group.py took 0.114 seconds
[2024-03-04T10:15:44.721+0000] {processor.py:161} INFO - Started process (PID=65) to work on /home/airflow/.local/lib/python3.8/site-packages/airflow/example_dags/example_task_group.py
[2024-03-04T10:15:44.725+0000] {processor.py:830} INFO - Processing file /home/airflow/.local/lib/python3.8/site-packages/airflow/example_dags/example_task_group.py for tasks to queue
[2024-03-04T10:15:44.730+0000] {logging_mixin.py:188} INFO - [2024-03-04T10:15:44.729+0000] {dagbag.py:538} INFO - Filling up the DagBag from /home/airflow/.local/lib/python3.8/site-packages/airflow/example_dags/example_task_group.py
[2024-03-04T10:15:44.750+0000] {processor.py:840} INFO - DAG(s) 'example_task_group' retrieved from /home/airflow/.local/lib/python3.8/site-packages/airflow/example_dags/example_task_group.py
[2024-03-04T10:15:44.900+0000] {logging_mixin.py:188} INFO - [2024-03-04T10:15:44.900+0000] {dag.py:3036} INFO - Sync 1 DAGs
[2024-03-04T10:15:44.932+0000] {logging_mixin.py:188} INFO - [2024-03-04T10:15:44.931+0000] {dag.py:3823} INFO - Setting next_dagrun for example_task_group to 2024-03-03 00:00:00+00:00, run_after=2024-03-04 00:00:00+00:00
[2024-03-04T10:15:44.958+0000] {processor.py:183} INFO - Processing /home/airflow/.local/lib/python3.8/site-packages/airflow/example_dags/example_task_group.py took 0.244 seconds
[2024-03-04T10:16:15.040+0000] {processor.py:161} INFO - Started process (PID=122) to work on /home/airflow/.local/lib/python3.8/site-packages/airflow/example_dags/example_task_group.py
[2024-03-04T10:16:15.042+0000] {processor.py:830} INFO - Processing file /home/airflow/.local/lib/python3.8/site-packages/airflow/example_dags/example_task_group.py for tasks to queue
[2024-03-04T10:16:15.044+0000] {logging_mixin.py:188} INFO - [2024-03-04T10:16:15.044+0000] {dagbag.py:538} INFO - Filling up the DagBag from /home/airflow/.local/lib/python3.8/site-packages/airflow/example_dags/example_task_group.py
[2024-03-04T10:16:15.057+0000] {processor.py:840} INFO - DAG(s) 'example_task_group' retrieved from /home/airflow/.local/lib/python3.8/site-packages/airflow/example_dags/example_task_group.py
[2024-03-04T10:16:15.092+0000] {logging_mixin.py:188} INFO - [2024-03-04T10:16:15.092+0000] {dag.py:3036} INFO - Sync 1 DAGs
[2024-03-04T10:16:15.121+0000] {logging_mixin.py:188} INFO - [2024-03-04T10:16:15.121+0000] {dag.py:3823} INFO - Setting next_dagrun for example_task_group to 2024-03-03 00:00:00+00:00, run_after=2024-03-04 00:00:00+00:00
[2024-03-04T10:16:15.153+0000] {processor.py:183} INFO - Processing /home/airflow/.local/lib/python3.8/site-packages/airflow/example_dags/example_task_group.py took 0.118 seconds
[2024-03-04T10:16:45.301+0000] {processor.py:161} INFO - Started process (PID=179) to work on /home/airflow/.local/lib/python3.8/site-packages/airflow/example_dags/example_task_group.py
[2024-03-04T10:16:45.303+0000] {processor.py:830} INFO - Processing file /home/airflow/.local/lib/python3.8/site-packages/airflow/example_dags/example_task_group.py for tasks to queue
[2024-03-04T10:16:45.306+0000] {logging_mixin.py:188} INFO - [2024-03-04T10:16:45.306+0000] {dagbag.py:538} INFO - Filling up the DagBag from /home/airflow/.local/lib/python3.8/site-packages/airflow/example_dags/example_task_group.py
[2024-03-04T10:16:45.315+0000] {processor.py:840} INFO - DAG(s) 'example_task_group' retrieved from /home/airflow/.local/lib/python3.8/site-packages/airflow/example_dags/example_task_group.py
[2024-03-04T10:16:45.347+0000] {logging_mixin.py:188} INFO - [2024-03-04T10:16:45.347+0000] {dag.py:3036} INFO - Sync 1 DAGs
[2024-03-04T10:16:45.376+0000] {logging_mixin.py:188} INFO - [2024-03-04T10:16:45.376+0000] {dag.py:3823} INFO - Setting next_dagrun for example_task_group to 2024-03-03 00:00:00+00:00, run_after=2024-03-04 00:00:00+00:00
[2024-03-04T10:16:45.404+0000] {processor.py:183} INFO - Processing /home/airflow/.local/lib/python3.8/site-packages/airflow/example_dags/example_task_group.py took 0.108 seconds
