[2024-03-04T09:52:18.694+0000] {processor.py:161} INFO - Started process (PID=68) to work on /home/airflow/.local/lib/python3.8/site-packages/airflow/example_dags/example_sensor_decorator.py
[2024-03-04T09:52:18.696+0000] {processor.py:830} INFO - Processing file /home/airflow/.local/lib/python3.8/site-packages/airflow/example_dags/example_sensor_decorator.py for tasks to queue
[2024-03-04T09:52:18.700+0000] {logging_mixin.py:188} INFO - [2024-03-04T09:52:18.699+0000] {dagbag.py:538} INFO - Filling up the DagBag from /home/airflow/.local/lib/python3.8/site-packages/airflow/example_dags/example_sensor_decorator.py
[2024-03-04T09:52:18.717+0000] {processor.py:840} INFO - DAG(s) 'example_sensor_decorator' retrieved from /home/airflow/.local/lib/python3.8/site-packages/airflow/example_dags/example_sensor_decorator.py
[2024-03-04T09:52:19.006+0000] {logging_mixin.py:188} INFO - [2024-03-04T09:52:19.001+0000] {override.py:1769} INFO - Created Permission View: can read on DAG:example_sensor_decorator
[2024-03-04T09:52:19.033+0000] {logging_mixin.py:188} INFO - [2024-03-04T09:52:19.032+0000] {override.py:1769} INFO - Created Permission View: can delete on DAG:example_sensor_decorator
[2024-03-04T09:52:19.054+0000] {logging_mixin.py:188} INFO - [2024-03-04T09:52:19.053+0000] {override.py:1769} INFO - Created Permission View: can edit on DAG:example_sensor_decorator
[2024-03-04T09:52:19.056+0000] {logging_mixin.py:188} INFO - [2024-03-04T09:52:19.055+0000] {dag.py:3036} INFO - Sync 1 DAGs
[2024-03-04T09:52:19.094+0000] {logging_mixin.py:188} INFO - [2024-03-04T09:52:19.093+0000] {dag.py:3058} INFO - Creating ORM DAG for example_sensor_decorator
[2024-03-04T09:52:19.096+0000] {logging_mixin.py:188} INFO - [2024-03-04T09:52:19.095+0000] {dag.py:3823} INFO - Setting next_dagrun for example_sensor_decorator to None, run_after=None
[2024-03-04T09:52:19.134+0000] {processor.py:183} INFO - Processing /home/airflow/.local/lib/python3.8/site-packages/airflow/example_dags/example_sensor_decorator.py took 0.447 seconds
[2024-03-04T09:52:49.572+0000] {processor.py:161} INFO - Started process (PID=125) to work on /home/airflow/.local/lib/python3.8/site-packages/airflow/example_dags/example_sensor_decorator.py
[2024-03-04T09:52:49.573+0000] {processor.py:830} INFO - Processing file /home/airflow/.local/lib/python3.8/site-packages/airflow/example_dags/example_sensor_decorator.py for tasks to queue
[2024-03-04T09:52:49.577+0000] {logging_mixin.py:188} INFO - [2024-03-04T09:52:49.577+0000] {dagbag.py:538} INFO - Filling up the DagBag from /home/airflow/.local/lib/python3.8/site-packages/airflow/example_dags/example_sensor_decorator.py
[2024-03-04T09:52:49.587+0000] {processor.py:840} INFO - DAG(s) 'example_sensor_decorator' retrieved from /home/airflow/.local/lib/python3.8/site-packages/airflow/example_dags/example_sensor_decorator.py
[2024-03-04T09:52:49.626+0000] {logging_mixin.py:188} INFO - [2024-03-04T09:52:49.625+0000] {dag.py:3036} INFO - Sync 1 DAGs
[2024-03-04T09:52:49.648+0000] {logging_mixin.py:188} INFO - [2024-03-04T09:52:49.648+0000] {dag.py:3823} INFO - Setting next_dagrun for example_sensor_decorator to None, run_after=None
[2024-03-04T09:52:49.679+0000] {processor.py:183} INFO - Processing /home/airflow/.local/lib/python3.8/site-packages/airflow/example_dags/example_sensor_decorator.py took 0.113 seconds
[2024-03-04T09:53:19.937+0000] {processor.py:161} INFO - Started process (PID=183) to work on /home/airflow/.local/lib/python3.8/site-packages/airflow/example_dags/example_sensor_decorator.py
[2024-03-04T09:53:19.938+0000] {processor.py:830} INFO - Processing file /home/airflow/.local/lib/python3.8/site-packages/airflow/example_dags/example_sensor_decorator.py for tasks to queue
[2024-03-04T09:53:19.942+0000] {logging_mixin.py:188} INFO - [2024-03-04T09:53:19.941+0000] {dagbag.py:538} INFO - Filling up the DagBag from /home/airflow/.local/lib/python3.8/site-packages/airflow/example_dags/example_sensor_decorator.py
[2024-03-04T09:53:19.956+0000] {processor.py:840} INFO - DAG(s) 'example_sensor_decorator' retrieved from /home/airflow/.local/lib/python3.8/site-packages/airflow/example_dags/example_sensor_decorator.py
[2024-03-04T09:53:19.992+0000] {logging_mixin.py:188} INFO - [2024-03-04T09:53:19.991+0000] {dag.py:3036} INFO - Sync 1 DAGs
[2024-03-04T09:53:20.018+0000] {logging_mixin.py:188} INFO - [2024-03-04T09:53:20.017+0000] {dag.py:3823} INFO - Setting next_dagrun for example_sensor_decorator to None, run_after=None
[2024-03-04T09:53:20.055+0000] {processor.py:183} INFO - Processing /home/airflow/.local/lib/python3.8/site-packages/airflow/example_dags/example_sensor_decorator.py took 0.124 seconds
[2024-03-04T09:53:50.684+0000] {processor.py:161} INFO - Started process (PID=240) to work on /home/airflow/.local/lib/python3.8/site-packages/airflow/example_dags/example_sensor_decorator.py
[2024-03-04T09:53:50.687+0000] {processor.py:830} INFO - Processing file /home/airflow/.local/lib/python3.8/site-packages/airflow/example_dags/example_sensor_decorator.py for tasks to queue
[2024-03-04T09:53:50.697+0000] {logging_mixin.py:188} INFO - [2024-03-04T09:53:50.695+0000] {dagbag.py:538} INFO - Filling up the DagBag from /home/airflow/.local/lib/python3.8/site-packages/airflow/example_dags/example_sensor_decorator.py
[2024-03-04T09:53:50.740+0000] {processor.py:840} INFO - DAG(s) 'example_sensor_decorator' retrieved from /home/airflow/.local/lib/python3.8/site-packages/airflow/example_dags/example_sensor_decorator.py
[2024-03-04T09:53:50.855+0000] {logging_mixin.py:188} INFO - [2024-03-04T09:53:50.855+0000] {dag.py:3036} INFO - Sync 1 DAGs
[2024-03-04T09:53:50.909+0000] {logging_mixin.py:188} INFO - [2024-03-04T09:53:50.908+0000] {dag.py:3823} INFO - Setting next_dagrun for example_sensor_decorator to None, run_after=None
[2024-03-04T09:53:50.991+0000] {processor.py:183} INFO - Processing /home/airflow/.local/lib/python3.8/site-packages/airflow/example_dags/example_sensor_decorator.py took 0.321 seconds
[2024-03-04T09:56:35.855+0000] {processor.py:161} INFO - Started process (PID=68) to work on /home/airflow/.local/lib/python3.8/site-packages/airflow/example_dags/example_sensor_decorator.py
[2024-03-04T09:56:35.856+0000] {processor.py:830} INFO - Processing file /home/airflow/.local/lib/python3.8/site-packages/airflow/example_dags/example_sensor_decorator.py for tasks to queue
[2024-03-04T09:56:35.859+0000] {logging_mixin.py:188} INFO - [2024-03-04T09:56:35.858+0000] {dagbag.py:538} INFO - Filling up the DagBag from /home/airflow/.local/lib/python3.8/site-packages/airflow/example_dags/example_sensor_decorator.py
[2024-03-04T09:56:35.871+0000] {processor.py:840} INFO - DAG(s) 'example_sensor_decorator' retrieved from /home/airflow/.local/lib/python3.8/site-packages/airflow/example_dags/example_sensor_decorator.py
[2024-03-04T09:56:36.054+0000] {logging_mixin.py:188} INFO - [2024-03-04T09:56:36.053+0000] {dag.py:3036} INFO - Sync 1 DAGs
[2024-03-04T09:56:36.071+0000] {logging_mixin.py:188} INFO - [2024-03-04T09:56:36.071+0000] {dag.py:3823} INFO - Setting next_dagrun for example_sensor_decorator to None, run_after=None
[2024-03-04T09:56:36.105+0000] {processor.py:183} INFO - Processing /home/airflow/.local/lib/python3.8/site-packages/airflow/example_dags/example_sensor_decorator.py took 0.256 seconds
[2024-03-04T09:57:06.929+0000] {processor.py:161} INFO - Started process (PID=125) to work on /home/airflow/.local/lib/python3.8/site-packages/airflow/example_dags/example_sensor_decorator.py
[2024-03-04T09:57:06.931+0000] {processor.py:830} INFO - Processing file /home/airflow/.local/lib/python3.8/site-packages/airflow/example_dags/example_sensor_decorator.py for tasks to queue
[2024-03-04T09:57:06.934+0000] {logging_mixin.py:188} INFO - [2024-03-04T09:57:06.933+0000] {dagbag.py:538} INFO - Filling up the DagBag from /home/airflow/.local/lib/python3.8/site-packages/airflow/example_dags/example_sensor_decorator.py
[2024-03-04T09:57:06.943+0000] {processor.py:840} INFO - DAG(s) 'example_sensor_decorator' retrieved from /home/airflow/.local/lib/python3.8/site-packages/airflow/example_dags/example_sensor_decorator.py
[2024-03-04T09:57:06.970+0000] {logging_mixin.py:188} INFO - [2024-03-04T09:57:06.970+0000] {dag.py:3036} INFO - Sync 1 DAGs
[2024-03-04T09:57:06.989+0000] {logging_mixin.py:188} INFO - [2024-03-04T09:57:06.988+0000] {dag.py:3823} INFO - Setting next_dagrun for example_sensor_decorator to None, run_after=None
[2024-03-04T09:57:07.060+0000] {processor.py:183} INFO - Processing /home/airflow/.local/lib/python3.8/site-packages/airflow/example_dags/example_sensor_decorator.py took 0.136 seconds
[2024-03-04T09:57:38.227+0000] {processor.py:161} INFO - Started process (PID=182) to work on /home/airflow/.local/lib/python3.8/site-packages/airflow/example_dags/example_sensor_decorator.py
[2024-03-04T09:57:38.228+0000] {processor.py:830} INFO - Processing file /home/airflow/.local/lib/python3.8/site-packages/airflow/example_dags/example_sensor_decorator.py for tasks to queue
[2024-03-04T09:57:38.231+0000] {logging_mixin.py:188} INFO - [2024-03-04T09:57:38.231+0000] {dagbag.py:538} INFO - Filling up the DagBag from /home/airflow/.local/lib/python3.8/site-packages/airflow/example_dags/example_sensor_decorator.py
[2024-03-04T09:57:38.242+0000] {processor.py:840} INFO - DAG(s) 'example_sensor_decorator' retrieved from /home/airflow/.local/lib/python3.8/site-packages/airflow/example_dags/example_sensor_decorator.py
[2024-03-04T09:57:38.270+0000] {logging_mixin.py:188} INFO - [2024-03-04T09:57:38.269+0000] {dag.py:3036} INFO - Sync 1 DAGs
[2024-03-04T09:57:38.288+0000] {logging_mixin.py:188} INFO - [2024-03-04T09:57:38.288+0000] {dag.py:3823} INFO - Setting next_dagrun for example_sensor_decorator to None, run_after=None
[2024-03-04T09:57:38.331+0000] {processor.py:183} INFO - Processing /home/airflow/.local/lib/python3.8/site-packages/airflow/example_dags/example_sensor_decorator.py took 0.110 seconds
[2024-03-04T09:58:09.701+0000] {processor.py:161} INFO - Started process (PID=243) to work on /home/airflow/.local/lib/python3.8/site-packages/airflow/example_dags/example_sensor_decorator.py
[2024-03-04T09:58:09.703+0000] {processor.py:830} INFO - Processing file /home/airflow/.local/lib/python3.8/site-packages/airflow/example_dags/example_sensor_decorator.py for tasks to queue
[2024-03-04T09:58:09.707+0000] {logging_mixin.py:188} INFO - [2024-03-04T09:58:09.707+0000] {dagbag.py:538} INFO - Filling up the DagBag from /home/airflow/.local/lib/python3.8/site-packages/airflow/example_dags/example_sensor_decorator.py
[2024-03-04T09:58:09.717+0000] {processor.py:840} INFO - DAG(s) 'example_sensor_decorator' retrieved from /home/airflow/.local/lib/python3.8/site-packages/airflow/example_dags/example_sensor_decorator.py
[2024-03-04T09:58:09.753+0000] {logging_mixin.py:188} INFO - [2024-03-04T09:58:09.752+0000] {dag.py:3036} INFO - Sync 1 DAGs
[2024-03-04T09:58:09.775+0000] {logging_mixin.py:188} INFO - [2024-03-04T09:58:09.775+0000] {dag.py:3823} INFO - Setting next_dagrun for example_sensor_decorator to None, run_after=None
[2024-03-04T09:58:09.802+0000] {processor.py:183} INFO - Processing /home/airflow/.local/lib/python3.8/site-packages/airflow/example_dags/example_sensor_decorator.py took 0.106 seconds
[2024-03-04T09:58:40.302+0000] {processor.py:161} INFO - Started process (PID=301) to work on /home/airflow/.local/lib/python3.8/site-packages/airflow/example_dags/example_sensor_decorator.py
[2024-03-04T09:58:40.304+0000] {processor.py:830} INFO - Processing file /home/airflow/.local/lib/python3.8/site-packages/airflow/example_dags/example_sensor_decorator.py for tasks to queue
[2024-03-04T09:58:40.308+0000] {logging_mixin.py:188} INFO - [2024-03-04T09:58:40.308+0000] {dagbag.py:538} INFO - Filling up the DagBag from /home/airflow/.local/lib/python3.8/site-packages/airflow/example_dags/example_sensor_decorator.py
[2024-03-04T09:58:40.318+0000] {processor.py:840} INFO - DAG(s) 'example_sensor_decorator' retrieved from /home/airflow/.local/lib/python3.8/site-packages/airflow/example_dags/example_sensor_decorator.py
[2024-03-04T09:58:40.350+0000] {logging_mixin.py:188} INFO - [2024-03-04T09:58:40.350+0000] {dag.py:3036} INFO - Sync 1 DAGs
[2024-03-04T09:58:40.369+0000] {logging_mixin.py:188} INFO - [2024-03-04T09:58:40.369+0000] {dag.py:3823} INFO - Setting next_dagrun for example_sensor_decorator to None, run_after=None
[2024-03-04T09:58:40.419+0000] {processor.py:183} INFO - Processing /home/airflow/.local/lib/python3.8/site-packages/airflow/example_dags/example_sensor_decorator.py took 0.120 seconds
[2024-03-04T09:59:11.267+0000] {processor.py:161} INFO - Started process (PID=358) to work on /home/airflow/.local/lib/python3.8/site-packages/airflow/example_dags/example_sensor_decorator.py
[2024-03-04T09:59:11.268+0000] {processor.py:830} INFO - Processing file /home/airflow/.local/lib/python3.8/site-packages/airflow/example_dags/example_sensor_decorator.py for tasks to queue
[2024-03-04T09:59:11.272+0000] {logging_mixin.py:188} INFO - [2024-03-04T09:59:11.271+0000] {dagbag.py:538} INFO - Filling up the DagBag from /home/airflow/.local/lib/python3.8/site-packages/airflow/example_dags/example_sensor_decorator.py
[2024-03-04T09:59:11.280+0000] {processor.py:840} INFO - DAG(s) 'example_sensor_decorator' retrieved from /home/airflow/.local/lib/python3.8/site-packages/airflow/example_dags/example_sensor_decorator.py
[2024-03-04T09:59:11.308+0000] {logging_mixin.py:188} INFO - [2024-03-04T09:59:11.308+0000] {dag.py:3036} INFO - Sync 1 DAGs
[2024-03-04T09:59:11.325+0000] {logging_mixin.py:188} INFO - [2024-03-04T09:59:11.325+0000] {dag.py:3823} INFO - Setting next_dagrun for example_sensor_decorator to None, run_after=None
[2024-03-04T09:59:11.398+0000] {processor.py:183} INFO - Processing /home/airflow/.local/lib/python3.8/site-packages/airflow/example_dags/example_sensor_decorator.py took 0.136 seconds
[2024-03-04T09:59:42.375+0000] {processor.py:161} INFO - Started process (PID=415) to work on /home/airflow/.local/lib/python3.8/site-packages/airflow/example_dags/example_sensor_decorator.py
[2024-03-04T09:59:42.376+0000] {processor.py:830} INFO - Processing file /home/airflow/.local/lib/python3.8/site-packages/airflow/example_dags/example_sensor_decorator.py for tasks to queue
[2024-03-04T09:59:42.379+0000] {logging_mixin.py:188} INFO - [2024-03-04T09:59:42.379+0000] {dagbag.py:538} INFO - Filling up the DagBag from /home/airflow/.local/lib/python3.8/site-packages/airflow/example_dags/example_sensor_decorator.py
[2024-03-04T09:59:42.390+0000] {processor.py:840} INFO - DAG(s) 'example_sensor_decorator' retrieved from /home/airflow/.local/lib/python3.8/site-packages/airflow/example_dags/example_sensor_decorator.py
[2024-03-04T09:59:42.417+0000] {logging_mixin.py:188} INFO - [2024-03-04T09:59:42.417+0000] {dag.py:3036} INFO - Sync 1 DAGs
[2024-03-04T09:59:42.435+0000] {logging_mixin.py:188} INFO - [2024-03-04T09:59:42.435+0000] {dag.py:3823} INFO - Setting next_dagrun for example_sensor_decorator to None, run_after=None
[2024-03-04T09:59:42.530+0000] {processor.py:183} INFO - Processing /home/airflow/.local/lib/python3.8/site-packages/airflow/example_dags/example_sensor_decorator.py took 0.161 seconds
[2024-03-04T10:00:12.622+0000] {processor.py:161} INFO - Started process (PID=474) to work on /home/airflow/.local/lib/python3.8/site-packages/airflow/example_dags/example_sensor_decorator.py
[2024-03-04T10:00:12.624+0000] {processor.py:830} INFO - Processing file /home/airflow/.local/lib/python3.8/site-packages/airflow/example_dags/example_sensor_decorator.py for tasks to queue
[2024-03-04T10:00:12.628+0000] {logging_mixin.py:188} INFO - [2024-03-04T10:00:12.627+0000] {dagbag.py:538} INFO - Filling up the DagBag from /home/airflow/.local/lib/python3.8/site-packages/airflow/example_dags/example_sensor_decorator.py
[2024-03-04T10:00:12.639+0000] {processor.py:840} INFO - DAG(s) 'example_sensor_decorator' retrieved from /home/airflow/.local/lib/python3.8/site-packages/airflow/example_dags/example_sensor_decorator.py
[2024-03-04T10:00:12.671+0000] {logging_mixin.py:188} INFO - [2024-03-04T10:00:12.670+0000] {dag.py:3036} INFO - Sync 1 DAGs
[2024-03-04T10:00:12.697+0000] {logging_mixin.py:188} INFO - [2024-03-04T10:00:12.697+0000] {dag.py:3823} INFO - Setting next_dagrun for example_sensor_decorator to None, run_after=None
[2024-03-04T10:00:12.743+0000] {processor.py:183} INFO - Processing /home/airflow/.local/lib/python3.8/site-packages/airflow/example_dags/example_sensor_decorator.py took 0.128 seconds
[2024-03-04T10:00:42.859+0000] {processor.py:161} INFO - Started process (PID=531) to work on /home/airflow/.local/lib/python3.8/site-packages/airflow/example_dags/example_sensor_decorator.py
[2024-03-04T10:00:42.861+0000] {processor.py:830} INFO - Processing file /home/airflow/.local/lib/python3.8/site-packages/airflow/example_dags/example_sensor_decorator.py for tasks to queue
[2024-03-04T10:00:42.863+0000] {logging_mixin.py:188} INFO - [2024-03-04T10:00:42.863+0000] {dagbag.py:538} INFO - Filling up the DagBag from /home/airflow/.local/lib/python3.8/site-packages/airflow/example_dags/example_sensor_decorator.py
[2024-03-04T10:00:42.872+0000] {processor.py:840} INFO - DAG(s) 'example_sensor_decorator' retrieved from /home/airflow/.local/lib/python3.8/site-packages/airflow/example_dags/example_sensor_decorator.py
[2024-03-04T10:00:42.897+0000] {logging_mixin.py:188} INFO - [2024-03-04T10:00:42.897+0000] {dag.py:3036} INFO - Sync 1 DAGs
[2024-03-04T10:00:42.912+0000] {logging_mixin.py:188} INFO - [2024-03-04T10:00:42.912+0000] {dag.py:3823} INFO - Setting next_dagrun for example_sensor_decorator to None, run_after=None
[2024-03-04T10:00:42.935+0000] {processor.py:183} INFO - Processing /home/airflow/.local/lib/python3.8/site-packages/airflow/example_dags/example_sensor_decorator.py took 0.082 seconds
[2024-03-04T10:01:13.593+0000] {processor.py:161} INFO - Started process (PID=588) to work on /home/airflow/.local/lib/python3.8/site-packages/airflow/example_dags/example_sensor_decorator.py
[2024-03-04T10:01:13.595+0000] {processor.py:830} INFO - Processing file /home/airflow/.local/lib/python3.8/site-packages/airflow/example_dags/example_sensor_decorator.py for tasks to queue
[2024-03-04T10:01:13.600+0000] {logging_mixin.py:188} INFO - [2024-03-04T10:01:13.599+0000] {dagbag.py:538} INFO - Filling up the DagBag from /home/airflow/.local/lib/python3.8/site-packages/airflow/example_dags/example_sensor_decorator.py
[2024-03-04T10:01:13.616+0000] {processor.py:840} INFO - DAG(s) 'example_sensor_decorator' retrieved from /home/airflow/.local/lib/python3.8/site-packages/airflow/example_dags/example_sensor_decorator.py
[2024-03-04T10:01:13.654+0000] {logging_mixin.py:188} INFO - [2024-03-04T10:01:13.654+0000] {dag.py:3036} INFO - Sync 1 DAGs
[2024-03-04T10:01:13.679+0000] {logging_mixin.py:188} INFO - [2024-03-04T10:01:13.678+0000] {dag.py:3823} INFO - Setting next_dagrun for example_sensor_decorator to None, run_after=None
[2024-03-04T10:01:13.712+0000] {processor.py:183} INFO - Processing /home/airflow/.local/lib/python3.8/site-packages/airflow/example_dags/example_sensor_decorator.py took 0.143 seconds
[2024-03-04T10:01:44.503+0000] {processor.py:161} INFO - Started process (PID=645) to work on /home/airflow/.local/lib/python3.8/site-packages/airflow/example_dags/example_sensor_decorator.py
[2024-03-04T10:01:44.504+0000] {processor.py:830} INFO - Processing file /home/airflow/.local/lib/python3.8/site-packages/airflow/example_dags/example_sensor_decorator.py for tasks to queue
[2024-03-04T10:01:44.507+0000] {logging_mixin.py:188} INFO - [2024-03-04T10:01:44.507+0000] {dagbag.py:538} INFO - Filling up the DagBag from /home/airflow/.local/lib/python3.8/site-packages/airflow/example_dags/example_sensor_decorator.py
[2024-03-04T10:01:44.516+0000] {processor.py:840} INFO - DAG(s) 'example_sensor_decorator' retrieved from /home/airflow/.local/lib/python3.8/site-packages/airflow/example_dags/example_sensor_decorator.py
[2024-03-04T10:01:44.540+0000] {logging_mixin.py:188} INFO - [2024-03-04T10:01:44.539+0000] {dag.py:3036} INFO - Sync 1 DAGs
[2024-03-04T10:01:44.556+0000] {logging_mixin.py:188} INFO - [2024-03-04T10:01:44.556+0000] {dag.py:3823} INFO - Setting next_dagrun for example_sensor_decorator to None, run_after=None
[2024-03-04T10:01:44.581+0000] {processor.py:183} INFO - Processing /home/airflow/.local/lib/python3.8/site-packages/airflow/example_dags/example_sensor_decorator.py took 0.085 seconds
[2024-03-04T10:05:01.555+0000] {processor.py:161} INFO - Started process (PID=61) to work on /home/airflow/.local/lib/python3.8/site-packages/airflow/example_dags/example_sensor_decorator.py
[2024-03-04T10:05:01.557+0000] {processor.py:830} INFO - Processing file /home/airflow/.local/lib/python3.8/site-packages/airflow/example_dags/example_sensor_decorator.py for tasks to queue
[2024-03-04T10:05:01.560+0000] {logging_mixin.py:188} INFO - [2024-03-04T10:05:01.560+0000] {dagbag.py:538} INFO - Filling up the DagBag from /home/airflow/.local/lib/python3.8/site-packages/airflow/example_dags/example_sensor_decorator.py
[2024-03-04T10:05:01.580+0000] {processor.py:840} INFO - DAG(s) 'example_sensor_decorator' retrieved from /home/airflow/.local/lib/python3.8/site-packages/airflow/example_dags/example_sensor_decorator.py
[2024-03-04T10:05:01.752+0000] {logging_mixin.py:188} INFO - [2024-03-04T10:05:01.752+0000] {dag.py:3036} INFO - Sync 1 DAGs
[2024-03-04T10:05:01.768+0000] {logging_mixin.py:188} INFO - [2024-03-04T10:05:01.768+0000] {dag.py:3823} INFO - Setting next_dagrun for example_sensor_decorator to None, run_after=None
[2024-03-04T10:05:01.814+0000] {processor.py:183} INFO - Processing /home/airflow/.local/lib/python3.8/site-packages/airflow/example_dags/example_sensor_decorator.py took 0.263 seconds
[2024-03-04T10:05:32.702+0000] {processor.py:161} INFO - Started process (PID=119) to work on /home/airflow/.local/lib/python3.8/site-packages/airflow/example_dags/example_sensor_decorator.py
[2024-03-04T10:05:32.704+0000] {processor.py:830} INFO - Processing file /home/airflow/.local/lib/python3.8/site-packages/airflow/example_dags/example_sensor_decorator.py for tasks to queue
[2024-03-04T10:05:32.708+0000] {logging_mixin.py:188} INFO - [2024-03-04T10:05:32.708+0000] {dagbag.py:538} INFO - Filling up the DagBag from /home/airflow/.local/lib/python3.8/site-packages/airflow/example_dags/example_sensor_decorator.py
[2024-03-04T10:05:32.718+0000] {processor.py:840} INFO - DAG(s) 'example_sensor_decorator' retrieved from /home/airflow/.local/lib/python3.8/site-packages/airflow/example_dags/example_sensor_decorator.py
[2024-03-04T10:05:32.770+0000] {logging_mixin.py:188} INFO - [2024-03-04T10:05:32.769+0000] {dag.py:3036} INFO - Sync 1 DAGs
[2024-03-04T10:05:32.803+0000] {logging_mixin.py:188} INFO - [2024-03-04T10:05:32.802+0000] {dag.py:3823} INFO - Setting next_dagrun for example_sensor_decorator to None, run_after=None
[2024-03-04T10:05:32.865+0000] {processor.py:183} INFO - Processing /home/airflow/.local/lib/python3.8/site-packages/airflow/example_dags/example_sensor_decorator.py took 0.170 seconds
[2024-03-04T10:11:55.564+0000] {processor.py:161} INFO - Started process (PID=61) to work on /home/airflow/.local/lib/python3.8/site-packages/airflow/example_dags/example_sensor_decorator.py
[2024-03-04T10:11:55.566+0000] {processor.py:830} INFO - Processing file /home/airflow/.local/lib/python3.8/site-packages/airflow/example_dags/example_sensor_decorator.py for tasks to queue
[2024-03-04T10:11:55.569+0000] {logging_mixin.py:188} INFO - [2024-03-04T10:11:55.568+0000] {dagbag.py:538} INFO - Filling up the DagBag from /home/airflow/.local/lib/python3.8/site-packages/airflow/example_dags/example_sensor_decorator.py
[2024-03-04T10:11:55.582+0000] {processor.py:840} INFO - DAG(s) 'example_sensor_decorator' retrieved from /home/airflow/.local/lib/python3.8/site-packages/airflow/example_dags/example_sensor_decorator.py
[2024-03-04T10:11:55.765+0000] {logging_mixin.py:188} INFO - [2024-03-04T10:11:55.765+0000] {dag.py:3036} INFO - Sync 1 DAGs
[2024-03-04T10:11:55.780+0000] {logging_mixin.py:188} INFO - [2024-03-04T10:11:55.780+0000] {dag.py:3823} INFO - Setting next_dagrun for example_sensor_decorator to None, run_after=None
[2024-03-04T10:11:55.811+0000] {processor.py:183} INFO - Processing /home/airflow/.local/lib/python3.8/site-packages/airflow/example_dags/example_sensor_decorator.py took 0.253 seconds
[2024-03-04T10:12:25.993+0000] {processor.py:161} INFO - Started process (PID=118) to work on /home/airflow/.local/lib/python3.8/site-packages/airflow/example_dags/example_sensor_decorator.py
[2024-03-04T10:12:25.994+0000] {processor.py:830} INFO - Processing file /home/airflow/.local/lib/python3.8/site-packages/airflow/example_dags/example_sensor_decorator.py for tasks to queue
[2024-03-04T10:12:25.997+0000] {logging_mixin.py:188} INFO - [2024-03-04T10:12:25.997+0000] {dagbag.py:538} INFO - Filling up the DagBag from /home/airflow/.local/lib/python3.8/site-packages/airflow/example_dags/example_sensor_decorator.py
[2024-03-04T10:12:26.005+0000] {processor.py:840} INFO - DAG(s) 'example_sensor_decorator' retrieved from /home/airflow/.local/lib/python3.8/site-packages/airflow/example_dags/example_sensor_decorator.py
[2024-03-04T10:12:26.039+0000] {logging_mixin.py:188} INFO - [2024-03-04T10:12:26.038+0000] {dag.py:3036} INFO - Sync 1 DAGs
[2024-03-04T10:12:26.062+0000] {logging_mixin.py:188} INFO - [2024-03-04T10:12:26.061+0000] {dag.py:3823} INFO - Setting next_dagrun for example_sensor_decorator to None, run_after=None
[2024-03-04T10:12:26.094+0000] {processor.py:183} INFO - Processing /home/airflow/.local/lib/python3.8/site-packages/airflow/example_dags/example_sensor_decorator.py took 0.106 seconds
[2024-03-04T10:12:56.642+0000] {processor.py:161} INFO - Started process (PID=175) to work on /home/airflow/.local/lib/python3.8/site-packages/airflow/example_dags/example_sensor_decorator.py
[2024-03-04T10:12:56.644+0000] {processor.py:830} INFO - Processing file /home/airflow/.local/lib/python3.8/site-packages/airflow/example_dags/example_sensor_decorator.py for tasks to queue
[2024-03-04T10:12:56.647+0000] {logging_mixin.py:188} INFO - [2024-03-04T10:12:56.646+0000] {dagbag.py:538} INFO - Filling up the DagBag from /home/airflow/.local/lib/python3.8/site-packages/airflow/example_dags/example_sensor_decorator.py
[2024-03-04T10:12:56.654+0000] {processor.py:840} INFO - DAG(s) 'example_sensor_decorator' retrieved from /home/airflow/.local/lib/python3.8/site-packages/airflow/example_dags/example_sensor_decorator.py
[2024-03-04T10:12:56.681+0000] {logging_mixin.py:188} INFO - [2024-03-04T10:12:56.681+0000] {dag.py:3036} INFO - Sync 1 DAGs
[2024-03-04T10:12:56.698+0000] {logging_mixin.py:188} INFO - [2024-03-04T10:12:56.698+0000] {dag.py:3823} INFO - Setting next_dagrun for example_sensor_decorator to None, run_after=None
[2024-03-04T10:12:56.724+0000] {processor.py:183} INFO - Processing /home/airflow/.local/lib/python3.8/site-packages/airflow/example_dags/example_sensor_decorator.py took 0.086 seconds
[2024-03-04T10:15:44.155+0000] {processor.py:161} INFO - Started process (PID=61) to work on /home/airflow/.local/lib/python3.8/site-packages/airflow/example_dags/example_sensor_decorator.py
[2024-03-04T10:15:44.156+0000] {processor.py:830} INFO - Processing file /home/airflow/.local/lib/python3.8/site-packages/airflow/example_dags/example_sensor_decorator.py for tasks to queue
[2024-03-04T10:15:44.160+0000] {logging_mixin.py:188} INFO - [2024-03-04T10:15:44.160+0000] {dagbag.py:538} INFO - Filling up the DagBag from /home/airflow/.local/lib/python3.8/site-packages/airflow/example_dags/example_sensor_decorator.py
[2024-03-04T10:15:44.175+0000] {processor.py:840} INFO - DAG(s) 'example_sensor_decorator' retrieved from /home/airflow/.local/lib/python3.8/site-packages/airflow/example_dags/example_sensor_decorator.py
[2024-03-04T10:15:44.316+0000] {logging_mixin.py:188} INFO - [2024-03-04T10:15:44.315+0000] {dag.py:3036} INFO - Sync 1 DAGs
[2024-03-04T10:15:44.330+0000] {logging_mixin.py:188} INFO - [2024-03-04T10:15:44.330+0000] {dag.py:3823} INFO - Setting next_dagrun for example_sensor_decorator to None, run_after=None
[2024-03-04T10:15:44.363+0000] {processor.py:183} INFO - Processing /home/airflow/.local/lib/python3.8/site-packages/airflow/example_dags/example_sensor_decorator.py took 0.214 seconds
[2024-03-04T10:16:14.592+0000] {processor.py:161} INFO - Started process (PID=118) to work on /home/airflow/.local/lib/python3.8/site-packages/airflow/example_dags/example_sensor_decorator.py
[2024-03-04T10:16:14.594+0000] {processor.py:830} INFO - Processing file /home/airflow/.local/lib/python3.8/site-packages/airflow/example_dags/example_sensor_decorator.py for tasks to queue
[2024-03-04T10:16:14.598+0000] {logging_mixin.py:188} INFO - [2024-03-04T10:16:14.597+0000] {dagbag.py:538} INFO - Filling up the DagBag from /home/airflow/.local/lib/python3.8/site-packages/airflow/example_dags/example_sensor_decorator.py
[2024-03-04T10:16:14.609+0000] {processor.py:840} INFO - DAG(s) 'example_sensor_decorator' retrieved from /home/airflow/.local/lib/python3.8/site-packages/airflow/example_dags/example_sensor_decorator.py
[2024-03-04T10:16:14.642+0000] {logging_mixin.py:188} INFO - [2024-03-04T10:16:14.641+0000] {dag.py:3036} INFO - Sync 1 DAGs
[2024-03-04T10:16:14.658+0000] {logging_mixin.py:188} INFO - [2024-03-04T10:16:14.658+0000] {dag.py:3823} INFO - Setting next_dagrun for example_sensor_decorator to None, run_after=None
[2024-03-04T10:16:14.683+0000] {processor.py:183} INFO - Processing /home/airflow/.local/lib/python3.8/site-packages/airflow/example_dags/example_sensor_decorator.py took 0.095 seconds
[2024-03-04T10:16:45.017+0000] {processor.py:161} INFO - Started process (PID=175) to work on /home/airflow/.local/lib/python3.8/site-packages/airflow/example_dags/example_sensor_decorator.py
[2024-03-04T10:16:45.019+0000] {processor.py:830} INFO - Processing file /home/airflow/.local/lib/python3.8/site-packages/airflow/example_dags/example_sensor_decorator.py for tasks to queue
[2024-03-04T10:16:45.021+0000] {logging_mixin.py:188} INFO - [2024-03-04T10:16:45.020+0000] {dagbag.py:538} INFO - Filling up the DagBag from /home/airflow/.local/lib/python3.8/site-packages/airflow/example_dags/example_sensor_decorator.py
[2024-03-04T10:16:45.028+0000] {processor.py:840} INFO - DAG(s) 'example_sensor_decorator' retrieved from /home/airflow/.local/lib/python3.8/site-packages/airflow/example_dags/example_sensor_decorator.py
[2024-03-04T10:16:45.053+0000] {logging_mixin.py:188} INFO - [2024-03-04T10:16:45.053+0000] {dag.py:3036} INFO - Sync 1 DAGs
[2024-03-04T10:16:45.069+0000] {logging_mixin.py:188} INFO - [2024-03-04T10:16:45.069+0000] {dag.py:3823} INFO - Setting next_dagrun for example_sensor_decorator to None, run_after=None
[2024-03-04T10:16:45.095+0000] {processor.py:183} INFO - Processing /home/airflow/.local/lib/python3.8/site-packages/airflow/example_dags/example_sensor_decorator.py took 0.083 seconds
