[2024-03-04T09:52:11.187+0000] {processor.py:161} INFO - Started process (PID=49) to work on /home/airflow/.local/lib/python3.8/site-packages/airflow/example_dags/example_short_circuit_decorator.py
[2024-03-04T09:52:11.190+0000] {processor.py:830} INFO - Processing file /home/airflow/.local/lib/python3.8/site-packages/airflow/example_dags/example_short_circuit_decorator.py for tasks to queue
[2024-03-04T09:52:11.194+0000] {logging_mixin.py:188} INFO - [2024-03-04T09:52:11.193+0000] {dagbag.py:538} INFO - Filling up the DagBag from /home/airflow/.local/lib/python3.8/site-packages/airflow/example_dags/example_short_circuit_decorator.py
[2024-03-04T09:52:11.227+0000] {processor.py:840} INFO - DAG(s) 'example_short_circuit_decorator' retrieved from /home/airflow/.local/lib/python3.8/site-packages/airflow/example_dags/example_short_circuit_decorator.py
[2024-03-04T09:52:11.509+0000] {logging_mixin.py:188} INFO - [2024-03-04T09:52:11.507+0000] {override.py:1769} INFO - Created Permission View: can read on DAG:example_short_circuit_decorator
[2024-03-04T09:52:11.539+0000] {logging_mixin.py:188} INFO - [2024-03-04T09:52:11.539+0000] {override.py:1769} INFO - Created Permission View: can delete on DAG:example_short_circuit_decorator
[2024-03-04T09:52:11.556+0000] {logging_mixin.py:188} INFO - [2024-03-04T09:52:11.555+0000] {override.py:1769} INFO - Created Permission View: can edit on DAG:example_short_circuit_decorator
[2024-03-04T09:52:11.557+0000] {logging_mixin.py:188} INFO - [2024-03-04T09:52:11.556+0000] {dag.py:3036} INFO - Sync 1 DAGs
[2024-03-04T09:52:11.582+0000] {logging_mixin.py:188} INFO - [2024-03-04T09:52:11.581+0000] {dag.py:3058} INFO - Creating ORM DAG for example_short_circuit_decorator
[2024-03-04T09:52:11.611+0000] {logging_mixin.py:188} INFO - [2024-03-04T09:52:11.611+0000] {dag.py:3823} INFO - Setting next_dagrun for example_short_circuit_decorator to 2024-03-03 00:00:00+00:00, run_after=2024-03-04 00:00:00+00:00
[2024-03-04T09:52:11.656+0000] {processor.py:183} INFO - Processing /home/airflow/.local/lib/python3.8/site-packages/airflow/example_dags/example_short_circuit_decorator.py took 0.475 seconds
[2024-03-04T09:52:41.922+0000] {processor.py:161} INFO - Started process (PID=106) to work on /home/airflow/.local/lib/python3.8/site-packages/airflow/example_dags/example_short_circuit_decorator.py
[2024-03-04T09:52:41.924+0000] {processor.py:830} INFO - Processing file /home/airflow/.local/lib/python3.8/site-packages/airflow/example_dags/example_short_circuit_decorator.py for tasks to queue
[2024-03-04T09:52:41.927+0000] {logging_mixin.py:188} INFO - [2024-03-04T09:52:41.927+0000] {dagbag.py:538} INFO - Filling up the DagBag from /home/airflow/.local/lib/python3.8/site-packages/airflow/example_dags/example_short_circuit_decorator.py
[2024-03-04T09:52:41.954+0000] {processor.py:840} INFO - DAG(s) 'example_short_circuit_decorator' retrieved from /home/airflow/.local/lib/python3.8/site-packages/airflow/example_dags/example_short_circuit_decorator.py
[2024-03-04T09:52:42.007+0000] {logging_mixin.py:188} INFO - [2024-03-04T09:52:42.006+0000] {dag.py:3036} INFO - Sync 1 DAGs
[2024-03-04T09:52:42.065+0000] {logging_mixin.py:188} INFO - [2024-03-04T09:52:42.065+0000] {dag.py:3823} INFO - Setting next_dagrun for example_short_circuit_decorator to 2024-03-03 00:00:00+00:00, run_after=2024-03-04 00:00:00+00:00
[2024-03-04T09:52:42.127+0000] {processor.py:183} INFO - Processing /home/airflow/.local/lib/python3.8/site-packages/airflow/example_dags/example_short_circuit_decorator.py took 0.214 seconds
[2024-03-04T09:53:12.612+0000] {processor.py:161} INFO - Started process (PID=162) to work on /home/airflow/.local/lib/python3.8/site-packages/airflow/example_dags/example_short_circuit_decorator.py
[2024-03-04T09:53:12.613+0000] {processor.py:830} INFO - Processing file /home/airflow/.local/lib/python3.8/site-packages/airflow/example_dags/example_short_circuit_decorator.py for tasks to queue
[2024-03-04T09:53:12.617+0000] {logging_mixin.py:188} INFO - [2024-03-04T09:53:12.616+0000] {dagbag.py:538} INFO - Filling up the DagBag from /home/airflow/.local/lib/python3.8/site-packages/airflow/example_dags/example_short_circuit_decorator.py
[2024-03-04T09:53:12.639+0000] {processor.py:840} INFO - DAG(s) 'example_short_circuit_decorator' retrieved from /home/airflow/.local/lib/python3.8/site-packages/airflow/example_dags/example_short_circuit_decorator.py
[2024-03-04T09:53:12.700+0000] {logging_mixin.py:188} INFO - [2024-03-04T09:53:12.698+0000] {dag.py:3036} INFO - Sync 1 DAGs
[2024-03-04T09:53:12.774+0000] {logging_mixin.py:188} INFO - [2024-03-04T09:53:12.773+0000] {dag.py:3823} INFO - Setting next_dagrun for example_short_circuit_decorator to 2024-03-03 00:00:00+00:00, run_after=2024-03-04 00:00:00+00:00
[2024-03-04T09:53:12.840+0000] {processor.py:183} INFO - Processing /home/airflow/.local/lib/python3.8/site-packages/airflow/example_dags/example_short_circuit_decorator.py took 0.235 seconds
[2024-03-04T09:53:42.985+0000] {processor.py:161} INFO - Started process (PID=219) to work on /home/airflow/.local/lib/python3.8/site-packages/airflow/example_dags/example_short_circuit_decorator.py
[2024-03-04T09:53:42.987+0000] {processor.py:830} INFO - Processing file /home/airflow/.local/lib/python3.8/site-packages/airflow/example_dags/example_short_circuit_decorator.py for tasks to queue
[2024-03-04T09:53:42.991+0000] {logging_mixin.py:188} INFO - [2024-03-04T09:53:42.990+0000] {dagbag.py:538} INFO - Filling up the DagBag from /home/airflow/.local/lib/python3.8/site-packages/airflow/example_dags/example_short_circuit_decorator.py
[2024-03-04T09:53:43.010+0000] {processor.py:840} INFO - DAG(s) 'example_short_circuit_decorator' retrieved from /home/airflow/.local/lib/python3.8/site-packages/airflow/example_dags/example_short_circuit_decorator.py
[2024-03-04T09:53:43.062+0000] {logging_mixin.py:188} INFO - [2024-03-04T09:53:43.062+0000] {dag.py:3036} INFO - Sync 1 DAGs
[2024-03-04T09:53:43.109+0000] {logging_mixin.py:188} INFO - [2024-03-04T09:53:43.109+0000] {dag.py:3823} INFO - Setting next_dagrun for example_short_circuit_decorator to 2024-03-03 00:00:00+00:00, run_after=2024-03-04 00:00:00+00:00
[2024-03-04T09:53:43.150+0000] {processor.py:183} INFO - Processing /home/airflow/.local/lib/python3.8/site-packages/airflow/example_dags/example_short_circuit_decorator.py took 0.171 seconds
[2024-03-04T09:56:31.863+0000] {processor.py:161} INFO - Started process (PID=43) to work on /home/airflow/.local/lib/python3.8/site-packages/airflow/example_dags/example_short_circuit_decorator.py
[2024-03-04T09:56:31.865+0000] {processor.py:830} INFO - Processing file /home/airflow/.local/lib/python3.8/site-packages/airflow/example_dags/example_short_circuit_decorator.py for tasks to queue
[2024-03-04T09:56:31.868+0000] {logging_mixin.py:188} INFO - [2024-03-04T09:56:31.868+0000] {dagbag.py:538} INFO - Filling up the DagBag from /home/airflow/.local/lib/python3.8/site-packages/airflow/example_dags/example_short_circuit_decorator.py
[2024-03-04T09:56:31.892+0000] {processor.py:840} INFO - DAG(s) 'example_short_circuit_decorator' retrieved from /home/airflow/.local/lib/python3.8/site-packages/airflow/example_dags/example_short_circuit_decorator.py
[2024-03-04T09:56:32.064+0000] {logging_mixin.py:188} INFO - [2024-03-04T09:56:32.064+0000] {dag.py:3036} INFO - Sync 1 DAGs
[2024-03-04T09:56:32.096+0000] {logging_mixin.py:188} INFO - [2024-03-04T09:56:32.096+0000] {dag.py:3823} INFO - Setting next_dagrun for example_short_circuit_decorator to 2024-03-03 00:00:00+00:00, run_after=2024-03-04 00:00:00+00:00
[2024-03-04T09:56:32.129+0000] {processor.py:183} INFO - Processing /home/airflow/.local/lib/python3.8/site-packages/airflow/example_dags/example_short_circuit_decorator.py took 0.270 seconds
[2024-03-04T09:57:03.065+0000] {processor.py:161} INFO - Started process (PID=98) to work on /home/airflow/.local/lib/python3.8/site-packages/airflow/example_dags/example_short_circuit_decorator.py
[2024-03-04T09:57:03.067+0000] {processor.py:830} INFO - Processing file /home/airflow/.local/lib/python3.8/site-packages/airflow/example_dags/example_short_circuit_decorator.py for tasks to queue
[2024-03-04T09:57:03.070+0000] {logging_mixin.py:188} INFO - [2024-03-04T09:57:03.069+0000] {dagbag.py:538} INFO - Filling up the DagBag from /home/airflow/.local/lib/python3.8/site-packages/airflow/example_dags/example_short_circuit_decorator.py
[2024-03-04T09:57:03.084+0000] {processor.py:840} INFO - DAG(s) 'example_short_circuit_decorator' retrieved from /home/airflow/.local/lib/python3.8/site-packages/airflow/example_dags/example_short_circuit_decorator.py
[2024-03-04T09:57:03.124+0000] {logging_mixin.py:188} INFO - [2024-03-04T09:57:03.123+0000] {dag.py:3036} INFO - Sync 1 DAGs
[2024-03-04T09:57:03.154+0000] {logging_mixin.py:188} INFO - [2024-03-04T09:57:03.154+0000] {dag.py:3823} INFO - Setting next_dagrun for example_short_circuit_decorator to 2024-03-03 00:00:00+00:00, run_after=2024-03-04 00:00:00+00:00
[2024-03-04T09:57:03.232+0000] {processor.py:183} INFO - Processing /home/airflow/.local/lib/python3.8/site-packages/airflow/example_dags/example_short_circuit_decorator.py took 0.171 seconds
[2024-03-04T09:57:33.590+0000] {processor.py:161} INFO - Started process (PID=155) to work on /home/airflow/.local/lib/python3.8/site-packages/airflow/example_dags/example_short_circuit_decorator.py
[2024-03-04T09:57:33.591+0000] {processor.py:830} INFO - Processing file /home/airflow/.local/lib/python3.8/site-packages/airflow/example_dags/example_short_circuit_decorator.py for tasks to queue
[2024-03-04T09:57:33.594+0000] {logging_mixin.py:188} INFO - [2024-03-04T09:57:33.594+0000] {dagbag.py:538} INFO - Filling up the DagBag from /home/airflow/.local/lib/python3.8/site-packages/airflow/example_dags/example_short_circuit_decorator.py
[2024-03-04T09:57:33.607+0000] {processor.py:840} INFO - DAG(s) 'example_short_circuit_decorator' retrieved from /home/airflow/.local/lib/python3.8/site-packages/airflow/example_dags/example_short_circuit_decorator.py
[2024-03-04T09:57:33.641+0000] {logging_mixin.py:188} INFO - [2024-03-04T09:57:33.640+0000] {dag.py:3036} INFO - Sync 1 DAGs
[2024-03-04T09:57:33.670+0000] {logging_mixin.py:188} INFO - [2024-03-04T09:57:33.670+0000] {dag.py:3823} INFO - Setting next_dagrun for example_short_circuit_decorator to 2024-03-03 00:00:00+00:00, run_after=2024-03-04 00:00:00+00:00
[2024-03-04T09:57:33.726+0000] {processor.py:183} INFO - Processing /home/airflow/.local/lib/python3.8/site-packages/airflow/example_dags/example_short_circuit_decorator.py took 0.141 seconds
[2024-03-04T09:58:03.912+0000] {processor.py:161} INFO - Started process (PID=212) to work on /home/airflow/.local/lib/python3.8/site-packages/airflow/example_dags/example_short_circuit_decorator.py
[2024-03-04T09:58:03.914+0000] {processor.py:830} INFO - Processing file /home/airflow/.local/lib/python3.8/site-packages/airflow/example_dags/example_short_circuit_decorator.py for tasks to queue
[2024-03-04T09:58:03.916+0000] {logging_mixin.py:188} INFO - [2024-03-04T09:58:03.916+0000] {dagbag.py:538} INFO - Filling up the DagBag from /home/airflow/.local/lib/python3.8/site-packages/airflow/example_dags/example_short_circuit_decorator.py
[2024-03-04T09:58:03.938+0000] {processor.py:840} INFO - DAG(s) 'example_short_circuit_decorator' retrieved from /home/airflow/.local/lib/python3.8/site-packages/airflow/example_dags/example_short_circuit_decorator.py
[2024-03-04T09:58:03.982+0000] {logging_mixin.py:188} INFO - [2024-03-04T09:58:03.981+0000] {dag.py:3036} INFO - Sync 1 DAGs
[2024-03-04T09:58:04.035+0000] {logging_mixin.py:188} INFO - [2024-03-04T09:58:04.035+0000] {dag.py:3823} INFO - Setting next_dagrun for example_short_circuit_decorator to 2024-03-03 00:00:00+00:00, run_after=2024-03-04 00:00:00+00:00
[2024-03-04T09:58:04.103+0000] {processor.py:183} INFO - Processing /home/airflow/.local/lib/python3.8/site-packages/airflow/example_dags/example_short_circuit_decorator.py took 0.196 seconds
[2024-03-04T09:58:34.318+0000] {processor.py:161} INFO - Started process (PID=273) to work on /home/airflow/.local/lib/python3.8/site-packages/airflow/example_dags/example_short_circuit_decorator.py
[2024-03-04T09:58:34.319+0000] {processor.py:830} INFO - Processing file /home/airflow/.local/lib/python3.8/site-packages/airflow/example_dags/example_short_circuit_decorator.py for tasks to queue
[2024-03-04T09:58:34.323+0000] {logging_mixin.py:188} INFO - [2024-03-04T09:58:34.323+0000] {dagbag.py:538} INFO - Filling up the DagBag from /home/airflow/.local/lib/python3.8/site-packages/airflow/example_dags/example_short_circuit_decorator.py
[2024-03-04T09:58:34.335+0000] {processor.py:840} INFO - DAG(s) 'example_short_circuit_decorator' retrieved from /home/airflow/.local/lib/python3.8/site-packages/airflow/example_dags/example_short_circuit_decorator.py
[2024-03-04T09:58:34.368+0000] {logging_mixin.py:188} INFO - [2024-03-04T09:58:34.367+0000] {dag.py:3036} INFO - Sync 1 DAGs
[2024-03-04T09:58:34.401+0000] {logging_mixin.py:188} INFO - [2024-03-04T09:58:34.401+0000] {dag.py:3823} INFO - Setting next_dagrun for example_short_circuit_decorator to 2024-03-03 00:00:00+00:00, run_after=2024-03-04 00:00:00+00:00
[2024-03-04T09:58:34.429+0000] {processor.py:183} INFO - Processing /home/airflow/.local/lib/python3.8/site-packages/airflow/example_dags/example_short_circuit_decorator.py took 0.115 seconds
[2024-03-04T09:59:04.837+0000] {processor.py:161} INFO - Started process (PID=331) to work on /home/airflow/.local/lib/python3.8/site-packages/airflow/example_dags/example_short_circuit_decorator.py
[2024-03-04T09:59:04.838+0000] {processor.py:830} INFO - Processing file /home/airflow/.local/lib/python3.8/site-packages/airflow/example_dags/example_short_circuit_decorator.py for tasks to queue
[2024-03-04T09:59:04.841+0000] {logging_mixin.py:188} INFO - [2024-03-04T09:59:04.841+0000] {dagbag.py:538} INFO - Filling up the DagBag from /home/airflow/.local/lib/python3.8/site-packages/airflow/example_dags/example_short_circuit_decorator.py
[2024-03-04T09:59:04.854+0000] {processor.py:840} INFO - DAG(s) 'example_short_circuit_decorator' retrieved from /home/airflow/.local/lib/python3.8/site-packages/airflow/example_dags/example_short_circuit_decorator.py
[2024-03-04T09:59:04.899+0000] {logging_mixin.py:188} INFO - [2024-03-04T09:59:04.898+0000] {dag.py:3036} INFO - Sync 1 DAGs
[2024-03-04T09:59:04.939+0000] {logging_mixin.py:188} INFO - [2024-03-04T09:59:04.939+0000] {dag.py:3823} INFO - Setting next_dagrun for example_short_circuit_decorator to 2024-03-03 00:00:00+00:00, run_after=2024-03-04 00:00:00+00:00
[2024-03-04T09:59:04.979+0000] {processor.py:183} INFO - Processing /home/airflow/.local/lib/python3.8/site-packages/airflow/example_dags/example_short_circuit_decorator.py took 0.147 seconds
[2024-03-04T09:59:35.149+0000] {processor.py:161} INFO - Started process (PID=388) to work on /home/airflow/.local/lib/python3.8/site-packages/airflow/example_dags/example_short_circuit_decorator.py
[2024-03-04T09:59:35.150+0000] {processor.py:830} INFO - Processing file /home/airflow/.local/lib/python3.8/site-packages/airflow/example_dags/example_short_circuit_decorator.py for tasks to queue
[2024-03-04T09:59:35.153+0000] {logging_mixin.py:188} INFO - [2024-03-04T09:59:35.152+0000] {dagbag.py:538} INFO - Filling up the DagBag from /home/airflow/.local/lib/python3.8/site-packages/airflow/example_dags/example_short_circuit_decorator.py
[2024-03-04T09:59:35.166+0000] {processor.py:840} INFO - DAG(s) 'example_short_circuit_decorator' retrieved from /home/airflow/.local/lib/python3.8/site-packages/airflow/example_dags/example_short_circuit_decorator.py
[2024-03-04T09:59:35.216+0000] {logging_mixin.py:188} INFO - [2024-03-04T09:59:35.216+0000] {dag.py:3036} INFO - Sync 1 DAGs
[2024-03-04T09:59:35.272+0000] {logging_mixin.py:188} INFO - [2024-03-04T09:59:35.271+0000] {dag.py:3823} INFO - Setting next_dagrun for example_short_circuit_decorator to 2024-03-03 00:00:00+00:00, run_after=2024-03-04 00:00:00+00:00
[2024-03-04T09:59:35.318+0000] {processor.py:183} INFO - Processing /home/airflow/.local/lib/python3.8/site-packages/airflow/example_dags/example_short_circuit_decorator.py took 0.173 seconds
[2024-03-04T10:00:05.645+0000] {processor.py:161} INFO - Started process (PID=445) to work on /home/airflow/.local/lib/python3.8/site-packages/airflow/example_dags/example_short_circuit_decorator.py
[2024-03-04T10:00:05.647+0000] {processor.py:830} INFO - Processing file /home/airflow/.local/lib/python3.8/site-packages/airflow/example_dags/example_short_circuit_decorator.py for tasks to queue
[2024-03-04T10:00:05.652+0000] {logging_mixin.py:188} INFO - [2024-03-04T10:00:05.651+0000] {dagbag.py:538} INFO - Filling up the DagBag from /home/airflow/.local/lib/python3.8/site-packages/airflow/example_dags/example_short_circuit_decorator.py
[2024-03-04T10:00:05.674+0000] {processor.py:840} INFO - DAG(s) 'example_short_circuit_decorator' retrieved from /home/airflow/.local/lib/python3.8/site-packages/airflow/example_dags/example_short_circuit_decorator.py
[2024-03-04T10:00:05.716+0000] {logging_mixin.py:188} INFO - [2024-03-04T10:00:05.715+0000] {dag.py:3036} INFO - Sync 1 DAGs
[2024-03-04T10:00:05.758+0000] {logging_mixin.py:188} INFO - [2024-03-04T10:00:05.758+0000] {dag.py:3823} INFO - Setting next_dagrun for example_short_circuit_decorator to 2024-03-03 00:00:00+00:00, run_after=2024-03-04 00:00:00+00:00
[2024-03-04T10:00:05.820+0000] {processor.py:183} INFO - Processing /home/airflow/.local/lib/python3.8/site-packages/airflow/example_dags/example_short_circuit_decorator.py took 0.181 seconds
[2024-03-04T10:00:36.248+0000] {processor.py:161} INFO - Started process (PID=512) to work on /home/airflow/.local/lib/python3.8/site-packages/airflow/example_dags/example_short_circuit_decorator.py
[2024-03-04T10:00:36.250+0000] {processor.py:830} INFO - Processing file /home/airflow/.local/lib/python3.8/site-packages/airflow/example_dags/example_short_circuit_decorator.py for tasks to queue
[2024-03-04T10:00:36.254+0000] {logging_mixin.py:188} INFO - [2024-03-04T10:00:36.254+0000] {dagbag.py:538} INFO - Filling up the DagBag from /home/airflow/.local/lib/python3.8/site-packages/airflow/example_dags/example_short_circuit_decorator.py
[2024-03-04T10:00:36.275+0000] {processor.py:840} INFO - DAG(s) 'example_short_circuit_decorator' retrieved from /home/airflow/.local/lib/python3.8/site-packages/airflow/example_dags/example_short_circuit_decorator.py
[2024-03-04T10:00:36.317+0000] {logging_mixin.py:188} INFO - [2024-03-04T10:00:36.316+0000] {dag.py:3036} INFO - Sync 1 DAGs
[2024-03-04T10:00:36.353+0000] {logging_mixin.py:188} INFO - [2024-03-04T10:00:36.352+0000] {dag.py:3823} INFO - Setting next_dagrun for example_short_circuit_decorator to 2024-03-03 00:00:00+00:00, run_after=2024-03-04 00:00:00+00:00
[2024-03-04T10:00:36.391+0000] {processor.py:183} INFO - Processing /home/airflow/.local/lib/python3.8/site-packages/airflow/example_dags/example_short_circuit_decorator.py took 0.149 seconds
[2024-03-04T10:01:06.564+0000] {processor.py:161} INFO - Started process (PID=569) to work on /home/airflow/.local/lib/python3.8/site-packages/airflow/example_dags/example_short_circuit_decorator.py
[2024-03-04T10:01:06.566+0000] {processor.py:830} INFO - Processing file /home/airflow/.local/lib/python3.8/site-packages/airflow/example_dags/example_short_circuit_decorator.py for tasks to queue
[2024-03-04T10:01:06.571+0000] {logging_mixin.py:188} INFO - [2024-03-04T10:01:06.570+0000] {dagbag.py:538} INFO - Filling up the DagBag from /home/airflow/.local/lib/python3.8/site-packages/airflow/example_dags/example_short_circuit_decorator.py
[2024-03-04T10:01:06.593+0000] {processor.py:840} INFO - DAG(s) 'example_short_circuit_decorator' retrieved from /home/airflow/.local/lib/python3.8/site-packages/airflow/example_dags/example_short_circuit_decorator.py
[2024-03-04T10:01:06.636+0000] {logging_mixin.py:188} INFO - [2024-03-04T10:01:06.636+0000] {dag.py:3036} INFO - Sync 1 DAGs
[2024-03-04T10:01:06.671+0000] {logging_mixin.py:188} INFO - [2024-03-04T10:01:06.671+0000] {dag.py:3823} INFO - Setting next_dagrun for example_short_circuit_decorator to 2024-03-03 00:00:00+00:00, run_after=2024-03-04 00:00:00+00:00
[2024-03-04T10:01:06.700+0000] {processor.py:183} INFO - Processing /home/airflow/.local/lib/python3.8/site-packages/airflow/example_dags/example_short_circuit_decorator.py took 0.143 seconds
[2024-03-04T10:01:36.888+0000] {processor.py:161} INFO - Started process (PID=626) to work on /home/airflow/.local/lib/python3.8/site-packages/airflow/example_dags/example_short_circuit_decorator.py
[2024-03-04T10:01:36.890+0000] {processor.py:830} INFO - Processing file /home/airflow/.local/lib/python3.8/site-packages/airflow/example_dags/example_short_circuit_decorator.py for tasks to queue
[2024-03-04T10:01:36.892+0000] {logging_mixin.py:188} INFO - [2024-03-04T10:01:36.892+0000] {dagbag.py:538} INFO - Filling up the DagBag from /home/airflow/.local/lib/python3.8/site-packages/airflow/example_dags/example_short_circuit_decorator.py
[2024-03-04T10:01:36.905+0000] {processor.py:840} INFO - DAG(s) 'example_short_circuit_decorator' retrieved from /home/airflow/.local/lib/python3.8/site-packages/airflow/example_dags/example_short_circuit_decorator.py
[2024-03-04T10:01:36.946+0000] {logging_mixin.py:188} INFO - [2024-03-04T10:01:36.946+0000] {dag.py:3036} INFO - Sync 1 DAGs
[2024-03-04T10:01:36.975+0000] {logging_mixin.py:188} INFO - [2024-03-04T10:01:36.975+0000] {dag.py:3823} INFO - Setting next_dagrun for example_short_circuit_decorator to 2024-03-03 00:00:00+00:00, run_after=2024-03-04 00:00:00+00:00
[2024-03-04T10:01:37.002+0000] {processor.py:183} INFO - Processing /home/airflow/.local/lib/python3.8/site-packages/airflow/example_dags/example_short_circuit_decorator.py took 0.119 seconds
[2024-03-04T10:04:57.284+0000] {processor.py:161} INFO - Started process (PID=42) to work on /home/airflow/.local/lib/python3.8/site-packages/airflow/example_dags/example_short_circuit_decorator.py
[2024-03-04T10:04:57.286+0000] {processor.py:830} INFO - Processing file /home/airflow/.local/lib/python3.8/site-packages/airflow/example_dags/example_short_circuit_decorator.py for tasks to queue
[2024-03-04T10:04:57.289+0000] {logging_mixin.py:188} INFO - [2024-03-04T10:04:57.288+0000] {dagbag.py:538} INFO - Filling up the DagBag from /home/airflow/.local/lib/python3.8/site-packages/airflow/example_dags/example_short_circuit_decorator.py
[2024-03-04T10:04:57.304+0000] {processor.py:840} INFO - DAG(s) 'example_short_circuit_decorator' retrieved from /home/airflow/.local/lib/python3.8/site-packages/airflow/example_dags/example_short_circuit_decorator.py
[2024-03-04T10:04:57.520+0000] {logging_mixin.py:188} INFO - [2024-03-04T10:04:57.520+0000] {dag.py:3036} INFO - Sync 1 DAGs
[2024-03-04T10:04:57.559+0000] {logging_mixin.py:188} INFO - [2024-03-04T10:04:57.558+0000] {dag.py:3823} INFO - Setting next_dagrun for example_short_circuit_decorator to 2024-03-03 00:00:00+00:00, run_after=2024-03-04 00:00:00+00:00
[2024-03-04T10:04:57.598+0000] {processor.py:183} INFO - Processing /home/airflow/.local/lib/python3.8/site-packages/airflow/example_dags/example_short_circuit_decorator.py took 0.318 seconds
[2024-03-04T10:05:27.885+0000] {processor.py:161} INFO - Started process (PID=100) to work on /home/airflow/.local/lib/python3.8/site-packages/airflow/example_dags/example_short_circuit_decorator.py
[2024-03-04T10:05:27.886+0000] {processor.py:830} INFO - Processing file /home/airflow/.local/lib/python3.8/site-packages/airflow/example_dags/example_short_circuit_decorator.py for tasks to queue
[2024-03-04T10:05:27.890+0000] {logging_mixin.py:188} INFO - [2024-03-04T10:05:27.889+0000] {dagbag.py:538} INFO - Filling up the DagBag from /home/airflow/.local/lib/python3.8/site-packages/airflow/example_dags/example_short_circuit_decorator.py
[2024-03-04T10:05:27.903+0000] {processor.py:840} INFO - DAG(s) 'example_short_circuit_decorator' retrieved from /home/airflow/.local/lib/python3.8/site-packages/airflow/example_dags/example_short_circuit_decorator.py
[2024-03-04T10:05:27.943+0000] {logging_mixin.py:188} INFO - [2024-03-04T10:05:27.942+0000] {dag.py:3036} INFO - Sync 1 DAGs
[2024-03-04T10:05:27.975+0000] {logging_mixin.py:188} INFO - [2024-03-04T10:05:27.975+0000] {dag.py:3823} INFO - Setting next_dagrun for example_short_circuit_decorator to 2024-03-03 00:00:00+00:00, run_after=2024-03-04 00:00:00+00:00
[2024-03-04T10:05:28.194+0000] {processor.py:183} INFO - Processing /home/airflow/.local/lib/python3.8/site-packages/airflow/example_dags/example_short_circuit_decorator.py took 0.314 seconds
[2024-03-04T10:11:51.486+0000] {processor.py:161} INFO - Started process (PID=42) to work on /home/airflow/.local/lib/python3.8/site-packages/airflow/example_dags/example_short_circuit_decorator.py
[2024-03-04T10:11:51.489+0000] {processor.py:830} INFO - Processing file /home/airflow/.local/lib/python3.8/site-packages/airflow/example_dags/example_short_circuit_decorator.py for tasks to queue
[2024-03-04T10:11:51.493+0000] {logging_mixin.py:188} INFO - [2024-03-04T10:11:51.492+0000] {dagbag.py:538} INFO - Filling up the DagBag from /home/airflow/.local/lib/python3.8/site-packages/airflow/example_dags/example_short_circuit_decorator.py
[2024-03-04T10:11:51.521+0000] {processor.py:840} INFO - DAG(s) 'example_short_circuit_decorator' retrieved from /home/airflow/.local/lib/python3.8/site-packages/airflow/example_dags/example_short_circuit_decorator.py
[2024-03-04T10:11:51.800+0000] {logging_mixin.py:188} INFO - [2024-03-04T10:11:51.800+0000] {dag.py:3036} INFO - Sync 1 DAGs
[2024-03-04T10:11:51.845+0000] {logging_mixin.py:188} INFO - [2024-03-04T10:11:51.845+0000] {dag.py:3823} INFO - Setting next_dagrun for example_short_circuit_decorator to 2024-03-03 00:00:00+00:00, run_after=2024-03-04 00:00:00+00:00
[2024-03-04T10:11:51.882+0000] {processor.py:183} INFO - Processing /home/airflow/.local/lib/python3.8/site-packages/airflow/example_dags/example_short_circuit_decorator.py took 0.403 seconds
[2024-03-04T10:12:22.513+0000] {processor.py:161} INFO - Started process (PID=99) to work on /home/airflow/.local/lib/python3.8/site-packages/airflow/example_dags/example_short_circuit_decorator.py
[2024-03-04T10:12:22.515+0000] {processor.py:830} INFO - Processing file /home/airflow/.local/lib/python3.8/site-packages/airflow/example_dags/example_short_circuit_decorator.py for tasks to queue
[2024-03-04T10:12:22.521+0000] {logging_mixin.py:188} INFO - [2024-03-04T10:12:22.520+0000] {dagbag.py:538} INFO - Filling up the DagBag from /home/airflow/.local/lib/python3.8/site-packages/airflow/example_dags/example_short_circuit_decorator.py
[2024-03-04T10:12:22.549+0000] {processor.py:840} INFO - DAG(s) 'example_short_circuit_decorator' retrieved from /home/airflow/.local/lib/python3.8/site-packages/airflow/example_dags/example_short_circuit_decorator.py
[2024-03-04T10:12:22.632+0000] {logging_mixin.py:188} INFO - [2024-03-04T10:12:22.632+0000] {dag.py:3036} INFO - Sync 1 DAGs
[2024-03-04T10:12:22.728+0000] {logging_mixin.py:188} INFO - [2024-03-04T10:12:22.728+0000] {dag.py:3823} INFO - Setting next_dagrun for example_short_circuit_decorator to 2024-03-03 00:00:00+00:00, run_after=2024-03-04 00:00:00+00:00
[2024-03-04T10:12:22.780+0000] {processor.py:183} INFO - Processing /home/airflow/.local/lib/python3.8/site-packages/airflow/example_dags/example_short_circuit_decorator.py took 0.274 seconds
[2024-03-04T10:12:53.194+0000] {processor.py:161} INFO - Started process (PID=156) to work on /home/airflow/.local/lib/python3.8/site-packages/airflow/example_dags/example_short_circuit_decorator.py
[2024-03-04T10:12:53.196+0000] {processor.py:830} INFO - Processing file /home/airflow/.local/lib/python3.8/site-packages/airflow/example_dags/example_short_circuit_decorator.py for tasks to queue
[2024-03-04T10:12:53.199+0000] {logging_mixin.py:188} INFO - [2024-03-04T10:12:53.199+0000] {dagbag.py:538} INFO - Filling up the DagBag from /home/airflow/.local/lib/python3.8/site-packages/airflow/example_dags/example_short_circuit_decorator.py
[2024-03-04T10:12:53.221+0000] {processor.py:840} INFO - DAG(s) 'example_short_circuit_decorator' retrieved from /home/airflow/.local/lib/python3.8/site-packages/airflow/example_dags/example_short_circuit_decorator.py
[2024-03-04T10:12:53.267+0000] {logging_mixin.py:188} INFO - [2024-03-04T10:12:53.267+0000] {dag.py:3036} INFO - Sync 1 DAGs
[2024-03-04T10:12:53.310+0000] {logging_mixin.py:188} INFO - [2024-03-04T10:12:53.310+0000] {dag.py:3823} INFO - Setting next_dagrun for example_short_circuit_decorator to 2024-03-03 00:00:00+00:00, run_after=2024-03-04 00:00:00+00:00
[2024-03-04T10:12:53.376+0000] {processor.py:183} INFO - Processing /home/airflow/.local/lib/python3.8/site-packages/airflow/example_dags/example_short_circuit_decorator.py took 0.188 seconds
[2024-03-04T10:15:39.326+0000] {processor.py:161} INFO - Started process (PID=42) to work on /home/airflow/.local/lib/python3.8/site-packages/airflow/example_dags/example_short_circuit_decorator.py
[2024-03-04T10:15:39.328+0000] {processor.py:830} INFO - Processing file /home/airflow/.local/lib/python3.8/site-packages/airflow/example_dags/example_short_circuit_decorator.py for tasks to queue
[2024-03-04T10:15:39.333+0000] {logging_mixin.py:188} INFO - [2024-03-04T10:15:39.332+0000] {dagbag.py:538} INFO - Filling up the DagBag from /home/airflow/.local/lib/python3.8/site-packages/airflow/example_dags/example_short_circuit_decorator.py
[2024-03-04T10:15:39.353+0000] {processor.py:840} INFO - DAG(s) 'example_short_circuit_decorator' retrieved from /home/airflow/.local/lib/python3.8/site-packages/airflow/example_dags/example_short_circuit_decorator.py
[2024-03-04T10:15:39.557+0000] {logging_mixin.py:188} INFO - [2024-03-04T10:15:39.557+0000] {dag.py:3036} INFO - Sync 1 DAGs
[2024-03-04T10:15:39.589+0000] {logging_mixin.py:188} INFO - [2024-03-04T10:15:39.589+0000] {dag.py:3823} INFO - Setting next_dagrun for example_short_circuit_decorator to 2024-03-03 00:00:00+00:00, run_after=2024-03-04 00:00:00+00:00
[2024-03-04T10:15:39.623+0000] {processor.py:183} INFO - Processing /home/airflow/.local/lib/python3.8/site-packages/airflow/example_dags/example_short_circuit_decorator.py took 0.304 seconds
[2024-03-04T10:16:09.955+0000] {processor.py:161} INFO - Started process (PID=98) to work on /home/airflow/.local/lib/python3.8/site-packages/airflow/example_dags/example_short_circuit_decorator.py
[2024-03-04T10:16:09.957+0000] {processor.py:830} INFO - Processing file /home/airflow/.local/lib/python3.8/site-packages/airflow/example_dags/example_short_circuit_decorator.py for tasks to queue
[2024-03-04T10:16:09.959+0000] {logging_mixin.py:188} INFO - [2024-03-04T10:16:09.959+0000] {dagbag.py:538} INFO - Filling up the DagBag from /home/airflow/.local/lib/python3.8/site-packages/airflow/example_dags/example_short_circuit_decorator.py
[2024-03-04T10:16:09.974+0000] {processor.py:840} INFO - DAG(s) 'example_short_circuit_decorator' retrieved from /home/airflow/.local/lib/python3.8/site-packages/airflow/example_dags/example_short_circuit_decorator.py
[2024-03-04T10:16:10.010+0000] {logging_mixin.py:188} INFO - [2024-03-04T10:16:10.009+0000] {dag.py:3036} INFO - Sync 1 DAGs
[2024-03-04T10:16:10.052+0000] {logging_mixin.py:188} INFO - [2024-03-04T10:16:10.051+0000] {dag.py:3823} INFO - Setting next_dagrun for example_short_circuit_decorator to 2024-03-03 00:00:00+00:00, run_after=2024-03-04 00:00:00+00:00
[2024-03-04T10:16:10.083+0000] {processor.py:183} INFO - Processing /home/airflow/.local/lib/python3.8/site-packages/airflow/example_dags/example_short_circuit_decorator.py took 0.132 seconds
[2024-03-04T10:16:40.181+0000] {processor.py:161} INFO - Started process (PID=154) to work on /home/airflow/.local/lib/python3.8/site-packages/airflow/example_dags/example_short_circuit_decorator.py
[2024-03-04T10:16:40.183+0000] {processor.py:830} INFO - Processing file /home/airflow/.local/lib/python3.8/site-packages/airflow/example_dags/example_short_circuit_decorator.py for tasks to queue
[2024-03-04T10:16:40.187+0000] {logging_mixin.py:188} INFO - [2024-03-04T10:16:40.186+0000] {dagbag.py:538} INFO - Filling up the DagBag from /home/airflow/.local/lib/python3.8/site-packages/airflow/example_dags/example_short_circuit_decorator.py
[2024-03-04T10:16:40.202+0000] {processor.py:840} INFO - DAG(s) 'example_short_circuit_decorator' retrieved from /home/airflow/.local/lib/python3.8/site-packages/airflow/example_dags/example_short_circuit_decorator.py
[2024-03-04T10:16:40.239+0000] {logging_mixin.py:188} INFO - [2024-03-04T10:16:40.238+0000] {dag.py:3036} INFO - Sync 1 DAGs
[2024-03-04T10:16:40.285+0000] {logging_mixin.py:188} INFO - [2024-03-04T10:16:40.284+0000] {dag.py:3823} INFO - Setting next_dagrun for example_short_circuit_decorator to 2024-03-03 00:00:00+00:00, run_after=2024-03-04 00:00:00+00:00
[2024-03-04T10:16:40.310+0000] {processor.py:183} INFO - Processing /home/airflow/.local/lib/python3.8/site-packages/airflow/example_dags/example_short_circuit_decorator.py took 0.136 seconds
