[2024-03-04T09:52:24.190+0000] {processor.py:161} INFO - Started process (PID=85) to work on /home/airflow/.local/lib/python3.8/site-packages/airflow/example_dags/example_task_group_decorator.py
[2024-03-04T09:52:24.194+0000] {processor.py:830} INFO - Processing file /home/airflow/.local/lib/python3.8/site-packages/airflow/example_dags/example_task_group_decorator.py for tasks to queue
[2024-03-04T09:52:24.198+0000] {logging_mixin.py:188} INFO - [2024-03-04T09:52:24.197+0000] {dagbag.py:538} INFO - Filling up the DagBag from /home/airflow/.local/lib/python3.8/site-packages/airflow/example_dags/example_task_group_decorator.py
[2024-03-04T09:52:24.261+0000] {processor.py:840} INFO - DAG(s) 'example_task_group_decorator' retrieved from /home/airflow/.local/lib/python3.8/site-packages/airflow/example_dags/example_task_group_decorator.py
[2024-03-04T09:52:24.654+0000] {logging_mixin.py:188} INFO - [2024-03-04T09:52:24.652+0000] {override.py:1769} INFO - Created Permission View: can read on DAG:example_task_group_decorator
[2024-03-04T09:52:24.690+0000] {logging_mixin.py:188} INFO - [2024-03-04T09:52:24.689+0000] {override.py:1769} INFO - Created Permission View: can delete on DAG:example_task_group_decorator
[2024-03-04T09:52:24.710+0000] {logging_mixin.py:188} INFO - [2024-03-04T09:52:24.709+0000] {override.py:1769} INFO - Created Permission View: can edit on DAG:example_task_group_decorator
[2024-03-04T09:52:24.711+0000] {logging_mixin.py:188} INFO - [2024-03-04T09:52:24.711+0000] {dag.py:3036} INFO - Sync 1 DAGs
[2024-03-04T09:52:24.733+0000] {logging_mixin.py:188} INFO - [2024-03-04T09:52:24.732+0000] {dag.py:3058} INFO - Creating ORM DAG for example_task_group_decorator
[2024-03-04T09:52:24.751+0000] {logging_mixin.py:188} INFO - [2024-03-04T09:52:24.751+0000] {dag.py:3823} INFO - Setting next_dagrun for example_task_group_decorator to 2024-03-03 00:00:00+00:00, run_after=2024-03-04 00:00:00+00:00
[2024-03-04T09:52:24.784+0000] {processor.py:183} INFO - Processing /home/airflow/.local/lib/python3.8/site-packages/airflow/example_dags/example_task_group_decorator.py took 0.602 seconds
[2024-03-04T09:52:55.163+0000] {processor.py:161} INFO - Started process (PID=142) to work on /home/airflow/.local/lib/python3.8/site-packages/airflow/example_dags/example_task_group_decorator.py
[2024-03-04T09:52:55.165+0000] {processor.py:830} INFO - Processing file /home/airflow/.local/lib/python3.8/site-packages/airflow/example_dags/example_task_group_decorator.py for tasks to queue
[2024-03-04T09:52:55.169+0000] {logging_mixin.py:188} INFO - [2024-03-04T09:52:55.168+0000] {dagbag.py:538} INFO - Filling up the DagBag from /home/airflow/.local/lib/python3.8/site-packages/airflow/example_dags/example_task_group_decorator.py
[2024-03-04T09:52:55.201+0000] {processor.py:840} INFO - DAG(s) 'example_task_group_decorator' retrieved from /home/airflow/.local/lib/python3.8/site-packages/airflow/example_dags/example_task_group_decorator.py
[2024-03-04T09:52:55.248+0000] {logging_mixin.py:188} INFO - [2024-03-04T09:52:55.248+0000] {dag.py:3036} INFO - Sync 1 DAGs
[2024-03-04T09:52:55.296+0000] {logging_mixin.py:188} INFO - [2024-03-04T09:52:55.295+0000] {dag.py:3823} INFO - Setting next_dagrun for example_task_group_decorator to 2024-03-03 00:00:00+00:00, run_after=2024-03-04 00:00:00+00:00
[2024-03-04T09:52:55.334+0000] {processor.py:183} INFO - Processing /home/airflow/.local/lib/python3.8/site-packages/airflow/example_dags/example_task_group_decorator.py took 0.176 seconds
[2024-03-04T09:53:25.955+0000] {processor.py:161} INFO - Started process (PID=200) to work on /home/airflow/.local/lib/python3.8/site-packages/airflow/example_dags/example_task_group_decorator.py
[2024-03-04T09:53:25.957+0000] {processor.py:830} INFO - Processing file /home/airflow/.local/lib/python3.8/site-packages/airflow/example_dags/example_task_group_decorator.py for tasks to queue
[2024-03-04T09:53:25.961+0000] {logging_mixin.py:188} INFO - [2024-03-04T09:53:25.960+0000] {dagbag.py:538} INFO - Filling up the DagBag from /home/airflow/.local/lib/python3.8/site-packages/airflow/example_dags/example_task_group_decorator.py
[2024-03-04T09:53:25.995+0000] {processor.py:840} INFO - DAG(s) 'example_task_group_decorator' retrieved from /home/airflow/.local/lib/python3.8/site-packages/airflow/example_dags/example_task_group_decorator.py
[2024-03-04T09:53:26.047+0000] {logging_mixin.py:188} INFO - [2024-03-04T09:53:26.047+0000] {dag.py:3036} INFO - Sync 1 DAGs
[2024-03-04T09:53:26.091+0000] {logging_mixin.py:188} INFO - [2024-03-04T09:53:26.091+0000] {dag.py:3823} INFO - Setting next_dagrun for example_task_group_decorator to 2024-03-03 00:00:00+00:00, run_after=2024-03-04 00:00:00+00:00
[2024-03-04T09:53:26.178+0000] {processor.py:183} INFO - Processing /home/airflow/.local/lib/python3.8/site-packages/airflow/example_dags/example_task_group_decorator.py took 0.230 seconds
[2024-03-04T09:56:39.338+0000] {processor.py:161} INFO - Started process (PID=85) to work on /home/airflow/.local/lib/python3.8/site-packages/airflow/example_dags/example_task_group_decorator.py
[2024-03-04T09:56:39.340+0000] {processor.py:830} INFO - Processing file /home/airflow/.local/lib/python3.8/site-packages/airflow/example_dags/example_task_group_decorator.py for tasks to queue
[2024-03-04T09:56:39.344+0000] {logging_mixin.py:188} INFO - [2024-03-04T09:56:39.344+0000] {dagbag.py:538} INFO - Filling up the DagBag from /home/airflow/.local/lib/python3.8/site-packages/airflow/example_dags/example_task_group_decorator.py
[2024-03-04T09:56:39.377+0000] {processor.py:840} INFO - DAG(s) 'example_task_group_decorator' retrieved from /home/airflow/.local/lib/python3.8/site-packages/airflow/example_dags/example_task_group_decorator.py
[2024-03-04T09:56:39.652+0000] {logging_mixin.py:188} INFO - [2024-03-04T09:56:39.652+0000] {dag.py:3036} INFO - Sync 1 DAGs
[2024-03-04T09:56:39.687+0000] {logging_mixin.py:188} INFO - [2024-03-04T09:56:39.687+0000] {dag.py:3823} INFO - Setting next_dagrun for example_task_group_decorator to 2024-03-03 00:00:00+00:00, run_after=2024-03-04 00:00:00+00:00
[2024-03-04T09:56:39.723+0000] {processor.py:183} INFO - Processing /home/airflow/.local/lib/python3.8/site-packages/airflow/example_dags/example_task_group_decorator.py took 0.392 seconds
[2024-03-04T09:57:10.686+0000] {processor.py:161} INFO - Started process (PID=142) to work on /home/airflow/.local/lib/python3.8/site-packages/airflow/example_dags/example_task_group_decorator.py
[2024-03-04T09:57:10.688+0000] {processor.py:830} INFO - Processing file /home/airflow/.local/lib/python3.8/site-packages/airflow/example_dags/example_task_group_decorator.py for tasks to queue
[2024-03-04T09:57:10.692+0000] {logging_mixin.py:188} INFO - [2024-03-04T09:57:10.691+0000] {dagbag.py:538} INFO - Filling up the DagBag from /home/airflow/.local/lib/python3.8/site-packages/airflow/example_dags/example_task_group_decorator.py
[2024-03-04T09:57:10.725+0000] {processor.py:840} INFO - DAG(s) 'example_task_group_decorator' retrieved from /home/airflow/.local/lib/python3.8/site-packages/airflow/example_dags/example_task_group_decorator.py
[2024-03-04T09:57:10.772+0000] {logging_mixin.py:188} INFO - [2024-03-04T09:57:10.771+0000] {dag.py:3036} INFO - Sync 1 DAGs
[2024-03-04T09:57:10.822+0000] {logging_mixin.py:188} INFO - [2024-03-04T09:57:10.821+0000] {dag.py:3823} INFO - Setting next_dagrun for example_task_group_decorator to 2024-03-03 00:00:00+00:00, run_after=2024-03-04 00:00:00+00:00
[2024-03-04T09:57:10.872+0000] {processor.py:183} INFO - Processing /home/airflow/.local/lib/python3.8/site-packages/airflow/example_dags/example_task_group_decorator.py took 0.192 seconds
[2024-03-04T09:57:41.545+0000] {processor.py:161} INFO - Started process (PID=199) to work on /home/airflow/.local/lib/python3.8/site-packages/airflow/example_dags/example_task_group_decorator.py
[2024-03-04T09:57:41.547+0000] {processor.py:830} INFO - Processing file /home/airflow/.local/lib/python3.8/site-packages/airflow/example_dags/example_task_group_decorator.py for tasks to queue
[2024-03-04T09:57:41.550+0000] {logging_mixin.py:188} INFO - [2024-03-04T09:57:41.550+0000] {dagbag.py:538} INFO - Filling up the DagBag from /home/airflow/.local/lib/python3.8/site-packages/airflow/example_dags/example_task_group_decorator.py
[2024-03-04T09:57:41.572+0000] {processor.py:840} INFO - DAG(s) 'example_task_group_decorator' retrieved from /home/airflow/.local/lib/python3.8/site-packages/airflow/example_dags/example_task_group_decorator.py
[2024-03-04T09:57:41.611+0000] {logging_mixin.py:188} INFO - [2024-03-04T09:57:41.611+0000] {dag.py:3036} INFO - Sync 1 DAGs
[2024-03-04T09:57:41.641+0000] {logging_mixin.py:188} INFO - [2024-03-04T09:57:41.641+0000] {dag.py:3823} INFO - Setting next_dagrun for example_task_group_decorator to 2024-03-03 00:00:00+00:00, run_after=2024-03-04 00:00:00+00:00
[2024-03-04T09:57:42.141+0000] {processor.py:183} INFO - Processing /home/airflow/.local/lib/python3.8/site-packages/airflow/example_dags/example_task_group_decorator.py took 0.600 seconds
[2024-03-04T09:58:12.380+0000] {processor.py:161} INFO - Started process (PID=260) to work on /home/airflow/.local/lib/python3.8/site-packages/airflow/example_dags/example_task_group_decorator.py
[2024-03-04T09:58:12.382+0000] {processor.py:830} INFO - Processing file /home/airflow/.local/lib/python3.8/site-packages/airflow/example_dags/example_task_group_decorator.py for tasks to queue
[2024-03-04T09:58:12.386+0000] {logging_mixin.py:188} INFO - [2024-03-04T09:58:12.385+0000] {dagbag.py:538} INFO - Filling up the DagBag from /home/airflow/.local/lib/python3.8/site-packages/airflow/example_dags/example_task_group_decorator.py
[2024-03-04T09:58:12.415+0000] {processor.py:840} INFO - DAG(s) 'example_task_group_decorator' retrieved from /home/airflow/.local/lib/python3.8/site-packages/airflow/example_dags/example_task_group_decorator.py
[2024-03-04T09:58:12.457+0000] {logging_mixin.py:188} INFO - [2024-03-04T09:58:12.456+0000] {dag.py:3036} INFO - Sync 1 DAGs
[2024-03-04T09:58:12.489+0000] {logging_mixin.py:188} INFO - [2024-03-04T09:58:12.489+0000] {dag.py:3823} INFO - Setting next_dagrun for example_task_group_decorator to 2024-03-03 00:00:00+00:00, run_after=2024-03-04 00:00:00+00:00
[2024-03-04T09:58:12.524+0000] {processor.py:183} INFO - Processing /home/airflow/.local/lib/python3.8/site-packages/airflow/example_dags/example_task_group_decorator.py took 0.149 seconds
[2024-03-04T09:58:43.128+0000] {processor.py:161} INFO - Started process (PID=318) to work on /home/airflow/.local/lib/python3.8/site-packages/airflow/example_dags/example_task_group_decorator.py
[2024-03-04T09:58:43.130+0000] {processor.py:830} INFO - Processing file /home/airflow/.local/lib/python3.8/site-packages/airflow/example_dags/example_task_group_decorator.py for tasks to queue
[2024-03-04T09:58:43.132+0000] {logging_mixin.py:188} INFO - [2024-03-04T09:58:43.132+0000] {dagbag.py:538} INFO - Filling up the DagBag from /home/airflow/.local/lib/python3.8/site-packages/airflow/example_dags/example_task_group_decorator.py
[2024-03-04T09:58:43.154+0000] {processor.py:840} INFO - DAG(s) 'example_task_group_decorator' retrieved from /home/airflow/.local/lib/python3.8/site-packages/airflow/example_dags/example_task_group_decorator.py
[2024-03-04T09:58:43.193+0000] {logging_mixin.py:188} INFO - [2024-03-04T09:58:43.193+0000] {dag.py:3036} INFO - Sync 1 DAGs
[2024-03-04T09:58:43.223+0000] {logging_mixin.py:188} INFO - [2024-03-04T09:58:43.223+0000] {dag.py:3823} INFO - Setting next_dagrun for example_task_group_decorator to 2024-03-03 00:00:00+00:00, run_after=2024-03-04 00:00:00+00:00
[2024-03-04T09:58:43.251+0000] {processor.py:183} INFO - Processing /home/airflow/.local/lib/python3.8/site-packages/airflow/example_dags/example_task_group_decorator.py took 0.126 seconds
[2024-03-04T09:59:13.860+0000] {processor.py:161} INFO - Started process (PID=375) to work on /home/airflow/.local/lib/python3.8/site-packages/airflow/example_dags/example_task_group_decorator.py
[2024-03-04T09:59:13.862+0000] {processor.py:830} INFO - Processing file /home/airflow/.local/lib/python3.8/site-packages/airflow/example_dags/example_task_group_decorator.py for tasks to queue
[2024-03-04T09:59:13.864+0000] {logging_mixin.py:188} INFO - [2024-03-04T09:59:13.864+0000] {dagbag.py:538} INFO - Filling up the DagBag from /home/airflow/.local/lib/python3.8/site-packages/airflow/example_dags/example_task_group_decorator.py
[2024-03-04T09:59:13.888+0000] {processor.py:840} INFO - DAG(s) 'example_task_group_decorator' retrieved from /home/airflow/.local/lib/python3.8/site-packages/airflow/example_dags/example_task_group_decorator.py
[2024-03-04T09:59:13.925+0000] {logging_mixin.py:188} INFO - [2024-03-04T09:59:13.925+0000] {dag.py:3036} INFO - Sync 1 DAGs
[2024-03-04T09:59:13.973+0000] {logging_mixin.py:188} INFO - [2024-03-04T09:59:13.972+0000] {dag.py:3823} INFO - Setting next_dagrun for example_task_group_decorator to 2024-03-03 00:00:00+00:00, run_after=2024-03-04 00:00:00+00:00
[2024-03-04T09:59:14.020+0000] {processor.py:183} INFO - Processing /home/airflow/.local/lib/python3.8/site-packages/airflow/example_dags/example_task_group_decorator.py took 0.164 seconds
[2024-03-04T09:59:44.718+0000] {processor.py:161} INFO - Started process (PID=432) to work on /home/airflow/.local/lib/python3.8/site-packages/airflow/example_dags/example_task_group_decorator.py
[2024-03-04T09:59:44.721+0000] {processor.py:830} INFO - Processing file /home/airflow/.local/lib/python3.8/site-packages/airflow/example_dags/example_task_group_decorator.py for tasks to queue
[2024-03-04T09:59:44.724+0000] {logging_mixin.py:188} INFO - [2024-03-04T09:59:44.724+0000] {dagbag.py:538} INFO - Filling up the DagBag from /home/airflow/.local/lib/python3.8/site-packages/airflow/example_dags/example_task_group_decorator.py
[2024-03-04T09:59:44.753+0000] {processor.py:840} INFO - DAG(s) 'example_task_group_decorator' retrieved from /home/airflow/.local/lib/python3.8/site-packages/airflow/example_dags/example_task_group_decorator.py
[2024-03-04T09:59:44.792+0000] {logging_mixin.py:188} INFO - [2024-03-04T09:59:44.791+0000] {dag.py:3036} INFO - Sync 1 DAGs
[2024-03-04T09:59:44.826+0000] {logging_mixin.py:188} INFO - [2024-03-04T09:59:44.825+0000] {dag.py:3823} INFO - Setting next_dagrun for example_task_group_decorator to 2024-03-03 00:00:00+00:00, run_after=2024-03-04 00:00:00+00:00
[2024-03-04T09:59:44.853+0000] {processor.py:183} INFO - Processing /home/airflow/.local/lib/python3.8/site-packages/airflow/example_dags/example_task_group_decorator.py took 0.140 seconds
[2024-03-04T10:00:16.338+0000] {processor.py:161} INFO - Started process (PID=493) to work on /home/airflow/.local/lib/python3.8/site-packages/airflow/example_dags/example_task_group_decorator.py
[2024-03-04T10:00:16.340+0000] {processor.py:830} INFO - Processing file /home/airflow/.local/lib/python3.8/site-packages/airflow/example_dags/example_task_group_decorator.py for tasks to queue
[2024-03-04T10:00:16.343+0000] {logging_mixin.py:188} INFO - [2024-03-04T10:00:16.342+0000] {dagbag.py:538} INFO - Filling up the DagBag from /home/airflow/.local/lib/python3.8/site-packages/airflow/example_dags/example_task_group_decorator.py
[2024-03-04T10:00:16.375+0000] {processor.py:840} INFO - DAG(s) 'example_task_group_decorator' retrieved from /home/airflow/.local/lib/python3.8/site-packages/airflow/example_dags/example_task_group_decorator.py
[2024-03-04T10:00:16.418+0000] {logging_mixin.py:188} INFO - [2024-03-04T10:00:16.418+0000] {dag.py:3036} INFO - Sync 1 DAGs
[2024-03-04T10:00:16.453+0000] {logging_mixin.py:188} INFO - [2024-03-04T10:00:16.453+0000] {dag.py:3823} INFO - Setting next_dagrun for example_task_group_decorator to 2024-03-03 00:00:00+00:00, run_after=2024-03-04 00:00:00+00:00
[2024-03-04T10:00:16.491+0000] {processor.py:183} INFO - Processing /home/airflow/.local/lib/python3.8/site-packages/airflow/example_dags/example_task_group_decorator.py took 0.159 seconds
[2024-03-04T10:00:47.009+0000] {processor.py:161} INFO - Started process (PID=550) to work on /home/airflow/.local/lib/python3.8/site-packages/airflow/example_dags/example_task_group_decorator.py
[2024-03-04T10:00:47.011+0000] {processor.py:830} INFO - Processing file /home/airflow/.local/lib/python3.8/site-packages/airflow/example_dags/example_task_group_decorator.py for tasks to queue
[2024-03-04T10:00:47.014+0000] {logging_mixin.py:188} INFO - [2024-03-04T10:00:47.013+0000] {dagbag.py:538} INFO - Filling up the DagBag from /home/airflow/.local/lib/python3.8/site-packages/airflow/example_dags/example_task_group_decorator.py
[2024-03-04T10:00:47.039+0000] {processor.py:840} INFO - DAG(s) 'example_task_group_decorator' retrieved from /home/airflow/.local/lib/python3.8/site-packages/airflow/example_dags/example_task_group_decorator.py
[2024-03-04T10:00:47.074+0000] {logging_mixin.py:188} INFO - [2024-03-04T10:00:47.073+0000] {dag.py:3036} INFO - Sync 1 DAGs
[2024-03-04T10:00:47.102+0000] {logging_mixin.py:188} INFO - [2024-03-04T10:00:47.101+0000] {dag.py:3823} INFO - Setting next_dagrun for example_task_group_decorator to 2024-03-03 00:00:00+00:00, run_after=2024-03-04 00:00:00+00:00
[2024-03-04T10:00:47.127+0000] {processor.py:183} INFO - Processing /home/airflow/.local/lib/python3.8/site-packages/airflow/example_dags/example_task_group_decorator.py took 0.122 seconds
[2024-03-04T10:01:18.710+0000] {processor.py:161} INFO - Started process (PID=607) to work on /home/airflow/.local/lib/python3.8/site-packages/airflow/example_dags/example_task_group_decorator.py
[2024-03-04T10:01:18.712+0000] {processor.py:830} INFO - Processing file /home/airflow/.local/lib/python3.8/site-packages/airflow/example_dags/example_task_group_decorator.py for tasks to queue
[2024-03-04T10:01:18.717+0000] {logging_mixin.py:188} INFO - [2024-03-04T10:01:18.716+0000] {dagbag.py:538} INFO - Filling up the DagBag from /home/airflow/.local/lib/python3.8/site-packages/airflow/example_dags/example_task_group_decorator.py
[2024-03-04T10:01:18.750+0000] {processor.py:840} INFO - DAG(s) 'example_task_group_decorator' retrieved from /home/airflow/.local/lib/python3.8/site-packages/airflow/example_dags/example_task_group_decorator.py
[2024-03-04T10:01:18.811+0000] {logging_mixin.py:188} INFO - [2024-03-04T10:01:18.811+0000] {dag.py:3036} INFO - Sync 1 DAGs
[2024-03-04T10:01:18.857+0000] {logging_mixin.py:188} INFO - [2024-03-04T10:01:18.857+0000] {dag.py:3823} INFO - Setting next_dagrun for example_task_group_decorator to 2024-03-03 00:00:00+00:00, run_after=2024-03-04 00:00:00+00:00
[2024-03-04T10:01:18.892+0000] {processor.py:183} INFO - Processing /home/airflow/.local/lib/python3.8/site-packages/airflow/example_dags/example_task_group_decorator.py took 0.193 seconds
[2024-03-04T10:01:49.904+0000] {processor.py:161} INFO - Started process (PID=664) to work on /home/airflow/.local/lib/python3.8/site-packages/airflow/example_dags/example_task_group_decorator.py
[2024-03-04T10:01:49.905+0000] {processor.py:830} INFO - Processing file /home/airflow/.local/lib/python3.8/site-packages/airflow/example_dags/example_task_group_decorator.py for tasks to queue
[2024-03-04T10:01:49.909+0000] {logging_mixin.py:188} INFO - [2024-03-04T10:01:49.908+0000] {dagbag.py:538} INFO - Filling up the DagBag from /home/airflow/.local/lib/python3.8/site-packages/airflow/example_dags/example_task_group_decorator.py
[2024-03-04T10:01:49.932+0000] {processor.py:840} INFO - DAG(s) 'example_task_group_decorator' retrieved from /home/airflow/.local/lib/python3.8/site-packages/airflow/example_dags/example_task_group_decorator.py
[2024-03-04T10:01:49.970+0000] {logging_mixin.py:188} INFO - [2024-03-04T10:01:49.969+0000] {dag.py:3036} INFO - Sync 1 DAGs
[2024-03-04T10:01:50.002+0000] {logging_mixin.py:188} INFO - [2024-03-04T10:01:50.001+0000] {dag.py:3823} INFO - Setting next_dagrun for example_task_group_decorator to 2024-03-03 00:00:00+00:00, run_after=2024-03-04 00:00:00+00:00
[2024-03-04T10:01:50.049+0000] {processor.py:183} INFO - Processing /home/airflow/.local/lib/python3.8/site-packages/airflow/example_dags/example_task_group_decorator.py took 0.151 seconds
[2024-03-04T10:05:04.228+0000] {processor.py:161} INFO - Started process (PID=85) to work on /home/airflow/.local/lib/python3.8/site-packages/airflow/example_dags/example_task_group_decorator.py
[2024-03-04T10:05:04.230+0000] {processor.py:830} INFO - Processing file /home/airflow/.local/lib/python3.8/site-packages/airflow/example_dags/example_task_group_decorator.py for tasks to queue
[2024-03-04T10:05:04.234+0000] {logging_mixin.py:188} INFO - [2024-03-04T10:05:04.233+0000] {dagbag.py:538} INFO - Filling up the DagBag from /home/airflow/.local/lib/python3.8/site-packages/airflow/example_dags/example_task_group_decorator.py
[2024-03-04T10:05:04.287+0000] {processor.py:840} INFO - DAG(s) 'example_task_group_decorator' retrieved from /home/airflow/.local/lib/python3.8/site-packages/airflow/example_dags/example_task_group_decorator.py
[2024-03-04T10:05:04.589+0000] {logging_mixin.py:188} INFO - [2024-03-04T10:05:04.589+0000] {dag.py:3036} INFO - Sync 1 DAGs
[2024-03-04T10:05:04.653+0000] {logging_mixin.py:188} INFO - [2024-03-04T10:05:04.652+0000] {dag.py:3823} INFO - Setting next_dagrun for example_task_group_decorator to 2024-03-03 00:00:00+00:00, run_after=2024-03-04 00:00:00+00:00
[2024-03-04T10:05:04.691+0000] {processor.py:183} INFO - Processing /home/airflow/.local/lib/python3.8/site-packages/airflow/example_dags/example_task_group_decorator.py took 0.472 seconds
[2024-03-04T10:05:35.310+0000] {processor.py:161} INFO - Started process (PID=142) to work on /home/airflow/.local/lib/python3.8/site-packages/airflow/example_dags/example_task_group_decorator.py
[2024-03-04T10:05:35.312+0000] {processor.py:830} INFO - Processing file /home/airflow/.local/lib/python3.8/site-packages/airflow/example_dags/example_task_group_decorator.py for tasks to queue
[2024-03-04T10:05:35.315+0000] {logging_mixin.py:188} INFO - [2024-03-04T10:05:35.315+0000] {dagbag.py:538} INFO - Filling up the DagBag from /home/airflow/.local/lib/python3.8/site-packages/airflow/example_dags/example_task_group_decorator.py
[2024-03-04T10:05:35.347+0000] {processor.py:840} INFO - DAG(s) 'example_task_group_decorator' retrieved from /home/airflow/.local/lib/python3.8/site-packages/airflow/example_dags/example_task_group_decorator.py
[2024-03-04T10:05:35.399+0000] {logging_mixin.py:188} INFO - [2024-03-04T10:05:35.398+0000] {dag.py:3036} INFO - Sync 1 DAGs
[2024-03-04T10:05:35.442+0000] {logging_mixin.py:188} INFO - [2024-03-04T10:05:35.441+0000] {dag.py:3823} INFO - Setting next_dagrun for example_task_group_decorator to 2024-03-03 00:00:00+00:00, run_after=2024-03-04 00:00:00+00:00
[2024-03-04T10:05:35.496+0000] {processor.py:183} INFO - Processing /home/airflow/.local/lib/python3.8/site-packages/airflow/example_dags/example_task_group_decorator.py took 0.192 seconds
[2024-03-04T10:11:58.363+0000] {processor.py:161} INFO - Started process (PID=78) to work on /home/airflow/.local/lib/python3.8/site-packages/airflow/example_dags/example_task_group_decorator.py
[2024-03-04T10:11:58.364+0000] {processor.py:830} INFO - Processing file /home/airflow/.local/lib/python3.8/site-packages/airflow/example_dags/example_task_group_decorator.py for tasks to queue
[2024-03-04T10:11:58.367+0000] {logging_mixin.py:188} INFO - [2024-03-04T10:11:58.367+0000] {dagbag.py:538} INFO - Filling up the DagBag from /home/airflow/.local/lib/python3.8/site-packages/airflow/example_dags/example_task_group_decorator.py
[2024-03-04T10:11:58.390+0000] {processor.py:840} INFO - DAG(s) 'example_task_group_decorator' retrieved from /home/airflow/.local/lib/python3.8/site-packages/airflow/example_dags/example_task_group_decorator.py
[2024-03-04T10:11:58.573+0000] {logging_mixin.py:188} INFO - [2024-03-04T10:11:58.573+0000] {dag.py:3036} INFO - Sync 1 DAGs
[2024-03-04T10:11:58.607+0000] {logging_mixin.py:188} INFO - [2024-03-04T10:11:58.606+0000] {dag.py:3823} INFO - Setting next_dagrun for example_task_group_decorator to 2024-03-03 00:00:00+00:00, run_after=2024-03-04 00:00:00+00:00
[2024-03-04T10:11:58.640+0000] {processor.py:183} INFO - Processing /home/airflow/.local/lib/python3.8/site-packages/airflow/example_dags/example_task_group_decorator.py took 0.282 seconds
[2024-03-04T10:12:28.982+0000] {processor.py:161} INFO - Started process (PID=135) to work on /home/airflow/.local/lib/python3.8/site-packages/airflow/example_dags/example_task_group_decorator.py
[2024-03-04T10:12:28.983+0000] {processor.py:830} INFO - Processing file /home/airflow/.local/lib/python3.8/site-packages/airflow/example_dags/example_task_group_decorator.py for tasks to queue
[2024-03-04T10:12:28.985+0000] {logging_mixin.py:188} INFO - [2024-03-04T10:12:28.985+0000] {dagbag.py:538} INFO - Filling up the DagBag from /home/airflow/.local/lib/python3.8/site-packages/airflow/example_dags/example_task_group_decorator.py
[2024-03-04T10:12:29.011+0000] {processor.py:840} INFO - DAG(s) 'example_task_group_decorator' retrieved from /home/airflow/.local/lib/python3.8/site-packages/airflow/example_dags/example_task_group_decorator.py
[2024-03-04T10:12:29.050+0000] {logging_mixin.py:188} INFO - [2024-03-04T10:12:29.050+0000] {dag.py:3036} INFO - Sync 1 DAGs
[2024-03-04T10:12:29.099+0000] {logging_mixin.py:188} INFO - [2024-03-04T10:12:29.098+0000] {dag.py:3823} INFO - Setting next_dagrun for example_task_group_decorator to 2024-03-03 00:00:00+00:00, run_after=2024-03-04 00:00:00+00:00
[2024-03-04T10:12:29.134+0000] {processor.py:183} INFO - Processing /home/airflow/.local/lib/python3.8/site-packages/airflow/example_dags/example_task_group_decorator.py took 0.157 seconds
[2024-03-04T10:12:59.989+0000] {processor.py:161} INFO - Started process (PID=192) to work on /home/airflow/.local/lib/python3.8/site-packages/airflow/example_dags/example_task_group_decorator.py
[2024-03-04T10:12:59.991+0000] {processor.py:830} INFO - Processing file /home/airflow/.local/lib/python3.8/site-packages/airflow/example_dags/example_task_group_decorator.py for tasks to queue
[2024-03-04T10:12:59.994+0000] {logging_mixin.py:188} INFO - [2024-03-04T10:12:59.993+0000] {dagbag.py:538} INFO - Filling up the DagBag from /home/airflow/.local/lib/python3.8/site-packages/airflow/example_dags/example_task_group_decorator.py
[2024-03-04T10:13:00.020+0000] {processor.py:840} INFO - DAG(s) 'example_task_group_decorator' retrieved from /home/airflow/.local/lib/python3.8/site-packages/airflow/example_dags/example_task_group_decorator.py
[2024-03-04T10:13:00.069+0000] {logging_mixin.py:188} INFO - [2024-03-04T10:13:00.069+0000] {dag.py:3036} INFO - Sync 1 DAGs
[2024-03-04T10:13:00.122+0000] {logging_mixin.py:188} INFO - [2024-03-04T10:13:00.122+0000] {dag.py:3823} INFO - Setting next_dagrun for example_task_group_decorator to 2024-03-03 00:00:00+00:00, run_after=2024-03-04 00:00:00+00:00
[2024-03-04T10:13:00.166+0000] {processor.py:183} INFO - Processing /home/airflow/.local/lib/python3.8/site-packages/airflow/example_dags/example_task_group_decorator.py took 0.181 seconds
[2024-03-04T10:15:46.515+0000] {processor.py:161} INFO - Started process (PID=78) to work on /home/airflow/.local/lib/python3.8/site-packages/airflow/example_dags/example_task_group_decorator.py
[2024-03-04T10:15:46.516+0000] {processor.py:830} INFO - Processing file /home/airflow/.local/lib/python3.8/site-packages/airflow/example_dags/example_task_group_decorator.py for tasks to queue
[2024-03-04T10:15:46.519+0000] {logging_mixin.py:188} INFO - [2024-03-04T10:15:46.519+0000] {dagbag.py:538} INFO - Filling up the DagBag from /home/airflow/.local/lib/python3.8/site-packages/airflow/example_dags/example_task_group_decorator.py
[2024-03-04T10:15:46.540+0000] {processor.py:840} INFO - DAG(s) 'example_task_group_decorator' retrieved from /home/airflow/.local/lib/python3.8/site-packages/airflow/example_dags/example_task_group_decorator.py
[2024-03-04T10:15:46.723+0000] {logging_mixin.py:188} INFO - [2024-03-04T10:15:46.723+0000] {dag.py:3036} INFO - Sync 1 DAGs
[2024-03-04T10:15:46.755+0000] {logging_mixin.py:188} INFO - [2024-03-04T10:15:46.754+0000] {dag.py:3823} INFO - Setting next_dagrun for example_task_group_decorator to 2024-03-03 00:00:00+00:00, run_after=2024-03-04 00:00:00+00:00
[2024-03-04T10:15:46.784+0000] {processor.py:183} INFO - Processing /home/airflow/.local/lib/python3.8/site-packages/airflow/example_dags/example_task_group_decorator.py took 0.274 seconds
[2024-03-04T10:16:17.467+0000] {processor.py:161} INFO - Started process (PID=135) to work on /home/airflow/.local/lib/python3.8/site-packages/airflow/example_dags/example_task_group_decorator.py
[2024-03-04T10:16:17.468+0000] {processor.py:830} INFO - Processing file /home/airflow/.local/lib/python3.8/site-packages/airflow/example_dags/example_task_group_decorator.py for tasks to queue
[2024-03-04T10:16:17.471+0000] {logging_mixin.py:188} INFO - [2024-03-04T10:16:17.471+0000] {dagbag.py:538} INFO - Filling up the DagBag from /home/airflow/.local/lib/python3.8/site-packages/airflow/example_dags/example_task_group_decorator.py
[2024-03-04T10:16:17.498+0000] {processor.py:840} INFO - DAG(s) 'example_task_group_decorator' retrieved from /home/airflow/.local/lib/python3.8/site-packages/airflow/example_dags/example_task_group_decorator.py
[2024-03-04T10:16:17.540+0000] {logging_mixin.py:188} INFO - [2024-03-04T10:16:17.539+0000] {dag.py:3036} INFO - Sync 1 DAGs
[2024-03-04T10:16:17.590+0000] {logging_mixin.py:188} INFO - [2024-03-04T10:16:17.589+0000] {dag.py:3823} INFO - Setting next_dagrun for example_task_group_decorator to 2024-03-03 00:00:00+00:00, run_after=2024-03-04 00:00:00+00:00
[2024-03-04T10:16:17.625+0000] {processor.py:183} INFO - Processing /home/airflow/.local/lib/python3.8/site-packages/airflow/example_dags/example_task_group_decorator.py took 0.165 seconds
[2024-03-04T10:16:47.698+0000] {processor.py:161} INFO - Started process (PID=192) to work on /home/airflow/.local/lib/python3.8/site-packages/airflow/example_dags/example_task_group_decorator.py
[2024-03-04T10:16:47.700+0000] {processor.py:830} INFO - Processing file /home/airflow/.local/lib/python3.8/site-packages/airflow/example_dags/example_task_group_decorator.py for tasks to queue
[2024-03-04T10:16:47.703+0000] {logging_mixin.py:188} INFO - [2024-03-04T10:16:47.702+0000] {dagbag.py:538} INFO - Filling up the DagBag from /home/airflow/.local/lib/python3.8/site-packages/airflow/example_dags/example_task_group_decorator.py
[2024-03-04T10:16:47.725+0000] {processor.py:840} INFO - DAG(s) 'example_task_group_decorator' retrieved from /home/airflow/.local/lib/python3.8/site-packages/airflow/example_dags/example_task_group_decorator.py
[2024-03-04T10:16:47.763+0000] {logging_mixin.py:188} INFO - [2024-03-04T10:16:47.762+0000] {dag.py:3036} INFO - Sync 1 DAGs
[2024-03-04T10:16:47.792+0000] {logging_mixin.py:188} INFO - [2024-03-04T10:16:47.792+0000] {dag.py:3823} INFO - Setting next_dagrun for example_task_group_decorator to 2024-03-03 00:00:00+00:00, run_after=2024-03-04 00:00:00+00:00
[2024-03-04T10:16:47.821+0000] {processor.py:183} INFO - Processing /home/airflow/.local/lib/python3.8/site-packages/airflow/example_dags/example_task_group_decorator.py took 0.128 seconds
