[2024-03-04T09:52:19.880+0000] {processor.py:161} INFO - Started process (PID=71) to work on /home/airflow/.local/lib/python3.8/site-packages/airflow/example_dags/example_branch_datetime_operator.py
[2024-03-04T09:52:19.883+0000] {processor.py:830} INFO - Processing file /home/airflow/.local/lib/python3.8/site-packages/airflow/example_dags/example_branch_datetime_operator.py for tasks to queue
[2024-03-04T09:52:19.890+0000] {logging_mixin.py:188} INFO - [2024-03-04T09:52:19.889+0000] {dagbag.py:538} INFO - Filling up the DagBag from /home/airflow/.local/lib/python3.8/site-packages/airflow/example_dags/example_branch_datetime_operator.py
[2024-03-04T09:52:19.931+0000] {processor.py:840} INFO - DAG(s) 'example_branch_datetime_operator_3', 'example_branch_datetime_operator', 'example_branch_datetime_operator_2' retrieved from /home/airflow/.local/lib/python3.8/site-packages/airflow/example_dags/example_branch_datetime_operator.py
[2024-03-04T09:52:20.392+0000] {logging_mixin.py:188} INFO - [2024-03-04T09:52:20.391+0000] {override.py:1769} INFO - Created Permission View: can read on DAG:example_branch_datetime_operator_3
[2024-03-04T09:52:20.430+0000] {logging_mixin.py:188} INFO - [2024-03-04T09:52:20.429+0000] {override.py:1769} INFO - Created Permission View: can delete on DAG:example_branch_datetime_operator_3
[2024-03-04T09:52:20.468+0000] {logging_mixin.py:188} INFO - [2024-03-04T09:52:20.467+0000] {override.py:1769} INFO - Created Permission View: can edit on DAG:example_branch_datetime_operator_3
[2024-03-04T09:52:20.517+0000] {logging_mixin.py:188} INFO - [2024-03-04T09:52:20.516+0000] {override.py:1769} INFO - Created Permission View: can read on DAG:example_branch_datetime_operator
[2024-03-04T09:52:20.536+0000] {logging_mixin.py:188} INFO - [2024-03-04T09:52:20.535+0000] {override.py:1769} INFO - Created Permission View: can delete on DAG:example_branch_datetime_operator
[2024-03-04T09:52:20.557+0000] {logging_mixin.py:188} INFO - [2024-03-04T09:52:20.557+0000] {override.py:1769} INFO - Created Permission View: can edit on DAG:example_branch_datetime_operator
[2024-03-04T09:52:20.585+0000] {logging_mixin.py:188} INFO - [2024-03-04T09:52:20.584+0000] {override.py:1769} INFO - Created Permission View: can read on DAG:example_branch_datetime_operator_2
[2024-03-04T09:52:20.599+0000] {logging_mixin.py:188} INFO - [2024-03-04T09:52:20.599+0000] {override.py:1769} INFO - Created Permission View: can delete on DAG:example_branch_datetime_operator_2
[2024-03-04T09:52:20.615+0000] {logging_mixin.py:188} INFO - [2024-03-04T09:52:20.615+0000] {override.py:1769} INFO - Created Permission View: can edit on DAG:example_branch_datetime_operator_2
[2024-03-04T09:52:20.617+0000] {logging_mixin.py:188} INFO - [2024-03-04T09:52:20.616+0000] {dag.py:3036} INFO - Sync 3 DAGs
[2024-03-04T09:52:20.646+0000] {logging_mixin.py:188} INFO - [2024-03-04T09:52:20.646+0000] {dag.py:3058} INFO - Creating ORM DAG for example_branch_datetime_operator_2
[2024-03-04T09:52:20.648+0000] {logging_mixin.py:188} INFO - [2024-03-04T09:52:20.648+0000] {dag.py:3058} INFO - Creating ORM DAG for example_branch_datetime_operator
[2024-03-04T09:52:20.650+0000] {logging_mixin.py:188} INFO - [2024-03-04T09:52:20.650+0000] {dag.py:3058} INFO - Creating ORM DAG for example_branch_datetime_operator_3
[2024-03-04T09:52:20.678+0000] {logging_mixin.py:188} INFO - [2024-03-04T09:52:20.677+0000] {dag.py:3823} INFO - Setting next_dagrun for example_branch_datetime_operator to 2024-03-03 00:00:00+00:00, run_after=2024-03-04 00:00:00+00:00
[2024-03-04T09:52:20.685+0000] {logging_mixin.py:188} INFO - [2024-03-04T09:52:20.684+0000] {dag.py:3823} INFO - Setting next_dagrun for example_branch_datetime_operator_2 to 2024-03-03 00:00:00+00:00, run_after=2024-03-04 00:00:00+00:00
[2024-03-04T09:52:20.689+0000] {logging_mixin.py:188} INFO - [2024-03-04T09:52:20.689+0000] {dag.py:3823} INFO - Setting next_dagrun for example_branch_datetime_operator_3 to 2024-03-03 00:00:00+00:00, run_after=2024-03-04 00:00:00+00:00
[2024-03-04T09:52:20.723+0000] {processor.py:183} INFO - Processing /home/airflow/.local/lib/python3.8/site-packages/airflow/example_dags/example_branch_datetime_operator.py took 0.851 seconds
[2024-03-04T09:52:50.983+0000] {processor.py:161} INFO - Started process (PID=129) to work on /home/airflow/.local/lib/python3.8/site-packages/airflow/example_dags/example_branch_datetime_operator.py
[2024-03-04T09:52:50.984+0000] {processor.py:830} INFO - Processing file /home/airflow/.local/lib/python3.8/site-packages/airflow/example_dags/example_branch_datetime_operator.py for tasks to queue
[2024-03-04T09:52:50.987+0000] {logging_mixin.py:188} INFO - [2024-03-04T09:52:50.987+0000] {dagbag.py:538} INFO - Filling up the DagBag from /home/airflow/.local/lib/python3.8/site-packages/airflow/example_dags/example_branch_datetime_operator.py
[2024-03-04T09:52:51.006+0000] {processor.py:840} INFO - DAG(s) 'example_branch_datetime_operator_2', 'example_branch_datetime_operator', 'example_branch_datetime_operator_3' retrieved from /home/airflow/.local/lib/python3.8/site-packages/airflow/example_dags/example_branch_datetime_operator.py
[2024-03-04T09:52:51.051+0000] {logging_mixin.py:188} INFO - [2024-03-04T09:52:51.051+0000] {dag.py:3036} INFO - Sync 3 DAGs
[2024-03-04T09:52:51.093+0000] {logging_mixin.py:188} INFO - [2024-03-04T09:52:51.093+0000] {dag.py:3823} INFO - Setting next_dagrun for example_branch_datetime_operator to 2024-03-03 00:00:00+00:00, run_after=2024-03-04 00:00:00+00:00
[2024-03-04T09:52:51.102+0000] {logging_mixin.py:188} INFO - [2024-03-04T09:52:51.102+0000] {dag.py:3823} INFO - Setting next_dagrun for example_branch_datetime_operator_2 to 2024-03-03 00:00:00+00:00, run_after=2024-03-04 00:00:00+00:00
[2024-03-04T09:52:51.108+0000] {logging_mixin.py:188} INFO - [2024-03-04T09:52:51.108+0000] {dag.py:3823} INFO - Setting next_dagrun for example_branch_datetime_operator_3 to 2024-03-03 00:00:00+00:00, run_after=2024-03-04 00:00:00+00:00
[2024-03-04T09:52:51.139+0000] {processor.py:183} INFO - Processing /home/airflow/.local/lib/python3.8/site-packages/airflow/example_dags/example_branch_datetime_operator.py took 0.161 seconds
[2024-03-04T09:53:21.368+0000] {processor.py:161} INFO - Started process (PID=187) to work on /home/airflow/.local/lib/python3.8/site-packages/airflow/example_dags/example_branch_datetime_operator.py
[2024-03-04T09:53:21.370+0000] {processor.py:830} INFO - Processing file /home/airflow/.local/lib/python3.8/site-packages/airflow/example_dags/example_branch_datetime_operator.py for tasks to queue
[2024-03-04T09:53:21.373+0000] {logging_mixin.py:188} INFO - [2024-03-04T09:53:21.372+0000] {dagbag.py:538} INFO - Filling up the DagBag from /home/airflow/.local/lib/python3.8/site-packages/airflow/example_dags/example_branch_datetime_operator.py
[2024-03-04T09:53:21.389+0000] {processor.py:840} INFO - DAG(s) 'example_branch_datetime_operator', 'example_branch_datetime_operator_3', 'example_branch_datetime_operator_2' retrieved from /home/airflow/.local/lib/python3.8/site-packages/airflow/example_dags/example_branch_datetime_operator.py
[2024-03-04T09:53:21.443+0000] {logging_mixin.py:188} INFO - [2024-03-04T09:53:21.442+0000] {dag.py:3036} INFO - Sync 3 DAGs
[2024-03-04T09:53:21.477+0000] {logging_mixin.py:188} INFO - [2024-03-04T09:53:21.477+0000] {dag.py:3823} INFO - Setting next_dagrun for example_branch_datetime_operator to 2024-03-03 00:00:00+00:00, run_after=2024-03-04 00:00:00+00:00
[2024-03-04T09:53:21.486+0000] {logging_mixin.py:188} INFO - [2024-03-04T09:53:21.486+0000] {dag.py:3823} INFO - Setting next_dagrun for example_branch_datetime_operator_2 to 2024-03-03 00:00:00+00:00, run_after=2024-03-04 00:00:00+00:00
[2024-03-04T09:53:21.492+0000] {logging_mixin.py:188} INFO - [2024-03-04T09:53:21.492+0000] {dag.py:3823} INFO - Setting next_dagrun for example_branch_datetime_operator_3 to 2024-03-03 00:00:00+00:00, run_after=2024-03-04 00:00:00+00:00
[2024-03-04T09:53:21.522+0000] {processor.py:183} INFO - Processing /home/airflow/.local/lib/python3.8/site-packages/airflow/example_dags/example_branch_datetime_operator.py took 0.160 seconds
[2024-03-04T09:56:36.232+0000] {processor.py:161} INFO - Started process (PID=71) to work on /home/airflow/.local/lib/python3.8/site-packages/airflow/example_dags/example_branch_datetime_operator.py
[2024-03-04T09:56:36.234+0000] {processor.py:830} INFO - Processing file /home/airflow/.local/lib/python3.8/site-packages/airflow/example_dags/example_branch_datetime_operator.py for tasks to queue
[2024-03-04T09:56:36.238+0000] {logging_mixin.py:188} INFO - [2024-03-04T09:56:36.238+0000] {dagbag.py:538} INFO - Filling up the DagBag from /home/airflow/.local/lib/python3.8/site-packages/airflow/example_dags/example_branch_datetime_operator.py
[2024-03-04T09:56:36.265+0000] {processor.py:840} INFO - DAG(s) 'example_branch_datetime_operator_3', 'example_branch_datetime_operator_2', 'example_branch_datetime_operator' retrieved from /home/airflow/.local/lib/python3.8/site-packages/airflow/example_dags/example_branch_datetime_operator.py
[2024-03-04T09:56:36.500+0000] {logging_mixin.py:188} INFO - [2024-03-04T09:56:36.499+0000] {dag.py:3036} INFO - Sync 3 DAGs
[2024-03-04T09:56:36.544+0000] {logging_mixin.py:188} INFO - [2024-03-04T09:56:36.544+0000] {dag.py:3823} INFO - Setting next_dagrun for example_branch_datetime_operator to 2024-03-03 00:00:00+00:00, run_after=2024-03-04 00:00:00+00:00
[2024-03-04T09:56:36.552+0000] {logging_mixin.py:188} INFO - [2024-03-04T09:56:36.552+0000] {dag.py:3823} INFO - Setting next_dagrun for example_branch_datetime_operator_2 to 2024-03-03 00:00:00+00:00, run_after=2024-03-04 00:00:00+00:00
[2024-03-04T09:56:36.557+0000] {logging_mixin.py:188} INFO - [2024-03-04T09:56:36.556+0000] {dag.py:3823} INFO - Setting next_dagrun for example_branch_datetime_operator_3 to 2024-03-03 00:00:00+00:00, run_after=2024-03-04 00:00:00+00:00
[2024-03-04T09:56:36.591+0000] {processor.py:183} INFO - Processing /home/airflow/.local/lib/python3.8/site-packages/airflow/example_dags/example_branch_datetime_operator.py took 0.365 seconds
[2024-03-04T09:57:07.137+0000] {processor.py:161} INFO - Started process (PID=128) to work on /home/airflow/.local/lib/python3.8/site-packages/airflow/example_dags/example_branch_datetime_operator.py
[2024-03-04T09:57:07.139+0000] {processor.py:830} INFO - Processing file /home/airflow/.local/lib/python3.8/site-packages/airflow/example_dags/example_branch_datetime_operator.py for tasks to queue
[2024-03-04T09:57:07.142+0000] {logging_mixin.py:188} INFO - [2024-03-04T09:57:07.142+0000] {dagbag.py:538} INFO - Filling up the DagBag from /home/airflow/.local/lib/python3.8/site-packages/airflow/example_dags/example_branch_datetime_operator.py
[2024-03-04T09:57:07.168+0000] {processor.py:840} INFO - DAG(s) 'example_branch_datetime_operator_3', 'example_branch_datetime_operator_2', 'example_branch_datetime_operator' retrieved from /home/airflow/.local/lib/python3.8/site-packages/airflow/example_dags/example_branch_datetime_operator.py
[2024-03-04T09:57:07.224+0000] {logging_mixin.py:188} INFO - [2024-03-04T09:57:07.223+0000] {dag.py:3036} INFO - Sync 3 DAGs
[2024-03-04T09:57:07.264+0000] {logging_mixin.py:188} INFO - [2024-03-04T09:57:07.264+0000] {dag.py:3823} INFO - Setting next_dagrun for example_branch_datetime_operator to 2024-03-03 00:00:00+00:00, run_after=2024-03-04 00:00:00+00:00
[2024-03-04T09:57:07.275+0000] {logging_mixin.py:188} INFO - [2024-03-04T09:57:07.274+0000] {dag.py:3823} INFO - Setting next_dagrun for example_branch_datetime_operator_2 to 2024-03-03 00:00:00+00:00, run_after=2024-03-04 00:00:00+00:00
[2024-03-04T09:57:07.282+0000] {logging_mixin.py:188} INFO - [2024-03-04T09:57:07.282+0000] {dag.py:3823} INFO - Setting next_dagrun for example_branch_datetime_operator_3 to 2024-03-03 00:00:00+00:00, run_after=2024-03-04 00:00:00+00:00
[2024-03-04T09:57:07.363+0000] {processor.py:183} INFO - Processing /home/airflow/.local/lib/python3.8/site-packages/airflow/example_dags/example_branch_datetime_operator.py took 0.232 seconds
[2024-03-04T09:57:38.402+0000] {processor.py:161} INFO - Started process (PID=185) to work on /home/airflow/.local/lib/python3.8/site-packages/airflow/example_dags/example_branch_datetime_operator.py
[2024-03-04T09:57:38.405+0000] {processor.py:830} INFO - Processing file /home/airflow/.local/lib/python3.8/site-packages/airflow/example_dags/example_branch_datetime_operator.py for tasks to queue
[2024-03-04T09:57:38.409+0000] {logging_mixin.py:188} INFO - [2024-03-04T09:57:38.408+0000] {dagbag.py:538} INFO - Filling up the DagBag from /home/airflow/.local/lib/python3.8/site-packages/airflow/example_dags/example_branch_datetime_operator.py
[2024-03-04T09:57:38.432+0000] {processor.py:840} INFO - DAG(s) 'example_branch_datetime_operator_2', 'example_branch_datetime_operator_3', 'example_branch_datetime_operator' retrieved from /home/airflow/.local/lib/python3.8/site-packages/airflow/example_dags/example_branch_datetime_operator.py
[2024-03-04T09:57:38.477+0000] {logging_mixin.py:188} INFO - [2024-03-04T09:57:38.477+0000] {dag.py:3036} INFO - Sync 3 DAGs
[2024-03-04T09:57:38.512+0000] {logging_mixin.py:188} INFO - [2024-03-04T09:57:38.512+0000] {dag.py:3823} INFO - Setting next_dagrun for example_branch_datetime_operator to 2024-03-03 00:00:00+00:00, run_after=2024-03-04 00:00:00+00:00
[2024-03-04T09:57:38.521+0000] {logging_mixin.py:188} INFO - [2024-03-04T09:57:38.521+0000] {dag.py:3823} INFO - Setting next_dagrun for example_branch_datetime_operator_2 to 2024-03-03 00:00:00+00:00, run_after=2024-03-04 00:00:00+00:00
[2024-03-04T09:57:38.528+0000] {logging_mixin.py:188} INFO - [2024-03-04T09:57:38.527+0000] {dag.py:3823} INFO - Setting next_dagrun for example_branch_datetime_operator_3 to 2024-03-03 00:00:00+00:00, run_after=2024-03-04 00:00:00+00:00
[2024-03-04T09:57:38.579+0000] {processor.py:183} INFO - Processing /home/airflow/.local/lib/python3.8/site-packages/airflow/example_dags/example_branch_datetime_operator.py took 0.182 seconds
[2024-03-04T09:58:09.928+0000] {processor.py:161} INFO - Started process (PID=246) to work on /home/airflow/.local/lib/python3.8/site-packages/airflow/example_dags/example_branch_datetime_operator.py
[2024-03-04T09:58:09.931+0000] {processor.py:830} INFO - Processing file /home/airflow/.local/lib/python3.8/site-packages/airflow/example_dags/example_branch_datetime_operator.py for tasks to queue
[2024-03-04T09:58:09.935+0000] {logging_mixin.py:188} INFO - [2024-03-04T09:58:09.934+0000] {dagbag.py:538} INFO - Filling up the DagBag from /home/airflow/.local/lib/python3.8/site-packages/airflow/example_dags/example_branch_datetime_operator.py
[2024-03-04T09:58:09.962+0000] {processor.py:840} INFO - DAG(s) 'example_branch_datetime_operator', 'example_branch_datetime_operator_3', 'example_branch_datetime_operator_2' retrieved from /home/airflow/.local/lib/python3.8/site-packages/airflow/example_dags/example_branch_datetime_operator.py
[2024-03-04T09:58:10.021+0000] {logging_mixin.py:188} INFO - [2024-03-04T09:58:10.021+0000] {dag.py:3036} INFO - Sync 3 DAGs
[2024-03-04T09:58:10.081+0000] {logging_mixin.py:188} INFO - [2024-03-04T09:58:10.081+0000] {dag.py:3823} INFO - Setting next_dagrun for example_branch_datetime_operator to 2024-03-03 00:00:00+00:00, run_after=2024-03-04 00:00:00+00:00
[2024-03-04T09:58:10.096+0000] {logging_mixin.py:188} INFO - [2024-03-04T09:58:10.095+0000] {dag.py:3823} INFO - Setting next_dagrun for example_branch_datetime_operator_2 to 2024-03-03 00:00:00+00:00, run_after=2024-03-04 00:00:00+00:00
[2024-03-04T09:58:10.105+0000] {logging_mixin.py:188} INFO - [2024-03-04T09:58:10.104+0000] {dag.py:3823} INFO - Setting next_dagrun for example_branch_datetime_operator_3 to 2024-03-03 00:00:00+00:00, run_after=2024-03-04 00:00:00+00:00
[2024-03-04T09:58:10.150+0000] {processor.py:183} INFO - Processing /home/airflow/.local/lib/python3.8/site-packages/airflow/example_dags/example_branch_datetime_operator.py took 0.228 seconds
[2024-03-04T09:58:40.575+0000] {processor.py:161} INFO - Started process (PID=304) to work on /home/airflow/.local/lib/python3.8/site-packages/airflow/example_dags/example_branch_datetime_operator.py
[2024-03-04T09:58:40.577+0000] {processor.py:830} INFO - Processing file /home/airflow/.local/lib/python3.8/site-packages/airflow/example_dags/example_branch_datetime_operator.py for tasks to queue
[2024-03-04T09:58:40.579+0000] {logging_mixin.py:188} INFO - [2024-03-04T09:58:40.579+0000] {dagbag.py:538} INFO - Filling up the DagBag from /home/airflow/.local/lib/python3.8/site-packages/airflow/example_dags/example_branch_datetime_operator.py
[2024-03-04T09:58:40.595+0000] {processor.py:840} INFO - DAG(s) 'example_branch_datetime_operator', 'example_branch_datetime_operator_2', 'example_branch_datetime_operator_3' retrieved from /home/airflow/.local/lib/python3.8/site-packages/airflow/example_dags/example_branch_datetime_operator.py
[2024-03-04T09:58:40.647+0000] {logging_mixin.py:188} INFO - [2024-03-04T09:58:40.646+0000] {dag.py:3036} INFO - Sync 3 DAGs
[2024-03-04T09:58:40.683+0000] {logging_mixin.py:188} INFO - [2024-03-04T09:58:40.682+0000] {dag.py:3823} INFO - Setting next_dagrun for example_branch_datetime_operator to 2024-03-03 00:00:00+00:00, run_after=2024-03-04 00:00:00+00:00
[2024-03-04T09:58:40.693+0000] {logging_mixin.py:188} INFO - [2024-03-04T09:58:40.693+0000] {dag.py:3823} INFO - Setting next_dagrun for example_branch_datetime_operator_2 to 2024-03-03 00:00:00+00:00, run_after=2024-03-04 00:00:00+00:00
[2024-03-04T09:58:40.698+0000] {logging_mixin.py:188} INFO - [2024-03-04T09:58:40.697+0000] {dag.py:3823} INFO - Setting next_dagrun for example_branch_datetime_operator_3 to 2024-03-03 00:00:00+00:00, run_after=2024-03-04 00:00:00+00:00
[2024-03-04T09:58:40.827+0000] {processor.py:183} INFO - Processing /home/airflow/.local/lib/python3.8/site-packages/airflow/example_dags/example_branch_datetime_operator.py took 0.260 seconds
[2024-03-04T09:59:11.466+0000] {processor.py:161} INFO - Started process (PID=361) to work on /home/airflow/.local/lib/python3.8/site-packages/airflow/example_dags/example_branch_datetime_operator.py
[2024-03-04T09:59:11.468+0000] {processor.py:830} INFO - Processing file /home/airflow/.local/lib/python3.8/site-packages/airflow/example_dags/example_branch_datetime_operator.py for tasks to queue
[2024-03-04T09:59:11.471+0000] {logging_mixin.py:188} INFO - [2024-03-04T09:59:11.470+0000] {dagbag.py:538} INFO - Filling up the DagBag from /home/airflow/.local/lib/python3.8/site-packages/airflow/example_dags/example_branch_datetime_operator.py
[2024-03-04T09:59:11.486+0000] {processor.py:840} INFO - DAG(s) 'example_branch_datetime_operator_3', 'example_branch_datetime_operator_2', 'example_branch_datetime_operator' retrieved from /home/airflow/.local/lib/python3.8/site-packages/airflow/example_dags/example_branch_datetime_operator.py
[2024-03-04T09:59:11.526+0000] {logging_mixin.py:188} INFO - [2024-03-04T09:59:11.526+0000] {dag.py:3036} INFO - Sync 3 DAGs
[2024-03-04T09:59:11.564+0000] {logging_mixin.py:188} INFO - [2024-03-04T09:59:11.563+0000] {dag.py:3823} INFO - Setting next_dagrun for example_branch_datetime_operator to 2024-03-03 00:00:00+00:00, run_after=2024-03-04 00:00:00+00:00
[2024-03-04T09:59:11.582+0000] {logging_mixin.py:188} INFO - [2024-03-04T09:59:11.581+0000] {dag.py:3823} INFO - Setting next_dagrun for example_branch_datetime_operator_2 to 2024-03-03 00:00:00+00:00, run_after=2024-03-04 00:00:00+00:00
[2024-03-04T09:59:11.593+0000] {logging_mixin.py:188} INFO - [2024-03-04T09:59:11.592+0000] {dag.py:3823} INFO - Setting next_dagrun for example_branch_datetime_operator_3 to 2024-03-03 00:00:00+00:00, run_after=2024-03-04 00:00:00+00:00
[2024-03-04T09:59:11.625+0000] {processor.py:183} INFO - Processing /home/airflow/.local/lib/python3.8/site-packages/airflow/example_dags/example_branch_datetime_operator.py took 0.163 seconds
[2024-03-04T09:59:43.036+0000] {processor.py:161} INFO - Started process (PID=418) to work on /home/airflow/.local/lib/python3.8/site-packages/airflow/example_dags/example_branch_datetime_operator.py
[2024-03-04T09:59:43.045+0000] {processor.py:830} INFO - Processing file /home/airflow/.local/lib/python3.8/site-packages/airflow/example_dags/example_branch_datetime_operator.py for tasks to queue
[2024-03-04T09:59:43.049+0000] {logging_mixin.py:188} INFO - [2024-03-04T09:59:43.049+0000] {dagbag.py:538} INFO - Filling up the DagBag from /home/airflow/.local/lib/python3.8/site-packages/airflow/example_dags/example_branch_datetime_operator.py
[2024-03-04T09:59:43.077+0000] {processor.py:840} INFO - DAG(s) 'example_branch_datetime_operator', 'example_branch_datetime_operator_3', 'example_branch_datetime_operator_2' retrieved from /home/airflow/.local/lib/python3.8/site-packages/airflow/example_dags/example_branch_datetime_operator.py
[2024-03-04T09:59:43.156+0000] {logging_mixin.py:188} INFO - [2024-03-04T09:59:43.156+0000] {dag.py:3036} INFO - Sync 3 DAGs
[2024-03-04T09:59:43.234+0000] {logging_mixin.py:188} INFO - [2024-03-04T09:59:43.234+0000] {dag.py:3823} INFO - Setting next_dagrun for example_branch_datetime_operator to 2024-03-03 00:00:00+00:00, run_after=2024-03-04 00:00:00+00:00
[2024-03-04T09:59:43.253+0000] {logging_mixin.py:188} INFO - [2024-03-04T09:59:43.252+0000] {dag.py:3823} INFO - Setting next_dagrun for example_branch_datetime_operator_2 to 2024-03-03 00:00:00+00:00, run_after=2024-03-04 00:00:00+00:00
[2024-03-04T09:59:43.261+0000] {logging_mixin.py:188} INFO - [2024-03-04T09:59:43.260+0000] {dag.py:3823} INFO - Setting next_dagrun for example_branch_datetime_operator_3 to 2024-03-03 00:00:00+00:00, run_after=2024-03-04 00:00:00+00:00
[2024-03-04T09:59:43.363+0000] {processor.py:183} INFO - Processing /home/airflow/.local/lib/python3.8/site-packages/airflow/example_dags/example_branch_datetime_operator.py took 0.334 seconds
[2024-03-04T10:00:14.397+0000] {processor.py:161} INFO - Started process (PID=479) to work on /home/airflow/.local/lib/python3.8/site-packages/airflow/example_dags/example_branch_datetime_operator.py
[2024-03-04T10:00:14.399+0000] {processor.py:830} INFO - Processing file /home/airflow/.local/lib/python3.8/site-packages/airflow/example_dags/example_branch_datetime_operator.py for tasks to queue
[2024-03-04T10:00:14.403+0000] {logging_mixin.py:188} INFO - [2024-03-04T10:00:14.402+0000] {dagbag.py:538} INFO - Filling up the DagBag from /home/airflow/.local/lib/python3.8/site-packages/airflow/example_dags/example_branch_datetime_operator.py
[2024-03-04T10:00:14.422+0000] {processor.py:840} INFO - DAG(s) 'example_branch_datetime_operator_2', 'example_branch_datetime_operator_3', 'example_branch_datetime_operator' retrieved from /home/airflow/.local/lib/python3.8/site-packages/airflow/example_dags/example_branch_datetime_operator.py
[2024-03-04T10:00:14.467+0000] {logging_mixin.py:188} INFO - [2024-03-04T10:00:14.466+0000] {dag.py:3036} INFO - Sync 3 DAGs
[2024-03-04T10:00:14.514+0000] {logging_mixin.py:188} INFO - [2024-03-04T10:00:14.514+0000] {dag.py:3823} INFO - Setting next_dagrun for example_branch_datetime_operator to 2024-03-03 00:00:00+00:00, run_after=2024-03-04 00:00:00+00:00
[2024-03-04T10:00:14.524+0000] {logging_mixin.py:188} INFO - [2024-03-04T10:00:14.524+0000] {dag.py:3823} INFO - Setting next_dagrun for example_branch_datetime_operator_2 to 2024-03-03 00:00:00+00:00, run_after=2024-03-04 00:00:00+00:00
[2024-03-04T10:00:14.529+0000] {logging_mixin.py:188} INFO - [2024-03-04T10:00:14.529+0000] {dag.py:3823} INFO - Setting next_dagrun for example_branch_datetime_operator_3 to 2024-03-03 00:00:00+00:00, run_after=2024-03-04 00:00:00+00:00
[2024-03-04T10:00:14.576+0000] {processor.py:183} INFO - Processing /home/airflow/.local/lib/python3.8/site-packages/airflow/example_dags/example_branch_datetime_operator.py took 0.183 seconds
[2024-03-04T10:00:45.164+0000] {processor.py:161} INFO - Started process (PID=534) to work on /home/airflow/.local/lib/python3.8/site-packages/airflow/example_dags/example_branch_datetime_operator.py
[2024-03-04T10:00:45.166+0000] {processor.py:830} INFO - Processing file /home/airflow/.local/lib/python3.8/site-packages/airflow/example_dags/example_branch_datetime_operator.py for tasks to queue
[2024-03-04T10:00:45.168+0000] {logging_mixin.py:188} INFO - [2024-03-04T10:00:45.168+0000] {dagbag.py:538} INFO - Filling up the DagBag from /home/airflow/.local/lib/python3.8/site-packages/airflow/example_dags/example_branch_datetime_operator.py
[2024-03-04T10:00:45.188+0000] {processor.py:840} INFO - DAG(s) 'example_branch_datetime_operator_3', 'example_branch_datetime_operator_2', 'example_branch_datetime_operator' retrieved from /home/airflow/.local/lib/python3.8/site-packages/airflow/example_dags/example_branch_datetime_operator.py
[2024-03-04T10:00:45.232+0000] {logging_mixin.py:188} INFO - [2024-03-04T10:00:45.231+0000] {dag.py:3036} INFO - Sync 3 DAGs
[2024-03-04T10:00:45.273+0000] {logging_mixin.py:188} INFO - [2024-03-04T10:00:45.273+0000] {dag.py:3823} INFO - Setting next_dagrun for example_branch_datetime_operator to 2024-03-03 00:00:00+00:00, run_after=2024-03-04 00:00:00+00:00
[2024-03-04T10:00:45.282+0000] {logging_mixin.py:188} INFO - [2024-03-04T10:00:45.281+0000] {dag.py:3823} INFO - Setting next_dagrun for example_branch_datetime_operator_2 to 2024-03-03 00:00:00+00:00, run_after=2024-03-04 00:00:00+00:00
[2024-03-04T10:00:45.287+0000] {logging_mixin.py:188} INFO - [2024-03-04T10:00:45.287+0000] {dag.py:3823} INFO - Setting next_dagrun for example_branch_datetime_operator_3 to 2024-03-03 00:00:00+00:00, run_after=2024-03-04 00:00:00+00:00
[2024-03-04T10:00:45.315+0000] {processor.py:183} INFO - Processing /home/airflow/.local/lib/python3.8/site-packages/airflow/example_dags/example_branch_datetime_operator.py took 0.156 seconds
[2024-03-04T10:01:15.913+0000] {processor.py:161} INFO - Started process (PID=591) to work on /home/airflow/.local/lib/python3.8/site-packages/airflow/example_dags/example_branch_datetime_operator.py
[2024-03-04T10:01:15.915+0000] {processor.py:830} INFO - Processing file /home/airflow/.local/lib/python3.8/site-packages/airflow/example_dags/example_branch_datetime_operator.py for tasks to queue
[2024-03-04T10:01:15.919+0000] {logging_mixin.py:188} INFO - [2024-03-04T10:01:15.918+0000] {dagbag.py:538} INFO - Filling up the DagBag from /home/airflow/.local/lib/python3.8/site-packages/airflow/example_dags/example_branch_datetime_operator.py
[2024-03-04T10:01:15.942+0000] {processor.py:840} INFO - DAG(s) 'example_branch_datetime_operator', 'example_branch_datetime_operator_2', 'example_branch_datetime_operator_3' retrieved from /home/airflow/.local/lib/python3.8/site-packages/airflow/example_dags/example_branch_datetime_operator.py
[2024-03-04T10:01:15.998+0000] {logging_mixin.py:188} INFO - [2024-03-04T10:01:15.998+0000] {dag.py:3036} INFO - Sync 3 DAGs
[2024-03-04T10:01:16.050+0000] {logging_mixin.py:188} INFO - [2024-03-04T10:01:16.049+0000] {dag.py:3823} INFO - Setting next_dagrun for example_branch_datetime_operator to 2024-03-03 00:00:00+00:00, run_after=2024-03-04 00:00:00+00:00
[2024-03-04T10:01:16.066+0000] {logging_mixin.py:188} INFO - [2024-03-04T10:01:16.065+0000] {dag.py:3823} INFO - Setting next_dagrun for example_branch_datetime_operator_2 to 2024-03-03 00:00:00+00:00, run_after=2024-03-04 00:00:00+00:00
[2024-03-04T10:01:16.073+0000] {logging_mixin.py:188} INFO - [2024-03-04T10:01:16.072+0000] {dag.py:3823} INFO - Setting next_dagrun for example_branch_datetime_operator_3 to 2024-03-03 00:00:00+00:00, run_after=2024-03-04 00:00:00+00:00
[2024-03-04T10:01:16.112+0000] {processor.py:183} INFO - Processing /home/airflow/.local/lib/python3.8/site-packages/airflow/example_dags/example_branch_datetime_operator.py took 0.206 seconds
[2024-03-04T10:01:46.734+0000] {processor.py:161} INFO - Started process (PID=648) to work on /home/airflow/.local/lib/python3.8/site-packages/airflow/example_dags/example_branch_datetime_operator.py
[2024-03-04T10:01:46.736+0000] {processor.py:830} INFO - Processing file /home/airflow/.local/lib/python3.8/site-packages/airflow/example_dags/example_branch_datetime_operator.py for tasks to queue
[2024-03-04T10:01:46.739+0000] {logging_mixin.py:188} INFO - [2024-03-04T10:01:46.738+0000] {dagbag.py:538} INFO - Filling up the DagBag from /home/airflow/.local/lib/python3.8/site-packages/airflow/example_dags/example_branch_datetime_operator.py
[2024-03-04T10:01:46.754+0000] {processor.py:840} INFO - DAG(s) 'example_branch_datetime_operator_2', 'example_branch_datetime_operator', 'example_branch_datetime_operator_3' retrieved from /home/airflow/.local/lib/python3.8/site-packages/airflow/example_dags/example_branch_datetime_operator.py
[2024-03-04T10:01:46.792+0000] {logging_mixin.py:188} INFO - [2024-03-04T10:01:46.792+0000] {dag.py:3036} INFO - Sync 3 DAGs
[2024-03-04T10:01:46.832+0000] {logging_mixin.py:188} INFO - [2024-03-04T10:01:46.832+0000] {dag.py:3823} INFO - Setting next_dagrun for example_branch_datetime_operator to 2024-03-03 00:00:00+00:00, run_after=2024-03-04 00:00:00+00:00
[2024-03-04T10:01:46.845+0000] {logging_mixin.py:188} INFO - [2024-03-04T10:01:46.845+0000] {dag.py:3823} INFO - Setting next_dagrun for example_branch_datetime_operator_2 to 2024-03-03 00:00:00+00:00, run_after=2024-03-04 00:00:00+00:00
[2024-03-04T10:01:46.852+0000] {logging_mixin.py:188} INFO - [2024-03-04T10:01:46.852+0000] {dag.py:3823} INFO - Setting next_dagrun for example_branch_datetime_operator_3 to 2024-03-03 00:00:00+00:00, run_after=2024-03-04 00:00:00+00:00
[2024-03-04T10:01:46.884+0000] {processor.py:183} INFO - Processing /home/airflow/.local/lib/python3.8/site-packages/airflow/example_dags/example_branch_datetime_operator.py took 0.156 seconds
[2024-03-04T10:05:01.873+0000] {processor.py:161} INFO - Started process (PID=64) to work on /home/airflow/.local/lib/python3.8/site-packages/airflow/example_dags/example_branch_datetime_operator.py
[2024-03-04T10:05:01.875+0000] {processor.py:830} INFO - Processing file /home/airflow/.local/lib/python3.8/site-packages/airflow/example_dags/example_branch_datetime_operator.py for tasks to queue
[2024-03-04T10:05:01.877+0000] {logging_mixin.py:188} INFO - [2024-03-04T10:05:01.877+0000] {dagbag.py:538} INFO - Filling up the DagBag from /home/airflow/.local/lib/python3.8/site-packages/airflow/example_dags/example_branch_datetime_operator.py
[2024-03-04T10:05:01.895+0000] {processor.py:840} INFO - DAG(s) 'example_branch_datetime_operator_2', 'example_branch_datetime_operator', 'example_branch_datetime_operator_3' retrieved from /home/airflow/.local/lib/python3.8/site-packages/airflow/example_dags/example_branch_datetime_operator.py
[2024-03-04T10:05:02.083+0000] {logging_mixin.py:188} INFO - [2024-03-04T10:05:02.083+0000] {dag.py:3036} INFO - Sync 3 DAGs
[2024-03-04T10:05:02.117+0000] {logging_mixin.py:188} INFO - [2024-03-04T10:05:02.117+0000] {dag.py:3823} INFO - Setting next_dagrun for example_branch_datetime_operator to 2024-03-03 00:00:00+00:00, run_after=2024-03-04 00:00:00+00:00
[2024-03-04T10:05:02.123+0000] {logging_mixin.py:188} INFO - [2024-03-04T10:05:02.123+0000] {dag.py:3823} INFO - Setting next_dagrun for example_branch_datetime_operator_2 to 2024-03-03 00:00:00+00:00, run_after=2024-03-04 00:00:00+00:00
[2024-03-04T10:05:02.128+0000] {logging_mixin.py:188} INFO - [2024-03-04T10:05:02.128+0000] {dag.py:3823} INFO - Setting next_dagrun for example_branch_datetime_operator_3 to 2024-03-03 00:00:00+00:00, run_after=2024-03-04 00:00:00+00:00
[2024-03-04T10:05:02.174+0000] {processor.py:183} INFO - Processing /home/airflow/.local/lib/python3.8/site-packages/airflow/example_dags/example_branch_datetime_operator.py took 0.306 seconds
[2024-03-04T10:05:33.102+0000] {processor.py:161} INFO - Started process (PID=122) to work on /home/airflow/.local/lib/python3.8/site-packages/airflow/example_dags/example_branch_datetime_operator.py
[2024-03-04T10:05:33.103+0000] {processor.py:830} INFO - Processing file /home/airflow/.local/lib/python3.8/site-packages/airflow/example_dags/example_branch_datetime_operator.py for tasks to queue
[2024-03-04T10:05:33.108+0000] {logging_mixin.py:188} INFO - [2024-03-04T10:05:33.107+0000] {dagbag.py:538} INFO - Filling up the DagBag from /home/airflow/.local/lib/python3.8/site-packages/airflow/example_dags/example_branch_datetime_operator.py
[2024-03-04T10:05:33.126+0000] {processor.py:840} INFO - DAG(s) 'example_branch_datetime_operator_2', 'example_branch_datetime_operator', 'example_branch_datetime_operator_3' retrieved from /home/airflow/.local/lib/python3.8/site-packages/airflow/example_dags/example_branch_datetime_operator.py
[2024-03-04T10:05:33.176+0000] {logging_mixin.py:188} INFO - [2024-03-04T10:05:33.176+0000] {dag.py:3036} INFO - Sync 3 DAGs
[2024-03-04T10:05:33.216+0000] {logging_mixin.py:188} INFO - [2024-03-04T10:05:33.215+0000] {dag.py:3823} INFO - Setting next_dagrun for example_branch_datetime_operator to 2024-03-03 00:00:00+00:00, run_after=2024-03-04 00:00:00+00:00
[2024-03-04T10:05:33.229+0000] {logging_mixin.py:188} INFO - [2024-03-04T10:05:33.228+0000] {dag.py:3823} INFO - Setting next_dagrun for example_branch_datetime_operator_2 to 2024-03-03 00:00:00+00:00, run_after=2024-03-04 00:00:00+00:00
[2024-03-04T10:05:33.236+0000] {logging_mixin.py:188} INFO - [2024-03-04T10:05:33.236+0000] {dag.py:3823} INFO - Setting next_dagrun for example_branch_datetime_operator_3 to 2024-03-03 00:00:00+00:00, run_after=2024-03-04 00:00:00+00:00
[2024-03-04T10:05:33.291+0000] {processor.py:183} INFO - Processing /home/airflow/.local/lib/python3.8/site-packages/airflow/example_dags/example_branch_datetime_operator.py took 0.195 seconds
[2024-03-04T10:11:56.032+0000] {processor.py:161} INFO - Started process (PID=64) to work on /home/airflow/.local/lib/python3.8/site-packages/airflow/example_dags/example_branch_datetime_operator.py
[2024-03-04T10:11:56.034+0000] {processor.py:830} INFO - Processing file /home/airflow/.local/lib/python3.8/site-packages/airflow/example_dags/example_branch_datetime_operator.py for tasks to queue
[2024-03-04T10:11:56.037+0000] {logging_mixin.py:188} INFO - [2024-03-04T10:11:56.037+0000] {dagbag.py:538} INFO - Filling up the DagBag from /home/airflow/.local/lib/python3.8/site-packages/airflow/example_dags/example_branch_datetime_operator.py
[2024-03-04T10:11:56.059+0000] {processor.py:840} INFO - DAG(s) 'example_branch_datetime_operator_3', 'example_branch_datetime_operator_2', 'example_branch_datetime_operator' retrieved from /home/airflow/.local/lib/python3.8/site-packages/airflow/example_dags/example_branch_datetime_operator.py
[2024-03-04T10:11:56.305+0000] {logging_mixin.py:188} INFO - [2024-03-04T10:11:56.304+0000] {dag.py:3036} INFO - Sync 3 DAGs
[2024-03-04T10:11:56.338+0000] {logging_mixin.py:188} INFO - [2024-03-04T10:11:56.338+0000] {dag.py:3823} INFO - Setting next_dagrun for example_branch_datetime_operator to 2024-03-03 00:00:00+00:00, run_after=2024-03-04 00:00:00+00:00
[2024-03-04T10:11:56.347+0000] {logging_mixin.py:188} INFO - [2024-03-04T10:11:56.346+0000] {dag.py:3823} INFO - Setting next_dagrun for example_branch_datetime_operator_2 to 2024-03-03 00:00:00+00:00, run_after=2024-03-04 00:00:00+00:00
[2024-03-04T10:11:56.352+0000] {logging_mixin.py:188} INFO - [2024-03-04T10:11:56.352+0000] {dag.py:3823} INFO - Setting next_dagrun for example_branch_datetime_operator_3 to 2024-03-03 00:00:00+00:00, run_after=2024-03-04 00:00:00+00:00
[2024-03-04T10:11:56.395+0000] {processor.py:183} INFO - Processing /home/airflow/.local/lib/python3.8/site-packages/airflow/example_dags/example_branch_datetime_operator.py took 0.367 seconds
[2024-03-04T10:12:27.166+0000] {processor.py:161} INFO - Started process (PID=121) to work on /home/airflow/.local/lib/python3.8/site-packages/airflow/example_dags/example_branch_datetime_operator.py
[2024-03-04T10:12:27.168+0000] {processor.py:830} INFO - Processing file /home/airflow/.local/lib/python3.8/site-packages/airflow/example_dags/example_branch_datetime_operator.py for tasks to queue
[2024-03-04T10:12:27.172+0000] {logging_mixin.py:188} INFO - [2024-03-04T10:12:27.171+0000] {dagbag.py:538} INFO - Filling up the DagBag from /home/airflow/.local/lib/python3.8/site-packages/airflow/example_dags/example_branch_datetime_operator.py
[2024-03-04T10:12:27.192+0000] {processor.py:840} INFO - DAG(s) 'example_branch_datetime_operator_3', 'example_branch_datetime_operator_2', 'example_branch_datetime_operator' retrieved from /home/airflow/.local/lib/python3.8/site-packages/airflow/example_dags/example_branch_datetime_operator.py
[2024-03-04T10:12:27.247+0000] {logging_mixin.py:188} INFO - [2024-03-04T10:12:27.246+0000] {dag.py:3036} INFO - Sync 3 DAGs
[2024-03-04T10:12:27.285+0000] {logging_mixin.py:188} INFO - [2024-03-04T10:12:27.285+0000] {dag.py:3823} INFO - Setting next_dagrun for example_branch_datetime_operator to 2024-03-03 00:00:00+00:00, run_after=2024-03-04 00:00:00+00:00
[2024-03-04T10:12:27.294+0000] {logging_mixin.py:188} INFO - [2024-03-04T10:12:27.294+0000] {dag.py:3823} INFO - Setting next_dagrun for example_branch_datetime_operator_2 to 2024-03-03 00:00:00+00:00, run_after=2024-03-04 00:00:00+00:00
[2024-03-04T10:12:27.300+0000] {logging_mixin.py:188} INFO - [2024-03-04T10:12:27.300+0000] {dag.py:3823} INFO - Setting next_dagrun for example_branch_datetime_operator_3 to 2024-03-03 00:00:00+00:00, run_after=2024-03-04 00:00:00+00:00
[2024-03-04T10:12:27.332+0000] {processor.py:183} INFO - Processing /home/airflow/.local/lib/python3.8/site-packages/airflow/example_dags/example_branch_datetime_operator.py took 0.171 seconds
[2024-03-04T10:12:57.800+0000] {processor.py:161} INFO - Started process (PID=178) to work on /home/airflow/.local/lib/python3.8/site-packages/airflow/example_dags/example_branch_datetime_operator.py
[2024-03-04T10:12:57.802+0000] {processor.py:830} INFO - Processing file /home/airflow/.local/lib/python3.8/site-packages/airflow/example_dags/example_branch_datetime_operator.py for tasks to queue
[2024-03-04T10:12:57.805+0000] {logging_mixin.py:188} INFO - [2024-03-04T10:12:57.804+0000] {dagbag.py:538} INFO - Filling up the DagBag from /home/airflow/.local/lib/python3.8/site-packages/airflow/example_dags/example_branch_datetime_operator.py
[2024-03-04T10:12:57.819+0000] {processor.py:840} INFO - DAG(s) 'example_branch_datetime_operator_2', 'example_branch_datetime_operator', 'example_branch_datetime_operator_3' retrieved from /home/airflow/.local/lib/python3.8/site-packages/airflow/example_dags/example_branch_datetime_operator.py
[2024-03-04T10:12:57.863+0000] {logging_mixin.py:188} INFO - [2024-03-04T10:12:57.863+0000] {dag.py:3036} INFO - Sync 3 DAGs
[2024-03-04T10:12:57.898+0000] {logging_mixin.py:188} INFO - [2024-03-04T10:12:57.897+0000] {dag.py:3823} INFO - Setting next_dagrun for example_branch_datetime_operator to 2024-03-03 00:00:00+00:00, run_after=2024-03-04 00:00:00+00:00
[2024-03-04T10:12:57.906+0000] {logging_mixin.py:188} INFO - [2024-03-04T10:12:57.906+0000] {dag.py:3823} INFO - Setting next_dagrun for example_branch_datetime_operator_2 to 2024-03-03 00:00:00+00:00, run_after=2024-03-04 00:00:00+00:00
[2024-03-04T10:12:57.911+0000] {logging_mixin.py:188} INFO - [2024-03-04T10:12:57.911+0000] {dag.py:3823} INFO - Setting next_dagrun for example_branch_datetime_operator_3 to 2024-03-03 00:00:00+00:00, run_after=2024-03-04 00:00:00+00:00
[2024-03-04T10:12:57.942+0000] {processor.py:183} INFO - Processing /home/airflow/.local/lib/python3.8/site-packages/airflow/example_dags/example_branch_datetime_operator.py took 0.146 seconds
[2024-03-04T10:15:44.451+0000] {processor.py:161} INFO - Started process (PID=64) to work on /home/airflow/.local/lib/python3.8/site-packages/airflow/example_dags/example_branch_datetime_operator.py
[2024-03-04T10:15:44.453+0000] {processor.py:830} INFO - Processing file /home/airflow/.local/lib/python3.8/site-packages/airflow/example_dags/example_branch_datetime_operator.py for tasks to queue
[2024-03-04T10:15:44.457+0000] {logging_mixin.py:188} INFO - [2024-03-04T10:15:44.456+0000] {dagbag.py:538} INFO - Filling up the DagBag from /home/airflow/.local/lib/python3.8/site-packages/airflow/example_dags/example_branch_datetime_operator.py
[2024-03-04T10:15:44.478+0000] {processor.py:840} INFO - DAG(s) 'example_branch_datetime_operator_3', 'example_branch_datetime_operator', 'example_branch_datetime_operator_2' retrieved from /home/airflow/.local/lib/python3.8/site-packages/airflow/example_dags/example_branch_datetime_operator.py
[2024-03-04T10:15:44.737+0000] {logging_mixin.py:188} INFO - [2024-03-04T10:15:44.736+0000] {dag.py:3036} INFO - Sync 3 DAGs
[2024-03-04T10:15:44.773+0000] {logging_mixin.py:188} INFO - [2024-03-04T10:15:44.772+0000] {dag.py:3823} INFO - Setting next_dagrun for example_branch_datetime_operator to 2024-03-03 00:00:00+00:00, run_after=2024-03-04 00:00:00+00:00
[2024-03-04T10:15:44.779+0000] {logging_mixin.py:188} INFO - [2024-03-04T10:15:44.779+0000] {dag.py:3823} INFO - Setting next_dagrun for example_branch_datetime_operator_2 to 2024-03-03 00:00:00+00:00, run_after=2024-03-04 00:00:00+00:00
[2024-03-04T10:15:44.783+0000] {logging_mixin.py:188} INFO - [2024-03-04T10:15:44.783+0000] {dag.py:3823} INFO - Setting next_dagrun for example_branch_datetime_operator_3 to 2024-03-03 00:00:00+00:00, run_after=2024-03-04 00:00:00+00:00
[2024-03-04T10:15:44.809+0000] {processor.py:183} INFO - Processing /home/airflow/.local/lib/python3.8/site-packages/airflow/example_dags/example_branch_datetime_operator.py took 0.364 seconds
[2024-03-04T10:16:14.851+0000] {processor.py:161} INFO - Started process (PID=121) to work on /home/airflow/.local/lib/python3.8/site-packages/airflow/example_dags/example_branch_datetime_operator.py
[2024-03-04T10:16:14.853+0000] {processor.py:830} INFO - Processing file /home/airflow/.local/lib/python3.8/site-packages/airflow/example_dags/example_branch_datetime_operator.py for tasks to queue
[2024-03-04T10:16:14.856+0000] {logging_mixin.py:188} INFO - [2024-03-04T10:16:14.856+0000] {dagbag.py:538} INFO - Filling up the DagBag from /home/airflow/.local/lib/python3.8/site-packages/airflow/example_dags/example_branch_datetime_operator.py
[2024-03-04T10:16:14.873+0000] {processor.py:840} INFO - DAG(s) 'example_branch_datetime_operator_3', 'example_branch_datetime_operator', 'example_branch_datetime_operator_2' retrieved from /home/airflow/.local/lib/python3.8/site-packages/airflow/example_dags/example_branch_datetime_operator.py
[2024-03-04T10:16:14.917+0000] {logging_mixin.py:188} INFO - [2024-03-04T10:16:14.917+0000] {dag.py:3036} INFO - Sync 3 DAGs
[2024-03-04T10:16:14.950+0000] {logging_mixin.py:188} INFO - [2024-03-04T10:16:14.950+0000] {dag.py:3823} INFO - Setting next_dagrun for example_branch_datetime_operator to 2024-03-03 00:00:00+00:00, run_after=2024-03-04 00:00:00+00:00
[2024-03-04T10:16:14.959+0000] {logging_mixin.py:188} INFO - [2024-03-04T10:16:14.959+0000] {dag.py:3823} INFO - Setting next_dagrun for example_branch_datetime_operator_2 to 2024-03-03 00:00:00+00:00, run_after=2024-03-04 00:00:00+00:00
[2024-03-04T10:16:14.964+0000] {logging_mixin.py:188} INFO - [2024-03-04T10:16:14.964+0000] {dag.py:3823} INFO - Setting next_dagrun for example_branch_datetime_operator_3 to 2024-03-03 00:00:00+00:00, run_after=2024-03-04 00:00:00+00:00
[2024-03-04T10:16:14.990+0000] {processor.py:183} INFO - Processing /home/airflow/.local/lib/python3.8/site-packages/airflow/example_dags/example_branch_datetime_operator.py took 0.144 seconds
[2024-03-04T10:16:45.268+0000] {processor.py:161} INFO - Started process (PID=178) to work on /home/airflow/.local/lib/python3.8/site-packages/airflow/example_dags/example_branch_datetime_operator.py
[2024-03-04T10:16:45.270+0000] {processor.py:830} INFO - Processing file /home/airflow/.local/lib/python3.8/site-packages/airflow/example_dags/example_branch_datetime_operator.py for tasks to queue
[2024-03-04T10:16:45.273+0000] {logging_mixin.py:188} INFO - [2024-03-04T10:16:45.272+0000] {dagbag.py:538} INFO - Filling up the DagBag from /home/airflow/.local/lib/python3.8/site-packages/airflow/example_dags/example_branch_datetime_operator.py
[2024-03-04T10:16:45.288+0000] {processor.py:840} INFO - DAG(s) 'example_branch_datetime_operator', 'example_branch_datetime_operator_3', 'example_branch_datetime_operator_2' retrieved from /home/airflow/.local/lib/python3.8/site-packages/airflow/example_dags/example_branch_datetime_operator.py
[2024-03-04T10:16:45.330+0000] {logging_mixin.py:188} INFO - [2024-03-04T10:16:45.330+0000] {dag.py:3036} INFO - Sync 3 DAGs
[2024-03-04T10:16:45.362+0000] {logging_mixin.py:188} INFO - [2024-03-04T10:16:45.361+0000] {dag.py:3823} INFO - Setting next_dagrun for example_branch_datetime_operator to 2024-03-03 00:00:00+00:00, run_after=2024-03-04 00:00:00+00:00
[2024-03-04T10:16:45.369+0000] {logging_mixin.py:188} INFO - [2024-03-04T10:16:45.369+0000] {dag.py:3823} INFO - Setting next_dagrun for example_branch_datetime_operator_2 to 2024-03-03 00:00:00+00:00, run_after=2024-03-04 00:00:00+00:00
[2024-03-04T10:16:45.373+0000] {logging_mixin.py:188} INFO - [2024-03-04T10:16:45.373+0000] {dag.py:3823} INFO - Setting next_dagrun for example_branch_datetime_operator_3 to 2024-03-03 00:00:00+00:00, run_after=2024-03-04 00:00:00+00:00
[2024-03-04T10:16:45.399+0000] {processor.py:183} INFO - Processing /home/airflow/.local/lib/python3.8/site-packages/airflow/example_dags/example_branch_datetime_operator.py took 0.136 seconds
