[2024-03-04T09:52:14.481+0000] {processor.py:161} INFO - Started process (PID=59) to work on /home/airflow/.local/lib/python3.8/site-packages/airflow/example_dags/example_branch_labels.py
[2024-03-04T09:52:14.484+0000] {processor.py:830} INFO - Processing file /home/airflow/.local/lib/python3.8/site-packages/airflow/example_dags/example_branch_labels.py for tasks to queue
[2024-03-04T09:52:14.488+0000] {logging_mixin.py:188} INFO - [2024-03-04T09:52:14.487+0000] {dagbag.py:538} INFO - Filling up the DagBag from /home/airflow/.local/lib/python3.8/site-packages/airflow/example_dags/example_branch_labels.py
[2024-03-04T09:52:14.518+0000] {processor.py:840} INFO - DAG(s) 'example_branch_labels' retrieved from /home/airflow/.local/lib/python3.8/site-packages/airflow/example_dags/example_branch_labels.py
[2024-03-04T09:52:14.760+0000] {logging_mixin.py:188} INFO - [2024-03-04T09:52:14.759+0000] {override.py:1769} INFO - Created Permission View: can read on DAG:example_branch_labels
[2024-03-04T09:52:14.784+0000] {logging_mixin.py:188} INFO - [2024-03-04T09:52:14.784+0000] {override.py:1769} INFO - Created Permission View: can delete on DAG:example_branch_labels
[2024-03-04T09:52:14.798+0000] {logging_mixin.py:188} INFO - [2024-03-04T09:52:14.797+0000] {override.py:1769} INFO - Created Permission View: can edit on DAG:example_branch_labels
[2024-03-04T09:52:14.799+0000] {logging_mixin.py:188} INFO - [2024-03-04T09:52:14.799+0000] {dag.py:3036} INFO - Sync 1 DAGs
[2024-03-04T09:52:14.822+0000] {logging_mixin.py:188} INFO - [2024-03-04T09:52:14.821+0000] {dag.py:3058} INFO - Creating ORM DAG for example_branch_labels
[2024-03-04T09:52:14.846+0000] {logging_mixin.py:188} INFO - [2024-03-04T09:52:14.845+0000] {dag.py:3823} INFO - Setting next_dagrun for example_branch_labels to 2024-03-03 00:00:00+00:00, run_after=2024-03-04 00:00:00+00:00
[2024-03-04T09:52:14.877+0000] {processor.py:183} INFO - Processing /home/airflow/.local/lib/python3.8/site-packages/airflow/example_dags/example_branch_labels.py took 0.415 seconds
[2024-03-04T09:52:45.244+0000] {processor.py:161} INFO - Started process (PID=116) to work on /home/airflow/.local/lib/python3.8/site-packages/airflow/example_dags/example_branch_labels.py
[2024-03-04T09:52:45.246+0000] {processor.py:830} INFO - Processing file /home/airflow/.local/lib/python3.8/site-packages/airflow/example_dags/example_branch_labels.py for tasks to queue
[2024-03-04T09:52:45.250+0000] {logging_mixin.py:188} INFO - [2024-03-04T09:52:45.249+0000] {dagbag.py:538} INFO - Filling up the DagBag from /home/airflow/.local/lib/python3.8/site-packages/airflow/example_dags/example_branch_labels.py
[2024-03-04T09:52:45.267+0000] {processor.py:840} INFO - DAG(s) 'example_branch_labels' retrieved from /home/airflow/.local/lib/python3.8/site-packages/airflow/example_dags/example_branch_labels.py
[2024-03-04T09:52:45.313+0000] {logging_mixin.py:188} INFO - [2024-03-04T09:52:45.312+0000] {dag.py:3036} INFO - Sync 1 DAGs
[2024-03-04T09:52:45.360+0000] {logging_mixin.py:188} INFO - [2024-03-04T09:52:45.359+0000] {dag.py:3823} INFO - Setting next_dagrun for example_branch_labels to 2024-03-03 00:00:00+00:00, run_after=2024-03-04 00:00:00+00:00
[2024-03-04T09:52:45.393+0000] {processor.py:183} INFO - Processing /home/airflow/.local/lib/python3.8/site-packages/airflow/example_dags/example_branch_labels.py took 0.155 seconds
[2024-03-04T09:53:15.644+0000] {processor.py:161} INFO - Started process (PID=174) to work on /home/airflow/.local/lib/python3.8/site-packages/airflow/example_dags/example_branch_labels.py
[2024-03-04T09:53:15.647+0000] {processor.py:830} INFO - Processing file /home/airflow/.local/lib/python3.8/site-packages/airflow/example_dags/example_branch_labels.py for tasks to queue
[2024-03-04T09:53:15.653+0000] {logging_mixin.py:188} INFO - [2024-03-04T09:53:15.652+0000] {dagbag.py:538} INFO - Filling up the DagBag from /home/airflow/.local/lib/python3.8/site-packages/airflow/example_dags/example_branch_labels.py
[2024-03-04T09:53:15.670+0000] {processor.py:840} INFO - DAG(s) 'example_branch_labels' retrieved from /home/airflow/.local/lib/python3.8/site-packages/airflow/example_dags/example_branch_labels.py
[2024-03-04T09:53:15.723+0000] {logging_mixin.py:188} INFO - [2024-03-04T09:53:15.723+0000] {dag.py:3036} INFO - Sync 1 DAGs
[2024-03-04T09:53:15.780+0000] {logging_mixin.py:188} INFO - [2024-03-04T09:53:15.779+0000] {dag.py:3823} INFO - Setting next_dagrun for example_branch_labels to 2024-03-03 00:00:00+00:00, run_after=2024-03-04 00:00:00+00:00
[2024-03-04T09:53:15.826+0000] {processor.py:183} INFO - Processing /home/airflow/.local/lib/python3.8/site-packages/airflow/example_dags/example_branch_labels.py took 0.189 seconds
[2024-03-04T09:53:47.252+0000] {processor.py:161} INFO - Started process (PID=231) to work on /home/airflow/.local/lib/python3.8/site-packages/airflow/example_dags/example_branch_labels.py
[2024-03-04T09:53:47.254+0000] {processor.py:830} INFO - Processing file /home/airflow/.local/lib/python3.8/site-packages/airflow/example_dags/example_branch_labels.py for tasks to queue
[2024-03-04T09:53:47.266+0000] {logging_mixin.py:188} INFO - [2024-03-04T09:53:47.265+0000] {dagbag.py:538} INFO - Filling up the DagBag from /home/airflow/.local/lib/python3.8/site-packages/airflow/example_dags/example_branch_labels.py
[2024-03-04T09:53:47.292+0000] {processor.py:840} INFO - DAG(s) 'example_branch_labels' retrieved from /home/airflow/.local/lib/python3.8/site-packages/airflow/example_dags/example_branch_labels.py
[2024-03-04T09:53:47.358+0000] {logging_mixin.py:188} INFO - [2024-03-04T09:53:47.357+0000] {dag.py:3036} INFO - Sync 1 DAGs
[2024-03-04T09:53:47.424+0000] {logging_mixin.py:188} INFO - [2024-03-04T09:53:47.423+0000] {dag.py:3823} INFO - Setting next_dagrun for example_branch_labels to 2024-03-03 00:00:00+00:00, run_after=2024-03-04 00:00:00+00:00
[2024-03-04T09:53:47.463+0000] {processor.py:183} INFO - Processing /home/airflow/.local/lib/python3.8/site-packages/airflow/example_dags/example_branch_labels.py took 0.224 seconds
[2024-03-04T09:56:34.040+0000] {processor.py:161} INFO - Started process (PID=53) to work on /home/airflow/.local/lib/python3.8/site-packages/airflow/example_dags/example_branch_labels.py
[2024-03-04T09:56:34.041+0000] {processor.py:830} INFO - Processing file /home/airflow/.local/lib/python3.8/site-packages/airflow/example_dags/example_branch_labels.py for tasks to queue
[2024-03-04T09:56:34.045+0000] {logging_mixin.py:188} INFO - [2024-03-04T09:56:34.045+0000] {dagbag.py:538} INFO - Filling up the DagBag from /home/airflow/.local/lib/python3.8/site-packages/airflow/example_dags/example_branch_labels.py
[2024-03-04T09:56:34.064+0000] {processor.py:840} INFO - DAG(s) 'example_branch_labels' retrieved from /home/airflow/.local/lib/python3.8/site-packages/airflow/example_dags/example_branch_labels.py
[2024-03-04T09:56:34.226+0000] {logging_mixin.py:188} INFO - [2024-03-04T09:56:34.225+0000] {dag.py:3036} INFO - Sync 1 DAGs
[2024-03-04T09:56:34.255+0000] {logging_mixin.py:188} INFO - [2024-03-04T09:56:34.255+0000] {dag.py:3823} INFO - Setting next_dagrun for example_branch_labels to 2024-03-03 00:00:00+00:00, run_after=2024-03-04 00:00:00+00:00
[2024-03-04T09:56:34.285+0000] {processor.py:183} INFO - Processing /home/airflow/.local/lib/python3.8/site-packages/airflow/example_dags/example_branch_labels.py took 0.250 seconds
[2024-03-04T09:57:05.501+0000] {processor.py:161} INFO - Started process (PID=116) to work on /home/airflow/.local/lib/python3.8/site-packages/airflow/example_dags/example_branch_labels.py
[2024-03-04T09:57:05.502+0000] {processor.py:830} INFO - Processing file /home/airflow/.local/lib/python3.8/site-packages/airflow/example_dags/example_branch_labels.py for tasks to queue
[2024-03-04T09:57:05.505+0000] {logging_mixin.py:188} INFO - [2024-03-04T09:57:05.505+0000] {dagbag.py:538} INFO - Filling up the DagBag from /home/airflow/.local/lib/python3.8/site-packages/airflow/example_dags/example_branch_labels.py
[2024-03-04T09:57:05.516+0000] {processor.py:840} INFO - DAG(s) 'example_branch_labels' retrieved from /home/airflow/.local/lib/python3.8/site-packages/airflow/example_dags/example_branch_labels.py
[2024-03-04T09:57:05.554+0000] {logging_mixin.py:188} INFO - [2024-03-04T09:57:05.553+0000] {dag.py:3036} INFO - Sync 1 DAGs
[2024-03-04T09:57:05.588+0000] {logging_mixin.py:188} INFO - [2024-03-04T09:57:05.588+0000] {dag.py:3823} INFO - Setting next_dagrun for example_branch_labels to 2024-03-03 00:00:00+00:00, run_after=2024-03-04 00:00:00+00:00
[2024-03-04T09:57:05.625+0000] {processor.py:183} INFO - Processing /home/airflow/.local/lib/python3.8/site-packages/airflow/example_dags/example_branch_labels.py took 0.130 seconds
[2024-03-04T09:57:37.224+0000] {processor.py:161} INFO - Started process (PID=173) to work on /home/airflow/.local/lib/python3.8/site-packages/airflow/example_dags/example_branch_labels.py
[2024-03-04T09:57:37.226+0000] {processor.py:830} INFO - Processing file /home/airflow/.local/lib/python3.8/site-packages/airflow/example_dags/example_branch_labels.py for tasks to queue
[2024-03-04T09:57:37.230+0000] {logging_mixin.py:188} INFO - [2024-03-04T09:57:37.229+0000] {dagbag.py:538} INFO - Filling up the DagBag from /home/airflow/.local/lib/python3.8/site-packages/airflow/example_dags/example_branch_labels.py
[2024-03-04T09:57:37.245+0000] {processor.py:840} INFO - DAG(s) 'example_branch_labels' retrieved from /home/airflow/.local/lib/python3.8/site-packages/airflow/example_dags/example_branch_labels.py
[2024-03-04T09:57:37.279+0000] {logging_mixin.py:188} INFO - [2024-03-04T09:57:37.278+0000] {dag.py:3036} INFO - Sync 1 DAGs
[2024-03-04T09:57:37.322+0000] {logging_mixin.py:188} INFO - [2024-03-04T09:57:37.321+0000] {dag.py:3823} INFO - Setting next_dagrun for example_branch_labels to 2024-03-03 00:00:00+00:00, run_after=2024-03-04 00:00:00+00:00
[2024-03-04T09:57:37.389+0000] {processor.py:183} INFO - Processing /home/airflow/.local/lib/python3.8/site-packages/airflow/example_dags/example_branch_labels.py took 0.172 seconds
[2024-03-04T09:58:08.659+0000] {processor.py:161} INFO - Started process (PID=234) to work on /home/airflow/.local/lib/python3.8/site-packages/airflow/example_dags/example_branch_labels.py
[2024-03-04T09:58:08.661+0000] {processor.py:830} INFO - Processing file /home/airflow/.local/lib/python3.8/site-packages/airflow/example_dags/example_branch_labels.py for tasks to queue
[2024-03-04T09:58:08.665+0000] {logging_mixin.py:188} INFO - [2024-03-04T09:58:08.664+0000] {dagbag.py:538} INFO - Filling up the DagBag from /home/airflow/.local/lib/python3.8/site-packages/airflow/example_dags/example_branch_labels.py
[2024-03-04T09:58:08.680+0000] {processor.py:840} INFO - DAG(s) 'example_branch_labels' retrieved from /home/airflow/.local/lib/python3.8/site-packages/airflow/example_dags/example_branch_labels.py
[2024-03-04T09:58:08.716+0000] {logging_mixin.py:188} INFO - [2024-03-04T09:58:08.716+0000] {dag.py:3036} INFO - Sync 1 DAGs
[2024-03-04T09:58:08.762+0000] {logging_mixin.py:188} INFO - [2024-03-04T09:58:08.762+0000] {dag.py:3823} INFO - Setting next_dagrun for example_branch_labels to 2024-03-03 00:00:00+00:00, run_after=2024-03-04 00:00:00+00:00
[2024-03-04T09:58:08.794+0000] {processor.py:183} INFO - Processing /home/airflow/.local/lib/python3.8/site-packages/airflow/example_dags/example_branch_labels.py took 0.141 seconds
[2024-03-04T09:58:39.007+0000] {processor.py:161} INFO - Started process (PID=292) to work on /home/airflow/.local/lib/python3.8/site-packages/airflow/example_dags/example_branch_labels.py
[2024-03-04T09:58:39.009+0000] {processor.py:830} INFO - Processing file /home/airflow/.local/lib/python3.8/site-packages/airflow/example_dags/example_branch_labels.py for tasks to queue
[2024-03-04T09:58:39.012+0000] {logging_mixin.py:188} INFO - [2024-03-04T09:58:39.012+0000] {dagbag.py:538} INFO - Filling up the DagBag from /home/airflow/.local/lib/python3.8/site-packages/airflow/example_dags/example_branch_labels.py
[2024-03-04T09:58:39.029+0000] {processor.py:840} INFO - DAG(s) 'example_branch_labels' retrieved from /home/airflow/.local/lib/python3.8/site-packages/airflow/example_dags/example_branch_labels.py
[2024-03-04T09:58:39.068+0000] {logging_mixin.py:188} INFO - [2024-03-04T09:58:39.067+0000] {dag.py:3036} INFO - Sync 1 DAGs
[2024-03-04T09:58:39.110+0000] {logging_mixin.py:188} INFO - [2024-03-04T09:58:39.109+0000] {dag.py:3823} INFO - Setting next_dagrun for example_branch_labels to 2024-03-03 00:00:00+00:00, run_after=2024-03-04 00:00:00+00:00
[2024-03-04T09:58:39.142+0000] {processor.py:183} INFO - Processing /home/airflow/.local/lib/python3.8/site-packages/airflow/example_dags/example_branch_labels.py took 0.141 seconds
[2024-03-04T09:59:09.247+0000] {processor.py:161} INFO - Started process (PID=347) to work on /home/airflow/.local/lib/python3.8/site-packages/airflow/example_dags/example_branch_labels.py
[2024-03-04T09:59:09.249+0000] {processor.py:830} INFO - Processing file /home/airflow/.local/lib/python3.8/site-packages/airflow/example_dags/example_branch_labels.py for tasks to queue
[2024-03-04T09:59:09.252+0000] {logging_mixin.py:188} INFO - [2024-03-04T09:59:09.251+0000] {dagbag.py:538} INFO - Filling up the DagBag from /home/airflow/.local/lib/python3.8/site-packages/airflow/example_dags/example_branch_labels.py
[2024-03-04T09:59:09.265+0000] {processor.py:840} INFO - DAG(s) 'example_branch_labels' retrieved from /home/airflow/.local/lib/python3.8/site-packages/airflow/example_dags/example_branch_labels.py
[2024-03-04T09:59:09.292+0000] {logging_mixin.py:188} INFO - [2024-03-04T09:59:09.292+0000] {dag.py:3036} INFO - Sync 1 DAGs
[2024-03-04T09:59:09.322+0000] {logging_mixin.py:188} INFO - [2024-03-04T09:59:09.322+0000] {dag.py:3823} INFO - Setting next_dagrun for example_branch_labels to 2024-03-03 00:00:00+00:00, run_after=2024-03-04 00:00:00+00:00
[2024-03-04T09:59:09.350+0000] {processor.py:183} INFO - Processing /home/airflow/.local/lib/python3.8/site-packages/airflow/example_dags/example_branch_labels.py took 0.108 seconds
[2024-03-04T09:59:40.122+0000] {processor.py:161} INFO - Started process (PID=404) to work on /home/airflow/.local/lib/python3.8/site-packages/airflow/example_dags/example_branch_labels.py
[2024-03-04T09:59:40.124+0000] {processor.py:830} INFO - Processing file /home/airflow/.local/lib/python3.8/site-packages/airflow/example_dags/example_branch_labels.py for tasks to queue
[2024-03-04T09:59:40.127+0000] {logging_mixin.py:188} INFO - [2024-03-04T09:59:40.126+0000] {dagbag.py:538} INFO - Filling up the DagBag from /home/airflow/.local/lib/python3.8/site-packages/airflow/example_dags/example_branch_labels.py
[2024-03-04T09:59:40.141+0000] {processor.py:840} INFO - DAG(s) 'example_branch_labels' retrieved from /home/airflow/.local/lib/python3.8/site-packages/airflow/example_dags/example_branch_labels.py
[2024-03-04T09:59:40.172+0000] {logging_mixin.py:188} INFO - [2024-03-04T09:59:40.172+0000] {dag.py:3036} INFO - Sync 1 DAGs
[2024-03-04T09:59:40.207+0000] {logging_mixin.py:188} INFO - [2024-03-04T09:59:40.207+0000] {dag.py:3823} INFO - Setting next_dagrun for example_branch_labels to 2024-03-03 00:00:00+00:00, run_after=2024-03-04 00:00:00+00:00
[2024-03-04T09:59:40.239+0000] {processor.py:183} INFO - Processing /home/airflow/.local/lib/python3.8/site-packages/airflow/example_dags/example_branch_labels.py took 0.121 seconds
[2024-03-04T10:00:10.629+0000] {processor.py:161} INFO - Started process (PID=461) to work on /home/airflow/.local/lib/python3.8/site-packages/airflow/example_dags/example_branch_labels.py
[2024-03-04T10:00:10.631+0000] {processor.py:830} INFO - Processing file /home/airflow/.local/lib/python3.8/site-packages/airflow/example_dags/example_branch_labels.py for tasks to queue
[2024-03-04T10:00:10.634+0000] {logging_mixin.py:188} INFO - [2024-03-04T10:00:10.633+0000] {dagbag.py:538} INFO - Filling up the DagBag from /home/airflow/.local/lib/python3.8/site-packages/airflow/example_dags/example_branch_labels.py
[2024-03-04T10:00:10.646+0000] {processor.py:840} INFO - DAG(s) 'example_branch_labels' retrieved from /home/airflow/.local/lib/python3.8/site-packages/airflow/example_dags/example_branch_labels.py
[2024-03-04T10:00:10.677+0000] {logging_mixin.py:188} INFO - [2024-03-04T10:00:10.676+0000] {dag.py:3036} INFO - Sync 1 DAGs
[2024-03-04T10:00:10.712+0000] {logging_mixin.py:188} INFO - [2024-03-04T10:00:10.711+0000] {dag.py:3823} INFO - Setting next_dagrun for example_branch_labels to 2024-03-03 00:00:00+00:00, run_after=2024-03-04 00:00:00+00:00
[2024-03-04T10:00:10.755+0000] {processor.py:183} INFO - Processing /home/airflow/.local/lib/python3.8/site-packages/airflow/example_dags/example_branch_labels.py took 0.131 seconds
[2024-03-04T10:00:40.878+0000] {processor.py:161} INFO - Started process (PID=521) to work on /home/airflow/.local/lib/python3.8/site-packages/airflow/example_dags/example_branch_labels.py
[2024-03-04T10:00:40.880+0000] {processor.py:830} INFO - Processing file /home/airflow/.local/lib/python3.8/site-packages/airflow/example_dags/example_branch_labels.py for tasks to queue
[2024-03-04T10:00:40.883+0000] {logging_mixin.py:188} INFO - [2024-03-04T10:00:40.883+0000] {dagbag.py:538} INFO - Filling up the DagBag from /home/airflow/.local/lib/python3.8/site-packages/airflow/example_dags/example_branch_labels.py
[2024-03-04T10:00:40.895+0000] {processor.py:840} INFO - DAG(s) 'example_branch_labels' retrieved from /home/airflow/.local/lib/python3.8/site-packages/airflow/example_dags/example_branch_labels.py
[2024-03-04T10:00:40.926+0000] {logging_mixin.py:188} INFO - [2024-03-04T10:00:40.926+0000] {dag.py:3036} INFO - Sync 1 DAGs
[2024-03-04T10:00:40.971+0000] {logging_mixin.py:188} INFO - [2024-03-04T10:00:40.971+0000] {dag.py:3823} INFO - Setting next_dagrun for example_branch_labels to 2024-03-03 00:00:00+00:00, run_after=2024-03-04 00:00:00+00:00
[2024-03-04T10:00:40.996+0000] {processor.py:183} INFO - Processing /home/airflow/.local/lib/python3.8/site-packages/airflow/example_dags/example_branch_labels.py took 0.122 seconds
[2024-03-04T10:01:11.301+0000] {processor.py:161} INFO - Started process (PID=578) to work on /home/airflow/.local/lib/python3.8/site-packages/airflow/example_dags/example_branch_labels.py
[2024-03-04T10:01:11.303+0000] {processor.py:830} INFO - Processing file /home/airflow/.local/lib/python3.8/site-packages/airflow/example_dags/example_branch_labels.py for tasks to queue
[2024-03-04T10:01:11.307+0000] {logging_mixin.py:188} INFO - [2024-03-04T10:01:11.306+0000] {dagbag.py:538} INFO - Filling up the DagBag from /home/airflow/.local/lib/python3.8/site-packages/airflow/example_dags/example_branch_labels.py
[2024-03-04T10:01:11.320+0000] {processor.py:840} INFO - DAG(s) 'example_branch_labels' retrieved from /home/airflow/.local/lib/python3.8/site-packages/airflow/example_dags/example_branch_labels.py
[2024-03-04T10:01:11.364+0000] {logging_mixin.py:188} INFO - [2024-03-04T10:01:11.363+0000] {dag.py:3036} INFO - Sync 1 DAGs
[2024-03-04T10:01:11.430+0000] {logging_mixin.py:188} INFO - [2024-03-04T10:01:11.429+0000] {dag.py:3823} INFO - Setting next_dagrun for example_branch_labels to 2024-03-03 00:00:00+00:00, run_after=2024-03-04 00:00:00+00:00
[2024-03-04T10:01:11.480+0000] {processor.py:183} INFO - Processing /home/airflow/.local/lib/python3.8/site-packages/airflow/example_dags/example_branch_labels.py took 0.188 seconds
[2024-03-04T10:01:41.525+0000] {processor.py:161} INFO - Started process (PID=635) to work on /home/airflow/.local/lib/python3.8/site-packages/airflow/example_dags/example_branch_labels.py
[2024-03-04T10:01:41.526+0000] {processor.py:830} INFO - Processing file /home/airflow/.local/lib/python3.8/site-packages/airflow/example_dags/example_branch_labels.py for tasks to queue
[2024-03-04T10:01:41.529+0000] {logging_mixin.py:188} INFO - [2024-03-04T10:01:41.529+0000] {dagbag.py:538} INFO - Filling up the DagBag from /home/airflow/.local/lib/python3.8/site-packages/airflow/example_dags/example_branch_labels.py
[2024-03-04T10:01:41.540+0000] {processor.py:840} INFO - DAG(s) 'example_branch_labels' retrieved from /home/airflow/.local/lib/python3.8/site-packages/airflow/example_dags/example_branch_labels.py
[2024-03-04T10:01:41.573+0000] {logging_mixin.py:188} INFO - [2024-03-04T10:01:41.573+0000] {dag.py:3036} INFO - Sync 1 DAGs
[2024-03-04T10:01:41.605+0000] {logging_mixin.py:188} INFO - [2024-03-04T10:01:41.604+0000] {dag.py:3823} INFO - Setting next_dagrun for example_branch_labels to 2024-03-03 00:00:00+00:00, run_after=2024-03-04 00:00:00+00:00
[2024-03-04T10:01:41.629+0000] {processor.py:183} INFO - Processing /home/airflow/.local/lib/python3.8/site-packages/airflow/example_dags/example_branch_labels.py took 0.109 seconds
[2024-03-04T10:04:59.809+0000] {processor.py:161} INFO - Started process (PID=52) to work on /home/airflow/.local/lib/python3.8/site-packages/airflow/example_dags/example_branch_labels.py
[2024-03-04T10:04:59.811+0000] {processor.py:830} INFO - Processing file /home/airflow/.local/lib/python3.8/site-packages/airflow/example_dags/example_branch_labels.py for tasks to queue
[2024-03-04T10:04:59.813+0000] {logging_mixin.py:188} INFO - [2024-03-04T10:04:59.813+0000] {dagbag.py:538} INFO - Filling up the DagBag from /home/airflow/.local/lib/python3.8/site-packages/airflow/example_dags/example_branch_labels.py
[2024-03-04T10:04:59.829+0000] {processor.py:840} INFO - DAG(s) 'example_branch_labels' retrieved from /home/airflow/.local/lib/python3.8/site-packages/airflow/example_dags/example_branch_labels.py
[2024-03-04T10:05:00.044+0000] {logging_mixin.py:188} INFO - [2024-03-04T10:05:00.044+0000] {dag.py:3036} INFO - Sync 1 DAGs
[2024-03-04T10:05:00.086+0000] {logging_mixin.py:188} INFO - [2024-03-04T10:05:00.086+0000] {dag.py:3823} INFO - Setting next_dagrun for example_branch_labels to 2024-03-03 00:00:00+00:00, run_after=2024-03-04 00:00:00+00:00
[2024-03-04T10:05:00.137+0000] {processor.py:183} INFO - Processing /home/airflow/.local/lib/python3.8/site-packages/airflow/example_dags/example_branch_labels.py took 0.333 seconds
[2024-03-04T10:05:30.473+0000] {processor.py:161} INFO - Started process (PID=110) to work on /home/airflow/.local/lib/python3.8/site-packages/airflow/example_dags/example_branch_labels.py
[2024-03-04T10:05:30.474+0000] {processor.py:830} INFO - Processing file /home/airflow/.local/lib/python3.8/site-packages/airflow/example_dags/example_branch_labels.py for tasks to queue
[2024-03-04T10:05:30.477+0000] {logging_mixin.py:188} INFO - [2024-03-04T10:05:30.477+0000] {dagbag.py:538} INFO - Filling up the DagBag from /home/airflow/.local/lib/python3.8/site-packages/airflow/example_dags/example_branch_labels.py
[2024-03-04T10:05:30.490+0000] {processor.py:840} INFO - DAG(s) 'example_branch_labels' retrieved from /home/airflow/.local/lib/python3.8/site-packages/airflow/example_dags/example_branch_labels.py
[2024-03-04T10:05:30.526+0000] {logging_mixin.py:188} INFO - [2024-03-04T10:05:30.525+0000] {dag.py:3036} INFO - Sync 1 DAGs
[2024-03-04T10:05:30.563+0000] {logging_mixin.py:188} INFO - [2024-03-04T10:05:30.563+0000] {dag.py:3823} INFO - Setting next_dagrun for example_branch_labels to 2024-03-03 00:00:00+00:00, run_after=2024-03-04 00:00:00+00:00
[2024-03-04T10:05:30.610+0000] {processor.py:183} INFO - Processing /home/airflow/.local/lib/python3.8/site-packages/airflow/example_dags/example_branch_labels.py took 0.143 seconds
[2024-03-04T10:11:53.919+0000] {processor.py:161} INFO - Started process (PID=52) to work on /home/airflow/.local/lib/python3.8/site-packages/airflow/example_dags/example_branch_labels.py
[2024-03-04T10:11:53.921+0000] {processor.py:830} INFO - Processing file /home/airflow/.local/lib/python3.8/site-packages/airflow/example_dags/example_branch_labels.py for tasks to queue
[2024-03-04T10:11:53.925+0000] {logging_mixin.py:188} INFO - [2024-03-04T10:11:53.924+0000] {dagbag.py:538} INFO - Filling up the DagBag from /home/airflow/.local/lib/python3.8/site-packages/airflow/example_dags/example_branch_labels.py
[2024-03-04T10:11:53.944+0000] {processor.py:840} INFO - DAG(s) 'example_branch_labels' retrieved from /home/airflow/.local/lib/python3.8/site-packages/airflow/example_dags/example_branch_labels.py
[2024-03-04T10:11:54.137+0000] {logging_mixin.py:188} INFO - [2024-03-04T10:11:54.137+0000] {dag.py:3036} INFO - Sync 1 DAGs
[2024-03-04T10:11:54.198+0000] {logging_mixin.py:188} INFO - [2024-03-04T10:11:54.198+0000] {dag.py:3823} INFO - Setting next_dagrun for example_branch_labels to 2024-03-03 00:00:00+00:00, run_after=2024-03-04 00:00:00+00:00
[2024-03-04T10:11:54.261+0000] {processor.py:183} INFO - Processing /home/airflow/.local/lib/python3.8/site-packages/airflow/example_dags/example_branch_labels.py took 0.349 seconds
[2024-03-04T10:12:24.734+0000] {processor.py:161} INFO - Started process (PID=109) to work on /home/airflow/.local/lib/python3.8/site-packages/airflow/example_dags/example_branch_labels.py
[2024-03-04T10:12:24.736+0000] {processor.py:830} INFO - Processing file /home/airflow/.local/lib/python3.8/site-packages/airflow/example_dags/example_branch_labels.py for tasks to queue
[2024-03-04T10:12:24.739+0000] {logging_mixin.py:188} INFO - [2024-03-04T10:12:24.738+0000] {dagbag.py:538} INFO - Filling up the DagBag from /home/airflow/.local/lib/python3.8/site-packages/airflow/example_dags/example_branch_labels.py
[2024-03-04T10:12:24.751+0000] {processor.py:840} INFO - DAG(s) 'example_branch_labels' retrieved from /home/airflow/.local/lib/python3.8/site-packages/airflow/example_dags/example_branch_labels.py
[2024-03-04T10:12:24.798+0000] {logging_mixin.py:188} INFO - [2024-03-04T10:12:24.797+0000] {dag.py:3036} INFO - Sync 1 DAGs
[2024-03-04T10:12:24.830+0000] {logging_mixin.py:188} INFO - [2024-03-04T10:12:24.829+0000] {dag.py:3823} INFO - Setting next_dagrun for example_branch_labels to 2024-03-03 00:00:00+00:00, run_after=2024-03-04 00:00:00+00:00
[2024-03-04T10:12:24.858+0000] {processor.py:183} INFO - Processing /home/airflow/.local/lib/python3.8/site-packages/airflow/example_dags/example_branch_labels.py took 0.129 seconds
[2024-03-04T10:12:55.749+0000] {processor.py:161} INFO - Started process (PID=166) to work on /home/airflow/.local/lib/python3.8/site-packages/airflow/example_dags/example_branch_labels.py
[2024-03-04T10:12:55.751+0000] {processor.py:830} INFO - Processing file /home/airflow/.local/lib/python3.8/site-packages/airflow/example_dags/example_branch_labels.py for tasks to queue
[2024-03-04T10:12:55.754+0000] {logging_mixin.py:188} INFO - [2024-03-04T10:12:55.753+0000] {dagbag.py:538} INFO - Filling up the DagBag from /home/airflow/.local/lib/python3.8/site-packages/airflow/example_dags/example_branch_labels.py
[2024-03-04T10:12:55.768+0000] {processor.py:840} INFO - DAG(s) 'example_branch_labels' retrieved from /home/airflow/.local/lib/python3.8/site-packages/airflow/example_dags/example_branch_labels.py
[2024-03-04T10:12:55.805+0000] {logging_mixin.py:188} INFO - [2024-03-04T10:12:55.805+0000] {dag.py:3036} INFO - Sync 1 DAGs
[2024-03-04T10:12:55.844+0000] {logging_mixin.py:188} INFO - [2024-03-04T10:12:55.843+0000] {dag.py:3823} INFO - Setting next_dagrun for example_branch_labels to 2024-03-03 00:00:00+00:00, run_after=2024-03-04 00:00:00+00:00
[2024-03-04T10:12:55.877+0000] {processor.py:183} INFO - Processing /home/airflow/.local/lib/python3.8/site-packages/airflow/example_dags/example_branch_labels.py took 0.134 seconds
[2024-03-04T10:15:42.288+0000] {processor.py:161} INFO - Started process (PID=52) to work on /home/airflow/.local/lib/python3.8/site-packages/airflow/example_dags/example_branch_labels.py
[2024-03-04T10:15:42.290+0000] {processor.py:830} INFO - Processing file /home/airflow/.local/lib/python3.8/site-packages/airflow/example_dags/example_branch_labels.py for tasks to queue
[2024-03-04T10:15:42.294+0000] {logging_mixin.py:188} INFO - [2024-03-04T10:15:42.293+0000] {dagbag.py:538} INFO - Filling up the DagBag from /home/airflow/.local/lib/python3.8/site-packages/airflow/example_dags/example_branch_labels.py
[2024-03-04T10:15:42.316+0000] {processor.py:840} INFO - DAG(s) 'example_branch_labels' retrieved from /home/airflow/.local/lib/python3.8/site-packages/airflow/example_dags/example_branch_labels.py
[2024-03-04T10:15:42.477+0000] {logging_mixin.py:188} INFO - [2024-03-04T10:15:42.476+0000] {dag.py:3036} INFO - Sync 1 DAGs
[2024-03-04T10:15:42.509+0000] {logging_mixin.py:188} INFO - [2024-03-04T10:15:42.509+0000] {dag.py:3823} INFO - Setting next_dagrun for example_branch_labels to 2024-03-03 00:00:00+00:00, run_after=2024-03-04 00:00:00+00:00
[2024-03-04T10:15:42.545+0000] {processor.py:183} INFO - Processing /home/airflow/.local/lib/python3.8/site-packages/airflow/example_dags/example_branch_labels.py took 0.262 seconds
[2024-03-04T10:16:12.598+0000] {processor.py:161} INFO - Started process (PID=109) to work on /home/airflow/.local/lib/python3.8/site-packages/airflow/example_dags/example_branch_labels.py
[2024-03-04T10:16:12.600+0000] {processor.py:830} INFO - Processing file /home/airflow/.local/lib/python3.8/site-packages/airflow/example_dags/example_branch_labels.py for tasks to queue
[2024-03-04T10:16:12.604+0000] {logging_mixin.py:188} INFO - [2024-03-04T10:16:12.603+0000] {dagbag.py:538} INFO - Filling up the DagBag from /home/airflow/.local/lib/python3.8/site-packages/airflow/example_dags/example_branch_labels.py
[2024-03-04T10:16:12.619+0000] {processor.py:840} INFO - DAG(s) 'example_branch_labels' retrieved from /home/airflow/.local/lib/python3.8/site-packages/airflow/example_dags/example_branch_labels.py
[2024-03-04T10:16:12.655+0000] {logging_mixin.py:188} INFO - [2024-03-04T10:16:12.654+0000] {dag.py:3036} INFO - Sync 1 DAGs
[2024-03-04T10:16:12.701+0000] {logging_mixin.py:188} INFO - [2024-03-04T10:16:12.700+0000] {dag.py:3823} INFO - Setting next_dagrun for example_branch_labels to 2024-03-03 00:00:00+00:00, run_after=2024-03-04 00:00:00+00:00
[2024-03-04T10:16:12.731+0000] {processor.py:183} INFO - Processing /home/airflow/.local/lib/python3.8/site-packages/airflow/example_dags/example_branch_labels.py took 0.140 seconds
[2024-03-04T10:16:43.227+0000] {processor.py:161} INFO - Started process (PID=166) to work on /home/airflow/.local/lib/python3.8/site-packages/airflow/example_dags/example_branch_labels.py
[2024-03-04T10:16:43.229+0000] {processor.py:830} INFO - Processing file /home/airflow/.local/lib/python3.8/site-packages/airflow/example_dags/example_branch_labels.py for tasks to queue
[2024-03-04T10:16:43.231+0000] {logging_mixin.py:188} INFO - [2024-03-04T10:16:43.231+0000] {dagbag.py:538} INFO - Filling up the DagBag from /home/airflow/.local/lib/python3.8/site-packages/airflow/example_dags/example_branch_labels.py
[2024-03-04T10:16:43.242+0000] {processor.py:840} INFO - DAG(s) 'example_branch_labels' retrieved from /home/airflow/.local/lib/python3.8/site-packages/airflow/example_dags/example_branch_labels.py
[2024-03-04T10:16:43.271+0000] {logging_mixin.py:188} INFO - [2024-03-04T10:16:43.271+0000] {dag.py:3036} INFO - Sync 1 DAGs
[2024-03-04T10:16:43.302+0000] {logging_mixin.py:188} INFO - [2024-03-04T10:16:43.302+0000] {dag.py:3823} INFO - Setting next_dagrun for example_branch_labels to 2024-03-03 00:00:00+00:00, run_after=2024-03-04 00:00:00+00:00
[2024-03-04T10:16:43.324+0000] {processor.py:183} INFO - Processing /home/airflow/.local/lib/python3.8/site-packages/airflow/example_dags/example_branch_labels.py took 0.101 seconds
