[2024-03-04T09:52:14.930+0000] {processor.py:161} INFO - Started process (PID=61) to work on /home/airflow/.local/lib/python3.8/site-packages/airflow/example_dags/example_complex.py
[2024-03-04T09:52:14.932+0000] {processor.py:830} INFO - Processing file /home/airflow/.local/lib/python3.8/site-packages/airflow/example_dags/example_complex.py for tasks to queue
[2024-03-04T09:52:14.936+0000] {logging_mixin.py:188} INFO - [2024-03-04T09:52:14.936+0000] {dagbag.py:538} INFO - Filling up the DagBag from /home/airflow/.local/lib/python3.8/site-packages/airflow/example_dags/example_complex.py
[2024-03-04T09:52:14.968+0000] {processor.py:840} INFO - DAG(s) 'example_complex' retrieved from /home/airflow/.local/lib/python3.8/site-packages/airflow/example_dags/example_complex.py
[2024-03-04T09:52:15.281+0000] {logging_mixin.py:188} INFO - [2024-03-04T09:52:15.280+0000] {override.py:1769} INFO - Created Permission View: can read on DAG:example_complex
[2024-03-04T09:52:15.311+0000] {logging_mixin.py:188} INFO - [2024-03-04T09:52:15.311+0000] {override.py:1769} INFO - Created Permission View: can delete on DAG:example_complex
[2024-03-04T09:52:15.346+0000] {logging_mixin.py:188} INFO - [2024-03-04T09:52:15.345+0000] {override.py:1769} INFO - Created Permission View: can edit on DAG:example_complex
[2024-03-04T09:52:15.350+0000] {logging_mixin.py:188} INFO - [2024-03-04T09:52:15.347+0000] {dag.py:3036} INFO - Sync 1 DAGs
[2024-03-04T09:52:15.425+0000] {logging_mixin.py:188} INFO - [2024-03-04T09:52:15.424+0000] {dag.py:3058} INFO - Creating ORM DAG for example_complex
[2024-03-04T09:52:15.456+0000] {logging_mixin.py:188} INFO - [2024-03-04T09:52:15.455+0000] {dag.py:3823} INFO - Setting next_dagrun for example_complex to None, run_after=None
[2024-03-04T09:52:15.566+0000] {processor.py:183} INFO - Processing /home/airflow/.local/lib/python3.8/site-packages/airflow/example_dags/example_complex.py took 0.642 seconds
[2024-03-04T09:52:46.498+0000] {processor.py:161} INFO - Started process (PID=118) to work on /home/airflow/.local/lib/python3.8/site-packages/airflow/example_dags/example_complex.py
[2024-03-04T09:52:46.500+0000] {processor.py:830} INFO - Processing file /home/airflow/.local/lib/python3.8/site-packages/airflow/example_dags/example_complex.py for tasks to queue
[2024-03-04T09:52:46.505+0000] {logging_mixin.py:188} INFO - [2024-03-04T09:52:46.504+0000] {dagbag.py:538} INFO - Filling up the DagBag from /home/airflow/.local/lib/python3.8/site-packages/airflow/example_dags/example_complex.py
[2024-03-04T09:52:46.542+0000] {processor.py:840} INFO - DAG(s) 'example_complex' retrieved from /home/airflow/.local/lib/python3.8/site-packages/airflow/example_dags/example_complex.py
[2024-03-04T09:52:46.632+0000] {logging_mixin.py:188} INFO - [2024-03-04T09:52:46.632+0000] {dag.py:3036} INFO - Sync 1 DAGs
[2024-03-04T09:52:46.670+0000] {logging_mixin.py:188} INFO - [2024-03-04T09:52:46.669+0000] {dag.py:3823} INFO - Setting next_dagrun for example_complex to None, run_after=None
[2024-03-04T09:52:46.708+0000] {processor.py:183} INFO - Processing /home/airflow/.local/lib/python3.8/site-packages/airflow/example_dags/example_complex.py took 0.218 seconds
[2024-03-04T09:53:16.913+0000] {processor.py:161} INFO - Started process (PID=176) to work on /home/airflow/.local/lib/python3.8/site-packages/airflow/example_dags/example_complex.py
[2024-03-04T09:53:16.915+0000] {processor.py:830} INFO - Processing file /home/airflow/.local/lib/python3.8/site-packages/airflow/example_dags/example_complex.py for tasks to queue
[2024-03-04T09:53:16.919+0000] {logging_mixin.py:188} INFO - [2024-03-04T09:53:16.918+0000] {dagbag.py:538} INFO - Filling up the DagBag from /home/airflow/.local/lib/python3.8/site-packages/airflow/example_dags/example_complex.py
[2024-03-04T09:53:16.940+0000] {processor.py:840} INFO - DAG(s) 'example_complex' retrieved from /home/airflow/.local/lib/python3.8/site-packages/airflow/example_dags/example_complex.py
[2024-03-04T09:53:16.992+0000] {logging_mixin.py:188} INFO - [2024-03-04T09:53:16.992+0000] {dag.py:3036} INFO - Sync 1 DAGs
[2024-03-04T09:53:17.014+0000] {logging_mixin.py:188} INFO - [2024-03-04T09:53:17.013+0000] {dag.py:3823} INFO - Setting next_dagrun for example_complex to None, run_after=None
[2024-03-04T09:53:17.051+0000] {processor.py:183} INFO - Processing /home/airflow/.local/lib/python3.8/site-packages/airflow/example_dags/example_complex.py took 0.142 seconds
[2024-03-04T09:53:47.616+0000] {processor.py:161} INFO - Started process (PID=233) to work on /home/airflow/.local/lib/python3.8/site-packages/airflow/example_dags/example_complex.py
[2024-03-04T09:53:47.618+0000] {processor.py:830} INFO - Processing file /home/airflow/.local/lib/python3.8/site-packages/airflow/example_dags/example_complex.py for tasks to queue
[2024-03-04T09:53:47.622+0000] {logging_mixin.py:188} INFO - [2024-03-04T09:53:47.621+0000] {dagbag.py:538} INFO - Filling up the DagBag from /home/airflow/.local/lib/python3.8/site-packages/airflow/example_dags/example_complex.py
[2024-03-04T09:53:47.662+0000] {processor.py:840} INFO - DAG(s) 'example_complex' retrieved from /home/airflow/.local/lib/python3.8/site-packages/airflow/example_dags/example_complex.py
[2024-03-04T09:53:47.744+0000] {logging_mixin.py:188} INFO - [2024-03-04T09:53:47.744+0000] {dag.py:3036} INFO - Sync 1 DAGs
[2024-03-04T09:53:47.775+0000] {logging_mixin.py:188} INFO - [2024-03-04T09:53:47.774+0000] {dag.py:3823} INFO - Setting next_dagrun for example_complex to None, run_after=None
[2024-03-04T09:53:47.822+0000] {processor.py:183} INFO - Processing /home/airflow/.local/lib/python3.8/site-packages/airflow/example_dags/example_complex.py took 0.215 seconds
[2024-03-04T09:56:34.329+0000] {processor.py:161} INFO - Started process (PID=55) to work on /home/airflow/.local/lib/python3.8/site-packages/airflow/example_dags/example_complex.py
[2024-03-04T09:56:34.331+0000] {processor.py:830} INFO - Processing file /home/airflow/.local/lib/python3.8/site-packages/airflow/example_dags/example_complex.py for tasks to queue
[2024-03-04T09:56:34.334+0000] {logging_mixin.py:188} INFO - [2024-03-04T09:56:34.333+0000] {dagbag.py:538} INFO - Filling up the DagBag from /home/airflow/.local/lib/python3.8/site-packages/airflow/example_dags/example_complex.py
[2024-03-04T09:56:34.356+0000] {processor.py:840} INFO - DAG(s) 'example_complex' retrieved from /home/airflow/.local/lib/python3.8/site-packages/airflow/example_dags/example_complex.py
[2024-03-04T09:56:34.590+0000] {logging_mixin.py:188} INFO - [2024-03-04T09:56:34.590+0000] {dag.py:3036} INFO - Sync 1 DAGs
[2024-03-04T09:56:34.615+0000] {logging_mixin.py:188} INFO - [2024-03-04T09:56:34.615+0000] {dag.py:3823} INFO - Setting next_dagrun for example_complex to None, run_after=None
[2024-03-04T09:56:34.653+0000] {processor.py:183} INFO - Processing /home/airflow/.local/lib/python3.8/site-packages/airflow/example_dags/example_complex.py took 0.328 seconds
[2024-03-04T09:57:05.782+0000] {processor.py:161} INFO - Started process (PID=118) to work on /home/airflow/.local/lib/python3.8/site-packages/airflow/example_dags/example_complex.py
[2024-03-04T09:57:05.784+0000] {processor.py:830} INFO - Processing file /home/airflow/.local/lib/python3.8/site-packages/airflow/example_dags/example_complex.py for tasks to queue
[2024-03-04T09:57:05.787+0000] {logging_mixin.py:188} INFO - [2024-03-04T09:57:05.786+0000] {dagbag.py:538} INFO - Filling up the DagBag from /home/airflow/.local/lib/python3.8/site-packages/airflow/example_dags/example_complex.py
[2024-03-04T09:57:05.804+0000] {processor.py:840} INFO - DAG(s) 'example_complex' retrieved from /home/airflow/.local/lib/python3.8/site-packages/airflow/example_dags/example_complex.py
[2024-03-04T09:57:05.855+0000] {logging_mixin.py:188} INFO - [2024-03-04T09:57:05.855+0000] {dag.py:3036} INFO - Sync 1 DAGs
[2024-03-04T09:57:05.872+0000] {logging_mixin.py:188} INFO - [2024-03-04T09:57:05.872+0000] {dag.py:3823} INFO - Setting next_dagrun for example_complex to None, run_after=None
[2024-03-04T09:57:05.901+0000] {processor.py:183} INFO - Processing /home/airflow/.local/lib/python3.8/site-packages/airflow/example_dags/example_complex.py took 0.123 seconds
[2024-03-04T09:57:37.457+0000] {processor.py:161} INFO - Started process (PID=175) to work on /home/airflow/.local/lib/python3.8/site-packages/airflow/example_dags/example_complex.py
[2024-03-04T09:57:37.459+0000] {processor.py:830} INFO - Processing file /home/airflow/.local/lib/python3.8/site-packages/airflow/example_dags/example_complex.py for tasks to queue
[2024-03-04T09:57:37.464+0000] {logging_mixin.py:188} INFO - [2024-03-04T09:57:37.463+0000] {dagbag.py:538} INFO - Filling up the DagBag from /home/airflow/.local/lib/python3.8/site-packages/airflow/example_dags/example_complex.py
[2024-03-04T09:57:37.490+0000] {processor.py:840} INFO - DAG(s) 'example_complex' retrieved from /home/airflow/.local/lib/python3.8/site-packages/airflow/example_dags/example_complex.py
[2024-03-04T09:57:37.549+0000] {logging_mixin.py:188} INFO - [2024-03-04T09:57:37.549+0000] {dag.py:3036} INFO - Sync 1 DAGs
[2024-03-04T09:57:37.572+0000] {logging_mixin.py:188} INFO - [2024-03-04T09:57:37.571+0000] {dag.py:3823} INFO - Setting next_dagrun for example_complex to None, run_after=None
[2024-03-04T09:57:37.624+0000] {processor.py:183} INFO - Processing /home/airflow/.local/lib/python3.8/site-packages/airflow/example_dags/example_complex.py took 0.177 seconds
[2024-03-04T09:58:08.832+0000] {processor.py:161} INFO - Started process (PID=236) to work on /home/airflow/.local/lib/python3.8/site-packages/airflow/example_dags/example_complex.py
[2024-03-04T09:58:08.833+0000] {processor.py:830} INFO - Processing file /home/airflow/.local/lib/python3.8/site-packages/airflow/example_dags/example_complex.py for tasks to queue
[2024-03-04T09:58:08.836+0000] {logging_mixin.py:188} INFO - [2024-03-04T09:58:08.836+0000] {dagbag.py:538} INFO - Filling up the DagBag from /home/airflow/.local/lib/python3.8/site-packages/airflow/example_dags/example_complex.py
[2024-03-04T09:58:08.854+0000] {processor.py:840} INFO - DAG(s) 'example_complex' retrieved from /home/airflow/.local/lib/python3.8/site-packages/airflow/example_dags/example_complex.py
[2024-03-04T09:58:08.905+0000] {logging_mixin.py:188} INFO - [2024-03-04T09:58:08.905+0000] {dag.py:3036} INFO - Sync 1 DAGs
[2024-03-04T09:58:08.922+0000] {logging_mixin.py:188} INFO - [2024-03-04T09:58:08.922+0000] {dag.py:3823} INFO - Setting next_dagrun for example_complex to None, run_after=None
[2024-03-04T09:58:08.953+0000] {processor.py:183} INFO - Processing /home/airflow/.local/lib/python3.8/site-packages/airflow/example_dags/example_complex.py took 0.126 seconds
[2024-03-04T09:58:39.325+0000] {processor.py:161} INFO - Started process (PID=294) to work on /home/airflow/.local/lib/python3.8/site-packages/airflow/example_dags/example_complex.py
[2024-03-04T09:58:39.326+0000] {processor.py:830} INFO - Processing file /home/airflow/.local/lib/python3.8/site-packages/airflow/example_dags/example_complex.py for tasks to queue
[2024-03-04T09:58:39.329+0000] {logging_mixin.py:188} INFO - [2024-03-04T09:58:39.329+0000] {dagbag.py:538} INFO - Filling up the DagBag from /home/airflow/.local/lib/python3.8/site-packages/airflow/example_dags/example_complex.py
[2024-03-04T09:58:39.349+0000] {processor.py:840} INFO - DAG(s) 'example_complex' retrieved from /home/airflow/.local/lib/python3.8/site-packages/airflow/example_dags/example_complex.py
[2024-03-04T09:58:39.405+0000] {logging_mixin.py:188} INFO - [2024-03-04T09:58:39.404+0000] {dag.py:3036} INFO - Sync 1 DAGs
[2024-03-04T09:58:39.430+0000] {logging_mixin.py:188} INFO - [2024-03-04T09:58:39.429+0000] {dag.py:3823} INFO - Setting next_dagrun for example_complex to None, run_after=None
[2024-03-04T09:58:39.461+0000] {processor.py:183} INFO - Processing /home/airflow/.local/lib/python3.8/site-packages/airflow/example_dags/example_complex.py took 0.141 seconds
[2024-03-04T09:59:09.639+0000] {processor.py:161} INFO - Started process (PID=349) to work on /home/airflow/.local/lib/python3.8/site-packages/airflow/example_dags/example_complex.py
[2024-03-04T09:59:09.641+0000] {processor.py:830} INFO - Processing file /home/airflow/.local/lib/python3.8/site-packages/airflow/example_dags/example_complex.py for tasks to queue
[2024-03-04T09:59:09.647+0000] {logging_mixin.py:188} INFO - [2024-03-04T09:59:09.646+0000] {dagbag.py:538} INFO - Filling up the DagBag from /home/airflow/.local/lib/python3.8/site-packages/airflow/example_dags/example_complex.py
[2024-03-04T09:59:09.674+0000] {processor.py:840} INFO - DAG(s) 'example_complex' retrieved from /home/airflow/.local/lib/python3.8/site-packages/airflow/example_dags/example_complex.py
[2024-03-04T09:59:09.734+0000] {logging_mixin.py:188} INFO - [2024-03-04T09:59:09.733+0000] {dag.py:3036} INFO - Sync 1 DAGs
[2024-03-04T09:59:09.752+0000] {logging_mixin.py:188} INFO - [2024-03-04T09:59:09.751+0000] {dag.py:3823} INFO - Setting next_dagrun for example_complex to None, run_after=None
[2024-03-04T09:59:09.783+0000] {processor.py:183} INFO - Processing /home/airflow/.local/lib/python3.8/site-packages/airflow/example_dags/example_complex.py took 0.153 seconds
[2024-03-04T09:59:40.276+0000] {processor.py:161} INFO - Started process (PID=406) to work on /home/airflow/.local/lib/python3.8/site-packages/airflow/example_dags/example_complex.py
[2024-03-04T09:59:40.277+0000] {processor.py:830} INFO - Processing file /home/airflow/.local/lib/python3.8/site-packages/airflow/example_dags/example_complex.py for tasks to queue
[2024-03-04T09:59:40.280+0000] {logging_mixin.py:188} INFO - [2024-03-04T09:59:40.279+0000] {dagbag.py:538} INFO - Filling up the DagBag from /home/airflow/.local/lib/python3.8/site-packages/airflow/example_dags/example_complex.py
[2024-03-04T09:59:40.312+0000] {processor.py:840} INFO - DAG(s) 'example_complex' retrieved from /home/airflow/.local/lib/python3.8/site-packages/airflow/example_dags/example_complex.py
[2024-03-04T09:59:40.373+0000] {logging_mixin.py:188} INFO - [2024-03-04T09:59:40.372+0000] {dag.py:3036} INFO - Sync 1 DAGs
[2024-03-04T09:59:40.403+0000] {logging_mixin.py:188} INFO - [2024-03-04T09:59:40.403+0000] {dag.py:3823} INFO - Setting next_dagrun for example_complex to None, run_after=None
[2024-03-04T09:59:40.435+0000] {processor.py:183} INFO - Processing /home/airflow/.local/lib/python3.8/site-packages/airflow/example_dags/example_complex.py took 0.164 seconds
[2024-03-04T10:00:10.832+0000] {processor.py:161} INFO - Started process (PID=463) to work on /home/airflow/.local/lib/python3.8/site-packages/airflow/example_dags/example_complex.py
[2024-03-04T10:00:10.836+0000] {processor.py:830} INFO - Processing file /home/airflow/.local/lib/python3.8/site-packages/airflow/example_dags/example_complex.py for tasks to queue
[2024-03-04T10:00:10.841+0000] {logging_mixin.py:188} INFO - [2024-03-04T10:00:10.840+0000] {dagbag.py:538} INFO - Filling up the DagBag from /home/airflow/.local/lib/python3.8/site-packages/airflow/example_dags/example_complex.py
[2024-03-04T10:00:10.869+0000] {processor.py:840} INFO - DAG(s) 'example_complex' retrieved from /home/airflow/.local/lib/python3.8/site-packages/airflow/example_dags/example_complex.py
[2024-03-04T10:00:10.924+0000] {logging_mixin.py:188} INFO - [2024-03-04T10:00:10.923+0000] {dag.py:3036} INFO - Sync 1 DAGs
[2024-03-04T10:00:10.948+0000] {logging_mixin.py:188} INFO - [2024-03-04T10:00:10.948+0000] {dag.py:3823} INFO - Setting next_dagrun for example_complex to None, run_after=None
[2024-03-04T10:00:10.980+0000] {processor.py:183} INFO - Processing /home/airflow/.local/lib/python3.8/site-packages/airflow/example_dags/example_complex.py took 0.153 seconds
[2024-03-04T10:00:41.176+0000] {processor.py:161} INFO - Started process (PID=524) to work on /home/airflow/.local/lib/python3.8/site-packages/airflow/example_dags/example_complex.py
[2024-03-04T10:00:41.178+0000] {processor.py:830} INFO - Processing file /home/airflow/.local/lib/python3.8/site-packages/airflow/example_dags/example_complex.py for tasks to queue
[2024-03-04T10:00:41.181+0000] {logging_mixin.py:188} INFO - [2024-03-04T10:00:41.181+0000] {dagbag.py:538} INFO - Filling up the DagBag from /home/airflow/.local/lib/python3.8/site-packages/airflow/example_dags/example_complex.py
[2024-03-04T10:00:41.211+0000] {processor.py:840} INFO - DAG(s) 'example_complex' retrieved from /home/airflow/.local/lib/python3.8/site-packages/airflow/example_dags/example_complex.py
[2024-03-04T10:00:41.270+0000] {logging_mixin.py:188} INFO - [2024-03-04T10:00:41.269+0000] {dag.py:3036} INFO - Sync 1 DAGs
[2024-03-04T10:00:41.287+0000] {logging_mixin.py:188} INFO - [2024-03-04T10:00:41.287+0000] {dag.py:3823} INFO - Setting next_dagrun for example_complex to None, run_after=None
[2024-03-04T10:00:41.321+0000] {processor.py:183} INFO - Processing /home/airflow/.local/lib/python3.8/site-packages/airflow/example_dags/example_complex.py took 0.150 seconds
[2024-03-04T10:01:11.624+0000] {processor.py:161} INFO - Started process (PID=581) to work on /home/airflow/.local/lib/python3.8/site-packages/airflow/example_dags/example_complex.py
[2024-03-04T10:01:11.626+0000] {processor.py:830} INFO - Processing file /home/airflow/.local/lib/python3.8/site-packages/airflow/example_dags/example_complex.py for tasks to queue
[2024-03-04T10:01:11.628+0000] {logging_mixin.py:188} INFO - [2024-03-04T10:01:11.628+0000] {dagbag.py:538} INFO - Filling up the DagBag from /home/airflow/.local/lib/python3.8/site-packages/airflow/example_dags/example_complex.py
[2024-03-04T10:01:11.653+0000] {processor.py:840} INFO - DAG(s) 'example_complex' retrieved from /home/airflow/.local/lib/python3.8/site-packages/airflow/example_dags/example_complex.py
[2024-03-04T10:01:11.719+0000] {logging_mixin.py:188} INFO - [2024-03-04T10:01:11.719+0000] {dag.py:3036} INFO - Sync 1 DAGs
[2024-03-04T10:01:11.755+0000] {logging_mixin.py:188} INFO - [2024-03-04T10:01:11.754+0000] {dag.py:3823} INFO - Setting next_dagrun for example_complex to None, run_after=None
[2024-03-04T10:01:11.810+0000] {processor.py:183} INFO - Processing /home/airflow/.local/lib/python3.8/site-packages/airflow/example_dags/example_complex.py took 0.191 seconds
[2024-03-04T10:01:42.686+0000] {processor.py:161} INFO - Started process (PID=638) to work on /home/airflow/.local/lib/python3.8/site-packages/airflow/example_dags/example_complex.py
[2024-03-04T10:01:42.688+0000] {processor.py:830} INFO - Processing file /home/airflow/.local/lib/python3.8/site-packages/airflow/example_dags/example_complex.py for tasks to queue
[2024-03-04T10:01:42.691+0000] {logging_mixin.py:188} INFO - [2024-03-04T10:01:42.691+0000] {dagbag.py:538} INFO - Filling up the DagBag from /home/airflow/.local/lib/python3.8/site-packages/airflow/example_dags/example_complex.py
[2024-03-04T10:01:42.708+0000] {processor.py:840} INFO - DAG(s) 'example_complex' retrieved from /home/airflow/.local/lib/python3.8/site-packages/airflow/example_dags/example_complex.py
[2024-03-04T10:01:42.757+0000] {logging_mixin.py:188} INFO - [2024-03-04T10:01:42.756+0000] {dag.py:3036} INFO - Sync 1 DAGs
[2024-03-04T10:01:42.774+0000] {logging_mixin.py:188} INFO - [2024-03-04T10:01:42.774+0000] {dag.py:3823} INFO - Setting next_dagrun for example_complex to None, run_after=None
[2024-03-04T10:01:42.807+0000] {processor.py:183} INFO - Processing /home/airflow/.local/lib/python3.8/site-packages/airflow/example_dags/example_complex.py took 0.125 seconds
[2024-03-04T10:05:00.189+0000] {processor.py:161} INFO - Started process (PID=54) to work on /home/airflow/.local/lib/python3.8/site-packages/airflow/example_dags/example_complex.py
[2024-03-04T10:05:00.190+0000] {processor.py:830} INFO - Processing file /home/airflow/.local/lib/python3.8/site-packages/airflow/example_dags/example_complex.py for tasks to queue
[2024-03-04T10:05:00.193+0000] {logging_mixin.py:188} INFO - [2024-03-04T10:05:00.192+0000] {dagbag.py:538} INFO - Filling up the DagBag from /home/airflow/.local/lib/python3.8/site-packages/airflow/example_dags/example_complex.py
[2024-03-04T10:05:00.213+0000] {processor.py:840} INFO - DAG(s) 'example_complex' retrieved from /home/airflow/.local/lib/python3.8/site-packages/airflow/example_dags/example_complex.py
[2024-03-04T10:05:00.447+0000] {logging_mixin.py:188} INFO - [2024-03-04T10:05:00.446+0000] {dag.py:3036} INFO - Sync 1 DAGs
[2024-03-04T10:05:00.467+0000] {logging_mixin.py:188} INFO - [2024-03-04T10:05:00.467+0000] {dag.py:3823} INFO - Setting next_dagrun for example_complex to None, run_after=None
[2024-03-04T10:05:00.502+0000] {processor.py:183} INFO - Processing /home/airflow/.local/lib/python3.8/site-packages/airflow/example_dags/example_complex.py took 0.318 seconds
[2024-03-04T10:05:30.653+0000] {processor.py:161} INFO - Started process (PID=112) to work on /home/airflow/.local/lib/python3.8/site-packages/airflow/example_dags/example_complex.py
[2024-03-04T10:05:30.656+0000] {processor.py:830} INFO - Processing file /home/airflow/.local/lib/python3.8/site-packages/airflow/example_dags/example_complex.py for tasks to queue
[2024-03-04T10:05:30.659+0000] {logging_mixin.py:188} INFO - [2024-03-04T10:05:30.659+0000] {dagbag.py:538} INFO - Filling up the DagBag from /home/airflow/.local/lib/python3.8/site-packages/airflow/example_dags/example_complex.py
[2024-03-04T10:05:30.680+0000] {processor.py:840} INFO - DAG(s) 'example_complex' retrieved from /home/airflow/.local/lib/python3.8/site-packages/airflow/example_dags/example_complex.py
[2024-03-04T10:05:30.730+0000] {logging_mixin.py:188} INFO - [2024-03-04T10:05:30.729+0000] {dag.py:3036} INFO - Sync 1 DAGs
[2024-03-04T10:05:30.750+0000] {logging_mixin.py:188} INFO - [2024-03-04T10:05:30.750+0000] {dag.py:3823} INFO - Setting next_dagrun for example_complex to None, run_after=None
[2024-03-04T10:05:30.801+0000] {processor.py:183} INFO - Processing /home/airflow/.local/lib/python3.8/site-packages/airflow/example_dags/example_complex.py took 0.154 seconds
[2024-03-04T10:11:54.304+0000] {processor.py:161} INFO - Started process (PID=54) to work on /home/airflow/.local/lib/python3.8/site-packages/airflow/example_dags/example_complex.py
[2024-03-04T10:11:54.305+0000] {processor.py:830} INFO - Processing file /home/airflow/.local/lib/python3.8/site-packages/airflow/example_dags/example_complex.py for tasks to queue
[2024-03-04T10:11:54.310+0000] {logging_mixin.py:188} INFO - [2024-03-04T10:11:54.309+0000] {dagbag.py:538} INFO - Filling up the DagBag from /home/airflow/.local/lib/python3.8/site-packages/airflow/example_dags/example_complex.py
[2024-03-04T10:11:54.346+0000] {processor.py:840} INFO - DAG(s) 'example_complex' retrieved from /home/airflow/.local/lib/python3.8/site-packages/airflow/example_dags/example_complex.py
[2024-03-04T10:11:54.553+0000] {logging_mixin.py:188} INFO - [2024-03-04T10:11:54.553+0000] {dag.py:3036} INFO - Sync 1 DAGs
[2024-03-04T10:11:54.570+0000] {logging_mixin.py:188} INFO - [2024-03-04T10:11:54.570+0000] {dag.py:3823} INFO - Setting next_dagrun for example_complex to None, run_after=None
[2024-03-04T10:11:54.603+0000] {processor.py:183} INFO - Processing /home/airflow/.local/lib/python3.8/site-packages/airflow/example_dags/example_complex.py took 0.306 seconds
[2024-03-04T10:12:24.889+0000] {processor.py:161} INFO - Started process (PID=111) to work on /home/airflow/.local/lib/python3.8/site-packages/airflow/example_dags/example_complex.py
[2024-03-04T10:12:24.891+0000] {processor.py:830} INFO - Processing file /home/airflow/.local/lib/python3.8/site-packages/airflow/example_dags/example_complex.py for tasks to queue
[2024-03-04T10:12:24.893+0000] {logging_mixin.py:188} INFO - [2024-03-04T10:12:24.893+0000] {dagbag.py:538} INFO - Filling up the DagBag from /home/airflow/.local/lib/python3.8/site-packages/airflow/example_dags/example_complex.py
[2024-03-04T10:12:24.910+0000] {processor.py:840} INFO - DAG(s) 'example_complex' retrieved from /home/airflow/.local/lib/python3.8/site-packages/airflow/example_dags/example_complex.py
[2024-03-04T10:12:24.955+0000] {logging_mixin.py:188} INFO - [2024-03-04T10:12:24.955+0000] {dag.py:3036} INFO - Sync 1 DAGs
[2024-03-04T10:12:24.985+0000] {logging_mixin.py:188} INFO - [2024-03-04T10:12:24.985+0000] {dag.py:3823} INFO - Setting next_dagrun for example_complex to None, run_after=None
[2024-03-04T10:12:25.022+0000] {processor.py:183} INFO - Processing /home/airflow/.local/lib/python3.8/site-packages/airflow/example_dags/example_complex.py took 0.137 seconds
[2024-03-04T10:12:55.923+0000] {processor.py:161} INFO - Started process (PID=168) to work on /home/airflow/.local/lib/python3.8/site-packages/airflow/example_dags/example_complex.py
[2024-03-04T10:12:55.925+0000] {processor.py:830} INFO - Processing file /home/airflow/.local/lib/python3.8/site-packages/airflow/example_dags/example_complex.py for tasks to queue
[2024-03-04T10:12:55.928+0000] {logging_mixin.py:188} INFO - [2024-03-04T10:12:55.927+0000] {dagbag.py:538} INFO - Filling up the DagBag from /home/airflow/.local/lib/python3.8/site-packages/airflow/example_dags/example_complex.py
[2024-03-04T10:12:55.949+0000] {processor.py:840} INFO - DAG(s) 'example_complex' retrieved from /home/airflow/.local/lib/python3.8/site-packages/airflow/example_dags/example_complex.py
[2024-03-04T10:12:55.998+0000] {logging_mixin.py:188} INFO - [2024-03-04T10:12:55.998+0000] {dag.py:3036} INFO - Sync 1 DAGs
[2024-03-04T10:12:56.020+0000] {logging_mixin.py:188} INFO - [2024-03-04T10:12:56.019+0000] {dag.py:3823} INFO - Setting next_dagrun for example_complex to None, run_after=None
[2024-03-04T10:12:56.050+0000] {processor.py:183} INFO - Processing /home/airflow/.local/lib/python3.8/site-packages/airflow/example_dags/example_complex.py took 0.134 seconds
[2024-03-04T10:15:42.588+0000] {processor.py:161} INFO - Started process (PID=54) to work on /home/airflow/.local/lib/python3.8/site-packages/airflow/example_dags/example_complex.py
[2024-03-04T10:15:42.589+0000] {processor.py:830} INFO - Processing file /home/airflow/.local/lib/python3.8/site-packages/airflow/example_dags/example_complex.py for tasks to queue
[2024-03-04T10:15:42.592+0000] {logging_mixin.py:188} INFO - [2024-03-04T10:15:42.591+0000] {dagbag.py:538} INFO - Filling up the DagBag from /home/airflow/.local/lib/python3.8/site-packages/airflow/example_dags/example_complex.py
[2024-03-04T10:15:42.611+0000] {processor.py:840} INFO - DAG(s) 'example_complex' retrieved from /home/airflow/.local/lib/python3.8/site-packages/airflow/example_dags/example_complex.py
[2024-03-04T10:15:42.819+0000] {logging_mixin.py:188} INFO - [2024-03-04T10:15:42.819+0000] {dag.py:3036} INFO - Sync 1 DAGs
[2024-03-04T10:15:42.840+0000] {logging_mixin.py:188} INFO - [2024-03-04T10:15:42.839+0000] {dag.py:3823} INFO - Setting next_dagrun for example_complex to None, run_after=None
[2024-03-04T10:15:42.879+0000] {processor.py:183} INFO - Processing /home/airflow/.local/lib/python3.8/site-packages/airflow/example_dags/example_complex.py took 0.296 seconds
[2024-03-04T10:16:13.730+0000] {processor.py:161} INFO - Started process (PID=111) to work on /home/airflow/.local/lib/python3.8/site-packages/airflow/example_dags/example_complex.py
[2024-03-04T10:16:13.732+0000] {processor.py:830} INFO - Processing file /home/airflow/.local/lib/python3.8/site-packages/airflow/example_dags/example_complex.py for tasks to queue
[2024-03-04T10:16:13.735+0000] {logging_mixin.py:188} INFO - [2024-03-04T10:16:13.735+0000] {dagbag.py:538} INFO - Filling up the DagBag from /home/airflow/.local/lib/python3.8/site-packages/airflow/example_dags/example_complex.py
[2024-03-04T10:16:13.755+0000] {processor.py:840} INFO - DAG(s) 'example_complex' retrieved from /home/airflow/.local/lib/python3.8/site-packages/airflow/example_dags/example_complex.py
[2024-03-04T10:16:13.830+0000] {logging_mixin.py:188} INFO - [2024-03-04T10:16:13.828+0000] {dag.py:3036} INFO - Sync 1 DAGs
[2024-03-04T10:16:13.854+0000] {logging_mixin.py:188} INFO - [2024-03-04T10:16:13.854+0000] {dag.py:3823} INFO - Setting next_dagrun for example_complex to None, run_after=None
[2024-03-04T10:16:13.907+0000] {processor.py:183} INFO - Processing /home/airflow/.local/lib/python3.8/site-packages/airflow/example_dags/example_complex.py took 0.182 seconds
[2024-03-04T10:16:44.322+0000] {processor.py:161} INFO - Started process (PID=168) to work on /home/airflow/.local/lib/python3.8/site-packages/airflow/example_dags/example_complex.py
[2024-03-04T10:16:44.323+0000] {processor.py:830} INFO - Processing file /home/airflow/.local/lib/python3.8/site-packages/airflow/example_dags/example_complex.py for tasks to queue
[2024-03-04T10:16:44.326+0000] {logging_mixin.py:188} INFO - [2024-03-04T10:16:44.325+0000] {dagbag.py:538} INFO - Filling up the DagBag from /home/airflow/.local/lib/python3.8/site-packages/airflow/example_dags/example_complex.py
[2024-03-04T10:16:44.343+0000] {processor.py:840} INFO - DAG(s) 'example_complex' retrieved from /home/airflow/.local/lib/python3.8/site-packages/airflow/example_dags/example_complex.py
[2024-03-04T10:16:44.391+0000] {logging_mixin.py:188} INFO - [2024-03-04T10:16:44.390+0000] {dag.py:3036} INFO - Sync 1 DAGs
[2024-03-04T10:16:44.412+0000] {logging_mixin.py:188} INFO - [2024-03-04T10:16:44.412+0000] {dag.py:3823} INFO - Setting next_dagrun for example_complex to None, run_after=None
[2024-03-04T10:16:44.451+0000] {processor.py:183} INFO - Processing /home/airflow/.local/lib/python3.8/site-packages/airflow/example_dags/example_complex.py took 0.133 seconds
