[2024-03-04T09:52:11.719+0000] {processor.py:161} INFO - Started process (PID=51) to work on /home/airflow/.local/lib/python3.8/site-packages/airflow/example_dags/example_short_circuit_operator.py
[2024-03-04T09:52:11.722+0000] {processor.py:830} INFO - Processing file /home/airflow/.local/lib/python3.8/site-packages/airflow/example_dags/example_short_circuit_operator.py for tasks to queue
[2024-03-04T09:52:11.726+0000] {logging_mixin.py:188} INFO - [2024-03-04T09:52:11.725+0000] {dagbag.py:538} INFO - Filling up the DagBag from /home/airflow/.local/lib/python3.8/site-packages/airflow/example_dags/example_short_circuit_operator.py
[2024-03-04T09:52:11.761+0000] {processor.py:840} INFO - DAG(s) 'example_short_circuit_operator' retrieved from /home/airflow/.local/lib/python3.8/site-packages/airflow/example_dags/example_short_circuit_operator.py
[2024-03-04T09:52:12.206+0000] {logging_mixin.py:188} INFO - [2024-03-04T09:52:12.204+0000] {override.py:1769} INFO - Created Permission View: can read on DAG:example_short_circuit_operator
[2024-03-04T09:52:12.258+0000] {logging_mixin.py:188} INFO - [2024-03-04T09:52:12.257+0000] {override.py:1769} INFO - Created Permission View: can delete on DAG:example_short_circuit_operator
[2024-03-04T09:52:12.303+0000] {logging_mixin.py:188} INFO - [2024-03-04T09:52:12.303+0000] {override.py:1769} INFO - Created Permission View: can edit on DAG:example_short_circuit_operator
[2024-03-04T09:52:12.304+0000] {logging_mixin.py:188} INFO - [2024-03-04T09:52:12.304+0000] {dag.py:3036} INFO - Sync 1 DAGs
[2024-03-04T09:52:12.325+0000] {logging_mixin.py:188} INFO - [2024-03-04T09:52:12.324+0000] {dag.py:3058} INFO - Creating ORM DAG for example_short_circuit_operator
[2024-03-04T09:52:12.344+0000] {logging_mixin.py:188} INFO - [2024-03-04T09:52:12.344+0000] {dag.py:3823} INFO - Setting next_dagrun for example_short_circuit_operator to 2024-03-03 00:00:00+00:00, run_after=2024-03-04 00:00:00+00:00
[2024-03-04T09:52:12.404+0000] {processor.py:183} INFO - Processing /home/airflow/.local/lib/python3.8/site-packages/airflow/example_dags/example_short_circuit_operator.py took 0.694 seconds
[2024-03-04T09:52:42.508+0000] {processor.py:161} INFO - Started process (PID=108) to work on /home/airflow/.local/lib/python3.8/site-packages/airflow/example_dags/example_short_circuit_operator.py
[2024-03-04T09:52:42.510+0000] {processor.py:830} INFO - Processing file /home/airflow/.local/lib/python3.8/site-packages/airflow/example_dags/example_short_circuit_operator.py for tasks to queue
[2024-03-04T09:52:42.515+0000] {logging_mixin.py:188} INFO - [2024-03-04T09:52:42.514+0000] {dagbag.py:538} INFO - Filling up the DagBag from /home/airflow/.local/lib/python3.8/site-packages/airflow/example_dags/example_short_circuit_operator.py
[2024-03-04T09:52:42.541+0000] {processor.py:840} INFO - DAG(s) 'example_short_circuit_operator' retrieved from /home/airflow/.local/lib/python3.8/site-packages/airflow/example_dags/example_short_circuit_operator.py
[2024-03-04T09:52:42.598+0000] {logging_mixin.py:188} INFO - [2024-03-04T09:52:42.598+0000] {dag.py:3036} INFO - Sync 1 DAGs
[2024-03-04T09:52:42.661+0000] {logging_mixin.py:188} INFO - [2024-03-04T09:52:42.660+0000] {dag.py:3823} INFO - Setting next_dagrun for example_short_circuit_operator to 2024-03-03 00:00:00+00:00, run_after=2024-03-04 00:00:00+00:00
[2024-03-04T09:52:42.717+0000] {processor.py:183} INFO - Processing /home/airflow/.local/lib/python3.8/site-packages/airflow/example_dags/example_short_circuit_operator.py took 0.216 seconds
[2024-03-04T09:53:12.919+0000] {processor.py:161} INFO - Started process (PID=164) to work on /home/airflow/.local/lib/python3.8/site-packages/airflow/example_dags/example_short_circuit_operator.py
[2024-03-04T09:53:12.922+0000] {processor.py:830} INFO - Processing file /home/airflow/.local/lib/python3.8/site-packages/airflow/example_dags/example_short_circuit_operator.py for tasks to queue
[2024-03-04T09:53:12.927+0000] {logging_mixin.py:188} INFO - [2024-03-04T09:53:12.926+0000] {dagbag.py:538} INFO - Filling up the DagBag from /home/airflow/.local/lib/python3.8/site-packages/airflow/example_dags/example_short_circuit_operator.py
[2024-03-04T09:53:12.956+0000] {processor.py:840} INFO - DAG(s) 'example_short_circuit_operator' retrieved from /home/airflow/.local/lib/python3.8/site-packages/airflow/example_dags/example_short_circuit_operator.py
[2024-03-04T09:53:13.013+0000] {logging_mixin.py:188} INFO - [2024-03-04T09:53:13.013+0000] {dag.py:3036} INFO - Sync 1 DAGs
[2024-03-04T09:53:13.091+0000] {logging_mixin.py:188} INFO - [2024-03-04T09:53:13.091+0000] {dag.py:3823} INFO - Setting next_dagrun for example_short_circuit_operator to 2024-03-03 00:00:00+00:00, run_after=2024-03-04 00:00:00+00:00
[2024-03-04T09:53:13.158+0000] {processor.py:183} INFO - Processing /home/airflow/.local/lib/python3.8/site-packages/airflow/example_dags/example_short_circuit_operator.py took 0.249 seconds
[2024-03-04T09:53:43.384+0000] {processor.py:161} INFO - Started process (PID=221) to work on /home/airflow/.local/lib/python3.8/site-packages/airflow/example_dags/example_short_circuit_operator.py
[2024-03-04T09:53:43.386+0000] {processor.py:830} INFO - Processing file /home/airflow/.local/lib/python3.8/site-packages/airflow/example_dags/example_short_circuit_operator.py for tasks to queue
[2024-03-04T09:53:43.390+0000] {logging_mixin.py:188} INFO - [2024-03-04T09:53:43.389+0000] {dagbag.py:538} INFO - Filling up the DagBag from /home/airflow/.local/lib/python3.8/site-packages/airflow/example_dags/example_short_circuit_operator.py
[2024-03-04T09:53:43.405+0000] {processor.py:840} INFO - DAG(s) 'example_short_circuit_operator' retrieved from /home/airflow/.local/lib/python3.8/site-packages/airflow/example_dags/example_short_circuit_operator.py
[2024-03-04T09:53:43.461+0000] {logging_mixin.py:188} INFO - [2024-03-04T09:53:43.461+0000] {dag.py:3036} INFO - Sync 1 DAGs
[2024-03-04T09:53:43.505+0000] {logging_mixin.py:188} INFO - [2024-03-04T09:53:43.504+0000] {dag.py:3823} INFO - Setting next_dagrun for example_short_circuit_operator to 2024-03-03 00:00:00+00:00, run_after=2024-03-04 00:00:00+00:00
[2024-03-04T09:53:43.544+0000] {processor.py:183} INFO - Processing /home/airflow/.local/lib/python3.8/site-packages/airflow/example_dags/example_short_circuit_operator.py took 0.165 seconds
[2024-03-04T09:56:32.552+0000] {processor.py:161} INFO - Started process (PID=45) to work on /home/airflow/.local/lib/python3.8/site-packages/airflow/example_dags/example_short_circuit_operator.py
[2024-03-04T09:56:32.554+0000] {processor.py:830} INFO - Processing file /home/airflow/.local/lib/python3.8/site-packages/airflow/example_dags/example_short_circuit_operator.py for tasks to queue
[2024-03-04T09:56:32.557+0000] {logging_mixin.py:188} INFO - [2024-03-04T09:56:32.557+0000] {dagbag.py:538} INFO - Filling up the DagBag from /home/airflow/.local/lib/python3.8/site-packages/airflow/example_dags/example_short_circuit_operator.py
[2024-03-04T09:56:32.577+0000] {processor.py:840} INFO - DAG(s) 'example_short_circuit_operator' retrieved from /home/airflow/.local/lib/python3.8/site-packages/airflow/example_dags/example_short_circuit_operator.py
[2024-03-04T09:56:32.793+0000] {logging_mixin.py:188} INFO - [2024-03-04T09:56:32.792+0000] {dag.py:3036} INFO - Sync 1 DAGs
[2024-03-04T09:56:32.832+0000] {logging_mixin.py:188} INFO - [2024-03-04T09:56:32.831+0000] {dag.py:3823} INFO - Setting next_dagrun for example_short_circuit_operator to 2024-03-03 00:00:00+00:00, run_after=2024-03-04 00:00:00+00:00
[2024-03-04T09:56:32.865+0000] {processor.py:183} INFO - Processing /home/airflow/.local/lib/python3.8/site-packages/airflow/example_dags/example_short_circuit_operator.py took 0.319 seconds
[2024-03-04T09:57:03.277+0000] {processor.py:161} INFO - Started process (PID=101) to work on /home/airflow/.local/lib/python3.8/site-packages/airflow/example_dags/example_short_circuit_operator.py
[2024-03-04T09:57:03.279+0000] {processor.py:830} INFO - Processing file /home/airflow/.local/lib/python3.8/site-packages/airflow/example_dags/example_short_circuit_operator.py for tasks to queue
[2024-03-04T09:57:03.283+0000] {logging_mixin.py:188} INFO - [2024-03-04T09:57:03.282+0000] {dagbag.py:538} INFO - Filling up the DagBag from /home/airflow/.local/lib/python3.8/site-packages/airflow/example_dags/example_short_circuit_operator.py
[2024-03-04T09:57:03.297+0000] {processor.py:840} INFO - DAG(s) 'example_short_circuit_operator' retrieved from /home/airflow/.local/lib/python3.8/site-packages/airflow/example_dags/example_short_circuit_operator.py
[2024-03-04T09:57:03.342+0000] {logging_mixin.py:188} INFO - [2024-03-04T09:57:03.341+0000] {dag.py:3036} INFO - Sync 1 DAGs
[2024-03-04T09:57:03.378+0000] {logging_mixin.py:188} INFO - [2024-03-04T09:57:03.378+0000] {dag.py:3823} INFO - Setting next_dagrun for example_short_circuit_operator to 2024-03-03 00:00:00+00:00, run_after=2024-03-04 00:00:00+00:00
[2024-03-04T09:57:03.607+0000] {processor.py:183} INFO - Processing /home/airflow/.local/lib/python3.8/site-packages/airflow/example_dags/example_short_circuit_operator.py took 0.335 seconds
[2024-03-04T09:57:33.731+0000] {processor.py:161} INFO - Started process (PID=157) to work on /home/airflow/.local/lib/python3.8/site-packages/airflow/example_dags/example_short_circuit_operator.py
[2024-03-04T09:57:33.733+0000] {processor.py:830} INFO - Processing file /home/airflow/.local/lib/python3.8/site-packages/airflow/example_dags/example_short_circuit_operator.py for tasks to queue
[2024-03-04T09:57:33.736+0000] {logging_mixin.py:188} INFO - [2024-03-04T09:57:33.736+0000] {dagbag.py:538} INFO - Filling up the DagBag from /home/airflow/.local/lib/python3.8/site-packages/airflow/example_dags/example_short_circuit_operator.py
[2024-03-04T09:57:33.748+0000] {processor.py:840} INFO - DAG(s) 'example_short_circuit_operator' retrieved from /home/airflow/.local/lib/python3.8/site-packages/airflow/example_dags/example_short_circuit_operator.py
[2024-03-04T09:57:33.780+0000] {logging_mixin.py:188} INFO - [2024-03-04T09:57:33.780+0000] {dag.py:3036} INFO - Sync 1 DAGs
[2024-03-04T09:57:33.808+0000] {logging_mixin.py:188} INFO - [2024-03-04T09:57:33.807+0000] {dag.py:3823} INFO - Setting next_dagrun for example_short_circuit_operator to 2024-03-03 00:00:00+00:00, run_after=2024-03-04 00:00:00+00:00
[2024-03-04T09:57:33.891+0000] {processor.py:183} INFO - Processing /home/airflow/.local/lib/python3.8/site-packages/airflow/example_dags/example_short_circuit_operator.py took 0.165 seconds
[2024-03-04T09:58:04.234+0000] {processor.py:161} INFO - Started process (PID=214) to work on /home/airflow/.local/lib/python3.8/site-packages/airflow/example_dags/example_short_circuit_operator.py
[2024-03-04T09:58:04.236+0000] {processor.py:830} INFO - Processing file /home/airflow/.local/lib/python3.8/site-packages/airflow/example_dags/example_short_circuit_operator.py for tasks to queue
[2024-03-04T09:58:04.241+0000] {logging_mixin.py:188} INFO - [2024-03-04T09:58:04.240+0000] {dagbag.py:538} INFO - Filling up the DagBag from /home/airflow/.local/lib/python3.8/site-packages/airflow/example_dags/example_short_circuit_operator.py
[2024-03-04T09:58:04.283+0000] {processor.py:840} INFO - DAG(s) 'example_short_circuit_operator' retrieved from /home/airflow/.local/lib/python3.8/site-packages/airflow/example_dags/example_short_circuit_operator.py
[2024-03-04T09:58:04.397+0000] {logging_mixin.py:188} INFO - [2024-03-04T09:58:04.396+0000] {dag.py:3036} INFO - Sync 1 DAGs
[2024-03-04T09:58:04.462+0000] {logging_mixin.py:188} INFO - [2024-03-04T09:58:04.462+0000] {dag.py:3823} INFO - Setting next_dagrun for example_short_circuit_operator to 2024-03-03 00:00:00+00:00, run_after=2024-03-04 00:00:00+00:00
[2024-03-04T09:58:04.548+0000] {processor.py:183} INFO - Processing /home/airflow/.local/lib/python3.8/site-packages/airflow/example_dags/example_short_circuit_operator.py took 0.320 seconds
[2024-03-04T09:58:35.332+0000] {processor.py:161} INFO - Started process (PID=275) to work on /home/airflow/.local/lib/python3.8/site-packages/airflow/example_dags/example_short_circuit_operator.py
[2024-03-04T09:58:35.333+0000] {processor.py:830} INFO - Processing file /home/airflow/.local/lib/python3.8/site-packages/airflow/example_dags/example_short_circuit_operator.py for tasks to queue
[2024-03-04T09:58:35.336+0000] {logging_mixin.py:188} INFO - [2024-03-04T09:58:35.335+0000] {dagbag.py:538} INFO - Filling up the DagBag from /home/airflow/.local/lib/python3.8/site-packages/airflow/example_dags/example_short_circuit_operator.py
[2024-03-04T09:58:35.347+0000] {processor.py:840} INFO - DAG(s) 'example_short_circuit_operator' retrieved from /home/airflow/.local/lib/python3.8/site-packages/airflow/example_dags/example_short_circuit_operator.py
[2024-03-04T09:58:35.396+0000] {logging_mixin.py:188} INFO - [2024-03-04T09:58:35.396+0000] {dag.py:3036} INFO - Sync 1 DAGs
[2024-03-04T09:58:35.446+0000] {logging_mixin.py:188} INFO - [2024-03-04T09:58:35.446+0000] {dag.py:3823} INFO - Setting next_dagrun for example_short_circuit_operator to 2024-03-03 00:00:00+00:00, run_after=2024-03-04 00:00:00+00:00
[2024-03-04T09:58:35.530+0000] {processor.py:183} INFO - Processing /home/airflow/.local/lib/python3.8/site-packages/airflow/example_dags/example_short_circuit_operator.py took 0.203 seconds
[2024-03-04T09:59:06.007+0000] {processor.py:161} INFO - Started process (PID=339) to work on /home/airflow/.local/lib/python3.8/site-packages/airflow/example_dags/example_short_circuit_operator.py
[2024-03-04T09:59:06.009+0000] {processor.py:830} INFO - Processing file /home/airflow/.local/lib/python3.8/site-packages/airflow/example_dags/example_short_circuit_operator.py for tasks to queue
[2024-03-04T09:59:06.012+0000] {logging_mixin.py:188} INFO - [2024-03-04T09:59:06.011+0000] {dagbag.py:538} INFO - Filling up the DagBag from /home/airflow/.local/lib/python3.8/site-packages/airflow/example_dags/example_short_circuit_operator.py
[2024-03-04T09:59:06.023+0000] {processor.py:840} INFO - DAG(s) 'example_short_circuit_operator' retrieved from /home/airflow/.local/lib/python3.8/site-packages/airflow/example_dags/example_short_circuit_operator.py
[2024-03-04T09:59:06.059+0000] {logging_mixin.py:188} INFO - [2024-03-04T09:59:06.059+0000] {dag.py:3036} INFO - Sync 1 DAGs
[2024-03-04T09:59:06.096+0000] {logging_mixin.py:188} INFO - [2024-03-04T09:59:06.096+0000] {dag.py:3823} INFO - Setting next_dagrun for example_short_circuit_operator to 2024-03-03 00:00:00+00:00, run_after=2024-03-04 00:00:00+00:00
[2024-03-04T09:59:06.152+0000] {processor.py:183} INFO - Processing /home/airflow/.local/lib/python3.8/site-packages/airflow/example_dags/example_short_circuit_operator.py took 0.149 seconds
[2024-03-04T09:59:36.322+0000] {processor.py:161} INFO - Started process (PID=396) to work on /home/airflow/.local/lib/python3.8/site-packages/airflow/example_dags/example_short_circuit_operator.py
[2024-03-04T09:59:36.324+0000] {processor.py:830} INFO - Processing file /home/airflow/.local/lib/python3.8/site-packages/airflow/example_dags/example_short_circuit_operator.py for tasks to queue
[2024-03-04T09:59:36.327+0000] {logging_mixin.py:188} INFO - [2024-03-04T09:59:36.326+0000] {dagbag.py:538} INFO - Filling up the DagBag from /home/airflow/.local/lib/python3.8/site-packages/airflow/example_dags/example_short_circuit_operator.py
[2024-03-04T09:59:36.339+0000] {processor.py:840} INFO - DAG(s) 'example_short_circuit_operator' retrieved from /home/airflow/.local/lib/python3.8/site-packages/airflow/example_dags/example_short_circuit_operator.py
[2024-03-04T09:59:36.378+0000] {logging_mixin.py:188} INFO - [2024-03-04T09:59:36.378+0000] {dag.py:3036} INFO - Sync 1 DAGs
[2024-03-04T09:59:36.410+0000] {logging_mixin.py:188} INFO - [2024-03-04T09:59:36.409+0000] {dag.py:3823} INFO - Setting next_dagrun for example_short_circuit_operator to 2024-03-03 00:00:00+00:00, run_after=2024-03-04 00:00:00+00:00
[2024-03-04T09:59:36.478+0000] {processor.py:183} INFO - Processing /home/airflow/.local/lib/python3.8/site-packages/airflow/example_dags/example_short_circuit_operator.py took 0.161 seconds
[2024-03-04T10:00:06.849+0000] {processor.py:161} INFO - Started process (PID=453) to work on /home/airflow/.local/lib/python3.8/site-packages/airflow/example_dags/example_short_circuit_operator.py
[2024-03-04T10:00:06.852+0000] {processor.py:830} INFO - Processing file /home/airflow/.local/lib/python3.8/site-packages/airflow/example_dags/example_short_circuit_operator.py for tasks to queue
[2024-03-04T10:00:06.855+0000] {logging_mixin.py:188} INFO - [2024-03-04T10:00:06.854+0000] {dagbag.py:538} INFO - Filling up the DagBag from /home/airflow/.local/lib/python3.8/site-packages/airflow/example_dags/example_short_circuit_operator.py
[2024-03-04T10:00:06.868+0000] {processor.py:840} INFO - DAG(s) 'example_short_circuit_operator' retrieved from /home/airflow/.local/lib/python3.8/site-packages/airflow/example_dags/example_short_circuit_operator.py
[2024-03-04T10:00:06.911+0000] {logging_mixin.py:188} INFO - [2024-03-04T10:00:06.911+0000] {dag.py:3036} INFO - Sync 1 DAGs
[2024-03-04T10:00:06.953+0000] {logging_mixin.py:188} INFO - [2024-03-04T10:00:06.953+0000] {dag.py:3823} INFO - Setting next_dagrun for example_short_circuit_operator to 2024-03-03 00:00:00+00:00, run_after=2024-03-04 00:00:00+00:00
[2024-03-04T10:00:06.991+0000] {processor.py:183} INFO - Processing /home/airflow/.local/lib/python3.8/site-packages/airflow/example_dags/example_short_circuit_operator.py took 0.147 seconds
[2024-03-04T10:00:37.269+0000] {processor.py:161} INFO - Started process (PID=514) to work on /home/airflow/.local/lib/python3.8/site-packages/airflow/example_dags/example_short_circuit_operator.py
[2024-03-04T10:00:37.271+0000] {processor.py:830} INFO - Processing file /home/airflow/.local/lib/python3.8/site-packages/airflow/example_dags/example_short_circuit_operator.py for tasks to queue
[2024-03-04T10:00:37.275+0000] {logging_mixin.py:188} INFO - [2024-03-04T10:00:37.274+0000] {dagbag.py:538} INFO - Filling up the DagBag from /home/airflow/.local/lib/python3.8/site-packages/airflow/example_dags/example_short_circuit_operator.py
[2024-03-04T10:00:37.295+0000] {processor.py:840} INFO - DAG(s) 'example_short_circuit_operator' retrieved from /home/airflow/.local/lib/python3.8/site-packages/airflow/example_dags/example_short_circuit_operator.py
[2024-03-04T10:00:37.373+0000] {logging_mixin.py:188} INFO - [2024-03-04T10:00:37.372+0000] {dag.py:3036} INFO - Sync 1 DAGs
[2024-03-04T10:00:37.435+0000] {logging_mixin.py:188} INFO - [2024-03-04T10:00:37.434+0000] {dag.py:3823} INFO - Setting next_dagrun for example_short_circuit_operator to 2024-03-03 00:00:00+00:00, run_after=2024-03-04 00:00:00+00:00
[2024-03-04T10:00:37.474+0000] {processor.py:183} INFO - Processing /home/airflow/.local/lib/python3.8/site-packages/airflow/example_dags/example_short_circuit_operator.py took 0.212 seconds
[2024-03-04T10:01:07.577+0000] {processor.py:161} INFO - Started process (PID=571) to work on /home/airflow/.local/lib/python3.8/site-packages/airflow/example_dags/example_short_circuit_operator.py
[2024-03-04T10:01:07.579+0000] {processor.py:830} INFO - Processing file /home/airflow/.local/lib/python3.8/site-packages/airflow/example_dags/example_short_circuit_operator.py for tasks to queue
[2024-03-04T10:01:07.582+0000] {logging_mixin.py:188} INFO - [2024-03-04T10:01:07.582+0000] {dagbag.py:538} INFO - Filling up the DagBag from /home/airflow/.local/lib/python3.8/site-packages/airflow/example_dags/example_short_circuit_operator.py
[2024-03-04T10:01:07.595+0000] {processor.py:840} INFO - DAG(s) 'example_short_circuit_operator' retrieved from /home/airflow/.local/lib/python3.8/site-packages/airflow/example_dags/example_short_circuit_operator.py
[2024-03-04T10:01:07.639+0000] {logging_mixin.py:188} INFO - [2024-03-04T10:01:07.639+0000] {dag.py:3036} INFO - Sync 1 DAGs
[2024-03-04T10:01:07.687+0000] {logging_mixin.py:188} INFO - [2024-03-04T10:01:07.686+0000] {dag.py:3823} INFO - Setting next_dagrun for example_short_circuit_operator to 2024-03-03 00:00:00+00:00, run_after=2024-03-04 00:00:00+00:00
[2024-03-04T10:01:07.730+0000] {processor.py:183} INFO - Processing /home/airflow/.local/lib/python3.8/site-packages/airflow/example_dags/example_short_circuit_operator.py took 0.159 seconds
[2024-03-04T10:01:37.944+0000] {processor.py:161} INFO - Started process (PID=628) to work on /home/airflow/.local/lib/python3.8/site-packages/airflow/example_dags/example_short_circuit_operator.py
[2024-03-04T10:01:37.946+0000] {processor.py:830} INFO - Processing file /home/airflow/.local/lib/python3.8/site-packages/airflow/example_dags/example_short_circuit_operator.py for tasks to queue
[2024-03-04T10:01:37.950+0000] {logging_mixin.py:188} INFO - [2024-03-04T10:01:37.950+0000] {dagbag.py:538} INFO - Filling up the DagBag from /home/airflow/.local/lib/python3.8/site-packages/airflow/example_dags/example_short_circuit_operator.py
[2024-03-04T10:01:37.964+0000] {processor.py:840} INFO - DAG(s) 'example_short_circuit_operator' retrieved from /home/airflow/.local/lib/python3.8/site-packages/airflow/example_dags/example_short_circuit_operator.py
[2024-03-04T10:01:38.002+0000] {logging_mixin.py:188} INFO - [2024-03-04T10:01:38.002+0000] {dag.py:3036} INFO - Sync 1 DAGs
[2024-03-04T10:01:38.031+0000] {logging_mixin.py:188} INFO - [2024-03-04T10:01:38.031+0000] {dag.py:3823} INFO - Setting next_dagrun for example_short_circuit_operator to 2024-03-03 00:00:00+00:00, run_after=2024-03-04 00:00:00+00:00
[2024-03-04T10:01:38.062+0000] {processor.py:183} INFO - Processing /home/airflow/.local/lib/python3.8/site-packages/airflow/example_dags/example_short_circuit_operator.py took 0.124 seconds
[2024-03-04T10:04:57.652+0000] {processor.py:161} INFO - Started process (PID=44) to work on /home/airflow/.local/lib/python3.8/site-packages/airflow/example_dags/example_short_circuit_operator.py
[2024-03-04T10:04:57.655+0000] {processor.py:830} INFO - Processing file /home/airflow/.local/lib/python3.8/site-packages/airflow/example_dags/example_short_circuit_operator.py for tasks to queue
[2024-03-04T10:04:57.663+0000] {logging_mixin.py:188} INFO - [2024-03-04T10:04:57.662+0000] {dagbag.py:538} INFO - Filling up the DagBag from /home/airflow/.local/lib/python3.8/site-packages/airflow/example_dags/example_short_circuit_operator.py
[2024-03-04T10:04:57.698+0000] {processor.py:840} INFO - DAG(s) 'example_short_circuit_operator' retrieved from /home/airflow/.local/lib/python3.8/site-packages/airflow/example_dags/example_short_circuit_operator.py
[2024-03-04T10:04:58.007+0000] {logging_mixin.py:188} INFO - [2024-03-04T10:04:58.006+0000] {dag.py:3036} INFO - Sync 1 DAGs
[2024-03-04T10:04:58.046+0000] {logging_mixin.py:188} INFO - [2024-03-04T10:04:58.045+0000] {dag.py:3823} INFO - Setting next_dagrun for example_short_circuit_operator to 2024-03-03 00:00:00+00:00, run_after=2024-03-04 00:00:00+00:00
[2024-03-04T10:04:58.142+0000] {processor.py:183} INFO - Processing /home/airflow/.local/lib/python3.8/site-packages/airflow/example_dags/example_short_circuit_operator.py took 0.498 seconds
[2024-03-04T10:05:28.419+0000] {processor.py:161} INFO - Started process (PID=102) to work on /home/airflow/.local/lib/python3.8/site-packages/airflow/example_dags/example_short_circuit_operator.py
[2024-03-04T10:05:28.420+0000] {processor.py:830} INFO - Processing file /home/airflow/.local/lib/python3.8/site-packages/airflow/example_dags/example_short_circuit_operator.py for tasks to queue
[2024-03-04T10:05:28.425+0000] {logging_mixin.py:188} INFO - [2024-03-04T10:05:28.424+0000] {dagbag.py:538} INFO - Filling up the DagBag from /home/airflow/.local/lib/python3.8/site-packages/airflow/example_dags/example_short_circuit_operator.py
[2024-03-04T10:05:28.437+0000] {processor.py:840} INFO - DAG(s) 'example_short_circuit_operator' retrieved from /home/airflow/.local/lib/python3.8/site-packages/airflow/example_dags/example_short_circuit_operator.py
[2024-03-04T10:05:28.478+0000] {logging_mixin.py:188} INFO - [2024-03-04T10:05:28.477+0000] {dag.py:3036} INFO - Sync 1 DAGs
[2024-03-04T10:05:28.512+0000] {logging_mixin.py:188} INFO - [2024-03-04T10:05:28.512+0000] {dag.py:3823} INFO - Setting next_dagrun for example_short_circuit_operator to 2024-03-03 00:00:00+00:00, run_after=2024-03-04 00:00:00+00:00
[2024-03-04T10:05:28.595+0000] {processor.py:183} INFO - Processing /home/airflow/.local/lib/python3.8/site-packages/airflow/example_dags/example_short_circuit_operator.py took 0.181 seconds
[2024-03-04T10:11:51.919+0000] {processor.py:161} INFO - Started process (PID=44) to work on /home/airflow/.local/lib/python3.8/site-packages/airflow/example_dags/example_short_circuit_operator.py
[2024-03-04T10:11:51.920+0000] {processor.py:830} INFO - Processing file /home/airflow/.local/lib/python3.8/site-packages/airflow/example_dags/example_short_circuit_operator.py for tasks to queue
[2024-03-04T10:11:51.924+0000] {logging_mixin.py:188} INFO - [2024-03-04T10:11:51.923+0000] {dagbag.py:538} INFO - Filling up the DagBag from /home/airflow/.local/lib/python3.8/site-packages/airflow/example_dags/example_short_circuit_operator.py
[2024-03-04T10:11:51.941+0000] {processor.py:840} INFO - DAG(s) 'example_short_circuit_operator' retrieved from /home/airflow/.local/lib/python3.8/site-packages/airflow/example_dags/example_short_circuit_operator.py
[2024-03-04T10:11:52.169+0000] {logging_mixin.py:188} INFO - [2024-03-04T10:11:52.168+0000] {dag.py:3036} INFO - Sync 1 DAGs
[2024-03-04T10:11:52.223+0000] {logging_mixin.py:188} INFO - [2024-03-04T10:11:52.222+0000] {dag.py:3823} INFO - Setting next_dagrun for example_short_circuit_operator to 2024-03-03 00:00:00+00:00, run_after=2024-03-04 00:00:00+00:00
[2024-03-04T10:11:52.269+0000] {processor.py:183} INFO - Processing /home/airflow/.local/lib/python3.8/site-packages/airflow/example_dags/example_short_circuit_operator.py took 0.356 seconds
[2024-03-04T10:12:22.823+0000] {processor.py:161} INFO - Started process (PID=101) to work on /home/airflow/.local/lib/python3.8/site-packages/airflow/example_dags/example_short_circuit_operator.py
[2024-03-04T10:12:22.825+0000] {processor.py:830} INFO - Processing file /home/airflow/.local/lib/python3.8/site-packages/airflow/example_dags/example_short_circuit_operator.py for tasks to queue
[2024-03-04T10:12:22.828+0000] {logging_mixin.py:188} INFO - [2024-03-04T10:12:22.827+0000] {dagbag.py:538} INFO - Filling up the DagBag from /home/airflow/.local/lib/python3.8/site-packages/airflow/example_dags/example_short_circuit_operator.py
[2024-03-04T10:12:22.843+0000] {processor.py:840} INFO - DAG(s) 'example_short_circuit_operator' retrieved from /home/airflow/.local/lib/python3.8/site-packages/airflow/example_dags/example_short_circuit_operator.py
[2024-03-04T10:12:22.886+0000] {logging_mixin.py:188} INFO - [2024-03-04T10:12:22.885+0000] {dag.py:3036} INFO - Sync 1 DAGs
[2024-03-04T10:12:22.922+0000] {logging_mixin.py:188} INFO - [2024-03-04T10:12:22.922+0000] {dag.py:3823} INFO - Setting next_dagrun for example_short_circuit_operator to 2024-03-03 00:00:00+00:00, run_after=2024-03-04 00:00:00+00:00
[2024-03-04T10:12:22.948+0000] {processor.py:183} INFO - Processing /home/airflow/.local/lib/python3.8/site-packages/airflow/example_dags/example_short_circuit_operator.py took 0.131 seconds
[2024-03-04T10:12:53.660+0000] {processor.py:161} INFO - Started process (PID=158) to work on /home/airflow/.local/lib/python3.8/site-packages/airflow/example_dags/example_short_circuit_operator.py
[2024-03-04T10:12:53.662+0000] {processor.py:830} INFO - Processing file /home/airflow/.local/lib/python3.8/site-packages/airflow/example_dags/example_short_circuit_operator.py for tasks to queue
[2024-03-04T10:12:53.665+0000] {logging_mixin.py:188} INFO - [2024-03-04T10:12:53.665+0000] {dagbag.py:538} INFO - Filling up the DagBag from /home/airflow/.local/lib/python3.8/site-packages/airflow/example_dags/example_short_circuit_operator.py
[2024-03-04T10:12:53.685+0000] {processor.py:840} INFO - DAG(s) 'example_short_circuit_operator' retrieved from /home/airflow/.local/lib/python3.8/site-packages/airflow/example_dags/example_short_circuit_operator.py
[2024-03-04T10:12:53.731+0000] {logging_mixin.py:188} INFO - [2024-03-04T10:12:53.730+0000] {dag.py:3036} INFO - Sync 1 DAGs
[2024-03-04T10:12:53.765+0000] {logging_mixin.py:188} INFO - [2024-03-04T10:12:53.765+0000] {dag.py:3823} INFO - Setting next_dagrun for example_short_circuit_operator to 2024-03-03 00:00:00+00:00, run_after=2024-03-04 00:00:00+00:00
[2024-03-04T10:12:53.795+0000] {processor.py:183} INFO - Processing /home/airflow/.local/lib/python3.8/site-packages/airflow/example_dags/example_short_circuit_operator.py took 0.140 seconds
[2024-03-04T10:15:39.742+0000] {processor.py:161} INFO - Started process (PID=44) to work on /home/airflow/.local/lib/python3.8/site-packages/airflow/example_dags/example_short_circuit_operator.py
[2024-03-04T10:15:39.743+0000] {processor.py:830} INFO - Processing file /home/airflow/.local/lib/python3.8/site-packages/airflow/example_dags/example_short_circuit_operator.py for tasks to queue
[2024-03-04T10:15:39.746+0000] {logging_mixin.py:188} INFO - [2024-03-04T10:15:39.746+0000] {dagbag.py:538} INFO - Filling up the DagBag from /home/airflow/.local/lib/python3.8/site-packages/airflow/example_dags/example_short_circuit_operator.py
[2024-03-04T10:15:39.761+0000] {processor.py:840} INFO - DAG(s) 'example_short_circuit_operator' retrieved from /home/airflow/.local/lib/python3.8/site-packages/airflow/example_dags/example_short_circuit_operator.py
[2024-03-04T10:15:40.053+0000] {logging_mixin.py:188} INFO - [2024-03-04T10:15:40.052+0000] {dag.py:3036} INFO - Sync 1 DAGs
[2024-03-04T10:15:40.100+0000] {logging_mixin.py:188} INFO - [2024-03-04T10:15:40.100+0000] {dag.py:3823} INFO - Setting next_dagrun for example_short_circuit_operator to 2024-03-03 00:00:00+00:00, run_after=2024-03-04 00:00:00+00:00
[2024-03-04T10:15:40.169+0000] {processor.py:183} INFO - Processing /home/airflow/.local/lib/python3.8/site-packages/airflow/example_dags/example_short_circuit_operator.py took 0.432 seconds
[2024-03-04T10:16:10.288+0000] {processor.py:161} INFO - Started process (PID=101) to work on /home/airflow/.local/lib/python3.8/site-packages/airflow/example_dags/example_short_circuit_operator.py
[2024-03-04T10:16:10.289+0000] {processor.py:830} INFO - Processing file /home/airflow/.local/lib/python3.8/site-packages/airflow/example_dags/example_short_circuit_operator.py for tasks to queue
[2024-03-04T10:16:10.292+0000] {logging_mixin.py:188} INFO - [2024-03-04T10:16:10.291+0000] {dagbag.py:538} INFO - Filling up the DagBag from /home/airflow/.local/lib/python3.8/site-packages/airflow/example_dags/example_short_circuit_operator.py
[2024-03-04T10:16:10.304+0000] {processor.py:840} INFO - DAG(s) 'example_short_circuit_operator' retrieved from /home/airflow/.local/lib/python3.8/site-packages/airflow/example_dags/example_short_circuit_operator.py
[2024-03-04T10:16:10.341+0000] {logging_mixin.py:188} INFO - [2024-03-04T10:16:10.341+0000] {dag.py:3036} INFO - Sync 1 DAGs
[2024-03-04T10:16:10.376+0000] {logging_mixin.py:188} INFO - [2024-03-04T10:16:10.376+0000] {dag.py:3823} INFO - Setting next_dagrun for example_short_circuit_operator to 2024-03-03 00:00:00+00:00, run_after=2024-03-04 00:00:00+00:00
[2024-03-04T10:16:10.414+0000] {processor.py:183} INFO - Processing /home/airflow/.local/lib/python3.8/site-packages/airflow/example_dags/example_short_circuit_operator.py took 0.131 seconds
[2024-03-04T10:16:40.554+0000] {processor.py:161} INFO - Started process (PID=156) to work on /home/airflow/.local/lib/python3.8/site-packages/airflow/example_dags/example_short_circuit_operator.py
[2024-03-04T10:16:40.556+0000] {processor.py:830} INFO - Processing file /home/airflow/.local/lib/python3.8/site-packages/airflow/example_dags/example_short_circuit_operator.py for tasks to queue
[2024-03-04T10:16:40.558+0000] {logging_mixin.py:188} INFO - [2024-03-04T10:16:40.558+0000] {dagbag.py:538} INFO - Filling up the DagBag from /home/airflow/.local/lib/python3.8/site-packages/airflow/example_dags/example_short_circuit_operator.py
[2024-03-04T10:16:40.570+0000] {processor.py:840} INFO - DAG(s) 'example_short_circuit_operator' retrieved from /home/airflow/.local/lib/python3.8/site-packages/airflow/example_dags/example_short_circuit_operator.py
[2024-03-04T10:16:40.607+0000] {logging_mixin.py:188} INFO - [2024-03-04T10:16:40.606+0000] {dag.py:3036} INFO - Sync 1 DAGs
[2024-03-04T10:16:40.643+0000] {logging_mixin.py:188} INFO - [2024-03-04T10:16:40.643+0000] {dag.py:3823} INFO - Setting next_dagrun for example_short_circuit_operator to 2024-03-03 00:00:00+00:00, run_after=2024-03-04 00:00:00+00:00
[2024-03-04T10:16:40.671+0000] {processor.py:183} INFO - Processing /home/airflow/.local/lib/python3.8/site-packages/airflow/example_dags/example_short_circuit_operator.py took 0.121 seconds
