[2024-03-04T09:52:11.334+0000] {processor.py:161} INFO - Started process (PID=50) to work on /home/airflow/.local/lib/python3.8/site-packages/airflow/example_dags/example_xcom.py
[2024-03-04T09:52:11.337+0000] {processor.py:830} INFO - Processing file /home/airflow/.local/lib/python3.8/site-packages/airflow/example_dags/example_xcom.py for tasks to queue
[2024-03-04T09:52:11.340+0000] {logging_mixin.py:188} INFO - [2024-03-04T09:52:11.340+0000] {dagbag.py:538} INFO - Filling up the DagBag from /home/airflow/.local/lib/python3.8/site-packages/airflow/example_dags/example_xcom.py
[2024-03-04T09:52:11.363+0000] {processor.py:840} INFO - DAG(s) 'example_xcom' retrieved from /home/airflow/.local/lib/python3.8/site-packages/airflow/example_dags/example_xcom.py
[2024-03-04T09:52:11.616+0000] {logging_mixin.py:188} INFO - [2024-03-04T09:52:11.615+0000] {override.py:1769} INFO - Created Permission View: can read on DAG:example_xcom
[2024-03-04T09:52:11.668+0000] {logging_mixin.py:188} INFO - [2024-03-04T09:52:11.667+0000] {override.py:1769} INFO - Created Permission View: can delete on DAG:example_xcom
[2024-03-04T09:52:11.701+0000] {logging_mixin.py:188} INFO - [2024-03-04T09:52:11.690+0000] {override.py:1769} INFO - Created Permission View: can edit on DAG:example_xcom
[2024-03-04T09:52:11.703+0000] {logging_mixin.py:188} INFO - [2024-03-04T09:52:11.703+0000] {dag.py:3036} INFO - Sync 1 DAGs
[2024-03-04T09:52:11.732+0000] {logging_mixin.py:188} INFO - [2024-03-04T09:52:11.732+0000] {dag.py:3058} INFO - Creating ORM DAG for example_xcom
[2024-03-04T09:52:11.753+0000] {logging_mixin.py:188} INFO - [2024-03-04T09:52:11.753+0000] {dag.py:3823} INFO - Setting next_dagrun for example_xcom to 2021-01-01 00:00:00+00:00, run_after=2021-01-01 00:00:00+00:00
[2024-03-04T09:52:11.812+0000] {processor.py:183} INFO - Processing /home/airflow/.local/lib/python3.8/site-packages/airflow/example_dags/example_xcom.py took 0.485 seconds
[2024-03-04T09:52:42.222+0000] {processor.py:161} INFO - Started process (PID=107) to work on /home/airflow/.local/lib/python3.8/site-packages/airflow/example_dags/example_xcom.py
[2024-03-04T09:52:42.225+0000] {processor.py:830} INFO - Processing file /home/airflow/.local/lib/python3.8/site-packages/airflow/example_dags/example_xcom.py for tasks to queue
[2024-03-04T09:52:42.230+0000] {logging_mixin.py:188} INFO - [2024-03-04T09:52:42.229+0000] {dagbag.py:538} INFO - Filling up the DagBag from /home/airflow/.local/lib/python3.8/site-packages/airflow/example_dags/example_xcom.py
[2024-03-04T09:52:42.252+0000] {processor.py:840} INFO - DAG(s) 'example_xcom' retrieved from /home/airflow/.local/lib/python3.8/site-packages/airflow/example_dags/example_xcom.py
[2024-03-04T09:52:42.300+0000] {logging_mixin.py:188} INFO - [2024-03-04T09:52:42.299+0000] {dag.py:3036} INFO - Sync 1 DAGs
[2024-03-04T09:52:42.362+0000] {logging_mixin.py:188} INFO - [2024-03-04T09:52:42.362+0000] {dag.py:3823} INFO - Setting next_dagrun for example_xcom to 2021-01-01 00:00:00+00:00, run_after=2021-01-01 00:00:00+00:00
[2024-03-04T09:52:42.428+0000] {processor.py:183} INFO - Processing /home/airflow/.local/lib/python3.8/site-packages/airflow/example_dags/example_xcom.py took 0.216 seconds
[2024-03-04T09:53:12.891+0000] {processor.py:161} INFO - Started process (PID=163) to work on /home/airflow/.local/lib/python3.8/site-packages/airflow/example_dags/example_xcom.py
[2024-03-04T09:53:12.894+0000] {processor.py:830} INFO - Processing file /home/airflow/.local/lib/python3.8/site-packages/airflow/example_dags/example_xcom.py for tasks to queue
[2024-03-04T09:53:12.902+0000] {logging_mixin.py:188} INFO - [2024-03-04T09:53:12.899+0000] {dagbag.py:538} INFO - Filling up the DagBag from /home/airflow/.local/lib/python3.8/site-packages/airflow/example_dags/example_xcom.py
[2024-03-04T09:53:12.929+0000] {processor.py:840} INFO - DAG(s) 'example_xcom' retrieved from /home/airflow/.local/lib/python3.8/site-packages/airflow/example_dags/example_xcom.py
[2024-03-04T09:53:12.988+0000] {logging_mixin.py:188} INFO - [2024-03-04T09:53:12.987+0000] {dag.py:3036} INFO - Sync 1 DAGs
[2024-03-04T09:53:13.044+0000] {logging_mixin.py:188} INFO - [2024-03-04T09:53:13.043+0000] {dag.py:3823} INFO - Setting next_dagrun for example_xcom to 2021-01-01 00:00:00+00:00, run_after=2021-01-01 00:00:00+00:00
[2024-03-04T09:53:13.120+0000] {processor.py:183} INFO - Processing /home/airflow/.local/lib/python3.8/site-packages/airflow/example_dags/example_xcom.py took 0.237 seconds
[2024-03-04T09:53:43.201+0000] {processor.py:161} INFO - Started process (PID=220) to work on /home/airflow/.local/lib/python3.8/site-packages/airflow/example_dags/example_xcom.py
[2024-03-04T09:53:43.202+0000] {processor.py:830} INFO - Processing file /home/airflow/.local/lib/python3.8/site-packages/airflow/example_dags/example_xcom.py for tasks to queue
[2024-03-04T09:53:43.205+0000] {logging_mixin.py:188} INFO - [2024-03-04T09:53:43.205+0000] {dagbag.py:538} INFO - Filling up the DagBag from /home/airflow/.local/lib/python3.8/site-packages/airflow/example_dags/example_xcom.py
[2024-03-04T09:53:43.218+0000] {processor.py:840} INFO - DAG(s) 'example_xcom' retrieved from /home/airflow/.local/lib/python3.8/site-packages/airflow/example_dags/example_xcom.py
[2024-03-04T09:53:43.256+0000] {logging_mixin.py:188} INFO - [2024-03-04T09:53:43.255+0000] {dag.py:3036} INFO - Sync 1 DAGs
[2024-03-04T09:53:43.298+0000] {logging_mixin.py:188} INFO - [2024-03-04T09:53:43.298+0000] {dag.py:3823} INFO - Setting next_dagrun for example_xcom to 2021-01-01 00:00:00+00:00, run_after=2021-01-01 00:00:00+00:00
[2024-03-04T09:53:43.332+0000] {processor.py:183} INFO - Processing /home/airflow/.local/lib/python3.8/site-packages/airflow/example_dags/example_xcom.py took 0.138 seconds
[2024-03-04T09:56:32.176+0000] {processor.py:161} INFO - Started process (PID=44) to work on /home/airflow/.local/lib/python3.8/site-packages/airflow/example_dags/example_xcom.py
[2024-03-04T09:56:32.178+0000] {processor.py:830} INFO - Processing file /home/airflow/.local/lib/python3.8/site-packages/airflow/example_dags/example_xcom.py for tasks to queue
[2024-03-04T09:56:32.181+0000] {logging_mixin.py:188} INFO - [2024-03-04T09:56:32.180+0000] {dagbag.py:538} INFO - Filling up the DagBag from /home/airflow/.local/lib/python3.8/site-packages/airflow/example_dags/example_xcom.py
[2024-03-04T09:56:32.201+0000] {processor.py:840} INFO - DAG(s) 'example_xcom' retrieved from /home/airflow/.local/lib/python3.8/site-packages/airflow/example_dags/example_xcom.py
[2024-03-04T09:56:32.448+0000] {logging_mixin.py:188} INFO - [2024-03-04T09:56:32.447+0000] {dag.py:3036} INFO - Sync 1 DAGs
[2024-03-04T09:56:32.480+0000] {logging_mixin.py:188} INFO - [2024-03-04T09:56:32.479+0000] {dag.py:3823} INFO - Setting next_dagrun for example_xcom to 2021-01-01 00:00:00+00:00, run_after=2021-01-01 00:00:00+00:00
[2024-03-04T09:56:32.512+0000] {processor.py:183} INFO - Processing /home/airflow/.local/lib/python3.8/site-packages/airflow/example_dags/example_xcom.py took 0.342 seconds
[2024-03-04T09:57:03.065+0000] {processor.py:161} INFO - Started process (PID=99) to work on /home/airflow/.local/lib/python3.8/site-packages/airflow/example_dags/example_xcom.py
[2024-03-04T09:57:03.067+0000] {processor.py:830} INFO - Processing file /home/airflow/.local/lib/python3.8/site-packages/airflow/example_dags/example_xcom.py for tasks to queue
[2024-03-04T09:57:03.070+0000] {logging_mixin.py:188} INFO - [2024-03-04T09:57:03.069+0000] {dagbag.py:538} INFO - Filling up the DagBag from /home/airflow/.local/lib/python3.8/site-packages/airflow/example_dags/example_xcom.py
[2024-03-04T09:57:03.081+0000] {processor.py:840} INFO - DAG(s) 'example_xcom' retrieved from /home/airflow/.local/lib/python3.8/site-packages/airflow/example_dags/example_xcom.py
[2024-03-04T09:57:03.117+0000] {logging_mixin.py:188} INFO - [2024-03-04T09:57:03.117+0000] {dag.py:3036} INFO - Sync 1 DAGs
[2024-03-04T09:57:03.148+0000] {logging_mixin.py:188} INFO - [2024-03-04T09:57:03.148+0000] {dag.py:3823} INFO - Setting next_dagrun for example_xcom to 2021-01-01 00:00:00+00:00, run_after=2021-01-01 00:00:00+00:00
[2024-03-04T09:57:03.202+0000] {processor.py:183} INFO - Processing /home/airflow/.local/lib/python3.8/site-packages/airflow/example_dags/example_xcom.py took 0.140 seconds
[2024-03-04T09:57:33.590+0000] {processor.py:161} INFO - Started process (PID=156) to work on /home/airflow/.local/lib/python3.8/site-packages/airflow/example_dags/example_xcom.py
[2024-03-04T09:57:33.591+0000] {processor.py:830} INFO - Processing file /home/airflow/.local/lib/python3.8/site-packages/airflow/example_dags/example_xcom.py for tasks to queue
[2024-03-04T09:57:33.594+0000] {logging_mixin.py:188} INFO - [2024-03-04T09:57:33.594+0000] {dagbag.py:538} INFO - Filling up the DagBag from /home/airflow/.local/lib/python3.8/site-packages/airflow/example_dags/example_xcom.py
[2024-03-04T09:57:33.604+0000] {processor.py:840} INFO - DAG(s) 'example_xcom' retrieved from /home/airflow/.local/lib/python3.8/site-packages/airflow/example_dags/example_xcom.py
[2024-03-04T09:57:33.634+0000] {logging_mixin.py:188} INFO - [2024-03-04T09:57:33.634+0000] {dag.py:3036} INFO - Sync 1 DAGs
[2024-03-04T09:57:33.663+0000] {logging_mixin.py:188} INFO - [2024-03-04T09:57:33.663+0000] {dag.py:3823} INFO - Setting next_dagrun for example_xcom to 2021-01-01 00:00:00+00:00, run_after=2021-01-01 00:00:00+00:00
[2024-03-04T09:57:33.692+0000] {processor.py:183} INFO - Processing /home/airflow/.local/lib/python3.8/site-packages/airflow/example_dags/example_xcom.py took 0.107 seconds
[2024-03-04T09:58:04.120+0000] {processor.py:161} INFO - Started process (PID=213) to work on /home/airflow/.local/lib/python3.8/site-packages/airflow/example_dags/example_xcom.py
[2024-03-04T09:58:04.123+0000] {processor.py:830} INFO - Processing file /home/airflow/.local/lib/python3.8/site-packages/airflow/example_dags/example_xcom.py for tasks to queue
[2024-03-04T09:58:04.130+0000] {logging_mixin.py:188} INFO - [2024-03-04T09:58:04.129+0000] {dagbag.py:538} INFO - Filling up the DagBag from /home/airflow/.local/lib/python3.8/site-packages/airflow/example_dags/example_xcom.py
[2024-03-04T09:58:04.183+0000] {processor.py:840} INFO - DAG(s) 'example_xcom' retrieved from /home/airflow/.local/lib/python3.8/site-packages/airflow/example_dags/example_xcom.py
[2024-03-04T09:58:04.266+0000] {logging_mixin.py:188} INFO - [2024-03-04T09:58:04.265+0000] {dag.py:3036} INFO - Sync 1 DAGs
[2024-03-04T09:58:04.399+0000] {logging_mixin.py:188} INFO - [2024-03-04T09:58:04.399+0000] {dag.py:3823} INFO - Setting next_dagrun for example_xcom to 2021-01-01 00:00:00+00:00, run_after=2021-01-01 00:00:00+00:00
[2024-03-04T09:58:04.498+0000] {processor.py:183} INFO - Processing /home/airflow/.local/lib/python3.8/site-packages/airflow/example_dags/example_xcom.py took 0.394 seconds
[2024-03-04T09:58:35.331+0000] {processor.py:161} INFO - Started process (PID=274) to work on /home/airflow/.local/lib/python3.8/site-packages/airflow/example_dags/example_xcom.py
[2024-03-04T09:58:35.333+0000] {processor.py:830} INFO - Processing file /home/airflow/.local/lib/python3.8/site-packages/airflow/example_dags/example_xcom.py for tasks to queue
[2024-03-04T09:58:35.335+0000] {logging_mixin.py:188} INFO - [2024-03-04T09:58:35.335+0000] {dagbag.py:538} INFO - Filling up the DagBag from /home/airflow/.local/lib/python3.8/site-packages/airflow/example_dags/example_xcom.py
[2024-03-04T09:58:35.346+0000] {processor.py:840} INFO - DAG(s) 'example_xcom' retrieved from /home/airflow/.local/lib/python3.8/site-packages/airflow/example_dags/example_xcom.py
[2024-03-04T09:58:35.389+0000] {logging_mixin.py:188} INFO - [2024-03-04T09:58:35.388+0000] {dag.py:3036} INFO - Sync 1 DAGs
[2024-03-04T09:58:35.441+0000] {logging_mixin.py:188} INFO - [2024-03-04T09:58:35.441+0000] {dag.py:3823} INFO - Setting next_dagrun for example_xcom to 2021-01-01 00:00:00+00:00, run_after=2021-01-01 00:00:00+00:00
[2024-03-04T09:58:35.504+0000] {processor.py:183} INFO - Processing /home/airflow/.local/lib/python3.8/site-packages/airflow/example_dags/example_xcom.py took 0.177 seconds
[2024-03-04T09:59:06.007+0000] {processor.py:161} INFO - Started process (PID=338) to work on /home/airflow/.local/lib/python3.8/site-packages/airflow/example_dags/example_xcom.py
[2024-03-04T09:59:06.009+0000] {processor.py:830} INFO - Processing file /home/airflow/.local/lib/python3.8/site-packages/airflow/example_dags/example_xcom.py for tasks to queue
[2024-03-04T09:59:06.012+0000] {logging_mixin.py:188} INFO - [2024-03-04T09:59:06.011+0000] {dagbag.py:538} INFO - Filling up the DagBag from /home/airflow/.local/lib/python3.8/site-packages/airflow/example_dags/example_xcom.py
[2024-03-04T09:59:06.022+0000] {processor.py:840} INFO - DAG(s) 'example_xcom' retrieved from /home/airflow/.local/lib/python3.8/site-packages/airflow/example_dags/example_xcom.py
[2024-03-04T09:59:06.054+0000] {logging_mixin.py:188} INFO - [2024-03-04T09:59:06.054+0000] {dag.py:3036} INFO - Sync 1 DAGs
[2024-03-04T09:59:06.090+0000] {logging_mixin.py:188} INFO - [2024-03-04T09:59:06.089+0000] {dag.py:3823} INFO - Setting next_dagrun for example_xcom to 2021-01-01 00:00:00+00:00, run_after=2021-01-01 00:00:00+00:00
[2024-03-04T09:59:06.147+0000] {processor.py:183} INFO - Processing /home/airflow/.local/lib/python3.8/site-packages/airflow/example_dags/example_xcom.py took 0.144 seconds
[2024-03-04T09:59:36.322+0000] {processor.py:161} INFO - Started process (PID=395) to work on /home/airflow/.local/lib/python3.8/site-packages/airflow/example_dags/example_xcom.py
[2024-03-04T09:59:36.324+0000] {processor.py:830} INFO - Processing file /home/airflow/.local/lib/python3.8/site-packages/airflow/example_dags/example_xcom.py for tasks to queue
[2024-03-04T09:59:36.327+0000] {logging_mixin.py:188} INFO - [2024-03-04T09:59:36.326+0000] {dagbag.py:538} INFO - Filling up the DagBag from /home/airflow/.local/lib/python3.8/site-packages/airflow/example_dags/example_xcom.py
[2024-03-04T09:59:36.338+0000] {processor.py:840} INFO - DAG(s) 'example_xcom' retrieved from /home/airflow/.local/lib/python3.8/site-packages/airflow/example_dags/example_xcom.py
[2024-03-04T09:59:36.373+0000] {logging_mixin.py:188} INFO - [2024-03-04T09:59:36.373+0000] {dag.py:3036} INFO - Sync 1 DAGs
[2024-03-04T09:59:36.405+0000] {logging_mixin.py:188} INFO - [2024-03-04T09:59:36.405+0000] {dag.py:3823} INFO - Setting next_dagrun for example_xcom to 2021-01-01 00:00:00+00:00, run_after=2021-01-01 00:00:00+00:00
[2024-03-04T09:59:36.452+0000] {processor.py:183} INFO - Processing /home/airflow/.local/lib/python3.8/site-packages/airflow/example_dags/example_xcom.py took 0.136 seconds
[2024-03-04T10:00:06.846+0000] {processor.py:161} INFO - Started process (PID=452) to work on /home/airflow/.local/lib/python3.8/site-packages/airflow/example_dags/example_xcom.py
[2024-03-04T10:00:06.848+0000] {processor.py:830} INFO - Processing file /home/airflow/.local/lib/python3.8/site-packages/airflow/example_dags/example_xcom.py for tasks to queue
[2024-03-04T10:00:06.852+0000] {logging_mixin.py:188} INFO - [2024-03-04T10:00:06.851+0000] {dagbag.py:538} INFO - Filling up the DagBag from /home/airflow/.local/lib/python3.8/site-packages/airflow/example_dags/example_xcom.py
[2024-03-04T10:00:06.864+0000] {processor.py:840} INFO - DAG(s) 'example_xcom' retrieved from /home/airflow/.local/lib/python3.8/site-packages/airflow/example_dags/example_xcom.py
[2024-03-04T10:00:06.905+0000] {logging_mixin.py:188} INFO - [2024-03-04T10:00:06.904+0000] {dag.py:3036} INFO - Sync 1 DAGs
[2024-03-04T10:00:06.940+0000] {logging_mixin.py:188} INFO - [2024-03-04T10:00:06.940+0000] {dag.py:3823} INFO - Setting next_dagrun for example_xcom to 2021-01-01 00:00:00+00:00, run_after=2021-01-01 00:00:00+00:00
[2024-03-04T10:00:06.976+0000] {processor.py:183} INFO - Processing /home/airflow/.local/lib/python3.8/site-packages/airflow/example_dags/example_xcom.py took 0.135 seconds
[2024-03-04T10:00:37.264+0000] {processor.py:161} INFO - Started process (PID=513) to work on /home/airflow/.local/lib/python3.8/site-packages/airflow/example_dags/example_xcom.py
[2024-03-04T10:00:37.266+0000] {processor.py:830} INFO - Processing file /home/airflow/.local/lib/python3.8/site-packages/airflow/example_dags/example_xcom.py for tasks to queue
[2024-03-04T10:00:37.270+0000] {logging_mixin.py:188} INFO - [2024-03-04T10:00:37.269+0000] {dagbag.py:538} INFO - Filling up the DagBag from /home/airflow/.local/lib/python3.8/site-packages/airflow/example_dags/example_xcom.py
[2024-03-04T10:00:37.290+0000] {processor.py:840} INFO - DAG(s) 'example_xcom' retrieved from /home/airflow/.local/lib/python3.8/site-packages/airflow/example_dags/example_xcom.py
[2024-03-04T10:00:37.361+0000] {logging_mixin.py:188} INFO - [2024-03-04T10:00:37.360+0000] {dag.py:3036} INFO - Sync 1 DAGs
[2024-03-04T10:00:37.424+0000] {logging_mixin.py:188} INFO - [2024-03-04T10:00:37.423+0000] {dag.py:3823} INFO - Setting next_dagrun for example_xcom to 2021-01-01 00:00:00+00:00, run_after=2021-01-01 00:00:00+00:00
[2024-03-04T10:00:37.461+0000] {processor.py:183} INFO - Processing /home/airflow/.local/lib/python3.8/site-packages/airflow/example_dags/example_xcom.py took 0.203 seconds
[2024-03-04T10:01:07.576+0000] {processor.py:161} INFO - Started process (PID=570) to work on /home/airflow/.local/lib/python3.8/site-packages/airflow/example_dags/example_xcom.py
[2024-03-04T10:01:07.577+0000] {processor.py:830} INFO - Processing file /home/airflow/.local/lib/python3.8/site-packages/airflow/example_dags/example_xcom.py for tasks to queue
[2024-03-04T10:01:07.580+0000] {logging_mixin.py:188} INFO - [2024-03-04T10:01:07.580+0000] {dagbag.py:538} INFO - Filling up the DagBag from /home/airflow/.local/lib/python3.8/site-packages/airflow/example_dags/example_xcom.py
[2024-03-04T10:01:07.593+0000] {processor.py:840} INFO - DAG(s) 'example_xcom' retrieved from /home/airflow/.local/lib/python3.8/site-packages/airflow/example_dags/example_xcom.py
[2024-03-04T10:01:07.627+0000] {logging_mixin.py:188} INFO - [2024-03-04T10:01:07.627+0000] {dag.py:3036} INFO - Sync 1 DAGs
[2024-03-04T10:01:07.668+0000] {logging_mixin.py:188} INFO - [2024-03-04T10:01:07.668+0000] {dag.py:3823} INFO - Setting next_dagrun for example_xcom to 2021-01-01 00:00:00+00:00, run_after=2021-01-01 00:00:00+00:00
[2024-03-04T10:01:07.711+0000] {processor.py:183} INFO - Processing /home/airflow/.local/lib/python3.8/site-packages/airflow/example_dags/example_xcom.py took 0.142 seconds
[2024-03-04T10:01:37.942+0000] {processor.py:161} INFO - Started process (PID=627) to work on /home/airflow/.local/lib/python3.8/site-packages/airflow/example_dags/example_xcom.py
[2024-03-04T10:01:37.944+0000] {processor.py:830} INFO - Processing file /home/airflow/.local/lib/python3.8/site-packages/airflow/example_dags/example_xcom.py for tasks to queue
[2024-03-04T10:01:37.947+0000] {logging_mixin.py:188} INFO - [2024-03-04T10:01:37.947+0000] {dagbag.py:538} INFO - Filling up the DagBag from /home/airflow/.local/lib/python3.8/site-packages/airflow/example_dags/example_xcom.py
[2024-03-04T10:01:37.960+0000] {processor.py:840} INFO - DAG(s) 'example_xcom' retrieved from /home/airflow/.local/lib/python3.8/site-packages/airflow/example_dags/example_xcom.py
[2024-03-04T10:01:37.993+0000] {logging_mixin.py:188} INFO - [2024-03-04T10:01:37.993+0000] {dag.py:3036} INFO - Sync 1 DAGs
[2024-03-04T10:01:38.022+0000] {logging_mixin.py:188} INFO - [2024-03-04T10:01:38.022+0000] {dag.py:3823} INFO - Setting next_dagrun for example_xcom to 2021-01-01 00:00:00+00:00, run_after=2021-01-01 00:00:00+00:00
[2024-03-04T10:01:38.051+0000] {processor.py:183} INFO - Processing /home/airflow/.local/lib/python3.8/site-packages/airflow/example_dags/example_xcom.py took 0.117 seconds
[2024-03-04T10:04:57.649+0000] {processor.py:161} INFO - Started process (PID=43) to work on /home/airflow/.local/lib/python3.8/site-packages/airflow/example_dags/example_xcom.py
[2024-03-04T10:04:57.651+0000] {processor.py:830} INFO - Processing file /home/airflow/.local/lib/python3.8/site-packages/airflow/example_dags/example_xcom.py for tasks to queue
[2024-03-04T10:04:57.659+0000] {logging_mixin.py:188} INFO - [2024-03-04T10:04:57.656+0000] {dagbag.py:538} INFO - Filling up the DagBag from /home/airflow/.local/lib/python3.8/site-packages/airflow/example_dags/example_xcom.py
[2024-03-04T10:04:57.693+0000] {processor.py:840} INFO - DAG(s) 'example_xcom' retrieved from /home/airflow/.local/lib/python3.8/site-packages/airflow/example_dags/example_xcom.py
[2024-03-04T10:04:57.995+0000] {logging_mixin.py:188} INFO - [2024-03-04T10:04:57.995+0000] {dag.py:3036} INFO - Sync 1 DAGs
[2024-03-04T10:04:58.031+0000] {logging_mixin.py:188} INFO - [2024-03-04T10:04:58.031+0000] {dag.py:3823} INFO - Setting next_dagrun for example_xcom to 2021-01-01 00:00:00+00:00, run_after=2021-01-01 00:00:00+00:00
[2024-03-04T10:04:58.075+0000] {processor.py:183} INFO - Processing /home/airflow/.local/lib/python3.8/site-packages/airflow/example_dags/example_xcom.py took 0.433 seconds
[2024-03-04T10:05:28.241+0000] {processor.py:161} INFO - Started process (PID=101) to work on /home/airflow/.local/lib/python3.8/site-packages/airflow/example_dags/example_xcom.py
[2024-03-04T10:05:28.242+0000] {processor.py:830} INFO - Processing file /home/airflow/.local/lib/python3.8/site-packages/airflow/example_dags/example_xcom.py for tasks to queue
[2024-03-04T10:05:28.245+0000] {logging_mixin.py:188} INFO - [2024-03-04T10:05:28.245+0000] {dagbag.py:538} INFO - Filling up the DagBag from /home/airflow/.local/lib/python3.8/site-packages/airflow/example_dags/example_xcom.py
[2024-03-04T10:05:28.255+0000] {processor.py:840} INFO - DAG(s) 'example_xcom' retrieved from /home/airflow/.local/lib/python3.8/site-packages/airflow/example_dags/example_xcom.py
[2024-03-04T10:05:28.287+0000] {logging_mixin.py:188} INFO - [2024-03-04T10:05:28.286+0000] {dag.py:3036} INFO - Sync 1 DAGs
[2024-03-04T10:05:28.318+0000] {logging_mixin.py:188} INFO - [2024-03-04T10:05:28.318+0000] {dag.py:3823} INFO - Setting next_dagrun for example_xcom to 2021-01-01 00:00:00+00:00, run_after=2021-01-01 00:00:00+00:00
[2024-03-04T10:05:28.375+0000] {processor.py:183} INFO - Processing /home/airflow/.local/lib/python3.8/site-packages/airflow/example_dags/example_xcom.py took 0.139 seconds
[2024-03-04T10:11:51.681+0000] {processor.py:161} INFO - Started process (PID=43) to work on /home/airflow/.local/lib/python3.8/site-packages/airflow/example_dags/example_xcom.py
[2024-03-04T10:11:51.683+0000] {processor.py:830} INFO - Processing file /home/airflow/.local/lib/python3.8/site-packages/airflow/example_dags/example_xcom.py for tasks to queue
[2024-03-04T10:11:51.686+0000] {logging_mixin.py:188} INFO - [2024-03-04T10:11:51.686+0000] {dagbag.py:538} INFO - Filling up the DagBag from /home/airflow/.local/lib/python3.8/site-packages/airflow/example_dags/example_xcom.py
[2024-03-04T10:11:51.711+0000] {processor.py:840} INFO - DAG(s) 'example_xcom' retrieved from /home/airflow/.local/lib/python3.8/site-packages/airflow/example_dags/example_xcom.py
[2024-03-04T10:11:51.929+0000] {logging_mixin.py:188} INFO - [2024-03-04T10:11:51.928+0000] {dag.py:3036} INFO - Sync 1 DAGs
[2024-03-04T10:11:51.971+0000] {logging_mixin.py:188} INFO - [2024-03-04T10:11:51.970+0000] {dag.py:3823} INFO - Setting next_dagrun for example_xcom to 2021-01-01 00:00:00+00:00, run_after=2021-01-01 00:00:00+00:00
[2024-03-04T10:11:52.007+0000] {processor.py:183} INFO - Processing /home/airflow/.local/lib/python3.8/site-packages/airflow/example_dags/example_xcom.py took 0.336 seconds
[2024-03-04T10:12:22.719+0000] {processor.py:161} INFO - Started process (PID=100) to work on /home/airflow/.local/lib/python3.8/site-packages/airflow/example_dags/example_xcom.py
[2024-03-04T10:12:22.722+0000] {processor.py:830} INFO - Processing file /home/airflow/.local/lib/python3.8/site-packages/airflow/example_dags/example_xcom.py for tasks to queue
[2024-03-04T10:12:22.726+0000] {logging_mixin.py:188} INFO - [2024-03-04T10:12:22.725+0000] {dagbag.py:538} INFO - Filling up the DagBag from /home/airflow/.local/lib/python3.8/site-packages/airflow/example_dags/example_xcom.py
[2024-03-04T10:12:22.749+0000] {processor.py:840} INFO - DAG(s) 'example_xcom' retrieved from /home/airflow/.local/lib/python3.8/site-packages/airflow/example_dags/example_xcom.py
[2024-03-04T10:12:22.803+0000] {logging_mixin.py:188} INFO - [2024-03-04T10:12:22.803+0000] {dag.py:3036} INFO - Sync 1 DAGs
[2024-03-04T10:12:22.845+0000] {logging_mixin.py:188} INFO - [2024-03-04T10:12:22.845+0000] {dag.py:3823} INFO - Setting next_dagrun for example_xcom to 2021-01-01 00:00:00+00:00, run_after=2021-01-01 00:00:00+00:00
[2024-03-04T10:12:22.879+0000] {processor.py:183} INFO - Processing /home/airflow/.local/lib/python3.8/site-packages/airflow/example_dags/example_xcom.py took 0.171 seconds
[2024-03-04T10:12:53.480+0000] {processor.py:161} INFO - Started process (PID=157) to work on /home/airflow/.local/lib/python3.8/site-packages/airflow/example_dags/example_xcom.py
[2024-03-04T10:12:53.482+0000] {processor.py:830} INFO - Processing file /home/airflow/.local/lib/python3.8/site-packages/airflow/example_dags/example_xcom.py for tasks to queue
[2024-03-04T10:12:53.488+0000] {logging_mixin.py:188} INFO - [2024-03-04T10:12:53.487+0000] {dagbag.py:538} INFO - Filling up the DagBag from /home/airflow/.local/lib/python3.8/site-packages/airflow/example_dags/example_xcom.py
[2024-03-04T10:12:53.513+0000] {processor.py:840} INFO - DAG(s) 'example_xcom' retrieved from /home/airflow/.local/lib/python3.8/site-packages/airflow/example_dags/example_xcom.py
[2024-03-04T10:12:53.551+0000] {logging_mixin.py:188} INFO - [2024-03-04T10:12:53.551+0000] {dag.py:3036} INFO - Sync 1 DAGs
[2024-03-04T10:12:53.587+0000] {logging_mixin.py:188} INFO - [2024-03-04T10:12:53.586+0000] {dag.py:3823} INFO - Setting next_dagrun for example_xcom to 2021-01-01 00:00:00+00:00, run_after=2021-01-01 00:00:00+00:00
[2024-03-04T10:12:53.620+0000] {processor.py:183} INFO - Processing /home/airflow/.local/lib/python3.8/site-packages/airflow/example_dags/example_xcom.py took 0.153 seconds
[2024-03-04T10:15:39.665+0000] {processor.py:161} INFO - Started process (PID=43) to work on /home/airflow/.local/lib/python3.8/site-packages/airflow/example_dags/example_xcom.py
[2024-03-04T10:15:39.667+0000] {processor.py:830} INFO - Processing file /home/airflow/.local/lib/python3.8/site-packages/airflow/example_dags/example_xcom.py for tasks to queue
[2024-03-04T10:15:39.671+0000] {logging_mixin.py:188} INFO - [2024-03-04T10:15:39.671+0000] {dagbag.py:538} INFO - Filling up the DagBag from /home/airflow/.local/lib/python3.8/site-packages/airflow/example_dags/example_xcom.py
[2024-03-04T10:15:39.692+0000] {processor.py:840} INFO - DAG(s) 'example_xcom' retrieved from /home/airflow/.local/lib/python3.8/site-packages/airflow/example_dags/example_xcom.py
[2024-03-04T10:15:39.940+0000] {logging_mixin.py:188} INFO - [2024-03-04T10:15:39.940+0000] {dag.py:3036} INFO - Sync 1 DAGs
[2024-03-04T10:15:39.986+0000] {logging_mixin.py:188} INFO - [2024-03-04T10:15:39.985+0000] {dag.py:3823} INFO - Setting next_dagrun for example_xcom to 2021-01-01 00:00:00+00:00, run_after=2021-01-01 00:00:00+00:00
[2024-03-04T10:15:40.038+0000] {processor.py:183} INFO - Processing /home/airflow/.local/lib/python3.8/site-packages/airflow/example_dags/example_xcom.py took 0.379 seconds
[2024-03-04T10:16:10.122+0000] {processor.py:161} INFO - Started process (PID=100) to work on /home/airflow/.local/lib/python3.8/site-packages/airflow/example_dags/example_xcom.py
[2024-03-04T10:16:10.124+0000] {processor.py:830} INFO - Processing file /home/airflow/.local/lib/python3.8/site-packages/airflow/example_dags/example_xcom.py for tasks to queue
[2024-03-04T10:16:10.127+0000] {logging_mixin.py:188} INFO - [2024-03-04T10:16:10.126+0000] {dagbag.py:538} INFO - Filling up the DagBag from /home/airflow/.local/lib/python3.8/site-packages/airflow/example_dags/example_xcom.py
[2024-03-04T10:16:10.138+0000] {processor.py:840} INFO - DAG(s) 'example_xcom' retrieved from /home/airflow/.local/lib/python3.8/site-packages/airflow/example_dags/example_xcom.py
[2024-03-04T10:16:10.175+0000] {logging_mixin.py:188} INFO - [2024-03-04T10:16:10.174+0000] {dag.py:3036} INFO - Sync 1 DAGs
[2024-03-04T10:16:10.215+0000] {logging_mixin.py:188} INFO - [2024-03-04T10:16:10.214+0000] {dag.py:3823} INFO - Setting next_dagrun for example_xcom to 2021-01-01 00:00:00+00:00, run_after=2021-01-01 00:00:00+00:00
[2024-03-04T10:16:10.246+0000] {processor.py:183} INFO - Processing /home/airflow/.local/lib/python3.8/site-packages/airflow/example_dags/example_xcom.py took 0.129 seconds
[2024-03-04T10:16:40.373+0000] {processor.py:161} INFO - Started process (PID=155) to work on /home/airflow/.local/lib/python3.8/site-packages/airflow/example_dags/example_xcom.py
[2024-03-04T10:16:40.377+0000] {processor.py:830} INFO - Processing file /home/airflow/.local/lib/python3.8/site-packages/airflow/example_dags/example_xcom.py for tasks to queue
[2024-03-04T10:16:40.383+0000] {logging_mixin.py:188} INFO - [2024-03-04T10:16:40.382+0000] {dagbag.py:538} INFO - Filling up the DagBag from /home/airflow/.local/lib/python3.8/site-packages/airflow/example_dags/example_xcom.py
[2024-03-04T10:16:40.402+0000] {processor.py:840} INFO - DAG(s) 'example_xcom' retrieved from /home/airflow/.local/lib/python3.8/site-packages/airflow/example_dags/example_xcom.py
[2024-03-04T10:16:40.442+0000] {logging_mixin.py:188} INFO - [2024-03-04T10:16:40.442+0000] {dag.py:3036} INFO - Sync 1 DAGs
[2024-03-04T10:16:40.483+0000] {logging_mixin.py:188} INFO - [2024-03-04T10:16:40.482+0000] {dag.py:3823} INFO - Setting next_dagrun for example_xcom to 2021-01-01 00:00:00+00:00, run_after=2021-01-01 00:00:00+00:00
[2024-03-04T10:16:40.509+0000] {processor.py:183} INFO - Processing /home/airflow/.local/lib/python3.8/site-packages/airflow/example_dags/example_xcom.py took 0.143 seconds
