[2024-03-04T09:52:13.778+0000] {processor.py:161} INFO - Started process (PID=57) to work on /home/airflow/.local/lib/python3.8/site-packages/airflow/example_dags/example_bash_operator.py
[2024-03-04T09:52:13.782+0000] {processor.py:830} INFO - Processing file /home/airflow/.local/lib/python3.8/site-packages/airflow/example_dags/example_bash_operator.py for tasks to queue
[2024-03-04T09:52:13.785+0000] {logging_mixin.py:188} INFO - [2024-03-04T09:52:13.785+0000] {dagbag.py:538} INFO - Filling up the DagBag from /home/airflow/.local/lib/python3.8/site-packages/airflow/example_dags/example_bash_operator.py
[2024-03-04T09:52:13.820+0000] {processor.py:840} INFO - DAG(s) 'example_bash_operator' retrieved from /home/airflow/.local/lib/python3.8/site-packages/airflow/example_dags/example_bash_operator.py
[2024-03-04T09:52:14.121+0000] {logging_mixin.py:188} INFO - [2024-03-04T09:52:14.119+0000] {override.py:1769} INFO - Created Permission View: can read on DAG:example_bash_operator
[2024-03-04T09:52:14.175+0000] {logging_mixin.py:188} INFO - [2024-03-04T09:52:14.174+0000] {override.py:1769} INFO - Created Permission View: can delete on DAG:example_bash_operator
[2024-03-04T09:52:14.216+0000] {logging_mixin.py:188} INFO - [2024-03-04T09:52:14.215+0000] {override.py:1769} INFO - Created Permission View: can edit on DAG:example_bash_operator
[2024-03-04T09:52:14.218+0000] {logging_mixin.py:188} INFO - [2024-03-04T09:52:14.218+0000] {dag.py:3036} INFO - Sync 1 DAGs
[2024-03-04T09:52:14.248+0000] {logging_mixin.py:188} INFO - [2024-03-04T09:52:14.248+0000] {dag.py:3058} INFO - Creating ORM DAG for example_bash_operator
[2024-03-04T09:52:14.290+0000] {logging_mixin.py:188} INFO - [2024-03-04T09:52:14.289+0000] {dag.py:3823} INFO - Setting next_dagrun for example_bash_operator to 2024-03-03 00:00:00+00:00, run_after=2024-03-04 00:00:00+00:00
[2024-03-04T09:52:14.373+0000] {processor.py:183} INFO - Processing /home/airflow/.local/lib/python3.8/site-packages/airflow/example_dags/example_bash_operator.py took 0.601 seconds
[2024-03-04T09:52:44.817+0000] {processor.py:161} INFO - Started process (PID=114) to work on /home/airflow/.local/lib/python3.8/site-packages/airflow/example_dags/example_bash_operator.py
[2024-03-04T09:52:44.820+0000] {processor.py:830} INFO - Processing file /home/airflow/.local/lib/python3.8/site-packages/airflow/example_dags/example_bash_operator.py for tasks to queue
[2024-03-04T09:52:44.825+0000] {logging_mixin.py:188} INFO - [2024-03-04T09:52:44.824+0000] {dagbag.py:538} INFO - Filling up the DagBag from /home/airflow/.local/lib/python3.8/site-packages/airflow/example_dags/example_bash_operator.py
[2024-03-04T09:52:44.852+0000] {processor.py:840} INFO - DAG(s) 'example_bash_operator' retrieved from /home/airflow/.local/lib/python3.8/site-packages/airflow/example_dags/example_bash_operator.py
[2024-03-04T09:52:44.934+0000] {logging_mixin.py:188} INFO - [2024-03-04T09:52:44.933+0000] {dag.py:3036} INFO - Sync 1 DAGs
[2024-03-04T09:52:44.997+0000] {logging_mixin.py:188} INFO - [2024-03-04T09:52:44.996+0000] {dag.py:3823} INFO - Setting next_dagrun for example_bash_operator to 2024-03-03 00:00:00+00:00, run_after=2024-03-04 00:00:00+00:00
[2024-03-04T09:52:45.051+0000] {processor.py:183} INFO - Processing /home/airflow/.local/lib/python3.8/site-packages/airflow/example_dags/example_bash_operator.py took 0.240 seconds
[2024-03-04T09:53:15.138+0000] {processor.py:161} INFO - Started process (PID=171) to work on /home/airflow/.local/lib/python3.8/site-packages/airflow/example_dags/example_bash_operator.py
[2024-03-04T09:53:15.140+0000] {processor.py:830} INFO - Processing file /home/airflow/.local/lib/python3.8/site-packages/airflow/example_dags/example_bash_operator.py for tasks to queue
[2024-03-04T09:53:15.144+0000] {logging_mixin.py:188} INFO - [2024-03-04T09:53:15.143+0000] {dagbag.py:538} INFO - Filling up the DagBag from /home/airflow/.local/lib/python3.8/site-packages/airflow/example_dags/example_bash_operator.py
[2024-03-04T09:53:15.169+0000] {processor.py:840} INFO - DAG(s) 'example_bash_operator' retrieved from /home/airflow/.local/lib/python3.8/site-packages/airflow/example_dags/example_bash_operator.py
[2024-03-04T09:53:15.219+0000] {logging_mixin.py:188} INFO - [2024-03-04T09:53:15.218+0000] {dag.py:3036} INFO - Sync 1 DAGs
[2024-03-04T09:53:15.266+0000] {logging_mixin.py:188} INFO - [2024-03-04T09:53:15.266+0000] {dag.py:3823} INFO - Setting next_dagrun for example_bash_operator to 2024-03-03 00:00:00+00:00, run_after=2024-03-04 00:00:00+00:00
[2024-03-04T09:53:15.304+0000] {processor.py:183} INFO - Processing /home/airflow/.local/lib/python3.8/site-packages/airflow/example_dags/example_bash_operator.py took 0.172 seconds
[2024-03-04T09:53:46.022+0000] {processor.py:161} INFO - Started process (PID=228) to work on /home/airflow/.local/lib/python3.8/site-packages/airflow/example_dags/example_bash_operator.py
[2024-03-04T09:53:46.024+0000] {processor.py:830} INFO - Processing file /home/airflow/.local/lib/python3.8/site-packages/airflow/example_dags/example_bash_operator.py for tasks to queue
[2024-03-04T09:53:46.028+0000] {logging_mixin.py:188} INFO - [2024-03-04T09:53:46.027+0000] {dagbag.py:538} INFO - Filling up the DagBag from /home/airflow/.local/lib/python3.8/site-packages/airflow/example_dags/example_bash_operator.py
[2024-03-04T09:53:46.054+0000] {processor.py:840} INFO - DAG(s) 'example_bash_operator' retrieved from /home/airflow/.local/lib/python3.8/site-packages/airflow/example_dags/example_bash_operator.py
[2024-03-04T09:53:46.126+0000] {logging_mixin.py:188} INFO - [2024-03-04T09:53:46.125+0000] {dag.py:3036} INFO - Sync 1 DAGs
[2024-03-04T09:53:46.176+0000] {logging_mixin.py:188} INFO - [2024-03-04T09:53:46.175+0000] {dag.py:3823} INFO - Setting next_dagrun for example_bash_operator to 2024-03-03 00:00:00+00:00, run_after=2024-03-04 00:00:00+00:00
[2024-03-04T09:53:46.212+0000] {processor.py:183} INFO - Processing /home/airflow/.local/lib/python3.8/site-packages/airflow/example_dags/example_bash_operator.py took 0.197 seconds
[2024-03-04T09:56:33.716+0000] {processor.py:161} INFO - Started process (PID=51) to work on /home/airflow/.local/lib/python3.8/site-packages/airflow/example_dags/example_bash_operator.py
[2024-03-04T09:56:33.718+0000] {processor.py:830} INFO - Processing file /home/airflow/.local/lib/python3.8/site-packages/airflow/example_dags/example_bash_operator.py for tasks to queue
[2024-03-04T09:56:33.722+0000] {logging_mixin.py:188} INFO - [2024-03-04T09:56:33.721+0000] {dagbag.py:538} INFO - Filling up the DagBag from /home/airflow/.local/lib/python3.8/site-packages/airflow/example_dags/example_bash_operator.py
[2024-03-04T09:56:33.743+0000] {processor.py:840} INFO - DAG(s) 'example_bash_operator' retrieved from /home/airflow/.local/lib/python3.8/site-packages/airflow/example_dags/example_bash_operator.py
[2024-03-04T09:56:33.922+0000] {logging_mixin.py:188} INFO - [2024-03-04T09:56:33.922+0000] {dag.py:3036} INFO - Sync 1 DAGs
[2024-03-04T09:56:33.953+0000] {logging_mixin.py:188} INFO - [2024-03-04T09:56:33.953+0000] {dag.py:3823} INFO - Setting next_dagrun for example_bash_operator to 2024-03-03 00:00:00+00:00, run_after=2024-03-04 00:00:00+00:00
[2024-03-04T09:56:33.994+0000] {processor.py:183} INFO - Processing /home/airflow/.local/lib/python3.8/site-packages/airflow/example_dags/example_bash_operator.py took 0.283 seconds
[2024-03-04T09:57:05.303+0000] {processor.py:161} INFO - Started process (PID=114) to work on /home/airflow/.local/lib/python3.8/site-packages/airflow/example_dags/example_bash_operator.py
[2024-03-04T09:57:05.305+0000] {processor.py:830} INFO - Processing file /home/airflow/.local/lib/python3.8/site-packages/airflow/example_dags/example_bash_operator.py for tasks to queue
[2024-03-04T09:57:05.311+0000] {logging_mixin.py:188} INFO - [2024-03-04T09:57:05.310+0000] {dagbag.py:538} INFO - Filling up the DagBag from /home/airflow/.local/lib/python3.8/site-packages/airflow/example_dags/example_bash_operator.py
[2024-03-04T09:57:05.335+0000] {processor.py:840} INFO - DAG(s) 'example_bash_operator' retrieved from /home/airflow/.local/lib/python3.8/site-packages/airflow/example_dags/example_bash_operator.py
[2024-03-04T09:57:05.382+0000] {logging_mixin.py:188} INFO - [2024-03-04T09:57:05.382+0000] {dag.py:3036} INFO - Sync 1 DAGs
[2024-03-04T09:57:05.424+0000] {logging_mixin.py:188} INFO - [2024-03-04T09:57:05.423+0000] {dag.py:3823} INFO - Setting next_dagrun for example_bash_operator to 2024-03-03 00:00:00+00:00, run_after=2024-03-04 00:00:00+00:00
[2024-03-04T09:57:05.455+0000] {processor.py:183} INFO - Processing /home/airflow/.local/lib/python3.8/site-packages/airflow/example_dags/example_bash_operator.py took 0.160 seconds
[2024-03-04T09:57:36.469+0000] {processor.py:161} INFO - Started process (PID=171) to work on /home/airflow/.local/lib/python3.8/site-packages/airflow/example_dags/example_bash_operator.py
[2024-03-04T09:57:36.471+0000] {processor.py:830} INFO - Processing file /home/airflow/.local/lib/python3.8/site-packages/airflow/example_dags/example_bash_operator.py for tasks to queue
[2024-03-04T09:57:36.474+0000] {logging_mixin.py:188} INFO - [2024-03-04T09:57:36.473+0000] {dagbag.py:538} INFO - Filling up the DagBag from /home/airflow/.local/lib/python3.8/site-packages/airflow/example_dags/example_bash_operator.py
[2024-03-04T09:57:36.493+0000] {processor.py:840} INFO - DAG(s) 'example_bash_operator' retrieved from /home/airflow/.local/lib/python3.8/site-packages/airflow/example_dags/example_bash_operator.py
[2024-03-04T09:57:36.547+0000] {logging_mixin.py:188} INFO - [2024-03-04T09:57:36.546+0000] {dag.py:3036} INFO - Sync 1 DAGs
[2024-03-04T09:57:36.580+0000] {logging_mixin.py:188} INFO - [2024-03-04T09:57:36.580+0000] {dag.py:3823} INFO - Setting next_dagrun for example_bash_operator to 2024-03-03 00:00:00+00:00, run_after=2024-03-04 00:00:00+00:00
[2024-03-04T09:57:37.160+0000] {processor.py:183} INFO - Processing /home/airflow/.local/lib/python3.8/site-packages/airflow/example_dags/example_bash_operator.py took 0.696 seconds
[2024-03-04T09:58:08.112+0000] {processor.py:161} INFO - Started process (PID=232) to work on /home/airflow/.local/lib/python3.8/site-packages/airflow/example_dags/example_bash_operator.py
[2024-03-04T09:58:08.113+0000] {processor.py:830} INFO - Processing file /home/airflow/.local/lib/python3.8/site-packages/airflow/example_dags/example_bash_operator.py for tasks to queue
[2024-03-04T09:58:08.116+0000] {logging_mixin.py:188} INFO - [2024-03-04T09:58:08.116+0000] {dagbag.py:538} INFO - Filling up the DagBag from /home/airflow/.local/lib/python3.8/site-packages/airflow/example_dags/example_bash_operator.py
[2024-03-04T09:58:08.137+0000] {processor.py:840} INFO - DAG(s) 'example_bash_operator' retrieved from /home/airflow/.local/lib/python3.8/site-packages/airflow/example_dags/example_bash_operator.py
[2024-03-04T09:58:08.229+0000] {logging_mixin.py:188} INFO - [2024-03-04T09:58:08.228+0000] {dag.py:3036} INFO - Sync 1 DAGs
[2024-03-04T09:58:08.277+0000] {logging_mixin.py:188} INFO - [2024-03-04T09:58:08.277+0000] {dag.py:3823} INFO - Setting next_dagrun for example_bash_operator to 2024-03-03 00:00:00+00:00, run_after=2024-03-04 00:00:00+00:00
[2024-03-04T09:58:08.329+0000] {processor.py:183} INFO - Processing /home/airflow/.local/lib/python3.8/site-packages/airflow/example_dags/example_bash_operator.py took 0.223 seconds
[2024-03-04T09:58:38.610+0000] {processor.py:161} INFO - Started process (PID=288) to work on /home/airflow/.local/lib/python3.8/site-packages/airflow/example_dags/example_bash_operator.py
[2024-03-04T09:58:38.612+0000] {processor.py:830} INFO - Processing file /home/airflow/.local/lib/python3.8/site-packages/airflow/example_dags/example_bash_operator.py for tasks to queue
[2024-03-04T09:58:38.616+0000] {logging_mixin.py:188} INFO - [2024-03-04T09:58:38.615+0000] {dagbag.py:538} INFO - Filling up the DagBag from /home/airflow/.local/lib/python3.8/site-packages/airflow/example_dags/example_bash_operator.py
[2024-03-04T09:58:38.643+0000] {processor.py:840} INFO - DAG(s) 'example_bash_operator' retrieved from /home/airflow/.local/lib/python3.8/site-packages/airflow/example_dags/example_bash_operator.py
[2024-03-04T09:58:38.697+0000] {logging_mixin.py:188} INFO - [2024-03-04T09:58:38.697+0000] {dag.py:3036} INFO - Sync 1 DAGs
[2024-03-04T09:58:38.744+0000] {logging_mixin.py:188} INFO - [2024-03-04T09:58:38.744+0000] {dag.py:3823} INFO - Setting next_dagrun for example_bash_operator to 2024-03-03 00:00:00+00:00, run_after=2024-03-04 00:00:00+00:00
[2024-03-04T09:58:38.773+0000] {processor.py:183} INFO - Processing /home/airflow/.local/lib/python3.8/site-packages/airflow/example_dags/example_bash_operator.py took 0.170 seconds
[2024-03-04T09:59:08.926+0000] {processor.py:161} INFO - Started process (PID=345) to work on /home/airflow/.local/lib/python3.8/site-packages/airflow/example_dags/example_bash_operator.py
[2024-03-04T09:59:08.928+0000] {processor.py:830} INFO - Processing file /home/airflow/.local/lib/python3.8/site-packages/airflow/example_dags/example_bash_operator.py for tasks to queue
[2024-03-04T09:59:08.932+0000] {logging_mixin.py:188} INFO - [2024-03-04T09:59:08.931+0000] {dagbag.py:538} INFO - Filling up the DagBag from /home/airflow/.local/lib/python3.8/site-packages/airflow/example_dags/example_bash_operator.py
[2024-03-04T09:59:08.957+0000] {processor.py:840} INFO - DAG(s) 'example_bash_operator' retrieved from /home/airflow/.local/lib/python3.8/site-packages/airflow/example_dags/example_bash_operator.py
[2024-03-04T09:59:09.014+0000] {logging_mixin.py:188} INFO - [2024-03-04T09:59:09.014+0000] {dag.py:3036} INFO - Sync 1 DAGs
[2024-03-04T09:59:09.054+0000] {logging_mixin.py:188} INFO - [2024-03-04T09:59:09.054+0000] {dag.py:3823} INFO - Setting next_dagrun for example_bash_operator to 2024-03-03 00:00:00+00:00, run_after=2024-03-04 00:00:00+00:00
[2024-03-04T09:59:09.087+0000] {processor.py:183} INFO - Processing /home/airflow/.local/lib/python3.8/site-packages/airflow/example_dags/example_bash_operator.py took 0.167 seconds
[2024-03-04T09:59:39.869+0000] {processor.py:161} INFO - Started process (PID=402) to work on /home/airflow/.local/lib/python3.8/site-packages/airflow/example_dags/example_bash_operator.py
[2024-03-04T09:59:39.871+0000] {processor.py:830} INFO - Processing file /home/airflow/.local/lib/python3.8/site-packages/airflow/example_dags/example_bash_operator.py for tasks to queue
[2024-03-04T09:59:39.874+0000] {logging_mixin.py:188} INFO - [2024-03-04T09:59:39.873+0000] {dagbag.py:538} INFO - Filling up the DagBag from /home/airflow/.local/lib/python3.8/site-packages/airflow/example_dags/example_bash_operator.py
[2024-03-04T09:59:39.891+0000] {processor.py:840} INFO - DAG(s) 'example_bash_operator' retrieved from /home/airflow/.local/lib/python3.8/site-packages/airflow/example_dags/example_bash_operator.py
[2024-03-04T09:59:39.935+0000] {logging_mixin.py:188} INFO - [2024-03-04T09:59:39.934+0000] {dag.py:3036} INFO - Sync 1 DAGs
[2024-03-04T09:59:39.965+0000] {logging_mixin.py:188} INFO - [2024-03-04T09:59:39.965+0000] {dag.py:3823} INFO - Setting next_dagrun for example_bash_operator to 2024-03-03 00:00:00+00:00, run_after=2024-03-04 00:00:00+00:00
[2024-03-04T09:59:39.998+0000] {processor.py:183} INFO - Processing /home/airflow/.local/lib/python3.8/site-packages/airflow/example_dags/example_bash_operator.py took 0.133 seconds
[2024-03-04T10:00:10.317+0000] {processor.py:161} INFO - Started process (PID=458) to work on /home/airflow/.local/lib/python3.8/site-packages/airflow/example_dags/example_bash_operator.py
[2024-03-04T10:00:10.319+0000] {processor.py:830} INFO - Processing file /home/airflow/.local/lib/python3.8/site-packages/airflow/example_dags/example_bash_operator.py for tasks to queue
[2024-03-04T10:00:10.321+0000] {logging_mixin.py:188} INFO - [2024-03-04T10:00:10.321+0000] {dagbag.py:538} INFO - Filling up the DagBag from /home/airflow/.local/lib/python3.8/site-packages/airflow/example_dags/example_bash_operator.py
[2024-03-04T10:00:10.339+0000] {processor.py:840} INFO - DAG(s) 'example_bash_operator' retrieved from /home/airflow/.local/lib/python3.8/site-packages/airflow/example_dags/example_bash_operator.py
[2024-03-04T10:00:10.386+0000] {logging_mixin.py:188} INFO - [2024-03-04T10:00:10.385+0000] {dag.py:3036} INFO - Sync 1 DAGs
[2024-03-04T10:00:10.421+0000] {logging_mixin.py:188} INFO - [2024-03-04T10:00:10.421+0000] {dag.py:3823} INFO - Setting next_dagrun for example_bash_operator to 2024-03-03 00:00:00+00:00, run_after=2024-03-04 00:00:00+00:00
[2024-03-04T10:00:10.454+0000] {processor.py:183} INFO - Processing /home/airflow/.local/lib/python3.8/site-packages/airflow/example_dags/example_bash_operator.py took 0.142 seconds
[2024-03-04T10:00:40.715+0000] {processor.py:161} INFO - Started process (PID=519) to work on /home/airflow/.local/lib/python3.8/site-packages/airflow/example_dags/example_bash_operator.py
[2024-03-04T10:00:40.717+0000] {processor.py:830} INFO - Processing file /home/airflow/.local/lib/python3.8/site-packages/airflow/example_dags/example_bash_operator.py for tasks to queue
[2024-03-04T10:00:40.719+0000] {logging_mixin.py:188} INFO - [2024-03-04T10:00:40.719+0000] {dagbag.py:538} INFO - Filling up the DagBag from /home/airflow/.local/lib/python3.8/site-packages/airflow/example_dags/example_bash_operator.py
[2024-03-04T10:00:40.735+0000] {processor.py:840} INFO - DAG(s) 'example_bash_operator' retrieved from /home/airflow/.local/lib/python3.8/site-packages/airflow/example_dags/example_bash_operator.py
[2024-03-04T10:00:40.779+0000] {logging_mixin.py:188} INFO - [2024-03-04T10:00:40.778+0000] {dag.py:3036} INFO - Sync 1 DAGs
[2024-03-04T10:00:40.816+0000] {logging_mixin.py:188} INFO - [2024-03-04T10:00:40.816+0000] {dag.py:3823} INFO - Setting next_dagrun for example_bash_operator to 2024-03-03 00:00:00+00:00, run_after=2024-03-04 00:00:00+00:00
[2024-03-04T10:00:40.842+0000] {processor.py:183} INFO - Processing /home/airflow/.local/lib/python3.8/site-packages/airflow/example_dags/example_bash_operator.py took 0.132 seconds
[2024-03-04T10:01:11.018+0000] {processor.py:161} INFO - Started process (PID=576) to work on /home/airflow/.local/lib/python3.8/site-packages/airflow/example_dags/example_bash_operator.py
[2024-03-04T10:01:11.020+0000] {processor.py:830} INFO - Processing file /home/airflow/.local/lib/python3.8/site-packages/airflow/example_dags/example_bash_operator.py for tasks to queue
[2024-03-04T10:01:11.024+0000] {logging_mixin.py:188} INFO - [2024-03-04T10:01:11.023+0000] {dagbag.py:538} INFO - Filling up the DagBag from /home/airflow/.local/lib/python3.8/site-packages/airflow/example_dags/example_bash_operator.py
[2024-03-04T10:01:11.054+0000] {processor.py:840} INFO - DAG(s) 'example_bash_operator' retrieved from /home/airflow/.local/lib/python3.8/site-packages/airflow/example_dags/example_bash_operator.py
[2024-03-04T10:01:11.140+0000] {logging_mixin.py:188} INFO - [2024-03-04T10:01:11.140+0000] {dag.py:3036} INFO - Sync 1 DAGs
[2024-03-04T10:01:11.205+0000] {logging_mixin.py:188} INFO - [2024-03-04T10:01:11.204+0000] {dag.py:3823} INFO - Setting next_dagrun for example_bash_operator to 2024-03-03 00:00:00+00:00, run_after=2024-03-04 00:00:00+00:00
[2024-03-04T10:01:11.254+0000] {processor.py:183} INFO - Processing /home/airflow/.local/lib/python3.8/site-packages/airflow/example_dags/example_bash_operator.py took 0.242 seconds
[2024-03-04T10:01:41.361+0000] {processor.py:161} INFO - Started process (PID=633) to work on /home/airflow/.local/lib/python3.8/site-packages/airflow/example_dags/example_bash_operator.py
[2024-03-04T10:01:41.362+0000] {processor.py:830} INFO - Processing file /home/airflow/.local/lib/python3.8/site-packages/airflow/example_dags/example_bash_operator.py for tasks to queue
[2024-03-04T10:01:41.365+0000] {logging_mixin.py:188} INFO - [2024-03-04T10:01:41.365+0000] {dagbag.py:538} INFO - Filling up the DagBag from /home/airflow/.local/lib/python3.8/site-packages/airflow/example_dags/example_bash_operator.py
[2024-03-04T10:01:41.381+0000] {processor.py:840} INFO - DAG(s) 'example_bash_operator' retrieved from /home/airflow/.local/lib/python3.8/site-packages/airflow/example_dags/example_bash_operator.py
[2024-03-04T10:01:41.427+0000] {logging_mixin.py:188} INFO - [2024-03-04T10:01:41.427+0000] {dag.py:3036} INFO - Sync 1 DAGs
[2024-03-04T10:01:41.461+0000] {logging_mixin.py:188} INFO - [2024-03-04T10:01:41.461+0000] {dag.py:3823} INFO - Setting next_dagrun for example_bash_operator to 2024-03-03 00:00:00+00:00, run_after=2024-03-04 00:00:00+00:00
[2024-03-04T10:01:41.487+0000] {processor.py:183} INFO - Processing /home/airflow/.local/lib/python3.8/site-packages/airflow/example_dags/example_bash_operator.py took 0.131 seconds
[2024-03-04T10:04:59.328+0000] {processor.py:161} INFO - Started process (PID=50) to work on /home/airflow/.local/lib/python3.8/site-packages/airflow/example_dags/example_bash_operator.py
[2024-03-04T10:04:59.330+0000] {processor.py:830} INFO - Processing file /home/airflow/.local/lib/python3.8/site-packages/airflow/example_dags/example_bash_operator.py for tasks to queue
[2024-03-04T10:04:59.332+0000] {logging_mixin.py:188} INFO - [2024-03-04T10:04:59.332+0000] {dagbag.py:538} INFO - Filling up the DagBag from /home/airflow/.local/lib/python3.8/site-packages/airflow/example_dags/example_bash_operator.py
[2024-03-04T10:04:59.370+0000] {processor.py:840} INFO - DAG(s) 'example_bash_operator' retrieved from /home/airflow/.local/lib/python3.8/site-packages/airflow/example_dags/example_bash_operator.py
[2024-03-04T10:04:59.613+0000] {logging_mixin.py:188} INFO - [2024-03-04T10:04:59.613+0000] {dag.py:3036} INFO - Sync 1 DAGs
[2024-03-04T10:04:59.703+0000] {logging_mixin.py:188} INFO - [2024-03-04T10:04:59.694+0000] {dag.py:3823} INFO - Setting next_dagrun for example_bash_operator to 2024-03-03 00:00:00+00:00, run_after=2024-03-04 00:00:00+00:00
[2024-03-04T10:04:59.765+0000] {processor.py:183} INFO - Processing /home/airflow/.local/lib/python3.8/site-packages/airflow/example_dags/example_bash_operator.py took 0.443 seconds
[2024-03-04T10:05:30.276+0000] {processor.py:161} INFO - Started process (PID=108) to work on /home/airflow/.local/lib/python3.8/site-packages/airflow/example_dags/example_bash_operator.py
[2024-03-04T10:05:30.277+0000] {processor.py:830} INFO - Processing file /home/airflow/.local/lib/python3.8/site-packages/airflow/example_dags/example_bash_operator.py for tasks to queue
[2024-03-04T10:05:30.280+0000] {logging_mixin.py:188} INFO - [2024-03-04T10:05:30.279+0000] {dagbag.py:538} INFO - Filling up the DagBag from /home/airflow/.local/lib/python3.8/site-packages/airflow/example_dags/example_bash_operator.py
[2024-03-04T10:05:30.299+0000] {processor.py:840} INFO - DAG(s) 'example_bash_operator' retrieved from /home/airflow/.local/lib/python3.8/site-packages/airflow/example_dags/example_bash_operator.py
[2024-03-04T10:05:30.355+0000] {logging_mixin.py:188} INFO - [2024-03-04T10:05:30.354+0000] {dag.py:3036} INFO - Sync 1 DAGs
[2024-03-04T10:05:30.398+0000] {logging_mixin.py:188} INFO - [2024-03-04T10:05:30.397+0000] {dag.py:3823} INFO - Setting next_dagrun for example_bash_operator to 2024-03-03 00:00:00+00:00, run_after=2024-03-04 00:00:00+00:00
[2024-03-04T10:05:30.434+0000] {processor.py:183} INFO - Processing /home/airflow/.local/lib/python3.8/site-packages/airflow/example_dags/example_bash_operator.py took 0.164 seconds
[2024-03-04T10:11:53.548+0000] {processor.py:161} INFO - Started process (PID=50) to work on /home/airflow/.local/lib/python3.8/site-packages/airflow/example_dags/example_bash_operator.py
[2024-03-04T10:11:53.550+0000] {processor.py:830} INFO - Processing file /home/airflow/.local/lib/python3.8/site-packages/airflow/example_dags/example_bash_operator.py for tasks to queue
[2024-03-04T10:11:53.554+0000] {logging_mixin.py:188} INFO - [2024-03-04T10:11:53.553+0000] {dagbag.py:538} INFO - Filling up the DagBag from /home/airflow/.local/lib/python3.8/site-packages/airflow/example_dags/example_bash_operator.py
[2024-03-04T10:11:53.578+0000] {processor.py:840} INFO - DAG(s) 'example_bash_operator' retrieved from /home/airflow/.local/lib/python3.8/site-packages/airflow/example_dags/example_bash_operator.py
[2024-03-04T10:11:53.798+0000] {logging_mixin.py:188} INFO - [2024-03-04T10:11:53.798+0000] {dag.py:3036} INFO - Sync 1 DAGs
[2024-03-04T10:11:53.844+0000] {logging_mixin.py:188} INFO - [2024-03-04T10:11:53.844+0000] {dag.py:3823} INFO - Setting next_dagrun for example_bash_operator to 2024-03-03 00:00:00+00:00, run_after=2024-03-04 00:00:00+00:00
[2024-03-04T10:11:53.879+0000] {processor.py:183} INFO - Processing /home/airflow/.local/lib/python3.8/site-packages/airflow/example_dags/example_bash_operator.py took 0.336 seconds
[2024-03-04T10:12:24.411+0000] {processor.py:161} INFO - Started process (PID=107) to work on /home/airflow/.local/lib/python3.8/site-packages/airflow/example_dags/example_bash_operator.py
[2024-03-04T10:12:24.412+0000] {processor.py:830} INFO - Processing file /home/airflow/.local/lib/python3.8/site-packages/airflow/example_dags/example_bash_operator.py for tasks to queue
[2024-03-04T10:12:24.415+0000] {logging_mixin.py:188} INFO - [2024-03-04T10:12:24.415+0000] {dagbag.py:538} INFO - Filling up the DagBag from /home/airflow/.local/lib/python3.8/site-packages/airflow/example_dags/example_bash_operator.py
[2024-03-04T10:12:24.435+0000] {processor.py:840} INFO - DAG(s) 'example_bash_operator' retrieved from /home/airflow/.local/lib/python3.8/site-packages/airflow/example_dags/example_bash_operator.py
[2024-03-04T10:12:24.492+0000] {logging_mixin.py:188} INFO - [2024-03-04T10:12:24.492+0000] {dag.py:3036} INFO - Sync 1 DAGs
[2024-03-04T10:12:24.531+0000] {logging_mixin.py:188} INFO - [2024-03-04T10:12:24.531+0000] {dag.py:3823} INFO - Setting next_dagrun for example_bash_operator to 2024-03-03 00:00:00+00:00, run_after=2024-03-04 00:00:00+00:00
[2024-03-04T10:12:24.561+0000] {processor.py:183} INFO - Processing /home/airflow/.local/lib/python3.8/site-packages/airflow/example_dags/example_bash_operator.py took 0.156 seconds
[2024-03-04T10:12:55.464+0000] {processor.py:161} INFO - Started process (PID=164) to work on /home/airflow/.local/lib/python3.8/site-packages/airflow/example_dags/example_bash_operator.py
[2024-03-04T10:12:55.465+0000] {processor.py:830} INFO - Processing file /home/airflow/.local/lib/python3.8/site-packages/airflow/example_dags/example_bash_operator.py for tasks to queue
[2024-03-04T10:12:55.468+0000] {logging_mixin.py:188} INFO - [2024-03-04T10:12:55.467+0000] {dagbag.py:538} INFO - Filling up the DagBag from /home/airflow/.local/lib/python3.8/site-packages/airflow/example_dags/example_bash_operator.py
[2024-03-04T10:12:55.484+0000] {processor.py:840} INFO - DAG(s) 'example_bash_operator' retrieved from /home/airflow/.local/lib/python3.8/site-packages/airflow/example_dags/example_bash_operator.py
[2024-03-04T10:12:55.529+0000] {logging_mixin.py:188} INFO - [2024-03-04T10:12:55.529+0000] {dag.py:3036} INFO - Sync 1 DAGs
[2024-03-04T10:12:55.570+0000] {logging_mixin.py:188} INFO - [2024-03-04T10:12:55.569+0000] {dag.py:3823} INFO - Setting next_dagrun for example_bash_operator to 2024-03-03 00:00:00+00:00, run_after=2024-03-04 00:00:00+00:00
[2024-03-04T10:12:55.613+0000] {processor.py:183} INFO - Processing /home/airflow/.local/lib/python3.8/site-packages/airflow/example_dags/example_bash_operator.py took 0.154 seconds
[2024-03-04T10:15:41.565+0000] {processor.py:161} INFO - Started process (PID=50) to work on /home/airflow/.local/lib/python3.8/site-packages/airflow/example_dags/example_bash_operator.py
[2024-03-04T10:15:41.567+0000] {processor.py:830} INFO - Processing file /home/airflow/.local/lib/python3.8/site-packages/airflow/example_dags/example_bash_operator.py for tasks to queue
[2024-03-04T10:15:41.571+0000] {logging_mixin.py:188} INFO - [2024-03-04T10:15:41.570+0000] {dagbag.py:538} INFO - Filling up the DagBag from /home/airflow/.local/lib/python3.8/site-packages/airflow/example_dags/example_bash_operator.py
[2024-03-04T10:15:41.613+0000] {processor.py:840} INFO - DAG(s) 'example_bash_operator' retrieved from /home/airflow/.local/lib/python3.8/site-packages/airflow/example_dags/example_bash_operator.py
[2024-03-04T10:15:42.128+0000] {logging_mixin.py:188} INFO - [2024-03-04T10:15:42.127+0000] {dag.py:3036} INFO - Sync 1 DAGs
[2024-03-04T10:15:42.190+0000] {logging_mixin.py:188} INFO - [2024-03-04T10:15:42.190+0000] {dag.py:3823} INFO - Setting next_dagrun for example_bash_operator to 2024-03-03 00:00:00+00:00, run_after=2024-03-04 00:00:00+00:00
[2024-03-04T10:15:42.237+0000] {processor.py:183} INFO - Processing /home/airflow/.local/lib/python3.8/site-packages/airflow/example_dags/example_bash_operator.py took 0.678 seconds
[2024-03-04T10:16:12.367+0000] {processor.py:161} INFO - Started process (PID=107) to work on /home/airflow/.local/lib/python3.8/site-packages/airflow/example_dags/example_bash_operator.py
[2024-03-04T10:16:12.369+0000] {processor.py:830} INFO - Processing file /home/airflow/.local/lib/python3.8/site-packages/airflow/example_dags/example_bash_operator.py for tasks to queue
[2024-03-04T10:16:12.371+0000] {logging_mixin.py:188} INFO - [2024-03-04T10:16:12.371+0000] {dagbag.py:538} INFO - Filling up the DagBag from /home/airflow/.local/lib/python3.8/site-packages/airflow/example_dags/example_bash_operator.py
[2024-03-04T10:16:12.390+0000] {processor.py:840} INFO - DAG(s) 'example_bash_operator' retrieved from /home/airflow/.local/lib/python3.8/site-packages/airflow/example_dags/example_bash_operator.py
[2024-03-04T10:16:12.442+0000] {logging_mixin.py:188} INFO - [2024-03-04T10:16:12.441+0000] {dag.py:3036} INFO - Sync 1 DAGs
[2024-03-04T10:16:12.514+0000] {logging_mixin.py:188} INFO - [2024-03-04T10:16:12.513+0000] {dag.py:3823} INFO - Setting next_dagrun for example_bash_operator to 2024-03-03 00:00:00+00:00, run_after=2024-03-04 00:00:00+00:00
[2024-03-04T10:16:12.548+0000] {processor.py:183} INFO - Processing /home/airflow/.local/lib/python3.8/site-packages/airflow/example_dags/example_bash_operator.py took 0.187 seconds
[2024-03-04T10:16:43.054+0000] {processor.py:161} INFO - Started process (PID=164) to work on /home/airflow/.local/lib/python3.8/site-packages/airflow/example_dags/example_bash_operator.py
[2024-03-04T10:16:43.056+0000] {processor.py:830} INFO - Processing file /home/airflow/.local/lib/python3.8/site-packages/airflow/example_dags/example_bash_operator.py for tasks to queue
[2024-03-04T10:16:43.059+0000] {logging_mixin.py:188} INFO - [2024-03-04T10:16:43.059+0000] {dagbag.py:538} INFO - Filling up the DagBag from /home/airflow/.local/lib/python3.8/site-packages/airflow/example_dags/example_bash_operator.py
[2024-03-04T10:16:43.075+0000] {processor.py:840} INFO - DAG(s) 'example_bash_operator' retrieved from /home/airflow/.local/lib/python3.8/site-packages/airflow/example_dags/example_bash_operator.py
[2024-03-04T10:16:43.129+0000] {logging_mixin.py:188} INFO - [2024-03-04T10:16:43.129+0000] {dag.py:3036} INFO - Sync 1 DAGs
[2024-03-04T10:16:43.166+0000] {logging_mixin.py:188} INFO - [2024-03-04T10:16:43.165+0000] {dag.py:3823} INFO - Setting next_dagrun for example_bash_operator to 2024-03-03 00:00:00+00:00, run_after=2024-03-04 00:00:00+00:00
[2024-03-04T10:16:43.192+0000] {processor.py:183} INFO - Processing /home/airflow/.local/lib/python3.8/site-packages/airflow/example_dags/example_bash_operator.py took 0.143 seconds
