[2024-03-04T09:52:22.679+0000] {processor.py:161} INFO - Started process (PID=80) to work on /home/airflow/.local/lib/python3.8/site-packages/airflow/example_dags/example_skip_dag.py
[2024-03-04T09:52:22.681+0000] {processor.py:830} INFO - Processing file /home/airflow/.local/lib/python3.8/site-packages/airflow/example_dags/example_skip_dag.py for tasks to queue
[2024-03-04T09:52:22.684+0000] {logging_mixin.py:188} INFO - [2024-03-04T09:52:22.684+0000] {dagbag.py:538} INFO - Filling up the DagBag from /home/airflow/.local/lib/python3.8/site-packages/airflow/example_dags/example_skip_dag.py
[2024-03-04T09:52:22.701+0000] {processor.py:840} INFO - DAG(s) 'example_skip_dag' retrieved from /home/airflow/.local/lib/python3.8/site-packages/airflow/example_dags/example_skip_dag.py
[2024-03-04T09:52:22.978+0000] {logging_mixin.py:188} INFO - [2024-03-04T09:52:22.977+0000] {override.py:1769} INFO - Created Permission View: can read on DAG:example_skip_dag
[2024-03-04T09:52:22.996+0000] {logging_mixin.py:188} INFO - [2024-03-04T09:52:22.995+0000] {override.py:1769} INFO - Created Permission View: can delete on DAG:example_skip_dag
[2024-03-04T09:52:23.008+0000] {logging_mixin.py:188} INFO - [2024-03-04T09:52:23.008+0000] {override.py:1769} INFO - Created Permission View: can edit on DAG:example_skip_dag
[2024-03-04T09:52:23.009+0000] {logging_mixin.py:188} INFO - [2024-03-04T09:52:23.009+0000] {dag.py:3036} INFO - Sync 1 DAGs
[2024-03-04T09:52:23.030+0000] {logging_mixin.py:188} INFO - [2024-03-04T09:52:23.029+0000] {dag.py:3058} INFO - Creating ORM DAG for example_skip_dag
[2024-03-04T09:52:23.048+0000] {logging_mixin.py:188} INFO - [2024-03-04T09:52:23.048+0000] {dag.py:3823} INFO - Setting next_dagrun for example_skip_dag to 2024-03-03 00:00:00+00:00, run_after=2024-03-04 00:00:00+00:00
[2024-03-04T09:52:23.082+0000] {processor.py:183} INFO - Processing /home/airflow/.local/lib/python3.8/site-packages/airflow/example_dags/example_skip_dag.py took 0.409 seconds
[2024-03-04T09:52:53.753+0000] {processor.py:161} INFO - Started process (PID=137) to work on /home/airflow/.local/lib/python3.8/site-packages/airflow/example_dags/example_skip_dag.py
[2024-03-04T09:52:53.755+0000] {processor.py:830} INFO - Processing file /home/airflow/.local/lib/python3.8/site-packages/airflow/example_dags/example_skip_dag.py for tasks to queue
[2024-03-04T09:52:53.758+0000] {logging_mixin.py:188} INFO - [2024-03-04T09:52:53.758+0000] {dagbag.py:538} INFO - Filling up the DagBag from /home/airflow/.local/lib/python3.8/site-packages/airflow/example_dags/example_skip_dag.py
[2024-03-04T09:52:53.771+0000] {processor.py:840} INFO - DAG(s) 'example_skip_dag' retrieved from /home/airflow/.local/lib/python3.8/site-packages/airflow/example_dags/example_skip_dag.py
[2024-03-04T09:52:53.813+0000] {logging_mixin.py:188} INFO - [2024-03-04T09:52:53.812+0000] {dag.py:3036} INFO - Sync 1 DAGs
[2024-03-04T09:52:53.863+0000] {logging_mixin.py:188} INFO - [2024-03-04T09:52:53.863+0000] {dag.py:3823} INFO - Setting next_dagrun for example_skip_dag to 2024-03-03 00:00:00+00:00, run_after=2024-03-04 00:00:00+00:00
[2024-03-04T09:52:53.901+0000] {processor.py:183} INFO - Processing /home/airflow/.local/lib/python3.8/site-packages/airflow/example_dags/example_skip_dag.py took 0.155 seconds
[2024-03-04T09:53:24.302+0000] {processor.py:161} INFO - Started process (PID=195) to work on /home/airflow/.local/lib/python3.8/site-packages/airflow/example_dags/example_skip_dag.py
[2024-03-04T09:53:24.308+0000] {processor.py:830} INFO - Processing file /home/airflow/.local/lib/python3.8/site-packages/airflow/example_dags/example_skip_dag.py for tasks to queue
[2024-03-04T09:53:24.320+0000] {logging_mixin.py:188} INFO - [2024-03-04T09:53:24.319+0000] {dagbag.py:538} INFO - Filling up the DagBag from /home/airflow/.local/lib/python3.8/site-packages/airflow/example_dags/example_skip_dag.py
[2024-03-04T09:53:24.359+0000] {processor.py:840} INFO - DAG(s) 'example_skip_dag' retrieved from /home/airflow/.local/lib/python3.8/site-packages/airflow/example_dags/example_skip_dag.py
[2024-03-04T09:53:24.444+0000] {logging_mixin.py:188} INFO - [2024-03-04T09:53:24.443+0000] {dag.py:3036} INFO - Sync 1 DAGs
[2024-03-04T09:53:24.530+0000] {logging_mixin.py:188} INFO - [2024-03-04T09:53:24.529+0000] {dag.py:3823} INFO - Setting next_dagrun for example_skip_dag to 2024-03-03 00:00:00+00:00, run_after=2024-03-04 00:00:00+00:00
[2024-03-04T09:53:24.592+0000] {processor.py:183} INFO - Processing /home/airflow/.local/lib/python3.8/site-packages/airflow/example_dags/example_skip_dag.py took 0.310 seconds
[2024-03-04T09:56:38.284+0000] {processor.py:161} INFO - Started process (PID=80) to work on /home/airflow/.local/lib/python3.8/site-packages/airflow/example_dags/example_skip_dag.py
[2024-03-04T09:56:38.286+0000] {processor.py:830} INFO - Processing file /home/airflow/.local/lib/python3.8/site-packages/airflow/example_dags/example_skip_dag.py for tasks to queue
[2024-03-04T09:56:38.291+0000] {logging_mixin.py:188} INFO - [2024-03-04T09:56:38.290+0000] {dagbag.py:538} INFO - Filling up the DagBag from /home/airflow/.local/lib/python3.8/site-packages/airflow/example_dags/example_skip_dag.py
[2024-03-04T09:56:38.305+0000] {processor.py:840} INFO - DAG(s) 'example_skip_dag' retrieved from /home/airflow/.local/lib/python3.8/site-packages/airflow/example_dags/example_skip_dag.py
[2024-03-04T09:56:38.510+0000] {logging_mixin.py:188} INFO - [2024-03-04T09:56:38.510+0000] {dag.py:3036} INFO - Sync 1 DAGs
[2024-03-04T09:56:38.551+0000] {logging_mixin.py:188} INFO - [2024-03-04T09:56:38.550+0000] {dag.py:3823} INFO - Setting next_dagrun for example_skip_dag to 2024-03-03 00:00:00+00:00, run_after=2024-03-04 00:00:00+00:00
[2024-03-04T09:56:38.590+0000] {processor.py:183} INFO - Processing /home/airflow/.local/lib/python3.8/site-packages/airflow/example_dags/example_skip_dag.py took 0.312 seconds
[2024-03-04T09:57:09.348+0000] {processor.py:161} INFO - Started process (PID=137) to work on /home/airflow/.local/lib/python3.8/site-packages/airflow/example_dags/example_skip_dag.py
[2024-03-04T09:57:09.350+0000] {processor.py:830} INFO - Processing file /home/airflow/.local/lib/python3.8/site-packages/airflow/example_dags/example_skip_dag.py for tasks to queue
[2024-03-04T09:57:09.353+0000] {logging_mixin.py:188} INFO - [2024-03-04T09:57:09.352+0000] {dagbag.py:538} INFO - Filling up the DagBag from /home/airflow/.local/lib/python3.8/site-packages/airflow/example_dags/example_skip_dag.py
[2024-03-04T09:57:09.361+0000] {processor.py:840} INFO - DAG(s) 'example_skip_dag' retrieved from /home/airflow/.local/lib/python3.8/site-packages/airflow/example_dags/example_skip_dag.py
[2024-03-04T09:57:09.407+0000] {logging_mixin.py:188} INFO - [2024-03-04T09:57:09.406+0000] {dag.py:3036} INFO - Sync 1 DAGs
[2024-03-04T09:57:09.439+0000] {logging_mixin.py:188} INFO - [2024-03-04T09:57:09.439+0000] {dag.py:3823} INFO - Setting next_dagrun for example_skip_dag to 2024-03-03 00:00:00+00:00, run_after=2024-03-04 00:00:00+00:00
[2024-03-04T09:57:09.469+0000] {processor.py:183} INFO - Processing /home/airflow/.local/lib/python3.8/site-packages/airflow/example_dags/example_skip_dag.py took 0.125 seconds
[2024-03-04T09:57:40.194+0000] {processor.py:161} INFO - Started process (PID=194) to work on /home/airflow/.local/lib/python3.8/site-packages/airflow/example_dags/example_skip_dag.py
[2024-03-04T09:57:40.195+0000] {processor.py:830} INFO - Processing file /home/airflow/.local/lib/python3.8/site-packages/airflow/example_dags/example_skip_dag.py for tasks to queue
[2024-03-04T09:57:40.198+0000] {logging_mixin.py:188} INFO - [2024-03-04T09:57:40.198+0000] {dagbag.py:538} INFO - Filling up the DagBag from /home/airflow/.local/lib/python3.8/site-packages/airflow/example_dags/example_skip_dag.py
[2024-03-04T09:57:40.207+0000] {processor.py:840} INFO - DAG(s) 'example_skip_dag' retrieved from /home/airflow/.local/lib/python3.8/site-packages/airflow/example_dags/example_skip_dag.py
[2024-03-04T09:57:40.237+0000] {logging_mixin.py:188} INFO - [2024-03-04T09:57:40.236+0000] {dag.py:3036} INFO - Sync 1 DAGs
[2024-03-04T09:57:40.263+0000] {logging_mixin.py:188} INFO - [2024-03-04T09:57:40.263+0000] {dag.py:3823} INFO - Setting next_dagrun for example_skip_dag to 2024-03-03 00:00:00+00:00, run_after=2024-03-04 00:00:00+00:00
[2024-03-04T09:57:40.303+0000] {processor.py:183} INFO - Processing /home/airflow/.local/lib/python3.8/site-packages/airflow/example_dags/example_skip_dag.py took 0.114 seconds
[2024-03-04T09:58:11.032+0000] {processor.py:161} INFO - Started process (PID=255) to work on /home/airflow/.local/lib/python3.8/site-packages/airflow/example_dags/example_skip_dag.py
[2024-03-04T09:58:11.034+0000] {processor.py:830} INFO - Processing file /home/airflow/.local/lib/python3.8/site-packages/airflow/example_dags/example_skip_dag.py for tasks to queue
[2024-03-04T09:58:11.040+0000] {logging_mixin.py:188} INFO - [2024-03-04T09:58:11.038+0000] {dagbag.py:538} INFO - Filling up the DagBag from /home/airflow/.local/lib/python3.8/site-packages/airflow/example_dags/example_skip_dag.py
[2024-03-04T09:58:11.055+0000] {processor.py:840} INFO - DAG(s) 'example_skip_dag' retrieved from /home/airflow/.local/lib/python3.8/site-packages/airflow/example_dags/example_skip_dag.py
[2024-03-04T09:58:11.100+0000] {logging_mixin.py:188} INFO - [2024-03-04T09:58:11.100+0000] {dag.py:3036} INFO - Sync 1 DAGs
[2024-03-04T09:58:11.132+0000] {logging_mixin.py:188} INFO - [2024-03-04T09:58:11.132+0000] {dag.py:3823} INFO - Setting next_dagrun for example_skip_dag to 2024-03-03 00:00:00+00:00, run_after=2024-03-04 00:00:00+00:00
[2024-03-04T09:58:11.161+0000] {processor.py:183} INFO - Processing /home/airflow/.local/lib/python3.8/site-packages/airflow/example_dags/example_skip_dag.py took 0.136 seconds
[2024-03-04T09:58:41.774+0000] {processor.py:161} INFO - Started process (PID=313) to work on /home/airflow/.local/lib/python3.8/site-packages/airflow/example_dags/example_skip_dag.py
[2024-03-04T09:58:41.775+0000] {processor.py:830} INFO - Processing file /home/airflow/.local/lib/python3.8/site-packages/airflow/example_dags/example_skip_dag.py for tasks to queue
[2024-03-04T09:58:41.778+0000] {logging_mixin.py:188} INFO - [2024-03-04T09:58:41.778+0000] {dagbag.py:538} INFO - Filling up the DagBag from /home/airflow/.local/lib/python3.8/site-packages/airflow/example_dags/example_skip_dag.py
[2024-03-04T09:58:41.791+0000] {processor.py:840} INFO - DAG(s) 'example_skip_dag' retrieved from /home/airflow/.local/lib/python3.8/site-packages/airflow/example_dags/example_skip_dag.py
[2024-03-04T09:58:41.831+0000] {logging_mixin.py:188} INFO - [2024-03-04T09:58:41.831+0000] {dag.py:3036} INFO - Sync 1 DAGs
[2024-03-04T09:58:41.869+0000] {logging_mixin.py:188} INFO - [2024-03-04T09:58:41.869+0000] {dag.py:3823} INFO - Setting next_dagrun for example_skip_dag to 2024-03-03 00:00:00+00:00, run_after=2024-03-04 00:00:00+00:00
[2024-03-04T09:58:41.925+0000] {processor.py:183} INFO - Processing /home/airflow/.local/lib/python3.8/site-packages/airflow/example_dags/example_skip_dag.py took 0.156 seconds
[2024-03-04T09:59:12.453+0000] {processor.py:161} INFO - Started process (PID=370) to work on /home/airflow/.local/lib/python3.8/site-packages/airflow/example_dags/example_skip_dag.py
[2024-03-04T09:59:12.455+0000] {processor.py:830} INFO - Processing file /home/airflow/.local/lib/python3.8/site-packages/airflow/example_dags/example_skip_dag.py for tasks to queue
[2024-03-04T09:59:12.458+0000] {logging_mixin.py:188} INFO - [2024-03-04T09:59:12.457+0000] {dagbag.py:538} INFO - Filling up the DagBag from /home/airflow/.local/lib/python3.8/site-packages/airflow/example_dags/example_skip_dag.py
[2024-03-04T09:59:12.467+0000] {processor.py:840} INFO - DAG(s) 'example_skip_dag' retrieved from /home/airflow/.local/lib/python3.8/site-packages/airflow/example_dags/example_skip_dag.py
[2024-03-04T09:59:12.498+0000] {logging_mixin.py:188} INFO - [2024-03-04T09:59:12.498+0000] {dag.py:3036} INFO - Sync 1 DAGs
[2024-03-04T09:59:12.529+0000] {logging_mixin.py:188} INFO - [2024-03-04T09:59:12.528+0000] {dag.py:3823} INFO - Setting next_dagrun for example_skip_dag to 2024-03-03 00:00:00+00:00, run_after=2024-03-04 00:00:00+00:00
[2024-03-04T09:59:12.619+0000] {processor.py:183} INFO - Processing /home/airflow/.local/lib/python3.8/site-packages/airflow/example_dags/example_skip_dag.py took 0.171 seconds
[2024-03-04T09:59:44.314+0000] {processor.py:161} INFO - Started process (PID=427) to work on /home/airflow/.local/lib/python3.8/site-packages/airflow/example_dags/example_skip_dag.py
[2024-03-04T09:59:44.316+0000] {processor.py:830} INFO - Processing file /home/airflow/.local/lib/python3.8/site-packages/airflow/example_dags/example_skip_dag.py for tasks to queue
[2024-03-04T09:59:44.321+0000] {logging_mixin.py:188} INFO - [2024-03-04T09:59:44.320+0000] {dagbag.py:538} INFO - Filling up the DagBag from /home/airflow/.local/lib/python3.8/site-packages/airflow/example_dags/example_skip_dag.py
[2024-03-04T09:59:44.332+0000] {processor.py:840} INFO - DAG(s) 'example_skip_dag' retrieved from /home/airflow/.local/lib/python3.8/site-packages/airflow/example_dags/example_skip_dag.py
[2024-03-04T09:59:44.376+0000] {logging_mixin.py:188} INFO - [2024-03-04T09:59:44.376+0000] {dag.py:3036} INFO - Sync 1 DAGs
[2024-03-04T09:59:44.416+0000] {logging_mixin.py:188} INFO - [2024-03-04T09:59:44.416+0000] {dag.py:3823} INFO - Setting next_dagrun for example_skip_dag to 2024-03-03 00:00:00+00:00, run_after=2024-03-04 00:00:00+00:00
[2024-03-04T09:59:44.459+0000] {processor.py:183} INFO - Processing /home/airflow/.local/lib/python3.8/site-packages/airflow/example_dags/example_skip_dag.py took 0.153 seconds
[2024-03-04T10:00:15.815+0000] {processor.py:161} INFO - Started process (PID=488) to work on /home/airflow/.local/lib/python3.8/site-packages/airflow/example_dags/example_skip_dag.py
[2024-03-04T10:00:15.819+0000] {processor.py:830} INFO - Processing file /home/airflow/.local/lib/python3.8/site-packages/airflow/example_dags/example_skip_dag.py for tasks to queue
[2024-03-04T10:00:15.823+0000] {logging_mixin.py:188} INFO - [2024-03-04T10:00:15.822+0000] {dagbag.py:538} INFO - Filling up the DagBag from /home/airflow/.local/lib/python3.8/site-packages/airflow/example_dags/example_skip_dag.py
[2024-03-04T10:00:15.838+0000] {processor.py:840} INFO - DAG(s) 'example_skip_dag' retrieved from /home/airflow/.local/lib/python3.8/site-packages/airflow/example_dags/example_skip_dag.py
[2024-03-04T10:00:15.886+0000] {logging_mixin.py:188} INFO - [2024-03-04T10:00:15.886+0000] {dag.py:3036} INFO - Sync 1 DAGs
[2024-03-04T10:00:15.929+0000] {logging_mixin.py:188} INFO - [2024-03-04T10:00:15.929+0000] {dag.py:3823} INFO - Setting next_dagrun for example_skip_dag to 2024-03-03 00:00:00+00:00, run_after=2024-03-04 00:00:00+00:00
[2024-03-04T10:00:15.961+0000] {processor.py:183} INFO - Processing /home/airflow/.local/lib/python3.8/site-packages/airflow/example_dags/example_skip_dag.py took 0.152 seconds
[2024-03-04T10:00:46.609+0000] {processor.py:161} INFO - Started process (PID=545) to work on /home/airflow/.local/lib/python3.8/site-packages/airflow/example_dags/example_skip_dag.py
[2024-03-04T10:00:46.610+0000] {processor.py:830} INFO - Processing file /home/airflow/.local/lib/python3.8/site-packages/airflow/example_dags/example_skip_dag.py for tasks to queue
[2024-03-04T10:00:46.613+0000] {logging_mixin.py:188} INFO - [2024-03-04T10:00:46.613+0000] {dagbag.py:538} INFO - Filling up the DagBag from /home/airflow/.local/lib/python3.8/site-packages/airflow/example_dags/example_skip_dag.py
[2024-03-04T10:00:46.628+0000] {processor.py:840} INFO - DAG(s) 'example_skip_dag' retrieved from /home/airflow/.local/lib/python3.8/site-packages/airflow/example_dags/example_skip_dag.py
[2024-03-04T10:00:46.672+0000] {logging_mixin.py:188} INFO - [2024-03-04T10:00:46.671+0000] {dag.py:3036} INFO - Sync 1 DAGs
[2024-03-04T10:00:46.713+0000] {logging_mixin.py:188} INFO - [2024-03-04T10:00:46.713+0000] {dag.py:3823} INFO - Setting next_dagrun for example_skip_dag to 2024-03-03 00:00:00+00:00, run_after=2024-03-04 00:00:00+00:00
[2024-03-04T10:00:46.743+0000] {processor.py:183} INFO - Processing /home/airflow/.local/lib/python3.8/site-packages/airflow/example_dags/example_skip_dag.py took 0.141 seconds
[2024-03-04T10:01:18.007+0000] {processor.py:161} INFO - Started process (PID=602) to work on /home/airflow/.local/lib/python3.8/site-packages/airflow/example_dags/example_skip_dag.py
[2024-03-04T10:01:18.011+0000] {processor.py:830} INFO - Processing file /home/airflow/.local/lib/python3.8/site-packages/airflow/example_dags/example_skip_dag.py for tasks to queue
[2024-03-04T10:01:18.014+0000] {logging_mixin.py:188} INFO - [2024-03-04T10:01:18.014+0000] {dagbag.py:538} INFO - Filling up the DagBag from /home/airflow/.local/lib/python3.8/site-packages/airflow/example_dags/example_skip_dag.py
[2024-03-04T10:01:18.027+0000] {processor.py:840} INFO - DAG(s) 'example_skip_dag' retrieved from /home/airflow/.local/lib/python3.8/site-packages/airflow/example_dags/example_skip_dag.py
[2024-03-04T10:01:18.071+0000] {logging_mixin.py:188} INFO - [2024-03-04T10:01:18.069+0000] {dag.py:3036} INFO - Sync 1 DAGs
[2024-03-04T10:01:18.120+0000] {logging_mixin.py:188} INFO - [2024-03-04T10:01:18.119+0000] {dag.py:3823} INFO - Setting next_dagrun for example_skip_dag to 2024-03-03 00:00:00+00:00, run_after=2024-03-04 00:00:00+00:00
[2024-03-04T10:01:18.173+0000] {processor.py:183} INFO - Processing /home/airflow/.local/lib/python3.8/site-packages/airflow/example_dags/example_skip_dag.py took 0.175 seconds
[2024-03-04T10:01:48.999+0000] {processor.py:161} INFO - Started process (PID=659) to work on /home/airflow/.local/lib/python3.8/site-packages/airflow/example_dags/example_skip_dag.py
[2024-03-04T10:01:49.001+0000] {processor.py:830} INFO - Processing file /home/airflow/.local/lib/python3.8/site-packages/airflow/example_dags/example_skip_dag.py for tasks to queue
[2024-03-04T10:01:49.005+0000] {logging_mixin.py:188} INFO - [2024-03-04T10:01:49.005+0000] {dagbag.py:538} INFO - Filling up the DagBag from /home/airflow/.local/lib/python3.8/site-packages/airflow/example_dags/example_skip_dag.py
[2024-03-04T10:01:49.019+0000] {processor.py:840} INFO - DAG(s) 'example_skip_dag' retrieved from /home/airflow/.local/lib/python3.8/site-packages/airflow/example_dags/example_skip_dag.py
[2024-03-04T10:01:49.060+0000] {logging_mixin.py:188} INFO - [2024-03-04T10:01:49.060+0000] {dag.py:3036} INFO - Sync 1 DAGs
[2024-03-04T10:01:49.104+0000] {logging_mixin.py:188} INFO - [2024-03-04T10:01:49.104+0000] {dag.py:3823} INFO - Setting next_dagrun for example_skip_dag to 2024-03-03 00:00:00+00:00, run_after=2024-03-04 00:00:00+00:00
[2024-03-04T10:01:49.140+0000] {processor.py:183} INFO - Processing /home/airflow/.local/lib/python3.8/site-packages/airflow/example_dags/example_skip_dag.py took 0.146 seconds
[2024-03-04T10:05:03.213+0000] {processor.py:161} INFO - Started process (PID=73) to work on /home/airflow/.local/lib/python3.8/site-packages/airflow/example_dags/example_skip_dag.py
[2024-03-04T10:05:03.214+0000] {processor.py:830} INFO - Processing file /home/airflow/.local/lib/python3.8/site-packages/airflow/example_dags/example_skip_dag.py for tasks to queue
[2024-03-04T10:05:03.217+0000] {logging_mixin.py:188} INFO - [2024-03-04T10:05:03.216+0000] {dagbag.py:538} INFO - Filling up the DagBag from /home/airflow/.local/lib/python3.8/site-packages/airflow/example_dags/example_skip_dag.py
[2024-03-04T10:05:03.225+0000] {processor.py:840} INFO - DAG(s) 'example_skip_dag' retrieved from /home/airflow/.local/lib/python3.8/site-packages/airflow/example_dags/example_skip_dag.py
[2024-03-04T10:05:03.367+0000] {logging_mixin.py:188} INFO - [2024-03-04T10:05:03.367+0000] {dag.py:3036} INFO - Sync 1 DAGs
[2024-03-04T10:05:03.394+0000] {logging_mixin.py:188} INFO - [2024-03-04T10:05:03.394+0000] {dag.py:3823} INFO - Setting next_dagrun for example_skip_dag to 2024-03-03 00:00:00+00:00, run_after=2024-03-04 00:00:00+00:00
[2024-03-04T10:05:03.438+0000] {processor.py:183} INFO - Processing /home/airflow/.local/lib/python3.8/site-packages/airflow/example_dags/example_skip_dag.py took 0.230 seconds
[2024-03-04T10:05:34.544+0000] {processor.py:161} INFO - Started process (PID=137) to work on /home/airflow/.local/lib/python3.8/site-packages/airflow/example_dags/example_skip_dag.py
[2024-03-04T10:05:34.546+0000] {processor.py:830} INFO - Processing file /home/airflow/.local/lib/python3.8/site-packages/airflow/example_dags/example_skip_dag.py for tasks to queue
[2024-03-04T10:05:34.549+0000] {logging_mixin.py:188} INFO - [2024-03-04T10:05:34.548+0000] {dagbag.py:538} INFO - Filling up the DagBag from /home/airflow/.local/lib/python3.8/site-packages/airflow/example_dags/example_skip_dag.py
[2024-03-04T10:05:34.558+0000] {processor.py:840} INFO - DAG(s) 'example_skip_dag' retrieved from /home/airflow/.local/lib/python3.8/site-packages/airflow/example_dags/example_skip_dag.py
[2024-03-04T10:05:34.588+0000] {logging_mixin.py:188} INFO - [2024-03-04T10:05:34.588+0000] {dag.py:3036} INFO - Sync 1 DAGs
[2024-03-04T10:05:34.621+0000] {logging_mixin.py:188} INFO - [2024-03-04T10:05:34.620+0000] {dag.py:3823} INFO - Setting next_dagrun for example_skip_dag to 2024-03-03 00:00:00+00:00, run_after=2024-03-04 00:00:00+00:00
[2024-03-04T10:05:34.700+0000] {processor.py:183} INFO - Processing /home/airflow/.local/lib/python3.8/site-packages/airflow/example_dags/example_skip_dag.py took 0.160 seconds
[2024-03-04T10:11:57.674+0000] {processor.py:161} INFO - Started process (PID=73) to work on /home/airflow/.local/lib/python3.8/site-packages/airflow/example_dags/example_skip_dag.py
[2024-03-04T10:11:57.676+0000] {processor.py:830} INFO - Processing file /home/airflow/.local/lib/python3.8/site-packages/airflow/example_dags/example_skip_dag.py for tasks to queue
[2024-03-04T10:11:57.678+0000] {logging_mixin.py:188} INFO - [2024-03-04T10:11:57.678+0000] {dagbag.py:538} INFO - Filling up the DagBag from /home/airflow/.local/lib/python3.8/site-packages/airflow/example_dags/example_skip_dag.py
[2024-03-04T10:11:57.689+0000] {processor.py:840} INFO - DAG(s) 'example_skip_dag' retrieved from /home/airflow/.local/lib/python3.8/site-packages/airflow/example_dags/example_skip_dag.py
[2024-03-04T10:11:57.893+0000] {logging_mixin.py:188} INFO - [2024-03-04T10:11:57.892+0000] {dag.py:3036} INFO - Sync 1 DAGs
[2024-03-04T10:11:57.927+0000] {logging_mixin.py:188} INFO - [2024-03-04T10:11:57.927+0000] {dag.py:3823} INFO - Setting next_dagrun for example_skip_dag to 2024-03-03 00:00:00+00:00, run_after=2024-03-04 00:00:00+00:00
[2024-03-04T10:11:57.955+0000] {processor.py:183} INFO - Processing /home/airflow/.local/lib/python3.8/site-packages/airflow/example_dags/example_skip_dag.py took 0.288 seconds
[2024-03-04T10:12:28.042+0000] {processor.py:161} INFO - Started process (PID=130) to work on /home/airflow/.local/lib/python3.8/site-packages/airflow/example_dags/example_skip_dag.py
[2024-03-04T10:12:28.043+0000] {processor.py:830} INFO - Processing file /home/airflow/.local/lib/python3.8/site-packages/airflow/example_dags/example_skip_dag.py for tasks to queue
[2024-03-04T10:12:28.046+0000] {logging_mixin.py:188} INFO - [2024-03-04T10:12:28.045+0000] {dagbag.py:538} INFO - Filling up the DagBag from /home/airflow/.local/lib/python3.8/site-packages/airflow/example_dags/example_skip_dag.py
[2024-03-04T10:12:28.054+0000] {processor.py:840} INFO - DAG(s) 'example_skip_dag' retrieved from /home/airflow/.local/lib/python3.8/site-packages/airflow/example_dags/example_skip_dag.py
[2024-03-04T10:12:28.083+0000] {logging_mixin.py:188} INFO - [2024-03-04T10:12:28.083+0000] {dag.py:3036} INFO - Sync 1 DAGs
[2024-03-04T10:12:28.113+0000] {logging_mixin.py:188} INFO - [2024-03-04T10:12:28.112+0000] {dag.py:3823} INFO - Setting next_dagrun for example_skip_dag to 2024-03-03 00:00:00+00:00, run_after=2024-03-04 00:00:00+00:00
[2024-03-04T10:12:28.146+0000] {processor.py:183} INFO - Processing /home/airflow/.local/lib/python3.8/site-packages/airflow/example_dags/example_skip_dag.py took 0.108 seconds
[2024-03-04T10:12:58.482+0000] {processor.py:161} INFO - Started process (PID=187) to work on /home/airflow/.local/lib/python3.8/site-packages/airflow/example_dags/example_skip_dag.py
[2024-03-04T10:12:58.483+0000] {processor.py:830} INFO - Processing file /home/airflow/.local/lib/python3.8/site-packages/airflow/example_dags/example_skip_dag.py for tasks to queue
[2024-03-04T10:12:58.486+0000] {logging_mixin.py:188} INFO - [2024-03-04T10:12:58.486+0000] {dagbag.py:538} INFO - Filling up the DagBag from /home/airflow/.local/lib/python3.8/site-packages/airflow/example_dags/example_skip_dag.py
[2024-03-04T10:12:58.497+0000] {processor.py:840} INFO - DAG(s) 'example_skip_dag' retrieved from /home/airflow/.local/lib/python3.8/site-packages/airflow/example_dags/example_skip_dag.py
[2024-03-04T10:12:58.544+0000] {logging_mixin.py:188} INFO - [2024-03-04T10:12:58.543+0000] {dag.py:3036} INFO - Sync 1 DAGs
[2024-03-04T10:12:58.593+0000] {logging_mixin.py:188} INFO - [2024-03-04T10:12:58.593+0000] {dag.py:3823} INFO - Setting next_dagrun for example_skip_dag to 2024-03-03 00:00:00+00:00, run_after=2024-03-04 00:00:00+00:00
[2024-03-04T10:12:58.655+0000] {processor.py:183} INFO - Processing /home/airflow/.local/lib/python3.8/site-packages/airflow/example_dags/example_skip_dag.py took 0.178 seconds
[2024-03-04T10:15:45.761+0000] {processor.py:161} INFO - Started process (PID=73) to work on /home/airflow/.local/lib/python3.8/site-packages/airflow/example_dags/example_skip_dag.py
[2024-03-04T10:15:45.763+0000] {processor.py:830} INFO - Processing file /home/airflow/.local/lib/python3.8/site-packages/airflow/example_dags/example_skip_dag.py for tasks to queue
[2024-03-04T10:15:45.767+0000] {logging_mixin.py:188} INFO - [2024-03-04T10:15:45.766+0000] {dagbag.py:538} INFO - Filling up the DagBag from /home/airflow/.local/lib/python3.8/site-packages/airflow/example_dags/example_skip_dag.py
[2024-03-04T10:15:45.775+0000] {processor.py:840} INFO - DAG(s) 'example_skip_dag' retrieved from /home/airflow/.local/lib/python3.8/site-packages/airflow/example_dags/example_skip_dag.py
[2024-03-04T10:15:45.922+0000] {logging_mixin.py:188} INFO - [2024-03-04T10:15:45.921+0000] {dag.py:3036} INFO - Sync 1 DAGs
[2024-03-04T10:15:45.955+0000] {logging_mixin.py:188} INFO - [2024-03-04T10:15:45.955+0000] {dag.py:3823} INFO - Setting next_dagrun for example_skip_dag to 2024-03-03 00:00:00+00:00, run_after=2024-03-04 00:00:00+00:00
[2024-03-04T10:15:45.983+0000] {processor.py:183} INFO - Processing /home/airflow/.local/lib/python3.8/site-packages/airflow/example_dags/example_skip_dag.py took 0.226 seconds
[2024-03-04T10:16:16.033+0000] {processor.py:161} INFO - Started process (PID=130) to work on /home/airflow/.local/lib/python3.8/site-packages/airflow/example_dags/example_skip_dag.py
[2024-03-04T10:16:16.034+0000] {processor.py:830} INFO - Processing file /home/airflow/.local/lib/python3.8/site-packages/airflow/example_dags/example_skip_dag.py for tasks to queue
[2024-03-04T10:16:16.037+0000] {logging_mixin.py:188} INFO - [2024-03-04T10:16:16.037+0000] {dagbag.py:538} INFO - Filling up the DagBag from /home/airflow/.local/lib/python3.8/site-packages/airflow/example_dags/example_skip_dag.py
[2024-03-04T10:16:16.048+0000] {processor.py:840} INFO - DAG(s) 'example_skip_dag' retrieved from /home/airflow/.local/lib/python3.8/site-packages/airflow/example_dags/example_skip_dag.py
[2024-03-04T10:16:16.083+0000] {logging_mixin.py:188} INFO - [2024-03-04T10:16:16.082+0000] {dag.py:3036} INFO - Sync 1 DAGs
[2024-03-04T10:16:16.114+0000] {logging_mixin.py:188} INFO - [2024-03-04T10:16:16.114+0000] {dag.py:3823} INFO - Setting next_dagrun for example_skip_dag to 2024-03-03 00:00:00+00:00, run_after=2024-03-04 00:00:00+00:00
[2024-03-04T10:16:16.139+0000] {processor.py:183} INFO - Processing /home/airflow/.local/lib/python3.8/site-packages/airflow/example_dags/example_skip_dag.py took 0.111 seconds
[2024-03-04T10:16:46.356+0000] {processor.py:161} INFO - Started process (PID=187) to work on /home/airflow/.local/lib/python3.8/site-packages/airflow/example_dags/example_skip_dag.py
[2024-03-04T10:16:46.358+0000] {processor.py:830} INFO - Processing file /home/airflow/.local/lib/python3.8/site-packages/airflow/example_dags/example_skip_dag.py for tasks to queue
[2024-03-04T10:16:46.360+0000] {logging_mixin.py:188} INFO - [2024-03-04T10:16:46.360+0000] {dagbag.py:538} INFO - Filling up the DagBag from /home/airflow/.local/lib/python3.8/site-packages/airflow/example_dags/example_skip_dag.py
[2024-03-04T10:16:46.369+0000] {processor.py:840} INFO - DAG(s) 'example_skip_dag' retrieved from /home/airflow/.local/lib/python3.8/site-packages/airflow/example_dags/example_skip_dag.py
[2024-03-04T10:16:46.397+0000] {logging_mixin.py:188} INFO - [2024-03-04T10:16:46.396+0000] {dag.py:3036} INFO - Sync 1 DAGs
[2024-03-04T10:16:46.423+0000] {logging_mixin.py:188} INFO - [2024-03-04T10:16:46.423+0000] {dag.py:3823} INFO - Setting next_dagrun for example_skip_dag to 2024-03-03 00:00:00+00:00, run_after=2024-03-04 00:00:00+00:00
[2024-03-04T10:16:46.449+0000] {processor.py:183} INFO - Processing /home/airflow/.local/lib/python3.8/site-packages/airflow/example_dags/example_skip_dag.py took 0.097 seconds
