[2024-03-04T09:52:14.047+0000] {processor.py:161} INFO - Started process (PID=58) to work on /home/airflow/.local/lib/python3.8/site-packages/airflow/example_dags/example_sensors.py
[2024-03-04T09:52:14.049+0000] {processor.py:830} INFO - Processing file /home/airflow/.local/lib/python3.8/site-packages/airflow/example_dags/example_sensors.py for tasks to queue
[2024-03-04T09:52:14.053+0000] {logging_mixin.py:188} INFO - [2024-03-04T09:52:14.052+0000] {dagbag.py:538} INFO - Filling up the DagBag from /home/airflow/.local/lib/python3.8/site-packages/airflow/example_dags/example_sensors.py
[2024-03-04T09:52:14.078+0000] {processor.py:840} INFO - DAG(s) 'example_sensors' retrieved from /home/airflow/.local/lib/python3.8/site-packages/airflow/example_dags/example_sensors.py
[2024-03-04T09:52:14.469+0000] {logging_mixin.py:188} INFO - [2024-03-04T09:52:14.466+0000] {override.py:1769} INFO - Created Permission View: can read on DAG:example_sensors
[2024-03-04T09:52:14.504+0000] {logging_mixin.py:188} INFO - [2024-03-04T09:52:14.503+0000] {override.py:1769} INFO - Created Permission View: can delete on DAG:example_sensors
[2024-03-04T09:52:14.527+0000] {logging_mixin.py:188} INFO - [2024-03-04T09:52:14.526+0000] {override.py:1769} INFO - Created Permission View: can edit on DAG:example_sensors
[2024-03-04T09:52:14.528+0000] {logging_mixin.py:188} INFO - [2024-03-04T09:52:14.527+0000] {dag.py:3036} INFO - Sync 1 DAGs
[2024-03-04T09:52:14.557+0000] {logging_mixin.py:188} INFO - [2024-03-04T09:52:14.556+0000] {dag.py:3058} INFO - Creating ORM DAG for example_sensors
[2024-03-04T09:52:14.558+0000] {logging_mixin.py:188} INFO - [2024-03-04T09:52:14.558+0000] {dag.py:3823} INFO - Setting next_dagrun for example_sensors to None, run_after=None
[2024-03-04T09:52:14.609+0000] {processor.py:183} INFO - Processing /home/airflow/.local/lib/python3.8/site-packages/airflow/example_dags/example_sensors.py took 0.567 seconds
[2024-03-04T09:52:45.107+0000] {processor.py:161} INFO - Started process (PID=115) to work on /home/airflow/.local/lib/python3.8/site-packages/airflow/example_dags/example_sensors.py
[2024-03-04T09:52:45.109+0000] {processor.py:830} INFO - Processing file /home/airflow/.local/lib/python3.8/site-packages/airflow/example_dags/example_sensors.py for tasks to queue
[2024-03-04T09:52:45.112+0000] {logging_mixin.py:188} INFO - [2024-03-04T09:52:45.111+0000] {dagbag.py:538} INFO - Filling up the DagBag from /home/airflow/.local/lib/python3.8/site-packages/airflow/example_dags/example_sensors.py
[2024-03-04T09:52:45.131+0000] {processor.py:840} INFO - DAG(s) 'example_sensors' retrieved from /home/airflow/.local/lib/python3.8/site-packages/airflow/example_dags/example_sensors.py
[2024-03-04T09:52:45.184+0000] {logging_mixin.py:188} INFO - [2024-03-04T09:52:45.184+0000] {dag.py:3036} INFO - Sync 1 DAGs
[2024-03-04T09:52:45.215+0000] {logging_mixin.py:188} INFO - [2024-03-04T09:52:45.214+0000] {dag.py:3823} INFO - Setting next_dagrun for example_sensors to None, run_after=None
[2024-03-04T09:52:45.257+0000] {processor.py:183} INFO - Processing /home/airflow/.local/lib/python3.8/site-packages/airflow/example_dags/example_sensors.py took 0.157 seconds
[2024-03-04T09:53:15.369+0000] {processor.py:161} INFO - Started process (PID=173) to work on /home/airflow/.local/lib/python3.8/site-packages/airflow/example_dags/example_sensors.py
[2024-03-04T09:53:15.370+0000] {processor.py:830} INFO - Processing file /home/airflow/.local/lib/python3.8/site-packages/airflow/example_dags/example_sensors.py for tasks to queue
[2024-03-04T09:53:15.375+0000] {logging_mixin.py:188} INFO - [2024-03-04T09:53:15.374+0000] {dagbag.py:538} INFO - Filling up the DagBag from /home/airflow/.local/lib/python3.8/site-packages/airflow/example_dags/example_sensors.py
[2024-03-04T09:53:15.402+0000] {processor.py:840} INFO - DAG(s) 'example_sensors' retrieved from /home/airflow/.local/lib/python3.8/site-packages/airflow/example_dags/example_sensors.py
[2024-03-04T09:53:15.485+0000] {logging_mixin.py:188} INFO - [2024-03-04T09:53:15.484+0000] {dag.py:3036} INFO - Sync 1 DAGs
[2024-03-04T09:53:15.518+0000] {logging_mixin.py:188} INFO - [2024-03-04T09:53:15.517+0000] {dag.py:3823} INFO - Setting next_dagrun for example_sensors to None, run_after=None
[2024-03-04T09:53:15.580+0000] {processor.py:183} INFO - Processing /home/airflow/.local/lib/python3.8/site-packages/airflow/example_dags/example_sensors.py took 0.219 seconds
[2024-03-04T09:53:46.262+0000] {processor.py:161} INFO - Started process (PID=229) to work on /home/airflow/.local/lib/python3.8/site-packages/airflow/example_dags/example_sensors.py
[2024-03-04T09:53:46.264+0000] {processor.py:830} INFO - Processing file /home/airflow/.local/lib/python3.8/site-packages/airflow/example_dags/example_sensors.py for tasks to queue
[2024-03-04T09:53:46.268+0000] {logging_mixin.py:188} INFO - [2024-03-04T09:53:46.268+0000] {dagbag.py:538} INFO - Filling up the DagBag from /home/airflow/.local/lib/python3.8/site-packages/airflow/example_dags/example_sensors.py
[2024-03-04T09:53:46.289+0000] {processor.py:840} INFO - DAG(s) 'example_sensors' retrieved from /home/airflow/.local/lib/python3.8/site-packages/airflow/example_dags/example_sensors.py
[2024-03-04T09:53:46.335+0000] {logging_mixin.py:188} INFO - [2024-03-04T09:53:46.334+0000] {dag.py:3036} INFO - Sync 1 DAGs
[2024-03-04T09:53:46.354+0000] {logging_mixin.py:188} INFO - [2024-03-04T09:53:46.353+0000] {dag.py:3823} INFO - Setting next_dagrun for example_sensors to None, run_after=None
[2024-03-04T09:53:46.393+0000] {processor.py:183} INFO - Processing /home/airflow/.local/lib/python3.8/site-packages/airflow/example_dags/example_sensors.py took 0.136 seconds
[2024-03-04T09:56:33.849+0000] {processor.py:161} INFO - Started process (PID=52) to work on /home/airflow/.local/lib/python3.8/site-packages/airflow/example_dags/example_sensors.py
[2024-03-04T09:56:33.851+0000] {processor.py:830} INFO - Processing file /home/airflow/.local/lib/python3.8/site-packages/airflow/example_dags/example_sensors.py for tasks to queue
[2024-03-04T09:56:33.854+0000] {logging_mixin.py:188} INFO - [2024-03-04T09:56:33.853+0000] {dagbag.py:538} INFO - Filling up the DagBag from /home/airflow/.local/lib/python3.8/site-packages/airflow/example_dags/example_sensors.py
[2024-03-04T09:56:33.870+0000] {processor.py:840} INFO - DAG(s) 'example_sensors' retrieved from /home/airflow/.local/lib/python3.8/site-packages/airflow/example_dags/example_sensors.py
[2024-03-04T09:56:34.063+0000] {logging_mixin.py:188} INFO - [2024-03-04T09:56:34.062+0000] {dag.py:3036} INFO - Sync 1 DAGs
[2024-03-04T09:56:34.080+0000] {logging_mixin.py:188} INFO - [2024-03-04T09:56:34.080+0000] {dag.py:3823} INFO - Setting next_dagrun for example_sensors to None, run_after=None
[2024-03-04T09:56:34.108+0000] {processor.py:183} INFO - Processing /home/airflow/.local/lib/python3.8/site-packages/airflow/example_dags/example_sensors.py took 0.263 seconds
[2024-03-04T09:57:05.500+0000] {processor.py:161} INFO - Started process (PID=115) to work on /home/airflow/.local/lib/python3.8/site-packages/airflow/example_dags/example_sensors.py
[2024-03-04T09:57:05.501+0000] {processor.py:830} INFO - Processing file /home/airflow/.local/lib/python3.8/site-packages/airflow/example_dags/example_sensors.py for tasks to queue
[2024-03-04T09:57:05.504+0000] {logging_mixin.py:188} INFO - [2024-03-04T09:57:05.504+0000] {dagbag.py:538} INFO - Filling up the DagBag from /home/airflow/.local/lib/python3.8/site-packages/airflow/example_dags/example_sensors.py
[2024-03-04T09:57:05.517+0000] {processor.py:840} INFO - DAG(s) 'example_sensors' retrieved from /home/airflow/.local/lib/python3.8/site-packages/airflow/example_dags/example_sensors.py
[2024-03-04T09:57:05.562+0000] {logging_mixin.py:188} INFO - [2024-03-04T09:57:05.562+0000] {dag.py:3036} INFO - Sync 1 DAGs
[2024-03-04T09:57:05.579+0000] {logging_mixin.py:188} INFO - [2024-03-04T09:57:05.579+0000] {dag.py:3823} INFO - Setting next_dagrun for example_sensors to None, run_after=None
[2024-03-04T09:57:05.619+0000] {processor.py:183} INFO - Processing /home/airflow/.local/lib/python3.8/site-packages/airflow/example_dags/example_sensors.py took 0.125 seconds
[2024-03-04T09:57:37.202+0000] {processor.py:161} INFO - Started process (PID=172) to work on /home/airflow/.local/lib/python3.8/site-packages/airflow/example_dags/example_sensors.py
[2024-03-04T09:57:37.204+0000] {processor.py:830} INFO - Processing file /home/airflow/.local/lib/python3.8/site-packages/airflow/example_dags/example_sensors.py for tasks to queue
[2024-03-04T09:57:37.207+0000] {logging_mixin.py:188} INFO - [2024-03-04T09:57:37.207+0000] {dagbag.py:538} INFO - Filling up the DagBag from /home/airflow/.local/lib/python3.8/site-packages/airflow/example_dags/example_sensors.py
[2024-03-04T09:57:37.227+0000] {processor.py:840} INFO - DAG(s) 'example_sensors' retrieved from /home/airflow/.local/lib/python3.8/site-packages/airflow/example_dags/example_sensors.py
[2024-03-04T09:57:37.271+0000] {logging_mixin.py:188} INFO - [2024-03-04T09:57:37.271+0000] {dag.py:3036} INFO - Sync 1 DAGs
[2024-03-04T09:57:37.289+0000] {logging_mixin.py:188} INFO - [2024-03-04T09:57:37.289+0000] {dag.py:3823} INFO - Setting next_dagrun for example_sensors to None, run_after=None
[2024-03-04T09:57:37.348+0000] {processor.py:183} INFO - Processing /home/airflow/.local/lib/python3.8/site-packages/airflow/example_dags/example_sensors.py took 0.151 seconds
[2024-03-04T09:58:08.408+0000] {processor.py:161} INFO - Started process (PID=233) to work on /home/airflow/.local/lib/python3.8/site-packages/airflow/example_dags/example_sensors.py
[2024-03-04T09:58:08.411+0000] {processor.py:830} INFO - Processing file /home/airflow/.local/lib/python3.8/site-packages/airflow/example_dags/example_sensors.py for tasks to queue
[2024-03-04T09:58:08.416+0000] {logging_mixin.py:188} INFO - [2024-03-04T09:58:08.415+0000] {dagbag.py:538} INFO - Filling up the DagBag from /home/airflow/.local/lib/python3.8/site-packages/airflow/example_dags/example_sensors.py
[2024-03-04T09:58:08.439+0000] {processor.py:840} INFO - DAG(s) 'example_sensors' retrieved from /home/airflow/.local/lib/python3.8/site-packages/airflow/example_dags/example_sensors.py
[2024-03-04T09:58:08.524+0000] {logging_mixin.py:188} INFO - [2024-03-04T09:58:08.523+0000] {dag.py:3036} INFO - Sync 1 DAGs
[2024-03-04T09:58:08.551+0000] {logging_mixin.py:188} INFO - [2024-03-04T09:58:08.551+0000] {dag.py:3823} INFO - Setting next_dagrun for example_sensors to None, run_after=None
[2024-03-04T09:58:08.599+0000] {processor.py:183} INFO - Processing /home/airflow/.local/lib/python3.8/site-packages/airflow/example_dags/example_sensors.py took 0.198 seconds
[2024-03-04T09:58:38.831+0000] {processor.py:161} INFO - Started process (PID=290) to work on /home/airflow/.local/lib/python3.8/site-packages/airflow/example_dags/example_sensors.py
[2024-03-04T09:58:38.834+0000] {processor.py:830} INFO - Processing file /home/airflow/.local/lib/python3.8/site-packages/airflow/example_dags/example_sensors.py for tasks to queue
[2024-03-04T09:58:38.838+0000] {logging_mixin.py:188} INFO - [2024-03-04T09:58:38.837+0000] {dagbag.py:538} INFO - Filling up the DagBag from /home/airflow/.local/lib/python3.8/site-packages/airflow/example_dags/example_sensors.py
[2024-03-04T09:58:38.857+0000] {processor.py:840} INFO - DAG(s) 'example_sensors' retrieved from /home/airflow/.local/lib/python3.8/site-packages/airflow/example_dags/example_sensors.py
[2024-03-04T09:58:38.899+0000] {logging_mixin.py:188} INFO - [2024-03-04T09:58:38.899+0000] {dag.py:3036} INFO - Sync 1 DAGs
[2024-03-04T09:58:38.919+0000] {logging_mixin.py:188} INFO - [2024-03-04T09:58:38.919+0000] {dag.py:3823} INFO - Setting next_dagrun for example_sensors to None, run_after=None
[2024-03-04T09:58:38.956+0000] {processor.py:183} INFO - Processing /home/airflow/.local/lib/python3.8/site-packages/airflow/example_dags/example_sensors.py took 0.131 seconds
[2024-03-04T09:59:09.126+0000] {processor.py:161} INFO - Started process (PID=346) to work on /home/airflow/.local/lib/python3.8/site-packages/airflow/example_dags/example_sensors.py
[2024-03-04T09:59:09.128+0000] {processor.py:830} INFO - Processing file /home/airflow/.local/lib/python3.8/site-packages/airflow/example_dags/example_sensors.py for tasks to queue
[2024-03-04T09:59:09.131+0000] {logging_mixin.py:188} INFO - [2024-03-04T09:59:09.130+0000] {dagbag.py:538} INFO - Filling up the DagBag from /home/airflow/.local/lib/python3.8/site-packages/airflow/example_dags/example_sensors.py
[2024-03-04T09:59:09.147+0000] {processor.py:840} INFO - DAG(s) 'example_sensors' retrieved from /home/airflow/.local/lib/python3.8/site-packages/airflow/example_dags/example_sensors.py
[2024-03-04T09:59:09.190+0000] {logging_mixin.py:188} INFO - [2024-03-04T09:59:09.190+0000] {dag.py:3036} INFO - Sync 1 DAGs
[2024-03-04T09:59:09.209+0000] {logging_mixin.py:188} INFO - [2024-03-04T09:59:09.209+0000] {dag.py:3823} INFO - Setting next_dagrun for example_sensors to None, run_after=None
[2024-03-04T09:59:09.242+0000] {processor.py:183} INFO - Processing /home/airflow/.local/lib/python3.8/site-packages/airflow/example_dags/example_sensors.py took 0.120 seconds
[2024-03-04T09:59:40.040+0000] {processor.py:161} INFO - Started process (PID=403) to work on /home/airflow/.local/lib/python3.8/site-packages/airflow/example_dags/example_sensors.py
[2024-03-04T09:59:40.042+0000] {processor.py:830} INFO - Processing file /home/airflow/.local/lib/python3.8/site-packages/airflow/example_dags/example_sensors.py for tasks to queue
[2024-03-04T09:59:40.045+0000] {logging_mixin.py:188} INFO - [2024-03-04T09:59:40.045+0000] {dagbag.py:538} INFO - Filling up the DagBag from /home/airflow/.local/lib/python3.8/site-packages/airflow/example_dags/example_sensors.py
[2024-03-04T09:59:40.064+0000] {processor.py:840} INFO - DAG(s) 'example_sensors' retrieved from /home/airflow/.local/lib/python3.8/site-packages/airflow/example_dags/example_sensors.py
[2024-03-04T09:59:40.110+0000] {logging_mixin.py:188} INFO - [2024-03-04T09:59:40.109+0000] {dag.py:3036} INFO - Sync 1 DAGs
[2024-03-04T09:59:40.132+0000] {logging_mixin.py:188} INFO - [2024-03-04T09:59:40.132+0000] {dag.py:3823} INFO - Setting next_dagrun for example_sensors to None, run_after=None
[2024-03-04T09:59:40.193+0000] {processor.py:183} INFO - Processing /home/airflow/.local/lib/python3.8/site-packages/airflow/example_dags/example_sensors.py took 0.158 seconds
[2024-03-04T10:00:10.487+0000] {processor.py:161} INFO - Started process (PID=460) to work on /home/airflow/.local/lib/python3.8/site-packages/airflow/example_dags/example_sensors.py
[2024-03-04T10:00:10.488+0000] {processor.py:830} INFO - Processing file /home/airflow/.local/lib/python3.8/site-packages/airflow/example_dags/example_sensors.py for tasks to queue
[2024-03-04T10:00:10.491+0000] {logging_mixin.py:188} INFO - [2024-03-04T10:00:10.491+0000] {dagbag.py:538} INFO - Filling up the DagBag from /home/airflow/.local/lib/python3.8/site-packages/airflow/example_dags/example_sensors.py
[2024-03-04T10:00:10.504+0000] {processor.py:840} INFO - DAG(s) 'example_sensors' retrieved from /home/airflow/.local/lib/python3.8/site-packages/airflow/example_dags/example_sensors.py
[2024-03-04T10:00:10.542+0000] {logging_mixin.py:188} INFO - [2024-03-04T10:00:10.542+0000] {dag.py:3036} INFO - Sync 1 DAGs
[2024-03-04T10:00:10.559+0000] {logging_mixin.py:188} INFO - [2024-03-04T10:00:10.558+0000] {dag.py:3823} INFO - Setting next_dagrun for example_sensors to None, run_after=None
[2024-03-04T10:00:10.590+0000] {processor.py:183} INFO - Processing /home/airflow/.local/lib/python3.8/site-packages/airflow/example_dags/example_sensors.py took 0.108 seconds
[2024-03-04T10:00:40.820+0000] {processor.py:161} INFO - Started process (PID=520) to work on /home/airflow/.local/lib/python3.8/site-packages/airflow/example_dags/example_sensors.py
[2024-03-04T10:00:40.822+0000] {processor.py:830} INFO - Processing file /home/airflow/.local/lib/python3.8/site-packages/airflow/example_dags/example_sensors.py for tasks to queue
[2024-03-04T10:00:40.825+0000] {logging_mixin.py:188} INFO - [2024-03-04T10:00:40.824+0000] {dagbag.py:538} INFO - Filling up the DagBag from /home/airflow/.local/lib/python3.8/site-packages/airflow/example_dags/example_sensors.py
[2024-03-04T10:00:40.839+0000] {processor.py:840} INFO - DAG(s) 'example_sensors' retrieved from /home/airflow/.local/lib/python3.8/site-packages/airflow/example_dags/example_sensors.py
[2024-03-04T10:00:40.886+0000] {logging_mixin.py:188} INFO - [2024-03-04T10:00:40.885+0000] {dag.py:3036} INFO - Sync 1 DAGs
[2024-03-04T10:00:40.902+0000] {logging_mixin.py:188} INFO - [2024-03-04T10:00:40.902+0000] {dag.py:3823} INFO - Setting next_dagrun for example_sensors to None, run_after=None
[2024-03-04T10:00:40.931+0000] {processor.py:183} INFO - Processing /home/airflow/.local/lib/python3.8/site-packages/airflow/example_dags/example_sensors.py took 0.115 seconds
[2024-03-04T10:01:11.206+0000] {processor.py:161} INFO - Started process (PID=577) to work on /home/airflow/.local/lib/python3.8/site-packages/airflow/example_dags/example_sensors.py
[2024-03-04T10:01:11.208+0000] {processor.py:830} INFO - Processing file /home/airflow/.local/lib/python3.8/site-packages/airflow/example_dags/example_sensors.py for tasks to queue
[2024-03-04T10:01:11.211+0000] {logging_mixin.py:188} INFO - [2024-03-04T10:01:11.211+0000] {dagbag.py:538} INFO - Filling up the DagBag from /home/airflow/.local/lib/python3.8/site-packages/airflow/example_dags/example_sensors.py
[2024-03-04T10:01:11.233+0000] {processor.py:840} INFO - DAG(s) 'example_sensors' retrieved from /home/airflow/.local/lib/python3.8/site-packages/airflow/example_dags/example_sensors.py
[2024-03-04T10:01:11.294+0000] {logging_mixin.py:188} INFO - [2024-03-04T10:01:11.293+0000] {dag.py:3036} INFO - Sync 1 DAGs
[2024-03-04T10:01:11.319+0000] {logging_mixin.py:188} INFO - [2024-03-04T10:01:11.318+0000] {dag.py:3823} INFO - Setting next_dagrun for example_sensors to None, run_after=None
[2024-03-04T10:01:11.357+0000] {processor.py:183} INFO - Processing /home/airflow/.local/lib/python3.8/site-packages/airflow/example_dags/example_sensors.py took 0.155 seconds
[2024-03-04T10:01:41.458+0000] {processor.py:161} INFO - Started process (PID=634) to work on /home/airflow/.local/lib/python3.8/site-packages/airflow/example_dags/example_sensors.py
[2024-03-04T10:01:41.459+0000] {processor.py:830} INFO - Processing file /home/airflow/.local/lib/python3.8/site-packages/airflow/example_dags/example_sensors.py for tasks to queue
[2024-03-04T10:01:41.462+0000] {logging_mixin.py:188} INFO - [2024-03-04T10:01:41.461+0000] {dagbag.py:538} INFO - Filling up the DagBag from /home/airflow/.local/lib/python3.8/site-packages/airflow/example_dags/example_sensors.py
[2024-03-04T10:01:41.476+0000] {processor.py:840} INFO - DAG(s) 'example_sensors' retrieved from /home/airflow/.local/lib/python3.8/site-packages/airflow/example_dags/example_sensors.py
[2024-03-04T10:01:41.513+0000] {logging_mixin.py:188} INFO - [2024-03-04T10:01:41.512+0000] {dag.py:3036} INFO - Sync 1 DAGs
[2024-03-04T10:01:41.532+0000] {logging_mixin.py:188} INFO - [2024-03-04T10:01:41.532+0000] {dag.py:3823} INFO - Setting next_dagrun for example_sensors to None, run_after=None
[2024-03-04T10:01:41.558+0000] {processor.py:183} INFO - Processing /home/airflow/.local/lib/python3.8/site-packages/airflow/example_dags/example_sensors.py took 0.105 seconds
[2024-03-04T10:04:59.535+0000] {processor.py:161} INFO - Started process (PID=51) to work on /home/airflow/.local/lib/python3.8/site-packages/airflow/example_dags/example_sensors.py
[2024-03-04T10:04:59.537+0000] {processor.py:830} INFO - Processing file /home/airflow/.local/lib/python3.8/site-packages/airflow/example_dags/example_sensors.py for tasks to queue
[2024-03-04T10:04:59.541+0000] {logging_mixin.py:188} INFO - [2024-03-04T10:04:59.540+0000] {dagbag.py:538} INFO - Filling up the DagBag from /home/airflow/.local/lib/python3.8/site-packages/airflow/example_dags/example_sensors.py
[2024-03-04T10:04:59.575+0000] {processor.py:840} INFO - DAG(s) 'example_sensors' retrieved from /home/airflow/.local/lib/python3.8/site-packages/airflow/example_dags/example_sensors.py
[2024-03-04T10:04:59.873+0000] {logging_mixin.py:188} INFO - [2024-03-04T10:04:59.872+0000] {dag.py:3036} INFO - Sync 1 DAGs
[2024-03-04T10:04:59.892+0000] {logging_mixin.py:188} INFO - [2024-03-04T10:04:59.892+0000] {dag.py:3823} INFO - Setting next_dagrun for example_sensors to None, run_after=None
[2024-03-04T10:04:59.923+0000] {processor.py:183} INFO - Processing /home/airflow/.local/lib/python3.8/site-packages/airflow/example_dags/example_sensors.py took 0.392 seconds
[2024-03-04T10:05:30.375+0000] {processor.py:161} INFO - Started process (PID=109) to work on /home/airflow/.local/lib/python3.8/site-packages/airflow/example_dags/example_sensors.py
[2024-03-04T10:05:30.377+0000] {processor.py:830} INFO - Processing file /home/airflow/.local/lib/python3.8/site-packages/airflow/example_dags/example_sensors.py for tasks to queue
[2024-03-04T10:05:30.380+0000] {logging_mixin.py:188} INFO - [2024-03-04T10:05:30.380+0000] {dagbag.py:538} INFO - Filling up the DagBag from /home/airflow/.local/lib/python3.8/site-packages/airflow/example_dags/example_sensors.py
[2024-03-04T10:05:30.396+0000] {processor.py:840} INFO - DAG(s) 'example_sensors' retrieved from /home/airflow/.local/lib/python3.8/site-packages/airflow/example_dags/example_sensors.py
[2024-03-04T10:05:30.437+0000] {logging_mixin.py:188} INFO - [2024-03-04T10:05:30.436+0000] {dag.py:3036} INFO - Sync 1 DAGs
[2024-03-04T10:05:30.458+0000] {logging_mixin.py:188} INFO - [2024-03-04T10:05:30.458+0000] {dag.py:3823} INFO - Setting next_dagrun for example_sensors to None, run_after=None
[2024-03-04T10:05:30.496+0000] {processor.py:183} INFO - Processing /home/airflow/.local/lib/python3.8/site-packages/airflow/example_dags/example_sensors.py took 0.125 seconds
[2024-03-04T10:11:53.626+0000] {processor.py:161} INFO - Started process (PID=51) to work on /home/airflow/.local/lib/python3.8/site-packages/airflow/example_dags/example_sensors.py
[2024-03-04T10:11:53.628+0000] {processor.py:830} INFO - Processing file /home/airflow/.local/lib/python3.8/site-packages/airflow/example_dags/example_sensors.py for tasks to queue
[2024-03-04T10:11:53.631+0000] {logging_mixin.py:188} INFO - [2024-03-04T10:11:53.631+0000] {dagbag.py:538} INFO - Filling up the DagBag from /home/airflow/.local/lib/python3.8/site-packages/airflow/example_dags/example_sensors.py
[2024-03-04T10:11:53.657+0000] {processor.py:840} INFO - DAG(s) 'example_sensors' retrieved from /home/airflow/.local/lib/python3.8/site-packages/airflow/example_dags/example_sensors.py
[2024-03-04T10:11:53.859+0000] {logging_mixin.py:188} INFO - [2024-03-04T10:11:53.859+0000] {dag.py:3036} INFO - Sync 1 DAGs
[2024-03-04T10:11:53.878+0000] {logging_mixin.py:188} INFO - [2024-03-04T10:11:53.878+0000] {dag.py:3823} INFO - Setting next_dagrun for example_sensors to None, run_after=None
[2024-03-04T10:11:53.917+0000] {processor.py:183} INFO - Processing /home/airflow/.local/lib/python3.8/site-packages/airflow/example_dags/example_sensors.py took 0.296 seconds
[2024-03-04T10:12:24.597+0000] {processor.py:161} INFO - Started process (PID=108) to work on /home/airflow/.local/lib/python3.8/site-packages/airflow/example_dags/example_sensors.py
[2024-03-04T10:12:24.598+0000] {processor.py:830} INFO - Processing file /home/airflow/.local/lib/python3.8/site-packages/airflow/example_dags/example_sensors.py for tasks to queue
[2024-03-04T10:12:24.601+0000] {logging_mixin.py:188} INFO - [2024-03-04T10:12:24.601+0000] {dagbag.py:538} INFO - Filling up the DagBag from /home/airflow/.local/lib/python3.8/site-packages/airflow/example_dags/example_sensors.py
[2024-03-04T10:12:24.619+0000] {processor.py:840} INFO - DAG(s) 'example_sensors' retrieved from /home/airflow/.local/lib/python3.8/site-packages/airflow/example_dags/example_sensors.py
[2024-03-04T10:12:24.660+0000] {logging_mixin.py:188} INFO - [2024-03-04T10:12:24.659+0000] {dag.py:3036} INFO - Sync 1 DAGs
[2024-03-04T10:12:24.677+0000] {logging_mixin.py:188} INFO - [2024-03-04T10:12:24.677+0000] {dag.py:3823} INFO - Setting next_dagrun for example_sensors to None, run_after=None
[2024-03-04T10:12:24.705+0000] {processor.py:183} INFO - Processing /home/airflow/.local/lib/python3.8/site-packages/airflow/example_dags/example_sensors.py took 0.114 seconds
[2024-03-04T10:12:55.652+0000] {processor.py:161} INFO - Started process (PID=165) to work on /home/airflow/.local/lib/python3.8/site-packages/airflow/example_dags/example_sensors.py
[2024-03-04T10:12:55.654+0000] {processor.py:830} INFO - Processing file /home/airflow/.local/lib/python3.8/site-packages/airflow/example_dags/example_sensors.py for tasks to queue
[2024-03-04T10:12:55.658+0000] {logging_mixin.py:188} INFO - [2024-03-04T10:12:55.657+0000] {dagbag.py:538} INFO - Filling up the DagBag from /home/airflow/.local/lib/python3.8/site-packages/airflow/example_dags/example_sensors.py
[2024-03-04T10:12:55.672+0000] {processor.py:840} INFO - DAG(s) 'example_sensors' retrieved from /home/airflow/.local/lib/python3.8/site-packages/airflow/example_dags/example_sensors.py
[2024-03-04T10:12:55.708+0000] {logging_mixin.py:188} INFO - [2024-03-04T10:12:55.708+0000] {dag.py:3036} INFO - Sync 1 DAGs
[2024-03-04T10:12:55.726+0000] {logging_mixin.py:188} INFO - [2024-03-04T10:12:55.726+0000] {dag.py:3823} INFO - Setting next_dagrun for example_sensors to None, run_after=None
[2024-03-04T10:12:55.760+0000] {processor.py:183} INFO - Processing /home/airflow/.local/lib/python3.8/site-packages/airflow/example_dags/example_sensors.py took 0.113 seconds
[2024-03-04T10:15:42.012+0000] {processor.py:161} INFO - Started process (PID=51) to work on /home/airflow/.local/lib/python3.8/site-packages/airflow/example_dags/example_sensors.py
[2024-03-04T10:15:42.016+0000] {processor.py:830} INFO - Processing file /home/airflow/.local/lib/python3.8/site-packages/airflow/example_dags/example_sensors.py for tasks to queue
[2024-03-04T10:15:42.029+0000] {logging_mixin.py:188} INFO - [2024-03-04T10:15:42.028+0000] {dagbag.py:538} INFO - Filling up the DagBag from /home/airflow/.local/lib/python3.8/site-packages/airflow/example_dags/example_sensors.py
[2024-03-04T10:15:42.078+0000] {processor.py:840} INFO - DAG(s) 'example_sensors' retrieved from /home/airflow/.local/lib/python3.8/site-packages/airflow/example_dags/example_sensors.py
[2024-03-04T10:15:42.350+0000] {logging_mixin.py:188} INFO - [2024-03-04T10:15:42.350+0000] {dag.py:3036} INFO - Sync 1 DAGs
[2024-03-04T10:15:42.365+0000] {logging_mixin.py:188} INFO - [2024-03-04T10:15:42.365+0000] {dag.py:3823} INFO - Setting next_dagrun for example_sensors to None, run_after=None
[2024-03-04T10:15:42.393+0000] {processor.py:183} INFO - Processing /home/airflow/.local/lib/python3.8/site-packages/airflow/example_dags/example_sensors.py took 0.398 seconds
[2024-03-04T10:16:12.533+0000] {processor.py:161} INFO - Started process (PID=108) to work on /home/airflow/.local/lib/python3.8/site-packages/airflow/example_dags/example_sensors.py
[2024-03-04T10:16:12.535+0000] {processor.py:830} INFO - Processing file /home/airflow/.local/lib/python3.8/site-packages/airflow/example_dags/example_sensors.py for tasks to queue
[2024-03-04T10:16:12.538+0000] {logging_mixin.py:188} INFO - [2024-03-04T10:16:12.537+0000] {dagbag.py:538} INFO - Filling up the DagBag from /home/airflow/.local/lib/python3.8/site-packages/airflow/example_dags/example_sensors.py
[2024-03-04T10:16:12.561+0000] {processor.py:840} INFO - DAG(s) 'example_sensors' retrieved from /home/airflow/.local/lib/python3.8/site-packages/airflow/example_dags/example_sensors.py
[2024-03-04T10:16:12.618+0000] {logging_mixin.py:188} INFO - [2024-03-04T10:16:12.618+0000] {dag.py:3036} INFO - Sync 1 DAGs
[2024-03-04T10:16:12.638+0000] {logging_mixin.py:188} INFO - [2024-03-04T10:16:12.637+0000] {dag.py:3823} INFO - Setting next_dagrun for example_sensors to None, run_after=None
[2024-03-04T10:16:12.671+0000] {processor.py:183} INFO - Processing /home/airflow/.local/lib/python3.8/site-packages/airflow/example_dags/example_sensors.py took 0.144 seconds
[2024-03-04T10:16:43.171+0000] {processor.py:161} INFO - Started process (PID=165) to work on /home/airflow/.local/lib/python3.8/site-packages/airflow/example_dags/example_sensors.py
[2024-03-04T10:16:43.172+0000] {processor.py:830} INFO - Processing file /home/airflow/.local/lib/python3.8/site-packages/airflow/example_dags/example_sensors.py for tasks to queue
[2024-03-04T10:16:43.176+0000] {logging_mixin.py:188} INFO - [2024-03-04T10:16:43.175+0000] {dagbag.py:538} INFO - Filling up the DagBag from /home/airflow/.local/lib/python3.8/site-packages/airflow/example_dags/example_sensors.py
[2024-03-04T10:16:43.191+0000] {processor.py:840} INFO - DAG(s) 'example_sensors' retrieved from /home/airflow/.local/lib/python3.8/site-packages/airflow/example_dags/example_sensors.py
[2024-03-04T10:16:43.229+0000] {logging_mixin.py:188} INFO - [2024-03-04T10:16:43.229+0000] {dag.py:3036} INFO - Sync 1 DAGs
[2024-03-04T10:16:43.246+0000] {logging_mixin.py:188} INFO - [2024-03-04T10:16:43.245+0000] {dag.py:3823} INFO - Setting next_dagrun for example_sensors to None, run_after=None
[2024-03-04T10:16:43.271+0000] {processor.py:183} INFO - Processing /home/airflow/.local/lib/python3.8/site-packages/airflow/example_dags/example_sensors.py took 0.105 seconds
