[2024-03-04T09:52:22.195+0000] {processor.py:161} INFO - Started process (PID=78) to work on /home/airflow/.local/lib/python3.8/site-packages/airflow/example_dags/example_branch_python_dop_operator_3.py
[2024-03-04T09:52:22.197+0000] {processor.py:830} INFO - Processing file /home/airflow/.local/lib/python3.8/site-packages/airflow/example_dags/example_branch_python_dop_operator_3.py for tasks to queue
[2024-03-04T09:52:22.202+0000] {logging_mixin.py:188} INFO - [2024-03-04T09:52:22.201+0000] {dagbag.py:538} INFO - Filling up the DagBag from /home/airflow/.local/lib/python3.8/site-packages/airflow/example_dags/example_branch_python_dop_operator_3.py
[2024-03-04T09:52:22.228+0000] {processor.py:840} INFO - DAG(s) 'example_branch_dop_operator_v3' retrieved from /home/airflow/.local/lib/python3.8/site-packages/airflow/example_dags/example_branch_python_dop_operator_3.py
[2024-03-04T09:52:22.449+0000] {logging_mixin.py:188} INFO - [2024-03-04T09:52:22.447+0000] {override.py:1769} INFO - Created Permission View: can read on DAG:example_branch_dop_operator_v3
[2024-03-04T09:52:22.497+0000] {logging_mixin.py:188} INFO - [2024-03-04T09:52:22.497+0000] {override.py:1769} INFO - Created Permission View: can delete on DAG:example_branch_dop_operator_v3
[2024-03-04T09:52:22.516+0000] {logging_mixin.py:188} INFO - [2024-03-04T09:52:22.516+0000] {override.py:1769} INFO - Created Permission View: can edit on DAG:example_branch_dop_operator_v3
[2024-03-04T09:52:22.518+0000] {logging_mixin.py:188} INFO - [2024-03-04T09:52:22.517+0000] {dag.py:3036} INFO - Sync 1 DAGs
[2024-03-04T09:52:22.552+0000] {logging_mixin.py:188} INFO - [2024-03-04T09:52:22.551+0000] {dag.py:3058} INFO - Creating ORM DAG for example_branch_dop_operator_v3
[2024-03-04T09:52:22.590+0000] {logging_mixin.py:188} INFO - [2024-03-04T09:52:22.590+0000] {dag.py:3823} INFO - Setting next_dagrun for example_branch_dop_operator_v3 to 2024-03-04 09:51:00+00:00, run_after=2024-03-04 09:52:00+00:00
[2024-03-04T09:52:22.628+0000] {processor.py:183} INFO - Processing /home/airflow/.local/lib/python3.8/site-packages/airflow/example_dags/example_branch_python_dop_operator_3.py took 0.441 seconds
[2024-03-04T09:52:53.551+0000] {processor.py:161} INFO - Started process (PID=135) to work on /home/airflow/.local/lib/python3.8/site-packages/airflow/example_dags/example_branch_python_dop_operator_3.py
[2024-03-04T09:52:53.553+0000] {processor.py:830} INFO - Processing file /home/airflow/.local/lib/python3.8/site-packages/airflow/example_dags/example_branch_python_dop_operator_3.py for tasks to queue
[2024-03-04T09:52:53.556+0000] {logging_mixin.py:188} INFO - [2024-03-04T09:52:53.556+0000] {dagbag.py:538} INFO - Filling up the DagBag from /home/airflow/.local/lib/python3.8/site-packages/airflow/example_dags/example_branch_python_dop_operator_3.py
[2024-03-04T09:52:53.577+0000] {processor.py:840} INFO - DAG(s) 'example_branch_dop_operator_v3' retrieved from /home/airflow/.local/lib/python3.8/site-packages/airflow/example_dags/example_branch_python_dop_operator_3.py
[2024-03-04T09:52:53.612+0000] {logging_mixin.py:188} INFO - [2024-03-04T09:52:53.611+0000] {dag.py:3036} INFO - Sync 1 DAGs
[2024-03-04T09:52:53.664+0000] {logging_mixin.py:188} INFO - [2024-03-04T09:52:53.663+0000] {dag.py:3823} INFO - Setting next_dagrun for example_branch_dop_operator_v3 to 2024-03-04 09:51:00+00:00, run_after=2024-03-04 09:52:00+00:00
[2024-03-04T09:52:53.703+0000] {processor.py:183} INFO - Processing /home/airflow/.local/lib/python3.8/site-packages/airflow/example_dags/example_branch_python_dop_operator_3.py took 0.159 seconds
[2024-03-04T09:53:23.914+0000] {processor.py:161} INFO - Started process (PID=193) to work on /home/airflow/.local/lib/python3.8/site-packages/airflow/example_dags/example_branch_python_dop_operator_3.py
[2024-03-04T09:53:23.927+0000] {processor.py:830} INFO - Processing file /home/airflow/.local/lib/python3.8/site-packages/airflow/example_dags/example_branch_python_dop_operator_3.py for tasks to queue
[2024-03-04T09:53:23.937+0000] {logging_mixin.py:188} INFO - [2024-03-04T09:53:23.935+0000] {dagbag.py:538} INFO - Filling up the DagBag from /home/airflow/.local/lib/python3.8/site-packages/airflow/example_dags/example_branch_python_dop_operator_3.py
[2024-03-04T09:53:23.967+0000] {processor.py:840} INFO - DAG(s) 'example_branch_dop_operator_v3' retrieved from /home/airflow/.local/lib/python3.8/site-packages/airflow/example_dags/example_branch_python_dop_operator_3.py
[2024-03-04T09:53:24.061+0000] {logging_mixin.py:188} INFO - [2024-03-04T09:53:24.061+0000] {dag.py:3036} INFO - Sync 1 DAGs
[2024-03-04T09:53:24.127+0000] {logging_mixin.py:188} INFO - [2024-03-04T09:53:24.126+0000] {dag.py:3823} INFO - Setting next_dagrun for example_branch_dop_operator_v3 to 2024-03-04 09:52:00+00:00, run_after=2024-03-04 09:53:00+00:00
[2024-03-04T09:53:24.197+0000] {processor.py:183} INFO - Processing /home/airflow/.local/lib/python3.8/site-packages/airflow/example_dags/example_branch_python_dop_operator_3.py took 0.293 seconds
[2024-03-04T09:56:37.823+0000] {processor.py:161} INFO - Started process (PID=78) to work on /home/airflow/.local/lib/python3.8/site-packages/airflow/example_dags/example_branch_python_dop_operator_3.py
[2024-03-04T09:56:37.825+0000] {processor.py:830} INFO - Processing file /home/airflow/.local/lib/python3.8/site-packages/airflow/example_dags/example_branch_python_dop_operator_3.py for tasks to queue
[2024-03-04T09:56:37.829+0000] {logging_mixin.py:188} INFO - [2024-03-04T09:56:37.829+0000] {dagbag.py:538} INFO - Filling up the DagBag from /home/airflow/.local/lib/python3.8/site-packages/airflow/example_dags/example_branch_python_dop_operator_3.py
[2024-03-04T09:56:37.854+0000] {processor.py:840} INFO - DAG(s) 'example_branch_dop_operator_v3' retrieved from /home/airflow/.local/lib/python3.8/site-packages/airflow/example_dags/example_branch_python_dop_operator_3.py
[2024-03-04T09:56:38.140+0000] {logging_mixin.py:188} INFO - [2024-03-04T09:56:38.140+0000] {dag.py:3036} INFO - Sync 1 DAGs
[2024-03-04T09:56:38.195+0000] {logging_mixin.py:188} INFO - [2024-03-04T09:56:38.195+0000] {dag.py:3823} INFO - Setting next_dagrun for example_branch_dop_operator_v3 to 2024-03-04 09:55:00+00:00, run_after=2024-03-04 09:56:00+00:00
[2024-03-04T09:56:38.238+0000] {processor.py:183} INFO - Processing /home/airflow/.local/lib/python3.8/site-packages/airflow/example_dags/example_branch_python_dop_operator_3.py took 0.423 seconds
[2024-03-04T09:57:09.078+0000] {processor.py:161} INFO - Started process (PID=135) to work on /home/airflow/.local/lib/python3.8/site-packages/airflow/example_dags/example_branch_python_dop_operator_3.py
[2024-03-04T09:57:09.079+0000] {processor.py:830} INFO - Processing file /home/airflow/.local/lib/python3.8/site-packages/airflow/example_dags/example_branch_python_dop_operator_3.py for tasks to queue
[2024-03-04T09:57:09.082+0000] {logging_mixin.py:188} INFO - [2024-03-04T09:57:09.082+0000] {dagbag.py:538} INFO - Filling up the DagBag from /home/airflow/.local/lib/python3.8/site-packages/airflow/example_dags/example_branch_python_dop_operator_3.py
[2024-03-04T09:57:09.095+0000] {processor.py:840} INFO - DAG(s) 'example_branch_dop_operator_v3' retrieved from /home/airflow/.local/lib/python3.8/site-packages/airflow/example_dags/example_branch_python_dop_operator_3.py
[2024-03-04T09:57:09.124+0000] {logging_mixin.py:188} INFO - [2024-03-04T09:57:09.124+0000] {dag.py:3036} INFO - Sync 1 DAGs
[2024-03-04T09:57:09.164+0000] {logging_mixin.py:188} INFO - [2024-03-04T09:57:09.164+0000] {dag.py:3823} INFO - Setting next_dagrun for example_branch_dop_operator_v3 to 2024-03-04 09:56:00+00:00, run_after=2024-03-04 09:57:00+00:00
[2024-03-04T09:57:09.195+0000] {processor.py:183} INFO - Processing /home/airflow/.local/lib/python3.8/site-packages/airflow/example_dags/example_branch_python_dop_operator_3.py took 0.124 seconds
[2024-03-04T09:57:39.973+0000] {processor.py:161} INFO - Started process (PID=192) to work on /home/airflow/.local/lib/python3.8/site-packages/airflow/example_dags/example_branch_python_dop_operator_3.py
[2024-03-04T09:57:39.975+0000] {processor.py:830} INFO - Processing file /home/airflow/.local/lib/python3.8/site-packages/airflow/example_dags/example_branch_python_dop_operator_3.py for tasks to queue
[2024-03-04T09:57:39.979+0000] {logging_mixin.py:188} INFO - [2024-03-04T09:57:39.978+0000] {dagbag.py:538} INFO - Filling up the DagBag from /home/airflow/.local/lib/python3.8/site-packages/airflow/example_dags/example_branch_python_dop_operator_3.py
[2024-03-04T09:57:39.998+0000] {processor.py:840} INFO - DAG(s) 'example_branch_dop_operator_v3' retrieved from /home/airflow/.local/lib/python3.8/site-packages/airflow/example_dags/example_branch_python_dop_operator_3.py
[2024-03-04T09:57:40.037+0000] {logging_mixin.py:188} INFO - [2024-03-04T09:57:40.037+0000] {dag.py:3036} INFO - Sync 1 DAGs
[2024-03-04T09:57:40.080+0000] {logging_mixin.py:188} INFO - [2024-03-04T09:57:40.080+0000] {dag.py:3823} INFO - Setting next_dagrun for example_branch_dop_operator_v3 to 2024-03-04 09:56:00+00:00, run_after=2024-03-04 09:57:00+00:00
[2024-03-04T09:57:40.159+0000] {processor.py:183} INFO - Processing /home/airflow/.local/lib/python3.8/site-packages/airflow/example_dags/example_branch_python_dop_operator_3.py took 0.191 seconds
[2024-03-04T09:58:10.859+0000] {processor.py:161} INFO - Started process (PID=253) to work on /home/airflow/.local/lib/python3.8/site-packages/airflow/example_dags/example_branch_python_dop_operator_3.py
[2024-03-04T09:58:10.861+0000] {processor.py:830} INFO - Processing file /home/airflow/.local/lib/python3.8/site-packages/airflow/example_dags/example_branch_python_dop_operator_3.py for tasks to queue
[2024-03-04T09:58:10.864+0000] {logging_mixin.py:188} INFO - [2024-03-04T09:58:10.864+0000] {dagbag.py:538} INFO - Filling up the DagBag from /home/airflow/.local/lib/python3.8/site-packages/airflow/example_dags/example_branch_python_dop_operator_3.py
[2024-03-04T09:58:10.881+0000] {processor.py:840} INFO - DAG(s) 'example_branch_dop_operator_v3' retrieved from /home/airflow/.local/lib/python3.8/site-packages/airflow/example_dags/example_branch_python_dop_operator_3.py
[2024-03-04T09:58:10.916+0000] {logging_mixin.py:188} INFO - [2024-03-04T09:58:10.916+0000] {dag.py:3036} INFO - Sync 1 DAGs
[2024-03-04T09:58:10.980+0000] {logging_mixin.py:188} INFO - [2024-03-04T09:58:10.979+0000] {dag.py:3823} INFO - Setting next_dagrun for example_branch_dop_operator_v3 to 2024-03-04 09:57:00+00:00, run_after=2024-03-04 09:58:00+00:00
[2024-03-04T09:58:11.031+0000] {processor.py:183} INFO - Processing /home/airflow/.local/lib/python3.8/site-packages/airflow/example_dags/example_branch_python_dop_operator_3.py took 0.178 seconds
[2024-03-04T09:58:41.617+0000] {processor.py:161} INFO - Started process (PID=311) to work on /home/airflow/.local/lib/python3.8/site-packages/airflow/example_dags/example_branch_python_dop_operator_3.py
[2024-03-04T09:58:41.619+0000] {processor.py:830} INFO - Processing file /home/airflow/.local/lib/python3.8/site-packages/airflow/example_dags/example_branch_python_dop_operator_3.py for tasks to queue
[2024-03-04T09:58:41.622+0000] {logging_mixin.py:188} INFO - [2024-03-04T09:58:41.622+0000] {dagbag.py:538} INFO - Filling up the DagBag from /home/airflow/.local/lib/python3.8/site-packages/airflow/example_dags/example_branch_python_dop_operator_3.py
[2024-03-04T09:58:41.636+0000] {processor.py:840} INFO - DAG(s) 'example_branch_dop_operator_v3' retrieved from /home/airflow/.local/lib/python3.8/site-packages/airflow/example_dags/example_branch_python_dop_operator_3.py
[2024-03-04T09:58:41.663+0000] {logging_mixin.py:188} INFO - [2024-03-04T09:58:41.663+0000] {dag.py:3036} INFO - Sync 1 DAGs
[2024-03-04T09:58:41.698+0000] {logging_mixin.py:188} INFO - [2024-03-04T09:58:41.698+0000] {dag.py:3823} INFO - Setting next_dagrun for example_branch_dop_operator_v3 to 2024-03-04 09:57:00+00:00, run_after=2024-03-04 09:58:00+00:00
[2024-03-04T09:58:41.743+0000] {processor.py:183} INFO - Processing /home/airflow/.local/lib/python3.8/site-packages/airflow/example_dags/example_branch_python_dop_operator_3.py took 0.131 seconds
[2024-03-04T09:59:12.296+0000] {processor.py:161} INFO - Started process (PID=368) to work on /home/airflow/.local/lib/python3.8/site-packages/airflow/example_dags/example_branch_python_dop_operator_3.py
[2024-03-04T09:59:12.298+0000] {processor.py:830} INFO - Processing file /home/airflow/.local/lib/python3.8/site-packages/airflow/example_dags/example_branch_python_dop_operator_3.py for tasks to queue
[2024-03-04T09:59:12.300+0000] {logging_mixin.py:188} INFO - [2024-03-04T09:59:12.300+0000] {dagbag.py:538} INFO - Filling up the DagBag from /home/airflow/.local/lib/python3.8/site-packages/airflow/example_dags/example_branch_python_dop_operator_3.py
[2024-03-04T09:59:12.313+0000] {processor.py:840} INFO - DAG(s) 'example_branch_dop_operator_v3' retrieved from /home/airflow/.local/lib/python3.8/site-packages/airflow/example_dags/example_branch_python_dop_operator_3.py
[2024-03-04T09:59:12.343+0000] {logging_mixin.py:188} INFO - [2024-03-04T09:59:12.342+0000] {dag.py:3036} INFO - Sync 1 DAGs
[2024-03-04T09:59:12.389+0000] {logging_mixin.py:188} INFO - [2024-03-04T09:59:12.389+0000] {dag.py:3823} INFO - Setting next_dagrun for example_branch_dop_operator_v3 to 2024-03-04 09:58:00+00:00, run_after=2024-03-04 09:59:00+00:00
[2024-03-04T09:59:12.420+0000] {processor.py:183} INFO - Processing /home/airflow/.local/lib/python3.8/site-packages/airflow/example_dags/example_branch_python_dop_operator_3.py took 0.128 seconds
[2024-03-04T09:59:43.990+0000] {processor.py:161} INFO - Started process (PID=425) to work on /home/airflow/.local/lib/python3.8/site-packages/airflow/example_dags/example_branch_python_dop_operator_3.py
[2024-03-04T09:59:43.994+0000] {processor.py:830} INFO - Processing file /home/airflow/.local/lib/python3.8/site-packages/airflow/example_dags/example_branch_python_dop_operator_3.py for tasks to queue
[2024-03-04T09:59:43.997+0000] {logging_mixin.py:188} INFO - [2024-03-04T09:59:43.996+0000] {dagbag.py:538} INFO - Filling up the DagBag from /home/airflow/.local/lib/python3.8/site-packages/airflow/example_dags/example_branch_python_dop_operator_3.py
[2024-03-04T09:59:44.013+0000] {processor.py:840} INFO - DAG(s) 'example_branch_dop_operator_v3' retrieved from /home/airflow/.local/lib/python3.8/site-packages/airflow/example_dags/example_branch_python_dop_operator_3.py
[2024-03-04T09:59:44.043+0000] {logging_mixin.py:188} INFO - [2024-03-04T09:59:44.042+0000] {dag.py:3036} INFO - Sync 1 DAGs
[2024-03-04T09:59:44.083+0000] {logging_mixin.py:188} INFO - [2024-03-04T09:59:44.082+0000] {dag.py:3823} INFO - Setting next_dagrun for example_branch_dop_operator_v3 to 2024-03-04 09:58:00+00:00, run_after=2024-03-04 09:59:00+00:00
[2024-03-04T09:59:44.112+0000] {processor.py:183} INFO - Processing /home/airflow/.local/lib/python3.8/site-packages/airflow/example_dags/example_branch_python_dop_operator_3.py took 0.130 seconds
[2024-03-04T10:00:15.572+0000] {processor.py:161} INFO - Started process (PID=486) to work on /home/airflow/.local/lib/python3.8/site-packages/airflow/example_dags/example_branch_python_dop_operator_3.py
[2024-03-04T10:00:15.574+0000] {processor.py:830} INFO - Processing file /home/airflow/.local/lib/python3.8/site-packages/airflow/example_dags/example_branch_python_dop_operator_3.py for tasks to queue
[2024-03-04T10:00:15.578+0000] {logging_mixin.py:188} INFO - [2024-03-04T10:00:15.577+0000] {dagbag.py:538} INFO - Filling up the DagBag from /home/airflow/.local/lib/python3.8/site-packages/airflow/example_dags/example_branch_python_dop_operator_3.py
[2024-03-04T10:00:15.598+0000] {processor.py:840} INFO - DAG(s) 'example_branch_dop_operator_v3' retrieved from /home/airflow/.local/lib/python3.8/site-packages/airflow/example_dags/example_branch_python_dop_operator_3.py
[2024-03-04T10:00:15.654+0000] {logging_mixin.py:188} INFO - [2024-03-04T10:00:15.653+0000] {dag.py:3036} INFO - Sync 1 DAGs
[2024-03-04T10:00:15.720+0000] {logging_mixin.py:188} INFO - [2024-03-04T10:00:15.719+0000] {dag.py:3823} INFO - Setting next_dagrun for example_branch_dop_operator_v3 to 2024-03-04 09:59:00+00:00, run_after=2024-03-04 10:00:00+00:00
[2024-03-04T10:00:15.760+0000] {processor.py:183} INFO - Processing /home/airflow/.local/lib/python3.8/site-packages/airflow/example_dags/example_branch_python_dop_operator_3.py took 0.195 seconds
[2024-03-04T10:00:46.373+0000] {processor.py:161} INFO - Started process (PID=543) to work on /home/airflow/.local/lib/python3.8/site-packages/airflow/example_dags/example_branch_python_dop_operator_3.py
[2024-03-04T10:00:46.375+0000] {processor.py:830} INFO - Processing file /home/airflow/.local/lib/python3.8/site-packages/airflow/example_dags/example_branch_python_dop_operator_3.py for tasks to queue
[2024-03-04T10:00:46.379+0000] {logging_mixin.py:188} INFO - [2024-03-04T10:00:46.378+0000] {dagbag.py:538} INFO - Filling up the DagBag from /home/airflow/.local/lib/python3.8/site-packages/airflow/example_dags/example_branch_python_dop_operator_3.py
[2024-03-04T10:00:46.394+0000] {processor.py:840} INFO - DAG(s) 'example_branch_dop_operator_v3' retrieved from /home/airflow/.local/lib/python3.8/site-packages/airflow/example_dags/example_branch_python_dop_operator_3.py
[2024-03-04T10:00:46.422+0000] {logging_mixin.py:188} INFO - [2024-03-04T10:00:46.422+0000] {dag.py:3036} INFO - Sync 1 DAGs
[2024-03-04T10:00:46.467+0000] {logging_mixin.py:188} INFO - [2024-03-04T10:00:46.465+0000] {dag.py:3823} INFO - Setting next_dagrun for example_branch_dop_operator_v3 to 2024-03-04 09:59:00+00:00, run_after=2024-03-04 10:00:00+00:00
[2024-03-04T10:00:46.559+0000] {processor.py:183} INFO - Processing /home/airflow/.local/lib/python3.8/site-packages/airflow/example_dags/example_branch_python_dop_operator_3.py took 0.190 seconds
[2024-03-04T10:01:17.588+0000] {processor.py:161} INFO - Started process (PID=600) to work on /home/airflow/.local/lib/python3.8/site-packages/airflow/example_dags/example_branch_python_dop_operator_3.py
[2024-03-04T10:01:17.590+0000] {processor.py:830} INFO - Processing file /home/airflow/.local/lib/python3.8/site-packages/airflow/example_dags/example_branch_python_dop_operator_3.py for tasks to queue
[2024-03-04T10:01:17.596+0000] {logging_mixin.py:188} INFO - [2024-03-04T10:01:17.595+0000] {dagbag.py:538} INFO - Filling up the DagBag from /home/airflow/.local/lib/python3.8/site-packages/airflow/example_dags/example_branch_python_dop_operator_3.py
[2024-03-04T10:01:17.633+0000] {processor.py:840} INFO - DAG(s) 'example_branch_dop_operator_v3' retrieved from /home/airflow/.local/lib/python3.8/site-packages/airflow/example_dags/example_branch_python_dop_operator_3.py
[2024-03-04T10:01:17.690+0000] {logging_mixin.py:188} INFO - [2024-03-04T10:01:17.689+0000] {dag.py:3036} INFO - Sync 1 DAGs
[2024-03-04T10:01:17.752+0000] {logging_mixin.py:188} INFO - [2024-03-04T10:01:17.751+0000] {dag.py:3823} INFO - Setting next_dagrun for example_branch_dop_operator_v3 to 2024-03-04 10:00:00+00:00, run_after=2024-03-04 10:01:00+00:00
[2024-03-04T10:01:17.791+0000] {processor.py:183} INFO - Processing /home/airflow/.local/lib/python3.8/site-packages/airflow/example_dags/example_branch_python_dop_operator_3.py took 0.216 seconds
[2024-03-04T10:01:48.549+0000] {processor.py:161} INFO - Started process (PID=656) to work on /home/airflow/.local/lib/python3.8/site-packages/airflow/example_dags/example_branch_python_dop_operator_3.py
[2024-03-04T10:01:48.551+0000] {processor.py:830} INFO - Processing file /home/airflow/.local/lib/python3.8/site-packages/airflow/example_dags/example_branch_python_dop_operator_3.py for tasks to queue
[2024-03-04T10:01:48.555+0000] {logging_mixin.py:188} INFO - [2024-03-04T10:01:48.555+0000] {dagbag.py:538} INFO - Filling up the DagBag from /home/airflow/.local/lib/python3.8/site-packages/airflow/example_dags/example_branch_python_dop_operator_3.py
[2024-03-04T10:01:48.576+0000] {processor.py:840} INFO - DAG(s) 'example_branch_dop_operator_v3' retrieved from /home/airflow/.local/lib/python3.8/site-packages/airflow/example_dags/example_branch_python_dop_operator_3.py
[2024-03-04T10:01:48.619+0000] {logging_mixin.py:188} INFO - [2024-03-04T10:01:48.619+0000] {dag.py:3036} INFO - Sync 1 DAGs
[2024-03-04T10:01:48.706+0000] {logging_mixin.py:188} INFO - [2024-03-04T10:01:48.705+0000] {dag.py:3823} INFO - Setting next_dagrun for example_branch_dop_operator_v3 to 2024-03-04 10:00:00+00:00, run_after=2024-03-04 10:01:00+00:00
[2024-03-04T10:01:48.753+0000] {processor.py:183} INFO - Processing /home/airflow/.local/lib/python3.8/site-packages/airflow/example_dags/example_branch_python_dop_operator_3.py took 0.209 seconds
[2024-03-04T10:05:02.938+0000] {processor.py:161} INFO - Started process (PID=71) to work on /home/airflow/.local/lib/python3.8/site-packages/airflow/example_dags/example_branch_python_dop_operator_3.py
[2024-03-04T10:05:02.940+0000] {processor.py:830} INFO - Processing file /home/airflow/.local/lib/python3.8/site-packages/airflow/example_dags/example_branch_python_dop_operator_3.py for tasks to queue
[2024-03-04T10:05:02.943+0000] {logging_mixin.py:188} INFO - [2024-03-04T10:05:02.942+0000] {dagbag.py:538} INFO - Filling up the DagBag from /home/airflow/.local/lib/python3.8/site-packages/airflow/example_dags/example_branch_python_dop_operator_3.py
[2024-03-04T10:05:02.956+0000] {processor.py:840} INFO - DAG(s) 'example_branch_dop_operator_v3' retrieved from /home/airflow/.local/lib/python3.8/site-packages/airflow/example_dags/example_branch_python_dop_operator_3.py
[2024-03-04T10:05:03.096+0000] {logging_mixin.py:188} INFO - [2024-03-04T10:05:03.095+0000] {dag.py:3036} INFO - Sync 1 DAGs
[2024-03-04T10:05:03.131+0000] {logging_mixin.py:188} INFO - [2024-03-04T10:05:03.131+0000] {dag.py:3823} INFO - Setting next_dagrun for example_branch_dop_operator_v3 to 2024-03-04 10:04:00+00:00, run_after=2024-03-04 10:05:00+00:00
[2024-03-04T10:05:03.179+0000] {processor.py:183} INFO - Processing /home/airflow/.local/lib/python3.8/site-packages/airflow/example_dags/example_branch_python_dop_operator_3.py took 0.246 seconds
[2024-03-04T10:05:34.312+0000] {processor.py:161} INFO - Started process (PID=135) to work on /home/airflow/.local/lib/python3.8/site-packages/airflow/example_dags/example_branch_python_dop_operator_3.py
[2024-03-04T10:05:34.314+0000] {processor.py:830} INFO - Processing file /home/airflow/.local/lib/python3.8/site-packages/airflow/example_dags/example_branch_python_dop_operator_3.py for tasks to queue
[2024-03-04T10:05:34.319+0000] {logging_mixin.py:188} INFO - [2024-03-04T10:05:34.318+0000] {dagbag.py:538} INFO - Filling up the DagBag from /home/airflow/.local/lib/python3.8/site-packages/airflow/example_dags/example_branch_python_dop_operator_3.py
[2024-03-04T10:05:34.344+0000] {processor.py:840} INFO - DAG(s) 'example_branch_dop_operator_v3' retrieved from /home/airflow/.local/lib/python3.8/site-packages/airflow/example_dags/example_branch_python_dop_operator_3.py
[2024-03-04T10:05:34.393+0000] {logging_mixin.py:188} INFO - [2024-03-04T10:05:34.393+0000] {dag.py:3036} INFO - Sync 1 DAGs
[2024-03-04T10:05:34.439+0000] {logging_mixin.py:188} INFO - [2024-03-04T10:05:34.439+0000] {dag.py:3823} INFO - Setting next_dagrun for example_branch_dop_operator_v3 to 2024-03-04 10:04:00+00:00, run_after=2024-03-04 10:05:00+00:00
[2024-03-04T10:05:34.495+0000] {processor.py:183} INFO - Processing /home/airflow/.local/lib/python3.8/site-packages/airflow/example_dags/example_branch_python_dop_operator_3.py took 0.194 seconds
[2024-03-04T10:11:57.361+0000] {processor.py:161} INFO - Started process (PID=71) to work on /home/airflow/.local/lib/python3.8/site-packages/airflow/example_dags/example_branch_python_dop_operator_3.py
[2024-03-04T10:11:57.363+0000] {processor.py:830} INFO - Processing file /home/airflow/.local/lib/python3.8/site-packages/airflow/example_dags/example_branch_python_dop_operator_3.py for tasks to queue
[2024-03-04T10:11:57.366+0000] {logging_mixin.py:188} INFO - [2024-03-04T10:11:57.366+0000] {dagbag.py:538} INFO - Filling up the DagBag from /home/airflow/.local/lib/python3.8/site-packages/airflow/example_dags/example_branch_python_dop_operator_3.py
[2024-03-04T10:11:57.382+0000] {processor.py:840} INFO - DAG(s) 'example_branch_dop_operator_v3' retrieved from /home/airflow/.local/lib/python3.8/site-packages/airflow/example_dags/example_branch_python_dop_operator_3.py
[2024-03-04T10:11:57.569+0000] {logging_mixin.py:188} INFO - [2024-03-04T10:11:57.568+0000] {dag.py:3036} INFO - Sync 1 DAGs
[2024-03-04T10:11:57.607+0000] {logging_mixin.py:188} INFO - [2024-03-04T10:11:57.607+0000] {dag.py:3823} INFO - Setting next_dagrun for example_branch_dop_operator_v3 to 2024-03-04 10:10:00+00:00, run_after=2024-03-04 10:11:00+00:00
[2024-03-04T10:11:57.638+0000] {processor.py:183} INFO - Processing /home/airflow/.local/lib/python3.8/site-packages/airflow/example_dags/example_branch_python_dop_operator_3.py took 0.282 seconds
[2024-03-04T10:12:27.790+0000] {processor.py:161} INFO - Started process (PID=128) to work on /home/airflow/.local/lib/python3.8/site-packages/airflow/example_dags/example_branch_python_dop_operator_3.py
[2024-03-04T10:12:27.792+0000] {processor.py:830} INFO - Processing file /home/airflow/.local/lib/python3.8/site-packages/airflow/example_dags/example_branch_python_dop_operator_3.py for tasks to queue
[2024-03-04T10:12:27.796+0000] {logging_mixin.py:188} INFO - [2024-03-04T10:12:27.795+0000] {dagbag.py:538} INFO - Filling up the DagBag from /home/airflow/.local/lib/python3.8/site-packages/airflow/example_dags/example_branch_python_dop_operator_3.py
[2024-03-04T10:12:27.811+0000] {processor.py:840} INFO - DAG(s) 'example_branch_dop_operator_v3' retrieved from /home/airflow/.local/lib/python3.8/site-packages/airflow/example_dags/example_branch_python_dop_operator_3.py
[2024-03-04T10:12:27.849+0000] {logging_mixin.py:188} INFO - [2024-03-04T10:12:27.848+0000] {dag.py:3036} INFO - Sync 1 DAGs
[2024-03-04T10:12:27.892+0000] {logging_mixin.py:188} INFO - [2024-03-04T10:12:27.892+0000] {dag.py:3823} INFO - Setting next_dagrun for example_branch_dop_operator_v3 to 2024-03-04 10:11:00+00:00, run_after=2024-03-04 10:12:00+00:00
[2024-03-04T10:12:27.920+0000] {processor.py:183} INFO - Processing /home/airflow/.local/lib/python3.8/site-packages/airflow/example_dags/example_branch_python_dop_operator_3.py took 0.137 seconds
[2024-03-04T10:12:58.312+0000] {processor.py:161} INFO - Started process (PID=185) to work on /home/airflow/.local/lib/python3.8/site-packages/airflow/example_dags/example_branch_python_dop_operator_3.py
[2024-03-04T10:12:58.314+0000] {processor.py:830} INFO - Processing file /home/airflow/.local/lib/python3.8/site-packages/airflow/example_dags/example_branch_python_dop_operator_3.py for tasks to queue
[2024-03-04T10:12:58.318+0000] {logging_mixin.py:188} INFO - [2024-03-04T10:12:58.317+0000] {dagbag.py:538} INFO - Filling up the DagBag from /home/airflow/.local/lib/python3.8/site-packages/airflow/example_dags/example_branch_python_dop_operator_3.py
[2024-03-04T10:12:58.333+0000] {processor.py:840} INFO - DAG(s) 'example_branch_dop_operator_v3' retrieved from /home/airflow/.local/lib/python3.8/site-packages/airflow/example_dags/example_branch_python_dop_operator_3.py
[2024-03-04T10:12:58.361+0000] {logging_mixin.py:188} INFO - [2024-03-04T10:12:58.361+0000] {dag.py:3036} INFO - Sync 1 DAGs
[2024-03-04T10:12:58.400+0000] {logging_mixin.py:188} INFO - [2024-03-04T10:12:58.400+0000] {dag.py:3823} INFO - Setting next_dagrun for example_branch_dop_operator_v3 to 2024-03-04 10:11:00+00:00, run_after=2024-03-04 10:12:00+00:00
[2024-03-04T10:12:58.442+0000] {processor.py:183} INFO - Processing /home/airflow/.local/lib/python3.8/site-packages/airflow/example_dags/example_branch_python_dop_operator_3.py took 0.136 seconds
[2024-03-04T10:15:45.489+0000] {processor.py:161} INFO - Started process (PID=71) to work on /home/airflow/.local/lib/python3.8/site-packages/airflow/example_dags/example_branch_python_dop_operator_3.py
[2024-03-04T10:15:45.491+0000] {processor.py:830} INFO - Processing file /home/airflow/.local/lib/python3.8/site-packages/airflow/example_dags/example_branch_python_dop_operator_3.py for tasks to queue
[2024-03-04T10:15:45.493+0000] {logging_mixin.py:188} INFO - [2024-03-04T10:15:45.493+0000] {dagbag.py:538} INFO - Filling up the DagBag from /home/airflow/.local/lib/python3.8/site-packages/airflow/example_dags/example_branch_python_dop_operator_3.py
[2024-03-04T10:15:45.506+0000] {processor.py:840} INFO - DAG(s) 'example_branch_dop_operator_v3' retrieved from /home/airflow/.local/lib/python3.8/site-packages/airflow/example_dags/example_branch_python_dop_operator_3.py
[2024-03-04T10:15:45.655+0000] {logging_mixin.py:188} INFO - [2024-03-04T10:15:45.655+0000] {dag.py:3036} INFO - Sync 1 DAGs
[2024-03-04T10:15:45.695+0000] {logging_mixin.py:188} INFO - [2024-03-04T10:15:45.695+0000] {dag.py:3823} INFO - Setting next_dagrun for example_branch_dop_operator_v3 to 2024-03-04 10:14:00+00:00, run_after=2024-03-04 10:15:00+00:00
[2024-03-04T10:15:45.724+0000] {processor.py:183} INFO - Processing /home/airflow/.local/lib/python3.8/site-packages/airflow/example_dags/example_branch_python_dop_operator_3.py took 0.239 seconds
[2024-03-04T10:16:15.859+0000] {processor.py:161} INFO - Started process (PID=128) to work on /home/airflow/.local/lib/python3.8/site-packages/airflow/example_dags/example_branch_python_dop_operator_3.py
[2024-03-04T10:16:15.861+0000] {processor.py:830} INFO - Processing file /home/airflow/.local/lib/python3.8/site-packages/airflow/example_dags/example_branch_python_dop_operator_3.py for tasks to queue
[2024-03-04T10:16:15.865+0000] {logging_mixin.py:188} INFO - [2024-03-04T10:16:15.865+0000] {dagbag.py:538} INFO - Filling up the DagBag from /home/airflow/.local/lib/python3.8/site-packages/airflow/example_dags/example_branch_python_dop_operator_3.py
[2024-03-04T10:16:15.882+0000] {processor.py:840} INFO - DAG(s) 'example_branch_dop_operator_v3' retrieved from /home/airflow/.local/lib/python3.8/site-packages/airflow/example_dags/example_branch_python_dop_operator_3.py
[2024-03-04T10:16:15.914+0000] {logging_mixin.py:188} INFO - [2024-03-04T10:16:15.914+0000] {dag.py:3036} INFO - Sync 1 DAGs
[2024-03-04T10:16:15.965+0000] {logging_mixin.py:188} INFO - [2024-03-04T10:16:15.964+0000] {dag.py:3823} INFO - Setting next_dagrun for example_branch_dop_operator_v3 to 2024-03-04 10:15:00+00:00, run_after=2024-03-04 10:16:00+00:00
[2024-03-04T10:16:15.996+0000] {processor.py:183} INFO - Processing /home/airflow/.local/lib/python3.8/site-packages/airflow/example_dags/example_branch_python_dop_operator_3.py took 0.142 seconds
[2024-03-04T10:16:46.094+0000] {processor.py:161} INFO - Started process (PID=185) to work on /home/airflow/.local/lib/python3.8/site-packages/airflow/example_dags/example_branch_python_dop_operator_3.py
[2024-03-04T10:16:46.096+0000] {processor.py:830} INFO - Processing file /home/airflow/.local/lib/python3.8/site-packages/airflow/example_dags/example_branch_python_dop_operator_3.py for tasks to queue
[2024-03-04T10:16:46.098+0000] {logging_mixin.py:188} INFO - [2024-03-04T10:16:46.098+0000] {dagbag.py:538} INFO - Filling up the DagBag from /home/airflow/.local/lib/python3.8/site-packages/airflow/example_dags/example_branch_python_dop_operator_3.py
[2024-03-04T10:16:46.110+0000] {processor.py:840} INFO - DAG(s) 'example_branch_dop_operator_v3' retrieved from /home/airflow/.local/lib/python3.8/site-packages/airflow/example_dags/example_branch_python_dop_operator_3.py
[2024-03-04T10:16:46.139+0000] {logging_mixin.py:188} INFO - [2024-03-04T10:16:46.139+0000] {dag.py:3036} INFO - Sync 1 DAGs
[2024-03-04T10:16:46.174+0000] {logging_mixin.py:188} INFO - [2024-03-04T10:16:46.174+0000] {dag.py:3823} INFO - Setting next_dagrun for example_branch_dop_operator_v3 to 2024-03-04 10:15:00+00:00, run_after=2024-03-04 10:16:00+00:00
[2024-03-04T10:16:46.201+0000] {processor.py:183} INFO - Processing /home/airflow/.local/lib/python3.8/site-packages/airflow/example_dags/example_branch_python_dop_operator_3.py took 0.111 seconds
