[2024-03-04T09:52:13.153+0000] {processor.py:161} INFO - Started process (PID=56) to work on /home/airflow/.local/lib/python3.8/site-packages/airflow/example_dags/example_external_task_marker_dag.py
[2024-03-04T09:52:13.155+0000] {processor.py:830} INFO - Processing file /home/airflow/.local/lib/python3.8/site-packages/airflow/example_dags/example_external_task_marker_dag.py for tasks to queue
[2024-03-04T09:52:13.158+0000] {logging_mixin.py:188} INFO - [2024-03-04T09:52:13.157+0000] {dagbag.py:538} INFO - Filling up the DagBag from /home/airflow/.local/lib/python3.8/site-packages/airflow/example_dags/example_external_task_marker_dag.py
[2024-03-04T09:52:13.178+0000] {processor.py:840} INFO - DAG(s) 'example_external_task_marker_parent', 'example_external_task_marker_child' retrieved from /home/airflow/.local/lib/python3.8/site-packages/airflow/example_dags/example_external_task_marker_dag.py
[2024-03-04T09:52:13.441+0000] {logging_mixin.py:188} INFO - [2024-03-04T09:52:13.440+0000] {override.py:1769} INFO - Created Permission View: can read on DAG:example_external_task_marker_parent
[2024-03-04T09:52:13.483+0000] {logging_mixin.py:188} INFO - [2024-03-04T09:52:13.482+0000] {override.py:1769} INFO - Created Permission View: can delete on DAG:example_external_task_marker_parent
[2024-03-04T09:52:13.513+0000] {logging_mixin.py:188} INFO - [2024-03-04T09:52:13.513+0000] {override.py:1769} INFO - Created Permission View: can edit on DAG:example_external_task_marker_parent
[2024-03-04T09:52:13.588+0000] {logging_mixin.py:188} INFO - [2024-03-04T09:52:13.587+0000] {override.py:1769} INFO - Created Permission View: can read on DAG:example_external_task_marker_child
[2024-03-04T09:52:13.618+0000] {logging_mixin.py:188} INFO - [2024-03-04T09:52:13.618+0000] {override.py:1769} INFO - Created Permission View: can delete on DAG:example_external_task_marker_child
[2024-03-04T09:52:13.637+0000] {logging_mixin.py:188} INFO - [2024-03-04T09:52:13.636+0000] {override.py:1769} INFO - Created Permission View: can edit on DAG:example_external_task_marker_child
[2024-03-04T09:52:13.638+0000] {logging_mixin.py:188} INFO - [2024-03-04T09:52:13.638+0000] {dag.py:3036} INFO - Sync 2 DAGs
[2024-03-04T09:52:13.666+0000] {logging_mixin.py:188} INFO - [2024-03-04T09:52:13.666+0000] {dag.py:3058} INFO - Creating ORM DAG for example_external_task_marker_parent
[2024-03-04T09:52:13.669+0000] {logging_mixin.py:188} INFO - [2024-03-04T09:52:13.668+0000] {dag.py:3058} INFO - Creating ORM DAG for example_external_task_marker_child
[2024-03-04T09:52:13.671+0000] {logging_mixin.py:188} INFO - [2024-03-04T09:52:13.670+0000] {dag.py:3823} INFO - Setting next_dagrun for example_external_task_marker_child to None, run_after=None
[2024-03-04T09:52:13.673+0000] {logging_mixin.py:188} INFO - [2024-03-04T09:52:13.673+0000] {dag.py:3823} INFO - Setting next_dagrun for example_external_task_marker_parent to None, run_after=None
[2024-03-04T09:52:13.726+0000] {processor.py:183} INFO - Processing /home/airflow/.local/lib/python3.8/site-packages/airflow/example_dags/example_external_task_marker_dag.py took 0.579 seconds
[2024-03-04T09:52:44.588+0000] {processor.py:161} INFO - Started process (PID=113) to work on /home/airflow/.local/lib/python3.8/site-packages/airflow/example_dags/example_external_task_marker_dag.py
[2024-03-04T09:52:44.590+0000] {processor.py:830} INFO - Processing file /home/airflow/.local/lib/python3.8/site-packages/airflow/example_dags/example_external_task_marker_dag.py for tasks to queue
[2024-03-04T09:52:44.595+0000] {logging_mixin.py:188} INFO - [2024-03-04T09:52:44.594+0000] {dagbag.py:538} INFO - Filling up the DagBag from /home/airflow/.local/lib/python3.8/site-packages/airflow/example_dags/example_external_task_marker_dag.py
[2024-03-04T09:52:44.611+0000] {processor.py:840} INFO - DAG(s) 'example_external_task_marker_parent', 'example_external_task_marker_child' retrieved from /home/airflow/.local/lib/python3.8/site-packages/airflow/example_dags/example_external_task_marker_dag.py
[2024-03-04T09:52:44.666+0000] {logging_mixin.py:188} INFO - [2024-03-04T09:52:44.666+0000] {dag.py:3036} INFO - Sync 2 DAGs
[2024-03-04T09:52:44.701+0000] {logging_mixin.py:188} INFO - [2024-03-04T09:52:44.700+0000] {dag.py:3823} INFO - Setting next_dagrun for example_external_task_marker_child to None, run_after=None
[2024-03-04T09:52:44.709+0000] {logging_mixin.py:188} INFO - [2024-03-04T09:52:44.709+0000] {dag.py:3823} INFO - Setting next_dagrun for example_external_task_marker_parent to None, run_after=None
[2024-03-04T09:52:44.755+0000] {processor.py:183} INFO - Processing /home/airflow/.local/lib/python3.8/site-packages/airflow/example_dags/example_external_task_marker_dag.py took 0.174 seconds
[2024-03-04T09:53:14.889+0000] {processor.py:161} INFO - Started process (PID=170) to work on /home/airflow/.local/lib/python3.8/site-packages/airflow/example_dags/example_external_task_marker_dag.py
[2024-03-04T09:53:14.892+0000] {processor.py:830} INFO - Processing file /home/airflow/.local/lib/python3.8/site-packages/airflow/example_dags/example_external_task_marker_dag.py for tasks to queue
[2024-03-04T09:53:14.899+0000] {logging_mixin.py:188} INFO - [2024-03-04T09:53:14.898+0000] {dagbag.py:538} INFO - Filling up the DagBag from /home/airflow/.local/lib/python3.8/site-packages/airflow/example_dags/example_external_task_marker_dag.py
[2024-03-04T09:53:14.927+0000] {processor.py:840} INFO - DAG(s) 'example_external_task_marker_parent', 'example_external_task_marker_child' retrieved from /home/airflow/.local/lib/python3.8/site-packages/airflow/example_dags/example_external_task_marker_dag.py
[2024-03-04T09:53:14.993+0000] {logging_mixin.py:188} INFO - [2024-03-04T09:53:14.992+0000] {dag.py:3036} INFO - Sync 2 DAGs
[2024-03-04T09:53:15.046+0000] {logging_mixin.py:188} INFO - [2024-03-04T09:53:15.046+0000] {dag.py:3823} INFO - Setting next_dagrun for example_external_task_marker_child to None, run_after=None
[2024-03-04T09:53:15.054+0000] {logging_mixin.py:188} INFO - [2024-03-04T09:53:15.053+0000] {dag.py:3823} INFO - Setting next_dagrun for example_external_task_marker_parent to None, run_after=None
[2024-03-04T09:53:15.092+0000] {processor.py:183} INFO - Processing /home/airflow/.local/lib/python3.8/site-packages/airflow/example_dags/example_external_task_marker_dag.py took 0.212 seconds
[2024-03-04T09:53:45.824+0000] {processor.py:161} INFO - Started process (PID=226) to work on /home/airflow/.local/lib/python3.8/site-packages/airflow/example_dags/example_external_task_marker_dag.py
[2024-03-04T09:53:45.826+0000] {processor.py:830} INFO - Processing file /home/airflow/.local/lib/python3.8/site-packages/airflow/example_dags/example_external_task_marker_dag.py for tasks to queue
[2024-03-04T09:53:45.830+0000] {logging_mixin.py:188} INFO - [2024-03-04T09:53:45.829+0000] {dagbag.py:538} INFO - Filling up the DagBag from /home/airflow/.local/lib/python3.8/site-packages/airflow/example_dags/example_external_task_marker_dag.py
[2024-03-04T09:53:45.842+0000] {processor.py:840} INFO - DAG(s) 'example_external_task_marker_parent', 'example_external_task_marker_child' retrieved from /home/airflow/.local/lib/python3.8/site-packages/airflow/example_dags/example_external_task_marker_dag.py
[2024-03-04T09:53:45.893+0000] {logging_mixin.py:188} INFO - [2024-03-04T09:53:45.893+0000] {dag.py:3036} INFO - Sync 2 DAGs
[2024-03-04T09:53:45.922+0000] {logging_mixin.py:188} INFO - [2024-03-04T09:53:45.922+0000] {dag.py:3823} INFO - Setting next_dagrun for example_external_task_marker_child to None, run_after=None
[2024-03-04T09:53:45.930+0000] {logging_mixin.py:188} INFO - [2024-03-04T09:53:45.929+0000] {dag.py:3823} INFO - Setting next_dagrun for example_external_task_marker_parent to None, run_after=None
[2024-03-04T09:53:45.966+0000] {processor.py:183} INFO - Processing /home/airflow/.local/lib/python3.8/site-packages/airflow/example_dags/example_external_task_marker_dag.py took 0.148 seconds
[2024-03-04T09:56:33.431+0000] {processor.py:161} INFO - Started process (PID=50) to work on /home/airflow/.local/lib/python3.8/site-packages/airflow/example_dags/example_external_task_marker_dag.py
[2024-03-04T09:56:33.432+0000] {processor.py:830} INFO - Processing file /home/airflow/.local/lib/python3.8/site-packages/airflow/example_dags/example_external_task_marker_dag.py for tasks to queue
[2024-03-04T09:56:33.435+0000] {logging_mixin.py:188} INFO - [2024-03-04T09:56:33.435+0000] {dagbag.py:538} INFO - Filling up the DagBag from /home/airflow/.local/lib/python3.8/site-packages/airflow/example_dags/example_external_task_marker_dag.py
[2024-03-04T09:56:33.450+0000] {processor.py:840} INFO - DAG(s) 'example_external_task_marker_parent', 'example_external_task_marker_child' retrieved from /home/airflow/.local/lib/python3.8/site-packages/airflow/example_dags/example_external_task_marker_dag.py
[2024-03-04T09:56:33.633+0000] {logging_mixin.py:188} INFO - [2024-03-04T09:56:33.633+0000] {dag.py:3036} INFO - Sync 2 DAGs
[2024-03-04T09:56:33.648+0000] {logging_mixin.py:188} INFO - [2024-03-04T09:56:33.648+0000] {dag.py:3823} INFO - Setting next_dagrun for example_external_task_marker_child to None, run_after=None
[2024-03-04T09:56:33.653+0000] {logging_mixin.py:188} INFO - [2024-03-04T09:56:33.652+0000] {dag.py:3823} INFO - Setting next_dagrun for example_external_task_marker_parent to None, run_after=None
[2024-03-04T09:56:33.681+0000] {processor.py:183} INFO - Processing /home/airflow/.local/lib/python3.8/site-packages/airflow/example_dags/example_external_task_marker_dag.py took 0.255 seconds
[2024-03-04T09:57:04.739+0000] {processor.py:161} INFO - Started process (PID=107) to work on /home/airflow/.local/lib/python3.8/site-packages/airflow/example_dags/example_external_task_marker_dag.py
[2024-03-04T09:57:04.740+0000] {processor.py:830} INFO - Processing file /home/airflow/.local/lib/python3.8/site-packages/airflow/example_dags/example_external_task_marker_dag.py for tasks to queue
[2024-03-04T09:57:04.743+0000] {logging_mixin.py:188} INFO - [2024-03-04T09:57:04.742+0000] {dagbag.py:538} INFO - Filling up the DagBag from /home/airflow/.local/lib/python3.8/site-packages/airflow/example_dags/example_external_task_marker_dag.py
[2024-03-04T09:57:04.751+0000] {processor.py:840} INFO - DAG(s) 'example_external_task_marker_parent', 'example_external_task_marker_child' retrieved from /home/airflow/.local/lib/python3.8/site-packages/airflow/example_dags/example_external_task_marker_dag.py
[2024-03-04T09:57:04.785+0000] {logging_mixin.py:188} INFO - [2024-03-04T09:57:04.784+0000] {dag.py:3036} INFO - Sync 2 DAGs
[2024-03-04T09:57:04.802+0000] {logging_mixin.py:188} INFO - [2024-03-04T09:57:04.802+0000] {dag.py:3823} INFO - Setting next_dagrun for example_external_task_marker_child to None, run_after=None
[2024-03-04T09:57:04.808+0000] {logging_mixin.py:188} INFO - [2024-03-04T09:57:04.807+0000] {dag.py:3823} INFO - Setting next_dagrun for example_external_task_marker_parent to None, run_after=None
[2024-03-04T09:57:05.242+0000] {processor.py:183} INFO - Processing /home/airflow/.local/lib/python3.8/site-packages/airflow/example_dags/example_external_task_marker_dag.py took 0.507 seconds
[2024-03-04T09:57:36.325+0000] {processor.py:161} INFO - Started process (PID=170) to work on /home/airflow/.local/lib/python3.8/site-packages/airflow/example_dags/example_external_task_marker_dag.py
[2024-03-04T09:57:36.327+0000] {processor.py:830} INFO - Processing file /home/airflow/.local/lib/python3.8/site-packages/airflow/example_dags/example_external_task_marker_dag.py for tasks to queue
[2024-03-04T09:57:36.330+0000] {logging_mixin.py:188} INFO - [2024-03-04T09:57:36.329+0000] {dagbag.py:538} INFO - Filling up the DagBag from /home/airflow/.local/lib/python3.8/site-packages/airflow/example_dags/example_external_task_marker_dag.py
[2024-03-04T09:57:36.338+0000] {processor.py:840} INFO - DAG(s) 'example_external_task_marker_child', 'example_external_task_marker_parent' retrieved from /home/airflow/.local/lib/python3.8/site-packages/airflow/example_dags/example_external_task_marker_dag.py
[2024-03-04T09:57:36.374+0000] {logging_mixin.py:188} INFO - [2024-03-04T09:57:36.374+0000] {dag.py:3036} INFO - Sync 2 DAGs
[2024-03-04T09:57:36.398+0000] {logging_mixin.py:188} INFO - [2024-03-04T09:57:36.398+0000] {dag.py:3823} INFO - Setting next_dagrun for example_external_task_marker_child to None, run_after=None
[2024-03-04T09:57:36.405+0000] {logging_mixin.py:188} INFO - [2024-03-04T09:57:36.405+0000] {dag.py:3823} INFO - Setting next_dagrun for example_external_task_marker_parent to None, run_after=None
[2024-03-04T09:57:36.434+0000] {processor.py:183} INFO - Processing /home/airflow/.local/lib/python3.8/site-packages/airflow/example_dags/example_external_task_marker_dag.py took 0.113 seconds
[2024-03-04T09:58:07.068+0000] {processor.py:161} INFO - Started process (PID=230) to work on /home/airflow/.local/lib/python3.8/site-packages/airflow/example_dags/example_external_task_marker_dag.py
[2024-03-04T09:58:07.069+0000] {processor.py:830} INFO - Processing file /home/airflow/.local/lib/python3.8/site-packages/airflow/example_dags/example_external_task_marker_dag.py for tasks to queue
[2024-03-04T09:58:07.073+0000] {logging_mixin.py:188} INFO - [2024-03-04T09:58:07.072+0000] {dagbag.py:538} INFO - Filling up the DagBag from /home/airflow/.local/lib/python3.8/site-packages/airflow/example_dags/example_external_task_marker_dag.py
[2024-03-04T09:58:07.082+0000] {processor.py:840} INFO - DAG(s) 'example_external_task_marker_parent', 'example_external_task_marker_child' retrieved from /home/airflow/.local/lib/python3.8/site-packages/airflow/example_dags/example_external_task_marker_dag.py
[2024-03-04T09:58:07.120+0000] {logging_mixin.py:188} INFO - [2024-03-04T09:58:07.119+0000] {dag.py:3036} INFO - Sync 2 DAGs
[2024-03-04T09:58:07.142+0000] {logging_mixin.py:188} INFO - [2024-03-04T09:58:07.142+0000] {dag.py:3823} INFO - Setting next_dagrun for example_external_task_marker_child to None, run_after=None
[2024-03-04T09:58:07.148+0000] {logging_mixin.py:188} INFO - [2024-03-04T09:58:07.148+0000] {dag.py:3823} INFO - Setting next_dagrun for example_external_task_marker_parent to None, run_after=None
[2024-03-04T09:58:07.196+0000] {processor.py:183} INFO - Processing /home/airflow/.local/lib/python3.8/site-packages/airflow/example_dags/example_external_task_marker_dag.py took 0.133 seconds
[2024-03-04T09:58:37.958+0000] {processor.py:161} INFO - Started process (PID=286) to work on /home/airflow/.local/lib/python3.8/site-packages/airflow/example_dags/example_external_task_marker_dag.py
[2024-03-04T09:58:37.960+0000] {processor.py:830} INFO - Processing file /home/airflow/.local/lib/python3.8/site-packages/airflow/example_dags/example_external_task_marker_dag.py for tasks to queue
[2024-03-04T09:58:37.964+0000] {logging_mixin.py:188} INFO - [2024-03-04T09:58:37.963+0000] {dagbag.py:538} INFO - Filling up the DagBag from /home/airflow/.local/lib/python3.8/site-packages/airflow/example_dags/example_external_task_marker_dag.py
[2024-03-04T09:58:37.977+0000] {processor.py:840} INFO - DAG(s) 'example_external_task_marker_parent', 'example_external_task_marker_child' retrieved from /home/airflow/.local/lib/python3.8/site-packages/airflow/example_dags/example_external_task_marker_dag.py
[2024-03-04T09:58:38.020+0000] {logging_mixin.py:188} INFO - [2024-03-04T09:58:38.019+0000] {dag.py:3036} INFO - Sync 2 DAGs
[2024-03-04T09:58:38.048+0000] {logging_mixin.py:188} INFO - [2024-03-04T09:58:38.047+0000] {dag.py:3823} INFO - Setting next_dagrun for example_external_task_marker_child to None, run_after=None
[2024-03-04T09:58:38.058+0000] {logging_mixin.py:188} INFO - [2024-03-04T09:58:38.057+0000] {dag.py:3823} INFO - Setting next_dagrun for example_external_task_marker_parent to None, run_after=None
[2024-03-04T09:58:38.087+0000] {processor.py:183} INFO - Processing /home/airflow/.local/lib/python3.8/site-packages/airflow/example_dags/example_external_task_marker_dag.py took 0.135 seconds
[2024-03-04T09:59:08.741+0000] {processor.py:161} INFO - Started process (PID=343) to work on /home/airflow/.local/lib/python3.8/site-packages/airflow/example_dags/example_external_task_marker_dag.py
[2024-03-04T09:59:08.746+0000] {processor.py:830} INFO - Processing file /home/airflow/.local/lib/python3.8/site-packages/airflow/example_dags/example_external_task_marker_dag.py for tasks to queue
[2024-03-04T09:59:08.752+0000] {logging_mixin.py:188} INFO - [2024-03-04T09:59:08.751+0000] {dagbag.py:538} INFO - Filling up the DagBag from /home/airflow/.local/lib/python3.8/site-packages/airflow/example_dags/example_external_task_marker_dag.py
[2024-03-04T09:59:08.766+0000] {processor.py:840} INFO - DAG(s) 'example_external_task_marker_child', 'example_external_task_marker_parent' retrieved from /home/airflow/.local/lib/python3.8/site-packages/airflow/example_dags/example_external_task_marker_dag.py
[2024-03-04T09:59:08.813+0000] {logging_mixin.py:188} INFO - [2024-03-04T09:59:08.812+0000] {dag.py:3036} INFO - Sync 2 DAGs
[2024-03-04T09:59:08.835+0000] {logging_mixin.py:188} INFO - [2024-03-04T09:59:08.835+0000] {dag.py:3823} INFO - Setting next_dagrun for example_external_task_marker_child to None, run_after=None
[2024-03-04T09:59:08.841+0000] {logging_mixin.py:188} INFO - [2024-03-04T09:59:08.840+0000] {dag.py:3823} INFO - Setting next_dagrun for example_external_task_marker_parent to None, run_after=None
[2024-03-04T09:59:08.877+0000] {processor.py:183} INFO - Processing /home/airflow/.local/lib/python3.8/site-packages/airflow/example_dags/example_external_task_marker_dag.py took 0.150 seconds
[2024-03-04T09:59:39.726+0000] {processor.py:161} INFO - Started process (PID=401) to work on /home/airflow/.local/lib/python3.8/site-packages/airflow/example_dags/example_external_task_marker_dag.py
[2024-03-04T09:59:39.727+0000] {processor.py:830} INFO - Processing file /home/airflow/.local/lib/python3.8/site-packages/airflow/example_dags/example_external_task_marker_dag.py for tasks to queue
[2024-03-04T09:59:39.730+0000] {logging_mixin.py:188} INFO - [2024-03-04T09:59:39.729+0000] {dagbag.py:538} INFO - Filling up the DagBag from /home/airflow/.local/lib/python3.8/site-packages/airflow/example_dags/example_external_task_marker_dag.py
[2024-03-04T09:59:39.738+0000] {processor.py:840} INFO - DAG(s) 'example_external_task_marker_parent', 'example_external_task_marker_child' retrieved from /home/airflow/.local/lib/python3.8/site-packages/airflow/example_dags/example_external_task_marker_dag.py
[2024-03-04T09:59:39.779+0000] {logging_mixin.py:188} INFO - [2024-03-04T09:59:39.779+0000] {dag.py:3036} INFO - Sync 2 DAGs
[2024-03-04T09:59:39.798+0000] {logging_mixin.py:188} INFO - [2024-03-04T09:59:39.797+0000] {dag.py:3823} INFO - Setting next_dagrun for example_external_task_marker_child to None, run_after=None
[2024-03-04T09:59:39.803+0000] {logging_mixin.py:188} INFO - [2024-03-04T09:59:39.803+0000] {dag.py:3823} INFO - Setting next_dagrun for example_external_task_marker_parent to None, run_after=None
[2024-03-04T09:59:39.833+0000] {processor.py:183} INFO - Processing /home/airflow/.local/lib/python3.8/site-packages/airflow/example_dags/example_external_task_marker_dag.py took 0.111 seconds
[2024-03-04T10:00:10.267+0000] {processor.py:161} INFO - Started process (PID=457) to work on /home/airflow/.local/lib/python3.8/site-packages/airflow/example_dags/example_external_task_marker_dag.py
[2024-03-04T10:00:10.269+0000] {processor.py:830} INFO - Processing file /home/airflow/.local/lib/python3.8/site-packages/airflow/example_dags/example_external_task_marker_dag.py for tasks to queue
[2024-03-04T10:00:10.272+0000] {logging_mixin.py:188} INFO - [2024-03-04T10:00:10.272+0000] {dagbag.py:538} INFO - Filling up the DagBag from /home/airflow/.local/lib/python3.8/site-packages/airflow/example_dags/example_external_task_marker_dag.py
[2024-03-04T10:00:10.281+0000] {processor.py:840} INFO - DAG(s) 'example_external_task_marker_parent', 'example_external_task_marker_child' retrieved from /home/airflow/.local/lib/python3.8/site-packages/airflow/example_dags/example_external_task_marker_dag.py
[2024-03-04T10:00:10.321+0000] {logging_mixin.py:188} INFO - [2024-03-04T10:00:10.321+0000] {dag.py:3036} INFO - Sync 2 DAGs
[2024-03-04T10:00:10.340+0000] {logging_mixin.py:188} INFO - [2024-03-04T10:00:10.340+0000] {dag.py:3823} INFO - Setting next_dagrun for example_external_task_marker_child to None, run_after=None
[2024-03-04T10:00:10.345+0000] {logging_mixin.py:188} INFO - [2024-03-04T10:00:10.345+0000] {dag.py:3823} INFO - Setting next_dagrun for example_external_task_marker_parent to None, run_after=None
[2024-03-04T10:00:10.371+0000] {processor.py:183} INFO - Processing /home/airflow/.local/lib/python3.8/site-packages/airflow/example_dags/example_external_task_marker_dag.py took 0.109 seconds
[2024-03-04T10:00:40.688+0000] {processor.py:161} INFO - Started process (PID=518) to work on /home/airflow/.local/lib/python3.8/site-packages/airflow/example_dags/example_external_task_marker_dag.py
[2024-03-04T10:00:40.689+0000] {processor.py:830} INFO - Processing file /home/airflow/.local/lib/python3.8/site-packages/airflow/example_dags/example_external_task_marker_dag.py for tasks to queue
[2024-03-04T10:00:40.692+0000] {logging_mixin.py:188} INFO - [2024-03-04T10:00:40.692+0000] {dagbag.py:538} INFO - Filling up the DagBag from /home/airflow/.local/lib/python3.8/site-packages/airflow/example_dags/example_external_task_marker_dag.py
[2024-03-04T10:00:40.701+0000] {processor.py:840} INFO - DAG(s) 'example_external_task_marker_parent', 'example_external_task_marker_child' retrieved from /home/airflow/.local/lib/python3.8/site-packages/airflow/example_dags/example_external_task_marker_dag.py
[2024-03-04T10:00:40.735+0000] {logging_mixin.py:188} INFO - [2024-03-04T10:00:40.735+0000] {dag.py:3036} INFO - Sync 2 DAGs
[2024-03-04T10:00:40.752+0000] {logging_mixin.py:188} INFO - [2024-03-04T10:00:40.752+0000] {dag.py:3823} INFO - Setting next_dagrun for example_external_task_marker_child to None, run_after=None
[2024-03-04T10:00:40.758+0000] {logging_mixin.py:188} INFO - [2024-03-04T10:00:40.758+0000] {dag.py:3823} INFO - Setting next_dagrun for example_external_task_marker_parent to None, run_after=None
[2024-03-04T10:00:40.782+0000] {processor.py:183} INFO - Processing /home/airflow/.local/lib/python3.8/site-packages/airflow/example_dags/example_external_task_marker_dag.py took 0.099 seconds
[2024-03-04T10:01:10.985+0000] {processor.py:161} INFO - Started process (PID=575) to work on /home/airflow/.local/lib/python3.8/site-packages/airflow/example_dags/example_external_task_marker_dag.py
[2024-03-04T10:01:10.987+0000] {processor.py:830} INFO - Processing file /home/airflow/.local/lib/python3.8/site-packages/airflow/example_dags/example_external_task_marker_dag.py for tasks to queue
[2024-03-04T10:01:10.990+0000] {logging_mixin.py:188} INFO - [2024-03-04T10:01:10.990+0000] {dagbag.py:538} INFO - Filling up the DagBag from /home/airflow/.local/lib/python3.8/site-packages/airflow/example_dags/example_external_task_marker_dag.py
[2024-03-04T10:01:11.002+0000] {processor.py:840} INFO - DAG(s) 'example_external_task_marker_parent', 'example_external_task_marker_child' retrieved from /home/airflow/.local/lib/python3.8/site-packages/airflow/example_dags/example_external_task_marker_dag.py
[2024-03-04T10:01:11.056+0000] {logging_mixin.py:188} INFO - [2024-03-04T10:01:11.055+0000] {dag.py:3036} INFO - Sync 2 DAGs
[2024-03-04T10:01:11.090+0000] {logging_mixin.py:188} INFO - [2024-03-04T10:01:11.090+0000] {dag.py:3823} INFO - Setting next_dagrun for example_external_task_marker_child to None, run_after=None
[2024-03-04T10:01:11.107+0000] {logging_mixin.py:188} INFO - [2024-03-04T10:01:11.107+0000] {dag.py:3823} INFO - Setting next_dagrun for example_external_task_marker_parent to None, run_after=None
[2024-03-04T10:01:11.158+0000] {processor.py:183} INFO - Processing /home/airflow/.local/lib/python3.8/site-packages/airflow/example_dags/example_external_task_marker_dag.py took 0.180 seconds
[2024-03-04T10:01:41.324+0000] {processor.py:161} INFO - Started process (PID=632) to work on /home/airflow/.local/lib/python3.8/site-packages/airflow/example_dags/example_external_task_marker_dag.py
[2024-03-04T10:01:41.326+0000] {processor.py:830} INFO - Processing file /home/airflow/.local/lib/python3.8/site-packages/airflow/example_dags/example_external_task_marker_dag.py for tasks to queue
[2024-03-04T10:01:41.329+0000] {logging_mixin.py:188} INFO - [2024-03-04T10:01:41.328+0000] {dagbag.py:538} INFO - Filling up the DagBag from /home/airflow/.local/lib/python3.8/site-packages/airflow/example_dags/example_external_task_marker_dag.py
[2024-03-04T10:01:41.339+0000] {processor.py:840} INFO - DAG(s) 'example_external_task_marker_child', 'example_external_task_marker_parent' retrieved from /home/airflow/.local/lib/python3.8/site-packages/airflow/example_dags/example_external_task_marker_dag.py
[2024-03-04T10:01:41.373+0000] {logging_mixin.py:188} INFO - [2024-03-04T10:01:41.373+0000] {dag.py:3036} INFO - Sync 2 DAGs
[2024-03-04T10:01:41.391+0000] {logging_mixin.py:188} INFO - [2024-03-04T10:01:41.391+0000] {dag.py:3823} INFO - Setting next_dagrun for example_external_task_marker_child to None, run_after=None
[2024-03-04T10:01:41.396+0000] {logging_mixin.py:188} INFO - [2024-03-04T10:01:41.396+0000] {dag.py:3823} INFO - Setting next_dagrun for example_external_task_marker_parent to None, run_after=None
[2024-03-04T10:01:41.421+0000] {processor.py:183} INFO - Processing /home/airflow/.local/lib/python3.8/site-packages/airflow/example_dags/example_external_task_marker_dag.py took 0.102 seconds
[2024-03-04T10:04:59.134+0000] {processor.py:161} INFO - Started process (PID=49) to work on /home/airflow/.local/lib/python3.8/site-packages/airflow/example_dags/example_external_task_marker_dag.py
[2024-03-04T10:04:59.136+0000] {processor.py:830} INFO - Processing file /home/airflow/.local/lib/python3.8/site-packages/airflow/example_dags/example_external_task_marker_dag.py for tasks to queue
[2024-03-04T10:04:59.139+0000] {logging_mixin.py:188} INFO - [2024-03-04T10:04:59.139+0000] {dagbag.py:538} INFO - Filling up the DagBag from /home/airflow/.local/lib/python3.8/site-packages/airflow/example_dags/example_external_task_marker_dag.py
[2024-03-04T10:04:59.156+0000] {processor.py:840} INFO - DAG(s) 'example_external_task_marker_parent', 'example_external_task_marker_child' retrieved from /home/airflow/.local/lib/python3.8/site-packages/airflow/example_dags/example_external_task_marker_dag.py
[2024-03-04T10:04:59.440+0000] {logging_mixin.py:188} INFO - [2024-03-04T10:04:59.439+0000] {dag.py:3036} INFO - Sync 2 DAGs
[2024-03-04T10:04:59.465+0000] {logging_mixin.py:188} INFO - [2024-03-04T10:04:59.464+0000] {dag.py:3823} INFO - Setting next_dagrun for example_external_task_marker_child to None, run_after=None
[2024-03-04T10:04:59.470+0000] {logging_mixin.py:188} INFO - [2024-03-04T10:04:59.469+0000] {dag.py:3823} INFO - Setting next_dagrun for example_external_task_marker_parent to None, run_after=None
[2024-03-04T10:04:59.499+0000] {processor.py:183} INFO - Processing /home/airflow/.local/lib/python3.8/site-packages/airflow/example_dags/example_external_task_marker_dag.py took 0.370 seconds
[2024-03-04T10:05:30.133+0000] {processor.py:161} INFO - Started process (PID=107) to work on /home/airflow/.local/lib/python3.8/site-packages/airflow/example_dags/example_external_task_marker_dag.py
[2024-03-04T10:05:30.134+0000] {processor.py:830} INFO - Processing file /home/airflow/.local/lib/python3.8/site-packages/airflow/example_dags/example_external_task_marker_dag.py for tasks to queue
[2024-03-04T10:05:30.137+0000] {logging_mixin.py:188} INFO - [2024-03-04T10:05:30.136+0000] {dagbag.py:538} INFO - Filling up the DagBag from /home/airflow/.local/lib/python3.8/site-packages/airflow/example_dags/example_external_task_marker_dag.py
[2024-03-04T10:05:30.149+0000] {processor.py:840} INFO - DAG(s) 'example_external_task_marker_parent', 'example_external_task_marker_child' retrieved from /home/airflow/.local/lib/python3.8/site-packages/airflow/example_dags/example_external_task_marker_dag.py
[2024-03-04T10:05:30.183+0000] {logging_mixin.py:188} INFO - [2024-03-04T10:05:30.182+0000] {dag.py:3036} INFO - Sync 2 DAGs
[2024-03-04T10:05:30.201+0000] {logging_mixin.py:188} INFO - [2024-03-04T10:05:30.201+0000] {dag.py:3823} INFO - Setting next_dagrun for example_external_task_marker_child to None, run_after=None
[2024-03-04T10:05:30.208+0000] {logging_mixin.py:188} INFO - [2024-03-04T10:05:30.208+0000] {dag.py:3823} INFO - Setting next_dagrun for example_external_task_marker_parent to None, run_after=None
[2024-03-04T10:05:30.241+0000] {processor.py:183} INFO - Processing /home/airflow/.local/lib/python3.8/site-packages/airflow/example_dags/example_external_task_marker_dag.py took 0.112 seconds
[2024-03-04T10:11:53.195+0000] {processor.py:161} INFO - Started process (PID=49) to work on /home/airflow/.local/lib/python3.8/site-packages/airflow/example_dags/example_external_task_marker_dag.py
[2024-03-04T10:11:53.197+0000] {processor.py:830} INFO - Processing file /home/airflow/.local/lib/python3.8/site-packages/airflow/example_dags/example_external_task_marker_dag.py for tasks to queue
[2024-03-04T10:11:53.199+0000] {logging_mixin.py:188} INFO - [2024-03-04T10:11:53.199+0000] {dagbag.py:538} INFO - Filling up the DagBag from /home/airflow/.local/lib/python3.8/site-packages/airflow/example_dags/example_external_task_marker_dag.py
[2024-03-04T10:11:53.211+0000] {processor.py:840} INFO - DAG(s) 'example_external_task_marker_child', 'example_external_task_marker_parent' retrieved from /home/airflow/.local/lib/python3.8/site-packages/airflow/example_dags/example_external_task_marker_dag.py
[2024-03-04T10:11:53.456+0000] {logging_mixin.py:188} INFO - [2024-03-04T10:11:53.455+0000] {dag.py:3036} INFO - Sync 2 DAGs
[2024-03-04T10:11:53.475+0000] {logging_mixin.py:188} INFO - [2024-03-04T10:11:53.475+0000] {dag.py:3823} INFO - Setting next_dagrun for example_external_task_marker_child to None, run_after=None
[2024-03-04T10:11:53.480+0000] {logging_mixin.py:188} INFO - [2024-03-04T10:11:53.480+0000] {dag.py:3823} INFO - Setting next_dagrun for example_external_task_marker_parent to None, run_after=None
[2024-03-04T10:11:53.507+0000] {processor.py:183} INFO - Processing /home/airflow/.local/lib/python3.8/site-packages/airflow/example_dags/example_external_task_marker_dag.py took 0.319 seconds
[2024-03-04T10:12:24.232+0000] {processor.py:161} INFO - Started process (PID=106) to work on /home/airflow/.local/lib/python3.8/site-packages/airflow/example_dags/example_external_task_marker_dag.py
[2024-03-04T10:12:24.234+0000] {processor.py:830} INFO - Processing file /home/airflow/.local/lib/python3.8/site-packages/airflow/example_dags/example_external_task_marker_dag.py for tasks to queue
[2024-03-04T10:12:24.237+0000] {logging_mixin.py:188} INFO - [2024-03-04T10:12:24.237+0000] {dagbag.py:538} INFO - Filling up the DagBag from /home/airflow/.local/lib/python3.8/site-packages/airflow/example_dags/example_external_task_marker_dag.py
[2024-03-04T10:12:24.247+0000] {processor.py:840} INFO - DAG(s) 'example_external_task_marker_parent', 'example_external_task_marker_child' retrieved from /home/airflow/.local/lib/python3.8/site-packages/airflow/example_dags/example_external_task_marker_dag.py
[2024-03-04T10:12:24.287+0000] {logging_mixin.py:188} INFO - [2024-03-04T10:12:24.287+0000] {dag.py:3036} INFO - Sync 2 DAGs
[2024-03-04T10:12:24.315+0000] {logging_mixin.py:188} INFO - [2024-03-04T10:12:24.315+0000] {dag.py:3823} INFO - Setting next_dagrun for example_external_task_marker_child to None, run_after=None
[2024-03-04T10:12:24.324+0000] {logging_mixin.py:188} INFO - [2024-03-04T10:12:24.324+0000] {dag.py:3823} INFO - Setting next_dagrun for example_external_task_marker_parent to None, run_after=None
[2024-03-04T10:12:24.366+0000] {processor.py:183} INFO - Processing /home/airflow/.local/lib/python3.8/site-packages/airflow/example_dags/example_external_task_marker_dag.py took 0.138 seconds
[2024-03-04T10:12:55.289+0000] {processor.py:161} INFO - Started process (PID=163) to work on /home/airflow/.local/lib/python3.8/site-packages/airflow/example_dags/example_external_task_marker_dag.py
[2024-03-04T10:12:55.291+0000] {processor.py:830} INFO - Processing file /home/airflow/.local/lib/python3.8/site-packages/airflow/example_dags/example_external_task_marker_dag.py for tasks to queue
[2024-03-04T10:12:55.295+0000] {logging_mixin.py:188} INFO - [2024-03-04T10:12:55.294+0000] {dagbag.py:538} INFO - Filling up the DagBag from /home/airflow/.local/lib/python3.8/site-packages/airflow/example_dags/example_external_task_marker_dag.py
[2024-03-04T10:12:55.308+0000] {processor.py:840} INFO - DAG(s) 'example_external_task_marker_child', 'example_external_task_marker_parent' retrieved from /home/airflow/.local/lib/python3.8/site-packages/airflow/example_dags/example_external_task_marker_dag.py
[2024-03-04T10:12:55.361+0000] {logging_mixin.py:188} INFO - [2024-03-04T10:12:55.361+0000] {dag.py:3036} INFO - Sync 2 DAGs
[2024-03-04T10:12:55.393+0000] {logging_mixin.py:188} INFO - [2024-03-04T10:12:55.392+0000] {dag.py:3823} INFO - Setting next_dagrun for example_external_task_marker_child to None, run_after=None
[2024-03-04T10:12:55.400+0000] {logging_mixin.py:188} INFO - [2024-03-04T10:12:55.400+0000] {dag.py:3823} INFO - Setting next_dagrun for example_external_task_marker_parent to None, run_after=None
[2024-03-04T10:12:55.432+0000] {processor.py:183} INFO - Processing /home/airflow/.local/lib/python3.8/site-packages/airflow/example_dags/example_external_task_marker_dag.py took 0.148 seconds
[2024-03-04T10:15:41.340+0000] {processor.py:161} INFO - Started process (PID=49) to work on /home/airflow/.local/lib/python3.8/site-packages/airflow/example_dags/example_external_task_marker_dag.py
[2024-03-04T10:15:41.342+0000] {processor.py:830} INFO - Processing file /home/airflow/.local/lib/python3.8/site-packages/airflow/example_dags/example_external_task_marker_dag.py for tasks to queue
[2024-03-04T10:15:41.347+0000] {logging_mixin.py:188} INFO - [2024-03-04T10:15:41.346+0000] {dagbag.py:538} INFO - Filling up the DagBag from /home/airflow/.local/lib/python3.8/site-packages/airflow/example_dags/example_external_task_marker_dag.py
[2024-03-04T10:15:41.375+0000] {processor.py:840} INFO - DAG(s) 'example_external_task_marker_parent', 'example_external_task_marker_child' retrieved from /home/airflow/.local/lib/python3.8/site-packages/airflow/example_dags/example_external_task_marker_dag.py
[2024-03-04T10:15:41.670+0000] {logging_mixin.py:188} INFO - [2024-03-04T10:15:41.670+0000] {dag.py:3036} INFO - Sync 2 DAGs
[2024-03-04T10:15:41.710+0000] {logging_mixin.py:188} INFO - [2024-03-04T10:15:41.709+0000] {dag.py:3823} INFO - Setting next_dagrun for example_external_task_marker_child to None, run_after=None
[2024-03-04T10:15:41.736+0000] {logging_mixin.py:188} INFO - [2024-03-04T10:15:41.735+0000] {dag.py:3823} INFO - Setting next_dagrun for example_external_task_marker_parent to None, run_after=None
[2024-03-04T10:15:41.872+0000] {processor.py:183} INFO - Processing /home/airflow/.local/lib/python3.8/site-packages/airflow/example_dags/example_external_task_marker_dag.py took 0.541 seconds
[2024-03-04T10:16:12.209+0000] {processor.py:161} INFO - Started process (PID=106) to work on /home/airflow/.local/lib/python3.8/site-packages/airflow/example_dags/example_external_task_marker_dag.py
[2024-03-04T10:16:12.216+0000] {processor.py:830} INFO - Processing file /home/airflow/.local/lib/python3.8/site-packages/airflow/example_dags/example_external_task_marker_dag.py for tasks to queue
[2024-03-04T10:16:12.220+0000] {logging_mixin.py:188} INFO - [2024-03-04T10:16:12.220+0000] {dagbag.py:538} INFO - Filling up the DagBag from /home/airflow/.local/lib/python3.8/site-packages/airflow/example_dags/example_external_task_marker_dag.py
[2024-03-04T10:16:12.234+0000] {processor.py:840} INFO - DAG(s) 'example_external_task_marker_parent', 'example_external_task_marker_child' retrieved from /home/airflow/.local/lib/python3.8/site-packages/airflow/example_dags/example_external_task_marker_dag.py
[2024-03-04T10:16:12.272+0000] {logging_mixin.py:188} INFO - [2024-03-04T10:16:12.272+0000] {dag.py:3036} INFO - Sync 2 DAGs
[2024-03-04T10:16:12.295+0000] {logging_mixin.py:188} INFO - [2024-03-04T10:16:12.294+0000] {dag.py:3823} INFO - Setting next_dagrun for example_external_task_marker_child to None, run_after=None
[2024-03-04T10:16:12.302+0000] {logging_mixin.py:188} INFO - [2024-03-04T10:16:12.301+0000] {dag.py:3823} INFO - Setting next_dagrun for example_external_task_marker_parent to None, run_after=None
[2024-03-04T10:16:12.329+0000] {processor.py:183} INFO - Processing /home/airflow/.local/lib/python3.8/site-packages/airflow/example_dags/example_external_task_marker_dag.py took 0.127 seconds
[2024-03-04T10:16:42.925+0000] {processor.py:161} INFO - Started process (PID=163) to work on /home/airflow/.local/lib/python3.8/site-packages/airflow/example_dags/example_external_task_marker_dag.py
[2024-03-04T10:16:42.927+0000] {processor.py:830} INFO - Processing file /home/airflow/.local/lib/python3.8/site-packages/airflow/example_dags/example_external_task_marker_dag.py for tasks to queue
[2024-03-04T10:16:42.930+0000] {logging_mixin.py:188} INFO - [2024-03-04T10:16:42.930+0000] {dagbag.py:538} INFO - Filling up the DagBag from /home/airflow/.local/lib/python3.8/site-packages/airflow/example_dags/example_external_task_marker_dag.py
[2024-03-04T10:16:42.939+0000] {processor.py:840} INFO - DAG(s) 'example_external_task_marker_parent', 'example_external_task_marker_child' retrieved from /home/airflow/.local/lib/python3.8/site-packages/airflow/example_dags/example_external_task_marker_dag.py
[2024-03-04T10:16:42.974+0000] {logging_mixin.py:188} INFO - [2024-03-04T10:16:42.974+0000] {dag.py:3036} INFO - Sync 2 DAGs
[2024-03-04T10:16:42.991+0000] {logging_mixin.py:188} INFO - [2024-03-04T10:16:42.990+0000] {dag.py:3823} INFO - Setting next_dagrun for example_external_task_marker_child to None, run_after=None
[2024-03-04T10:16:42.996+0000] {logging_mixin.py:188} INFO - [2024-03-04T10:16:42.995+0000] {dag.py:3823} INFO - Setting next_dagrun for example_external_task_marker_parent to None, run_after=None
[2024-03-04T10:16:43.020+0000] {processor.py:183} INFO - Processing /home/airflow/.local/lib/python3.8/site-packages/airflow/example_dags/example_external_task_marker_dag.py took 0.099 seconds
