[2024-03-04T09:52:08.789+0000] {processor.py:161} INFO - Started process (PID=45) to work on /home/airflow/.local/lib/python3.8/site-packages/airflow/example_dags/example_python_decorator.py
[2024-03-04T09:52:08.791+0000] {processor.py:830} INFO - Processing file /home/airflow/.local/lib/python3.8/site-packages/airflow/example_dags/example_python_decorator.py for tasks to queue
[2024-03-04T09:52:08.795+0000] {logging_mixin.py:188} INFO - [2024-03-04T09:52:08.794+0000] {dagbag.py:538} INFO - Filling up the DagBag from /home/airflow/.local/lib/python3.8/site-packages/airflow/example_dags/example_python_decorator.py
[2024-03-04T09:52:08.860+0000] {processor.py:840} INFO - DAG(s) 'example_python_decorator' retrieved from /home/airflow/.local/lib/python3.8/site-packages/airflow/example_dags/example_python_decorator.py
[2024-03-04T09:52:09.097+0000] {logging_mixin.py:188} INFO - [2024-03-04T09:52:09.096+0000] {override.py:1769} INFO - Created Permission View: can read on DAG:example_python_decorator
[2024-03-04T09:52:09.122+0000] {logging_mixin.py:188} INFO - [2024-03-04T09:52:09.121+0000] {override.py:1769} INFO - Created Permission View: can delete on DAG:example_python_decorator
[2024-03-04T09:52:09.142+0000] {logging_mixin.py:188} INFO - [2024-03-04T09:52:09.141+0000] {override.py:1769} INFO - Created Permission View: can edit on DAG:example_python_decorator
[2024-03-04T09:52:09.143+0000] {logging_mixin.py:188} INFO - [2024-03-04T09:52:09.143+0000] {dag.py:3036} INFO - Sync 1 DAGs
[2024-03-04T09:52:09.170+0000] {logging_mixin.py:188} INFO - [2024-03-04T09:52:09.170+0000] {dag.py:3058} INFO - Creating ORM DAG for example_python_decorator
[2024-03-04T09:52:09.172+0000] {logging_mixin.py:188} INFO - [2024-03-04T09:52:09.172+0000] {dag.py:3823} INFO - Setting next_dagrun for example_python_decorator to None, run_after=None
[2024-03-04T09:52:09.212+0000] {processor.py:183} INFO - Processing /home/airflow/.local/lib/python3.8/site-packages/airflow/example_dags/example_python_decorator.py took 0.428 seconds
[2024-03-04T09:52:39.520+0000] {processor.py:161} INFO - Started process (PID=100) to work on /home/airflow/.local/lib/python3.8/site-packages/airflow/example_dags/example_python_decorator.py
[2024-03-04T09:52:39.524+0000] {processor.py:830} INFO - Processing file /home/airflow/.local/lib/python3.8/site-packages/airflow/example_dags/example_python_decorator.py for tasks to queue
[2024-03-04T09:52:39.528+0000] {logging_mixin.py:188} INFO - [2024-03-04T09:52:39.528+0000] {dagbag.py:538} INFO - Filling up the DagBag from /home/airflow/.local/lib/python3.8/site-packages/airflow/example_dags/example_python_decorator.py
[2024-03-04T09:52:39.663+0000] {processor.py:840} INFO - DAG(s) 'example_python_decorator' retrieved from /home/airflow/.local/lib/python3.8/site-packages/airflow/example_dags/example_python_decorator.py
[2024-03-04T09:52:39.850+0000] {logging_mixin.py:188} INFO - [2024-03-04T09:52:39.850+0000] {dag.py:3036} INFO - Sync 1 DAGs
[2024-03-04T09:52:39.939+0000] {logging_mixin.py:188} INFO - [2024-03-04T09:52:39.937+0000] {dag.py:3823} INFO - Setting next_dagrun for example_python_decorator to None, run_after=None
[2024-03-04T09:52:40.092+0000] {processor.py:183} INFO - Processing /home/airflow/.local/lib/python3.8/site-packages/airflow/example_dags/example_python_decorator.py took 0.594 seconds
[2024-03-04T09:53:10.872+0000] {processor.py:161} INFO - Started process (PID=158) to work on /home/airflow/.local/lib/python3.8/site-packages/airflow/example_dags/example_python_decorator.py
[2024-03-04T09:53:10.882+0000] {processor.py:830} INFO - Processing file /home/airflow/.local/lib/python3.8/site-packages/airflow/example_dags/example_python_decorator.py for tasks to queue
[2024-03-04T09:53:10.889+0000] {logging_mixin.py:188} INFO - [2024-03-04T09:53:10.888+0000] {dagbag.py:538} INFO - Filling up the DagBag from /home/airflow/.local/lib/python3.8/site-packages/airflow/example_dags/example_python_decorator.py
[2024-03-04T09:53:10.973+0000] {processor.py:840} INFO - DAG(s) 'example_python_decorator' retrieved from /home/airflow/.local/lib/python3.8/site-packages/airflow/example_dags/example_python_decorator.py
[2024-03-04T09:53:11.072+0000] {logging_mixin.py:188} INFO - [2024-03-04T09:53:11.070+0000] {dag.py:3036} INFO - Sync 1 DAGs
[2024-03-04T09:53:11.115+0000] {logging_mixin.py:188} INFO - [2024-03-04T09:53:11.114+0000] {dag.py:3823} INFO - Setting next_dagrun for example_python_decorator to None, run_after=None
[2024-03-04T09:53:11.215+0000] {processor.py:183} INFO - Processing /home/airflow/.local/lib/python3.8/site-packages/airflow/example_dags/example_python_decorator.py took 0.357 seconds
[2024-03-04T09:53:41.467+0000] {processor.py:161} INFO - Started process (PID=215) to work on /home/airflow/.local/lib/python3.8/site-packages/airflow/example_dags/example_python_decorator.py
[2024-03-04T09:53:41.469+0000] {processor.py:830} INFO - Processing file /home/airflow/.local/lib/python3.8/site-packages/airflow/example_dags/example_python_decorator.py for tasks to queue
[2024-03-04T09:53:41.473+0000] {logging_mixin.py:188} INFO - [2024-03-04T09:53:41.473+0000] {dagbag.py:538} INFO - Filling up the DagBag from /home/airflow/.local/lib/python3.8/site-packages/airflow/example_dags/example_python_decorator.py
[2024-03-04T09:53:41.507+0000] {processor.py:840} INFO - DAG(s) 'example_python_decorator' retrieved from /home/airflow/.local/lib/python3.8/site-packages/airflow/example_dags/example_python_decorator.py
[2024-03-04T09:53:41.559+0000] {logging_mixin.py:188} INFO - [2024-03-04T09:53:41.559+0000] {dag.py:3036} INFO - Sync 1 DAGs
[2024-03-04T09:53:41.588+0000] {logging_mixin.py:188} INFO - [2024-03-04T09:53:41.587+0000] {dag.py:3823} INFO - Setting next_dagrun for example_python_decorator to None, run_after=None
[2024-03-04T09:53:41.630+0000] {processor.py:183} INFO - Processing /home/airflow/.local/lib/python3.8/site-packages/airflow/example_dags/example_python_decorator.py took 0.171 seconds
[2024-03-04T09:56:30.580+0000] {processor.py:161} INFO - Started process (PID=39) to work on /home/airflow/.local/lib/python3.8/site-packages/airflow/example_dags/example_python_decorator.py
[2024-03-04T09:56:30.581+0000] {processor.py:830} INFO - Processing file /home/airflow/.local/lib/python3.8/site-packages/airflow/example_dags/example_python_decorator.py for tasks to queue
[2024-03-04T09:56:30.584+0000] {logging_mixin.py:188} INFO - [2024-03-04T09:56:30.584+0000] {dagbag.py:538} INFO - Filling up the DagBag from /home/airflow/.local/lib/python3.8/site-packages/airflow/example_dags/example_python_decorator.py
[2024-03-04T09:56:30.619+0000] {processor.py:840} INFO - DAG(s) 'example_python_decorator' retrieved from /home/airflow/.local/lib/python3.8/site-packages/airflow/example_dags/example_python_decorator.py
[2024-03-04T09:56:30.798+0000] {logging_mixin.py:188} INFO - [2024-03-04T09:56:30.798+0000] {dag.py:3036} INFO - Sync 1 DAGs
[2024-03-04T09:56:30.816+0000] {logging_mixin.py:188} INFO - [2024-03-04T09:56:30.815+0000] {dag.py:3823} INFO - Setting next_dagrun for example_python_decorator to None, run_after=None
[2024-03-04T09:56:30.849+0000] {processor.py:183} INFO - Processing /home/airflow/.local/lib/python3.8/site-packages/airflow/example_dags/example_python_decorator.py took 0.274 seconds
[2024-03-04T09:57:01.402+0000] {processor.py:161} INFO - Started process (PID=94) to work on /home/airflow/.local/lib/python3.8/site-packages/airflow/example_dags/example_python_decorator.py
[2024-03-04T09:57:01.404+0000] {processor.py:830} INFO - Processing file /home/airflow/.local/lib/python3.8/site-packages/airflow/example_dags/example_python_decorator.py for tasks to queue
[2024-03-04T09:57:01.406+0000] {logging_mixin.py:188} INFO - [2024-03-04T09:57:01.406+0000] {dagbag.py:538} INFO - Filling up the DagBag from /home/airflow/.local/lib/python3.8/site-packages/airflow/example_dags/example_python_decorator.py
[2024-03-04T09:57:01.425+0000] {processor.py:840} INFO - DAG(s) 'example_python_decorator' retrieved from /home/airflow/.local/lib/python3.8/site-packages/airflow/example_dags/example_python_decorator.py
[2024-03-04T09:57:01.458+0000] {logging_mixin.py:188} INFO - [2024-03-04T09:57:01.458+0000] {dag.py:3036} INFO - Sync 1 DAGs
[2024-03-04T09:57:01.474+0000] {logging_mixin.py:188} INFO - [2024-03-04T09:57:01.474+0000] {dag.py:3823} INFO - Setting next_dagrun for example_python_decorator to None, run_after=None
[2024-03-04T09:57:01.507+0000] {processor.py:183} INFO - Processing /home/airflow/.local/lib/python3.8/site-packages/airflow/example_dags/example_python_decorator.py took 0.109 seconds
[2024-03-04T09:57:32.053+0000] {processor.py:161} INFO - Started process (PID=151) to work on /home/airflow/.local/lib/python3.8/site-packages/airflow/example_dags/example_python_decorator.py
[2024-03-04T09:57:32.055+0000] {processor.py:830} INFO - Processing file /home/airflow/.local/lib/python3.8/site-packages/airflow/example_dags/example_python_decorator.py for tasks to queue
[2024-03-04T09:57:32.058+0000] {logging_mixin.py:188} INFO - [2024-03-04T09:57:32.058+0000] {dagbag.py:538} INFO - Filling up the DagBag from /home/airflow/.local/lib/python3.8/site-packages/airflow/example_dags/example_python_decorator.py
[2024-03-04T09:57:32.077+0000] {processor.py:840} INFO - DAG(s) 'example_python_decorator' retrieved from /home/airflow/.local/lib/python3.8/site-packages/airflow/example_dags/example_python_decorator.py
[2024-03-04T09:57:32.115+0000] {logging_mixin.py:188} INFO - [2024-03-04T09:57:32.115+0000] {dag.py:3036} INFO - Sync 1 DAGs
[2024-03-04T09:57:32.136+0000] {logging_mixin.py:188} INFO - [2024-03-04T09:57:32.136+0000] {dag.py:3823} INFO - Setting next_dagrun for example_python_decorator to None, run_after=None
[2024-03-04T09:57:32.190+0000] {processor.py:183} INFO - Processing /home/airflow/.local/lib/python3.8/site-packages/airflow/example_dags/example_python_decorator.py took 0.141 seconds
[2024-03-04T09:58:02.408+0000] {processor.py:161} INFO - Started process (PID=208) to work on /home/airflow/.local/lib/python3.8/site-packages/airflow/example_dags/example_python_decorator.py
[2024-03-04T09:58:02.410+0000] {processor.py:830} INFO - Processing file /home/airflow/.local/lib/python3.8/site-packages/airflow/example_dags/example_python_decorator.py for tasks to queue
[2024-03-04T09:58:02.413+0000] {logging_mixin.py:188} INFO - [2024-03-04T09:58:02.412+0000] {dagbag.py:538} INFO - Filling up the DagBag from /home/airflow/.local/lib/python3.8/site-packages/airflow/example_dags/example_python_decorator.py
[2024-03-04T09:58:02.434+0000] {processor.py:840} INFO - DAG(s) 'example_python_decorator' retrieved from /home/airflow/.local/lib/python3.8/site-packages/airflow/example_dags/example_python_decorator.py
[2024-03-04T09:58:02.480+0000] {logging_mixin.py:188} INFO - [2024-03-04T09:58:02.480+0000] {dag.py:3036} INFO - Sync 1 DAGs
[2024-03-04T09:58:02.502+0000] {logging_mixin.py:188} INFO - [2024-03-04T09:58:02.502+0000] {dag.py:3823} INFO - Setting next_dagrun for example_python_decorator to None, run_after=None
[2024-03-04T09:58:02.570+0000] {processor.py:183} INFO - Processing /home/airflow/.local/lib/python3.8/site-packages/airflow/example_dags/example_python_decorator.py took 0.168 seconds
[2024-03-04T09:58:32.626+0000] {processor.py:161} INFO - Started process (PID=268) to work on /home/airflow/.local/lib/python3.8/site-packages/airflow/example_dags/example_python_decorator.py
[2024-03-04T09:58:32.628+0000] {processor.py:830} INFO - Processing file /home/airflow/.local/lib/python3.8/site-packages/airflow/example_dags/example_python_decorator.py for tasks to queue
[2024-03-04T09:58:32.631+0000] {logging_mixin.py:188} INFO - [2024-03-04T09:58:32.630+0000] {dagbag.py:538} INFO - Filling up the DagBag from /home/airflow/.local/lib/python3.8/site-packages/airflow/example_dags/example_python_decorator.py
[2024-03-04T09:58:32.653+0000] {processor.py:840} INFO - DAG(s) 'example_python_decorator' retrieved from /home/airflow/.local/lib/python3.8/site-packages/airflow/example_dags/example_python_decorator.py
[2024-03-04T09:58:32.684+0000] {logging_mixin.py:188} INFO - [2024-03-04T09:58:32.684+0000] {dag.py:3036} INFO - Sync 1 DAGs
[2024-03-04T09:58:32.700+0000] {logging_mixin.py:188} INFO - [2024-03-04T09:58:32.700+0000] {dag.py:3823} INFO - Setting next_dagrun for example_python_decorator to None, run_after=None
[2024-03-04T09:58:32.751+0000] {processor.py:183} INFO - Processing /home/airflow/.local/lib/python3.8/site-packages/airflow/example_dags/example_python_decorator.py took 0.128 seconds
[2024-03-04T09:59:03.383+0000] {processor.py:161} INFO - Started process (PID=327) to work on /home/airflow/.local/lib/python3.8/site-packages/airflow/example_dags/example_python_decorator.py
[2024-03-04T09:59:03.384+0000] {processor.py:830} INFO - Processing file /home/airflow/.local/lib/python3.8/site-packages/airflow/example_dags/example_python_decorator.py for tasks to queue
[2024-03-04T09:59:03.388+0000] {logging_mixin.py:188} INFO - [2024-03-04T09:59:03.387+0000] {dagbag.py:538} INFO - Filling up the DagBag from /home/airflow/.local/lib/python3.8/site-packages/airflow/example_dags/example_python_decorator.py
[2024-03-04T09:59:03.414+0000] {processor.py:840} INFO - DAG(s) 'example_python_decorator' retrieved from /home/airflow/.local/lib/python3.8/site-packages/airflow/example_dags/example_python_decorator.py
[2024-03-04T09:59:03.452+0000] {logging_mixin.py:188} INFO - [2024-03-04T09:59:03.452+0000] {dag.py:3036} INFO - Sync 1 DAGs
[2024-03-04T09:59:03.476+0000] {logging_mixin.py:188} INFO - [2024-03-04T09:59:03.475+0000] {dag.py:3823} INFO - Setting next_dagrun for example_python_decorator to None, run_after=None
[2024-03-04T09:59:03.540+0000] {processor.py:183} INFO - Processing /home/airflow/.local/lib/python3.8/site-packages/airflow/example_dags/example_python_decorator.py took 0.163 seconds
[2024-03-04T09:59:33.730+0000] {processor.py:161} INFO - Started process (PID=384) to work on /home/airflow/.local/lib/python3.8/site-packages/airflow/example_dags/example_python_decorator.py
[2024-03-04T09:59:33.732+0000] {processor.py:830} INFO - Processing file /home/airflow/.local/lib/python3.8/site-packages/airflow/example_dags/example_python_decorator.py for tasks to queue
[2024-03-04T09:59:33.734+0000] {logging_mixin.py:188} INFO - [2024-03-04T09:59:33.734+0000] {dagbag.py:538} INFO - Filling up the DagBag from /home/airflow/.local/lib/python3.8/site-packages/airflow/example_dags/example_python_decorator.py
[2024-03-04T09:59:33.758+0000] {processor.py:840} INFO - DAG(s) 'example_python_decorator' retrieved from /home/airflow/.local/lib/python3.8/site-packages/airflow/example_dags/example_python_decorator.py
[2024-03-04T09:59:33.791+0000] {logging_mixin.py:188} INFO - [2024-03-04T09:59:33.790+0000] {dag.py:3036} INFO - Sync 1 DAGs
[2024-03-04T09:59:33.808+0000] {logging_mixin.py:188} INFO - [2024-03-04T09:59:33.808+0000] {dag.py:3823} INFO - Setting next_dagrun for example_python_decorator to None, run_after=None
[2024-03-04T09:59:33.860+0000] {processor.py:183} INFO - Processing /home/airflow/.local/lib/python3.8/site-packages/airflow/example_dags/example_python_decorator.py took 0.135 seconds
[2024-03-04T10:00:04.290+0000] {processor.py:161} INFO - Started process (PID=441) to work on /home/airflow/.local/lib/python3.8/site-packages/airflow/example_dags/example_python_decorator.py
[2024-03-04T10:00:04.292+0000] {processor.py:830} INFO - Processing file /home/airflow/.local/lib/python3.8/site-packages/airflow/example_dags/example_python_decorator.py for tasks to queue
[2024-03-04T10:00:04.296+0000] {logging_mixin.py:188} INFO - [2024-03-04T10:00:04.295+0000] {dagbag.py:538} INFO - Filling up the DagBag from /home/airflow/.local/lib/python3.8/site-packages/airflow/example_dags/example_python_decorator.py
[2024-03-04T10:00:04.331+0000] {processor.py:840} INFO - DAG(s) 'example_python_decorator' retrieved from /home/airflow/.local/lib/python3.8/site-packages/airflow/example_dags/example_python_decorator.py
[2024-03-04T10:00:04.394+0000] {logging_mixin.py:188} INFO - [2024-03-04T10:00:04.393+0000] {dag.py:3036} INFO - Sync 1 DAGs
[2024-03-04T10:00:04.424+0000] {logging_mixin.py:188} INFO - [2024-03-04T10:00:04.424+0000] {dag.py:3823} INFO - Setting next_dagrun for example_python_decorator to None, run_after=None
[2024-03-04T10:00:04.469+0000] {processor.py:183} INFO - Processing /home/airflow/.local/lib/python3.8/site-packages/airflow/example_dags/example_python_decorator.py took 0.187 seconds
[2024-03-04T10:00:34.659+0000] {processor.py:161} INFO - Started process (PID=502) to work on /home/airflow/.local/lib/python3.8/site-packages/airflow/example_dags/example_python_decorator.py
[2024-03-04T10:00:34.661+0000] {processor.py:830} INFO - Processing file /home/airflow/.local/lib/python3.8/site-packages/airflow/example_dags/example_python_decorator.py for tasks to queue
[2024-03-04T10:00:34.664+0000] {logging_mixin.py:188} INFO - [2024-03-04T10:00:34.663+0000] {dagbag.py:538} INFO - Filling up the DagBag from /home/airflow/.local/lib/python3.8/site-packages/airflow/example_dags/example_python_decorator.py
[2024-03-04T10:00:34.686+0000] {processor.py:840} INFO - DAG(s) 'example_python_decorator' retrieved from /home/airflow/.local/lib/python3.8/site-packages/airflow/example_dags/example_python_decorator.py
[2024-03-04T10:00:34.722+0000] {logging_mixin.py:188} INFO - [2024-03-04T10:00:34.722+0000] {dag.py:3036} INFO - Sync 1 DAGs
[2024-03-04T10:00:34.739+0000] {logging_mixin.py:188} INFO - [2024-03-04T10:00:34.739+0000] {dag.py:3823} INFO - Setting next_dagrun for example_python_decorator to None, run_after=None
[2024-03-04T10:00:34.765+0000] {processor.py:183} INFO - Processing /home/airflow/.local/lib/python3.8/site-packages/airflow/example_dags/example_python_decorator.py took 0.111 seconds
[2024-03-04T10:01:05.096+0000] {processor.py:161} INFO - Started process (PID=559) to work on /home/airflow/.local/lib/python3.8/site-packages/airflow/example_dags/example_python_decorator.py
[2024-03-04T10:01:05.097+0000] {processor.py:830} INFO - Processing file /home/airflow/.local/lib/python3.8/site-packages/airflow/example_dags/example_python_decorator.py for tasks to queue
[2024-03-04T10:01:05.100+0000] {logging_mixin.py:188} INFO - [2024-03-04T10:01:05.099+0000] {dagbag.py:538} INFO - Filling up the DagBag from /home/airflow/.local/lib/python3.8/site-packages/airflow/example_dags/example_python_decorator.py
[2024-03-04T10:01:05.118+0000] {processor.py:840} INFO - DAG(s) 'example_python_decorator' retrieved from /home/airflow/.local/lib/python3.8/site-packages/airflow/example_dags/example_python_decorator.py
[2024-03-04T10:01:05.154+0000] {logging_mixin.py:188} INFO - [2024-03-04T10:01:05.154+0000] {dag.py:3036} INFO - Sync 1 DAGs
[2024-03-04T10:01:05.172+0000] {logging_mixin.py:188} INFO - [2024-03-04T10:01:05.172+0000] {dag.py:3823} INFO - Setting next_dagrun for example_python_decorator to None, run_after=None
[2024-03-04T10:01:05.204+0000] {processor.py:183} INFO - Processing /home/airflow/.local/lib/python3.8/site-packages/airflow/example_dags/example_python_decorator.py took 0.113 seconds
[2024-03-04T10:01:35.328+0000] {processor.py:161} INFO - Started process (PID=616) to work on /home/airflow/.local/lib/python3.8/site-packages/airflow/example_dags/example_python_decorator.py
[2024-03-04T10:01:35.330+0000] {processor.py:830} INFO - Processing file /home/airflow/.local/lib/python3.8/site-packages/airflow/example_dags/example_python_decorator.py for tasks to queue
[2024-03-04T10:01:35.336+0000] {logging_mixin.py:188} INFO - [2024-03-04T10:01:35.335+0000] {dagbag.py:538} INFO - Filling up the DagBag from /home/airflow/.local/lib/python3.8/site-packages/airflow/example_dags/example_python_decorator.py
[2024-03-04T10:01:35.366+0000] {processor.py:840} INFO - DAG(s) 'example_python_decorator' retrieved from /home/airflow/.local/lib/python3.8/site-packages/airflow/example_dags/example_python_decorator.py
[2024-03-04T10:01:35.419+0000] {logging_mixin.py:188} INFO - [2024-03-04T10:01:35.418+0000] {dag.py:3036} INFO - Sync 1 DAGs
[2024-03-04T10:01:35.452+0000] {logging_mixin.py:188} INFO - [2024-03-04T10:01:35.452+0000] {dag.py:3823} INFO - Setting next_dagrun for example_python_decorator to None, run_after=None
[2024-03-04T10:01:35.496+0000] {processor.py:183} INFO - Processing /home/airflow/.local/lib/python3.8/site-packages/airflow/example_dags/example_python_decorator.py took 0.175 seconds
[2024-03-04T10:04:55.870+0000] {processor.py:161} INFO - Started process (PID=38) to work on /home/airflow/.local/lib/python3.8/site-packages/airflow/example_dags/example_python_decorator.py
[2024-03-04T10:04:55.873+0000] {processor.py:830} INFO - Processing file /home/airflow/.local/lib/python3.8/site-packages/airflow/example_dags/example_python_decorator.py for tasks to queue
[2024-03-04T10:04:55.879+0000] {logging_mixin.py:188} INFO - [2024-03-04T10:04:55.878+0000] {dagbag.py:538} INFO - Filling up the DagBag from /home/airflow/.local/lib/python3.8/site-packages/airflow/example_dags/example_python_decorator.py
[2024-03-04T10:04:55.921+0000] {processor.py:840} INFO - DAG(s) 'example_python_decorator' retrieved from /home/airflow/.local/lib/python3.8/site-packages/airflow/example_dags/example_python_decorator.py
[2024-03-04T10:04:56.195+0000] {logging_mixin.py:188} INFO - [2024-03-04T10:04:56.195+0000] {dag.py:3036} INFO - Sync 1 DAGs
[2024-03-04T10:04:56.245+0000] {logging_mixin.py:188} INFO - [2024-03-04T10:04:56.245+0000] {dag.py:3823} INFO - Setting next_dagrun for example_python_decorator to None, run_after=None
[2024-03-04T10:04:56.290+0000] {processor.py:183} INFO - Processing /home/airflow/.local/lib/python3.8/site-packages/airflow/example_dags/example_python_decorator.py took 0.427 seconds
[2024-03-04T10:05:26.953+0000] {processor.py:161} INFO - Started process (PID=95) to work on /home/airflow/.local/lib/python3.8/site-packages/airflow/example_dags/example_python_decorator.py
[2024-03-04T10:05:26.956+0000] {processor.py:830} INFO - Processing file /home/airflow/.local/lib/python3.8/site-packages/airflow/example_dags/example_python_decorator.py for tasks to queue
[2024-03-04T10:05:26.959+0000] {logging_mixin.py:188} INFO - [2024-03-04T10:05:26.959+0000] {dagbag.py:538} INFO - Filling up the DagBag from /home/airflow/.local/lib/python3.8/site-packages/airflow/example_dags/example_python_decorator.py
[2024-03-04T10:05:26.990+0000] {processor.py:840} INFO - DAG(s) 'example_python_decorator' retrieved from /home/airflow/.local/lib/python3.8/site-packages/airflow/example_dags/example_python_decorator.py
[2024-03-04T10:05:27.033+0000] {logging_mixin.py:188} INFO - [2024-03-04T10:05:27.033+0000] {dag.py:3036} INFO - Sync 1 DAGs
[2024-03-04T10:05:27.053+0000] {logging_mixin.py:188} INFO - [2024-03-04T10:05:27.052+0000] {dag.py:3823} INFO - Setting next_dagrun for example_python_decorator to None, run_after=None
[2024-03-04T10:05:27.116+0000] {processor.py:183} INFO - Processing /home/airflow/.local/lib/python3.8/site-packages/airflow/example_dags/example_python_decorator.py took 0.169 seconds
[2024-03-04T10:05:57.365+0000] {processor.py:161} INFO - Started process (PID=151) to work on /home/airflow/.local/lib/python3.8/site-packages/airflow/example_dags/example_python_decorator.py
[2024-03-04T10:05:57.373+0000] {processor.py:830} INFO - Processing file /home/airflow/.local/lib/python3.8/site-packages/airflow/example_dags/example_python_decorator.py for tasks to queue
[2024-03-04T10:05:57.378+0000] {logging_mixin.py:188} INFO - [2024-03-04T10:05:57.377+0000] {dagbag.py:538} INFO - Filling up the DagBag from /home/airflow/.local/lib/python3.8/site-packages/airflow/example_dags/example_python_decorator.py
[2024-03-04T10:05:57.445+0000] {processor.py:840} INFO - DAG(s) 'example_python_decorator' retrieved from /home/airflow/.local/lib/python3.8/site-packages/airflow/example_dags/example_python_decorator.py
[2024-03-04T10:05:57.618+0000] {logging_mixin.py:188} INFO - [2024-03-04T10:05:57.607+0000] {dag.py:3036} INFO - Sync 1 DAGs
[2024-03-04T10:05:57.706+0000] {logging_mixin.py:188} INFO - [2024-03-04T10:05:57.706+0000] {dag.py:3823} INFO - Setting next_dagrun for example_python_decorator to None, run_after=None
[2024-03-04T10:05:57.853+0000] {processor.py:183} INFO - Processing /home/airflow/.local/lib/python3.8/site-packages/airflow/example_dags/example_python_decorator.py took 0.514 seconds
[2024-03-04T10:11:50.379+0000] {processor.py:161} INFO - Started process (PID=38) to work on /home/airflow/.local/lib/python3.8/site-packages/airflow/example_dags/example_python_decorator.py
[2024-03-04T10:11:50.381+0000] {processor.py:830} INFO - Processing file /home/airflow/.local/lib/python3.8/site-packages/airflow/example_dags/example_python_decorator.py for tasks to queue
[2024-03-04T10:11:50.383+0000] {logging_mixin.py:188} INFO - [2024-03-04T10:11:50.383+0000] {dagbag.py:538} INFO - Filling up the DagBag from /home/airflow/.local/lib/python3.8/site-packages/airflow/example_dags/example_python_decorator.py
[2024-03-04T10:11:50.407+0000] {processor.py:840} INFO - DAG(s) 'example_python_decorator' retrieved from /home/airflow/.local/lib/python3.8/site-packages/airflow/example_dags/example_python_decorator.py
[2024-03-04T10:11:50.632+0000] {logging_mixin.py:188} INFO - [2024-03-04T10:11:50.632+0000] {dag.py:3036} INFO - Sync 1 DAGs
[2024-03-04T10:11:50.653+0000] {logging_mixin.py:188} INFO - [2024-03-04T10:11:50.652+0000] {dag.py:3823} INFO - Setting next_dagrun for example_python_decorator to None, run_after=None
[2024-03-04T10:11:50.693+0000] {processor.py:183} INFO - Processing /home/airflow/.local/lib/python3.8/site-packages/airflow/example_dags/example_python_decorator.py took 0.319 seconds
[2024-03-04T10:12:21.124+0000] {processor.py:161} INFO - Started process (PID=93) to work on /home/airflow/.local/lib/python3.8/site-packages/airflow/example_dags/example_python_decorator.py
[2024-03-04T10:12:21.126+0000] {processor.py:830} INFO - Processing file /home/airflow/.local/lib/python3.8/site-packages/airflow/example_dags/example_python_decorator.py for tasks to queue
[2024-03-04T10:12:21.129+0000] {logging_mixin.py:188} INFO - [2024-03-04T10:12:21.128+0000] {dagbag.py:538} INFO - Filling up the DagBag from /home/airflow/.local/lib/python3.8/site-packages/airflow/example_dags/example_python_decorator.py
[2024-03-04T10:12:21.148+0000] {processor.py:840} INFO - DAG(s) 'example_python_decorator' retrieved from /home/airflow/.local/lib/python3.8/site-packages/airflow/example_dags/example_python_decorator.py
[2024-03-04T10:12:21.185+0000] {logging_mixin.py:188} INFO - [2024-03-04T10:12:21.185+0000] {dag.py:3036} INFO - Sync 1 DAGs
[2024-03-04T10:12:21.203+0000] {logging_mixin.py:188} INFO - [2024-03-04T10:12:21.203+0000] {dag.py:3823} INFO - Setting next_dagrun for example_python_decorator to None, run_after=None
[2024-03-04T10:12:21.232+0000] {processor.py:183} INFO - Processing /home/airflow/.local/lib/python3.8/site-packages/airflow/example_dags/example_python_decorator.py took 0.113 seconds
[2024-03-04T10:12:51.620+0000] {processor.py:161} INFO - Started process (PID=150) to work on /home/airflow/.local/lib/python3.8/site-packages/airflow/example_dags/example_python_decorator.py
[2024-03-04T10:12:51.622+0000] {processor.py:830} INFO - Processing file /home/airflow/.local/lib/python3.8/site-packages/airflow/example_dags/example_python_decorator.py for tasks to queue
[2024-03-04T10:12:51.624+0000] {logging_mixin.py:188} INFO - [2024-03-04T10:12:51.624+0000] {dagbag.py:538} INFO - Filling up the DagBag from /home/airflow/.local/lib/python3.8/site-packages/airflow/example_dags/example_python_decorator.py
[2024-03-04T10:12:51.642+0000] {processor.py:840} INFO - DAG(s) 'example_python_decorator' retrieved from /home/airflow/.local/lib/python3.8/site-packages/airflow/example_dags/example_python_decorator.py
[2024-03-04T10:12:51.679+0000] {logging_mixin.py:188} INFO - [2024-03-04T10:12:51.679+0000] {dag.py:3036} INFO - Sync 1 DAGs
[2024-03-04T10:12:51.696+0000] {logging_mixin.py:188} INFO - [2024-03-04T10:12:51.696+0000] {dag.py:3823} INFO - Setting next_dagrun for example_python_decorator to None, run_after=None
[2024-03-04T10:12:51.726+0000] {processor.py:183} INFO - Processing /home/airflow/.local/lib/python3.8/site-packages/airflow/example_dags/example_python_decorator.py took 0.111 seconds
[2024-03-04T10:15:38.596+0000] {processor.py:161} INFO - Started process (PID=38) to work on /home/airflow/.local/lib/python3.8/site-packages/airflow/example_dags/example_python_decorator.py
[2024-03-04T10:15:38.597+0000] {processor.py:830} INFO - Processing file /home/airflow/.local/lib/python3.8/site-packages/airflow/example_dags/example_python_decorator.py for tasks to queue
[2024-03-04T10:15:38.601+0000] {logging_mixin.py:188} INFO - [2024-03-04T10:15:38.600+0000] {dagbag.py:538} INFO - Filling up the DagBag from /home/airflow/.local/lib/python3.8/site-packages/airflow/example_dags/example_python_decorator.py
[2024-03-04T10:15:38.627+0000] {processor.py:840} INFO - DAG(s) 'example_python_decorator' retrieved from /home/airflow/.local/lib/python3.8/site-packages/airflow/example_dags/example_python_decorator.py
[2024-03-04T10:15:38.648+0000] {logging_mixin.py:188} INFO - [2024-03-04T10:15:38.648+0000] {dag.py:3036} INFO - Sync 1 DAGs
[2024-03-04T10:15:38.673+0000] {logging_mixin.py:188} INFO - [2024-03-04T10:15:38.673+0000] {dag.py:3823} INFO - Setting next_dagrun for example_python_decorator to None, run_after=None
[2024-03-04T10:15:38.707+0000] {processor.py:183} INFO - Processing /home/airflow/.local/lib/python3.8/site-packages/airflow/example_dags/example_python_decorator.py took 0.116 seconds
[2024-03-04T10:16:09.297+0000] {processor.py:161} INFO - Started process (PID=93) to work on /home/airflow/.local/lib/python3.8/site-packages/airflow/example_dags/example_python_decorator.py
[2024-03-04T10:16:09.299+0000] {processor.py:830} INFO - Processing file /home/airflow/.local/lib/python3.8/site-packages/airflow/example_dags/example_python_decorator.py for tasks to queue
[2024-03-04T10:16:09.303+0000] {logging_mixin.py:188} INFO - [2024-03-04T10:16:09.302+0000] {dagbag.py:538} INFO - Filling up the DagBag from /home/airflow/.local/lib/python3.8/site-packages/airflow/example_dags/example_python_decorator.py
[2024-03-04T10:16:09.330+0000] {processor.py:840} INFO - DAG(s) 'example_python_decorator' retrieved from /home/airflow/.local/lib/python3.8/site-packages/airflow/example_dags/example_python_decorator.py
[2024-03-04T10:16:09.532+0000] {logging_mixin.py:188} INFO - [2024-03-04T10:16:09.532+0000] {dag.py:3036} INFO - Sync 1 DAGs
[2024-03-04T10:16:09.550+0000] {logging_mixin.py:188} INFO - [2024-03-04T10:16:09.549+0000] {dag.py:3823} INFO - Setting next_dagrun for example_python_decorator to None, run_after=None
[2024-03-04T10:16:09.582+0000] {processor.py:183} INFO - Processing /home/airflow/.local/lib/python3.8/site-packages/airflow/example_dags/example_python_decorator.py took 0.292 seconds
[2024-03-04T10:16:39.838+0000] {processor.py:161} INFO - Started process (PID=150) to work on /home/airflow/.local/lib/python3.8/site-packages/airflow/example_dags/example_python_decorator.py
[2024-03-04T10:16:39.839+0000] {processor.py:830} INFO - Processing file /home/airflow/.local/lib/python3.8/site-packages/airflow/example_dags/example_python_decorator.py for tasks to queue
[2024-03-04T10:16:39.842+0000] {logging_mixin.py:188} INFO - [2024-03-04T10:16:39.842+0000] {dagbag.py:538} INFO - Filling up the DagBag from /home/airflow/.local/lib/python3.8/site-packages/airflow/example_dags/example_python_decorator.py
[2024-03-04T10:16:39.866+0000] {processor.py:840} INFO - DAG(s) 'example_python_decorator' retrieved from /home/airflow/.local/lib/python3.8/site-packages/airflow/example_dags/example_python_decorator.py
[2024-03-04T10:16:39.904+0000] {logging_mixin.py:188} INFO - [2024-03-04T10:16:39.904+0000] {dag.py:3036} INFO - Sync 1 DAGs
[2024-03-04T10:16:39.924+0000] {logging_mixin.py:188} INFO - [2024-03-04T10:16:39.924+0000] {dag.py:3823} INFO - Setting next_dagrun for example_python_decorator to None, run_after=None
[2024-03-04T10:16:39.958+0000] {processor.py:183} INFO - Processing /home/airflow/.local/lib/python3.8/site-packages/airflow/example_dags/example_python_decorator.py took 0.126 seconds
