[2024-03-04T09:52:24.189+0000] {processor.py:161} INFO - Started process (PID=84) to work on /home/airflow/.local/lib/python3.8/site-packages/airflow/example_dags/example_nested_branch_dag.py
[2024-03-04T09:52:24.191+0000] {processor.py:830} INFO - Processing file /home/airflow/.local/lib/python3.8/site-packages/airflow/example_dags/example_nested_branch_dag.py for tasks to queue
[2024-03-04T09:52:24.196+0000] {logging_mixin.py:188} INFO - [2024-03-04T09:52:24.195+0000] {dagbag.py:538} INFO - Filling up the DagBag from /home/airflow/.local/lib/python3.8/site-packages/airflow/example_dags/example_nested_branch_dag.py
[2024-03-04T09:52:24.228+0000] {processor.py:840} INFO - DAG(s) 'example_nested_branch_dag' retrieved from /home/airflow/.local/lib/python3.8/site-packages/airflow/example_dags/example_nested_branch_dag.py
[2024-03-04T09:52:24.593+0000] {logging_mixin.py:188} INFO - [2024-03-04T09:52:24.591+0000] {override.py:1769} INFO - Created Permission View: can read on DAG:example_nested_branch_dag
[2024-03-04T09:52:24.624+0000] {logging_mixin.py:188} INFO - [2024-03-04T09:52:24.623+0000] {override.py:1769} INFO - Created Permission View: can delete on DAG:example_nested_branch_dag
[2024-03-04T09:52:24.650+0000] {logging_mixin.py:188} INFO - [2024-03-04T09:52:24.649+0000] {override.py:1769} INFO - Created Permission View: can edit on DAG:example_nested_branch_dag
[2024-03-04T09:52:24.655+0000] {logging_mixin.py:188} INFO - [2024-03-04T09:52:24.655+0000] {dag.py:3036} INFO - Sync 1 DAGs
[2024-03-04T09:52:24.684+0000] {logging_mixin.py:188} INFO - [2024-03-04T09:52:24.683+0000] {dag.py:3058} INFO - Creating ORM DAG for example_nested_branch_dag
[2024-03-04T09:52:24.711+0000] {logging_mixin.py:188} INFO - [2024-03-04T09:52:24.711+0000] {dag.py:3823} INFO - Setting next_dagrun for example_nested_branch_dag to 2024-03-03 00:00:00+00:00, run_after=2024-03-04 00:00:00+00:00
[2024-03-04T09:52:24.740+0000] {processor.py:183} INFO - Processing /home/airflow/.local/lib/python3.8/site-packages/airflow/example_dags/example_nested_branch_dag.py took 0.561 seconds
[2024-03-04T09:52:55.161+0000] {processor.py:161} INFO - Started process (PID=141) to work on /home/airflow/.local/lib/python3.8/site-packages/airflow/example_dags/example_nested_branch_dag.py
[2024-03-04T09:52:55.163+0000] {processor.py:830} INFO - Processing file /home/airflow/.local/lib/python3.8/site-packages/airflow/example_dags/example_nested_branch_dag.py for tasks to queue
[2024-03-04T09:52:55.166+0000] {logging_mixin.py:188} INFO - [2024-03-04T09:52:55.166+0000] {dagbag.py:538} INFO - Filling up the DagBag from /home/airflow/.local/lib/python3.8/site-packages/airflow/example_dags/example_nested_branch_dag.py
[2024-03-04T09:52:55.190+0000] {processor.py:840} INFO - DAG(s) 'example_nested_branch_dag' retrieved from /home/airflow/.local/lib/python3.8/site-packages/airflow/example_dags/example_nested_branch_dag.py
[2024-03-04T09:52:55.233+0000] {logging_mixin.py:188} INFO - [2024-03-04T09:52:55.232+0000] {dag.py:3036} INFO - Sync 1 DAGs
[2024-03-04T09:52:55.282+0000] {logging_mixin.py:188} INFO - [2024-03-04T09:52:55.281+0000] {dag.py:3823} INFO - Setting next_dagrun for example_nested_branch_dag to 2024-03-03 00:00:00+00:00, run_after=2024-03-04 00:00:00+00:00
[2024-03-04T09:52:55.319+0000] {processor.py:183} INFO - Processing /home/airflow/.local/lib/python3.8/site-packages/airflow/example_dags/example_nested_branch_dag.py took 0.164 seconds
[2024-03-04T09:53:25.952+0000] {processor.py:161} INFO - Started process (PID=199) to work on /home/airflow/.local/lib/python3.8/site-packages/airflow/example_dags/example_nested_branch_dag.py
[2024-03-04T09:53:25.954+0000] {processor.py:830} INFO - Processing file /home/airflow/.local/lib/python3.8/site-packages/airflow/example_dags/example_nested_branch_dag.py for tasks to queue
[2024-03-04T09:53:25.958+0000] {logging_mixin.py:188} INFO - [2024-03-04T09:53:25.957+0000] {dagbag.py:538} INFO - Filling up the DagBag from /home/airflow/.local/lib/python3.8/site-packages/airflow/example_dags/example_nested_branch_dag.py
[2024-03-04T09:53:25.977+0000] {processor.py:840} INFO - DAG(s) 'example_nested_branch_dag' retrieved from /home/airflow/.local/lib/python3.8/site-packages/airflow/example_dags/example_nested_branch_dag.py
[2024-03-04T09:53:26.022+0000] {logging_mixin.py:188} INFO - [2024-03-04T09:53:26.021+0000] {dag.py:3036} INFO - Sync 1 DAGs
[2024-03-04T09:53:26.070+0000] {logging_mixin.py:188} INFO - [2024-03-04T09:53:26.069+0000] {dag.py:3823} INFO - Setting next_dagrun for example_nested_branch_dag to 2024-03-03 00:00:00+00:00, run_after=2024-03-04 00:00:00+00:00
[2024-03-04T09:53:26.152+0000] {processor.py:183} INFO - Processing /home/airflow/.local/lib/python3.8/site-packages/airflow/example_dags/example_nested_branch_dag.py took 0.206 seconds
[2024-03-04T09:56:39.335+0000] {processor.py:161} INFO - Started process (PID=84) to work on /home/airflow/.local/lib/python3.8/site-packages/airflow/example_dags/example_nested_branch_dag.py
[2024-03-04T09:56:39.337+0000] {processor.py:830} INFO - Processing file /home/airflow/.local/lib/python3.8/site-packages/airflow/example_dags/example_nested_branch_dag.py for tasks to queue
[2024-03-04T09:56:39.341+0000] {logging_mixin.py:188} INFO - [2024-03-04T09:56:39.341+0000] {dagbag.py:538} INFO - Filling up the DagBag from /home/airflow/.local/lib/python3.8/site-packages/airflow/example_dags/example_nested_branch_dag.py
[2024-03-04T09:56:39.362+0000] {processor.py:840} INFO - DAG(s) 'example_nested_branch_dag' retrieved from /home/airflow/.local/lib/python3.8/site-packages/airflow/example_dags/example_nested_branch_dag.py
[2024-03-04T09:56:39.630+0000] {logging_mixin.py:188} INFO - [2024-03-04T09:56:39.630+0000] {dag.py:3036} INFO - Sync 1 DAGs
[2024-03-04T09:56:39.674+0000] {logging_mixin.py:188} INFO - [2024-03-04T09:56:39.673+0000] {dag.py:3823} INFO - Setting next_dagrun for example_nested_branch_dag to 2024-03-03 00:00:00+00:00, run_after=2024-03-04 00:00:00+00:00
[2024-03-04T09:56:39.709+0000] {processor.py:183} INFO - Processing /home/airflow/.local/lib/python3.8/site-packages/airflow/example_dags/example_nested_branch_dag.py took 0.380 seconds
[2024-03-04T09:57:10.682+0000] {processor.py:161} INFO - Started process (PID=141) to work on /home/airflow/.local/lib/python3.8/site-packages/airflow/example_dags/example_nested_branch_dag.py
[2024-03-04T09:57:10.684+0000] {processor.py:830} INFO - Processing file /home/airflow/.local/lib/python3.8/site-packages/airflow/example_dags/example_nested_branch_dag.py for tasks to queue
[2024-03-04T09:57:10.687+0000] {logging_mixin.py:188} INFO - [2024-03-04T09:57:10.686+0000] {dagbag.py:538} INFO - Filling up the DagBag from /home/airflow/.local/lib/python3.8/site-packages/airflow/example_dags/example_nested_branch_dag.py
[2024-03-04T09:57:10.704+0000] {processor.py:840} INFO - DAG(s) 'example_nested_branch_dag' retrieved from /home/airflow/.local/lib/python3.8/site-packages/airflow/example_dags/example_nested_branch_dag.py
[2024-03-04T09:57:10.738+0000] {logging_mixin.py:188} INFO - [2024-03-04T09:57:10.738+0000] {dag.py:3036} INFO - Sync 1 DAGs
[2024-03-04T09:57:10.773+0000] {logging_mixin.py:188} INFO - [2024-03-04T09:57:10.773+0000] {dag.py:3823} INFO - Setting next_dagrun for example_nested_branch_dag to 2024-03-03 00:00:00+00:00, run_after=2024-03-04 00:00:00+00:00
[2024-03-04T09:57:10.819+0000] {processor.py:183} INFO - Processing /home/airflow/.local/lib/python3.8/site-packages/airflow/example_dags/example_nested_branch_dag.py took 0.141 seconds
[2024-03-04T09:57:41.544+0000] {processor.py:161} INFO - Started process (PID=198) to work on /home/airflow/.local/lib/python3.8/site-packages/airflow/example_dags/example_nested_branch_dag.py
[2024-03-04T09:57:41.546+0000] {processor.py:830} INFO - Processing file /home/airflow/.local/lib/python3.8/site-packages/airflow/example_dags/example_nested_branch_dag.py for tasks to queue
[2024-03-04T09:57:41.549+0000] {logging_mixin.py:188} INFO - [2024-03-04T09:57:41.549+0000] {dagbag.py:538} INFO - Filling up the DagBag from /home/airflow/.local/lib/python3.8/site-packages/airflow/example_dags/example_nested_branch_dag.py
[2024-03-04T09:57:41.568+0000] {processor.py:840} INFO - DAG(s) 'example_nested_branch_dag' retrieved from /home/airflow/.local/lib/python3.8/site-packages/airflow/example_dags/example_nested_branch_dag.py
[2024-03-04T09:57:41.603+0000] {logging_mixin.py:188} INFO - [2024-03-04T09:57:41.602+0000] {dag.py:3036} INFO - Sync 1 DAGs
[2024-03-04T09:57:41.634+0000] {logging_mixin.py:188} INFO - [2024-03-04T09:57:41.634+0000] {dag.py:3823} INFO - Setting next_dagrun for example_nested_branch_dag to 2024-03-03 00:00:00+00:00, run_after=2024-03-04 00:00:00+00:00
[2024-03-04T09:57:42.115+0000] {processor.py:183} INFO - Processing /home/airflow/.local/lib/python3.8/site-packages/airflow/example_dags/example_nested_branch_dag.py took 0.576 seconds
[2024-03-04T09:58:12.378+0000] {processor.py:161} INFO - Started process (PID=259) to work on /home/airflow/.local/lib/python3.8/site-packages/airflow/example_dags/example_nested_branch_dag.py
[2024-03-04T09:58:12.380+0000] {processor.py:830} INFO - Processing file /home/airflow/.local/lib/python3.8/site-packages/airflow/example_dags/example_nested_branch_dag.py for tasks to queue
[2024-03-04T09:58:12.384+0000] {logging_mixin.py:188} INFO - [2024-03-04T09:58:12.384+0000] {dagbag.py:538} INFO - Filling up the DagBag from /home/airflow/.local/lib/python3.8/site-packages/airflow/example_dags/example_nested_branch_dag.py
[2024-03-04T09:58:12.399+0000] {processor.py:840} INFO - DAG(s) 'example_nested_branch_dag' retrieved from /home/airflow/.local/lib/python3.8/site-packages/airflow/example_dags/example_nested_branch_dag.py
[2024-03-04T09:58:12.438+0000] {logging_mixin.py:188} INFO - [2024-03-04T09:58:12.437+0000] {dag.py:3036} INFO - Sync 1 DAGs
[2024-03-04T09:58:12.471+0000] {logging_mixin.py:188} INFO - [2024-03-04T09:58:12.471+0000] {dag.py:3823} INFO - Setting next_dagrun for example_nested_branch_dag to 2024-03-03 00:00:00+00:00, run_after=2024-03-04 00:00:00+00:00
[2024-03-04T09:58:12.502+0000] {processor.py:183} INFO - Processing /home/airflow/.local/lib/python3.8/site-packages/airflow/example_dags/example_nested_branch_dag.py took 0.130 seconds
[2024-03-04T09:58:43.128+0000] {processor.py:161} INFO - Started process (PID=317) to work on /home/airflow/.local/lib/python3.8/site-packages/airflow/example_dags/example_nested_branch_dag.py
[2024-03-04T09:58:43.130+0000] {processor.py:830} INFO - Processing file /home/airflow/.local/lib/python3.8/site-packages/airflow/example_dags/example_nested_branch_dag.py for tasks to queue
[2024-03-04T09:58:43.132+0000] {logging_mixin.py:188} INFO - [2024-03-04T09:58:43.132+0000] {dagbag.py:538} INFO - Filling up the DagBag from /home/airflow/.local/lib/python3.8/site-packages/airflow/example_dags/example_nested_branch_dag.py
[2024-03-04T09:58:43.146+0000] {processor.py:840} INFO - DAG(s) 'example_nested_branch_dag' retrieved from /home/airflow/.local/lib/python3.8/site-packages/airflow/example_dags/example_nested_branch_dag.py
[2024-03-04T09:58:43.180+0000] {logging_mixin.py:188} INFO - [2024-03-04T09:58:43.180+0000] {dag.py:3036} INFO - Sync 1 DAGs
[2024-03-04T09:58:43.213+0000] {logging_mixin.py:188} INFO - [2024-03-04T09:58:43.213+0000] {dag.py:3823} INFO - Setting next_dagrun for example_nested_branch_dag to 2024-03-03 00:00:00+00:00, run_after=2024-03-04 00:00:00+00:00
[2024-03-04T09:58:43.242+0000] {processor.py:183} INFO - Processing /home/airflow/.local/lib/python3.8/site-packages/airflow/example_dags/example_nested_branch_dag.py took 0.118 seconds
[2024-03-04T09:59:13.860+0000] {processor.py:161} INFO - Started process (PID=374) to work on /home/airflow/.local/lib/python3.8/site-packages/airflow/example_dags/example_nested_branch_dag.py
[2024-03-04T09:59:13.862+0000] {processor.py:830} INFO - Processing file /home/airflow/.local/lib/python3.8/site-packages/airflow/example_dags/example_nested_branch_dag.py for tasks to queue
[2024-03-04T09:59:13.864+0000] {logging_mixin.py:188} INFO - [2024-03-04T09:59:13.864+0000] {dagbag.py:538} INFO - Filling up the DagBag from /home/airflow/.local/lib/python3.8/site-packages/airflow/example_dags/example_nested_branch_dag.py
[2024-03-04T09:59:13.879+0000] {processor.py:840} INFO - DAG(s) 'example_nested_branch_dag' retrieved from /home/airflow/.local/lib/python3.8/site-packages/airflow/example_dags/example_nested_branch_dag.py
[2024-03-04T09:59:13.911+0000] {logging_mixin.py:188} INFO - [2024-03-04T09:59:13.910+0000] {dag.py:3036} INFO - Sync 1 DAGs
[2024-03-04T09:59:13.955+0000] {logging_mixin.py:188} INFO - [2024-03-04T09:59:13.955+0000] {dag.py:3823} INFO - Setting next_dagrun for example_nested_branch_dag to 2024-03-03 00:00:00+00:00, run_after=2024-03-04 00:00:00+00:00
[2024-03-04T09:59:14.014+0000] {processor.py:183} INFO - Processing /home/airflow/.local/lib/python3.8/site-packages/airflow/example_dags/example_nested_branch_dag.py took 0.158 seconds
[2024-03-04T09:59:44.631+0000] {processor.py:161} INFO - Started process (PID=431) to work on /home/airflow/.local/lib/python3.8/site-packages/airflow/example_dags/example_nested_branch_dag.py
[2024-03-04T09:59:44.632+0000] {processor.py:830} INFO - Processing file /home/airflow/.local/lib/python3.8/site-packages/airflow/example_dags/example_nested_branch_dag.py for tasks to queue
[2024-03-04T09:59:44.636+0000] {logging_mixin.py:188} INFO - [2024-03-04T09:59:44.635+0000] {dagbag.py:538} INFO - Filling up the DagBag from /home/airflow/.local/lib/python3.8/site-packages/airflow/example_dags/example_nested_branch_dag.py
[2024-03-04T09:59:44.655+0000] {processor.py:840} INFO - DAG(s) 'example_nested_branch_dag' retrieved from /home/airflow/.local/lib/python3.8/site-packages/airflow/example_dags/example_nested_branch_dag.py
[2024-03-04T09:59:44.700+0000] {logging_mixin.py:188} INFO - [2024-03-04T09:59:44.700+0000] {dag.py:3036} INFO - Sync 1 DAGs
[2024-03-04T09:59:44.745+0000] {logging_mixin.py:188} INFO - [2024-03-04T09:59:44.745+0000] {dag.py:3823} INFO - Setting next_dagrun for example_nested_branch_dag to 2024-03-03 00:00:00+00:00, run_after=2024-03-04 00:00:00+00:00
[2024-03-04T09:59:44.780+0000] {processor.py:183} INFO - Processing /home/airflow/.local/lib/python3.8/site-packages/airflow/example_dags/example_nested_branch_dag.py took 0.154 seconds
[2024-03-04T10:00:16.191+0000] {processor.py:161} INFO - Started process (PID=492) to work on /home/airflow/.local/lib/python3.8/site-packages/airflow/example_dags/example_nested_branch_dag.py
[2024-03-04T10:00:16.193+0000] {processor.py:830} INFO - Processing file /home/airflow/.local/lib/python3.8/site-packages/airflow/example_dags/example_nested_branch_dag.py for tasks to queue
[2024-03-04T10:00:16.196+0000] {logging_mixin.py:188} INFO - [2024-03-04T10:00:16.196+0000] {dagbag.py:538} INFO - Filling up the DagBag from /home/airflow/.local/lib/python3.8/site-packages/airflow/example_dags/example_nested_branch_dag.py
[2024-03-04T10:00:16.213+0000] {processor.py:840} INFO - DAG(s) 'example_nested_branch_dag' retrieved from /home/airflow/.local/lib/python3.8/site-packages/airflow/example_dags/example_nested_branch_dag.py
[2024-03-04T10:00:16.253+0000] {logging_mixin.py:188} INFO - [2024-03-04T10:00:16.252+0000] {dag.py:3036} INFO - Sync 1 DAGs
[2024-03-04T10:00:16.291+0000] {logging_mixin.py:188} INFO - [2024-03-04T10:00:16.290+0000] {dag.py:3823} INFO - Setting next_dagrun for example_nested_branch_dag to 2024-03-03 00:00:00+00:00, run_after=2024-03-04 00:00:00+00:00
[2024-03-04T10:00:16.326+0000] {processor.py:183} INFO - Processing /home/airflow/.local/lib/python3.8/site-packages/airflow/example_dags/example_nested_branch_dag.py took 0.142 seconds
[2024-03-04T10:00:46.899+0000] {processor.py:161} INFO - Started process (PID=549) to work on /home/airflow/.local/lib/python3.8/site-packages/airflow/example_dags/example_nested_branch_dag.py
[2024-03-04T10:00:46.900+0000] {processor.py:830} INFO - Processing file /home/airflow/.local/lib/python3.8/site-packages/airflow/example_dags/example_nested_branch_dag.py for tasks to queue
[2024-03-04T10:00:46.903+0000] {logging_mixin.py:188} INFO - [2024-03-04T10:00:46.902+0000] {dagbag.py:538} INFO - Filling up the DagBag from /home/airflow/.local/lib/python3.8/site-packages/airflow/example_dags/example_nested_branch_dag.py
[2024-03-04T10:00:46.915+0000] {processor.py:840} INFO - DAG(s) 'example_nested_branch_dag' retrieved from /home/airflow/.local/lib/python3.8/site-packages/airflow/example_dags/example_nested_branch_dag.py
[2024-03-04T10:00:46.943+0000] {logging_mixin.py:188} INFO - [2024-03-04T10:00:46.943+0000] {dag.py:3036} INFO - Sync 1 DAGs
[2024-03-04T10:00:46.973+0000] {logging_mixin.py:188} INFO - [2024-03-04T10:00:46.972+0000] {dag.py:3823} INFO - Setting next_dagrun for example_nested_branch_dag to 2024-03-03 00:00:00+00:00, run_after=2024-03-04 00:00:00+00:00
[2024-03-04T10:00:46.999+0000] {processor.py:183} INFO - Processing /home/airflow/.local/lib/python3.8/site-packages/airflow/example_dags/example_nested_branch_dag.py took 0.104 seconds
[2024-03-04T10:01:18.513+0000] {processor.py:161} INFO - Started process (PID=606) to work on /home/airflow/.local/lib/python3.8/site-packages/airflow/example_dags/example_nested_branch_dag.py
[2024-03-04T10:01:18.515+0000] {processor.py:830} INFO - Processing file /home/airflow/.local/lib/python3.8/site-packages/airflow/example_dags/example_nested_branch_dag.py for tasks to queue
[2024-03-04T10:01:18.523+0000] {logging_mixin.py:188} INFO - [2024-03-04T10:01:18.523+0000] {dagbag.py:538} INFO - Filling up the DagBag from /home/airflow/.local/lib/python3.8/site-packages/airflow/example_dags/example_nested_branch_dag.py
[2024-03-04T10:01:18.546+0000] {processor.py:840} INFO - DAG(s) 'example_nested_branch_dag' retrieved from /home/airflow/.local/lib/python3.8/site-packages/airflow/example_dags/example_nested_branch_dag.py
[2024-03-04T10:01:18.594+0000] {logging_mixin.py:188} INFO - [2024-03-04T10:01:18.594+0000] {dag.py:3036} INFO - Sync 1 DAGs
[2024-03-04T10:01:18.662+0000] {logging_mixin.py:188} INFO - [2024-03-04T10:01:18.662+0000] {dag.py:3823} INFO - Setting next_dagrun for example_nested_branch_dag to 2024-03-03 00:00:00+00:00, run_after=2024-03-04 00:00:00+00:00
[2024-03-04T10:01:18.705+0000] {processor.py:183} INFO - Processing /home/airflow/.local/lib/python3.8/site-packages/airflow/example_dags/example_nested_branch_dag.py took 0.198 seconds
[2024-03-04T10:01:49.802+0000] {processor.py:161} INFO - Started process (PID=663) to work on /home/airflow/.local/lib/python3.8/site-packages/airflow/example_dags/example_nested_branch_dag.py
[2024-03-04T10:01:49.804+0000] {processor.py:830} INFO - Processing file /home/airflow/.local/lib/python3.8/site-packages/airflow/example_dags/example_nested_branch_dag.py for tasks to queue
[2024-03-04T10:01:49.807+0000] {logging_mixin.py:188} INFO - [2024-03-04T10:01:49.806+0000] {dagbag.py:538} INFO - Filling up the DagBag from /home/airflow/.local/lib/python3.8/site-packages/airflow/example_dags/example_nested_branch_dag.py
[2024-03-04T10:01:49.824+0000] {processor.py:840} INFO - DAG(s) 'example_nested_branch_dag' retrieved from /home/airflow/.local/lib/python3.8/site-packages/airflow/example_dags/example_nested_branch_dag.py
[2024-03-04T10:01:49.856+0000] {logging_mixin.py:188} INFO - [2024-03-04T10:01:49.856+0000] {dag.py:3036} INFO - Sync 1 DAGs
[2024-03-04T10:01:49.891+0000] {logging_mixin.py:188} INFO - [2024-03-04T10:01:49.890+0000] {dag.py:3823} INFO - Setting next_dagrun for example_nested_branch_dag to 2024-03-03 00:00:00+00:00, run_after=2024-03-04 00:00:00+00:00
[2024-03-04T10:01:49.923+0000] {processor.py:183} INFO - Processing /home/airflow/.local/lib/python3.8/site-packages/airflow/example_dags/example_nested_branch_dag.py took 0.128 seconds
[2024-03-04T10:05:03.801+0000] {processor.py:161} INFO - Started process (PID=77) to work on /home/airflow/.local/lib/python3.8/site-packages/airflow/example_dags/example_nested_branch_dag.py
[2024-03-04T10:05:03.803+0000] {processor.py:830} INFO - Processing file /home/airflow/.local/lib/python3.8/site-packages/airflow/example_dags/example_nested_branch_dag.py for tasks to queue
[2024-03-04T10:05:03.805+0000] {logging_mixin.py:188} INFO - [2024-03-04T10:05:03.805+0000] {dagbag.py:538} INFO - Filling up the DagBag from /home/airflow/.local/lib/python3.8/site-packages/airflow/example_dags/example_nested_branch_dag.py
[2024-03-04T10:05:03.820+0000] {processor.py:840} INFO - DAG(s) 'example_nested_branch_dag' retrieved from /home/airflow/.local/lib/python3.8/site-packages/airflow/example_dags/example_nested_branch_dag.py
[2024-03-04T10:05:04.076+0000] {logging_mixin.py:188} INFO - [2024-03-04T10:05:04.076+0000] {dag.py:3036} INFO - Sync 1 DAGs
[2024-03-04T10:05:04.145+0000] {logging_mixin.py:188} INFO - [2024-03-04T10:05:04.145+0000] {dag.py:3823} INFO - Setting next_dagrun for example_nested_branch_dag to 2024-03-03 00:00:00+00:00, run_after=2024-03-04 00:00:00+00:00
[2024-03-04T10:05:04.211+0000] {processor.py:183} INFO - Processing /home/airflow/.local/lib/python3.8/site-packages/airflow/example_dags/example_nested_branch_dag.py took 0.415 seconds
[2024-03-04T10:05:35.060+0000] {processor.py:161} INFO - Started process (PID=141) to work on /home/airflow/.local/lib/python3.8/site-packages/airflow/example_dags/example_nested_branch_dag.py
[2024-03-04T10:05:35.062+0000] {processor.py:830} INFO - Processing file /home/airflow/.local/lib/python3.8/site-packages/airflow/example_dags/example_nested_branch_dag.py for tasks to queue
[2024-03-04T10:05:35.065+0000] {logging_mixin.py:188} INFO - [2024-03-04T10:05:35.065+0000] {dagbag.py:538} INFO - Filling up the DagBag from /home/airflow/.local/lib/python3.8/site-packages/airflow/example_dags/example_nested_branch_dag.py
[2024-03-04T10:05:35.082+0000] {processor.py:840} INFO - DAG(s) 'example_nested_branch_dag' retrieved from /home/airflow/.local/lib/python3.8/site-packages/airflow/example_dags/example_nested_branch_dag.py
[2024-03-04T10:05:35.146+0000] {logging_mixin.py:188} INFO - [2024-03-04T10:05:35.145+0000] {dag.py:3036} INFO - Sync 1 DAGs
[2024-03-04T10:05:35.197+0000] {logging_mixin.py:188} INFO - [2024-03-04T10:05:35.196+0000] {dag.py:3823} INFO - Setting next_dagrun for example_nested_branch_dag to 2024-03-03 00:00:00+00:00, run_after=2024-03-04 00:00:00+00:00
[2024-03-04T10:05:35.260+0000] {processor.py:183} INFO - Processing /home/airflow/.local/lib/python3.8/site-packages/airflow/example_dags/example_nested_branch_dag.py took 0.207 seconds
[2024-03-04T10:11:58.266+0000] {processor.py:161} INFO - Started process (PID=77) to work on /home/airflow/.local/lib/python3.8/site-packages/airflow/example_dags/example_nested_branch_dag.py
[2024-03-04T10:11:58.268+0000] {processor.py:830} INFO - Processing file /home/airflow/.local/lib/python3.8/site-packages/airflow/example_dags/example_nested_branch_dag.py for tasks to queue
[2024-03-04T10:11:58.270+0000] {logging_mixin.py:188} INFO - [2024-03-04T10:11:58.270+0000] {dagbag.py:538} INFO - Filling up the DagBag from /home/airflow/.local/lib/python3.8/site-packages/airflow/example_dags/example_nested_branch_dag.py
[2024-03-04T10:11:58.286+0000] {processor.py:840} INFO - DAG(s) 'example_nested_branch_dag' retrieved from /home/airflow/.local/lib/python3.8/site-packages/airflow/example_dags/example_nested_branch_dag.py
[2024-03-04T10:11:58.446+0000] {logging_mixin.py:188} INFO - [2024-03-04T10:11:58.446+0000] {dag.py:3036} INFO - Sync 1 DAGs
[2024-03-04T10:11:58.479+0000] {logging_mixin.py:188} INFO - [2024-03-04T10:11:58.479+0000] {dag.py:3823} INFO - Setting next_dagrun for example_nested_branch_dag to 2024-03-03 00:00:00+00:00, run_after=2024-03-04 00:00:00+00:00
[2024-03-04T10:11:58.513+0000] {processor.py:183} INFO - Processing /home/airflow/.local/lib/python3.8/site-packages/airflow/example_dags/example_nested_branch_dag.py took 0.251 seconds
[2024-03-04T10:12:28.732+0000] {processor.py:161} INFO - Started process (PID=134) to work on /home/airflow/.local/lib/python3.8/site-packages/airflow/example_dags/example_nested_branch_dag.py
[2024-03-04T10:12:28.734+0000] {processor.py:830} INFO - Processing file /home/airflow/.local/lib/python3.8/site-packages/airflow/example_dags/example_nested_branch_dag.py for tasks to queue
[2024-03-04T10:12:28.737+0000] {logging_mixin.py:188} INFO - [2024-03-04T10:12:28.736+0000] {dagbag.py:538} INFO - Filling up the DagBag from /home/airflow/.local/lib/python3.8/site-packages/airflow/example_dags/example_nested_branch_dag.py
[2024-03-04T10:12:28.763+0000] {processor.py:840} INFO - DAG(s) 'example_nested_branch_dag' retrieved from /home/airflow/.local/lib/python3.8/site-packages/airflow/example_dags/example_nested_branch_dag.py
[2024-03-04T10:12:28.820+0000] {logging_mixin.py:188} INFO - [2024-03-04T10:12:28.819+0000] {dag.py:3036} INFO - Sync 1 DAGs
[2024-03-04T10:12:28.883+0000] {logging_mixin.py:188} INFO - [2024-03-04T10:12:28.883+0000] {dag.py:3823} INFO - Setting next_dagrun for example_nested_branch_dag to 2024-03-03 00:00:00+00:00, run_after=2024-03-04 00:00:00+00:00
[2024-03-04T10:12:28.932+0000] {processor.py:183} INFO - Processing /home/airflow/.local/lib/python3.8/site-packages/airflow/example_dags/example_nested_branch_dag.py took 0.204 seconds
[2024-03-04T10:12:58.976+0000] {processor.py:161} INFO - Started process (PID=191) to work on /home/airflow/.local/lib/python3.8/site-packages/airflow/example_dags/example_nested_branch_dag.py
[2024-03-04T10:12:58.977+0000] {processor.py:830} INFO - Processing file /home/airflow/.local/lib/python3.8/site-packages/airflow/example_dags/example_nested_branch_dag.py for tasks to queue
[2024-03-04T10:12:58.980+0000] {logging_mixin.py:188} INFO - [2024-03-04T10:12:58.979+0000] {dagbag.py:538} INFO - Filling up the DagBag from /home/airflow/.local/lib/python3.8/site-packages/airflow/example_dags/example_nested_branch_dag.py
[2024-03-04T10:12:58.993+0000] {processor.py:840} INFO - DAG(s) 'example_nested_branch_dag' retrieved from /home/airflow/.local/lib/python3.8/site-packages/airflow/example_dags/example_nested_branch_dag.py
[2024-03-04T10:12:59.023+0000] {logging_mixin.py:188} INFO - [2024-03-04T10:12:59.023+0000] {dag.py:3036} INFO - Sync 1 DAGs
[2024-03-04T10:12:59.052+0000] {logging_mixin.py:188} INFO - [2024-03-04T10:12:59.052+0000] {dag.py:3823} INFO - Setting next_dagrun for example_nested_branch_dag to 2024-03-03 00:00:00+00:00, run_after=2024-03-04 00:00:00+00:00
[2024-03-04T10:12:59.081+0000] {processor.py:183} INFO - Processing /home/airflow/.local/lib/python3.8/site-packages/airflow/example_dags/example_nested_branch_dag.py took 0.110 seconds
[2024-03-04T10:15:46.514+0000] {processor.py:161} INFO - Started process (PID=77) to work on /home/airflow/.local/lib/python3.8/site-packages/airflow/example_dags/example_nested_branch_dag.py
[2024-03-04T10:15:46.516+0000] {processor.py:830} INFO - Processing file /home/airflow/.local/lib/python3.8/site-packages/airflow/example_dags/example_nested_branch_dag.py for tasks to queue
[2024-03-04T10:15:46.519+0000] {logging_mixin.py:188} INFO - [2024-03-04T10:15:46.518+0000] {dagbag.py:538} INFO - Filling up the DagBag from /home/airflow/.local/lib/python3.8/site-packages/airflow/example_dags/example_nested_branch_dag.py
[2024-03-04T10:15:46.532+0000] {processor.py:840} INFO - DAG(s) 'example_nested_branch_dag' retrieved from /home/airflow/.local/lib/python3.8/site-packages/airflow/example_dags/example_nested_branch_dag.py
[2024-03-04T10:15:46.710+0000] {logging_mixin.py:188} INFO - [2024-03-04T10:15:46.709+0000] {dag.py:3036} INFO - Sync 1 DAGs
[2024-03-04T10:15:46.744+0000] {logging_mixin.py:188} INFO - [2024-03-04T10:15:46.744+0000] {dag.py:3823} INFO - Setting next_dagrun for example_nested_branch_dag to 2024-03-03 00:00:00+00:00, run_after=2024-03-04 00:00:00+00:00
[2024-03-04T10:15:46.775+0000] {processor.py:183} INFO - Processing /home/airflow/.local/lib/python3.8/site-packages/airflow/example_dags/example_nested_branch_dag.py took 0.264 seconds
[2024-03-04T10:16:17.323+0000] {processor.py:161} INFO - Started process (PID=134) to work on /home/airflow/.local/lib/python3.8/site-packages/airflow/example_dags/example_nested_branch_dag.py
[2024-03-04T10:16:17.325+0000] {processor.py:830} INFO - Processing file /home/airflow/.local/lib/python3.8/site-packages/airflow/example_dags/example_nested_branch_dag.py for tasks to queue
[2024-03-04T10:16:17.328+0000] {logging_mixin.py:188} INFO - [2024-03-04T10:16:17.328+0000] {dagbag.py:538} INFO - Filling up the DagBag from /home/airflow/.local/lib/python3.8/site-packages/airflow/example_dags/example_nested_branch_dag.py
[2024-03-04T10:16:17.353+0000] {processor.py:840} INFO - DAG(s) 'example_nested_branch_dag' retrieved from /home/airflow/.local/lib/python3.8/site-packages/airflow/example_dags/example_nested_branch_dag.py
[2024-03-04T10:16:17.404+0000] {logging_mixin.py:188} INFO - [2024-03-04T10:16:17.404+0000] {dag.py:3036} INFO - Sync 1 DAGs
[2024-03-04T10:16:17.455+0000] {logging_mixin.py:188} INFO - [2024-03-04T10:16:17.455+0000] {dag.py:3823} INFO - Setting next_dagrun for example_nested_branch_dag to 2024-03-03 00:00:00+00:00, run_after=2024-03-04 00:00:00+00:00
[2024-03-04T10:16:17.487+0000] {processor.py:183} INFO - Processing /home/airflow/.local/lib/python3.8/site-packages/airflow/example_dags/example_nested_branch_dag.py took 0.171 seconds
[2024-03-04T10:16:47.594+0000] {processor.py:161} INFO - Started process (PID=191) to work on /home/airflow/.local/lib/python3.8/site-packages/airflow/example_dags/example_nested_branch_dag.py
[2024-03-04T10:16:47.595+0000] {processor.py:830} INFO - Processing file /home/airflow/.local/lib/python3.8/site-packages/airflow/example_dags/example_nested_branch_dag.py for tasks to queue
[2024-03-04T10:16:47.600+0000] {logging_mixin.py:188} INFO - [2024-03-04T10:16:47.599+0000] {dagbag.py:538} INFO - Filling up the DagBag from /home/airflow/.local/lib/python3.8/site-packages/airflow/example_dags/example_nested_branch_dag.py
[2024-03-04T10:16:47.613+0000] {processor.py:840} INFO - DAG(s) 'example_nested_branch_dag' retrieved from /home/airflow/.local/lib/python3.8/site-packages/airflow/example_dags/example_nested_branch_dag.py
[2024-03-04T10:16:47.646+0000] {logging_mixin.py:188} INFO - [2024-03-04T10:16:47.645+0000] {dag.py:3036} INFO - Sync 1 DAGs
[2024-03-04T10:16:47.680+0000] {logging_mixin.py:188} INFO - [2024-03-04T10:16:47.680+0000] {dag.py:3823} INFO - Setting next_dagrun for example_nested_branch_dag to 2024-03-03 00:00:00+00:00, run_after=2024-03-04 00:00:00+00:00
[2024-03-04T10:16:47.710+0000] {processor.py:183} INFO - Processing /home/airflow/.local/lib/python3.8/site-packages/airflow/example_dags/example_nested_branch_dag.py took 0.120 seconds
