[2024-03-04T09:52:21.202+0000] {processor.py:161} INFO - Started process (PID=75) to work on /home/airflow/.local/lib/python3.8/site-packages/airflow/example_dags/example_subdag_operator.py
[2024-03-04T09:52:21.203+0000] {processor.py:830} INFO - Processing file /home/airflow/.local/lib/python3.8/site-packages/airflow/example_dags/example_subdag_operator.py for tasks to queue
[2024-03-04T09:52:21.207+0000] {logging_mixin.py:188} INFO - [2024-03-04T09:52:21.207+0000] {dagbag.py:538} INFO - Filling up the DagBag from /home/airflow/.local/lib/python3.8/site-packages/airflow/example_dags/example_subdag_operator.py
[2024-03-04T09:52:21.273+0000] {processor.py:840} INFO - DAG(s) 'example_subdag_operator.section-1', 'example_subdag_operator.section-2', 'example_subdag_operator' retrieved from /home/airflow/.local/lib/python3.8/site-packages/airflow/example_dags/example_subdag_operator.py
[2024-03-04T09:52:21.611+0000] {logging_mixin.py:188} INFO - [2024-03-04T09:52:21.610+0000] {override.py:1769} INFO - Created Permission View: can read on DAG:example_subdag_operator
[2024-03-04T09:52:21.627+0000] {logging_mixin.py:188} INFO - [2024-03-04T09:52:21.627+0000] {override.py:1769} INFO - Created Permission View: can delete on DAG:example_subdag_operator
[2024-03-04T09:52:21.639+0000] {logging_mixin.py:188} INFO - [2024-03-04T09:52:21.639+0000] {override.py:1769} INFO - Created Permission View: can edit on DAG:example_subdag_operator
[2024-03-04T09:52:21.641+0000] {logging_mixin.py:188} INFO - [2024-03-04T09:52:21.641+0000] {dag.py:3036} INFO - Sync 3 DAGs
[2024-03-04T09:52:21.665+0000] {logging_mixin.py:188} INFO - [2024-03-04T09:52:21.665+0000] {dag.py:3058} INFO - Creating ORM DAG for example_subdag_operator.section-1
[2024-03-04T09:52:21.667+0000] {logging_mixin.py:188} INFO - [2024-03-04T09:52:21.667+0000] {dag.py:3058} INFO - Creating ORM DAG for example_subdag_operator
[2024-03-04T09:52:21.669+0000] {logging_mixin.py:188} INFO - [2024-03-04T09:52:21.669+0000] {dag.py:3058} INFO - Creating ORM DAG for example_subdag_operator.section-2
[2024-03-04T09:52:21.690+0000] {logging_mixin.py:188} INFO - [2024-03-04T09:52:21.689+0000] {dag.py:3823} INFO - Setting next_dagrun for example_subdag_operator to 2022-01-01 00:00:00+00:00, run_after=2022-01-01 00:00:00+00:00
[2024-03-04T09:52:21.691+0000] {logging_mixin.py:188} INFO - [2024-03-04T09:52:21.691+0000] {dag.py:3823} INFO - Setting next_dagrun for example_subdag_operator.section-1 to None, run_after=None
[2024-03-04T09:52:21.692+0000] {logging_mixin.py:188} INFO - [2024-03-04T09:52:21.692+0000] {dag.py:3823} INFO - Setting next_dagrun for example_subdag_operator.section-2 to None, run_after=None
[2024-03-04T09:52:21.709+0000] {logging_mixin.py:188} INFO - [2024-03-04T09:52:21.709+0000] {dag.py:3036} INFO - Sync 2 DAGs
[2024-03-04T09:52:21.723+0000] {logging_mixin.py:188} INFO - [2024-03-04T09:52:21.723+0000] {dag.py:3823} INFO - Setting next_dagrun for example_subdag_operator.section-1 to None, run_after=None
[2024-03-04T09:52:21.729+0000] {logging_mixin.py:188} INFO - [2024-03-04T09:52:21.729+0000] {dag.py:3823} INFO - Setting next_dagrun for example_subdag_operator.section-2 to None, run_after=None
[2024-03-04T09:52:21.750+0000] {processor.py:183} INFO - Processing /home/airflow/.local/lib/python3.8/site-packages/airflow/example_dags/example_subdag_operator.py took 0.557 seconds
[2024-03-04T09:52:52.375+0000] {processor.py:161} INFO - Started process (PID=132) to work on /home/airflow/.local/lib/python3.8/site-packages/airflow/example_dags/example_subdag_operator.py
[2024-03-04T09:52:52.377+0000] {processor.py:830} INFO - Processing file /home/airflow/.local/lib/python3.8/site-packages/airflow/example_dags/example_subdag_operator.py for tasks to queue
[2024-03-04T09:52:52.382+0000] {logging_mixin.py:188} INFO - [2024-03-04T09:52:52.381+0000] {dagbag.py:538} INFO - Filling up the DagBag from /home/airflow/.local/lib/python3.8/site-packages/airflow/example_dags/example_subdag_operator.py
[2024-03-04T09:52:52.429+0000] {processor.py:840} INFO - DAG(s) 'example_subdag_operator.section-1', 'example_subdag_operator.section-2', 'example_subdag_operator' retrieved from /home/airflow/.local/lib/python3.8/site-packages/airflow/example_dags/example_subdag_operator.py
[2024-03-04T09:52:52.460+0000] {logging_mixin.py:188} INFO - [2024-03-04T09:52:52.460+0000] {dag.py:3036} INFO - Sync 3 DAGs
[2024-03-04T09:52:52.498+0000] {logging_mixin.py:188} INFO - [2024-03-04T09:52:52.498+0000] {dag.py:3823} INFO - Setting next_dagrun for example_subdag_operator to 2022-01-01 00:00:00+00:00, run_after=2022-01-01 00:00:00+00:00
[2024-03-04T09:52:52.504+0000] {logging_mixin.py:188} INFO - [2024-03-04T09:52:52.503+0000] {dag.py:3823} INFO - Setting next_dagrun for example_subdag_operator.section-1 to None, run_after=None
[2024-03-04T09:52:52.507+0000] {logging_mixin.py:188} INFO - [2024-03-04T09:52:52.506+0000] {dag.py:3823} INFO - Setting next_dagrun for example_subdag_operator.section-2 to None, run_after=None
[2024-03-04T09:52:52.517+0000] {logging_mixin.py:188} INFO - [2024-03-04T09:52:52.516+0000] {dag.py:3036} INFO - Sync 2 DAGs
[2024-03-04T09:52:52.525+0000] {logging_mixin.py:188} INFO - [2024-03-04T09:52:52.524+0000] {dag.py:3823} INFO - Setting next_dagrun for example_subdag_operator.section-1 to None, run_after=None
[2024-03-04T09:52:52.526+0000] {logging_mixin.py:188} INFO - [2024-03-04T09:52:52.525+0000] {dag.py:3823} INFO - Setting next_dagrun for example_subdag_operator.section-2 to None, run_after=None
[2024-03-04T09:52:52.545+0000] {processor.py:183} INFO - Processing /home/airflow/.local/lib/python3.8/site-packages/airflow/example_dags/example_subdag_operator.py took 0.177 seconds
[2024-03-04T09:53:22.706+0000] {processor.py:161} INFO - Started process (PID=191) to work on /home/airflow/.local/lib/python3.8/site-packages/airflow/example_dags/example_subdag_operator.py
[2024-03-04T09:53:22.708+0000] {processor.py:830} INFO - Processing file /home/airflow/.local/lib/python3.8/site-packages/airflow/example_dags/example_subdag_operator.py for tasks to queue
[2024-03-04T09:53:22.710+0000] {logging_mixin.py:188} INFO - [2024-03-04T09:53:22.710+0000] {dagbag.py:538} INFO - Filling up the DagBag from /home/airflow/.local/lib/python3.8/site-packages/airflow/example_dags/example_subdag_operator.py
[2024-03-04T09:53:22.758+0000] {processor.py:840} INFO - DAG(s) 'example_subdag_operator.section-1', 'example_subdag_operator.section-2', 'example_subdag_operator' retrieved from /home/airflow/.local/lib/python3.8/site-packages/airflow/example_dags/example_subdag_operator.py
[2024-03-04T09:53:22.805+0000] {logging_mixin.py:188} INFO - [2024-03-04T09:53:22.805+0000] {dag.py:3036} INFO - Sync 3 DAGs
[2024-03-04T09:53:22.851+0000] {logging_mixin.py:188} INFO - [2024-03-04T09:53:22.851+0000] {dag.py:3823} INFO - Setting next_dagrun for example_subdag_operator to 2022-01-01 00:00:00+00:00, run_after=2022-01-01 00:00:00+00:00
[2024-03-04T09:53:22.858+0000] {logging_mixin.py:188} INFO - [2024-03-04T09:53:22.858+0000] {dag.py:3823} INFO - Setting next_dagrun for example_subdag_operator.section-1 to None, run_after=None
[2024-03-04T09:53:22.860+0000] {logging_mixin.py:188} INFO - [2024-03-04T09:53:22.860+0000] {dag.py:3823} INFO - Setting next_dagrun for example_subdag_operator.section-2 to None, run_after=None
[2024-03-04T09:53:22.874+0000] {logging_mixin.py:188} INFO - [2024-03-04T09:53:22.873+0000] {dag.py:3036} INFO - Sync 2 DAGs
[2024-03-04T09:53:22.884+0000] {logging_mixin.py:188} INFO - [2024-03-04T09:53:22.883+0000] {dag.py:3823} INFO - Setting next_dagrun for example_subdag_operator.section-1 to None, run_after=None
[2024-03-04T09:53:22.885+0000] {logging_mixin.py:188} INFO - [2024-03-04T09:53:22.885+0000] {dag.py:3823} INFO - Setting next_dagrun for example_subdag_operator.section-2 to None, run_after=None
[2024-03-04T09:53:22.927+0000] {processor.py:183} INFO - Processing /home/airflow/.local/lib/python3.8/site-packages/airflow/example_dags/example_subdag_operator.py took 0.227 seconds
[2024-03-04T09:56:37.058+0000] {processor.py:161} INFO - Started process (PID=75) to work on /home/airflow/.local/lib/python3.8/site-packages/airflow/example_dags/example_subdag_operator.py
[2024-03-04T09:56:37.060+0000] {processor.py:830} INFO - Processing file /home/airflow/.local/lib/python3.8/site-packages/airflow/example_dags/example_subdag_operator.py for tasks to queue
[2024-03-04T09:56:37.063+0000] {logging_mixin.py:188} INFO - [2024-03-04T09:56:37.063+0000] {dagbag.py:538} INFO - Filling up the DagBag from /home/airflow/.local/lib/python3.8/site-packages/airflow/example_dags/example_subdag_operator.py
[2024-03-04T09:56:37.108+0000] {processor.py:840} INFO - DAG(s) 'example_subdag_operator.section-1', 'example_subdag_operator.section-2', 'example_subdag_operator' retrieved from /home/airflow/.local/lib/python3.8/site-packages/airflow/example_dags/example_subdag_operator.py
[2024-03-04T09:56:37.412+0000] {logging_mixin.py:188} INFO - [2024-03-04T09:56:37.412+0000] {dag.py:3036} INFO - Sync 3 DAGs
[2024-03-04T09:56:37.459+0000] {logging_mixin.py:188} INFO - [2024-03-04T09:56:37.458+0000] {dag.py:3823} INFO - Setting next_dagrun for example_subdag_operator to 2022-01-01 00:00:00+00:00, run_after=2022-01-01 00:00:00+00:00
[2024-03-04T09:56:37.467+0000] {logging_mixin.py:188} INFO - [2024-03-04T09:56:37.466+0000] {dag.py:3823} INFO - Setting next_dagrun for example_subdag_operator.section-1 to None, run_after=None
[2024-03-04T09:56:37.470+0000] {logging_mixin.py:188} INFO - [2024-03-04T09:56:37.469+0000] {dag.py:3823} INFO - Setting next_dagrun for example_subdag_operator.section-2 to None, run_after=None
[2024-03-04T09:56:37.502+0000] {logging_mixin.py:188} INFO - [2024-03-04T09:56:37.501+0000] {dag.py:3036} INFO - Sync 2 DAGs
[2024-03-04T09:56:37.517+0000] {logging_mixin.py:188} INFO - [2024-03-04T09:56:37.516+0000] {dag.py:3823} INFO - Setting next_dagrun for example_subdag_operator.section-1 to None, run_after=None
[2024-03-04T09:56:37.519+0000] {logging_mixin.py:188} INFO - [2024-03-04T09:56:37.518+0000] {dag.py:3823} INFO - Setting next_dagrun for example_subdag_operator.section-2 to None, run_after=None
[2024-03-04T09:56:37.665+0000] {processor.py:183} INFO - Processing /home/airflow/.local/lib/python3.8/site-packages/airflow/example_dags/example_subdag_operator.py took 0.615 seconds
[2024-03-04T09:57:07.798+0000] {processor.py:161} INFO - Started process (PID=132) to work on /home/airflow/.local/lib/python3.8/site-packages/airflow/example_dags/example_subdag_operator.py
[2024-03-04T09:57:07.799+0000] {processor.py:830} INFO - Processing file /home/airflow/.local/lib/python3.8/site-packages/airflow/example_dags/example_subdag_operator.py for tasks to queue
[2024-03-04T09:57:07.803+0000] {logging_mixin.py:188} INFO - [2024-03-04T09:57:07.802+0000] {dagbag.py:538} INFO - Filling up the DagBag from /home/airflow/.local/lib/python3.8/site-packages/airflow/example_dags/example_subdag_operator.py
[2024-03-04T09:57:07.866+0000] {processor.py:840} INFO - DAG(s) 'example_subdag_operator.section-1', 'example_subdag_operator.section-2', 'example_subdag_operator' retrieved from /home/airflow/.local/lib/python3.8/site-packages/airflow/example_dags/example_subdag_operator.py
[2024-03-04T09:57:07.893+0000] {logging_mixin.py:188} INFO - [2024-03-04T09:57:07.892+0000] {dag.py:3036} INFO - Sync 3 DAGs
[2024-03-04T09:57:07.924+0000] {logging_mixin.py:188} INFO - [2024-03-04T09:57:07.923+0000] {dag.py:3823} INFO - Setting next_dagrun for example_subdag_operator to 2022-01-01 00:00:00+00:00, run_after=2022-01-01 00:00:00+00:00
[2024-03-04T09:57:07.929+0000] {logging_mixin.py:188} INFO - [2024-03-04T09:57:07.928+0000] {dag.py:3823} INFO - Setting next_dagrun for example_subdag_operator.section-1 to None, run_after=None
[2024-03-04T09:57:07.931+0000] {logging_mixin.py:188} INFO - [2024-03-04T09:57:07.931+0000] {dag.py:3823} INFO - Setting next_dagrun for example_subdag_operator.section-2 to None, run_after=None
[2024-03-04T09:57:07.942+0000] {logging_mixin.py:188} INFO - [2024-03-04T09:57:07.942+0000] {dag.py:3036} INFO - Sync 2 DAGs
[2024-03-04T09:57:07.950+0000] {logging_mixin.py:188} INFO - [2024-03-04T09:57:07.950+0000] {dag.py:3823} INFO - Setting next_dagrun for example_subdag_operator.section-1 to None, run_after=None
[2024-03-04T09:57:07.951+0000] {logging_mixin.py:188} INFO - [2024-03-04T09:57:07.951+0000] {dag.py:3823} INFO - Setting next_dagrun for example_subdag_operator.section-2 to None, run_after=None
[2024-03-04T09:57:07.994+0000] {processor.py:183} INFO - Processing /home/airflow/.local/lib/python3.8/site-packages/airflow/example_dags/example_subdag_operator.py took 0.202 seconds
[2024-03-04T09:57:38.863+0000] {processor.py:161} INFO - Started process (PID=189) to work on /home/airflow/.local/lib/python3.8/site-packages/airflow/example_dags/example_subdag_operator.py
[2024-03-04T09:57:38.865+0000] {processor.py:830} INFO - Processing file /home/airflow/.local/lib/python3.8/site-packages/airflow/example_dags/example_subdag_operator.py for tasks to queue
[2024-03-04T09:57:38.868+0000] {logging_mixin.py:188} INFO - [2024-03-04T09:57:38.868+0000] {dagbag.py:538} INFO - Filling up the DagBag from /home/airflow/.local/lib/python3.8/site-packages/airflow/example_dags/example_subdag_operator.py
[2024-03-04T09:57:38.907+0000] {processor.py:840} INFO - DAG(s) 'example_subdag_operator.section-1', 'example_subdag_operator.section-2', 'example_subdag_operator' retrieved from /home/airflow/.local/lib/python3.8/site-packages/airflow/example_dags/example_subdag_operator.py
[2024-03-04T09:57:38.938+0000] {logging_mixin.py:188} INFO - [2024-03-04T09:57:38.938+0000] {dag.py:3036} INFO - Sync 3 DAGs
[2024-03-04T09:57:38.973+0000] {logging_mixin.py:188} INFO - [2024-03-04T09:57:38.973+0000] {dag.py:3823} INFO - Setting next_dagrun for example_subdag_operator to 2022-01-01 00:00:00+00:00, run_after=2022-01-01 00:00:00+00:00
[2024-03-04T09:57:38.979+0000] {logging_mixin.py:188} INFO - [2024-03-04T09:57:38.979+0000] {dag.py:3823} INFO - Setting next_dagrun for example_subdag_operator.section-1 to None, run_after=None
[2024-03-04T09:57:38.981+0000] {logging_mixin.py:188} INFO - [2024-03-04T09:57:38.981+0000] {dag.py:3823} INFO - Setting next_dagrun for example_subdag_operator.section-2 to None, run_after=None
[2024-03-04T09:57:38.992+0000] {logging_mixin.py:188} INFO - [2024-03-04T09:57:38.991+0000] {dag.py:3036} INFO - Sync 2 DAGs
[2024-03-04T09:57:38.999+0000] {logging_mixin.py:188} INFO - [2024-03-04T09:57:38.999+0000] {dag.py:3823} INFO - Setting next_dagrun for example_subdag_operator.section-1 to None, run_after=None
[2024-03-04T09:57:39.001+0000] {logging_mixin.py:188} INFO - [2024-03-04T09:57:39.000+0000] {dag.py:3823} INFO - Setting next_dagrun for example_subdag_operator.section-2 to None, run_after=None
[2024-03-04T09:57:39.073+0000] {processor.py:183} INFO - Processing /home/airflow/.local/lib/python3.8/site-packages/airflow/example_dags/example_subdag_operator.py took 0.215 seconds
[2024-03-04T09:58:10.441+0000] {processor.py:161} INFO - Started process (PID=250) to work on /home/airflow/.local/lib/python3.8/site-packages/airflow/example_dags/example_subdag_operator.py
[2024-03-04T09:58:10.443+0000] {processor.py:830} INFO - Processing file /home/airflow/.local/lib/python3.8/site-packages/airflow/example_dags/example_subdag_operator.py for tasks to queue
[2024-03-04T09:58:10.446+0000] {logging_mixin.py:188} INFO - [2024-03-04T09:58:10.446+0000] {dagbag.py:538} INFO - Filling up the DagBag from /home/airflow/.local/lib/python3.8/site-packages/airflow/example_dags/example_subdag_operator.py
[2024-03-04T09:58:10.491+0000] {processor.py:840} INFO - DAG(s) 'example_subdag_operator.section-1', 'example_subdag_operator.section-2', 'example_subdag_operator' retrieved from /home/airflow/.local/lib/python3.8/site-packages/airflow/example_dags/example_subdag_operator.py
[2024-03-04T09:58:10.532+0000] {logging_mixin.py:188} INFO - [2024-03-04T09:58:10.531+0000] {dag.py:3036} INFO - Sync 3 DAGs
[2024-03-04T09:58:10.581+0000] {logging_mixin.py:188} INFO - [2024-03-04T09:58:10.581+0000] {dag.py:3823} INFO - Setting next_dagrun for example_subdag_operator to 2022-01-01 00:00:00+00:00, run_after=2022-01-01 00:00:00+00:00
[2024-03-04T09:58:10.588+0000] {logging_mixin.py:188} INFO - [2024-03-04T09:58:10.588+0000] {dag.py:3823} INFO - Setting next_dagrun for example_subdag_operator.section-1 to None, run_after=None
[2024-03-04T09:58:10.594+0000] {logging_mixin.py:188} INFO - [2024-03-04T09:58:10.593+0000] {dag.py:3823} INFO - Setting next_dagrun for example_subdag_operator.section-2 to None, run_after=None
[2024-03-04T09:58:10.613+0000] {logging_mixin.py:188} INFO - [2024-03-04T09:58:10.613+0000] {dag.py:3036} INFO - Sync 2 DAGs
[2024-03-04T09:58:10.625+0000] {logging_mixin.py:188} INFO - [2024-03-04T09:58:10.624+0000] {dag.py:3823} INFO - Setting next_dagrun for example_subdag_operator.section-1 to None, run_after=None
[2024-03-04T09:58:10.627+0000] {logging_mixin.py:188} INFO - [2024-03-04T09:58:10.626+0000] {dag.py:3823} INFO - Setting next_dagrun for example_subdag_operator.section-2 to None, run_after=None
[2024-03-04T09:58:10.650+0000] {processor.py:183} INFO - Processing /home/airflow/.local/lib/python3.8/site-packages/airflow/example_dags/example_subdag_operator.py took 0.216 seconds
[2024-03-04T09:58:41.246+0000] {processor.py:161} INFO - Started process (PID=308) to work on /home/airflow/.local/lib/python3.8/site-packages/airflow/example_dags/example_subdag_operator.py
[2024-03-04T09:58:41.248+0000] {processor.py:830} INFO - Processing file /home/airflow/.local/lib/python3.8/site-packages/airflow/example_dags/example_subdag_operator.py for tasks to queue
[2024-03-04T09:58:41.252+0000] {logging_mixin.py:188} INFO - [2024-03-04T09:58:41.252+0000] {dagbag.py:538} INFO - Filling up the DagBag from /home/airflow/.local/lib/python3.8/site-packages/airflow/example_dags/example_subdag_operator.py
[2024-03-04T09:58:41.299+0000] {processor.py:840} INFO - DAG(s) 'example_subdag_operator.section-1', 'example_subdag_operator.section-2', 'example_subdag_operator' retrieved from /home/airflow/.local/lib/python3.8/site-packages/airflow/example_dags/example_subdag_operator.py
[2024-03-04T09:58:41.327+0000] {logging_mixin.py:188} INFO - [2024-03-04T09:58:41.327+0000] {dag.py:3036} INFO - Sync 3 DAGs
[2024-03-04T09:58:41.359+0000] {logging_mixin.py:188} INFO - [2024-03-04T09:58:41.358+0000] {dag.py:3823} INFO - Setting next_dagrun for example_subdag_operator to 2022-01-01 00:00:00+00:00, run_after=2022-01-01 00:00:00+00:00
[2024-03-04T09:58:41.367+0000] {logging_mixin.py:188} INFO - [2024-03-04T09:58:41.366+0000] {dag.py:3823} INFO - Setting next_dagrun for example_subdag_operator.section-1 to None, run_after=None
[2024-03-04T09:58:41.370+0000] {logging_mixin.py:188} INFO - [2024-03-04T09:58:41.370+0000] {dag.py:3823} INFO - Setting next_dagrun for example_subdag_operator.section-2 to None, run_after=None
[2024-03-04T09:58:41.383+0000] {logging_mixin.py:188} INFO - [2024-03-04T09:58:41.383+0000] {dag.py:3036} INFO - Sync 2 DAGs
[2024-03-04T09:58:41.393+0000] {logging_mixin.py:188} INFO - [2024-03-04T09:58:41.393+0000] {dag.py:3823} INFO - Setting next_dagrun for example_subdag_operator.section-1 to None, run_after=None
[2024-03-04T09:58:41.394+0000] {logging_mixin.py:188} INFO - [2024-03-04T09:58:41.394+0000] {dag.py:3823} INFO - Setting next_dagrun for example_subdag_operator.section-2 to None, run_after=None
[2024-03-04T09:58:41.416+0000] {processor.py:183} INFO - Processing /home/airflow/.local/lib/python3.8/site-packages/airflow/example_dags/example_subdag_operator.py took 0.178 seconds
[2024-03-04T09:59:11.857+0000] {processor.py:161} INFO - Started process (PID=365) to work on /home/airflow/.local/lib/python3.8/site-packages/airflow/example_dags/example_subdag_operator.py
[2024-03-04T09:59:11.859+0000] {processor.py:830} INFO - Processing file /home/airflow/.local/lib/python3.8/site-packages/airflow/example_dags/example_subdag_operator.py for tasks to queue
[2024-03-04T09:59:11.862+0000] {logging_mixin.py:188} INFO - [2024-03-04T09:59:11.862+0000] {dagbag.py:538} INFO - Filling up the DagBag from /home/airflow/.local/lib/python3.8/site-packages/airflow/example_dags/example_subdag_operator.py
[2024-03-04T09:59:11.948+0000] {processor.py:840} INFO - DAG(s) 'example_subdag_operator.section-1', 'example_subdag_operator.section-2', 'example_subdag_operator' retrieved from /home/airflow/.local/lib/python3.8/site-packages/airflow/example_dags/example_subdag_operator.py
[2024-03-04T09:59:12.009+0000] {logging_mixin.py:188} INFO - [2024-03-04T09:59:12.008+0000] {dag.py:3036} INFO - Sync 3 DAGs
[2024-03-04T09:59:12.063+0000] {logging_mixin.py:188} INFO - [2024-03-04T09:59:12.063+0000] {dag.py:3823} INFO - Setting next_dagrun for example_subdag_operator to 2022-01-01 00:00:00+00:00, run_after=2022-01-01 00:00:00+00:00
[2024-03-04T09:59:12.071+0000] {logging_mixin.py:188} INFO - [2024-03-04T09:59:12.070+0000] {dag.py:3823} INFO - Setting next_dagrun for example_subdag_operator.section-1 to None, run_after=None
[2024-03-04T09:59:12.076+0000] {logging_mixin.py:188} INFO - [2024-03-04T09:59:12.076+0000] {dag.py:3823} INFO - Setting next_dagrun for example_subdag_operator.section-2 to None, run_after=None
[2024-03-04T09:59:12.095+0000] {logging_mixin.py:188} INFO - [2024-03-04T09:59:12.095+0000] {dag.py:3036} INFO - Sync 2 DAGs
[2024-03-04T09:59:12.108+0000] {logging_mixin.py:188} INFO - [2024-03-04T09:59:12.107+0000] {dag.py:3823} INFO - Setting next_dagrun for example_subdag_operator.section-1 to None, run_after=None
[2024-03-04T09:59:12.109+0000] {logging_mixin.py:188} INFO - [2024-03-04T09:59:12.109+0000] {dag.py:3823} INFO - Setting next_dagrun for example_subdag_operator.section-2 to None, run_after=None
[2024-03-04T09:59:12.158+0000] {processor.py:183} INFO - Processing /home/airflow/.local/lib/python3.8/site-packages/airflow/example_dags/example_subdag_operator.py took 0.307 seconds
[2024-03-04T09:59:43.738+0000] {processor.py:161} INFO - Started process (PID=422) to work on /home/airflow/.local/lib/python3.8/site-packages/airflow/example_dags/example_subdag_operator.py
[2024-03-04T09:59:43.740+0000] {processor.py:830} INFO - Processing file /home/airflow/.local/lib/python3.8/site-packages/airflow/example_dags/example_subdag_operator.py for tasks to queue
[2024-03-04T09:59:43.744+0000] {logging_mixin.py:188} INFO - [2024-03-04T09:59:43.744+0000] {dagbag.py:538} INFO - Filling up the DagBag from /home/airflow/.local/lib/python3.8/site-packages/airflow/example_dags/example_subdag_operator.py
[2024-03-04T09:59:43.792+0000] {processor.py:840} INFO - DAG(s) 'example_subdag_operator.section-1', 'example_subdag_operator.section-2', 'example_subdag_operator' retrieved from /home/airflow/.local/lib/python3.8/site-packages/airflow/example_dags/example_subdag_operator.py
[2024-03-04T09:59:43.830+0000] {logging_mixin.py:188} INFO - [2024-03-04T09:59:43.830+0000] {dag.py:3036} INFO - Sync 3 DAGs
[2024-03-04T09:59:43.877+0000] {logging_mixin.py:188} INFO - [2024-03-04T09:59:43.876+0000] {dag.py:3823} INFO - Setting next_dagrun for example_subdag_operator to 2022-01-01 00:00:00+00:00, run_after=2022-01-01 00:00:00+00:00
[2024-03-04T09:59:43.884+0000] {logging_mixin.py:188} INFO - [2024-03-04T09:59:43.883+0000] {dag.py:3823} INFO - Setting next_dagrun for example_subdag_operator.section-1 to None, run_after=None
[2024-03-04T09:59:43.887+0000] {logging_mixin.py:188} INFO - [2024-03-04T09:59:43.887+0000] {dag.py:3823} INFO - Setting next_dagrun for example_subdag_operator.section-2 to None, run_after=None
[2024-03-04T09:59:43.899+0000] {logging_mixin.py:188} INFO - [2024-03-04T09:59:43.899+0000] {dag.py:3036} INFO - Sync 2 DAGs
[2024-03-04T09:59:43.909+0000] {logging_mixin.py:188} INFO - [2024-03-04T09:59:43.909+0000] {dag.py:3823} INFO - Setting next_dagrun for example_subdag_operator.section-1 to None, run_after=None
[2024-03-04T09:59:43.910+0000] {logging_mixin.py:188} INFO - [2024-03-04T09:59:43.910+0000] {dag.py:3823} INFO - Setting next_dagrun for example_subdag_operator.section-2 to None, run_after=None
[2024-03-04T09:59:43.945+0000] {processor.py:183} INFO - Processing /home/airflow/.local/lib/python3.8/site-packages/airflow/example_dags/example_subdag_operator.py took 0.215 seconds
[2024-03-04T10:00:15.247+0000] {processor.py:161} INFO - Started process (PID=483) to work on /home/airflow/.local/lib/python3.8/site-packages/airflow/example_dags/example_subdag_operator.py
[2024-03-04T10:00:15.249+0000] {processor.py:830} INFO - Processing file /home/airflow/.local/lib/python3.8/site-packages/airflow/example_dags/example_subdag_operator.py for tasks to queue
[2024-03-04T10:00:15.254+0000] {logging_mixin.py:188} INFO - [2024-03-04T10:00:15.253+0000] {dagbag.py:538} INFO - Filling up the DagBag from /home/airflow/.local/lib/python3.8/site-packages/airflow/example_dags/example_subdag_operator.py
[2024-03-04T10:00:15.304+0000] {processor.py:840} INFO - DAG(s) 'example_subdag_operator.section-1', 'example_subdag_operator.section-2', 'example_subdag_operator' retrieved from /home/airflow/.local/lib/python3.8/site-packages/airflow/example_dags/example_subdag_operator.py
[2024-03-04T10:00:15.337+0000] {logging_mixin.py:188} INFO - [2024-03-04T10:00:15.337+0000] {dag.py:3036} INFO - Sync 3 DAGs
[2024-03-04T10:00:15.390+0000] {logging_mixin.py:188} INFO - [2024-03-04T10:00:15.389+0000] {dag.py:3823} INFO - Setting next_dagrun for example_subdag_operator to 2022-01-01 00:00:00+00:00, run_after=2022-01-01 00:00:00+00:00
[2024-03-04T10:00:15.403+0000] {logging_mixin.py:188} INFO - [2024-03-04T10:00:15.403+0000] {dag.py:3823} INFO - Setting next_dagrun for example_subdag_operator.section-1 to None, run_after=None
[2024-03-04T10:00:15.414+0000] {logging_mixin.py:188} INFO - [2024-03-04T10:00:15.412+0000] {dag.py:3823} INFO - Setting next_dagrun for example_subdag_operator.section-2 to None, run_after=None
[2024-03-04T10:00:15.454+0000] {logging_mixin.py:188} INFO - [2024-03-04T10:00:15.447+0000] {dag.py:3036} INFO - Sync 2 DAGs
[2024-03-04T10:00:15.472+0000] {logging_mixin.py:188} INFO - [2024-03-04T10:00:15.472+0000] {dag.py:3823} INFO - Setting next_dagrun for example_subdag_operator.section-1 to None, run_after=None
[2024-03-04T10:00:15.474+0000] {logging_mixin.py:188} INFO - [2024-03-04T10:00:15.474+0000] {dag.py:3823} INFO - Setting next_dagrun for example_subdag_operator.section-2 to None, run_after=None
[2024-03-04T10:00:15.514+0000] {processor.py:183} INFO - Processing /home/airflow/.local/lib/python3.8/site-packages/airflow/example_dags/example_subdag_operator.py took 0.272 seconds
[2024-03-04T10:00:46.064+0000] {processor.py:161} INFO - Started process (PID=541) to work on /home/airflow/.local/lib/python3.8/site-packages/airflow/example_dags/example_subdag_operator.py
[2024-03-04T10:00:46.067+0000] {processor.py:830} INFO - Processing file /home/airflow/.local/lib/python3.8/site-packages/airflow/example_dags/example_subdag_operator.py for tasks to queue
[2024-03-04T10:00:46.070+0000] {logging_mixin.py:188} INFO - [2024-03-04T10:00:46.069+0000] {dagbag.py:538} INFO - Filling up the DagBag from /home/airflow/.local/lib/python3.8/site-packages/airflow/example_dags/example_subdag_operator.py
[2024-03-04T10:00:46.103+0000] {processor.py:840} INFO - DAG(s) 'example_subdag_operator.section-1', 'example_subdag_operator.section-2', 'example_subdag_operator' retrieved from /home/airflow/.local/lib/python3.8/site-packages/airflow/example_dags/example_subdag_operator.py
[2024-03-04T10:00:46.125+0000] {logging_mixin.py:188} INFO - [2024-03-04T10:00:46.125+0000] {dag.py:3036} INFO - Sync 3 DAGs
[2024-03-04T10:00:46.154+0000] {logging_mixin.py:188} INFO - [2024-03-04T10:00:46.153+0000] {dag.py:3823} INFO - Setting next_dagrun for example_subdag_operator to 2022-01-01 00:00:00+00:00, run_after=2022-01-01 00:00:00+00:00
[2024-03-04T10:00:46.158+0000] {logging_mixin.py:188} INFO - [2024-03-04T10:00:46.158+0000] {dag.py:3823} INFO - Setting next_dagrun for example_subdag_operator.section-1 to None, run_after=None
[2024-03-04T10:00:46.161+0000] {logging_mixin.py:188} INFO - [2024-03-04T10:00:46.161+0000] {dag.py:3823} INFO - Setting next_dagrun for example_subdag_operator.section-2 to None, run_after=None
[2024-03-04T10:00:46.172+0000] {logging_mixin.py:188} INFO - [2024-03-04T10:00:46.172+0000] {dag.py:3036} INFO - Sync 2 DAGs
[2024-03-04T10:00:46.180+0000] {logging_mixin.py:188} INFO - [2024-03-04T10:00:46.179+0000] {dag.py:3823} INFO - Setting next_dagrun for example_subdag_operator.section-1 to None, run_after=None
[2024-03-04T10:00:46.181+0000] {logging_mixin.py:188} INFO - [2024-03-04T10:00:46.181+0000] {dag.py:3823} INFO - Setting next_dagrun for example_subdag_operator.section-2 to None, run_after=None
[2024-03-04T10:00:46.198+0000] {processor.py:183} INFO - Processing /home/airflow/.local/lib/python3.8/site-packages/airflow/example_dags/example_subdag_operator.py took 0.138 seconds
[2024-03-04T10:01:16.483+0000] {processor.py:161} INFO - Started process (PID=596) to work on /home/airflow/.local/lib/python3.8/site-packages/airflow/example_dags/example_subdag_operator.py
[2024-03-04T10:01:16.485+0000] {processor.py:830} INFO - Processing file /home/airflow/.local/lib/python3.8/site-packages/airflow/example_dags/example_subdag_operator.py for tasks to queue
[2024-03-04T10:01:16.488+0000] {logging_mixin.py:188} INFO - [2024-03-04T10:01:16.487+0000] {dagbag.py:538} INFO - Filling up the DagBag from /home/airflow/.local/lib/python3.8/site-packages/airflow/example_dags/example_subdag_operator.py
[2024-03-04T10:01:16.530+0000] {processor.py:840} INFO - DAG(s) 'example_subdag_operator.section-1', 'example_subdag_operator.section-2', 'example_subdag_operator' retrieved from /home/airflow/.local/lib/python3.8/site-packages/airflow/example_dags/example_subdag_operator.py
[2024-03-04T10:01:16.559+0000] {logging_mixin.py:188} INFO - [2024-03-04T10:01:16.559+0000] {dag.py:3036} INFO - Sync 3 DAGs
[2024-03-04T10:01:16.597+0000] {logging_mixin.py:188} INFO - [2024-03-04T10:01:16.596+0000] {dag.py:3823} INFO - Setting next_dagrun for example_subdag_operator to 2022-01-01 00:00:00+00:00, run_after=2022-01-01 00:00:00+00:00
[2024-03-04T10:01:16.605+0000] {logging_mixin.py:188} INFO - [2024-03-04T10:01:16.605+0000] {dag.py:3823} INFO - Setting next_dagrun for example_subdag_operator.section-1 to None, run_after=None
[2024-03-04T10:01:16.608+0000] {logging_mixin.py:188} INFO - [2024-03-04T10:01:16.608+0000] {dag.py:3823} INFO - Setting next_dagrun for example_subdag_operator.section-2 to None, run_after=None
[2024-03-04T10:01:16.627+0000] {logging_mixin.py:188} INFO - [2024-03-04T10:01:16.626+0000] {dag.py:3036} INFO - Sync 2 DAGs
[2024-03-04T10:01:16.641+0000] {logging_mixin.py:188} INFO - [2024-03-04T10:01:16.641+0000] {dag.py:3823} INFO - Setting next_dagrun for example_subdag_operator.section-1 to None, run_after=None
[2024-03-04T10:01:16.642+0000] {logging_mixin.py:188} INFO - [2024-03-04T10:01:16.642+0000] {dag.py:3823} INFO - Setting next_dagrun for example_subdag_operator.section-2 to None, run_after=None
[2024-03-04T10:01:16.668+0000] {processor.py:183} INFO - Processing /home/airflow/.local/lib/python3.8/site-packages/airflow/example_dags/example_subdag_operator.py took 0.191 seconds
[2024-03-04T10:01:47.255+0000] {processor.py:161} INFO - Started process (PID=653) to work on /home/airflow/.local/lib/python3.8/site-packages/airflow/example_dags/example_subdag_operator.py
[2024-03-04T10:01:47.258+0000] {processor.py:830} INFO - Processing file /home/airflow/.local/lib/python3.8/site-packages/airflow/example_dags/example_subdag_operator.py for tasks to queue
[2024-03-04T10:01:47.261+0000] {logging_mixin.py:188} INFO - [2024-03-04T10:01:47.260+0000] {dagbag.py:538} INFO - Filling up the DagBag from /home/airflow/.local/lib/python3.8/site-packages/airflow/example_dags/example_subdag_operator.py
[2024-03-04T10:01:47.311+0000] {processor.py:840} INFO - DAG(s) 'example_subdag_operator.section-1', 'example_subdag_operator.section-2', 'example_subdag_operator' retrieved from /home/airflow/.local/lib/python3.8/site-packages/airflow/example_dags/example_subdag_operator.py
[2024-03-04T10:01:47.344+0000] {logging_mixin.py:188} INFO - [2024-03-04T10:01:47.343+0000] {dag.py:3036} INFO - Sync 3 DAGs
[2024-03-04T10:01:47.405+0000] {logging_mixin.py:188} INFO - [2024-03-04T10:01:47.404+0000] {dag.py:3823} INFO - Setting next_dagrun for example_subdag_operator to 2022-01-01 00:00:00+00:00, run_after=2022-01-01 00:00:00+00:00
[2024-03-04T10:01:47.413+0000] {logging_mixin.py:188} INFO - [2024-03-04T10:01:47.412+0000] {dag.py:3823} INFO - Setting next_dagrun for example_subdag_operator.section-1 to None, run_after=None
[2024-03-04T10:01:47.419+0000] {logging_mixin.py:188} INFO - [2024-03-04T10:01:47.418+0000] {dag.py:3823} INFO - Setting next_dagrun for example_subdag_operator.section-2 to None, run_after=None
[2024-03-04T10:01:47.435+0000] {logging_mixin.py:188} INFO - [2024-03-04T10:01:47.434+0000] {dag.py:3036} INFO - Sync 2 DAGs
[2024-03-04T10:01:47.447+0000] {logging_mixin.py:188} INFO - [2024-03-04T10:01:47.446+0000] {dag.py:3823} INFO - Setting next_dagrun for example_subdag_operator.section-1 to None, run_after=None
[2024-03-04T10:01:47.449+0000] {logging_mixin.py:188} INFO - [2024-03-04T10:01:47.448+0000] {dag.py:3823} INFO - Setting next_dagrun for example_subdag_operator.section-2 to None, run_after=None
[2024-03-04T10:01:47.475+0000] {processor.py:183} INFO - Processing /home/airflow/.local/lib/python3.8/site-packages/airflow/example_dags/example_subdag_operator.py took 0.225 seconds
[2024-03-04T10:05:02.590+0000] {processor.py:161} INFO - Started process (PID=68) to work on /home/airflow/.local/lib/python3.8/site-packages/airflow/example_dags/example_subdag_operator.py
[2024-03-04T10:05:02.592+0000] {processor.py:830} INFO - Processing file /home/airflow/.local/lib/python3.8/site-packages/airflow/example_dags/example_subdag_operator.py for tasks to queue
[2024-03-04T10:05:02.596+0000] {logging_mixin.py:188} INFO - [2024-03-04T10:05:02.595+0000] {dagbag.py:538} INFO - Filling up the DagBag from /home/airflow/.local/lib/python3.8/site-packages/airflow/example_dags/example_subdag_operator.py
[2024-03-04T10:05:02.635+0000] {processor.py:840} INFO - DAG(s) 'example_subdag_operator.section-1', 'example_subdag_operator.section-2', 'example_subdag_operator' retrieved from /home/airflow/.local/lib/python3.8/site-packages/airflow/example_dags/example_subdag_operator.py
[2024-03-04T10:05:02.795+0000] {logging_mixin.py:188} INFO - [2024-03-04T10:05:02.795+0000] {dag.py:3036} INFO - Sync 3 DAGs
[2024-03-04T10:05:02.827+0000] {logging_mixin.py:188} INFO - [2024-03-04T10:05:02.827+0000] {dag.py:3823} INFO - Setting next_dagrun for example_subdag_operator to 2022-01-01 00:00:00+00:00, run_after=2022-01-01 00:00:00+00:00
[2024-03-04T10:05:02.831+0000] {logging_mixin.py:188} INFO - [2024-03-04T10:05:02.831+0000] {dag.py:3823} INFO - Setting next_dagrun for example_subdag_operator.section-1 to None, run_after=None
[2024-03-04T10:05:02.834+0000] {logging_mixin.py:188} INFO - [2024-03-04T10:05:02.833+0000] {dag.py:3823} INFO - Setting next_dagrun for example_subdag_operator.section-2 to None, run_after=None
[2024-03-04T10:05:02.846+0000] {logging_mixin.py:188} INFO - [2024-03-04T10:05:02.846+0000] {dag.py:3036} INFO - Sync 2 DAGs
[2024-03-04T10:05:02.853+0000] {logging_mixin.py:188} INFO - [2024-03-04T10:05:02.853+0000] {dag.py:3823} INFO - Setting next_dagrun for example_subdag_operator.section-1 to None, run_after=None
[2024-03-04T10:05:02.854+0000] {logging_mixin.py:188} INFO - [2024-03-04T10:05:02.854+0000] {dag.py:3823} INFO - Setting next_dagrun for example_subdag_operator.section-2 to None, run_after=None
[2024-03-04T10:05:02.870+0000] {processor.py:183} INFO - Processing /home/airflow/.local/lib/python3.8/site-packages/airflow/example_dags/example_subdag_operator.py took 0.284 seconds
[2024-03-04T10:05:33.662+0000] {processor.py:161} INFO - Started process (PID=126) to work on /home/airflow/.local/lib/python3.8/site-packages/airflow/example_dags/example_subdag_operator.py
[2024-03-04T10:05:33.664+0000] {processor.py:830} INFO - Processing file /home/airflow/.local/lib/python3.8/site-packages/airflow/example_dags/example_subdag_operator.py for tasks to queue
[2024-03-04T10:05:33.667+0000] {logging_mixin.py:188} INFO - [2024-03-04T10:05:33.666+0000] {dagbag.py:538} INFO - Filling up the DagBag from /home/airflow/.local/lib/python3.8/site-packages/airflow/example_dags/example_subdag_operator.py
[2024-03-04T10:05:33.725+0000] {processor.py:840} INFO - DAG(s) 'example_subdag_operator.section-1', 'example_subdag_operator.section-2', 'example_subdag_operator' retrieved from /home/airflow/.local/lib/python3.8/site-packages/airflow/example_dags/example_subdag_operator.py
[2024-03-04T10:05:33.768+0000] {logging_mixin.py:188} INFO - [2024-03-04T10:05:33.768+0000] {dag.py:3036} INFO - Sync 3 DAGs
[2024-03-04T10:05:33.810+0000] {logging_mixin.py:188} INFO - [2024-03-04T10:05:33.810+0000] {dag.py:3823} INFO - Setting next_dagrun for example_subdag_operator to 2022-01-01 00:00:00+00:00, run_after=2022-01-01 00:00:00+00:00
[2024-03-04T10:05:33.815+0000] {logging_mixin.py:188} INFO - [2024-03-04T10:05:33.815+0000] {dag.py:3823} INFO - Setting next_dagrun for example_subdag_operator.section-1 to None, run_after=None
[2024-03-04T10:05:33.819+0000] {logging_mixin.py:188} INFO - [2024-03-04T10:05:33.818+0000] {dag.py:3823} INFO - Setting next_dagrun for example_subdag_operator.section-2 to None, run_after=None
[2024-03-04T10:05:33.833+0000] {logging_mixin.py:188} INFO - [2024-03-04T10:05:33.832+0000] {dag.py:3036} INFO - Sync 2 DAGs
[2024-03-04T10:05:33.841+0000] {logging_mixin.py:188} INFO - [2024-03-04T10:05:33.841+0000] {dag.py:3823} INFO - Setting next_dagrun for example_subdag_operator.section-1 to None, run_after=None
[2024-03-04T10:05:33.842+0000] {logging_mixin.py:188} INFO - [2024-03-04T10:05:33.842+0000] {dag.py:3823} INFO - Setting next_dagrun for example_subdag_operator.section-2 to None, run_after=None
[2024-03-04T10:05:33.895+0000] {processor.py:183} INFO - Processing /home/airflow/.local/lib/python3.8/site-packages/airflow/example_dags/example_subdag_operator.py took 0.242 seconds
[2024-03-04T10:11:56.819+0000] {processor.py:161} INFO - Started process (PID=68) to work on /home/airflow/.local/lib/python3.8/site-packages/airflow/example_dags/example_subdag_operator.py
[2024-03-04T10:11:56.821+0000] {processor.py:830} INFO - Processing file /home/airflow/.local/lib/python3.8/site-packages/airflow/example_dags/example_subdag_operator.py for tasks to queue
[2024-03-04T10:11:56.823+0000] {logging_mixin.py:188} INFO - [2024-03-04T10:11:56.823+0000] {dagbag.py:538} INFO - Filling up the DagBag from /home/airflow/.local/lib/python3.8/site-packages/airflow/example_dags/example_subdag_operator.py
[2024-03-04T10:11:56.866+0000] {processor.py:840} INFO - DAG(s) 'example_subdag_operator.section-1', 'example_subdag_operator.section-2', 'example_subdag_operator' retrieved from /home/airflow/.local/lib/python3.8/site-packages/airflow/example_dags/example_subdag_operator.py
[2024-03-04T10:11:57.028+0000] {logging_mixin.py:188} INFO - [2024-03-04T10:11:57.028+0000] {dag.py:3036} INFO - Sync 3 DAGs
[2024-03-04T10:11:57.057+0000] {logging_mixin.py:188} INFO - [2024-03-04T10:11:57.057+0000] {dag.py:3823} INFO - Setting next_dagrun for example_subdag_operator to 2022-01-01 00:00:00+00:00, run_after=2022-01-01 00:00:00+00:00
[2024-03-04T10:11:57.063+0000] {logging_mixin.py:188} INFO - [2024-03-04T10:11:57.062+0000] {dag.py:3823} INFO - Setting next_dagrun for example_subdag_operator.section-1 to None, run_after=None
[2024-03-04T10:11:57.066+0000] {logging_mixin.py:188} INFO - [2024-03-04T10:11:57.066+0000] {dag.py:3823} INFO - Setting next_dagrun for example_subdag_operator.section-2 to None, run_after=None
[2024-03-04T10:11:57.081+0000] {logging_mixin.py:188} INFO - [2024-03-04T10:11:57.081+0000] {dag.py:3036} INFO - Sync 2 DAGs
[2024-03-04T10:11:57.091+0000] {logging_mixin.py:188} INFO - [2024-03-04T10:11:57.090+0000] {dag.py:3823} INFO - Setting next_dagrun for example_subdag_operator.section-1 to None, run_after=None
[2024-03-04T10:11:57.092+0000] {logging_mixin.py:188} INFO - [2024-03-04T10:11:57.092+0000] {dag.py:3823} INFO - Setting next_dagrun for example_subdag_operator.section-2 to None, run_after=None
[2024-03-04T10:11:57.109+0000] {processor.py:183} INFO - Processing /home/airflow/.local/lib/python3.8/site-packages/airflow/example_dags/example_subdag_operator.py took 0.295 seconds
[2024-03-04T10:12:27.524+0000] {processor.py:161} INFO - Started process (PID=125) to work on /home/airflow/.local/lib/python3.8/site-packages/airflow/example_dags/example_subdag_operator.py
[2024-03-04T10:12:27.525+0000] {processor.py:830} INFO - Processing file /home/airflow/.local/lib/python3.8/site-packages/airflow/example_dags/example_subdag_operator.py for tasks to queue
[2024-03-04T10:12:27.528+0000] {logging_mixin.py:188} INFO - [2024-03-04T10:12:27.528+0000] {dagbag.py:538} INFO - Filling up the DagBag from /home/airflow/.local/lib/python3.8/site-packages/airflow/example_dags/example_subdag_operator.py
[2024-03-04T10:12:27.613+0000] {processor.py:840} INFO - DAG(s) 'example_subdag_operator.section-1', 'example_subdag_operator.section-2', 'example_subdag_operator' retrieved from /home/airflow/.local/lib/python3.8/site-packages/airflow/example_dags/example_subdag_operator.py
[2024-03-04T10:12:27.661+0000] {logging_mixin.py:188} INFO - [2024-03-04T10:12:27.661+0000] {dag.py:3036} INFO - Sync 3 DAGs
[2024-03-04T10:12:27.700+0000] {logging_mixin.py:188} INFO - [2024-03-04T10:12:27.700+0000] {dag.py:3823} INFO - Setting next_dagrun for example_subdag_operator to 2022-01-01 00:00:00+00:00, run_after=2022-01-01 00:00:00+00:00
[2024-03-04T10:12:27.707+0000] {logging_mixin.py:188} INFO - [2024-03-04T10:12:27.706+0000] {dag.py:3823} INFO - Setting next_dagrun for example_subdag_operator.section-1 to None, run_after=None
[2024-03-04T10:12:27.710+0000] {logging_mixin.py:188} INFO - [2024-03-04T10:12:27.710+0000] {dag.py:3823} INFO - Setting next_dagrun for example_subdag_operator.section-2 to None, run_after=None
[2024-03-04T10:12:27.720+0000] {logging_mixin.py:188} INFO - [2024-03-04T10:12:27.720+0000] {dag.py:3036} INFO - Sync 2 DAGs
[2024-03-04T10:12:27.730+0000] {logging_mixin.py:188} INFO - [2024-03-04T10:12:27.729+0000] {dag.py:3823} INFO - Setting next_dagrun for example_subdag_operator.section-1 to None, run_after=None
[2024-03-04T10:12:27.731+0000] {logging_mixin.py:188} INFO - [2024-03-04T10:12:27.731+0000] {dag.py:3823} INFO - Setting next_dagrun for example_subdag_operator.section-2 to None, run_after=None
[2024-03-04T10:12:27.752+0000] {processor.py:183} INFO - Processing /home/airflow/.local/lib/python3.8/site-packages/airflow/example_dags/example_subdag_operator.py took 0.233 seconds
[2024-03-04T10:12:58.115+0000] {processor.py:161} INFO - Started process (PID=182) to work on /home/airflow/.local/lib/python3.8/site-packages/airflow/example_dags/example_subdag_operator.py
[2024-03-04T10:12:58.117+0000] {processor.py:830} INFO - Processing file /home/airflow/.local/lib/python3.8/site-packages/airflow/example_dags/example_subdag_operator.py for tasks to queue
[2024-03-04T10:12:58.119+0000] {logging_mixin.py:188} INFO - [2024-03-04T10:12:58.119+0000] {dagbag.py:538} INFO - Filling up the DagBag from /home/airflow/.local/lib/python3.8/site-packages/airflow/example_dags/example_subdag_operator.py
[2024-03-04T10:12:58.162+0000] {processor.py:840} INFO - DAG(s) 'example_subdag_operator.section-1', 'example_subdag_operator.section-2', 'example_subdag_operator' retrieved from /home/airflow/.local/lib/python3.8/site-packages/airflow/example_dags/example_subdag_operator.py
[2024-03-04T10:12:58.188+0000] {logging_mixin.py:188} INFO - [2024-03-04T10:12:58.187+0000] {dag.py:3036} INFO - Sync 3 DAGs
[2024-03-04T10:12:58.217+0000] {logging_mixin.py:188} INFO - [2024-03-04T10:12:58.217+0000] {dag.py:3823} INFO - Setting next_dagrun for example_subdag_operator to 2022-01-01 00:00:00+00:00, run_after=2022-01-01 00:00:00+00:00
[2024-03-04T10:12:58.223+0000] {logging_mixin.py:188} INFO - [2024-03-04T10:12:58.222+0000] {dag.py:3823} INFO - Setting next_dagrun for example_subdag_operator.section-1 to None, run_after=None
[2024-03-04T10:12:58.225+0000] {logging_mixin.py:188} INFO - [2024-03-04T10:12:58.225+0000] {dag.py:3823} INFO - Setting next_dagrun for example_subdag_operator.section-2 to None, run_after=None
[2024-03-04T10:12:58.237+0000] {logging_mixin.py:188} INFO - [2024-03-04T10:12:58.237+0000] {dag.py:3036} INFO - Sync 2 DAGs
[2024-03-04T10:12:58.244+0000] {logging_mixin.py:188} INFO - [2024-03-04T10:12:58.244+0000] {dag.py:3823} INFO - Setting next_dagrun for example_subdag_operator.section-1 to None, run_after=None
[2024-03-04T10:12:58.245+0000] {logging_mixin.py:188} INFO - [2024-03-04T10:12:58.245+0000] {dag.py:3823} INFO - Setting next_dagrun for example_subdag_operator.section-2 to None, run_after=None
[2024-03-04T10:12:58.267+0000] {processor.py:183} INFO - Processing /home/airflow/.local/lib/python3.8/site-packages/airflow/example_dags/example_subdag_operator.py took 0.157 seconds
[2024-03-04T10:15:45.170+0000] {processor.py:161} INFO - Started process (PID=68) to work on /home/airflow/.local/lib/python3.8/site-packages/airflow/example_dags/example_subdag_operator.py
[2024-03-04T10:15:45.172+0000] {processor.py:830} INFO - Processing file /home/airflow/.local/lib/python3.8/site-packages/airflow/example_dags/example_subdag_operator.py for tasks to queue
[2024-03-04T10:15:45.174+0000] {logging_mixin.py:188} INFO - [2024-03-04T10:15:45.174+0000] {dagbag.py:538} INFO - Filling up the DagBag from /home/airflow/.local/lib/python3.8/site-packages/airflow/example_dags/example_subdag_operator.py
[2024-03-04T10:15:45.206+0000] {processor.py:840} INFO - DAG(s) 'example_subdag_operator.section-1', 'example_subdag_operator.section-2', 'example_subdag_operator' retrieved from /home/airflow/.local/lib/python3.8/site-packages/airflow/example_dags/example_subdag_operator.py
[2024-03-04T10:15:45.343+0000] {logging_mixin.py:188} INFO - [2024-03-04T10:15:45.343+0000] {dag.py:3036} INFO - Sync 3 DAGs
[2024-03-04T10:15:45.372+0000] {logging_mixin.py:188} INFO - [2024-03-04T10:15:45.371+0000] {dag.py:3823} INFO - Setting next_dagrun for example_subdag_operator to 2022-01-01 00:00:00+00:00, run_after=2022-01-01 00:00:00+00:00
[2024-03-04T10:15:45.376+0000] {logging_mixin.py:188} INFO - [2024-03-04T10:15:45.376+0000] {dag.py:3823} INFO - Setting next_dagrun for example_subdag_operator.section-1 to None, run_after=None
[2024-03-04T10:15:45.379+0000] {logging_mixin.py:188} INFO - [2024-03-04T10:15:45.379+0000] {dag.py:3823} INFO - Setting next_dagrun for example_subdag_operator.section-2 to None, run_after=None
[2024-03-04T10:15:45.392+0000] {logging_mixin.py:188} INFO - [2024-03-04T10:15:45.392+0000] {dag.py:3036} INFO - Sync 2 DAGs
[2024-03-04T10:15:45.401+0000] {logging_mixin.py:188} INFO - [2024-03-04T10:15:45.400+0000] {dag.py:3823} INFO - Setting next_dagrun for example_subdag_operator.section-1 to None, run_after=None
[2024-03-04T10:15:45.402+0000] {logging_mixin.py:188} INFO - [2024-03-04T10:15:45.402+0000] {dag.py:3823} INFO - Setting next_dagrun for example_subdag_operator.section-2 to None, run_after=None
[2024-03-04T10:15:45.422+0000] {processor.py:183} INFO - Processing /home/airflow/.local/lib/python3.8/site-packages/airflow/example_dags/example_subdag_operator.py took 0.256 seconds
[2024-03-04T10:16:15.555+0000] {processor.py:161} INFO - Started process (PID=125) to work on /home/airflow/.local/lib/python3.8/site-packages/airflow/example_dags/example_subdag_operator.py
[2024-03-04T10:16:15.556+0000] {processor.py:830} INFO - Processing file /home/airflow/.local/lib/python3.8/site-packages/airflow/example_dags/example_subdag_operator.py for tasks to queue
[2024-03-04T10:16:15.559+0000] {logging_mixin.py:188} INFO - [2024-03-04T10:16:15.559+0000] {dagbag.py:538} INFO - Filling up the DagBag from /home/airflow/.local/lib/python3.8/site-packages/airflow/example_dags/example_subdag_operator.py
[2024-03-04T10:16:15.612+0000] {processor.py:840} INFO - DAG(s) 'example_subdag_operator.section-1', 'example_subdag_operator.section-2', 'example_subdag_operator' retrieved from /home/airflow/.local/lib/python3.8/site-packages/airflow/example_dags/example_subdag_operator.py
[2024-03-04T10:16:15.647+0000] {logging_mixin.py:188} INFO - [2024-03-04T10:16:15.646+0000] {dag.py:3036} INFO - Sync 3 DAGs
[2024-03-04T10:16:15.707+0000] {logging_mixin.py:188} INFO - [2024-03-04T10:16:15.706+0000] {dag.py:3823} INFO - Setting next_dagrun for example_subdag_operator to 2022-01-01 00:00:00+00:00, run_after=2022-01-01 00:00:00+00:00
[2024-03-04T10:16:15.724+0000] {logging_mixin.py:188} INFO - [2024-03-04T10:16:15.723+0000] {dag.py:3823} INFO - Setting next_dagrun for example_subdag_operator.section-1 to None, run_after=None
[2024-03-04T10:16:15.732+0000] {logging_mixin.py:188} INFO - [2024-03-04T10:16:15.731+0000] {dag.py:3823} INFO - Setting next_dagrun for example_subdag_operator.section-2 to None, run_after=None
[2024-03-04T10:16:15.754+0000] {logging_mixin.py:188} INFO - [2024-03-04T10:16:15.754+0000] {dag.py:3036} INFO - Sync 2 DAGs
[2024-03-04T10:16:15.771+0000] {logging_mixin.py:188} INFO - [2024-03-04T10:16:15.770+0000] {dag.py:3823} INFO - Setting next_dagrun for example_subdag_operator.section-1 to None, run_after=None
[2024-03-04T10:16:15.772+0000] {logging_mixin.py:188} INFO - [2024-03-04T10:16:15.772+0000] {dag.py:3823} INFO - Setting next_dagrun for example_subdag_operator.section-2 to None, run_after=None
[2024-03-04T10:16:15.807+0000] {processor.py:183} INFO - Processing /home/airflow/.local/lib/python3.8/site-packages/airflow/example_dags/example_subdag_operator.py took 0.256 seconds
[2024-03-04T10:16:45.898+0000] {processor.py:161} INFO - Started process (PID=183) to work on /home/airflow/.local/lib/python3.8/site-packages/airflow/example_dags/example_subdag_operator.py
[2024-03-04T10:16:45.899+0000] {processor.py:830} INFO - Processing file /home/airflow/.local/lib/python3.8/site-packages/airflow/example_dags/example_subdag_operator.py for tasks to queue
[2024-03-04T10:16:45.902+0000] {logging_mixin.py:188} INFO - [2024-03-04T10:16:45.902+0000] {dagbag.py:538} INFO - Filling up the DagBag from /home/airflow/.local/lib/python3.8/site-packages/airflow/example_dags/example_subdag_operator.py
[2024-03-04T10:16:45.956+0000] {processor.py:840} INFO - DAG(s) 'example_subdag_operator.section-1', 'example_subdag_operator.section-2', 'example_subdag_operator' retrieved from /home/airflow/.local/lib/python3.8/site-packages/airflow/example_dags/example_subdag_operator.py
[2024-03-04T10:16:45.980+0000] {logging_mixin.py:188} INFO - [2024-03-04T10:16:45.980+0000] {dag.py:3036} INFO - Sync 3 DAGs
[2024-03-04T10:16:46.009+0000] {logging_mixin.py:188} INFO - [2024-03-04T10:16:46.008+0000] {dag.py:3823} INFO - Setting next_dagrun for example_subdag_operator to 2022-01-01 00:00:00+00:00, run_after=2022-01-01 00:00:00+00:00
[2024-03-04T10:16:46.013+0000] {logging_mixin.py:188} INFO - [2024-03-04T10:16:46.013+0000] {dag.py:3823} INFO - Setting next_dagrun for example_subdag_operator.section-1 to None, run_after=None
[2024-03-04T10:16:46.015+0000] {logging_mixin.py:188} INFO - [2024-03-04T10:16:46.015+0000] {dag.py:3823} INFO - Setting next_dagrun for example_subdag_operator.section-2 to None, run_after=None
[2024-03-04T10:16:46.023+0000] {logging_mixin.py:188} INFO - [2024-03-04T10:16:46.023+0000] {dag.py:3036} INFO - Sync 2 DAGs
[2024-03-04T10:16:46.031+0000] {logging_mixin.py:188} INFO - [2024-03-04T10:16:46.031+0000] {dag.py:3823} INFO - Setting next_dagrun for example_subdag_operator.section-1 to None, run_after=None
[2024-03-04T10:16:46.032+0000] {logging_mixin.py:188} INFO - [2024-03-04T10:16:46.032+0000] {dag.py:3823} INFO - Setting next_dagrun for example_subdag_operator.section-2 to None, run_after=None
[2024-03-04T10:16:46.052+0000] {processor.py:183} INFO - Processing /home/airflow/.local/lib/python3.8/site-packages/airflow/example_dags/example_subdag_operator.py took 0.158 seconds
