[2024-03-04T09:52:22.648+0000] {processor.py:161} INFO - Started process (PID=79) to work on /home/airflow/.local/lib/python3.8/site-packages/airflow/example_dags/tutorial_dag.py
[2024-03-04T09:52:22.650+0000] {processor.py:830} INFO - Processing file /home/airflow/.local/lib/python3.8/site-packages/airflow/example_dags/tutorial_dag.py for tasks to queue
[2024-03-04T09:52:22.654+0000] {logging_mixin.py:188} INFO - [2024-03-04T09:52:22.653+0000] {dagbag.py:538} INFO - Filling up the DagBag from /home/airflow/.local/lib/python3.8/site-packages/airflow/example_dags/tutorial_dag.py
[2024-03-04T09:52:22.665+0000] {processor.py:840} INFO - DAG(s) 'tutorial_dag' retrieved from /home/airflow/.local/lib/python3.8/site-packages/airflow/example_dags/tutorial_dag.py
[2024-03-04T09:52:22.933+0000] {logging_mixin.py:188} INFO - [2024-03-04T09:52:22.932+0000] {override.py:1769} INFO - Created Permission View: can read on DAG:tutorial_dag
[2024-03-04T09:52:22.953+0000] {logging_mixin.py:188} INFO - [2024-03-04T09:52:22.952+0000] {override.py:1769} INFO - Created Permission View: can delete on DAG:tutorial_dag
[2024-03-04T09:52:22.967+0000] {logging_mixin.py:188} INFO - [2024-03-04T09:52:22.966+0000] {override.py:1769} INFO - Created Permission View: can edit on DAG:tutorial_dag
[2024-03-04T09:52:22.968+0000] {logging_mixin.py:188} INFO - [2024-03-04T09:52:22.968+0000] {dag.py:3036} INFO - Sync 1 DAGs
[2024-03-04T09:52:22.992+0000] {logging_mixin.py:188} INFO - [2024-03-04T09:52:22.991+0000] {dag.py:3058} INFO - Creating ORM DAG for tutorial_dag
[2024-03-04T09:52:22.993+0000] {logging_mixin.py:188} INFO - [2024-03-04T09:52:22.993+0000] {dag.py:3823} INFO - Setting next_dagrun for tutorial_dag to None, run_after=None
[2024-03-04T09:52:23.023+0000] {processor.py:183} INFO - Processing /home/airflow/.local/lib/python3.8/site-packages/airflow/example_dags/tutorial_dag.py took 0.381 seconds
[2024-03-04T09:52:53.735+0000] {processor.py:161} INFO - Started process (PID=136) to work on /home/airflow/.local/lib/python3.8/site-packages/airflow/example_dags/tutorial_dag.py
[2024-03-04T09:52:53.737+0000] {processor.py:830} INFO - Processing file /home/airflow/.local/lib/python3.8/site-packages/airflow/example_dags/tutorial_dag.py for tasks to queue
[2024-03-04T09:52:53.740+0000] {logging_mixin.py:188} INFO - [2024-03-04T09:52:53.739+0000] {dagbag.py:538} INFO - Filling up the DagBag from /home/airflow/.local/lib/python3.8/site-packages/airflow/example_dags/tutorial_dag.py
[2024-03-04T09:52:53.751+0000] {processor.py:840} INFO - DAG(s) 'tutorial_dag' retrieved from /home/airflow/.local/lib/python3.8/site-packages/airflow/example_dags/tutorial_dag.py
[2024-03-04T09:52:53.787+0000] {logging_mixin.py:188} INFO - [2024-03-04T09:52:53.786+0000] {dag.py:3036} INFO - Sync 1 DAGs
[2024-03-04T09:52:53.811+0000] {logging_mixin.py:188} INFO - [2024-03-04T09:52:53.811+0000] {dag.py:3823} INFO - Setting next_dagrun for tutorial_dag to None, run_after=None
[2024-03-04T09:52:53.851+0000] {processor.py:183} INFO - Processing /home/airflow/.local/lib/python3.8/site-packages/airflow/example_dags/tutorial_dag.py took 0.122 seconds
[2024-03-04T09:53:24.209+0000] {processor.py:161} INFO - Started process (PID=194) to work on /home/airflow/.local/lib/python3.8/site-packages/airflow/example_dags/tutorial_dag.py
[2024-03-04T09:53:24.214+0000] {processor.py:830} INFO - Processing file /home/airflow/.local/lib/python3.8/site-packages/airflow/example_dags/tutorial_dag.py for tasks to queue
[2024-03-04T09:53:24.227+0000] {logging_mixin.py:188} INFO - [2024-03-04T09:53:24.222+0000] {dagbag.py:538} INFO - Filling up the DagBag from /home/airflow/.local/lib/python3.8/site-packages/airflow/example_dags/tutorial_dag.py
[2024-03-04T09:53:24.251+0000] {processor.py:840} INFO - DAG(s) 'tutorial_dag' retrieved from /home/airflow/.local/lib/python3.8/site-packages/airflow/example_dags/tutorial_dag.py
[2024-03-04T09:53:24.321+0000] {logging_mixin.py:188} INFO - [2024-03-04T09:53:24.321+0000] {dag.py:3036} INFO - Sync 1 DAGs
[2024-03-04T09:53:24.394+0000] {logging_mixin.py:188} INFO - [2024-03-04T09:53:24.393+0000] {dag.py:3823} INFO - Setting next_dagrun for tutorial_dag to None, run_after=None
[2024-03-04T09:53:24.477+0000] {processor.py:183} INFO - Processing /home/airflow/.local/lib/python3.8/site-packages/airflow/example_dags/tutorial_dag.py took 0.280 seconds
[2024-03-04T09:56:38.238+0000] {processor.py:161} INFO - Started process (PID=79) to work on /home/airflow/.local/lib/python3.8/site-packages/airflow/example_dags/tutorial_dag.py
[2024-03-04T09:56:38.240+0000] {processor.py:830} INFO - Processing file /home/airflow/.local/lib/python3.8/site-packages/airflow/example_dags/tutorial_dag.py for tasks to queue
[2024-03-04T09:56:38.244+0000] {logging_mixin.py:188} INFO - [2024-03-04T09:56:38.244+0000] {dagbag.py:538} INFO - Filling up the DagBag from /home/airflow/.local/lib/python3.8/site-packages/airflow/example_dags/tutorial_dag.py
[2024-03-04T09:56:38.257+0000] {processor.py:840} INFO - DAG(s) 'tutorial_dag' retrieved from /home/airflow/.local/lib/python3.8/site-packages/airflow/example_dags/tutorial_dag.py
[2024-03-04T09:56:38.474+0000] {logging_mixin.py:188} INFO - [2024-03-04T09:56:38.474+0000] {dag.py:3036} INFO - Sync 1 DAGs
[2024-03-04T09:56:38.499+0000] {logging_mixin.py:188} INFO - [2024-03-04T09:56:38.499+0000] {dag.py:3823} INFO - Setting next_dagrun for tutorial_dag to None, run_after=None
[2024-03-04T09:56:38.533+0000] {processor.py:183} INFO - Processing /home/airflow/.local/lib/python3.8/site-packages/airflow/example_dags/tutorial_dag.py took 0.299 seconds
[2024-03-04T09:57:09.228+0000] {processor.py:161} INFO - Started process (PID=136) to work on /home/airflow/.local/lib/python3.8/site-packages/airflow/example_dags/tutorial_dag.py
[2024-03-04T09:57:09.230+0000] {processor.py:830} INFO - Processing file /home/airflow/.local/lib/python3.8/site-packages/airflow/example_dags/tutorial_dag.py for tasks to queue
[2024-03-04T09:57:09.232+0000] {logging_mixin.py:188} INFO - [2024-03-04T09:57:09.232+0000] {dagbag.py:538} INFO - Filling up the DagBag from /home/airflow/.local/lib/python3.8/site-packages/airflow/example_dags/tutorial_dag.py
[2024-03-04T09:57:09.239+0000] {processor.py:840} INFO - DAG(s) 'tutorial_dag' retrieved from /home/airflow/.local/lib/python3.8/site-packages/airflow/example_dags/tutorial_dag.py
[2024-03-04T09:57:09.267+0000] {logging_mixin.py:188} INFO - [2024-03-04T09:57:09.266+0000] {dag.py:3036} INFO - Sync 1 DAGs
[2024-03-04T09:57:09.283+0000] {logging_mixin.py:188} INFO - [2024-03-04T09:57:09.283+0000] {dag.py:3823} INFO - Setting next_dagrun for tutorial_dag to None, run_after=None
[2024-03-04T09:57:09.308+0000] {processor.py:183} INFO - Processing /home/airflow/.local/lib/python3.8/site-packages/airflow/example_dags/tutorial_dag.py took 0.084 seconds
[2024-03-04T09:57:40.169+0000] {processor.py:161} INFO - Started process (PID=193) to work on /home/airflow/.local/lib/python3.8/site-packages/airflow/example_dags/tutorial_dag.py
[2024-03-04T09:57:40.171+0000] {processor.py:830} INFO - Processing file /home/airflow/.local/lib/python3.8/site-packages/airflow/example_dags/tutorial_dag.py for tasks to queue
[2024-03-04T09:57:40.174+0000] {logging_mixin.py:188} INFO - [2024-03-04T09:57:40.174+0000] {dagbag.py:538} INFO - Filling up the DagBag from /home/airflow/.local/lib/python3.8/site-packages/airflow/example_dags/tutorial_dag.py
[2024-03-04T09:57:40.184+0000] {processor.py:840} INFO - DAG(s) 'tutorial_dag' retrieved from /home/airflow/.local/lib/python3.8/site-packages/airflow/example_dags/tutorial_dag.py
[2024-03-04T09:57:40.210+0000] {logging_mixin.py:188} INFO - [2024-03-04T09:57:40.210+0000] {dag.py:3036} INFO - Sync 1 DAGs
[2024-03-04T09:57:40.228+0000] {logging_mixin.py:188} INFO - [2024-03-04T09:57:40.228+0000] {dag.py:3823} INFO - Setting next_dagrun for tutorial_dag to None, run_after=None
[2024-03-04T09:57:40.276+0000] {processor.py:183} INFO - Processing /home/airflow/.local/lib/python3.8/site-packages/airflow/example_dags/tutorial_dag.py took 0.111 seconds
[2024-03-04T09:58:10.862+0000] {processor.py:161} INFO - Started process (PID=254) to work on /home/airflow/.local/lib/python3.8/site-packages/airflow/example_dags/tutorial_dag.py
[2024-03-04T09:58:10.863+0000] {processor.py:830} INFO - Processing file /home/airflow/.local/lib/python3.8/site-packages/airflow/example_dags/tutorial_dag.py for tasks to queue
[2024-03-04T09:58:10.866+0000] {logging_mixin.py:188} INFO - [2024-03-04T09:58:10.866+0000] {dagbag.py:538} INFO - Filling up the DagBag from /home/airflow/.local/lib/python3.8/site-packages/airflow/example_dags/tutorial_dag.py
[2024-03-04T09:58:10.875+0000] {processor.py:840} INFO - DAG(s) 'tutorial_dag' retrieved from /home/airflow/.local/lib/python3.8/site-packages/airflow/example_dags/tutorial_dag.py
[2024-03-04T09:58:10.910+0000] {logging_mixin.py:188} INFO - [2024-03-04T09:58:10.909+0000] {dag.py:3036} INFO - Sync 1 DAGs
[2024-03-04T09:58:10.933+0000] {logging_mixin.py:188} INFO - [2024-03-04T09:58:10.933+0000] {dag.py:3823} INFO - Setting next_dagrun for tutorial_dag to None, run_after=None
[2024-03-04T09:58:10.980+0000] {processor.py:183} INFO - Processing /home/airflow/.local/lib/python3.8/site-packages/airflow/example_dags/tutorial_dag.py took 0.124 seconds
[2024-03-04T09:58:41.673+0000] {processor.py:161} INFO - Started process (PID=312) to work on /home/airflow/.local/lib/python3.8/site-packages/airflow/example_dags/tutorial_dag.py
[2024-03-04T09:58:41.674+0000] {processor.py:830} INFO - Processing file /home/airflow/.local/lib/python3.8/site-packages/airflow/example_dags/tutorial_dag.py for tasks to queue
[2024-03-04T09:58:41.677+0000] {logging_mixin.py:188} INFO - [2024-03-04T09:58:41.676+0000] {dagbag.py:538} INFO - Filling up the DagBag from /home/airflow/.local/lib/python3.8/site-packages/airflow/example_dags/tutorial_dag.py
[2024-03-04T09:58:41.684+0000] {processor.py:840} INFO - DAG(s) 'tutorial_dag' retrieved from /home/airflow/.local/lib/python3.8/site-packages/airflow/example_dags/tutorial_dag.py
[2024-03-04T09:58:41.708+0000] {logging_mixin.py:188} INFO - [2024-03-04T09:58:41.707+0000] {dag.py:3036} INFO - Sync 1 DAGs
[2024-03-04T09:58:41.723+0000] {logging_mixin.py:188} INFO - [2024-03-04T09:58:41.723+0000] {dag.py:3823} INFO - Setting next_dagrun for tutorial_dag to None, run_after=None
[2024-03-04T09:58:41.768+0000] {processor.py:183} INFO - Processing /home/airflow/.local/lib/python3.8/site-packages/airflow/example_dags/tutorial_dag.py took 0.100 seconds
[2024-03-04T09:59:12.357+0000] {processor.py:161} INFO - Started process (PID=369) to work on /home/airflow/.local/lib/python3.8/site-packages/airflow/example_dags/tutorial_dag.py
[2024-03-04T09:59:12.358+0000] {processor.py:830} INFO - Processing file /home/airflow/.local/lib/python3.8/site-packages/airflow/example_dags/tutorial_dag.py for tasks to queue
[2024-03-04T09:59:12.362+0000] {logging_mixin.py:188} INFO - [2024-03-04T09:59:12.362+0000] {dagbag.py:538} INFO - Filling up the DagBag from /home/airflow/.local/lib/python3.8/site-packages/airflow/example_dags/tutorial_dag.py
[2024-03-04T09:59:12.373+0000] {processor.py:840} INFO - DAG(s) 'tutorial_dag' retrieved from /home/airflow/.local/lib/python3.8/site-packages/airflow/example_dags/tutorial_dag.py
[2024-03-04T09:59:12.402+0000] {logging_mixin.py:188} INFO - [2024-03-04T09:59:12.402+0000] {dag.py:3036} INFO - Sync 1 DAGs
[2024-03-04T09:59:12.418+0000] {logging_mixin.py:188} INFO - [2024-03-04T09:59:12.418+0000] {dag.py:3823} INFO - Setting next_dagrun for tutorial_dag to None, run_after=None
[2024-03-04T09:59:12.452+0000] {processor.py:183} INFO - Processing /home/airflow/.local/lib/python3.8/site-packages/airflow/example_dags/tutorial_dag.py took 0.100 seconds
[2024-03-04T09:59:44.150+0000] {processor.py:161} INFO - Started process (PID=426) to work on /home/airflow/.local/lib/python3.8/site-packages/airflow/example_dags/tutorial_dag.py
[2024-03-04T09:59:44.151+0000] {processor.py:830} INFO - Processing file /home/airflow/.local/lib/python3.8/site-packages/airflow/example_dags/tutorial_dag.py for tasks to queue
[2024-03-04T09:59:44.154+0000] {logging_mixin.py:188} INFO - [2024-03-04T09:59:44.153+0000] {dagbag.py:538} INFO - Filling up the DagBag from /home/airflow/.local/lib/python3.8/site-packages/airflow/example_dags/tutorial_dag.py
[2024-03-04T09:59:44.161+0000] {processor.py:840} INFO - DAG(s) 'tutorial_dag' retrieved from /home/airflow/.local/lib/python3.8/site-packages/airflow/example_dags/tutorial_dag.py
[2024-03-04T09:59:44.189+0000] {logging_mixin.py:188} INFO - [2024-03-04T09:59:44.189+0000] {dag.py:3036} INFO - Sync 1 DAGs
[2024-03-04T09:59:44.209+0000] {logging_mixin.py:188} INFO - [2024-03-04T09:59:44.208+0000] {dag.py:3823} INFO - Setting next_dagrun for tutorial_dag to None, run_after=None
[2024-03-04T09:59:44.264+0000] {processor.py:183} INFO - Processing /home/airflow/.local/lib/python3.8/site-packages/airflow/example_dags/tutorial_dag.py took 0.119 seconds
[2024-03-04T10:00:15.725+0000] {processor.py:161} INFO - Started process (PID=487) to work on /home/airflow/.local/lib/python3.8/site-packages/airflow/example_dags/tutorial_dag.py
[2024-03-04T10:00:15.727+0000] {processor.py:830} INFO - Processing file /home/airflow/.local/lib/python3.8/site-packages/airflow/example_dags/tutorial_dag.py for tasks to queue
[2024-03-04T10:00:15.730+0000] {logging_mixin.py:188} INFO - [2024-03-04T10:00:15.730+0000] {dagbag.py:538} INFO - Filling up the DagBag from /home/airflow/.local/lib/python3.8/site-packages/airflow/example_dags/tutorial_dag.py
[2024-03-04T10:00:15.743+0000] {processor.py:840} INFO - DAG(s) 'tutorial_dag' retrieved from /home/airflow/.local/lib/python3.8/site-packages/airflow/example_dags/tutorial_dag.py
[2024-03-04T10:00:15.796+0000] {logging_mixin.py:188} INFO - [2024-03-04T10:00:15.796+0000] {dag.py:3036} INFO - Sync 1 DAGs
[2024-03-04T10:00:15.826+0000] {logging_mixin.py:188} INFO - [2024-03-04T10:00:15.826+0000] {dag.py:3823} INFO - Setting next_dagrun for tutorial_dag to None, run_after=None
[2024-03-04T10:00:15.866+0000] {processor.py:183} INFO - Processing /home/airflow/.local/lib/python3.8/site-packages/airflow/example_dags/tutorial_dag.py took 0.147 seconds
[2024-03-04T10:00:46.529+0000] {processor.py:161} INFO - Started process (PID=544) to work on /home/airflow/.local/lib/python3.8/site-packages/airflow/example_dags/tutorial_dag.py
[2024-03-04T10:00:46.531+0000] {processor.py:830} INFO - Processing file /home/airflow/.local/lib/python3.8/site-packages/airflow/example_dags/tutorial_dag.py for tasks to queue
[2024-03-04T10:00:46.543+0000] {logging_mixin.py:188} INFO - [2024-03-04T10:00:46.541+0000] {dagbag.py:538} INFO - Filling up the DagBag from /home/airflow/.local/lib/python3.8/site-packages/airflow/example_dags/tutorial_dag.py
[2024-03-04T10:00:46.559+0000] {processor.py:840} INFO - DAG(s) 'tutorial_dag' retrieved from /home/airflow/.local/lib/python3.8/site-packages/airflow/example_dags/tutorial_dag.py
[2024-03-04T10:00:46.602+0000] {logging_mixin.py:188} INFO - [2024-03-04T10:00:46.601+0000] {dag.py:3036} INFO - Sync 1 DAGs
[2024-03-04T10:00:46.626+0000] {logging_mixin.py:188} INFO - [2024-03-04T10:00:46.625+0000] {dag.py:3823} INFO - Setting next_dagrun for tutorial_dag to None, run_after=None
[2024-03-04T10:00:46.663+0000] {processor.py:183} INFO - Processing /home/airflow/.local/lib/python3.8/site-packages/airflow/example_dags/tutorial_dag.py took 0.141 seconds
[2024-03-04T10:01:17.840+0000] {processor.py:161} INFO - Started process (PID=601) to work on /home/airflow/.local/lib/python3.8/site-packages/airflow/example_dags/tutorial_dag.py
[2024-03-04T10:01:17.842+0000] {processor.py:830} INFO - Processing file /home/airflow/.local/lib/python3.8/site-packages/airflow/example_dags/tutorial_dag.py for tasks to queue
[2024-03-04T10:01:17.846+0000] {logging_mixin.py:188} INFO - [2024-03-04T10:01:17.845+0000] {dagbag.py:538} INFO - Filling up the DagBag from /home/airflow/.local/lib/python3.8/site-packages/airflow/example_dags/tutorial_dag.py
[2024-03-04T10:01:17.858+0000] {processor.py:840} INFO - DAG(s) 'tutorial_dag' retrieved from /home/airflow/.local/lib/python3.8/site-packages/airflow/example_dags/tutorial_dag.py
[2024-03-04T10:01:17.898+0000] {logging_mixin.py:188} INFO - [2024-03-04T10:01:17.897+0000] {dag.py:3036} INFO - Sync 1 DAGs
[2024-03-04T10:01:17.923+0000] {logging_mixin.py:188} INFO - [2024-03-04T10:01:17.922+0000] {dag.py:3823} INFO - Setting next_dagrun for tutorial_dag to None, run_after=None
[2024-03-04T10:01:17.958+0000] {processor.py:183} INFO - Processing /home/airflow/.local/lib/python3.8/site-packages/airflow/example_dags/tutorial_dag.py took 0.125 seconds
[2024-03-04T10:01:48.833+0000] {processor.py:161} INFO - Started process (PID=658) to work on /home/airflow/.local/lib/python3.8/site-packages/airflow/example_dags/tutorial_dag.py
[2024-03-04T10:01:48.835+0000] {processor.py:830} INFO - Processing file /home/airflow/.local/lib/python3.8/site-packages/airflow/example_dags/tutorial_dag.py for tasks to queue
[2024-03-04T10:01:48.839+0000] {logging_mixin.py:188} INFO - [2024-03-04T10:01:48.838+0000] {dagbag.py:538} INFO - Filling up the DagBag from /home/airflow/.local/lib/python3.8/site-packages/airflow/example_dags/tutorial_dag.py
[2024-03-04T10:01:48.848+0000] {processor.py:840} INFO - DAG(s) 'tutorial_dag' retrieved from /home/airflow/.local/lib/python3.8/site-packages/airflow/example_dags/tutorial_dag.py
[2024-03-04T10:01:48.882+0000] {logging_mixin.py:188} INFO - [2024-03-04T10:01:48.882+0000] {dag.py:3036} INFO - Sync 1 DAGs
[2024-03-04T10:01:48.906+0000] {logging_mixin.py:188} INFO - [2024-03-04T10:01:48.906+0000] {dag.py:3823} INFO - Setting next_dagrun for tutorial_dag to None, run_after=None
[2024-03-04T10:01:48.951+0000] {processor.py:183} INFO - Processing /home/airflow/.local/lib/python3.8/site-packages/airflow/example_dags/tutorial_dag.py took 0.125 seconds
[2024-03-04T10:05:03.190+0000] {processor.py:161} INFO - Started process (PID=72) to work on /home/airflow/.local/lib/python3.8/site-packages/airflow/example_dags/tutorial_dag.py
[2024-03-04T10:05:03.192+0000] {processor.py:830} INFO - Processing file /home/airflow/.local/lib/python3.8/site-packages/airflow/example_dags/tutorial_dag.py for tasks to queue
[2024-03-04T10:05:03.195+0000] {logging_mixin.py:188} INFO - [2024-03-04T10:05:03.194+0000] {dagbag.py:538} INFO - Filling up the DagBag from /home/airflow/.local/lib/python3.8/site-packages/airflow/example_dags/tutorial_dag.py
[2024-03-04T10:05:03.201+0000] {processor.py:840} INFO - DAG(s) 'tutorial_dag' retrieved from /home/airflow/.local/lib/python3.8/site-packages/airflow/example_dags/tutorial_dag.py
[2024-03-04T10:05:03.338+0000] {logging_mixin.py:188} INFO - [2024-03-04T10:05:03.338+0000] {dag.py:3036} INFO - Sync 1 DAGs
[2024-03-04T10:05:03.353+0000] {logging_mixin.py:188} INFO - [2024-03-04T10:05:03.353+0000] {dag.py:3823} INFO - Setting next_dagrun for tutorial_dag to None, run_after=None
[2024-03-04T10:05:03.407+0000] {processor.py:183} INFO - Processing /home/airflow/.local/lib/python3.8/site-packages/airflow/example_dags/tutorial_dag.py took 0.222 seconds
[2024-03-04T10:05:34.543+0000] {processor.py:161} INFO - Started process (PID=136) to work on /home/airflow/.local/lib/python3.8/site-packages/airflow/example_dags/tutorial_dag.py
[2024-03-04T10:05:34.545+0000] {processor.py:830} INFO - Processing file /home/airflow/.local/lib/python3.8/site-packages/airflow/example_dags/tutorial_dag.py for tasks to queue
[2024-03-04T10:05:34.548+0000] {logging_mixin.py:188} INFO - [2024-03-04T10:05:34.547+0000] {dagbag.py:538} INFO - Filling up the DagBag from /home/airflow/.local/lib/python3.8/site-packages/airflow/example_dags/tutorial_dag.py
[2024-03-04T10:05:34.556+0000] {processor.py:840} INFO - DAG(s) 'tutorial_dag' retrieved from /home/airflow/.local/lib/python3.8/site-packages/airflow/example_dags/tutorial_dag.py
[2024-03-04T10:05:34.583+0000] {logging_mixin.py:188} INFO - [2024-03-04T10:05:34.582+0000] {dag.py:3036} INFO - Sync 1 DAGs
[2024-03-04T10:05:34.599+0000] {logging_mixin.py:188} INFO - [2024-03-04T10:05:34.599+0000] {dag.py:3823} INFO - Setting next_dagrun for tutorial_dag to None, run_after=None
[2024-03-04T10:05:34.664+0000] {processor.py:183} INFO - Processing /home/airflow/.local/lib/python3.8/site-packages/airflow/example_dags/tutorial_dag.py took 0.127 seconds
[2024-03-04T10:11:57.453+0000] {processor.py:161} INFO - Started process (PID=72) to work on /home/airflow/.local/lib/python3.8/site-packages/airflow/example_dags/tutorial_dag.py
[2024-03-04T10:11:57.455+0000] {processor.py:830} INFO - Processing file /home/airflow/.local/lib/python3.8/site-packages/airflow/example_dags/tutorial_dag.py for tasks to queue
[2024-03-04T10:11:57.458+0000] {logging_mixin.py:188} INFO - [2024-03-04T10:11:57.458+0000] {dagbag.py:538} INFO - Filling up the DagBag from /home/airflow/.local/lib/python3.8/site-packages/airflow/example_dags/tutorial_dag.py
[2024-03-04T10:11:57.466+0000] {processor.py:840} INFO - DAG(s) 'tutorial_dag' retrieved from /home/airflow/.local/lib/python3.8/site-packages/airflow/example_dags/tutorial_dag.py
[2024-03-04T10:11:57.630+0000] {logging_mixin.py:188} INFO - [2024-03-04T10:11:57.630+0000] {dag.py:3036} INFO - Sync 1 DAGs
[2024-03-04T10:11:57.647+0000] {logging_mixin.py:188} INFO - [2024-03-04T10:11:57.647+0000] {dag.py:3823} INFO - Setting next_dagrun for tutorial_dag to None, run_after=None
[2024-03-04T10:11:57.680+0000] {processor.py:183} INFO - Processing /home/airflow/.local/lib/python3.8/site-packages/airflow/example_dags/tutorial_dag.py took 0.232 seconds
[2024-03-04T10:12:27.919+0000] {processor.py:161} INFO - Started process (PID=129) to work on /home/airflow/.local/lib/python3.8/site-packages/airflow/example_dags/tutorial_dag.py
[2024-03-04T10:12:27.921+0000] {processor.py:830} INFO - Processing file /home/airflow/.local/lib/python3.8/site-packages/airflow/example_dags/tutorial_dag.py for tasks to queue
[2024-03-04T10:12:27.924+0000] {logging_mixin.py:188} INFO - [2024-03-04T10:12:27.923+0000] {dagbag.py:538} INFO - Filling up the DagBag from /home/airflow/.local/lib/python3.8/site-packages/airflow/example_dags/tutorial_dag.py
[2024-03-04T10:12:27.931+0000] {processor.py:840} INFO - DAG(s) 'tutorial_dag' retrieved from /home/airflow/.local/lib/python3.8/site-packages/airflow/example_dags/tutorial_dag.py
[2024-03-04T10:12:27.957+0000] {logging_mixin.py:188} INFO - [2024-03-04T10:12:27.957+0000] {dag.py:3036} INFO - Sync 1 DAGs
[2024-03-04T10:12:27.972+0000] {logging_mixin.py:188} INFO - [2024-03-04T10:12:27.972+0000] {dag.py:3823} INFO - Setting next_dagrun for tutorial_dag to None, run_after=None
[2024-03-04T10:12:27.996+0000] {processor.py:183} INFO - Processing /home/airflow/.local/lib/python3.8/site-packages/airflow/example_dags/tutorial_dag.py took 0.081 seconds
[2024-03-04T10:12:58.448+0000] {processor.py:161} INFO - Started process (PID=186) to work on /home/airflow/.local/lib/python3.8/site-packages/airflow/example_dags/tutorial_dag.py
[2024-03-04T10:12:58.449+0000] {processor.py:830} INFO - Processing file /home/airflow/.local/lib/python3.8/site-packages/airflow/example_dags/tutorial_dag.py for tasks to queue
[2024-03-04T10:12:58.452+0000] {logging_mixin.py:188} INFO - [2024-03-04T10:12:58.452+0000] {dagbag.py:538} INFO - Filling up the DagBag from /home/airflow/.local/lib/python3.8/site-packages/airflow/example_dags/tutorial_dag.py
[2024-03-04T10:12:58.462+0000] {processor.py:840} INFO - DAG(s) 'tutorial_dag' retrieved from /home/airflow/.local/lib/python3.8/site-packages/airflow/example_dags/tutorial_dag.py
[2024-03-04T10:12:58.496+0000] {logging_mixin.py:188} INFO - [2024-03-04T10:12:58.496+0000] {dag.py:3036} INFO - Sync 1 DAGs
[2024-03-04T10:12:58.527+0000] {logging_mixin.py:188} INFO - [2024-03-04T10:12:58.526+0000] {dag.py:3823} INFO - Setting next_dagrun for tutorial_dag to None, run_after=None
[2024-03-04T10:12:58.565+0000] {processor.py:183} INFO - Processing /home/airflow/.local/lib/python3.8/site-packages/airflow/example_dags/tutorial_dag.py took 0.123 seconds
[2024-03-04T10:15:45.715+0000] {processor.py:161} INFO - Started process (PID=72) to work on /home/airflow/.local/lib/python3.8/site-packages/airflow/example_dags/tutorial_dag.py
[2024-03-04T10:15:45.717+0000] {processor.py:830} INFO - Processing file /home/airflow/.local/lib/python3.8/site-packages/airflow/example_dags/tutorial_dag.py for tasks to queue
[2024-03-04T10:15:45.720+0000] {logging_mixin.py:188} INFO - [2024-03-04T10:15:45.719+0000] {dagbag.py:538} INFO - Filling up the DagBag from /home/airflow/.local/lib/python3.8/site-packages/airflow/example_dags/tutorial_dag.py
[2024-03-04T10:15:45.727+0000] {processor.py:840} INFO - DAG(s) 'tutorial_dag' retrieved from /home/airflow/.local/lib/python3.8/site-packages/airflow/example_dags/tutorial_dag.py
[2024-03-04T10:15:45.877+0000] {logging_mixin.py:188} INFO - [2024-03-04T10:15:45.877+0000] {dag.py:3036} INFO - Sync 1 DAGs
[2024-03-04T10:15:45.894+0000] {logging_mixin.py:188} INFO - [2024-03-04T10:15:45.894+0000] {dag.py:3823} INFO - Setting next_dagrun for tutorial_dag to None, run_after=None
[2024-03-04T10:15:45.924+0000] {processor.py:183} INFO - Processing /home/airflow/.local/lib/python3.8/site-packages/airflow/example_dags/tutorial_dag.py took 0.213 seconds
[2024-03-04T10:16:15.966+0000] {processor.py:161} INFO - Started process (PID=129) to work on /home/airflow/.local/lib/python3.8/site-packages/airflow/example_dags/tutorial_dag.py
[2024-03-04T10:16:15.967+0000] {processor.py:830} INFO - Processing file /home/airflow/.local/lib/python3.8/site-packages/airflow/example_dags/tutorial_dag.py for tasks to queue
[2024-03-04T10:16:15.970+0000] {logging_mixin.py:188} INFO - [2024-03-04T10:16:15.969+0000] {dagbag.py:538} INFO - Filling up the DagBag from /home/airflow/.local/lib/python3.8/site-packages/airflow/example_dags/tutorial_dag.py
[2024-03-04T10:16:15.978+0000] {processor.py:840} INFO - DAG(s) 'tutorial_dag' retrieved from /home/airflow/.local/lib/python3.8/site-packages/airflow/example_dags/tutorial_dag.py
[2024-03-04T10:16:16.010+0000] {logging_mixin.py:188} INFO - [2024-03-04T10:16:16.010+0000] {dag.py:3036} INFO - Sync 1 DAGs
[2024-03-04T10:16:16.030+0000] {logging_mixin.py:188} INFO - [2024-03-04T10:16:16.030+0000] {dag.py:3823} INFO - Setting next_dagrun for tutorial_dag to None, run_after=None
[2024-03-04T10:16:16.059+0000] {processor.py:183} INFO - Processing /home/airflow/.local/lib/python3.8/site-packages/airflow/example_dags/tutorial_dag.py took 0.099 seconds
[2024-03-04T10:16:46.237+0000] {processor.py:161} INFO - Started process (PID=186) to work on /home/airflow/.local/lib/python3.8/site-packages/airflow/example_dags/tutorial_dag.py
[2024-03-04T10:16:46.238+0000] {processor.py:830} INFO - Processing file /home/airflow/.local/lib/python3.8/site-packages/airflow/example_dags/tutorial_dag.py for tasks to queue
[2024-03-04T10:16:46.241+0000] {logging_mixin.py:188} INFO - [2024-03-04T10:16:46.240+0000] {dagbag.py:538} INFO - Filling up the DagBag from /home/airflow/.local/lib/python3.8/site-packages/airflow/example_dags/tutorial_dag.py
[2024-03-04T10:16:46.247+0000] {processor.py:840} INFO - DAG(s) 'tutorial_dag' retrieved from /home/airflow/.local/lib/python3.8/site-packages/airflow/example_dags/tutorial_dag.py
[2024-03-04T10:16:46.272+0000] {logging_mixin.py:188} INFO - [2024-03-04T10:16:46.272+0000] {dag.py:3036} INFO - Sync 1 DAGs
[2024-03-04T10:16:46.287+0000] {logging_mixin.py:188} INFO - [2024-03-04T10:16:46.287+0000] {dag.py:3823} INFO - Setting next_dagrun for tutorial_dag to None, run_after=None
[2024-03-04T10:16:46.314+0000] {processor.py:183} INFO - Processing /home/airflow/.local/lib/python3.8/site-packages/airflow/example_dags/tutorial_dag.py took 0.081 seconds
