[2024-03-04T09:52:14.867+0000] {processor.py:161} INFO - Started process (PID=60) to work on /home/airflow/.local/lib/python3.8/site-packages/airflow/example_dags/tutorial_objectstorage.py
[2024-03-04T09:52:14.868+0000] {processor.py:830} INFO - Processing file /home/airflow/.local/lib/python3.8/site-packages/airflow/example_dags/tutorial_objectstorage.py for tasks to queue
[2024-03-04T09:52:14.872+0000] {logging_mixin.py:188} INFO - [2024-03-04T09:52:14.871+0000] {dagbag.py:538} INFO - Filling up the DagBag from /home/airflow/.local/lib/python3.8/site-packages/airflow/example_dags/tutorial_objectstorage.py
[2024-03-04T09:52:14.891+0000] {processor.py:840} INFO - DAG(s) 'tutorial_objectstorage' retrieved from /home/airflow/.local/lib/python3.8/site-packages/airflow/example_dags/tutorial_objectstorage.py
[2024-03-04T09:52:15.173+0000] {logging_mixin.py:188} INFO - [2024-03-04T09:52:15.172+0000] {override.py:1769} INFO - Created Permission View: can read on DAG:tutorial_objectstorage
[2024-03-04T09:52:15.208+0000] {logging_mixin.py:188} INFO - [2024-03-04T09:52:15.207+0000] {override.py:1769} INFO - Created Permission View: can delete on DAG:tutorial_objectstorage
[2024-03-04T09:52:15.240+0000] {logging_mixin.py:188} INFO - [2024-03-04T09:52:15.239+0000] {override.py:1769} INFO - Created Permission View: can edit on DAG:tutorial_objectstorage
[2024-03-04T09:52:15.249+0000] {logging_mixin.py:188} INFO - [2024-03-04T09:52:15.249+0000] {dag.py:3036} INFO - Sync 1 DAGs
[2024-03-04T09:52:15.286+0000] {logging_mixin.py:188} INFO - [2024-03-04T09:52:15.285+0000] {dag.py:3058} INFO - Creating ORM DAG for tutorial_objectstorage
[2024-03-04T09:52:15.290+0000] {logging_mixin.py:188} INFO - [2024-03-04T09:52:15.290+0000] {dag.py:3823} INFO - Setting next_dagrun for tutorial_objectstorage to None, run_after=None
[2024-03-04T09:52:15.349+0000] {processor.py:183} INFO - Processing /home/airflow/.local/lib/python3.8/site-packages/airflow/example_dags/tutorial_objectstorage.py took 0.489 seconds
[2024-03-04T09:52:45.448+0000] {processor.py:161} INFO - Started process (PID=117) to work on /home/airflow/.local/lib/python3.8/site-packages/airflow/example_dags/tutorial_objectstorage.py
[2024-03-04T09:52:45.450+0000] {processor.py:830} INFO - Processing file /home/airflow/.local/lib/python3.8/site-packages/airflow/example_dags/tutorial_objectstorage.py for tasks to queue
[2024-03-04T09:52:45.454+0000] {logging_mixin.py:188} INFO - [2024-03-04T09:52:45.453+0000] {dagbag.py:538} INFO - Filling up the DagBag from /home/airflow/.local/lib/python3.8/site-packages/airflow/example_dags/tutorial_objectstorage.py
[2024-03-04T09:52:45.465+0000] {processor.py:840} INFO - DAG(s) 'tutorial_objectstorage' retrieved from /home/airflow/.local/lib/python3.8/site-packages/airflow/example_dags/tutorial_objectstorage.py
[2024-03-04T09:52:45.504+0000] {logging_mixin.py:188} INFO - [2024-03-04T09:52:45.504+0000] {dag.py:3036} INFO - Sync 1 DAGs
[2024-03-04T09:52:45.529+0000] {logging_mixin.py:188} INFO - [2024-03-04T09:52:45.528+0000] {dag.py:3823} INFO - Setting next_dagrun for tutorial_objectstorage to None, run_after=None
[2024-03-04T09:52:45.562+0000] {processor.py:183} INFO - Processing /home/airflow/.local/lib/python3.8/site-packages/airflow/example_dags/tutorial_objectstorage.py took 0.120 seconds
[2024-03-04T09:53:15.900+0000] {processor.py:161} INFO - Started process (PID=175) to work on /home/airflow/.local/lib/python3.8/site-packages/airflow/example_dags/tutorial_objectstorage.py
[2024-03-04T09:53:15.902+0000] {processor.py:830} INFO - Processing file /home/airflow/.local/lib/python3.8/site-packages/airflow/example_dags/tutorial_objectstorage.py for tasks to queue
[2024-03-04T09:53:15.909+0000] {logging_mixin.py:188} INFO - [2024-03-04T09:53:15.908+0000] {dagbag.py:538} INFO - Filling up the DagBag from /home/airflow/.local/lib/python3.8/site-packages/airflow/example_dags/tutorial_objectstorage.py
[2024-03-04T09:53:15.928+0000] {processor.py:840} INFO - DAG(s) 'tutorial_objectstorage' retrieved from /home/airflow/.local/lib/python3.8/site-packages/airflow/example_dags/tutorial_objectstorage.py
[2024-03-04T09:53:15.979+0000] {logging_mixin.py:188} INFO - [2024-03-04T09:53:15.978+0000] {dag.py:3036} INFO - Sync 1 DAGs
[2024-03-04T09:53:16.011+0000] {logging_mixin.py:188} INFO - [2024-03-04T09:53:16.011+0000] {dag.py:3823} INFO - Setting next_dagrun for tutorial_objectstorage to None, run_after=None
[2024-03-04T09:53:16.063+0000] {processor.py:183} INFO - Processing /home/airflow/.local/lib/python3.8/site-packages/airflow/example_dags/tutorial_objectstorage.py took 0.173 seconds
[2024-03-04T09:53:47.513+0000] {processor.py:161} INFO - Started process (PID=232) to work on /home/airflow/.local/lib/python3.8/site-packages/airflow/example_dags/tutorial_objectstorage.py
[2024-03-04T09:53:47.515+0000] {processor.py:830} INFO - Processing file /home/airflow/.local/lib/python3.8/site-packages/airflow/example_dags/tutorial_objectstorage.py for tasks to queue
[2024-03-04T09:53:47.519+0000] {logging_mixin.py:188} INFO - [2024-03-04T09:53:47.519+0000] {dagbag.py:538} INFO - Filling up the DagBag from /home/airflow/.local/lib/python3.8/site-packages/airflow/example_dags/tutorial_objectstorage.py
[2024-03-04T09:53:47.533+0000] {processor.py:840} INFO - DAG(s) 'tutorial_objectstorage' retrieved from /home/airflow/.local/lib/python3.8/site-packages/airflow/example_dags/tutorial_objectstorage.py
[2024-03-04T09:53:47.567+0000] {logging_mixin.py:188} INFO - [2024-03-04T09:53:47.566+0000] {dag.py:3036} INFO - Sync 1 DAGs
[2024-03-04T09:53:47.605+0000] {logging_mixin.py:188} INFO - [2024-03-04T09:53:47.604+0000] {dag.py:3823} INFO - Setting next_dagrun for tutorial_objectstorage to None, run_after=None
[2024-03-04T09:53:47.655+0000] {processor.py:183} INFO - Processing /home/airflow/.local/lib/python3.8/site-packages/airflow/example_dags/tutorial_objectstorage.py took 0.149 seconds
[2024-03-04T09:56:34.287+0000] {processor.py:161} INFO - Started process (PID=54) to work on /home/airflow/.local/lib/python3.8/site-packages/airflow/example_dags/tutorial_objectstorage.py
[2024-03-04T09:56:34.289+0000] {processor.py:830} INFO - Processing file /home/airflow/.local/lib/python3.8/site-packages/airflow/example_dags/tutorial_objectstorage.py for tasks to queue
[2024-03-04T09:56:34.291+0000] {logging_mixin.py:188} INFO - [2024-03-04T09:56:34.291+0000] {dagbag.py:538} INFO - Filling up the DagBag from /home/airflow/.local/lib/python3.8/site-packages/airflow/example_dags/tutorial_objectstorage.py
[2024-03-04T09:56:34.305+0000] {processor.py:840} INFO - DAG(s) 'tutorial_objectstorage' retrieved from /home/airflow/.local/lib/python3.8/site-packages/airflow/example_dags/tutorial_objectstorage.py
[2024-03-04T09:56:34.476+0000] {logging_mixin.py:188} INFO - [2024-03-04T09:56:34.476+0000] {dag.py:3036} INFO - Sync 1 DAGs
[2024-03-04T09:56:34.513+0000] {logging_mixin.py:188} INFO - [2024-03-04T09:56:34.512+0000] {dag.py:3823} INFO - Setting next_dagrun for tutorial_objectstorage to None, run_after=None
[2024-03-04T09:56:34.550+0000] {processor.py:183} INFO - Processing /home/airflow/.local/lib/python3.8/site-packages/airflow/example_dags/tutorial_objectstorage.py took 0.268 seconds
[2024-03-04T09:57:05.664+0000] {processor.py:161} INFO - Started process (PID=117) to work on /home/airflow/.local/lib/python3.8/site-packages/airflow/example_dags/tutorial_objectstorage.py
[2024-03-04T09:57:05.665+0000] {processor.py:830} INFO - Processing file /home/airflow/.local/lib/python3.8/site-packages/airflow/example_dags/tutorial_objectstorage.py for tasks to queue
[2024-03-04T09:57:05.667+0000] {logging_mixin.py:188} INFO - [2024-03-04T09:57:05.667+0000] {dagbag.py:538} INFO - Filling up the DagBag from /home/airflow/.local/lib/python3.8/site-packages/airflow/example_dags/tutorial_objectstorage.py
[2024-03-04T09:57:05.676+0000] {processor.py:840} INFO - DAG(s) 'tutorial_objectstorage' retrieved from /home/airflow/.local/lib/python3.8/site-packages/airflow/example_dags/tutorial_objectstorage.py
[2024-03-04T09:57:05.699+0000] {logging_mixin.py:188} INFO - [2024-03-04T09:57:05.699+0000] {dag.py:3036} INFO - Sync 1 DAGs
[2024-03-04T09:57:05.715+0000] {logging_mixin.py:188} INFO - [2024-03-04T09:57:05.714+0000] {dag.py:3823} INFO - Setting next_dagrun for tutorial_objectstorage to None, run_after=None
[2024-03-04T09:57:05.741+0000] {processor.py:183} INFO - Processing /home/airflow/.local/lib/python3.8/site-packages/airflow/example_dags/tutorial_objectstorage.py took 0.082 seconds
[2024-03-04T09:57:37.428+0000] {processor.py:161} INFO - Started process (PID=174) to work on /home/airflow/.local/lib/python3.8/site-packages/airflow/example_dags/tutorial_objectstorage.py
[2024-03-04T09:57:37.430+0000] {processor.py:830} INFO - Processing file /home/airflow/.local/lib/python3.8/site-packages/airflow/example_dags/tutorial_objectstorage.py for tasks to queue
[2024-03-04T09:57:37.434+0000] {logging_mixin.py:188} INFO - [2024-03-04T09:57:37.433+0000] {dagbag.py:538} INFO - Filling up the DagBag from /home/airflow/.local/lib/python3.8/site-packages/airflow/example_dags/tutorial_objectstorage.py
[2024-03-04T09:57:37.450+0000] {processor.py:840} INFO - DAG(s) 'tutorial_objectstorage' retrieved from /home/airflow/.local/lib/python3.8/site-packages/airflow/example_dags/tutorial_objectstorage.py
[2024-03-04T09:57:37.490+0000] {logging_mixin.py:188} INFO - [2024-03-04T09:57:37.490+0000] {dag.py:3036} INFO - Sync 1 DAGs
[2024-03-04T09:57:37.515+0000] {logging_mixin.py:188} INFO - [2024-03-04T09:57:37.514+0000] {dag.py:3823} INFO - Setting next_dagrun for tutorial_objectstorage to None, run_after=None
[2024-03-04T09:57:37.577+0000] {processor.py:183} INFO - Processing /home/airflow/.local/lib/python3.8/site-packages/airflow/example_dags/tutorial_objectstorage.py took 0.158 seconds
[2024-03-04T09:58:08.685+0000] {processor.py:161} INFO - Started process (PID=235) to work on /home/airflow/.local/lib/python3.8/site-packages/airflow/example_dags/tutorial_objectstorage.py
[2024-03-04T09:58:08.687+0000] {processor.py:830} INFO - Processing file /home/airflow/.local/lib/python3.8/site-packages/airflow/example_dags/tutorial_objectstorage.py for tasks to queue
[2024-03-04T09:58:08.691+0000] {logging_mixin.py:188} INFO - [2024-03-04T09:58:08.691+0000] {dagbag.py:538} INFO - Filling up the DagBag from /home/airflow/.local/lib/python3.8/site-packages/airflow/example_dags/tutorial_objectstorage.py
[2024-03-04T09:58:08.705+0000] {processor.py:840} INFO - DAG(s) 'tutorial_objectstorage' retrieved from /home/airflow/.local/lib/python3.8/site-packages/airflow/example_dags/tutorial_objectstorage.py
[2024-03-04T09:58:08.734+0000] {logging_mixin.py:188} INFO - [2024-03-04T09:58:08.734+0000] {dag.py:3036} INFO - Sync 1 DAGs
[2024-03-04T09:58:08.752+0000] {logging_mixin.py:188} INFO - [2024-03-04T09:58:08.752+0000] {dag.py:3823} INFO - Setting next_dagrun for tutorial_objectstorage to None, run_after=None
[2024-03-04T09:58:08.785+0000] {processor.py:183} INFO - Processing /home/airflow/.local/lib/python3.8/site-packages/airflow/example_dags/tutorial_objectstorage.py took 0.106 seconds
[2024-03-04T09:58:39.185+0000] {processor.py:161} INFO - Started process (PID=293) to work on /home/airflow/.local/lib/python3.8/site-packages/airflow/example_dags/tutorial_objectstorage.py
[2024-03-04T09:58:39.187+0000] {processor.py:830} INFO - Processing file /home/airflow/.local/lib/python3.8/site-packages/airflow/example_dags/tutorial_objectstorage.py for tasks to queue
[2024-03-04T09:58:39.190+0000] {logging_mixin.py:188} INFO - [2024-03-04T09:58:39.190+0000] {dagbag.py:538} INFO - Filling up the DagBag from /home/airflow/.local/lib/python3.8/site-packages/airflow/example_dags/tutorial_objectstorage.py
[2024-03-04T09:58:39.202+0000] {processor.py:840} INFO - DAG(s) 'tutorial_objectstorage' retrieved from /home/airflow/.local/lib/python3.8/site-packages/airflow/example_dags/tutorial_objectstorage.py
[2024-03-04T09:58:39.232+0000] {logging_mixin.py:188} INFO - [2024-03-04T09:58:39.231+0000] {dag.py:3036} INFO - Sync 1 DAGs
[2024-03-04T09:58:39.251+0000] {logging_mixin.py:188} INFO - [2024-03-04T09:58:39.250+0000] {dag.py:3823} INFO - Setting next_dagrun for tutorial_objectstorage to None, run_after=None
[2024-03-04T09:58:39.283+0000] {processor.py:183} INFO - Processing /home/airflow/.local/lib/python3.8/site-packages/airflow/example_dags/tutorial_objectstorage.py took 0.103 seconds
[2024-03-04T09:59:09.401+0000] {processor.py:161} INFO - Started process (PID=348) to work on /home/airflow/.local/lib/python3.8/site-packages/airflow/example_dags/tutorial_objectstorage.py
[2024-03-04T09:59:09.402+0000] {processor.py:830} INFO - Processing file /home/airflow/.local/lib/python3.8/site-packages/airflow/example_dags/tutorial_objectstorage.py for tasks to queue
[2024-03-04T09:59:09.405+0000] {logging_mixin.py:188} INFO - [2024-03-04T09:59:09.405+0000] {dagbag.py:538} INFO - Filling up the DagBag from /home/airflow/.local/lib/python3.8/site-packages/airflow/example_dags/tutorial_objectstorage.py
[2024-03-04T09:59:09.416+0000] {processor.py:840} INFO - DAG(s) 'tutorial_objectstorage' retrieved from /home/airflow/.local/lib/python3.8/site-packages/airflow/example_dags/tutorial_objectstorage.py
[2024-03-04T09:59:09.452+0000] {logging_mixin.py:188} INFO - [2024-03-04T09:59:09.452+0000] {dag.py:3036} INFO - Sync 1 DAGs
[2024-03-04T09:59:09.482+0000] {logging_mixin.py:188} INFO - [2024-03-04T09:59:09.481+0000] {dag.py:3823} INFO - Setting next_dagrun for tutorial_objectstorage to None, run_after=None
[2024-03-04T09:59:09.555+0000] {processor.py:183} INFO - Processing /home/airflow/.local/lib/python3.8/site-packages/airflow/example_dags/tutorial_objectstorage.py took 0.160 seconds
[2024-03-04T09:59:40.231+0000] {processor.py:161} INFO - Started process (PID=405) to work on /home/airflow/.local/lib/python3.8/site-packages/airflow/example_dags/tutorial_objectstorage.py
[2024-03-04T09:59:40.232+0000] {processor.py:830} INFO - Processing file /home/airflow/.local/lib/python3.8/site-packages/airflow/example_dags/tutorial_objectstorage.py for tasks to queue
[2024-03-04T09:59:40.235+0000] {logging_mixin.py:188} INFO - [2024-03-04T09:59:40.235+0000] {dagbag.py:538} INFO - Filling up the DagBag from /home/airflow/.local/lib/python3.8/site-packages/airflow/example_dags/tutorial_objectstorage.py
[2024-03-04T09:59:40.245+0000] {processor.py:840} INFO - DAG(s) 'tutorial_objectstorage' retrieved from /home/airflow/.local/lib/python3.8/site-packages/airflow/example_dags/tutorial_objectstorage.py
[2024-03-04T09:59:40.275+0000] {logging_mixin.py:188} INFO - [2024-03-04T09:59:40.275+0000] {dag.py:3036} INFO - Sync 1 DAGs
[2024-03-04T09:59:40.306+0000] {logging_mixin.py:188} INFO - [2024-03-04T09:59:40.305+0000] {dag.py:3823} INFO - Setting next_dagrun for tutorial_objectstorage to None, run_after=None
[2024-03-04T09:59:40.370+0000] {processor.py:183} INFO - Processing /home/airflow/.local/lib/python3.8/site-packages/airflow/example_dags/tutorial_objectstorage.py took 0.144 seconds
[2024-03-04T10:00:10.794+0000] {processor.py:161} INFO - Started process (PID=462) to work on /home/airflow/.local/lib/python3.8/site-packages/airflow/example_dags/tutorial_objectstorage.py
[2024-03-04T10:00:10.795+0000] {processor.py:830} INFO - Processing file /home/airflow/.local/lib/python3.8/site-packages/airflow/example_dags/tutorial_objectstorage.py for tasks to queue
[2024-03-04T10:00:10.798+0000] {logging_mixin.py:188} INFO - [2024-03-04T10:00:10.798+0000] {dagbag.py:538} INFO - Filling up the DagBag from /home/airflow/.local/lib/python3.8/site-packages/airflow/example_dags/tutorial_objectstorage.py
[2024-03-04T10:00:10.810+0000] {processor.py:840} INFO - DAG(s) 'tutorial_objectstorage' retrieved from /home/airflow/.local/lib/python3.8/site-packages/airflow/example_dags/tutorial_objectstorage.py
[2024-03-04T10:00:10.845+0000] {logging_mixin.py:188} INFO - [2024-03-04T10:00:10.844+0000] {dag.py:3036} INFO - Sync 1 DAGs
[2024-03-04T10:00:10.873+0000] {logging_mixin.py:188} INFO - [2024-03-04T10:00:10.873+0000] {dag.py:3823} INFO - Setting next_dagrun for tutorial_objectstorage to None, run_after=None
[2024-03-04T10:00:10.929+0000] {processor.py:183} INFO - Processing /home/airflow/.local/lib/python3.8/site-packages/airflow/example_dags/tutorial_objectstorage.py took 0.141 seconds
[2024-03-04T10:00:41.034+0000] {processor.py:161} INFO - Started process (PID=523) to work on /home/airflow/.local/lib/python3.8/site-packages/airflow/example_dags/tutorial_objectstorage.py
[2024-03-04T10:00:41.036+0000] {processor.py:830} INFO - Processing file /home/airflow/.local/lib/python3.8/site-packages/airflow/example_dags/tutorial_objectstorage.py for tasks to queue
[2024-03-04T10:00:41.039+0000] {logging_mixin.py:188} INFO - [2024-03-04T10:00:41.038+0000] {dagbag.py:538} INFO - Filling up the DagBag from /home/airflow/.local/lib/python3.8/site-packages/airflow/example_dags/tutorial_objectstorage.py
[2024-03-04T10:00:41.047+0000] {processor.py:840} INFO - DAG(s) 'tutorial_objectstorage' retrieved from /home/airflow/.local/lib/python3.8/site-packages/airflow/example_dags/tutorial_objectstorage.py
[2024-03-04T10:00:41.074+0000] {logging_mixin.py:188} INFO - [2024-03-04T10:00:41.073+0000] {dag.py:3036} INFO - Sync 1 DAGs
[2024-03-04T10:00:41.090+0000] {logging_mixin.py:188} INFO - [2024-03-04T10:00:41.090+0000] {dag.py:3823} INFO - Setting next_dagrun for tutorial_objectstorage to None, run_after=None
[2024-03-04T10:00:41.132+0000] {processor.py:183} INFO - Processing /home/airflow/.local/lib/python3.8/site-packages/airflow/example_dags/tutorial_objectstorage.py took 0.104 seconds
[2024-03-04T10:01:11.407+0000] {processor.py:161} INFO - Started process (PID=579) to work on /home/airflow/.local/lib/python3.8/site-packages/airflow/example_dags/tutorial_objectstorage.py
[2024-03-04T10:01:11.411+0000] {processor.py:830} INFO - Processing file /home/airflow/.local/lib/python3.8/site-packages/airflow/example_dags/tutorial_objectstorage.py for tasks to queue
[2024-03-04T10:01:11.423+0000] {logging_mixin.py:188} INFO - [2024-03-04T10:01:11.420+0000] {dagbag.py:538} INFO - Filling up the DagBag from /home/airflow/.local/lib/python3.8/site-packages/airflow/example_dags/tutorial_objectstorage.py
[2024-03-04T10:01:11.443+0000] {processor.py:840} INFO - DAG(s) 'tutorial_objectstorage' retrieved from /home/airflow/.local/lib/python3.8/site-packages/airflow/example_dags/tutorial_objectstorage.py
[2024-03-04T10:01:11.490+0000] {logging_mixin.py:188} INFO - [2024-03-04T10:01:11.490+0000] {dag.py:3036} INFO - Sync 1 DAGs
[2024-03-04T10:01:11.523+0000] {logging_mixin.py:188} INFO - [2024-03-04T10:01:11.523+0000] {dag.py:3823} INFO - Setting next_dagrun for tutorial_objectstorage to None, run_after=None
[2024-03-04T10:01:11.575+0000] {processor.py:183} INFO - Processing /home/airflow/.local/lib/python3.8/site-packages/airflow/example_dags/tutorial_objectstorage.py took 0.179 seconds
[2024-03-04T10:01:41.675+0000] {processor.py:161} INFO - Started process (PID=636) to work on /home/airflow/.local/lib/python3.8/site-packages/airflow/example_dags/tutorial_objectstorage.py
[2024-03-04T10:01:41.676+0000] {processor.py:830} INFO - Processing file /home/airflow/.local/lib/python3.8/site-packages/airflow/example_dags/tutorial_objectstorage.py for tasks to queue
[2024-03-04T10:01:41.679+0000] {logging_mixin.py:188} INFO - [2024-03-04T10:01:41.678+0000] {dagbag.py:538} INFO - Filling up the DagBag from /home/airflow/.local/lib/python3.8/site-packages/airflow/example_dags/tutorial_objectstorage.py
[2024-03-04T10:01:41.688+0000] {processor.py:840} INFO - DAG(s) 'tutorial_objectstorage' retrieved from /home/airflow/.local/lib/python3.8/site-packages/airflow/example_dags/tutorial_objectstorage.py
[2024-03-04T10:01:41.714+0000] {logging_mixin.py:188} INFO - [2024-03-04T10:01:41.713+0000] {dag.py:3036} INFO - Sync 1 DAGs
[2024-03-04T10:01:41.745+0000] {logging_mixin.py:188} INFO - [2024-03-04T10:01:41.744+0000] {dag.py:3823} INFO - Setting next_dagrun for tutorial_objectstorage to None, run_after=None
[2024-03-04T10:01:41.775+0000] {processor.py:183} INFO - Processing /home/airflow/.local/lib/python3.8/site-packages/airflow/example_dags/tutorial_objectstorage.py took 0.105 seconds
[2024-03-04T10:05:00.070+0000] {processor.py:161} INFO - Started process (PID=53) to work on /home/airflow/.local/lib/python3.8/site-packages/airflow/example_dags/tutorial_objectstorage.py
[2024-03-04T10:05:00.072+0000] {processor.py:830} INFO - Processing file /home/airflow/.local/lib/python3.8/site-packages/airflow/example_dags/tutorial_objectstorage.py for tasks to queue
[2024-03-04T10:05:00.076+0000] {logging_mixin.py:188} INFO - [2024-03-04T10:05:00.076+0000] {dagbag.py:538} INFO - Filling up the DagBag from /home/airflow/.local/lib/python3.8/site-packages/airflow/example_dags/tutorial_objectstorage.py
[2024-03-04T10:05:00.095+0000] {processor.py:840} INFO - DAG(s) 'tutorial_objectstorage' retrieved from /home/airflow/.local/lib/python3.8/site-packages/airflow/example_dags/tutorial_objectstorage.py
[2024-03-04T10:05:00.296+0000] {logging_mixin.py:188} INFO - [2024-03-04T10:05:00.296+0000] {dag.py:3036} INFO - Sync 1 DAGs
[2024-03-04T10:05:00.313+0000] {logging_mixin.py:188} INFO - [2024-03-04T10:05:00.313+0000] {dag.py:3823} INFO - Setting next_dagrun for tutorial_objectstorage to None, run_after=None
[2024-03-04T10:05:00.370+0000] {processor.py:183} INFO - Processing /home/airflow/.local/lib/python3.8/site-packages/airflow/example_dags/tutorial_objectstorage.py took 0.305 seconds
[2024-03-04T10:05:30.533+0000] {processor.py:161} INFO - Started process (PID=111) to work on /home/airflow/.local/lib/python3.8/site-packages/airflow/example_dags/tutorial_objectstorage.py
[2024-03-04T10:05:30.535+0000] {processor.py:830} INFO - Processing file /home/airflow/.local/lib/python3.8/site-packages/airflow/example_dags/tutorial_objectstorage.py for tasks to queue
[2024-03-04T10:05:30.538+0000] {logging_mixin.py:188} INFO - [2024-03-04T10:05:30.537+0000] {dagbag.py:538} INFO - Filling up the DagBag from /home/airflow/.local/lib/python3.8/site-packages/airflow/example_dags/tutorial_objectstorage.py
[2024-03-04T10:05:30.548+0000] {processor.py:840} INFO - DAG(s) 'tutorial_objectstorage' retrieved from /home/airflow/.local/lib/python3.8/site-packages/airflow/example_dags/tutorial_objectstorage.py
[2024-03-04T10:05:30.580+0000] {logging_mixin.py:188} INFO - [2024-03-04T10:05:30.580+0000] {dag.py:3036} INFO - Sync 1 DAGs
[2024-03-04T10:05:30.601+0000] {logging_mixin.py:188} INFO - [2024-03-04T10:05:30.600+0000] {dag.py:3823} INFO - Setting next_dagrun for tutorial_objectstorage to None, run_after=None
[2024-03-04T10:05:30.666+0000] {processor.py:183} INFO - Processing /home/airflow/.local/lib/python3.8/site-packages/airflow/example_dags/tutorial_objectstorage.py took 0.137 seconds
[2024-03-04T10:11:54.035+0000] {processor.py:161} INFO - Started process (PID=53) to work on /home/airflow/.local/lib/python3.8/site-packages/airflow/example_dags/tutorial_objectstorage.py
[2024-03-04T10:11:54.037+0000] {processor.py:830} INFO - Processing file /home/airflow/.local/lib/python3.8/site-packages/airflow/example_dags/tutorial_objectstorage.py for tasks to queue
[2024-03-04T10:11:54.040+0000] {logging_mixin.py:188} INFO - [2024-03-04T10:11:54.040+0000] {dagbag.py:538} INFO - Filling up the DagBag from /home/airflow/.local/lib/python3.8/site-packages/airflow/example_dags/tutorial_objectstorage.py
[2024-03-04T10:11:54.053+0000] {processor.py:840} INFO - DAG(s) 'tutorial_objectstorage' retrieved from /home/airflow/.local/lib/python3.8/site-packages/airflow/example_dags/tutorial_objectstorage.py
[2024-03-04T10:11:54.302+0000] {logging_mixin.py:188} INFO - [2024-03-04T10:11:54.302+0000] {dag.py:3036} INFO - Sync 1 DAGs
[2024-03-04T10:11:54.326+0000] {logging_mixin.py:188} INFO - [2024-03-04T10:11:54.326+0000] {dag.py:3823} INFO - Setting next_dagrun for tutorial_objectstorage to None, run_after=None
[2024-03-04T10:11:54.367+0000] {processor.py:183} INFO - Processing /home/airflow/.local/lib/python3.8/site-packages/airflow/example_dags/tutorial_objectstorage.py took 0.338 seconds
[2024-03-04T10:12:24.743+0000] {processor.py:161} INFO - Started process (PID=110) to work on /home/airflow/.local/lib/python3.8/site-packages/airflow/example_dags/tutorial_objectstorage.py
[2024-03-04T10:12:24.745+0000] {processor.py:830} INFO - Processing file /home/airflow/.local/lib/python3.8/site-packages/airflow/example_dags/tutorial_objectstorage.py for tasks to queue
[2024-03-04T10:12:24.747+0000] {logging_mixin.py:188} INFO - [2024-03-04T10:12:24.747+0000] {dagbag.py:538} INFO - Filling up the DagBag from /home/airflow/.local/lib/python3.8/site-packages/airflow/example_dags/tutorial_objectstorage.py
[2024-03-04T10:12:24.765+0000] {processor.py:840} INFO - DAG(s) 'tutorial_objectstorage' retrieved from /home/airflow/.local/lib/python3.8/site-packages/airflow/example_dags/tutorial_objectstorage.py
[2024-03-04T10:12:24.803+0000] {logging_mixin.py:188} INFO - [2024-03-04T10:12:24.802+0000] {dag.py:3036} INFO - Sync 1 DAGs
[2024-03-04T10:12:24.819+0000] {logging_mixin.py:188} INFO - [2024-03-04T10:12:24.819+0000] {dag.py:3823} INFO - Setting next_dagrun for tutorial_objectstorage to None, run_after=None
[2024-03-04T10:12:24.845+0000] {processor.py:183} INFO - Processing /home/airflow/.local/lib/python3.8/site-packages/airflow/example_dags/tutorial_objectstorage.py took 0.106 seconds
[2024-03-04T10:12:55.799+0000] {processor.py:161} INFO - Started process (PID=167) to work on /home/airflow/.local/lib/python3.8/site-packages/airflow/example_dags/tutorial_objectstorage.py
[2024-03-04T10:12:55.801+0000] {processor.py:830} INFO - Processing file /home/airflow/.local/lib/python3.8/site-packages/airflow/example_dags/tutorial_objectstorage.py for tasks to queue
[2024-03-04T10:12:55.804+0000] {logging_mixin.py:188} INFO - [2024-03-04T10:12:55.804+0000] {dagbag.py:538} INFO - Filling up the DagBag from /home/airflow/.local/lib/python3.8/site-packages/airflow/example_dags/tutorial_objectstorage.py
[2024-03-04T10:12:55.814+0000] {processor.py:840} INFO - DAG(s) 'tutorial_objectstorage' retrieved from /home/airflow/.local/lib/python3.8/site-packages/airflow/example_dags/tutorial_objectstorage.py
[2024-03-04T10:12:55.846+0000] {logging_mixin.py:188} INFO - [2024-03-04T10:12:55.846+0000] {dag.py:3036} INFO - Sync 1 DAGs
[2024-03-04T10:12:55.867+0000] {logging_mixin.py:188} INFO - [2024-03-04T10:12:55.867+0000] {dag.py:3823} INFO - Setting next_dagrun for tutorial_objectstorage to None, run_after=None
[2024-03-04T10:12:55.905+0000] {processor.py:183} INFO - Processing /home/airflow/.local/lib/python3.8/site-packages/airflow/example_dags/tutorial_objectstorage.py took 0.111 seconds
[2024-03-04T10:15:42.508+0000] {processor.py:161} INFO - Started process (PID=53) to work on /home/airflow/.local/lib/python3.8/site-packages/airflow/example_dags/tutorial_objectstorage.py
[2024-03-04T10:15:42.510+0000] {processor.py:830} INFO - Processing file /home/airflow/.local/lib/python3.8/site-packages/airflow/example_dags/tutorial_objectstorage.py for tasks to queue
[2024-03-04T10:15:42.512+0000] {logging_mixin.py:188} INFO - [2024-03-04T10:15:42.512+0000] {dagbag.py:538} INFO - Filling up the DagBag from /home/airflow/.local/lib/python3.8/site-packages/airflow/example_dags/tutorial_objectstorage.py
[2024-03-04T10:15:42.526+0000] {processor.py:840} INFO - DAG(s) 'tutorial_objectstorage' retrieved from /home/airflow/.local/lib/python3.8/site-packages/airflow/example_dags/tutorial_objectstorage.py
[2024-03-04T10:15:42.706+0000] {logging_mixin.py:188} INFO - [2024-03-04T10:15:42.706+0000] {dag.py:3036} INFO - Sync 1 DAGs
[2024-03-04T10:15:42.727+0000] {logging_mixin.py:188} INFO - [2024-03-04T10:15:42.726+0000] {dag.py:3823} INFO - Setting next_dagrun for tutorial_objectstorage to None, run_after=None
[2024-03-04T10:15:42.765+0000] {processor.py:183} INFO - Processing /home/airflow/.local/lib/python3.8/site-packages/airflow/example_dags/tutorial_objectstorage.py took 0.261 seconds
[2024-03-04T10:16:13.727+0000] {processor.py:161} INFO - Started process (PID=110) to work on /home/airflow/.local/lib/python3.8/site-packages/airflow/example_dags/tutorial_objectstorage.py
[2024-03-04T10:16:13.729+0000] {processor.py:830} INFO - Processing file /home/airflow/.local/lib/python3.8/site-packages/airflow/example_dags/tutorial_objectstorage.py for tasks to queue
[2024-03-04T10:16:13.733+0000] {logging_mixin.py:188} INFO - [2024-03-04T10:16:13.732+0000] {dagbag.py:538} INFO - Filling up the DagBag from /home/airflow/.local/lib/python3.8/site-packages/airflow/example_dags/tutorial_objectstorage.py
[2024-03-04T10:16:13.744+0000] {processor.py:840} INFO - DAG(s) 'tutorial_objectstorage' retrieved from /home/airflow/.local/lib/python3.8/site-packages/airflow/example_dags/tutorial_objectstorage.py
[2024-03-04T10:16:13.782+0000] {logging_mixin.py:188} INFO - [2024-03-04T10:16:13.781+0000] {dag.py:3036} INFO - Sync 1 DAGs
[2024-03-04T10:16:13.808+0000] {logging_mixin.py:188} INFO - [2024-03-04T10:16:13.807+0000] {dag.py:3823} INFO - Setting next_dagrun for tutorial_objectstorage to None, run_after=None
[2024-03-04T10:16:13.843+0000] {processor.py:183} INFO - Processing /home/airflow/.local/lib/python3.8/site-packages/airflow/example_dags/tutorial_objectstorage.py took 0.120 seconds
[2024-03-04T10:16:44.322+0000] {processor.py:161} INFO - Started process (PID=167) to work on /home/airflow/.local/lib/python3.8/site-packages/airflow/example_dags/tutorial_objectstorage.py
[2024-03-04T10:16:44.323+0000] {processor.py:830} INFO - Processing file /home/airflow/.local/lib/python3.8/site-packages/airflow/example_dags/tutorial_objectstorage.py for tasks to queue
[2024-03-04T10:16:44.326+0000] {logging_mixin.py:188} INFO - [2024-03-04T10:16:44.326+0000] {dagbag.py:538} INFO - Filling up the DagBag from /home/airflow/.local/lib/python3.8/site-packages/airflow/example_dags/tutorial_objectstorage.py
[2024-03-04T10:16:44.334+0000] {processor.py:840} INFO - DAG(s) 'tutorial_objectstorage' retrieved from /home/airflow/.local/lib/python3.8/site-packages/airflow/example_dags/tutorial_objectstorage.py
[2024-03-04T10:16:44.362+0000] {logging_mixin.py:188} INFO - [2024-03-04T10:16:44.361+0000] {dag.py:3036} INFO - Sync 1 DAGs
[2024-03-04T10:16:44.378+0000] {logging_mixin.py:188} INFO - [2024-03-04T10:16:44.378+0000] {dag.py:3823} INFO - Setting next_dagrun for tutorial_objectstorage to None, run_after=None
[2024-03-04T10:16:44.410+0000] {processor.py:183} INFO - Processing /home/airflow/.local/lib/python3.8/site-packages/airflow/example_dags/tutorial_objectstorage.py took 0.092 seconds
