[2024-03-04T09:52:16.743+0000] {processor.py:161} INFO - Started process (PID=64) to work on /home/airflow/.local/lib/python3.8/site-packages/airflow/example_dags/tutorial.py
[2024-03-04T09:52:16.746+0000] {processor.py:830} INFO - Processing file /home/airflow/.local/lib/python3.8/site-packages/airflow/example_dags/tutorial.py for tasks to queue
[2024-03-04T09:52:16.751+0000] {logging_mixin.py:188} INFO - [2024-03-04T09:52:16.749+0000] {dagbag.py:538} INFO - Filling up the DagBag from /home/airflow/.local/lib/python3.8/site-packages/airflow/example_dags/tutorial.py
[2024-03-04T09:52:16.777+0000] {processor.py:840} INFO - DAG(s) 'tutorial' retrieved from /home/airflow/.local/lib/python3.8/site-packages/airflow/example_dags/tutorial.py
[2024-03-04T09:52:17.147+0000] {logging_mixin.py:188} INFO - [2024-03-04T09:52:17.146+0000] {override.py:1769} INFO - Created Permission View: can read on DAG:tutorial
[2024-03-04T09:52:17.233+0000] {logging_mixin.py:188} INFO - [2024-03-04T09:52:17.230+0000] {override.py:1769} INFO - Created Permission View: can delete on DAG:tutorial
[2024-03-04T09:52:17.332+0000] {logging_mixin.py:188} INFO - [2024-03-04T09:52:17.331+0000] {override.py:1769} INFO - Created Permission View: can edit on DAG:tutorial
[2024-03-04T09:52:17.345+0000] {logging_mixin.py:188} INFO - [2024-03-04T09:52:17.345+0000] {dag.py:3036} INFO - Sync 1 DAGs
[2024-03-04T09:52:17.454+0000] {logging_mixin.py:188} INFO - [2024-03-04T09:52:17.453+0000] {dag.py:3058} INFO - Creating ORM DAG for tutorial
[2024-03-04T09:52:17.549+0000] {logging_mixin.py:188} INFO - [2024-03-04T09:52:17.549+0000] {dag.py:3823} INFO - Setting next_dagrun for tutorial to 2024-03-03 00:00:00+00:00, run_after=2024-03-04 00:00:00+00:00
[2024-03-04T09:52:17.660+0000] {processor.py:183} INFO - Processing /home/airflow/.local/lib/python3.8/site-packages/airflow/example_dags/tutorial.py took 0.930 seconds
[2024-03-04T09:52:48.068+0000] {processor.py:161} INFO - Started process (PID=121) to work on /home/airflow/.local/lib/python3.8/site-packages/airflow/example_dags/tutorial.py
[2024-03-04T09:52:48.070+0000] {processor.py:830} INFO - Processing file /home/airflow/.local/lib/python3.8/site-packages/airflow/example_dags/tutorial.py for tasks to queue
[2024-03-04T09:52:48.074+0000] {logging_mixin.py:188} INFO - [2024-03-04T09:52:48.073+0000] {dagbag.py:538} INFO - Filling up the DagBag from /home/airflow/.local/lib/python3.8/site-packages/airflow/example_dags/tutorial.py
[2024-03-04T09:52:48.086+0000] {processor.py:840} INFO - DAG(s) 'tutorial' retrieved from /home/airflow/.local/lib/python3.8/site-packages/airflow/example_dags/tutorial.py
[2024-03-04T09:52:48.136+0000] {logging_mixin.py:188} INFO - [2024-03-04T09:52:48.135+0000] {dag.py:3036} INFO - Sync 1 DAGs
[2024-03-04T09:52:48.183+0000] {logging_mixin.py:188} INFO - [2024-03-04T09:52:48.182+0000] {dag.py:3823} INFO - Setting next_dagrun for tutorial to 2024-03-03 00:00:00+00:00, run_after=2024-03-04 00:00:00+00:00
[2024-03-04T09:52:48.227+0000] {processor.py:183} INFO - Processing /home/airflow/.local/lib/python3.8/site-packages/airflow/example_dags/tutorial.py took 0.167 seconds
[2024-03-04T09:53:18.384+0000] {processor.py:161} INFO - Started process (PID=179) to work on /home/airflow/.local/lib/python3.8/site-packages/airflow/example_dags/tutorial.py
[2024-03-04T09:53:18.385+0000] {processor.py:830} INFO - Processing file /home/airflow/.local/lib/python3.8/site-packages/airflow/example_dags/tutorial.py for tasks to queue
[2024-03-04T09:53:18.387+0000] {logging_mixin.py:188} INFO - [2024-03-04T09:53:18.387+0000] {dagbag.py:538} INFO - Filling up the DagBag from /home/airflow/.local/lib/python3.8/site-packages/airflow/example_dags/tutorial.py
[2024-03-04T09:53:18.396+0000] {processor.py:840} INFO - DAG(s) 'tutorial' retrieved from /home/airflow/.local/lib/python3.8/site-packages/airflow/example_dags/tutorial.py
[2024-03-04T09:53:18.425+0000] {logging_mixin.py:188} INFO - [2024-03-04T09:53:18.425+0000] {dag.py:3036} INFO - Sync 1 DAGs
[2024-03-04T09:53:18.455+0000] {logging_mixin.py:188} INFO - [2024-03-04T09:53:18.455+0000] {dag.py:3823} INFO - Setting next_dagrun for tutorial to 2024-03-03 00:00:00+00:00, run_after=2024-03-04 00:00:00+00:00
[2024-03-04T09:53:18.478+0000] {processor.py:183} INFO - Processing /home/airflow/.local/lib/python3.8/site-packages/airflow/example_dags/tutorial.py took 0.100 seconds
[2024-03-04T09:53:49.074+0000] {processor.py:161} INFO - Started process (PID=236) to work on /home/airflow/.local/lib/python3.8/site-packages/airflow/example_dags/tutorial.py
[2024-03-04T09:53:49.077+0000] {processor.py:830} INFO - Processing file /home/airflow/.local/lib/python3.8/site-packages/airflow/example_dags/tutorial.py for tasks to queue
[2024-03-04T09:53:49.081+0000] {logging_mixin.py:188} INFO - [2024-03-04T09:53:49.080+0000] {dagbag.py:538} INFO - Filling up the DagBag from /home/airflow/.local/lib/python3.8/site-packages/airflow/example_dags/tutorial.py
[2024-03-04T09:53:49.095+0000] {processor.py:840} INFO - DAG(s) 'tutorial' retrieved from /home/airflow/.local/lib/python3.8/site-packages/airflow/example_dags/tutorial.py
[2024-03-04T09:53:49.152+0000] {logging_mixin.py:188} INFO - [2024-03-04T09:53:49.151+0000] {dag.py:3036} INFO - Sync 1 DAGs
[2024-03-04T09:53:49.223+0000] {logging_mixin.py:188} INFO - [2024-03-04T09:53:49.222+0000] {dag.py:3823} INFO - Setting next_dagrun for tutorial to 2024-03-03 00:00:00+00:00, run_after=2024-03-04 00:00:00+00:00
[2024-03-04T09:53:49.310+0000] {processor.py:183} INFO - Processing /home/airflow/.local/lib/python3.8/site-packages/airflow/example_dags/tutorial.py took 0.246 seconds
[2024-03-04T09:56:34.932+0000] {processor.py:161} INFO - Started process (PID=58) to work on /home/airflow/.local/lib/python3.8/site-packages/airflow/example_dags/tutorial.py
[2024-03-04T09:56:34.934+0000] {processor.py:830} INFO - Processing file /home/airflow/.local/lib/python3.8/site-packages/airflow/example_dags/tutorial.py for tasks to queue
[2024-03-04T09:56:34.937+0000] {logging_mixin.py:188} INFO - [2024-03-04T09:56:34.937+0000] {dagbag.py:538} INFO - Filling up the DagBag from /home/airflow/.local/lib/python3.8/site-packages/airflow/example_dags/tutorial.py
[2024-03-04T09:56:34.953+0000] {processor.py:840} INFO - DAG(s) 'tutorial' retrieved from /home/airflow/.local/lib/python3.8/site-packages/airflow/example_dags/tutorial.py
[2024-03-04T09:56:35.220+0000] {logging_mixin.py:188} INFO - [2024-03-04T09:56:35.220+0000] {dag.py:3036} INFO - Sync 1 DAGs
[2024-03-04T09:56:35.258+0000] {logging_mixin.py:188} INFO - [2024-03-04T09:56:35.257+0000] {dag.py:3823} INFO - Setting next_dagrun for tutorial to 2024-03-03 00:00:00+00:00, run_after=2024-03-04 00:00:00+00:00
[2024-03-04T09:56:35.295+0000] {processor.py:183} INFO - Processing /home/airflow/.local/lib/python3.8/site-packages/airflow/example_dags/tutorial.py took 0.368 seconds
[2024-03-04T09:57:05.954+0000] {processor.py:161} INFO - Started process (PID=121) to work on /home/airflow/.local/lib/python3.8/site-packages/airflow/example_dags/tutorial.py
[2024-03-04T09:57:05.956+0000] {processor.py:830} INFO - Processing file /home/airflow/.local/lib/python3.8/site-packages/airflow/example_dags/tutorial.py for tasks to queue
[2024-03-04T09:57:05.958+0000] {logging_mixin.py:188} INFO - [2024-03-04T09:57:05.958+0000] {dagbag.py:538} INFO - Filling up the DagBag from /home/airflow/.local/lib/python3.8/site-packages/airflow/example_dags/tutorial.py
[2024-03-04T09:57:05.967+0000] {processor.py:840} INFO - DAG(s) 'tutorial' retrieved from /home/airflow/.local/lib/python3.8/site-packages/airflow/example_dags/tutorial.py
[2024-03-04T09:57:05.994+0000] {logging_mixin.py:188} INFO - [2024-03-04T09:57:05.994+0000] {dag.py:3036} INFO - Sync 1 DAGs
[2024-03-04T09:57:06.024+0000] {logging_mixin.py:188} INFO - [2024-03-04T09:57:06.024+0000] {dag.py:3823} INFO - Setting next_dagrun for tutorial to 2024-03-03 00:00:00+00:00, run_after=2024-03-04 00:00:00+00:00
[2024-03-04T09:57:06.139+0000] {processor.py:183} INFO - Processing /home/airflow/.local/lib/python3.8/site-packages/airflow/example_dags/tutorial.py took 0.189 seconds
[2024-03-04T09:57:37.827+0000] {processor.py:161} INFO - Started process (PID=178) to work on /home/airflow/.local/lib/python3.8/site-packages/airflow/example_dags/tutorial.py
[2024-03-04T09:57:37.828+0000] {processor.py:830} INFO - Processing file /home/airflow/.local/lib/python3.8/site-packages/airflow/example_dags/tutorial.py for tasks to queue
[2024-03-04T09:57:37.831+0000] {logging_mixin.py:188} INFO - [2024-03-04T09:57:37.830+0000] {dagbag.py:538} INFO - Filling up the DagBag from /home/airflow/.local/lib/python3.8/site-packages/airflow/example_dags/tutorial.py
[2024-03-04T09:57:37.838+0000] {processor.py:840} INFO - DAG(s) 'tutorial' retrieved from /home/airflow/.local/lib/python3.8/site-packages/airflow/example_dags/tutorial.py
[2024-03-04T09:57:37.866+0000] {logging_mixin.py:188} INFO - [2024-03-04T09:57:37.865+0000] {dag.py:3036} INFO - Sync 1 DAGs
[2024-03-04T09:57:37.895+0000] {logging_mixin.py:188} INFO - [2024-03-04T09:57:37.895+0000] {dag.py:3823} INFO - Setting next_dagrun for tutorial to 2024-03-03 00:00:00+00:00, run_after=2024-03-04 00:00:00+00:00
[2024-03-04T09:57:37.952+0000] {processor.py:183} INFO - Processing /home/airflow/.local/lib/python3.8/site-packages/airflow/example_dags/tutorial.py took 0.130 seconds
[2024-03-04T09:58:09.181+0000] {processor.py:161} INFO - Started process (PID=239) to work on /home/airflow/.local/lib/python3.8/site-packages/airflow/example_dags/tutorial.py
[2024-03-04T09:58:09.183+0000] {processor.py:830} INFO - Processing file /home/airflow/.local/lib/python3.8/site-packages/airflow/example_dags/tutorial.py for tasks to queue
[2024-03-04T09:58:09.187+0000] {logging_mixin.py:188} INFO - [2024-03-04T09:58:09.186+0000] {dagbag.py:538} INFO - Filling up the DagBag from /home/airflow/.local/lib/python3.8/site-packages/airflow/example_dags/tutorial.py
[2024-03-04T09:58:09.201+0000] {processor.py:840} INFO - DAG(s) 'tutorial' retrieved from /home/airflow/.local/lib/python3.8/site-packages/airflow/example_dags/tutorial.py
[2024-03-04T09:58:09.251+0000] {logging_mixin.py:188} INFO - [2024-03-04T09:58:09.250+0000] {dag.py:3036} INFO - Sync 1 DAGs
[2024-03-04T09:58:09.303+0000] {logging_mixin.py:188} INFO - [2024-03-04T09:58:09.302+0000] {dag.py:3823} INFO - Setting next_dagrun for tutorial to 2024-03-03 00:00:00+00:00, run_after=2024-03-04 00:00:00+00:00
[2024-03-04T09:58:09.366+0000] {processor.py:183} INFO - Processing /home/airflow/.local/lib/python3.8/site-packages/airflow/example_dags/tutorial.py took 0.192 seconds
[2024-03-04T09:58:39.884+0000] {processor.py:161} INFO - Started process (PID=297) to work on /home/airflow/.local/lib/python3.8/site-packages/airflow/example_dags/tutorial.py
[2024-03-04T09:58:39.886+0000] {processor.py:830} INFO - Processing file /home/airflow/.local/lib/python3.8/site-packages/airflow/example_dags/tutorial.py for tasks to queue
[2024-03-04T09:58:39.889+0000] {logging_mixin.py:188} INFO - [2024-03-04T09:58:39.889+0000] {dagbag.py:538} INFO - Filling up the DagBag from /home/airflow/.local/lib/python3.8/site-packages/airflow/example_dags/tutorial.py
[2024-03-04T09:58:39.898+0000] {processor.py:840} INFO - DAG(s) 'tutorial' retrieved from /home/airflow/.local/lib/python3.8/site-packages/airflow/example_dags/tutorial.py
[2024-03-04T09:58:39.927+0000] {logging_mixin.py:188} INFO - [2024-03-04T09:58:39.927+0000] {dag.py:3036} INFO - Sync 1 DAGs
[2024-03-04T09:58:39.960+0000] {logging_mixin.py:188} INFO - [2024-03-04T09:58:39.960+0000] {dag.py:3823} INFO - Setting next_dagrun for tutorial to 2024-03-03 00:00:00+00:00, run_after=2024-03-04 00:00:00+00:00
[2024-03-04T09:58:39.999+0000] {processor.py:183} INFO - Processing /home/airflow/.local/lib/python3.8/site-packages/airflow/example_dags/tutorial.py took 0.119 seconds
[2024-03-04T09:59:10.328+0000] {processor.py:161} INFO - Started process (PID=354) to work on /home/airflow/.local/lib/python3.8/site-packages/airflow/example_dags/tutorial.py
[2024-03-04T09:59:10.329+0000] {processor.py:830} INFO - Processing file /home/airflow/.local/lib/python3.8/site-packages/airflow/example_dags/tutorial.py for tasks to queue
[2024-03-04T09:59:10.332+0000] {logging_mixin.py:188} INFO - [2024-03-04T09:59:10.332+0000] {dagbag.py:538} INFO - Filling up the DagBag from /home/airflow/.local/lib/python3.8/site-packages/airflow/example_dags/tutorial.py
[2024-03-04T09:59:10.340+0000] {processor.py:840} INFO - DAG(s) 'tutorial' retrieved from /home/airflow/.local/lib/python3.8/site-packages/airflow/example_dags/tutorial.py
[2024-03-04T09:59:10.371+0000] {logging_mixin.py:188} INFO - [2024-03-04T09:59:10.371+0000] {dag.py:3036} INFO - Sync 1 DAGs
[2024-03-04T09:59:10.419+0000] {logging_mixin.py:188} INFO - [2024-03-04T09:59:10.419+0000] {dag.py:3823} INFO - Setting next_dagrun for tutorial to 2024-03-03 00:00:00+00:00, run_after=2024-03-04 00:00:00+00:00
[2024-03-04T09:59:10.491+0000] {processor.py:183} INFO - Processing /home/airflow/.local/lib/python3.8/site-packages/airflow/example_dags/tutorial.py took 0.167 seconds
[2024-03-04T09:59:40.656+0000] {processor.py:161} INFO - Started process (PID=409) to work on /home/airflow/.local/lib/python3.8/site-packages/airflow/example_dags/tutorial.py
[2024-03-04T09:59:40.658+0000] {processor.py:830} INFO - Processing file /home/airflow/.local/lib/python3.8/site-packages/airflow/example_dags/tutorial.py for tasks to queue
[2024-03-04T09:59:40.660+0000] {logging_mixin.py:188} INFO - [2024-03-04T09:59:40.660+0000] {dagbag.py:538} INFO - Filling up the DagBag from /home/airflow/.local/lib/python3.8/site-packages/airflow/example_dags/tutorial.py
[2024-03-04T09:59:40.667+0000] {processor.py:840} INFO - DAG(s) 'tutorial' retrieved from /home/airflow/.local/lib/python3.8/site-packages/airflow/example_dags/tutorial.py
[2024-03-04T09:59:40.693+0000] {logging_mixin.py:188} INFO - [2024-03-04T09:59:40.692+0000] {dag.py:3036} INFO - Sync 1 DAGs
[2024-03-04T09:59:40.721+0000] {logging_mixin.py:188} INFO - [2024-03-04T09:59:40.721+0000] {dag.py:3823} INFO - Setting next_dagrun for tutorial to 2024-03-03 00:00:00+00:00, run_after=2024-03-04 00:00:00+00:00
[2024-03-04T09:59:40.755+0000] {processor.py:183} INFO - Processing /home/airflow/.local/lib/python3.8/site-packages/airflow/example_dags/tutorial.py took 0.103 seconds
[2024-03-04T10:00:11.165+0000] {processor.py:161} INFO - Started process (PID=466) to work on /home/airflow/.local/lib/python3.8/site-packages/airflow/example_dags/tutorial.py
[2024-03-04T10:00:11.168+0000] {processor.py:830} INFO - Processing file /home/airflow/.local/lib/python3.8/site-packages/airflow/example_dags/tutorial.py for tasks to queue
[2024-03-04T10:00:11.171+0000] {logging_mixin.py:188} INFO - [2024-03-04T10:00:11.171+0000] {dagbag.py:538} INFO - Filling up the DagBag from /home/airflow/.local/lib/python3.8/site-packages/airflow/example_dags/tutorial.py
[2024-03-04T10:00:11.182+0000] {processor.py:840} INFO - DAG(s) 'tutorial' retrieved from /home/airflow/.local/lib/python3.8/site-packages/airflow/example_dags/tutorial.py
[2024-03-04T10:00:11.213+0000] {logging_mixin.py:188} INFO - [2024-03-04T10:00:11.212+0000] {dag.py:3036} INFO - Sync 1 DAGs
[2024-03-04T10:00:11.245+0000] {logging_mixin.py:188} INFO - [2024-03-04T10:00:11.244+0000] {dag.py:3823} INFO - Setting next_dagrun for tutorial to 2024-03-03 00:00:00+00:00, run_after=2024-03-04 00:00:00+00:00
[2024-03-04T10:00:11.301+0000] {processor.py:183} INFO - Processing /home/airflow/.local/lib/python3.8/site-packages/airflow/example_dags/tutorial.py took 0.140 seconds
[2024-03-04T10:00:41.480+0000] {processor.py:161} INFO - Started process (PID=527) to work on /home/airflow/.local/lib/python3.8/site-packages/airflow/example_dags/tutorial.py
[2024-03-04T10:00:41.482+0000] {processor.py:830} INFO - Processing file /home/airflow/.local/lib/python3.8/site-packages/airflow/example_dags/tutorial.py for tasks to queue
[2024-03-04T10:00:41.484+0000] {logging_mixin.py:188} INFO - [2024-03-04T10:00:41.484+0000] {dagbag.py:538} INFO - Filling up the DagBag from /home/airflow/.local/lib/python3.8/site-packages/airflow/example_dags/tutorial.py
[2024-03-04T10:00:41.493+0000] {processor.py:840} INFO - DAG(s) 'tutorial' retrieved from /home/airflow/.local/lib/python3.8/site-packages/airflow/example_dags/tutorial.py
[2024-03-04T10:00:41.520+0000] {logging_mixin.py:188} INFO - [2024-03-04T10:00:41.520+0000] {dag.py:3036} INFO - Sync 1 DAGs
[2024-03-04T10:00:41.550+0000] {logging_mixin.py:188} INFO - [2024-03-04T10:00:41.550+0000] {dag.py:3823} INFO - Setting next_dagrun for tutorial to 2024-03-03 00:00:00+00:00, run_after=2024-03-04 00:00:00+00:00
[2024-03-04T10:00:41.575+0000] {processor.py:183} INFO - Processing /home/airflow/.local/lib/python3.8/site-packages/airflow/example_dags/tutorial.py took 0.099 seconds
[2024-03-04T10:01:12.498+0000] {processor.py:161} INFO - Started process (PID=584) to work on /home/airflow/.local/lib/python3.8/site-packages/airflow/example_dags/tutorial.py
[2024-03-04T10:01:12.502+0000] {processor.py:830} INFO - Processing file /home/airflow/.local/lib/python3.8/site-packages/airflow/example_dags/tutorial.py for tasks to queue
[2024-03-04T10:01:12.507+0000] {logging_mixin.py:188} INFO - [2024-03-04T10:01:12.506+0000] {dagbag.py:538} INFO - Filling up the DagBag from /home/airflow/.local/lib/python3.8/site-packages/airflow/example_dags/tutorial.py
[2024-03-04T10:01:12.523+0000] {processor.py:840} INFO - DAG(s) 'tutorial' retrieved from /home/airflow/.local/lib/python3.8/site-packages/airflow/example_dags/tutorial.py
[2024-03-04T10:01:12.608+0000] {logging_mixin.py:188} INFO - [2024-03-04T10:01:12.607+0000] {dag.py:3036} INFO - Sync 1 DAGs
[2024-03-04T10:01:12.687+0000] {logging_mixin.py:188} INFO - [2024-03-04T10:01:12.687+0000] {dag.py:3823} INFO - Setting next_dagrun for tutorial to 2024-03-03 00:00:00+00:00, run_after=2024-03-04 00:00:00+00:00
[2024-03-04T10:01:12.737+0000] {processor.py:183} INFO - Processing /home/airflow/.local/lib/python3.8/site-packages/airflow/example_dags/tutorial.py took 0.247 seconds
[2024-03-04T10:01:43.126+0000] {processor.py:161} INFO - Started process (PID=641) to work on /home/airflow/.local/lib/python3.8/site-packages/airflow/example_dags/tutorial.py
[2024-03-04T10:01:43.128+0000] {processor.py:830} INFO - Processing file /home/airflow/.local/lib/python3.8/site-packages/airflow/example_dags/tutorial.py for tasks to queue
[2024-03-04T10:01:43.132+0000] {logging_mixin.py:188} INFO - [2024-03-04T10:01:43.132+0000] {dagbag.py:538} INFO - Filling up the DagBag from /home/airflow/.local/lib/python3.8/site-packages/airflow/example_dags/tutorial.py
[2024-03-04T10:01:43.142+0000] {processor.py:840} INFO - DAG(s) 'tutorial' retrieved from /home/airflow/.local/lib/python3.8/site-packages/airflow/example_dags/tutorial.py
[2024-03-04T10:01:43.177+0000] {logging_mixin.py:188} INFO - [2024-03-04T10:01:43.176+0000] {dag.py:3036} INFO - Sync 1 DAGs
[2024-03-04T10:01:43.215+0000] {logging_mixin.py:188} INFO - [2024-03-04T10:01:43.215+0000] {dag.py:3823} INFO - Setting next_dagrun for tutorial to 2024-03-03 00:00:00+00:00, run_after=2024-03-04 00:00:00+00:00
[2024-03-04T10:01:43.243+0000] {processor.py:183} INFO - Processing /home/airflow/.local/lib/python3.8/site-packages/airflow/example_dags/tutorial.py took 0.123 seconds
[2024-03-04T10:05:00.776+0000] {processor.py:161} INFO - Started process (PID=57) to work on /home/airflow/.local/lib/python3.8/site-packages/airflow/example_dags/tutorial.py
[2024-03-04T10:05:00.778+0000] {processor.py:830} INFO - Processing file /home/airflow/.local/lib/python3.8/site-packages/airflow/example_dags/tutorial.py for tasks to queue
[2024-03-04T10:05:00.780+0000] {logging_mixin.py:188} INFO - [2024-03-04T10:05:00.780+0000] {dagbag.py:538} INFO - Filling up the DagBag from /home/airflow/.local/lib/python3.8/site-packages/airflow/example_dags/tutorial.py
[2024-03-04T10:05:00.791+0000] {processor.py:840} INFO - DAG(s) 'tutorial' retrieved from /home/airflow/.local/lib/python3.8/site-packages/airflow/example_dags/tutorial.py
[2024-03-04T10:05:00.961+0000] {logging_mixin.py:188} INFO - [2024-03-04T10:05:00.961+0000] {dag.py:3036} INFO - Sync 1 DAGs
[2024-03-04T10:05:01.007+0000] {logging_mixin.py:188} INFO - [2024-03-04T10:05:01.007+0000] {dag.py:3823} INFO - Setting next_dagrun for tutorial to 2024-03-03 00:00:00+00:00, run_after=2024-03-04 00:00:00+00:00
[2024-03-04T10:05:01.061+0000] {processor.py:183} INFO - Processing /home/airflow/.local/lib/python3.8/site-packages/airflow/example_dags/tutorial.py took 0.289 seconds
[2024-03-04T10:05:31.202+0000] {processor.py:161} INFO - Started process (PID=115) to work on /home/airflow/.local/lib/python3.8/site-packages/airflow/example_dags/tutorial.py
[2024-03-04T10:05:31.203+0000] {processor.py:830} INFO - Processing file /home/airflow/.local/lib/python3.8/site-packages/airflow/example_dags/tutorial.py for tasks to queue
[2024-03-04T10:05:31.207+0000] {logging_mixin.py:188} INFO - [2024-03-04T10:05:31.206+0000] {dagbag.py:538} INFO - Filling up the DagBag from /home/airflow/.local/lib/python3.8/site-packages/airflow/example_dags/tutorial.py
[2024-03-04T10:05:31.214+0000] {processor.py:840} INFO - DAG(s) 'tutorial' retrieved from /home/airflow/.local/lib/python3.8/site-packages/airflow/example_dags/tutorial.py
[2024-03-04T10:05:31.245+0000] {logging_mixin.py:188} INFO - [2024-03-04T10:05:31.245+0000] {dag.py:3036} INFO - Sync 1 DAGs
[2024-03-04T10:05:31.274+0000] {logging_mixin.py:188} INFO - [2024-03-04T10:05:31.273+0000] {dag.py:3823} INFO - Setting next_dagrun for tutorial to 2024-03-03 00:00:00+00:00, run_after=2024-03-04 00:00:00+00:00
[2024-03-04T10:05:31.301+0000] {processor.py:183} INFO - Processing /home/airflow/.local/lib/python3.8/site-packages/airflow/example_dags/tutorial.py took 0.103 seconds
[2024-03-04T10:11:54.739+0000] {processor.py:161} INFO - Started process (PID=57) to work on /home/airflow/.local/lib/python3.8/site-packages/airflow/example_dags/tutorial.py
[2024-03-04T10:11:54.741+0000] {processor.py:830} INFO - Processing file /home/airflow/.local/lib/python3.8/site-packages/airflow/example_dags/tutorial.py for tasks to queue
[2024-03-04T10:11:54.744+0000] {logging_mixin.py:188} INFO - [2024-03-04T10:11:54.744+0000] {dagbag.py:538} INFO - Filling up the DagBag from /home/airflow/.local/lib/python3.8/site-packages/airflow/example_dags/tutorial.py
[2024-03-04T10:11:54.757+0000] {processor.py:840} INFO - DAG(s) 'tutorial' retrieved from /home/airflow/.local/lib/python3.8/site-packages/airflow/example_dags/tutorial.py
[2024-03-04T10:11:54.991+0000] {logging_mixin.py:188} INFO - [2024-03-04T10:11:54.991+0000] {dag.py:3036} INFO - Sync 1 DAGs
[2024-03-04T10:11:55.026+0000] {logging_mixin.py:188} INFO - [2024-03-04T10:11:55.026+0000] {dag.py:3823} INFO - Setting next_dagrun for tutorial to 2024-03-03 00:00:00+00:00, run_after=2024-03-04 00:00:00+00:00
[2024-03-04T10:11:55.057+0000] {processor.py:183} INFO - Processing /home/airflow/.local/lib/python3.8/site-packages/airflow/example_dags/tutorial.py took 0.323 seconds
[2024-03-04T10:12:25.239+0000] {processor.py:161} INFO - Started process (PID=114) to work on /home/airflow/.local/lib/python3.8/site-packages/airflow/example_dags/tutorial.py
[2024-03-04T10:12:25.241+0000] {processor.py:830} INFO - Processing file /home/airflow/.local/lib/python3.8/site-packages/airflow/example_dags/tutorial.py for tasks to queue
[2024-03-04T10:12:25.245+0000] {logging_mixin.py:188} INFO - [2024-03-04T10:12:25.244+0000] {dagbag.py:538} INFO - Filling up the DagBag from /home/airflow/.local/lib/python3.8/site-packages/airflow/example_dags/tutorial.py
[2024-03-04T10:12:25.260+0000] {processor.py:840} INFO - DAG(s) 'tutorial' retrieved from /home/airflow/.local/lib/python3.8/site-packages/airflow/example_dags/tutorial.py
[2024-03-04T10:12:25.301+0000] {logging_mixin.py:188} INFO - [2024-03-04T10:12:25.301+0000] {dag.py:3036} INFO - Sync 1 DAGs
[2024-03-04T10:12:25.343+0000] {logging_mixin.py:188} INFO - [2024-03-04T10:12:25.343+0000] {dag.py:3823} INFO - Setting next_dagrun for tutorial to 2024-03-03 00:00:00+00:00, run_after=2024-03-04 00:00:00+00:00
[2024-03-04T10:12:25.375+0000] {processor.py:183} INFO - Processing /home/airflow/.local/lib/python3.8/site-packages/airflow/example_dags/tutorial.py took 0.144 seconds
[2024-03-04T10:12:56.277+0000] {processor.py:161} INFO - Started process (PID=171) to work on /home/airflow/.local/lib/python3.8/site-packages/airflow/example_dags/tutorial.py
[2024-03-04T10:12:56.278+0000] {processor.py:830} INFO - Processing file /home/airflow/.local/lib/python3.8/site-packages/airflow/example_dags/tutorial.py for tasks to queue
[2024-03-04T10:12:56.281+0000] {logging_mixin.py:188} INFO - [2024-03-04T10:12:56.281+0000] {dagbag.py:538} INFO - Filling up the DagBag from /home/airflow/.local/lib/python3.8/site-packages/airflow/example_dags/tutorial.py
[2024-03-04T10:12:56.289+0000] {processor.py:840} INFO - DAG(s) 'tutorial' retrieved from /home/airflow/.local/lib/python3.8/site-packages/airflow/example_dags/tutorial.py
[2024-03-04T10:12:56.318+0000] {logging_mixin.py:188} INFO - [2024-03-04T10:12:56.318+0000] {dag.py:3036} INFO - Sync 1 DAGs
[2024-03-04T10:12:56.355+0000] {logging_mixin.py:188} INFO - [2024-03-04T10:12:56.354+0000] {dag.py:3823} INFO - Setting next_dagrun for tutorial to 2024-03-03 00:00:00+00:00, run_after=2024-03-04 00:00:00+00:00
[2024-03-04T10:12:56.386+0000] {processor.py:183} INFO - Processing /home/airflow/.local/lib/python3.8/site-packages/airflow/example_dags/tutorial.py took 0.114 seconds
[2024-03-04T10:15:43.238+0000] {processor.py:161} INFO - Started process (PID=57) to work on /home/airflow/.local/lib/python3.8/site-packages/airflow/example_dags/tutorial.py
[2024-03-04T10:15:43.239+0000] {processor.py:830} INFO - Processing file /home/airflow/.local/lib/python3.8/site-packages/airflow/example_dags/tutorial.py for tasks to queue
[2024-03-04T10:15:43.243+0000] {logging_mixin.py:188} INFO - [2024-03-04T10:15:43.243+0000] {dagbag.py:538} INFO - Filling up the DagBag from /home/airflow/.local/lib/python3.8/site-packages/airflow/example_dags/tutorial.py
[2024-03-04T10:15:43.257+0000] {processor.py:840} INFO - DAG(s) 'tutorial' retrieved from /home/airflow/.local/lib/python3.8/site-packages/airflow/example_dags/tutorial.py
[2024-03-04T10:15:43.471+0000] {logging_mixin.py:188} INFO - [2024-03-04T10:15:43.470+0000] {dag.py:3036} INFO - Sync 1 DAGs
[2024-03-04T10:15:43.518+0000] {logging_mixin.py:188} INFO - [2024-03-04T10:15:43.517+0000] {dag.py:3823} INFO - Setting next_dagrun for tutorial to 2024-03-03 00:00:00+00:00, run_after=2024-03-04 00:00:00+00:00
[2024-03-04T10:15:43.561+0000] {processor.py:183} INFO - Processing /home/airflow/.local/lib/python3.8/site-packages/airflow/example_dags/tutorial.py took 0.329 seconds
[2024-03-04T10:16:14.107+0000] {processor.py:161} INFO - Started process (PID=114) to work on /home/airflow/.local/lib/python3.8/site-packages/airflow/example_dags/tutorial.py
[2024-03-04T10:16:14.109+0000] {processor.py:830} INFO - Processing file /home/airflow/.local/lib/python3.8/site-packages/airflow/example_dags/tutorial.py for tasks to queue
[2024-03-04T10:16:14.112+0000] {logging_mixin.py:188} INFO - [2024-03-04T10:16:14.111+0000] {dagbag.py:538} INFO - Filling up the DagBag from /home/airflow/.local/lib/python3.8/site-packages/airflow/example_dags/tutorial.py
[2024-03-04T10:16:14.121+0000] {processor.py:840} INFO - DAG(s) 'tutorial' retrieved from /home/airflow/.local/lib/python3.8/site-packages/airflow/example_dags/tutorial.py
[2024-03-04T10:16:14.151+0000] {logging_mixin.py:188} INFO - [2024-03-04T10:16:14.150+0000] {dag.py:3036} INFO - Sync 1 DAGs
[2024-03-04T10:16:14.183+0000] {logging_mixin.py:188} INFO - [2024-03-04T10:16:14.183+0000] {dag.py:3823} INFO - Setting next_dagrun for tutorial to 2024-03-03 00:00:00+00:00, run_after=2024-03-04 00:00:00+00:00
[2024-03-04T10:16:14.218+0000] {processor.py:183} INFO - Processing /home/airflow/.local/lib/python3.8/site-packages/airflow/example_dags/tutorial.py took 0.118 seconds
[2024-03-04T10:16:44.659+0000] {processor.py:161} INFO - Started process (PID=171) to work on /home/airflow/.local/lib/python3.8/site-packages/airflow/example_dags/tutorial.py
[2024-03-04T10:16:44.661+0000] {processor.py:830} INFO - Processing file /home/airflow/.local/lib/python3.8/site-packages/airflow/example_dags/tutorial.py for tasks to queue
[2024-03-04T10:16:44.665+0000] {logging_mixin.py:188} INFO - [2024-03-04T10:16:44.664+0000] {dagbag.py:538} INFO - Filling up the DagBag from /home/airflow/.local/lib/python3.8/site-packages/airflow/example_dags/tutorial.py
[2024-03-04T10:16:44.674+0000] {processor.py:840} INFO - DAG(s) 'tutorial' retrieved from /home/airflow/.local/lib/python3.8/site-packages/airflow/example_dags/tutorial.py
[2024-03-04T10:16:44.707+0000] {logging_mixin.py:188} INFO - [2024-03-04T10:16:44.707+0000] {dag.py:3036} INFO - Sync 1 DAGs
[2024-03-04T10:16:44.738+0000] {logging_mixin.py:188} INFO - [2024-03-04T10:16:44.738+0000] {dag.py:3823} INFO - Setting next_dagrun for tutorial to 2024-03-03 00:00:00+00:00, run_after=2024-03-04 00:00:00+00:00
[2024-03-04T10:16:44.760+0000] {processor.py:183} INFO - Processing /home/airflow/.local/lib/python3.8/site-packages/airflow/example_dags/tutorial.py took 0.105 seconds
