[2024-02-12T22:28:18.776+0000] {taskinstance.py:1956} INFO - Dependencies all met for dep_context=non-requeueable deps ti=<TaskInstance: weather_dag.create_snowflake_file_format manual__2024-02-12T22:27:45.376647+00:00 [queued]>
[2024-02-12T22:28:18.793+0000] {taskinstance.py:1956} INFO - Dependencies all met for dep_context=requeueable deps ti=<TaskInstance: weather_dag.create_snowflake_file_format manual__2024-02-12T22:27:45.376647+00:00 [queued]>
[2024-02-12T22:28:18.795+0000] {taskinstance.py:2170} INFO - Starting attempt 1 of 3
[2024-02-12T22:28:18.826+0000] {taskinstance.py:2191} INFO - Executing <Task(SnowflakeOperator): create_snowflake_file_format> on 2024-02-12 22:27:45.376647+00:00
[2024-02-12T22:28:18.837+0000] {standard_task_runner.py:60} INFO - Started process 108 to run task
[2024-02-12T22:28:18.844+0000] {standard_task_runner.py:87} INFO - Running: ['***', 'tasks', 'run', 'weather_dag', 'create_snowflake_file_format', 'manual__2024-02-12T22:27:45.376647+00:00', '--job-id', '127', '--raw', '--subdir', 'DAGS_FOLDER/Weather_dag.py', '--cfg-path', '/tmp/tmpqi5mr9fs']
[2024-02-12T22:28:18.847+0000] {standard_task_runner.py:88} INFO - Job 127: Subtask create_snowflake_file_format
[2024-02-12T22:28:18.947+0000] {task_command.py:423} INFO - Running <TaskInstance: weather_dag.create_snowflake_file_format manual__2024-02-12T22:27:45.376647+00:00 [running]> on host 3bd3b2605e24
[2024-02-12T22:28:19.068+0000] {taskinstance.py:2480} INFO - Exporting env vars: AIRFLOW_CTX_DAG_OWNER='stellar' AIRFLOW_CTX_DAG_ID='weather_dag' AIRFLOW_CTX_TASK_ID='create_snowflake_file_format' AIRFLOW_CTX_EXECUTION_DATE='2024-02-12T22:27:45.376647+00:00' AIRFLOW_CTX_TRY_NUMBER='1' AIRFLOW_CTX_DAG_RUN_ID='manual__2024-02-12T22:27:45.376647+00:00'
[2024-02-12T22:28:19.071+0000] {sql.py:276} INFO - Executing: 
                    CREATE OR REPLACE file format csv_format type = 'csv' compression = 'auto' 
                        field_delimiter = ',' record_delimiter = '
'
                        skip_header = 1 trim_space = false;
                                    
            
[2024-02-12T22:28:19.092+0000] {base.py:83} INFO - Using connection ID 'conn_id_snowflake' for task execution.
[2024-02-12T22:28:19.110+0000] {base.py:83} INFO - Using connection ID 'conn_id_snowflake' for task execution.
[2024-02-12T22:28:19.112+0000] {connection.py:370} INFO - Snowflake Connector for Python Version: 3.6.0, Python Version: 3.8.18, Platform: Linux-5.15.133.1-microsoft-standard-WSL2-x86_64-with-glibc2.34
[2024-02-12T22:28:19.114+0000] {connection.py:1171} INFO - This connection is in OCSP Fail Open Mode. TLS Certificates would be checked for validity and revocation status. Any other Certificate Revocation related exceptions or OCSP Responder failures would be disregarded in favor of connectivity.
[2024-02-12T22:28:19.589+0000] {cursor.py:1028} INFO - query: [ALTER SESSION SET autocommit=False]
[2024-02-12T22:28:19.670+0000] {cursor.py:1041} INFO - query execution done
[2024-02-12T22:28:19.671+0000] {cursor.py:1205} INFO - Number of results in first chunk: 1
[2024-02-12T22:28:19.672+0000] {sql.py:450} INFO - Running statement: CREATE OR REPLACE file format csv_format type = 'csv' compression = 'auto' 
                        field_delimiter = ',' record_delimiter = '
'
                        skip_header = 1 trim_space = false;, parameters: None
[2024-02-12T22:28:19.673+0000] {cursor.py:1028} INFO - query: [CREATE OR REPLACE file format csv_format type = 'csv' compression = 'auto' field...]
[2024-02-12T22:28:19.763+0000] {cursor.py:1041} INFO - query execution done
[2024-02-12T22:28:19.764+0000] {cursor.py:1205} INFO - Number of results in first chunk: 1
[2024-02-12T22:28:19.765+0000] {sql.py:459} INFO - Rows affected: 1
[2024-02-12T22:28:19.767+0000] {snowflake.py:400} INFO - Rows affected: 1
[2024-02-12T22:28:19.768+0000] {snowflake.py:401} INFO - Snowflake query id: 01b24f64-3200-fe68-0007-a44e0001065e
[2024-02-12T22:28:19.769+0000] {cursor.py:1028} INFO - query: [COMMIT]
[2024-02-12T22:28:19.835+0000] {cursor.py:1041} INFO - query execution done
[2024-02-12T22:28:19.835+0000] {cursor.py:1205} INFO - Number of results in first chunk: 1
[2024-02-12T22:28:19.836+0000] {connection.py:718} INFO - closed
[2024-02-12T22:28:19.898+0000] {connection.py:724} INFO - No async queries seem to be running, deleting session
[2024-02-12T22:28:19.998+0000] {taskinstance.py:1138} INFO - Marking task as SUCCESS. dag_id=weather_dag, task_id=create_snowflake_file_format, execution_date=20240212T222745, start_date=20240212T222818, end_date=20240212T222819
[2024-02-12T22:28:20.061+0000] {local_task_job_runner.py:234} INFO - Task exited with return code 0
[2024-02-12T22:28:20.102+0000] {taskinstance.py:3280} INFO - 1 downstream tasks scheduled from follow-on schedule check
