[2024-02-10T20:01:41.023+0000] {processor.py:161} INFO - Started process (PID=40) to work on /opt/airflow/dags/s3 _to_redshift.py
[2024-02-10T20:01:41.026+0000] {processor.py:830} INFO - Processing file /opt/airflow/dags/s3 _to_redshift.py for tasks to queue
[2024-02-10T20:01:41.030+0000] {logging_mixin.py:188} INFO - [2024-02-10T20:01:41.030+0000] {dagbag.py:538} INFO - Filling up the DagBag from /opt/airflow/dags/s3 _to_redshift.py
[2024-02-10T20:01:41.096+0000] {processor.py:840} INFO - DAG(s) 'weather_dag' retrieved from /opt/airflow/dags/s3 _to_redshift.py
[2024-02-10T20:01:41.577+0000] {logging_mixin.py:188} INFO - [2024-02-10T20:01:41.576+0000] {override.py:1769} INFO - Created Permission View: can delete on DAG:weather_dag
[2024-02-10T20:01:41.656+0000] {logging_mixin.py:188} INFO - [2024-02-10T20:01:41.654+0000] {override.py:1769} INFO - Created Permission View: can read on DAG:weather_dag
[2024-02-10T20:01:41.680+0000] {logging_mixin.py:188} INFO - [2024-02-10T20:01:41.679+0000] {override.py:1769} INFO - Created Permission View: can edit on DAG:weather_dag
[2024-02-10T20:01:41.690+0000] {logging_mixin.py:188} INFO - [2024-02-10T20:01:41.688+0000] {dag.py:3036} INFO - Sync 1 DAGs
[2024-02-10T20:01:41.747+0000] {logging_mixin.py:188} INFO - [2024-02-10T20:01:41.745+0000] {dag.py:3058} INFO - Creating ORM DAG for weather_dag
[2024-02-10T20:01:41.834+0000] {logging_mixin.py:188} INFO - [2024-02-10T20:01:41.833+0000] {dag.py:3823} INFO - Setting next_dagrun for weather_dag to 2024-02-11 00:00:00+00:00, run_after=2024-02-11 00:30:00+00:00
[2024-02-10T20:01:42.456+0000] {processor.py:183} INFO - Processing /opt/airflow/dags/s3 _to_redshift.py took 1.440 seconds
[2024-02-10T20:02:12.813+0000] {processor.py:161} INFO - Started process (PID=96) to work on /opt/airflow/dags/s3 _to_redshift.py
[2024-02-10T20:02:12.816+0000] {processor.py:830} INFO - Processing file /opt/airflow/dags/s3 _to_redshift.py for tasks to queue
[2024-02-10T20:02:12.820+0000] {logging_mixin.py:188} INFO - [2024-02-10T20:02:12.819+0000] {dagbag.py:538} INFO - Filling up the DagBag from /opt/airflow/dags/s3 _to_redshift.py
[2024-02-10T20:02:12.862+0000] {processor.py:840} INFO - DAG(s) 'weather_dag' retrieved from /opt/airflow/dags/s3 _to_redshift.py
[2024-02-10T20:02:12.907+0000] {logging_mixin.py:188} INFO - [2024-02-10T20:02:12.905+0000] {dag.py:3036} INFO - Sync 1 DAGs
[2024-02-10T20:02:12.958+0000] {logging_mixin.py:188} INFO - [2024-02-10T20:02:12.957+0000] {dag.py:3823} INFO - Setting next_dagrun for weather_dag to 2024-02-11 00:00:00+00:00, run_after=2024-02-11 00:30:00+00:00
[2024-02-10T20:02:12.989+0000] {processor.py:183} INFO - Processing /opt/airflow/dags/s3 _to_redshift.py took 0.187 seconds
[2024-02-10T20:02:43.128+0000] {processor.py:161} INFO - Started process (PID=152) to work on /opt/airflow/dags/s3 _to_redshift.py
[2024-02-10T20:02:43.130+0000] {processor.py:830} INFO - Processing file /opt/airflow/dags/s3 _to_redshift.py for tasks to queue
[2024-02-10T20:02:43.133+0000] {logging_mixin.py:188} INFO - [2024-02-10T20:02:43.133+0000] {dagbag.py:538} INFO - Filling up the DagBag from /opt/airflow/dags/s3 _to_redshift.py
[2024-02-10T20:02:43.161+0000] {processor.py:840} INFO - DAG(s) 'weather_dag' retrieved from /opt/airflow/dags/s3 _to_redshift.py
[2024-02-10T20:02:43.191+0000] {logging_mixin.py:188} INFO - [2024-02-10T20:02:43.191+0000] {dag.py:3036} INFO - Sync 1 DAGs
[2024-02-10T20:02:43.228+0000] {logging_mixin.py:188} INFO - [2024-02-10T20:02:43.228+0000] {dag.py:3823} INFO - Setting next_dagrun for weather_dag to 2024-02-11 00:00:00+00:00, run_after=2024-02-11 00:30:00+00:00
[2024-02-10T20:02:43.268+0000] {processor.py:183} INFO - Processing /opt/airflow/dags/s3 _to_redshift.py took 0.149 seconds
[2024-02-10T20:03:13.583+0000] {processor.py:161} INFO - Started process (PID=208) to work on /opt/airflow/dags/s3 _to_redshift.py
[2024-02-10T20:03:13.585+0000] {processor.py:830} INFO - Processing file /opt/airflow/dags/s3 _to_redshift.py for tasks to queue
[2024-02-10T20:03:13.590+0000] {logging_mixin.py:188} INFO - [2024-02-10T20:03:13.589+0000] {dagbag.py:538} INFO - Filling up the DagBag from /opt/airflow/dags/s3 _to_redshift.py
[2024-02-10T20:03:13.623+0000] {processor.py:840} INFO - DAG(s) 'weather_dag' retrieved from /opt/airflow/dags/s3 _to_redshift.py
[2024-02-10T20:03:13.664+0000] {logging_mixin.py:188} INFO - [2024-02-10T20:03:13.664+0000] {dag.py:3036} INFO - Sync 1 DAGs
[2024-02-10T20:03:13.710+0000] {logging_mixin.py:188} INFO - [2024-02-10T20:03:13.709+0000] {dag.py:3823} INFO - Setting next_dagrun for weather_dag to 2024-02-11 00:00:00+00:00, run_after=2024-02-11 00:30:00+00:00
[2024-02-10T20:03:13.751+0000] {processor.py:183} INFO - Processing /opt/airflow/dags/s3 _to_redshift.py took 0.178 seconds
[2024-02-10T20:03:43.973+0000] {processor.py:161} INFO - Started process (PID=264) to work on /opt/airflow/dags/s3 _to_redshift.py
[2024-02-10T20:03:43.974+0000] {processor.py:830} INFO - Processing file /opt/airflow/dags/s3 _to_redshift.py for tasks to queue
[2024-02-10T20:03:43.977+0000] {logging_mixin.py:188} INFO - [2024-02-10T20:03:43.977+0000] {dagbag.py:538} INFO - Filling up the DagBag from /opt/airflow/dags/s3 _to_redshift.py
[2024-02-10T20:03:44.016+0000] {processor.py:840} INFO - DAG(s) 'weather_dag' retrieved from /opt/airflow/dags/s3 _to_redshift.py
[2024-02-10T20:03:44.075+0000] {logging_mixin.py:188} INFO - [2024-02-10T20:03:44.074+0000] {dag.py:3036} INFO - Sync 1 DAGs
[2024-02-10T20:03:44.213+0000] {logging_mixin.py:188} INFO - [2024-02-10T20:03:44.212+0000] {dag.py:3823} INFO - Setting next_dagrun for weather_dag to 2024-02-11 00:00:00+00:00, run_after=2024-02-11 00:30:00+00:00
[2024-02-10T20:03:44.459+0000] {processor.py:183} INFO - Processing /opt/airflow/dags/s3 _to_redshift.py took 0.493 seconds
[2024-02-10T20:04:14.620+0000] {processor.py:161} INFO - Started process (PID=320) to work on /opt/airflow/dags/s3 _to_redshift.py
[2024-02-10T20:04:14.622+0000] {processor.py:830} INFO - Processing file /opt/airflow/dags/s3 _to_redshift.py for tasks to queue
[2024-02-10T20:04:14.626+0000] {logging_mixin.py:188} INFO - [2024-02-10T20:04:14.626+0000] {dagbag.py:538} INFO - Filling up the DagBag from /opt/airflow/dags/s3 _to_redshift.py
[2024-02-10T20:04:14.653+0000] {processor.py:840} INFO - DAG(s) 'weather_dag' retrieved from /opt/airflow/dags/s3 _to_redshift.py
[2024-02-10T20:04:14.683+0000] {logging_mixin.py:188} INFO - [2024-02-10T20:04:14.682+0000] {dag.py:3036} INFO - Sync 1 DAGs
[2024-02-10T20:04:14.719+0000] {logging_mixin.py:188} INFO - [2024-02-10T20:04:14.719+0000] {dag.py:3823} INFO - Setting next_dagrun for weather_dag to 2024-02-11 00:00:00+00:00, run_after=2024-02-11 00:30:00+00:00
[2024-02-10T20:04:14.779+0000] {processor.py:183} INFO - Processing /opt/airflow/dags/s3 _to_redshift.py took 0.164 seconds
[2024-02-10T20:04:44.984+0000] {processor.py:161} INFO - Started process (PID=376) to work on /opt/airflow/dags/s3 _to_redshift.py
[2024-02-10T20:04:44.986+0000] {processor.py:830} INFO - Processing file /opt/airflow/dags/s3 _to_redshift.py for tasks to queue
[2024-02-10T20:04:44.989+0000] {logging_mixin.py:188} INFO - [2024-02-10T20:04:44.988+0000] {dagbag.py:538} INFO - Filling up the DagBag from /opt/airflow/dags/s3 _to_redshift.py
[2024-02-10T20:04:45.016+0000] {processor.py:840} INFO - DAG(s) 'weather_dag' retrieved from /opt/airflow/dags/s3 _to_redshift.py
[2024-02-10T20:04:45.044+0000] {logging_mixin.py:188} INFO - [2024-02-10T20:04:45.044+0000] {dag.py:3036} INFO - Sync 1 DAGs
[2024-02-10T20:04:45.092+0000] {logging_mixin.py:188} INFO - [2024-02-10T20:04:45.092+0000] {dag.py:3823} INFO - Setting next_dagrun for weather_dag to 2024-02-11 00:00:00+00:00, run_after=2024-02-11 00:30:00+00:00
[2024-02-10T20:04:45.142+0000] {processor.py:183} INFO - Processing /opt/airflow/dags/s3 _to_redshift.py took 0.164 seconds
[2024-02-10T20:05:15.640+0000] {processor.py:161} INFO - Started process (PID=432) to work on /opt/airflow/dags/s3 _to_redshift.py
[2024-02-10T20:05:15.643+0000] {processor.py:830} INFO - Processing file /opt/airflow/dags/s3 _to_redshift.py for tasks to queue
[2024-02-10T20:05:15.647+0000] {logging_mixin.py:188} INFO - [2024-02-10T20:05:15.647+0000] {dagbag.py:538} INFO - Filling up the DagBag from /opt/airflow/dags/s3 _to_redshift.py
[2024-02-10T20:05:15.708+0000] {processor.py:840} INFO - DAG(s) 'weather_dag' retrieved from /opt/airflow/dags/s3 _to_redshift.py
[2024-02-10T20:05:15.765+0000] {logging_mixin.py:188} INFO - [2024-02-10T20:05:15.764+0000] {dag.py:3036} INFO - Sync 1 DAGs
[2024-02-10T20:05:15.835+0000] {logging_mixin.py:188} INFO - [2024-02-10T20:05:15.834+0000] {dag.py:3823} INFO - Setting next_dagrun for weather_dag to 2024-02-11 00:00:00+00:00, run_after=2024-02-11 00:30:00+00:00
[2024-02-10T20:05:15.879+0000] {processor.py:183} INFO - Processing /opt/airflow/dags/s3 _to_redshift.py took 0.257 seconds
[2024-02-10T20:05:46.042+0000] {processor.py:161} INFO - Started process (PID=488) to work on /opt/airflow/dags/s3 _to_redshift.py
[2024-02-10T20:05:46.044+0000] {processor.py:830} INFO - Processing file /opt/airflow/dags/s3 _to_redshift.py for tasks to queue
[2024-02-10T20:05:46.050+0000] {logging_mixin.py:188} INFO - [2024-02-10T20:05:46.048+0000] {dagbag.py:538} INFO - Filling up the DagBag from /opt/airflow/dags/s3 _to_redshift.py
[2024-02-10T20:05:46.083+0000] {processor.py:840} INFO - DAG(s) 'weather_dag' retrieved from /opt/airflow/dags/s3 _to_redshift.py
[2024-02-10T20:05:46.123+0000] {logging_mixin.py:188} INFO - [2024-02-10T20:05:46.123+0000] {dag.py:3036} INFO - Sync 1 DAGs
[2024-02-10T20:05:46.479+0000] {logging_mixin.py:188} INFO - [2024-02-10T20:05:46.479+0000] {dag.py:3823} INFO - Setting next_dagrun for weather_dag to 2024-02-11 00:00:00+00:00, run_after=2024-02-11 00:30:00+00:00
[2024-02-10T20:05:46.691+0000] {processor.py:183} INFO - Processing /opt/airflow/dags/s3 _to_redshift.py took 0.655 seconds
[2024-02-10T20:06:16.791+0000] {processor.py:161} INFO - Started process (PID=544) to work on /opt/airflow/dags/s3 _to_redshift.py
[2024-02-10T20:06:16.792+0000] {processor.py:830} INFO - Processing file /opt/airflow/dags/s3 _to_redshift.py for tasks to queue
[2024-02-10T20:06:16.796+0000] {logging_mixin.py:188} INFO - [2024-02-10T20:06:16.795+0000] {dagbag.py:538} INFO - Filling up the DagBag from /opt/airflow/dags/s3 _to_redshift.py
[2024-02-10T20:06:16.835+0000] {processor.py:840} INFO - DAG(s) 'weather_dag' retrieved from /opt/airflow/dags/s3 _to_redshift.py
[2024-02-10T20:06:16.892+0000] {logging_mixin.py:188} INFO - [2024-02-10T20:06:16.891+0000] {dag.py:3036} INFO - Sync 1 DAGs
[2024-02-10T20:06:17.336+0000] {logging_mixin.py:188} INFO - [2024-02-10T20:06:17.334+0000] {dag.py:3823} INFO - Setting next_dagrun for weather_dag to 2024-02-11 00:00:00+00:00, run_after=2024-02-11 00:30:00+00:00
[2024-02-10T20:06:17.394+0000] {processor.py:183} INFO - Processing /opt/airflow/dags/s3 _to_redshift.py took 0.614 seconds
[2024-02-10T20:06:47.659+0000] {processor.py:161} INFO - Started process (PID=600) to work on /opt/airflow/dags/s3 _to_redshift.py
[2024-02-10T20:06:47.661+0000] {processor.py:830} INFO - Processing file /opt/airflow/dags/s3 _to_redshift.py for tasks to queue
[2024-02-10T20:06:47.664+0000] {logging_mixin.py:188} INFO - [2024-02-10T20:06:47.664+0000] {dagbag.py:538} INFO - Filling up the DagBag from /opt/airflow/dags/s3 _to_redshift.py
[2024-02-10T20:06:47.693+0000] {processor.py:840} INFO - DAG(s) 'weather_dag' retrieved from /opt/airflow/dags/s3 _to_redshift.py
[2024-02-10T20:06:47.727+0000] {logging_mixin.py:188} INFO - [2024-02-10T20:06:47.726+0000] {dag.py:3036} INFO - Sync 1 DAGs
[2024-02-10T20:06:47.762+0000] {logging_mixin.py:188} INFO - [2024-02-10T20:06:47.762+0000] {dag.py:3823} INFO - Setting next_dagrun for weather_dag to 2024-02-11 00:00:00+00:00, run_after=2024-02-11 00:30:00+00:00
[2024-02-10T20:06:47.797+0000] {processor.py:183} INFO - Processing /opt/airflow/dags/s3 _to_redshift.py took 0.143 seconds
[2024-02-10T20:07:18.149+0000] {processor.py:161} INFO - Started process (PID=656) to work on /opt/airflow/dags/s3 _to_redshift.py
[2024-02-10T20:07:18.151+0000] {processor.py:830} INFO - Processing file /opt/airflow/dags/s3 _to_redshift.py for tasks to queue
[2024-02-10T20:07:18.156+0000] {logging_mixin.py:188} INFO - [2024-02-10T20:07:18.155+0000] {dagbag.py:538} INFO - Filling up the DagBag from /opt/airflow/dags/s3 _to_redshift.py
[2024-02-10T20:07:18.188+0000] {processor.py:840} INFO - DAG(s) 'weather_dag' retrieved from /opt/airflow/dags/s3 _to_redshift.py
[2024-02-10T20:07:18.219+0000] {logging_mixin.py:188} INFO - [2024-02-10T20:07:18.218+0000] {dag.py:3036} INFO - Sync 1 DAGs
[2024-02-10T20:07:18.254+0000] {logging_mixin.py:188} INFO - [2024-02-10T20:07:18.253+0000] {dag.py:3823} INFO - Setting next_dagrun for weather_dag to 2024-02-11 00:00:00+00:00, run_after=2024-02-11 00:30:00+00:00
[2024-02-10T20:07:18.283+0000] {processor.py:183} INFO - Processing /opt/airflow/dags/s3 _to_redshift.py took 0.142 seconds
[2024-02-10T20:07:48.369+0000] {processor.py:161} INFO - Started process (PID=712) to work on /opt/airflow/dags/s3 _to_redshift.py
[2024-02-10T20:07:48.370+0000] {processor.py:830} INFO - Processing file /opt/airflow/dags/s3 _to_redshift.py for tasks to queue
[2024-02-10T20:07:48.373+0000] {logging_mixin.py:188} INFO - [2024-02-10T20:07:48.373+0000] {dagbag.py:538} INFO - Filling up the DagBag from /opt/airflow/dags/s3 _to_redshift.py
[2024-02-10T20:07:48.406+0000] {processor.py:840} INFO - DAG(s) 'weather_dag' retrieved from /opt/airflow/dags/s3 _to_redshift.py
[2024-02-10T20:07:48.442+0000] {logging_mixin.py:188} INFO - [2024-02-10T20:07:48.441+0000] {dag.py:3036} INFO - Sync 1 DAGs
[2024-02-10T20:07:48.492+0000] {logging_mixin.py:188} INFO - [2024-02-10T20:07:48.491+0000] {dag.py:3823} INFO - Setting next_dagrun for weather_dag to 2024-02-11 00:00:00+00:00, run_after=2024-02-11 00:30:00+00:00
[2024-02-10T20:07:48.567+0000] {processor.py:183} INFO - Processing /opt/airflow/dags/s3 _to_redshift.py took 0.205 seconds
[2024-02-10T20:08:18.749+0000] {processor.py:161} INFO - Started process (PID=768) to work on /opt/airflow/dags/s3 _to_redshift.py
[2024-02-10T20:08:18.751+0000] {processor.py:830} INFO - Processing file /opt/airflow/dags/s3 _to_redshift.py for tasks to queue
[2024-02-10T20:08:18.755+0000] {logging_mixin.py:188} INFO - [2024-02-10T20:08:18.754+0000] {dagbag.py:538} INFO - Filling up the DagBag from /opt/airflow/dags/s3 _to_redshift.py
[2024-02-10T20:08:18.782+0000] {processor.py:840} INFO - DAG(s) 'weather_dag' retrieved from /opt/airflow/dags/s3 _to_redshift.py
[2024-02-10T20:08:18.819+0000] {logging_mixin.py:188} INFO - [2024-02-10T20:08:18.819+0000] {dag.py:3036} INFO - Sync 1 DAGs
[2024-02-10T20:08:18.868+0000] {logging_mixin.py:188} INFO - [2024-02-10T20:08:18.868+0000] {dag.py:3823} INFO - Setting next_dagrun for weather_dag to 2024-02-11 00:00:00+00:00, run_after=2024-02-11 00:30:00+00:00
[2024-02-10T20:08:18.918+0000] {processor.py:183} INFO - Processing /opt/airflow/dags/s3 _to_redshift.py took 0.176 seconds
[2024-02-10T20:08:49.360+0000] {processor.py:161} INFO - Started process (PID=824) to work on /opt/airflow/dags/s3 _to_redshift.py
[2024-02-10T20:08:49.363+0000] {processor.py:830} INFO - Processing file /opt/airflow/dags/s3 _to_redshift.py for tasks to queue
[2024-02-10T20:08:49.368+0000] {logging_mixin.py:188} INFO - [2024-02-10T20:08:49.367+0000] {dagbag.py:538} INFO - Filling up the DagBag from /opt/airflow/dags/s3 _to_redshift.py
[2024-02-10T20:08:49.409+0000] {processor.py:840} INFO - DAG(s) 'weather_dag' retrieved from /opt/airflow/dags/s3 _to_redshift.py
[2024-02-10T20:08:49.450+0000] {logging_mixin.py:188} INFO - [2024-02-10T20:08:49.449+0000] {dag.py:3036} INFO - Sync 1 DAGs
[2024-02-10T20:08:49.493+0000] {logging_mixin.py:188} INFO - [2024-02-10T20:08:49.493+0000] {dag.py:3823} INFO - Setting next_dagrun for weather_dag to 2024-02-11 00:00:00+00:00, run_after=2024-02-11 00:30:00+00:00
[2024-02-10T20:08:49.528+0000] {processor.py:183} INFO - Processing /opt/airflow/dags/s3 _to_redshift.py took 0.177 seconds
[2024-02-10T20:09:19.889+0000] {processor.py:161} INFO - Started process (PID=881) to work on /opt/airflow/dags/s3 _to_redshift.py
[2024-02-10T20:09:19.891+0000] {processor.py:830} INFO - Processing file /opt/airflow/dags/s3 _to_redshift.py for tasks to queue
[2024-02-10T20:09:19.894+0000] {logging_mixin.py:188} INFO - [2024-02-10T20:09:19.894+0000] {dagbag.py:538} INFO - Filling up the DagBag from /opt/airflow/dags/s3 _to_redshift.py
[2024-02-10T20:09:19.923+0000] {processor.py:840} INFO - DAG(s) 'weather_dag' retrieved from /opt/airflow/dags/s3 _to_redshift.py
[2024-02-10T20:09:19.959+0000] {logging_mixin.py:188} INFO - [2024-02-10T20:09:19.959+0000] {dag.py:3036} INFO - Sync 1 DAGs
[2024-02-10T20:09:20.003+0000] {logging_mixin.py:188} INFO - [2024-02-10T20:09:20.003+0000] {dag.py:3823} INFO - Setting next_dagrun for weather_dag to 2024-02-11 00:00:00+00:00, run_after=2024-02-11 00:30:00+00:00
[2024-02-10T20:09:20.039+0000] {processor.py:183} INFO - Processing /opt/airflow/dags/s3 _to_redshift.py took 0.157 seconds
[2024-02-10T20:09:50.663+0000] {processor.py:161} INFO - Started process (PID=937) to work on /opt/airflow/dags/s3 _to_redshift.py
[2024-02-10T20:09:50.665+0000] {processor.py:830} INFO - Processing file /opt/airflow/dags/s3 _to_redshift.py for tasks to queue
[2024-02-10T20:09:50.669+0000] {logging_mixin.py:188} INFO - [2024-02-10T20:09:50.669+0000] {dagbag.py:538} INFO - Filling up the DagBag from /opt/airflow/dags/s3 _to_redshift.py
[2024-02-10T20:09:50.705+0000] {processor.py:840} INFO - DAG(s) 'weather_dag' retrieved from /opt/airflow/dags/s3 _to_redshift.py
[2024-02-10T20:09:50.746+0000] {logging_mixin.py:188} INFO - [2024-02-10T20:09:50.746+0000] {dag.py:3036} INFO - Sync 1 DAGs
[2024-02-10T20:09:50.799+0000] {logging_mixin.py:188} INFO - [2024-02-10T20:09:50.798+0000] {dag.py:3823} INFO - Setting next_dagrun for weather_dag to 2024-02-11 00:00:00+00:00, run_after=2024-02-11 00:30:00+00:00
[2024-02-10T20:09:50.836+0000] {processor.py:183} INFO - Processing /opt/airflow/dags/s3 _to_redshift.py took 0.182 seconds
[2024-02-10T20:10:21.154+0000] {processor.py:161} INFO - Started process (PID=991) to work on /opt/airflow/dags/s3 _to_redshift.py
[2024-02-10T20:10:21.156+0000] {processor.py:830} INFO - Processing file /opt/airflow/dags/s3 _to_redshift.py for tasks to queue
[2024-02-10T20:10:21.159+0000] {logging_mixin.py:188} INFO - [2024-02-10T20:10:21.159+0000] {dagbag.py:538} INFO - Filling up the DagBag from /opt/airflow/dags/s3 _to_redshift.py
[2024-02-10T20:10:21.191+0000] {processor.py:840} INFO - DAG(s) 'weather_dag' retrieved from /opt/airflow/dags/s3 _to_redshift.py
[2024-02-10T20:10:21.224+0000] {logging_mixin.py:188} INFO - [2024-02-10T20:10:21.223+0000] {dag.py:3036} INFO - Sync 1 DAGs
[2024-02-10T20:10:21.266+0000] {logging_mixin.py:188} INFO - [2024-02-10T20:10:21.266+0000] {dag.py:3823} INFO - Setting next_dagrun for weather_dag to 2024-02-11 00:00:00+00:00, run_after=2024-02-11 00:30:00+00:00
[2024-02-10T20:10:21.345+0000] {processor.py:183} INFO - Processing /opt/airflow/dags/s3 _to_redshift.py took 0.198 seconds
[2024-02-10T20:10:51.644+0000] {processor.py:161} INFO - Started process (PID=1047) to work on /opt/airflow/dags/s3 _to_redshift.py
[2024-02-10T20:10:51.645+0000] {processor.py:830} INFO - Processing file /opt/airflow/dags/s3 _to_redshift.py for tasks to queue
[2024-02-10T20:10:51.649+0000] {logging_mixin.py:188} INFO - [2024-02-10T20:10:51.649+0000] {dagbag.py:538} INFO - Filling up the DagBag from /opt/airflow/dags/s3 _to_redshift.py
[2024-02-10T20:10:51.681+0000] {processor.py:840} INFO - DAG(s) 'weather_dag' retrieved from /opt/airflow/dags/s3 _to_redshift.py
[2024-02-10T20:10:51.720+0000] {logging_mixin.py:188} INFO - [2024-02-10T20:10:51.719+0000] {dag.py:3036} INFO - Sync 1 DAGs
[2024-02-10T20:10:51.775+0000] {logging_mixin.py:188} INFO - [2024-02-10T20:10:51.775+0000] {dag.py:3823} INFO - Setting next_dagrun for weather_dag to 2024-02-11 00:00:00+00:00, run_after=2024-02-11 00:30:00+00:00
[2024-02-10T20:10:51.856+0000] {processor.py:183} INFO - Processing /opt/airflow/dags/s3 _to_redshift.py took 0.224 seconds
[2024-02-10T20:11:21.975+0000] {processor.py:161} INFO - Started process (PID=1104) to work on /opt/airflow/dags/s3 _to_redshift.py
[2024-02-10T20:11:21.977+0000] {processor.py:830} INFO - Processing file /opt/airflow/dags/s3 _to_redshift.py for tasks to queue
[2024-02-10T20:11:21.980+0000] {logging_mixin.py:188} INFO - [2024-02-10T20:11:21.979+0000] {dagbag.py:538} INFO - Filling up the DagBag from /opt/airflow/dags/s3 _to_redshift.py
[2024-02-10T20:11:22.018+0000] {processor.py:840} INFO - DAG(s) 'weather_dag' retrieved from /opt/airflow/dags/s3 _to_redshift.py
[2024-02-10T20:11:22.059+0000] {logging_mixin.py:188} INFO - [2024-02-10T20:11:22.058+0000] {dag.py:3036} INFO - Sync 1 DAGs
[2024-02-10T20:11:22.113+0000] {logging_mixin.py:188} INFO - [2024-02-10T20:11:22.113+0000] {dag.py:3823} INFO - Setting next_dagrun for weather_dag to 2024-02-11 00:00:00+00:00, run_after=2024-02-11 00:30:00+00:00
[2024-02-10T20:11:22.174+0000] {processor.py:183} INFO - Processing /opt/airflow/dags/s3 _to_redshift.py took 0.209 seconds
[2024-02-10T20:11:52.282+0000] {processor.py:161} INFO - Started process (PID=1159) to work on /opt/airflow/dags/s3 _to_redshift.py
[2024-02-10T20:11:52.285+0000] {processor.py:830} INFO - Processing file /opt/airflow/dags/s3 _to_redshift.py for tasks to queue
[2024-02-10T20:11:52.290+0000] {logging_mixin.py:188} INFO - [2024-02-10T20:11:52.289+0000] {dagbag.py:538} INFO - Filling up the DagBag from /opt/airflow/dags/s3 _to_redshift.py
[2024-02-10T20:11:52.322+0000] {processor.py:840} INFO - DAG(s) 'weather_dag' retrieved from /opt/airflow/dags/s3 _to_redshift.py
[2024-02-10T20:11:52.357+0000] {logging_mixin.py:188} INFO - [2024-02-10T20:11:52.357+0000] {dag.py:3036} INFO - Sync 1 DAGs
[2024-02-10T20:11:52.395+0000] {logging_mixin.py:188} INFO - [2024-02-10T20:11:52.395+0000] {dag.py:3823} INFO - Setting next_dagrun for weather_dag to 2024-02-11 00:00:00+00:00, run_after=2024-02-11 00:30:00+00:00
[2024-02-10T20:11:52.433+0000] {processor.py:183} INFO - Processing /opt/airflow/dags/s3 _to_redshift.py took 0.158 seconds
[2024-02-10T20:12:23.196+0000] {processor.py:161} INFO - Started process (PID=1215) to work on /opt/airflow/dags/s3 _to_redshift.py
[2024-02-10T20:12:23.203+0000] {processor.py:830} INFO - Processing file /opt/airflow/dags/s3 _to_redshift.py for tasks to queue
[2024-02-10T20:12:23.208+0000] {logging_mixin.py:188} INFO - [2024-02-10T20:12:23.207+0000] {dagbag.py:538} INFO - Filling up the DagBag from /opt/airflow/dags/s3 _to_redshift.py
[2024-02-10T20:12:23.276+0000] {processor.py:840} INFO - DAG(s) 'weather_dag' retrieved from /opt/airflow/dags/s3 _to_redshift.py
[2024-02-10T20:12:23.399+0000] {logging_mixin.py:188} INFO - [2024-02-10T20:12:23.397+0000] {dag.py:3036} INFO - Sync 1 DAGs
[2024-02-10T20:12:23.641+0000] {logging_mixin.py:188} INFO - [2024-02-10T20:12:23.640+0000] {dag.py:3823} INFO - Setting next_dagrun for weather_dag to 2024-02-11 00:00:00+00:00, run_after=2024-02-11 00:30:00+00:00
[2024-02-10T20:12:23.841+0000] {processor.py:183} INFO - Processing /opt/airflow/dags/s3 _to_redshift.py took 0.667 seconds
[2024-02-10T20:12:54.657+0000] {processor.py:161} INFO - Started process (PID=1271) to work on /opt/airflow/dags/s3 _to_redshift.py
[2024-02-10T20:12:54.659+0000] {processor.py:830} INFO - Processing file /opt/airflow/dags/s3 _to_redshift.py for tasks to queue
[2024-02-10T20:12:54.665+0000] {logging_mixin.py:188} INFO - [2024-02-10T20:12:54.664+0000] {dagbag.py:538} INFO - Filling up the DagBag from /opt/airflow/dags/s3 _to_redshift.py
[2024-02-10T20:12:54.691+0000] {processor.py:840} INFO - DAG(s) 'weather_dag' retrieved from /opt/airflow/dags/s3 _to_redshift.py
[2024-02-10T20:12:54.736+0000] {logging_mixin.py:188} INFO - [2024-02-10T20:12:54.736+0000] {dag.py:3036} INFO - Sync 1 DAGs
[2024-02-10T20:12:54.790+0000] {logging_mixin.py:188} INFO - [2024-02-10T20:12:54.790+0000] {dag.py:3823} INFO - Setting next_dagrun for weather_dag to 2024-02-11 00:00:00+00:00, run_after=2024-02-11 00:30:00+00:00
[2024-02-10T20:12:54.873+0000] {processor.py:183} INFO - Processing /opt/airflow/dags/s3 _to_redshift.py took 0.224 seconds
[2024-02-10T20:13:25.364+0000] {processor.py:161} INFO - Started process (PID=1327) to work on /opt/airflow/dags/s3 _to_redshift.py
[2024-02-10T20:13:25.369+0000] {processor.py:830} INFO - Processing file /opt/airflow/dags/s3 _to_redshift.py for tasks to queue
[2024-02-10T20:13:25.375+0000] {logging_mixin.py:188} INFO - [2024-02-10T20:13:25.374+0000] {dagbag.py:538} INFO - Filling up the DagBag from /opt/airflow/dags/s3 _to_redshift.py
[2024-02-10T20:13:25.407+0000] {processor.py:840} INFO - DAG(s) 'weather_dag' retrieved from /opt/airflow/dags/s3 _to_redshift.py
[2024-02-10T20:13:25.463+0000] {logging_mixin.py:188} INFO - [2024-02-10T20:13:25.462+0000] {dag.py:3036} INFO - Sync 1 DAGs
[2024-02-10T20:13:25.510+0000] {logging_mixin.py:188} INFO - [2024-02-10T20:13:25.510+0000] {dag.py:3823} INFO - Setting next_dagrun for weather_dag to 2024-02-11 00:00:00+00:00, run_after=2024-02-11 00:30:00+00:00
[2024-02-10T20:13:25.642+0000] {processor.py:183} INFO - Processing /opt/airflow/dags/s3 _to_redshift.py took 0.286 seconds
[2024-02-10T20:13:56.397+0000] {processor.py:161} INFO - Started process (PID=1383) to work on /opt/airflow/dags/s3 _to_redshift.py
[2024-02-10T20:13:56.400+0000] {processor.py:830} INFO - Processing file /opt/airflow/dags/s3 _to_redshift.py for tasks to queue
[2024-02-10T20:13:56.406+0000] {logging_mixin.py:188} INFO - [2024-02-10T20:13:56.405+0000] {dagbag.py:538} INFO - Filling up the DagBag from /opt/airflow/dags/s3 _to_redshift.py
[2024-02-10T20:13:56.441+0000] {processor.py:840} INFO - DAG(s) 'weather_dag' retrieved from /opt/airflow/dags/s3 _to_redshift.py
[2024-02-10T20:13:56.490+0000] {logging_mixin.py:188} INFO - [2024-02-10T20:13:56.490+0000] {dag.py:3036} INFO - Sync 1 DAGs
[2024-02-10T20:13:56.551+0000] {logging_mixin.py:188} INFO - [2024-02-10T20:13:56.551+0000] {dag.py:3823} INFO - Setting next_dagrun for weather_dag to 2024-02-11 00:00:00+00:00, run_after=2024-02-11 00:30:00+00:00
[2024-02-10T20:13:56.609+0000] {processor.py:183} INFO - Processing /opt/airflow/dags/s3 _to_redshift.py took 0.220 seconds
[2024-02-10T20:14:26.977+0000] {processor.py:161} INFO - Started process (PID=1439) to work on /opt/airflow/dags/s3 _to_redshift.py
[2024-02-10T20:14:26.979+0000] {processor.py:830} INFO - Processing file /opt/airflow/dags/s3 _to_redshift.py for tasks to queue
[2024-02-10T20:14:26.987+0000] {logging_mixin.py:188} INFO - [2024-02-10T20:14:26.986+0000] {dagbag.py:538} INFO - Filling up the DagBag from /opt/airflow/dags/s3 _to_redshift.py
[2024-02-10T20:14:27.041+0000] {processor.py:840} INFO - DAG(s) 'weather_dag' retrieved from /opt/airflow/dags/s3 _to_redshift.py
[2024-02-10T20:14:27.114+0000] {logging_mixin.py:188} INFO - [2024-02-10T20:14:27.112+0000] {dag.py:3036} INFO - Sync 1 DAGs
[2024-02-10T20:14:27.192+0000] {logging_mixin.py:188} INFO - [2024-02-10T20:14:27.192+0000] {dag.py:3823} INFO - Setting next_dagrun for weather_dag to 2024-02-11 00:00:00+00:00, run_after=2024-02-11 00:30:00+00:00
[2024-02-10T20:14:27.261+0000] {processor.py:183} INFO - Processing /opt/airflow/dags/s3 _to_redshift.py took 0.292 seconds
[2024-02-10T20:14:57.884+0000] {processor.py:161} INFO - Started process (PID=1495) to work on /opt/airflow/dags/s3 _to_redshift.py
[2024-02-10T20:14:57.886+0000] {processor.py:830} INFO - Processing file /opt/airflow/dags/s3 _to_redshift.py for tasks to queue
[2024-02-10T20:14:57.889+0000] {logging_mixin.py:188} INFO - [2024-02-10T20:14:57.889+0000] {dagbag.py:538} INFO - Filling up the DagBag from /opt/airflow/dags/s3 _to_redshift.py
[2024-02-10T20:14:57.926+0000] {processor.py:840} INFO - DAG(s) 'weather_dag' retrieved from /opt/airflow/dags/s3 _to_redshift.py
[2024-02-10T20:14:57.965+0000] {logging_mixin.py:188} INFO - [2024-02-10T20:14:57.964+0000] {dag.py:3036} INFO - Sync 1 DAGs
[2024-02-10T20:14:58.007+0000] {logging_mixin.py:188} INFO - [2024-02-10T20:14:58.007+0000] {dag.py:3823} INFO - Setting next_dagrun for weather_dag to 2024-02-11 00:00:00+00:00, run_after=2024-02-11 00:30:00+00:00
[2024-02-10T20:14:58.054+0000] {processor.py:183} INFO - Processing /opt/airflow/dags/s3 _to_redshift.py took 0.180 seconds
[2024-02-10T20:15:28.596+0000] {processor.py:161} INFO - Started process (PID=1551) to work on /opt/airflow/dags/s3 _to_redshift.py
[2024-02-10T20:15:28.599+0000] {processor.py:830} INFO - Processing file /opt/airflow/dags/s3 _to_redshift.py for tasks to queue
[2024-02-10T20:15:28.604+0000] {logging_mixin.py:188} INFO - [2024-02-10T20:15:28.604+0000] {dagbag.py:538} INFO - Filling up the DagBag from /opt/airflow/dags/s3 _to_redshift.py
[2024-02-10T20:15:28.647+0000] {processor.py:840} INFO - DAG(s) 'weather_dag' retrieved from /opt/airflow/dags/s3 _to_redshift.py
[2024-02-10T20:15:28.691+0000] {logging_mixin.py:188} INFO - [2024-02-10T20:15:28.690+0000] {dag.py:3036} INFO - Sync 1 DAGs
[2024-02-10T20:15:28.740+0000] {logging_mixin.py:188} INFO - [2024-02-10T20:15:28.740+0000] {dag.py:3823} INFO - Setting next_dagrun for weather_dag to 2024-02-11 00:00:00+00:00, run_after=2024-02-11 00:30:00+00:00
[2024-02-10T20:15:28.787+0000] {processor.py:183} INFO - Processing /opt/airflow/dags/s3 _to_redshift.py took 0.205 seconds
[2024-02-10T20:15:59.013+0000] {processor.py:161} INFO - Started process (PID=1608) to work on /opt/airflow/dags/s3 _to_redshift.py
[2024-02-10T20:15:59.016+0000] {processor.py:830} INFO - Processing file /opt/airflow/dags/s3 _to_redshift.py for tasks to queue
[2024-02-10T20:15:59.020+0000] {logging_mixin.py:188} INFO - [2024-02-10T20:15:59.020+0000] {dagbag.py:538} INFO - Filling up the DagBag from /opt/airflow/dags/s3 _to_redshift.py
[2024-02-10T20:15:59.054+0000] {processor.py:840} INFO - DAG(s) 'weather_dag' retrieved from /opt/airflow/dags/s3 _to_redshift.py
[2024-02-10T20:15:59.091+0000] {logging_mixin.py:188} INFO - [2024-02-10T20:15:59.091+0000] {dag.py:3036} INFO - Sync 1 DAGs
[2024-02-10T20:15:59.146+0000] {logging_mixin.py:188} INFO - [2024-02-10T20:15:59.146+0000] {dag.py:3823} INFO - Setting next_dagrun for weather_dag to 2024-02-11 00:00:00+00:00, run_after=2024-02-11 00:30:00+00:00
[2024-02-10T20:15:59.181+0000] {processor.py:183} INFO - Processing /opt/airflow/dags/s3 _to_redshift.py took 0.176 seconds
[2024-02-10T20:16:29.536+0000] {processor.py:161} INFO - Started process (PID=1663) to work on /opt/airflow/dags/s3 _to_redshift.py
[2024-02-10T20:16:29.540+0000] {processor.py:830} INFO - Processing file /opt/airflow/dags/s3 _to_redshift.py for tasks to queue
[2024-02-10T20:16:29.550+0000] {logging_mixin.py:188} INFO - [2024-02-10T20:16:29.549+0000] {dagbag.py:538} INFO - Filling up the DagBag from /opt/airflow/dags/s3 _to_redshift.py
[2024-02-10T20:16:29.603+0000] {processor.py:840} INFO - DAG(s) 'weather_dag' retrieved from /opt/airflow/dags/s3 _to_redshift.py
[2024-02-10T20:16:29.689+0000] {logging_mixin.py:188} INFO - [2024-02-10T20:16:29.689+0000] {dag.py:3036} INFO - Sync 1 DAGs
[2024-02-10T20:16:29.810+0000] {logging_mixin.py:188} INFO - [2024-02-10T20:16:29.807+0000] {dag.py:3823} INFO - Setting next_dagrun for weather_dag to 2024-02-11 00:00:00+00:00, run_after=2024-02-11 00:30:00+00:00
[2024-02-10T20:16:29.920+0000] {processor.py:183} INFO - Processing /opt/airflow/dags/s3 _to_redshift.py took 0.400 seconds
[2024-02-10T20:17:00.195+0000] {processor.py:161} INFO - Started process (PID=1720) to work on /opt/airflow/dags/s3 _to_redshift.py
[2024-02-10T20:17:00.198+0000] {processor.py:830} INFO - Processing file /opt/airflow/dags/s3 _to_redshift.py for tasks to queue
[2024-02-10T20:17:00.202+0000] {logging_mixin.py:188} INFO - [2024-02-10T20:17:00.201+0000] {dagbag.py:538} INFO - Filling up the DagBag from /opt/airflow/dags/s3 _to_redshift.py
[2024-02-10T20:17:00.271+0000] {processor.py:840} INFO - DAG(s) 'weather_dag' retrieved from /opt/airflow/dags/s3 _to_redshift.py
[2024-02-10T20:17:00.387+0000] {logging_mixin.py:188} INFO - [2024-02-10T20:17:00.386+0000] {dag.py:3036} INFO - Sync 1 DAGs
[2024-02-10T20:17:00.530+0000] {logging_mixin.py:188} INFO - [2024-02-10T20:17:00.529+0000] {dag.py:3823} INFO - Setting next_dagrun for weather_dag to 2024-02-11 00:00:00+00:00, run_after=2024-02-11 00:30:00+00:00
[2024-02-10T20:17:00.637+0000] {processor.py:183} INFO - Processing /opt/airflow/dags/s3 _to_redshift.py took 0.468 seconds
[2024-02-10T20:17:31.482+0000] {processor.py:161} INFO - Started process (PID=1775) to work on /opt/airflow/dags/s3 _to_redshift.py
[2024-02-10T20:17:31.485+0000] {processor.py:830} INFO - Processing file /opt/airflow/dags/s3 _to_redshift.py for tasks to queue
[2024-02-10T20:17:31.489+0000] {logging_mixin.py:188} INFO - [2024-02-10T20:17:31.488+0000] {dagbag.py:538} INFO - Filling up the DagBag from /opt/airflow/dags/s3 _to_redshift.py
[2024-02-10T20:17:31.521+0000] {processor.py:840} INFO - DAG(s) 'weather_dag' retrieved from /opt/airflow/dags/s3 _to_redshift.py
[2024-02-10T20:17:31.552+0000] {logging_mixin.py:188} INFO - [2024-02-10T20:17:31.551+0000] {dag.py:3036} INFO - Sync 1 DAGs
[2024-02-10T20:17:31.590+0000] {logging_mixin.py:188} INFO - [2024-02-10T20:17:31.590+0000] {dag.py:3823} INFO - Setting next_dagrun for weather_dag to 2024-02-11 00:00:00+00:00, run_after=2024-02-11 00:30:00+00:00
[2024-02-10T20:17:31.631+0000] {processor.py:183} INFO - Processing /opt/airflow/dags/s3 _to_redshift.py took 0.155 seconds
[2024-02-10T20:18:02.144+0000] {processor.py:161} INFO - Started process (PID=1831) to work on /opt/airflow/dags/s3 _to_redshift.py
[2024-02-10T20:18:02.146+0000] {processor.py:830} INFO - Processing file /opt/airflow/dags/s3 _to_redshift.py for tasks to queue
[2024-02-10T20:18:02.151+0000] {logging_mixin.py:188} INFO - [2024-02-10T20:18:02.150+0000] {dagbag.py:538} INFO - Filling up the DagBag from /opt/airflow/dags/s3 _to_redshift.py
[2024-02-10T20:18:02.189+0000] {processor.py:840} INFO - DAG(s) 'weather_dag' retrieved from /opt/airflow/dags/s3 _to_redshift.py
[2024-02-10T20:18:02.241+0000] {logging_mixin.py:188} INFO - [2024-02-10T20:18:02.241+0000] {dag.py:3036} INFO - Sync 1 DAGs
[2024-02-10T20:18:02.339+0000] {logging_mixin.py:188} INFO - [2024-02-10T20:18:02.337+0000] {dag.py:3823} INFO - Setting next_dagrun for weather_dag to 2024-02-11 00:00:00+00:00, run_after=2024-02-11 00:30:00+00:00
[2024-02-10T20:18:02.417+0000] {processor.py:183} INFO - Processing /opt/airflow/dags/s3 _to_redshift.py took 0.282 seconds
[2024-02-10T20:18:32.614+0000] {processor.py:161} INFO - Started process (PID=1887) to work on /opt/airflow/dags/s3 _to_redshift.py
[2024-02-10T20:18:32.617+0000] {processor.py:830} INFO - Processing file /opt/airflow/dags/s3 _to_redshift.py for tasks to queue
[2024-02-10T20:18:32.625+0000] {logging_mixin.py:188} INFO - [2024-02-10T20:18:32.624+0000] {dagbag.py:538} INFO - Filling up the DagBag from /opt/airflow/dags/s3 _to_redshift.py
[2024-02-10T20:18:32.667+0000] {processor.py:840} INFO - DAG(s) 'weather_dag' retrieved from /opt/airflow/dags/s3 _to_redshift.py
[2024-02-10T20:18:32.715+0000] {logging_mixin.py:188} INFO - [2024-02-10T20:18:32.714+0000] {dag.py:3036} INFO - Sync 1 DAGs
[2024-02-10T20:18:32.755+0000] {logging_mixin.py:188} INFO - [2024-02-10T20:18:32.755+0000] {dag.py:3823} INFO - Setting next_dagrun for weather_dag to 2024-02-11 00:00:00+00:00, run_after=2024-02-11 00:30:00+00:00
[2024-02-10T20:18:32.791+0000] {processor.py:183} INFO - Processing /opt/airflow/dags/s3 _to_redshift.py took 0.182 seconds
[2024-02-10T20:19:02.902+0000] {processor.py:161} INFO - Started process (PID=1943) to work on /opt/airflow/dags/s3 _to_redshift.py
[2024-02-10T20:19:02.904+0000] {processor.py:830} INFO - Processing file /opt/airflow/dags/s3 _to_redshift.py for tasks to queue
[2024-02-10T20:19:02.911+0000] {logging_mixin.py:188} INFO - [2024-02-10T20:19:02.910+0000] {dagbag.py:538} INFO - Filling up the DagBag from /opt/airflow/dags/s3 _to_redshift.py
[2024-02-10T20:19:02.948+0000] {processor.py:840} INFO - DAG(s) 'weather_dag' retrieved from /opt/airflow/dags/s3 _to_redshift.py
[2024-02-10T20:19:02.989+0000] {logging_mixin.py:188} INFO - [2024-02-10T20:19:02.988+0000] {dag.py:3036} INFO - Sync 1 DAGs
[2024-02-10T20:19:03.051+0000] {logging_mixin.py:188} INFO - [2024-02-10T20:19:03.050+0000] {dag.py:3823} INFO - Setting next_dagrun for weather_dag to 2024-02-11 00:00:00+00:00, run_after=2024-02-11 00:30:00+00:00
[2024-02-10T20:19:03.093+0000] {processor.py:183} INFO - Processing /opt/airflow/dags/s3 _to_redshift.py took 0.199 seconds
[2024-02-10T20:19:33.769+0000] {processor.py:161} INFO - Started process (PID=1999) to work on /opt/airflow/dags/s3 _to_redshift.py
[2024-02-10T20:19:33.772+0000] {processor.py:830} INFO - Processing file /opt/airflow/dags/s3 _to_redshift.py for tasks to queue
[2024-02-10T20:19:33.776+0000] {logging_mixin.py:188} INFO - [2024-02-10T20:19:33.775+0000] {dagbag.py:538} INFO - Filling up the DagBag from /opt/airflow/dags/s3 _to_redshift.py
[2024-02-10T20:19:33.802+0000] {processor.py:840} INFO - DAG(s) 'weather_dag' retrieved from /opt/airflow/dags/s3 _to_redshift.py
[2024-02-10T20:19:33.847+0000] {logging_mixin.py:188} INFO - [2024-02-10T20:19:33.847+0000] {dag.py:3036} INFO - Sync 1 DAGs
[2024-02-10T20:19:33.887+0000] {logging_mixin.py:188} INFO - [2024-02-10T20:19:33.886+0000] {dag.py:3823} INFO - Setting next_dagrun for weather_dag to 2024-02-11 00:00:00+00:00, run_after=2024-02-11 00:30:00+00:00
[2024-02-10T20:19:33.927+0000] {processor.py:183} INFO - Processing /opt/airflow/dags/s3 _to_redshift.py took 0.166 seconds
[2024-02-10T20:20:04.005+0000] {processor.py:161} INFO - Started process (PID=2055) to work on /opt/airflow/dags/s3 _to_redshift.py
[2024-02-10T20:20:04.007+0000] {processor.py:830} INFO - Processing file /opt/airflow/dags/s3 _to_redshift.py for tasks to queue
[2024-02-10T20:20:04.011+0000] {logging_mixin.py:188} INFO - [2024-02-10T20:20:04.010+0000] {dagbag.py:538} INFO - Filling up the DagBag from /opt/airflow/dags/s3 _to_redshift.py
[2024-02-10T20:20:04.052+0000] {processor.py:840} INFO - DAG(s) 'weather_dag' retrieved from /opt/airflow/dags/s3 _to_redshift.py
[2024-02-10T20:20:04.094+0000] {logging_mixin.py:188} INFO - [2024-02-10T20:20:04.093+0000] {dag.py:3036} INFO - Sync 1 DAGs
[2024-02-10T20:20:04.134+0000] {logging_mixin.py:188} INFO - [2024-02-10T20:20:04.134+0000] {dag.py:3823} INFO - Setting next_dagrun for weather_dag to 2024-02-11 00:00:00+00:00, run_after=2024-02-11 00:30:00+00:00
[2024-02-10T20:20:04.168+0000] {processor.py:183} INFO - Processing /opt/airflow/dags/s3 _to_redshift.py took 0.176 seconds
[2024-02-10T20:20:34.376+0000] {processor.py:161} INFO - Started process (PID=2111) to work on /opt/airflow/dags/s3 _to_redshift.py
[2024-02-10T20:20:34.377+0000] {processor.py:830} INFO - Processing file /opt/airflow/dags/s3 _to_redshift.py for tasks to queue
[2024-02-10T20:20:34.384+0000] {logging_mixin.py:188} INFO - [2024-02-10T20:20:34.384+0000] {dagbag.py:538} INFO - Filling up the DagBag from /opt/airflow/dags/s3 _to_redshift.py
[2024-02-10T20:20:34.426+0000] {processor.py:840} INFO - DAG(s) 'weather_dag' retrieved from /opt/airflow/dags/s3 _to_redshift.py
[2024-02-10T20:20:34.468+0000] {logging_mixin.py:188} INFO - [2024-02-10T20:20:34.467+0000] {dag.py:3036} INFO - Sync 1 DAGs
[2024-02-10T20:20:34.519+0000] {logging_mixin.py:188} INFO - [2024-02-10T20:20:34.519+0000] {dag.py:3823} INFO - Setting next_dagrun for weather_dag to 2024-02-11 00:00:00+00:00, run_after=2024-02-11 00:30:00+00:00
[2024-02-10T20:20:34.576+0000] {processor.py:183} INFO - Processing /opt/airflow/dags/s3 _to_redshift.py took 0.210 seconds
[2024-02-10T20:21:04.733+0000] {processor.py:161} INFO - Started process (PID=2167) to work on /opt/airflow/dags/s3 _to_redshift.py
[2024-02-10T20:21:04.735+0000] {processor.py:830} INFO - Processing file /opt/airflow/dags/s3 _to_redshift.py for tasks to queue
[2024-02-10T20:21:04.739+0000] {logging_mixin.py:188} INFO - [2024-02-10T20:21:04.739+0000] {dagbag.py:538} INFO - Filling up the DagBag from /opt/airflow/dags/s3 _to_redshift.py
[2024-02-10T20:21:04.774+0000] {processor.py:840} INFO - DAG(s) 'weather_dag' retrieved from /opt/airflow/dags/s3 _to_redshift.py
[2024-02-10T20:21:04.819+0000] {logging_mixin.py:188} INFO - [2024-02-10T20:21:04.818+0000] {dag.py:3036} INFO - Sync 1 DAGs
[2024-02-10T20:21:04.871+0000] {logging_mixin.py:188} INFO - [2024-02-10T20:21:04.870+0000] {dag.py:3823} INFO - Setting next_dagrun for weather_dag to 2024-02-11 00:00:00+00:00, run_after=2024-02-11 00:30:00+00:00
[2024-02-10T20:21:04.915+0000] {processor.py:183} INFO - Processing /opt/airflow/dags/s3 _to_redshift.py took 0.193 seconds
[2024-02-10T20:21:35.774+0000] {processor.py:161} INFO - Started process (PID=2223) to work on /opt/airflow/dags/s3 _to_redshift.py
[2024-02-10T20:21:35.775+0000] {processor.py:830} INFO - Processing file /opt/airflow/dags/s3 _to_redshift.py for tasks to queue
[2024-02-10T20:21:35.778+0000] {logging_mixin.py:188} INFO - [2024-02-10T20:21:35.778+0000] {dagbag.py:538} INFO - Filling up the DagBag from /opt/airflow/dags/s3 _to_redshift.py
[2024-02-10T20:21:35.804+0000] {processor.py:840} INFO - DAG(s) 'weather_dag' retrieved from /opt/airflow/dags/s3 _to_redshift.py
[2024-02-10T20:21:35.832+0000] {logging_mixin.py:188} INFO - [2024-02-10T20:21:35.831+0000] {dag.py:3036} INFO - Sync 1 DAGs
[2024-02-10T20:21:35.867+0000] {logging_mixin.py:188} INFO - [2024-02-10T20:21:35.867+0000] {dag.py:3823} INFO - Setting next_dagrun for weather_dag to 2024-02-11 00:00:00+00:00, run_after=2024-02-11 00:30:00+00:00
[2024-02-10T20:21:35.901+0000] {processor.py:183} INFO - Processing /opt/airflow/dags/s3 _to_redshift.py took 0.132 seconds
[2024-02-10T20:22:05.966+0000] {processor.py:161} INFO - Started process (PID=2279) to work on /opt/airflow/dags/s3 _to_redshift.py
[2024-02-10T20:22:05.968+0000] {processor.py:830} INFO - Processing file /opt/airflow/dags/s3 _to_redshift.py for tasks to queue
[2024-02-10T20:22:05.971+0000] {logging_mixin.py:188} INFO - [2024-02-10T20:22:05.971+0000] {dagbag.py:538} INFO - Filling up the DagBag from /opt/airflow/dags/s3 _to_redshift.py
[2024-02-10T20:22:06.001+0000] {processor.py:840} INFO - DAG(s) 'weather_dag' retrieved from /opt/airflow/dags/s3 _to_redshift.py
[2024-02-10T20:22:06.036+0000] {logging_mixin.py:188} INFO - [2024-02-10T20:22:06.035+0000] {dag.py:3036} INFO - Sync 1 DAGs
[2024-02-10T20:22:06.077+0000] {logging_mixin.py:188} INFO - [2024-02-10T20:22:06.077+0000] {dag.py:3823} INFO - Setting next_dagrun for weather_dag to 2024-02-11 00:00:00+00:00, run_after=2024-02-11 00:30:00+00:00
[2024-02-10T20:22:06.114+0000] {processor.py:183} INFO - Processing /opt/airflow/dags/s3 _to_redshift.py took 0.154 seconds
[2024-02-10T20:22:36.377+0000] {processor.py:161} INFO - Started process (PID=2335) to work on /opt/airflow/dags/s3 _to_redshift.py
[2024-02-10T20:22:36.379+0000] {processor.py:830} INFO - Processing file /opt/airflow/dags/s3 _to_redshift.py for tasks to queue
[2024-02-10T20:22:36.382+0000] {logging_mixin.py:188} INFO - [2024-02-10T20:22:36.382+0000] {dagbag.py:538} INFO - Filling up the DagBag from /opt/airflow/dags/s3 _to_redshift.py
[2024-02-10T20:22:36.407+0000] {processor.py:840} INFO - DAG(s) 'weather_dag' retrieved from /opt/airflow/dags/s3 _to_redshift.py
[2024-02-10T20:22:36.434+0000] {logging_mixin.py:188} INFO - [2024-02-10T20:22:36.434+0000] {dag.py:3036} INFO - Sync 1 DAGs
[2024-02-10T20:22:36.470+0000] {logging_mixin.py:188} INFO - [2024-02-10T20:22:36.469+0000] {dag.py:3823} INFO - Setting next_dagrun for weather_dag to 2024-02-11 00:00:00+00:00, run_after=2024-02-11 00:30:00+00:00
[2024-02-10T20:22:36.502+0000] {processor.py:183} INFO - Processing /opt/airflow/dags/s3 _to_redshift.py took 0.131 seconds
[2024-02-10T20:23:06.577+0000] {processor.py:161} INFO - Started process (PID=2391) to work on /opt/airflow/dags/s3 _to_redshift.py
[2024-02-10T20:23:06.579+0000] {processor.py:830} INFO - Processing file /opt/airflow/dags/s3 _to_redshift.py for tasks to queue
[2024-02-10T20:23:06.582+0000] {logging_mixin.py:188} INFO - [2024-02-10T20:23:06.582+0000] {dagbag.py:538} INFO - Filling up the DagBag from /opt/airflow/dags/s3 _to_redshift.py
[2024-02-10T20:23:06.609+0000] {processor.py:840} INFO - DAG(s) 'weather_dag' retrieved from /opt/airflow/dags/s3 _to_redshift.py
[2024-02-10T20:23:06.648+0000] {logging_mixin.py:188} INFO - [2024-02-10T20:23:06.647+0000] {dag.py:3036} INFO - Sync 1 DAGs
[2024-02-10T20:23:06.693+0000] {logging_mixin.py:188} INFO - [2024-02-10T20:23:06.692+0000] {dag.py:3823} INFO - Setting next_dagrun for weather_dag to 2024-02-11 00:00:00+00:00, run_after=2024-02-11 00:30:00+00:00
[2024-02-10T20:23:06.733+0000] {processor.py:183} INFO - Processing /opt/airflow/dags/s3 _to_redshift.py took 0.162 seconds
[2024-02-10T20:23:37.046+0000] {processor.py:161} INFO - Started process (PID=2447) to work on /opt/airflow/dags/s3 _to_redshift.py
[2024-02-10T20:23:37.048+0000] {processor.py:830} INFO - Processing file /opt/airflow/dags/s3 _to_redshift.py for tasks to queue
[2024-02-10T20:23:37.051+0000] {logging_mixin.py:188} INFO - [2024-02-10T20:23:37.051+0000] {dagbag.py:538} INFO - Filling up the DagBag from /opt/airflow/dags/s3 _to_redshift.py
[2024-02-10T20:23:37.079+0000] {processor.py:840} INFO - DAG(s) 'weather_dag' retrieved from /opt/airflow/dags/s3 _to_redshift.py
[2024-02-10T20:23:37.106+0000] {logging_mixin.py:188} INFO - [2024-02-10T20:23:37.106+0000] {dag.py:3036} INFO - Sync 1 DAGs
[2024-02-10T20:23:37.139+0000] {logging_mixin.py:188} INFO - [2024-02-10T20:23:37.138+0000] {dag.py:3823} INFO - Setting next_dagrun for weather_dag to 2024-02-11 00:00:00+00:00, run_after=2024-02-11 00:30:00+00:00
[2024-02-10T20:23:37.171+0000] {processor.py:183} INFO - Processing /opt/airflow/dags/s3 _to_redshift.py took 0.133 seconds
[2024-02-10T20:24:07.533+0000] {processor.py:161} INFO - Started process (PID=2503) to work on /opt/airflow/dags/s3 _to_redshift.py
[2024-02-10T20:24:07.535+0000] {processor.py:830} INFO - Processing file /opt/airflow/dags/s3 _to_redshift.py for tasks to queue
[2024-02-10T20:24:07.541+0000] {logging_mixin.py:188} INFO - [2024-02-10T20:24:07.540+0000] {dagbag.py:538} INFO - Filling up the DagBag from /opt/airflow/dags/s3 _to_redshift.py
[2024-02-10T20:24:07.577+0000] {processor.py:840} INFO - DAG(s) 'weather_dag' retrieved from /opt/airflow/dags/s3 _to_redshift.py
[2024-02-10T20:24:07.613+0000] {logging_mixin.py:188} INFO - [2024-02-10T20:24:07.612+0000] {dag.py:3036} INFO - Sync 1 DAGs
[2024-02-10T20:24:07.649+0000] {logging_mixin.py:188} INFO - [2024-02-10T20:24:07.649+0000] {dag.py:3823} INFO - Setting next_dagrun for weather_dag to 2024-02-11 00:00:00+00:00, run_after=2024-02-11 00:30:00+00:00
[2024-02-10T20:24:07.685+0000] {processor.py:183} INFO - Processing /opt/airflow/dags/s3 _to_redshift.py took 0.162 seconds
[2024-02-10T20:24:38.015+0000] {processor.py:161} INFO - Started process (PID=2559) to work on /opt/airflow/dags/s3 _to_redshift.py
[2024-02-10T20:24:38.018+0000] {processor.py:830} INFO - Processing file /opt/airflow/dags/s3 _to_redshift.py for tasks to queue
[2024-02-10T20:24:38.024+0000] {logging_mixin.py:188} INFO - [2024-02-10T20:24:38.023+0000] {dagbag.py:538} INFO - Filling up the DagBag from /opt/airflow/dags/s3 _to_redshift.py
[2024-02-10T20:24:38.056+0000] {processor.py:840} INFO - DAG(s) 'weather_dag' retrieved from /opt/airflow/dags/s3 _to_redshift.py
[2024-02-10T20:24:38.096+0000] {logging_mixin.py:188} INFO - [2024-02-10T20:24:38.095+0000] {dag.py:3036} INFO - Sync 1 DAGs
[2024-02-10T20:24:38.141+0000] {logging_mixin.py:188} INFO - [2024-02-10T20:24:38.141+0000] {dag.py:3823} INFO - Setting next_dagrun for weather_dag to 2024-02-11 00:00:00+00:00, run_after=2024-02-11 00:30:00+00:00
[2024-02-10T20:24:38.183+0000] {processor.py:183} INFO - Processing /opt/airflow/dags/s3 _to_redshift.py took 0.177 seconds
[2024-02-10T20:25:08.498+0000] {processor.py:161} INFO - Started process (PID=2615) to work on /opt/airflow/dags/s3 _to_redshift.py
[2024-02-10T20:25:08.499+0000] {processor.py:830} INFO - Processing file /opt/airflow/dags/s3 _to_redshift.py for tasks to queue
[2024-02-10T20:25:08.503+0000] {logging_mixin.py:188} INFO - [2024-02-10T20:25:08.503+0000] {dagbag.py:538} INFO - Filling up the DagBag from /opt/airflow/dags/s3 _to_redshift.py
[2024-02-10T20:25:08.528+0000] {processor.py:840} INFO - DAG(s) 'weather_dag' retrieved from /opt/airflow/dags/s3 _to_redshift.py
[2024-02-10T20:25:08.556+0000] {logging_mixin.py:188} INFO - [2024-02-10T20:25:08.556+0000] {dag.py:3036} INFO - Sync 1 DAGs
[2024-02-10T20:25:08.590+0000] {logging_mixin.py:188} INFO - [2024-02-10T20:25:08.590+0000] {dag.py:3823} INFO - Setting next_dagrun for weather_dag to 2024-02-11 00:00:00+00:00, run_after=2024-02-11 00:30:00+00:00
[2024-02-10T20:25:08.622+0000] {processor.py:183} INFO - Processing /opt/airflow/dags/s3 _to_redshift.py took 0.134 seconds
[2024-02-10T20:25:39.145+0000] {processor.py:161} INFO - Started process (PID=2671) to work on /opt/airflow/dags/s3 _to_redshift.py
[2024-02-10T20:25:39.147+0000] {processor.py:830} INFO - Processing file /opt/airflow/dags/s3 _to_redshift.py for tasks to queue
[2024-02-10T20:25:39.152+0000] {logging_mixin.py:188} INFO - [2024-02-10T20:25:39.151+0000] {dagbag.py:538} INFO - Filling up the DagBag from /opt/airflow/dags/s3 _to_redshift.py
[2024-02-10T20:25:39.194+0000] {processor.py:840} INFO - DAG(s) 'weather_dag' retrieved from /opt/airflow/dags/s3 _to_redshift.py
[2024-02-10T20:25:39.237+0000] {logging_mixin.py:188} INFO - [2024-02-10T20:25:39.236+0000] {dag.py:3036} INFO - Sync 1 DAGs
[2024-02-10T20:25:39.287+0000] {logging_mixin.py:188} INFO - [2024-02-10T20:25:39.286+0000] {dag.py:3823} INFO - Setting next_dagrun for weather_dag to 2024-02-11 00:00:00+00:00, run_after=2024-02-11 00:30:00+00:00
[2024-02-10T20:25:39.337+0000] {processor.py:183} INFO - Processing /opt/airflow/dags/s3 _to_redshift.py took 0.204 seconds
[2024-02-10T20:26:09.460+0000] {processor.py:161} INFO - Started process (PID=2727) to work on /opt/airflow/dags/s3 _to_redshift.py
[2024-02-10T20:26:09.462+0000] {processor.py:830} INFO - Processing file /opt/airflow/dags/s3 _to_redshift.py for tasks to queue
[2024-02-10T20:26:09.467+0000] {logging_mixin.py:188} INFO - [2024-02-10T20:26:09.466+0000] {dagbag.py:538} INFO - Filling up the DagBag from /opt/airflow/dags/s3 _to_redshift.py
[2024-02-10T20:26:09.506+0000] {processor.py:840} INFO - DAG(s) 'weather_dag' retrieved from /opt/airflow/dags/s3 _to_redshift.py
[2024-02-10T20:26:09.542+0000] {logging_mixin.py:188} INFO - [2024-02-10T20:26:09.541+0000] {dag.py:3036} INFO - Sync 1 DAGs
[2024-02-10T20:26:09.596+0000] {logging_mixin.py:188} INFO - [2024-02-10T20:26:09.596+0000] {dag.py:3823} INFO - Setting next_dagrun for weather_dag to 2024-02-11 00:00:00+00:00, run_after=2024-02-11 00:30:00+00:00
[2024-02-10T20:26:09.650+0000] {processor.py:183} INFO - Processing /opt/airflow/dags/s3 _to_redshift.py took 0.201 seconds
[2024-02-10T20:26:39.905+0000] {processor.py:161} INFO - Started process (PID=2783) to work on /opt/airflow/dags/s3 _to_redshift.py
[2024-02-10T20:26:39.907+0000] {processor.py:830} INFO - Processing file /opt/airflow/dags/s3 _to_redshift.py for tasks to queue
[2024-02-10T20:26:39.910+0000] {logging_mixin.py:188} INFO - [2024-02-10T20:26:39.910+0000] {dagbag.py:538} INFO - Filling up the DagBag from /opt/airflow/dags/s3 _to_redshift.py
[2024-02-10T20:26:39.939+0000] {processor.py:840} INFO - DAG(s) 'weather_dag' retrieved from /opt/airflow/dags/s3 _to_redshift.py
[2024-02-10T20:26:39.966+0000] {logging_mixin.py:188} INFO - [2024-02-10T20:26:39.966+0000] {dag.py:3036} INFO - Sync 1 DAGs
[2024-02-10T20:26:40.001+0000] {logging_mixin.py:188} INFO - [2024-02-10T20:26:40.000+0000] {dag.py:3823} INFO - Setting next_dagrun for weather_dag to 2024-02-11 00:00:00+00:00, run_after=2024-02-11 00:30:00+00:00
[2024-02-10T20:26:40.035+0000] {processor.py:183} INFO - Processing /opt/airflow/dags/s3 _to_redshift.py took 0.137 seconds
[2024-02-10T20:27:10.273+0000] {processor.py:161} INFO - Started process (PID=2839) to work on /opt/airflow/dags/s3 _to_redshift.py
[2024-02-10T20:27:10.274+0000] {processor.py:830} INFO - Processing file /opt/airflow/dags/s3 _to_redshift.py for tasks to queue
[2024-02-10T20:27:10.279+0000] {logging_mixin.py:188} INFO - [2024-02-10T20:27:10.278+0000] {dagbag.py:538} INFO - Filling up the DagBag from /opt/airflow/dags/s3 _to_redshift.py
[2024-02-10T20:27:10.305+0000] {processor.py:840} INFO - DAG(s) 'weather_dag' retrieved from /opt/airflow/dags/s3 _to_redshift.py
[2024-02-10T20:27:10.335+0000] {logging_mixin.py:188} INFO - [2024-02-10T20:27:10.335+0000] {dag.py:3036} INFO - Sync 1 DAGs
[2024-02-10T20:27:10.372+0000] {logging_mixin.py:188} INFO - [2024-02-10T20:27:10.372+0000] {dag.py:3823} INFO - Setting next_dagrun for weather_dag to 2024-02-11 00:00:00+00:00, run_after=2024-02-11 00:30:00+00:00
[2024-02-10T20:27:10.408+0000] {processor.py:183} INFO - Processing /opt/airflow/dags/s3 _to_redshift.py took 0.142 seconds
[2024-02-10T20:27:40.556+0000] {processor.py:161} INFO - Started process (PID=2896) to work on /opt/airflow/dags/s3 _to_redshift.py
[2024-02-10T20:27:40.559+0000] {processor.py:830} INFO - Processing file /opt/airflow/dags/s3 _to_redshift.py for tasks to queue
[2024-02-10T20:27:40.576+0000] {logging_mixin.py:188} INFO - [2024-02-10T20:27:40.575+0000] {dagbag.py:538} INFO - Filling up the DagBag from /opt/airflow/dags/s3 _to_redshift.py
[2024-02-10T20:27:40.649+0000] {processor.py:840} INFO - DAG(s) 'weather_dag' retrieved from /opt/airflow/dags/s3 _to_redshift.py
[2024-02-10T20:27:40.700+0000] {logging_mixin.py:188} INFO - [2024-02-10T20:27:40.699+0000] {dag.py:3036} INFO - Sync 1 DAGs
[2024-02-10T20:27:40.747+0000] {logging_mixin.py:188} INFO - [2024-02-10T20:27:40.746+0000] {dag.py:3823} INFO - Setting next_dagrun for weather_dag to 2024-02-11 00:00:00+00:00, run_after=2024-02-11 00:30:00+00:00
[2024-02-10T20:27:40.799+0000] {processor.py:183} INFO - Processing /opt/airflow/dags/s3 _to_redshift.py took 0.273 seconds
[2024-02-10T20:28:11.654+0000] {processor.py:161} INFO - Started process (PID=2951) to work on /opt/airflow/dags/s3 _to_redshift.py
[2024-02-10T20:28:11.656+0000] {processor.py:830} INFO - Processing file /opt/airflow/dags/s3 _to_redshift.py for tasks to queue
[2024-02-10T20:28:11.660+0000] {logging_mixin.py:188} INFO - [2024-02-10T20:28:11.659+0000] {dagbag.py:538} INFO - Filling up the DagBag from /opt/airflow/dags/s3 _to_redshift.py
[2024-02-10T20:28:11.702+0000] {processor.py:840} INFO - DAG(s) 'weather_dag' retrieved from /opt/airflow/dags/s3 _to_redshift.py
[2024-02-10T20:28:11.781+0000] {logging_mixin.py:188} INFO - [2024-02-10T20:28:11.777+0000] {dag.py:3036} INFO - Sync 1 DAGs
[2024-02-10T20:28:11.923+0000] {logging_mixin.py:188} INFO - [2024-02-10T20:28:11.923+0000] {dag.py:3823} INFO - Setting next_dagrun for weather_dag to 2024-02-11 00:00:00+00:00, run_after=2024-02-11 00:30:00+00:00
[2024-02-10T20:28:12.024+0000] {processor.py:183} INFO - Processing /opt/airflow/dags/s3 _to_redshift.py took 0.380 seconds
[2024-02-10T20:28:42.841+0000] {processor.py:161} INFO - Started process (PID=3013) to work on /opt/airflow/dags/s3 _to_redshift.py
[2024-02-10T20:28:42.843+0000] {processor.py:830} INFO - Processing file /opt/airflow/dags/s3 _to_redshift.py for tasks to queue
[2024-02-10T20:28:42.852+0000] {logging_mixin.py:188} INFO - [2024-02-10T20:28:42.852+0000] {dagbag.py:538} INFO - Filling up the DagBag from /opt/airflow/dags/s3 _to_redshift.py
[2024-02-10T20:28:42.902+0000] {processor.py:840} INFO - DAG(s) 'weather_dag' retrieved from /opt/airflow/dags/s3 _to_redshift.py
[2024-02-10T20:28:42.957+0000] {logging_mixin.py:188} INFO - [2024-02-10T20:28:42.956+0000] {dag.py:3036} INFO - Sync 1 DAGs
[2024-02-10T20:28:43.025+0000] {logging_mixin.py:188} INFO - [2024-02-10T20:28:43.025+0000] {dag.py:3823} INFO - Setting next_dagrun for weather_dag to 2024-02-11 00:00:00+00:00, run_after=2024-02-11 00:30:00+00:00
[2024-02-10T20:28:43.092+0000] {processor.py:183} INFO - Processing /opt/airflow/dags/s3 _to_redshift.py took 0.257 seconds
[2024-02-10T20:29:13.757+0000] {processor.py:161} INFO - Started process (PID=3069) to work on /opt/airflow/dags/s3 _to_redshift.py
[2024-02-10T20:29:13.759+0000] {processor.py:830} INFO - Processing file /opt/airflow/dags/s3 _to_redshift.py for tasks to queue
[2024-02-10T20:29:13.762+0000] {logging_mixin.py:188} INFO - [2024-02-10T20:29:13.761+0000] {dagbag.py:538} INFO - Filling up the DagBag from /opt/airflow/dags/s3 _to_redshift.py
[2024-02-10T20:29:13.794+0000] {processor.py:840} INFO - DAG(s) 'weather_dag' retrieved from /opt/airflow/dags/s3 _to_redshift.py
[2024-02-10T20:29:13.825+0000] {logging_mixin.py:188} INFO - [2024-02-10T20:29:13.824+0000] {dag.py:3036} INFO - Sync 1 DAGs
[2024-02-10T20:29:13.862+0000] {logging_mixin.py:188} INFO - [2024-02-10T20:29:13.862+0000] {dag.py:3823} INFO - Setting next_dagrun for weather_dag to 2024-02-11 00:00:00+00:00, run_after=2024-02-11 00:30:00+00:00
[2024-02-10T20:29:13.897+0000] {processor.py:183} INFO - Processing /opt/airflow/dags/s3 _to_redshift.py took 0.146 seconds
[2024-02-10T20:29:44.791+0000] {processor.py:161} INFO - Started process (PID=3125) to work on /opt/airflow/dags/s3 _to_redshift.py
[2024-02-10T20:29:44.793+0000] {processor.py:830} INFO - Processing file /opt/airflow/dags/s3 _to_redshift.py for tasks to queue
[2024-02-10T20:29:44.797+0000] {logging_mixin.py:188} INFO - [2024-02-10T20:29:44.796+0000] {dagbag.py:538} INFO - Filling up the DagBag from /opt/airflow/dags/s3 _to_redshift.py
[2024-02-10T20:29:44.823+0000] {processor.py:840} INFO - DAG(s) 'weather_dag' retrieved from /opt/airflow/dags/s3 _to_redshift.py
[2024-02-10T20:29:44.854+0000] {logging_mixin.py:188} INFO - [2024-02-10T20:29:44.853+0000] {dag.py:3036} INFO - Sync 1 DAGs
[2024-02-10T20:29:44.888+0000] {logging_mixin.py:188} INFO - [2024-02-10T20:29:44.887+0000] {dag.py:3823} INFO - Setting next_dagrun for weather_dag to 2024-02-11 00:00:00+00:00, run_after=2024-02-11 00:30:00+00:00
[2024-02-10T20:29:44.918+0000] {processor.py:183} INFO - Processing /opt/airflow/dags/s3 _to_redshift.py took 0.135 seconds
[2024-02-10T20:30:15.174+0000] {processor.py:161} INFO - Started process (PID=3181) to work on /opt/airflow/dags/s3 _to_redshift.py
[2024-02-10T20:30:15.176+0000] {processor.py:830} INFO - Processing file /opt/airflow/dags/s3 _to_redshift.py for tasks to queue
[2024-02-10T20:30:15.180+0000] {logging_mixin.py:188} INFO - [2024-02-10T20:30:15.179+0000] {dagbag.py:538} INFO - Filling up the DagBag from /opt/airflow/dags/s3 _to_redshift.py
[2024-02-10T20:30:15.204+0000] {processor.py:840} INFO - DAG(s) 'weather_dag' retrieved from /opt/airflow/dags/s3 _to_redshift.py
[2024-02-10T20:30:15.234+0000] {logging_mixin.py:188} INFO - [2024-02-10T20:30:15.234+0000] {dag.py:3036} INFO - Sync 1 DAGs
[2024-02-10T20:30:15.270+0000] {logging_mixin.py:188} INFO - [2024-02-10T20:30:15.270+0000] {dag.py:3823} INFO - Setting next_dagrun for weather_dag to 2024-02-11 00:00:00+00:00, run_after=2024-02-11 00:30:00+00:00
[2024-02-10T20:30:15.302+0000] {processor.py:183} INFO - Processing /opt/airflow/dags/s3 _to_redshift.py took 0.136 seconds
[2024-02-10T20:30:45.801+0000] {processor.py:161} INFO - Started process (PID=3237) to work on /opt/airflow/dags/s3 _to_redshift.py
[2024-02-10T20:30:45.803+0000] {processor.py:830} INFO - Processing file /opt/airflow/dags/s3 _to_redshift.py for tasks to queue
[2024-02-10T20:30:45.807+0000] {logging_mixin.py:188} INFO - [2024-02-10T20:30:45.807+0000] {dagbag.py:538} INFO - Filling up the DagBag from /opt/airflow/dags/s3 _to_redshift.py
[2024-02-10T20:30:45.833+0000] {processor.py:840} INFO - DAG(s) 'weather_dag' retrieved from /opt/airflow/dags/s3 _to_redshift.py
[2024-02-10T20:30:45.862+0000] {logging_mixin.py:188} INFO - [2024-02-10T20:30:45.862+0000] {dag.py:3036} INFO - Sync 1 DAGs
[2024-02-10T20:30:45.896+0000] {logging_mixin.py:188} INFO - [2024-02-10T20:30:45.896+0000] {dag.py:3823} INFO - Setting next_dagrun for weather_dag to 2024-02-11 00:00:00+00:00, run_after=2024-02-11 00:30:00+00:00
[2024-02-10T20:30:45.927+0000] {processor.py:183} INFO - Processing /opt/airflow/dags/s3 _to_redshift.py took 0.133 seconds
[2024-02-10T20:31:16.800+0000] {processor.py:161} INFO - Started process (PID=3293) to work on /opt/airflow/dags/s3 _to_redshift.py
[2024-02-10T20:31:16.801+0000] {processor.py:830} INFO - Processing file /opt/airflow/dags/s3 _to_redshift.py for tasks to queue
[2024-02-10T20:31:16.806+0000] {logging_mixin.py:188} INFO - [2024-02-10T20:31:16.805+0000] {dagbag.py:538} INFO - Filling up the DagBag from /opt/airflow/dags/s3 _to_redshift.py
[2024-02-10T20:31:16.841+0000] {processor.py:840} INFO - DAG(s) 'weather_dag' retrieved from /opt/airflow/dags/s3 _to_redshift.py
[2024-02-10T20:31:16.872+0000] {logging_mixin.py:188} INFO - [2024-02-10T20:31:16.872+0000] {dag.py:3036} INFO - Sync 1 DAGs
[2024-02-10T20:31:16.909+0000] {logging_mixin.py:188} INFO - [2024-02-10T20:31:16.909+0000] {dag.py:3823} INFO - Setting next_dagrun for weather_dag to 2024-02-11 00:00:00+00:00, run_after=2024-02-11 00:30:00+00:00
[2024-02-10T20:31:16.945+0000] {processor.py:183} INFO - Processing /opt/airflow/dags/s3 _to_redshift.py took 0.151 seconds
[2024-02-10T20:31:47.255+0000] {processor.py:161} INFO - Started process (PID=3349) to work on /opt/airflow/dags/s3 _to_redshift.py
[2024-02-10T20:31:47.257+0000] {processor.py:830} INFO - Processing file /opt/airflow/dags/s3 _to_redshift.py for tasks to queue
[2024-02-10T20:31:47.261+0000] {logging_mixin.py:188} INFO - [2024-02-10T20:31:47.261+0000] {dagbag.py:538} INFO - Filling up the DagBag from /opt/airflow/dags/s3 _to_redshift.py
[2024-02-10T20:31:47.290+0000] {processor.py:840} INFO - DAG(s) 'weather_dag' retrieved from /opt/airflow/dags/s3 _to_redshift.py
[2024-02-10T20:31:47.328+0000] {logging_mixin.py:188} INFO - [2024-02-10T20:31:47.328+0000] {dag.py:3036} INFO - Sync 1 DAGs
[2024-02-10T20:31:47.383+0000] {logging_mixin.py:188} INFO - [2024-02-10T20:31:47.382+0000] {dag.py:3823} INFO - Setting next_dagrun for weather_dag to 2024-02-11 00:00:00+00:00, run_after=2024-02-11 00:30:00+00:00
[2024-02-10T20:31:47.424+0000] {processor.py:183} INFO - Processing /opt/airflow/dags/s3 _to_redshift.py took 0.176 seconds
[2024-02-10T20:32:17.681+0000] {processor.py:161} INFO - Started process (PID=3405) to work on /opt/airflow/dags/s3 _to_redshift.py
[2024-02-10T20:32:17.683+0000] {processor.py:830} INFO - Processing file /opt/airflow/dags/s3 _to_redshift.py for tasks to queue
[2024-02-10T20:32:17.686+0000] {logging_mixin.py:188} INFO - [2024-02-10T20:32:17.685+0000] {dagbag.py:538} INFO - Filling up the DagBag from /opt/airflow/dags/s3 _to_redshift.py
[2024-02-10T20:32:17.713+0000] {processor.py:840} INFO - DAG(s) 'weather_dag' retrieved from /opt/airflow/dags/s3 _to_redshift.py
[2024-02-10T20:32:17.746+0000] {logging_mixin.py:188} INFO - [2024-02-10T20:32:17.746+0000] {dag.py:3036} INFO - Sync 1 DAGs
[2024-02-10T20:32:17.781+0000] {logging_mixin.py:188} INFO - [2024-02-10T20:32:17.781+0000] {dag.py:3823} INFO - Setting next_dagrun for weather_dag to 2024-02-11 00:00:00+00:00, run_after=2024-02-11 00:30:00+00:00
[2024-02-10T20:32:17.822+0000] {processor.py:183} INFO - Processing /opt/airflow/dags/s3 _to_redshift.py took 0.147 seconds
[2024-02-10T20:32:48.030+0000] {processor.py:161} INFO - Started process (PID=3461) to work on /opt/airflow/dags/s3 _to_redshift.py
[2024-02-10T20:32:48.032+0000] {processor.py:830} INFO - Processing file /opt/airflow/dags/s3 _to_redshift.py for tasks to queue
[2024-02-10T20:32:48.036+0000] {logging_mixin.py:188} INFO - [2024-02-10T20:32:48.035+0000] {dagbag.py:538} INFO - Filling up the DagBag from /opt/airflow/dags/s3 _to_redshift.py
[2024-02-10T20:32:48.062+0000] {processor.py:840} INFO - DAG(s) 'weather_dag' retrieved from /opt/airflow/dags/s3 _to_redshift.py
[2024-02-10T20:32:48.098+0000] {logging_mixin.py:188} INFO - [2024-02-10T20:32:48.097+0000] {dag.py:3036} INFO - Sync 1 DAGs
[2024-02-10T20:32:48.151+0000] {logging_mixin.py:188} INFO - [2024-02-10T20:32:48.151+0000] {dag.py:3823} INFO - Setting next_dagrun for weather_dag to 2024-02-11 00:00:00+00:00, run_after=2024-02-11 00:30:00+00:00
[2024-02-10T20:32:48.187+0000] {processor.py:183} INFO - Processing /opt/airflow/dags/s3 _to_redshift.py took 0.161 seconds
[2024-02-10T20:33:18.595+0000] {processor.py:161} INFO - Started process (PID=3517) to work on /opt/airflow/dags/s3 _to_redshift.py
[2024-02-10T20:33:18.598+0000] {processor.py:830} INFO - Processing file /opt/airflow/dags/s3 _to_redshift.py for tasks to queue
[2024-02-10T20:33:18.608+0000] {logging_mixin.py:188} INFO - [2024-02-10T20:33:18.607+0000] {dagbag.py:538} INFO - Filling up the DagBag from /opt/airflow/dags/s3 _to_redshift.py
[2024-02-10T20:33:18.687+0000] {processor.py:840} INFO - DAG(s) 'weather_dag' retrieved from /opt/airflow/dags/s3 _to_redshift.py
[2024-02-10T20:33:18.730+0000] {logging_mixin.py:188} INFO - [2024-02-10T20:33:18.730+0000] {dag.py:3036} INFO - Sync 1 DAGs
[2024-02-10T20:33:18.769+0000] {logging_mixin.py:188} INFO - [2024-02-10T20:33:18.768+0000] {dag.py:3823} INFO - Setting next_dagrun for weather_dag to 2024-02-11 00:00:00+00:00, run_after=2024-02-11 00:30:00+00:00
[2024-02-10T20:33:18.798+0000] {processor.py:183} INFO - Processing /opt/airflow/dags/s3 _to_redshift.py took 0.225 seconds
[2024-02-10T20:33:49.224+0000] {processor.py:161} INFO - Started process (PID=3573) to work on /opt/airflow/dags/s3 _to_redshift.py
[2024-02-10T20:33:49.227+0000] {processor.py:830} INFO - Processing file /opt/airflow/dags/s3 _to_redshift.py for tasks to queue
[2024-02-10T20:33:49.234+0000] {logging_mixin.py:188} INFO - [2024-02-10T20:33:49.232+0000] {dagbag.py:538} INFO - Filling up the DagBag from /opt/airflow/dags/s3 _to_redshift.py
[2024-02-10T20:33:49.270+0000] {processor.py:840} INFO - DAG(s) 'weather_dag' retrieved from /opt/airflow/dags/s3 _to_redshift.py
[2024-02-10T20:33:49.304+0000] {logging_mixin.py:188} INFO - [2024-02-10T20:33:49.304+0000] {dag.py:3036} INFO - Sync 1 DAGs
[2024-02-10T20:33:49.354+0000] {logging_mixin.py:188} INFO - [2024-02-10T20:33:49.353+0000] {dag.py:3823} INFO - Setting next_dagrun for weather_dag to 2024-02-11 00:00:00+00:00, run_after=2024-02-11 00:30:00+00:00
[2024-02-10T20:33:49.389+0000] {processor.py:183} INFO - Processing /opt/airflow/dags/s3 _to_redshift.py took 0.173 seconds
[2024-02-10T20:34:19.759+0000] {processor.py:161} INFO - Started process (PID=3629) to work on /opt/airflow/dags/s3 _to_redshift.py
[2024-02-10T20:34:19.762+0000] {processor.py:830} INFO - Processing file /opt/airflow/dags/s3 _to_redshift.py for tasks to queue
[2024-02-10T20:34:19.767+0000] {logging_mixin.py:188} INFO - [2024-02-10T20:34:19.767+0000] {dagbag.py:538} INFO - Filling up the DagBag from /opt/airflow/dags/s3 _to_redshift.py
[2024-02-10T20:34:19.800+0000] {processor.py:840} INFO - DAG(s) 'weather_dag' retrieved from /opt/airflow/dags/s3 _to_redshift.py
[2024-02-10T20:34:19.842+0000] {logging_mixin.py:188} INFO - [2024-02-10T20:34:19.842+0000] {dag.py:3036} INFO - Sync 1 DAGs
[2024-02-10T20:34:19.886+0000] {logging_mixin.py:188} INFO - [2024-02-10T20:34:19.885+0000] {dag.py:3823} INFO - Setting next_dagrun for weather_dag to 2024-02-11 00:00:00+00:00, run_after=2024-02-11 00:30:00+00:00
[2024-02-10T20:34:19.919+0000] {processor.py:183} INFO - Processing /opt/airflow/dags/s3 _to_redshift.py took 0.170 seconds
[2024-02-10T20:34:50.325+0000] {processor.py:161} INFO - Started process (PID=3685) to work on /opt/airflow/dags/s3 _to_redshift.py
[2024-02-10T20:34:50.327+0000] {processor.py:830} INFO - Processing file /opt/airflow/dags/s3 _to_redshift.py for tasks to queue
[2024-02-10T20:34:50.330+0000] {logging_mixin.py:188} INFO - [2024-02-10T20:34:50.330+0000] {dagbag.py:538} INFO - Filling up the DagBag from /opt/airflow/dags/s3 _to_redshift.py
[2024-02-10T20:34:50.365+0000] {processor.py:840} INFO - DAG(s) 'weather_dag' retrieved from /opt/airflow/dags/s3 _to_redshift.py
[2024-02-10T20:34:50.401+0000] {logging_mixin.py:188} INFO - [2024-02-10T20:34:50.400+0000] {dag.py:3036} INFO - Sync 1 DAGs
[2024-02-10T20:34:50.442+0000] {logging_mixin.py:188} INFO - [2024-02-10T20:34:50.442+0000] {dag.py:3823} INFO - Setting next_dagrun for weather_dag to 2024-02-11 00:00:00+00:00, run_after=2024-02-11 00:30:00+00:00
[2024-02-10T20:34:50.492+0000] {processor.py:183} INFO - Processing /opt/airflow/dags/s3 _to_redshift.py took 0.173 seconds
[2024-02-10T20:35:20.714+0000] {processor.py:161} INFO - Started process (PID=3741) to work on /opt/airflow/dags/s3 _to_redshift.py
[2024-02-10T20:35:20.715+0000] {processor.py:830} INFO - Processing file /opt/airflow/dags/s3 _to_redshift.py for tasks to queue
[2024-02-10T20:35:20.718+0000] {logging_mixin.py:188} INFO - [2024-02-10T20:35:20.718+0000] {dagbag.py:538} INFO - Filling up the DagBag from /opt/airflow/dags/s3 _to_redshift.py
[2024-02-10T20:35:20.748+0000] {processor.py:840} INFO - DAG(s) 'weather_dag' retrieved from /opt/airflow/dags/s3 _to_redshift.py
[2024-02-10T20:35:20.781+0000] {logging_mixin.py:188} INFO - [2024-02-10T20:35:20.780+0000] {dag.py:3036} INFO - Sync 1 DAGs
[2024-02-10T20:35:20.820+0000] {logging_mixin.py:188} INFO - [2024-02-10T20:35:20.820+0000] {dag.py:3823} INFO - Setting next_dagrun for weather_dag to 2024-02-11 00:00:00+00:00, run_after=2024-02-11 00:30:00+00:00
[2024-02-10T20:35:20.855+0000] {processor.py:183} INFO - Processing /opt/airflow/dags/s3 _to_redshift.py took 0.147 seconds
[2024-02-10T20:35:51.668+0000] {processor.py:161} INFO - Started process (PID=3797) to work on /opt/airflow/dags/s3 _to_redshift.py
[2024-02-10T20:35:51.669+0000] {processor.py:830} INFO - Processing file /opt/airflow/dags/s3 _to_redshift.py for tasks to queue
[2024-02-10T20:35:51.672+0000] {logging_mixin.py:188} INFO - [2024-02-10T20:35:51.672+0000] {dagbag.py:538} INFO - Filling up the DagBag from /opt/airflow/dags/s3 _to_redshift.py
[2024-02-10T20:35:51.702+0000] {processor.py:840} INFO - DAG(s) 'weather_dag' retrieved from /opt/airflow/dags/s3 _to_redshift.py
[2024-02-10T20:35:51.735+0000] {logging_mixin.py:188} INFO - [2024-02-10T20:35:51.734+0000] {dag.py:3036} INFO - Sync 1 DAGs
[2024-02-10T20:35:51.772+0000] {logging_mixin.py:188} INFO - [2024-02-10T20:35:51.772+0000] {dag.py:3823} INFO - Setting next_dagrun for weather_dag to 2024-02-11 00:00:00+00:00, run_after=2024-02-11 00:30:00+00:00
[2024-02-10T20:35:51.809+0000] {processor.py:183} INFO - Processing /opt/airflow/dags/s3 _to_redshift.py took 0.147 seconds
[2024-02-10T20:36:22.036+0000] {processor.py:161} INFO - Started process (PID=3854) to work on /opt/airflow/dags/s3 _to_redshift.py
[2024-02-10T20:36:22.038+0000] {processor.py:830} INFO - Processing file /opt/airflow/dags/s3 _to_redshift.py for tasks to queue
[2024-02-10T20:36:22.043+0000] {logging_mixin.py:188} INFO - [2024-02-10T20:36:22.042+0000] {dagbag.py:538} INFO - Filling up the DagBag from /opt/airflow/dags/s3 _to_redshift.py
[2024-02-10T20:36:22.070+0000] {processor.py:840} INFO - DAG(s) 'weather_dag' retrieved from /opt/airflow/dags/s3 _to_redshift.py
[2024-02-10T20:36:22.107+0000] {logging_mixin.py:188} INFO - [2024-02-10T20:36:22.107+0000] {dag.py:3036} INFO - Sync 1 DAGs
[2024-02-10T20:36:22.156+0000] {logging_mixin.py:188} INFO - [2024-02-10T20:36:22.156+0000] {dag.py:3823} INFO - Setting next_dagrun for weather_dag to 2024-02-11 00:00:00+00:00, run_after=2024-02-11 00:30:00+00:00
[2024-02-10T20:36:22.194+0000] {processor.py:183} INFO - Processing /opt/airflow/dags/s3 _to_redshift.py took 0.163 seconds
[2024-02-10T20:36:52.361+0000] {processor.py:161} INFO - Started process (PID=3910) to work on /opt/airflow/dags/s3 _to_redshift.py
[2024-02-10T20:36:52.363+0000] {processor.py:830} INFO - Processing file /opt/airflow/dags/s3 _to_redshift.py for tasks to queue
[2024-02-10T20:36:52.367+0000] {logging_mixin.py:188} INFO - [2024-02-10T20:36:52.366+0000] {dagbag.py:538} INFO - Filling up the DagBag from /opt/airflow/dags/s3 _to_redshift.py
[2024-02-10T20:36:52.396+0000] {processor.py:840} INFO - DAG(s) 'weather_dag' retrieved from /opt/airflow/dags/s3 _to_redshift.py
[2024-02-10T20:36:52.434+0000] {logging_mixin.py:188} INFO - [2024-02-10T20:36:52.434+0000] {dag.py:3036} INFO - Sync 1 DAGs
[2024-02-10T20:36:52.484+0000] {logging_mixin.py:188} INFO - [2024-02-10T20:36:52.483+0000] {dag.py:3823} INFO - Setting next_dagrun for weather_dag to 2024-02-11 00:00:00+00:00, run_after=2024-02-11 00:30:00+00:00
[2024-02-10T20:36:52.515+0000] {processor.py:183} INFO - Processing /opt/airflow/dags/s3 _to_redshift.py took 0.161 seconds
[2024-02-10T20:37:22.841+0000] {processor.py:161} INFO - Started process (PID=3965) to work on /opt/airflow/dags/s3 _to_redshift.py
[2024-02-10T20:37:22.843+0000] {processor.py:830} INFO - Processing file /opt/airflow/dags/s3 _to_redshift.py for tasks to queue
[2024-02-10T20:37:22.847+0000] {logging_mixin.py:188} INFO - [2024-02-10T20:37:22.846+0000] {dagbag.py:538} INFO - Filling up the DagBag from /opt/airflow/dags/s3 _to_redshift.py
[2024-02-10T20:37:22.874+0000] {processor.py:840} INFO - DAG(s) 'weather_dag' retrieved from /opt/airflow/dags/s3 _to_redshift.py
[2024-02-10T20:37:22.906+0000] {logging_mixin.py:188} INFO - [2024-02-10T20:37:22.906+0000] {dag.py:3036} INFO - Sync 1 DAGs
[2024-02-10T20:37:22.942+0000] {logging_mixin.py:188} INFO - [2024-02-10T20:37:22.941+0000] {dag.py:3823} INFO - Setting next_dagrun for weather_dag to 2024-02-11 00:00:00+00:00, run_after=2024-02-11 00:30:00+00:00
[2024-02-10T20:37:22.974+0000] {processor.py:183} INFO - Processing /opt/airflow/dags/s3 _to_redshift.py took 0.139 seconds
[2024-02-10T20:37:53.595+0000] {processor.py:161} INFO - Started process (PID=4021) to work on /opt/airflow/dags/s3 _to_redshift.py
[2024-02-10T20:37:53.596+0000] {processor.py:830} INFO - Processing file /opt/airflow/dags/s3 _to_redshift.py for tasks to queue
[2024-02-10T20:37:53.599+0000] {logging_mixin.py:188} INFO - [2024-02-10T20:37:53.598+0000] {dagbag.py:538} INFO - Filling up the DagBag from /opt/airflow/dags/s3 _to_redshift.py
[2024-02-10T20:37:53.622+0000] {processor.py:840} INFO - DAG(s) 'weather_dag' retrieved from /opt/airflow/dags/s3 _to_redshift.py
[2024-02-10T20:37:53.651+0000] {logging_mixin.py:188} INFO - [2024-02-10T20:37:53.651+0000] {dag.py:3036} INFO - Sync 1 DAGs
[2024-02-10T20:37:53.683+0000] {logging_mixin.py:188} INFO - [2024-02-10T20:37:53.682+0000] {dag.py:3823} INFO - Setting next_dagrun for weather_dag to 2024-02-11 00:00:00+00:00, run_after=2024-02-11 00:30:00+00:00
[2024-02-10T20:37:53.718+0000] {processor.py:183} INFO - Processing /opt/airflow/dags/s3 _to_redshift.py took 0.129 seconds
[2024-02-10T20:38:24.217+0000] {processor.py:161} INFO - Started process (PID=4077) to work on /opt/airflow/dags/s3 _to_redshift.py
[2024-02-10T20:38:24.218+0000] {processor.py:830} INFO - Processing file /opt/airflow/dags/s3 _to_redshift.py for tasks to queue
[2024-02-10T20:38:24.222+0000] {logging_mixin.py:188} INFO - [2024-02-10T20:38:24.221+0000] {dagbag.py:538} INFO - Filling up the DagBag from /opt/airflow/dags/s3 _to_redshift.py
[2024-02-10T20:38:24.245+0000] {processor.py:840} INFO - DAG(s) 'weather_dag' retrieved from /opt/airflow/dags/s3 _to_redshift.py
[2024-02-10T20:38:24.274+0000] {logging_mixin.py:188} INFO - [2024-02-10T20:38:24.274+0000] {dag.py:3036} INFO - Sync 1 DAGs
[2024-02-10T20:38:24.307+0000] {logging_mixin.py:188} INFO - [2024-02-10T20:38:24.306+0000] {dag.py:3823} INFO - Setting next_dagrun for weather_dag to 2024-02-11 00:00:00+00:00, run_after=2024-02-11 00:30:00+00:00
[2024-02-10T20:38:24.341+0000] {processor.py:183} INFO - Processing /opt/airflow/dags/s3 _to_redshift.py took 0.129 seconds
[2024-02-10T20:38:54.592+0000] {processor.py:161} INFO - Started process (PID=4133) to work on /opt/airflow/dags/s3 _to_redshift.py
[2024-02-10T20:38:54.594+0000] {processor.py:830} INFO - Processing file /opt/airflow/dags/s3 _to_redshift.py for tasks to queue
[2024-02-10T20:38:54.598+0000] {logging_mixin.py:188} INFO - [2024-02-10T20:38:54.597+0000] {dagbag.py:538} INFO - Filling up the DagBag from /opt/airflow/dags/s3 _to_redshift.py
[2024-02-10T20:38:54.629+0000] {processor.py:840} INFO - DAG(s) 'weather_dag' retrieved from /opt/airflow/dags/s3 _to_redshift.py
[2024-02-10T20:38:54.666+0000] {logging_mixin.py:188} INFO - [2024-02-10T20:38:54.665+0000] {dag.py:3036} INFO - Sync 1 DAGs
[2024-02-10T20:38:54.706+0000] {logging_mixin.py:188} INFO - [2024-02-10T20:38:54.705+0000] {dag.py:3823} INFO - Setting next_dagrun for weather_dag to 2024-02-11 00:00:00+00:00, run_after=2024-02-11 00:30:00+00:00
[2024-02-10T20:38:54.740+0000] {processor.py:183} INFO - Processing /opt/airflow/dags/s3 _to_redshift.py took 0.157 seconds
[2024-02-10T20:39:25.216+0000] {processor.py:161} INFO - Started process (PID=4189) to work on /opt/airflow/dags/s3 _to_redshift.py
[2024-02-10T20:39:25.222+0000] {processor.py:830} INFO - Processing file /opt/airflow/dags/s3 _to_redshift.py for tasks to queue
[2024-02-10T20:39:25.229+0000] {logging_mixin.py:188} INFO - [2024-02-10T20:39:25.228+0000] {dagbag.py:538} INFO - Filling up the DagBag from /opt/airflow/dags/s3 _to_redshift.py
[2024-02-10T20:39:25.265+0000] {processor.py:840} INFO - DAG(s) 'weather_dag' retrieved from /opt/airflow/dags/s3 _to_redshift.py
[2024-02-10T20:39:25.307+0000] {logging_mixin.py:188} INFO - [2024-02-10T20:39:25.306+0000] {dag.py:3036} INFO - Sync 1 DAGs
[2024-02-10T20:39:25.363+0000] {logging_mixin.py:188} INFO - [2024-02-10T20:39:25.363+0000] {dag.py:3823} INFO - Setting next_dagrun for weather_dag to 2024-02-11 00:00:00+00:00, run_after=2024-02-11 00:30:00+00:00
[2024-02-10T20:39:25.442+0000] {processor.py:183} INFO - Processing /opt/airflow/dags/s3 _to_redshift.py took 0.241 seconds
[2024-02-10T20:39:56.055+0000] {processor.py:161} INFO - Started process (PID=4245) to work on /opt/airflow/dags/s3 _to_redshift.py
[2024-02-10T20:39:56.057+0000] {processor.py:830} INFO - Processing file /opt/airflow/dags/s3 _to_redshift.py for tasks to queue
[2024-02-10T20:39:56.060+0000] {logging_mixin.py:188} INFO - [2024-02-10T20:39:56.059+0000] {dagbag.py:538} INFO - Filling up the DagBag from /opt/airflow/dags/s3 _to_redshift.py
[2024-02-10T20:39:56.088+0000] {processor.py:840} INFO - DAG(s) 'weather_dag' retrieved from /opt/airflow/dags/s3 _to_redshift.py
[2024-02-10T20:39:56.122+0000] {logging_mixin.py:188} INFO - [2024-02-10T20:39:56.121+0000] {dag.py:3036} INFO - Sync 1 DAGs
[2024-02-10T20:39:56.158+0000] {logging_mixin.py:188} INFO - [2024-02-10T20:39:56.158+0000] {dag.py:3823} INFO - Setting next_dagrun for weather_dag to 2024-02-11 00:00:00+00:00, run_after=2024-02-11 00:30:00+00:00
[2024-02-10T20:39:56.191+0000] {processor.py:183} INFO - Processing /opt/airflow/dags/s3 _to_redshift.py took 0.141 seconds
[2024-02-10T20:40:26.465+0000] {processor.py:161} INFO - Started process (PID=4301) to work on /opt/airflow/dags/s3 _to_redshift.py
[2024-02-10T20:40:26.471+0000] {processor.py:830} INFO - Processing file /opt/airflow/dags/s3 _to_redshift.py for tasks to queue
[2024-02-10T20:40:26.479+0000] {logging_mixin.py:188} INFO - [2024-02-10T20:40:26.478+0000] {dagbag.py:538} INFO - Filling up the DagBag from /opt/airflow/dags/s3 _to_redshift.py
[2024-02-10T20:40:26.511+0000] {processor.py:840} INFO - DAG(s) 'weather_dag' retrieved from /opt/airflow/dags/s3 _to_redshift.py
[2024-02-10T20:40:26.571+0000] {logging_mixin.py:188} INFO - [2024-02-10T20:40:26.571+0000] {dag.py:3036} INFO - Sync 1 DAGs
[2024-02-10T20:40:26.675+0000] {logging_mixin.py:188} INFO - [2024-02-10T20:40:26.675+0000] {dag.py:3823} INFO - Setting next_dagrun for weather_dag to 2024-02-11 00:00:00+00:00, run_after=2024-02-11 00:30:00+00:00
[2024-02-10T20:40:26.813+0000] {processor.py:183} INFO - Processing /opt/airflow/dags/s3 _to_redshift.py took 0.357 seconds
[2024-02-10T20:40:56.964+0000] {processor.py:161} INFO - Started process (PID=4357) to work on /opt/airflow/dags/s3 _to_redshift.py
[2024-02-10T20:40:56.965+0000] {processor.py:830} INFO - Processing file /opt/airflow/dags/s3 _to_redshift.py for tasks to queue
[2024-02-10T20:40:56.968+0000] {logging_mixin.py:188} INFO - [2024-02-10T20:40:56.968+0000] {dagbag.py:538} INFO - Filling up the DagBag from /opt/airflow/dags/s3 _to_redshift.py
[2024-02-10T20:40:56.998+0000] {processor.py:840} INFO - DAG(s) 'weather_dag' retrieved from /opt/airflow/dags/s3 _to_redshift.py
[2024-02-10T20:40:57.028+0000] {logging_mixin.py:188} INFO - [2024-02-10T20:40:57.027+0000] {dag.py:3036} INFO - Sync 1 DAGs
[2024-02-10T20:40:57.060+0000] {logging_mixin.py:188} INFO - [2024-02-10T20:40:57.060+0000] {dag.py:3823} INFO - Setting next_dagrun for weather_dag to 2024-02-11 00:00:00+00:00, run_after=2024-02-11 00:30:00+00:00
[2024-02-10T20:40:57.094+0000] {processor.py:183} INFO - Processing /opt/airflow/dags/s3 _to_redshift.py took 0.137 seconds
[2024-02-10T20:42:21.562+0000] {processor.py:161} INFO - Started process (PID=35) to work on /opt/airflow/dags/s3 _to_redshift.py
[2024-02-10T20:42:21.564+0000] {processor.py:830} INFO - Processing file /opt/airflow/dags/s3 _to_redshift.py for tasks to queue
[2024-02-10T20:42:21.567+0000] {logging_mixin.py:188} INFO - [2024-02-10T20:42:21.567+0000] {dagbag.py:538} INFO - Filling up the DagBag from /opt/airflow/dags/s3 _to_redshift.py
[2024-02-10T20:42:21.604+0000] {processor.py:840} INFO - DAG(s) 'weather_dag' retrieved from /opt/airflow/dags/s3 _to_redshift.py
[2024-02-10T20:42:21.866+0000] {logging_mixin.py:188} INFO - [2024-02-10T20:42:21.865+0000] {dag.py:3036} INFO - Sync 1 DAGs
[2024-02-10T20:42:21.920+0000] {logging_mixin.py:188} INFO - [2024-02-10T20:42:21.919+0000] {dag.py:3823} INFO - Setting next_dagrun for weather_dag to 2024-02-11 00:00:00+00:00, run_after=2024-02-11 00:30:00+00:00
[2024-02-10T20:42:21.967+0000] {processor.py:183} INFO - Processing /opt/airflow/dags/s3 _to_redshift.py took 0.413 seconds
[2024-02-10T20:42:52.466+0000] {processor.py:161} INFO - Started process (PID=91) to work on /opt/airflow/dags/s3 _to_redshift.py
[2024-02-10T20:42:52.468+0000] {processor.py:830} INFO - Processing file /opt/airflow/dags/s3 _to_redshift.py for tasks to queue
[2024-02-10T20:42:52.471+0000] {logging_mixin.py:188} INFO - [2024-02-10T20:42:52.471+0000] {dagbag.py:538} INFO - Filling up the DagBag from /opt/airflow/dags/s3 _to_redshift.py
[2024-02-10T20:42:52.497+0000] {processor.py:840} INFO - DAG(s) 'weather_dag' retrieved from /opt/airflow/dags/s3 _to_redshift.py
[2024-02-10T20:42:52.529+0000] {logging_mixin.py:188} INFO - [2024-02-10T20:42:52.528+0000] {dag.py:3036} INFO - Sync 1 DAGs
[2024-02-10T20:42:52.563+0000] {logging_mixin.py:188} INFO - [2024-02-10T20:42:52.562+0000] {dag.py:3823} INFO - Setting next_dagrun for weather_dag to 2024-02-11 00:00:00+00:00, run_after=2024-02-11 00:30:00+00:00
[2024-02-10T20:42:52.596+0000] {processor.py:183} INFO - Processing /opt/airflow/dags/s3 _to_redshift.py took 0.136 seconds
[2024-02-10T20:43:22.710+0000] {processor.py:161} INFO - Started process (PID=147) to work on /opt/airflow/dags/s3 _to_redshift.py
[2024-02-10T20:43:22.715+0000] {processor.py:830} INFO - Processing file /opt/airflow/dags/s3 _to_redshift.py for tasks to queue
[2024-02-10T20:43:22.720+0000] {logging_mixin.py:188} INFO - [2024-02-10T20:43:22.719+0000] {dagbag.py:538} INFO - Filling up the DagBag from /opt/airflow/dags/s3 _to_redshift.py
[2024-02-10T20:43:22.766+0000] {processor.py:840} INFO - DAG(s) 'weather_dag' retrieved from /opt/airflow/dags/s3 _to_redshift.py
[2024-02-10T20:43:22.818+0000] {logging_mixin.py:188} INFO - [2024-02-10T20:43:22.818+0000] {dag.py:3036} INFO - Sync 1 DAGs
[2024-02-10T20:43:22.937+0000] {logging_mixin.py:188} INFO - [2024-02-10T20:43:22.936+0000] {dag.py:3823} INFO - Setting next_dagrun for weather_dag to 2024-02-11 00:00:00+00:00, run_after=2024-02-11 00:30:00+00:00
[2024-02-10T20:43:23.020+0000] {processor.py:183} INFO - Processing /opt/airflow/dags/s3 _to_redshift.py took 0.320 seconds
[2024-02-10T20:43:53.279+0000] {processor.py:161} INFO - Started process (PID=204) to work on /opt/airflow/dags/s3 _to_redshift.py
[2024-02-10T20:43:53.280+0000] {processor.py:830} INFO - Processing file /opt/airflow/dags/s3 _to_redshift.py for tasks to queue
[2024-02-10T20:43:53.283+0000] {logging_mixin.py:188} INFO - [2024-02-10T20:43:53.283+0000] {dagbag.py:538} INFO - Filling up the DagBag from /opt/airflow/dags/s3 _to_redshift.py
[2024-02-10T20:43:53.305+0000] {processor.py:840} INFO - DAG(s) 'weather_dag' retrieved from /opt/airflow/dags/s3 _to_redshift.py
[2024-02-10T20:43:53.332+0000] {logging_mixin.py:188} INFO - [2024-02-10T20:43:53.332+0000] {dag.py:3036} INFO - Sync 1 DAGs
[2024-02-10T20:43:53.370+0000] {logging_mixin.py:188} INFO - [2024-02-10T20:43:53.370+0000] {dag.py:3823} INFO - Setting next_dagrun for weather_dag to 2024-02-11 00:00:00+00:00, run_after=2024-02-11 00:30:00+00:00
[2024-02-10T20:43:53.406+0000] {processor.py:183} INFO - Processing /opt/airflow/dags/s3 _to_redshift.py took 0.131 seconds
[2024-02-10T20:45:32.027+0000] {processor.py:161} INFO - Started process (PID=34) to work on /opt/airflow/dags/s3 _to_redshift.py
[2024-02-10T20:45:32.029+0000] {processor.py:830} INFO - Processing file /opt/airflow/dags/s3 _to_redshift.py for tasks to queue
[2024-02-10T20:45:32.033+0000] {logging_mixin.py:188} INFO - [2024-02-10T20:45:32.033+0000] {dagbag.py:538} INFO - Filling up the DagBag from /opt/airflow/dags/s3 _to_redshift.py
[2024-02-10T20:45:32.075+0000] {processor.py:840} INFO - DAG(s) 'weather_dag' retrieved from /opt/airflow/dags/s3 _to_redshift.py
[2024-02-10T20:45:32.300+0000] {logging_mixin.py:188} INFO - [2024-02-10T20:45:32.299+0000] {dag.py:3036} INFO - Sync 1 DAGs
[2024-02-10T20:45:32.358+0000] {logging_mixin.py:188} INFO - [2024-02-10T20:45:32.357+0000] {dag.py:3823} INFO - Setting next_dagrun for weather_dag to 2024-02-11 00:00:00+00:00, run_after=2024-02-11 00:30:00+00:00
[2024-02-10T20:45:32.416+0000] {processor.py:183} INFO - Processing /opt/airflow/dags/s3 _to_redshift.py took 0.397 seconds
[2024-02-10T20:45:59.026+0000] {processor.py:161} INFO - Started process (PID=34) to work on /opt/airflow/dags/s3 _to_redshift.py
[2024-02-10T20:45:59.031+0000] {processor.py:830} INFO - Processing file /opt/airflow/dags/s3 _to_redshift.py for tasks to queue
[2024-02-10T20:45:59.037+0000] {logging_mixin.py:188} INFO - [2024-02-10T20:45:59.035+0000] {dagbag.py:538} INFO - Filling up the DagBag from /opt/airflow/dags/s3 _to_redshift.py
[2024-02-10T20:45:59.130+0000] {processor.py:840} INFO - DAG(s) 'weather_dag' retrieved from /opt/airflow/dags/s3 _to_redshift.py
[2024-02-10T20:45:59.169+0000] {logging_mixin.py:188} INFO - [2024-02-10T20:45:59.168+0000] {dag.py:3036} INFO - Sync 1 DAGs
[2024-02-10T20:45:59.231+0000] {logging_mixin.py:188} INFO - [2024-02-10T20:45:59.231+0000] {dag.py:3823} INFO - Setting next_dagrun for weather_dag to 2024-02-11 00:00:00+00:00, run_after=2024-02-11 00:30:00+00:00
[2024-02-10T20:45:59.279+0000] {processor.py:183} INFO - Processing /opt/airflow/dags/s3 _to_redshift.py took 0.266 seconds
[2024-02-10T20:46:29.357+0000] {processor.py:161} INFO - Started process (PID=90) to work on /opt/airflow/dags/s3 _to_redshift.py
[2024-02-10T20:46:29.359+0000] {processor.py:830} INFO - Processing file /opt/airflow/dags/s3 _to_redshift.py for tasks to queue
[2024-02-10T20:46:29.362+0000] {logging_mixin.py:188} INFO - [2024-02-10T20:46:29.362+0000] {dagbag.py:538} INFO - Filling up the DagBag from /opt/airflow/dags/s3 _to_redshift.py
[2024-02-10T20:46:29.394+0000] {processor.py:840} INFO - DAG(s) 'weather_dag' retrieved from /opt/airflow/dags/s3 _to_redshift.py
[2024-02-10T20:46:29.436+0000] {logging_mixin.py:188} INFO - [2024-02-10T20:46:29.435+0000] {dag.py:3036} INFO - Sync 1 DAGs
[2024-02-10T20:46:29.477+0000] {logging_mixin.py:188} INFO - [2024-02-10T20:46:29.477+0000] {dag.py:3823} INFO - Setting next_dagrun for weather_dag to 2024-02-11 00:00:00+00:00, run_after=2024-02-11 00:30:00+00:00
[2024-02-10T20:46:29.545+0000] {processor.py:183} INFO - Processing /opt/airflow/dags/s3 _to_redshift.py took 0.197 seconds
