[2024-02-10T06:05:15.784+0000] {processor.py:161} INFO - Started process (PID=34) to work on /opt/airflow/dags/Weather_dag.py
[2024-02-10T06:05:15.787+0000] {processor.py:830} INFO - Processing file /opt/airflow/dags/Weather_dag.py for tasks to queue
[2024-02-10T06:05:15.791+0000] {logging_mixin.py:188} INFO - [2024-02-10T06:05:15.791+0000] {dagbag.py:538} INFO - Filling up the DagBag from /opt/airflow/dags/Weather_dag.py
[2024-02-10T06:05:16.783+0000] {processor.py:840} INFO - DAG(s) 'weather_dag' retrieved from /opt/airflow/dags/Weather_dag.py
[2024-02-10T06:05:16.988+0000] {logging_mixin.py:188} INFO - [2024-02-10T06:05:16.988+0000] {dag.py:3036} INFO - Sync 1 DAGs
[2024-02-10T06:05:17.031+0000] {logging_mixin.py:188} INFO - [2024-02-10T06:05:17.031+0000] {dag.py:3823} INFO - Setting next_dagrun for weather_dag to 2024-02-10 05:30:00+00:00, run_after=2024-02-10 06:00:00+00:00
[2024-02-10T06:05:17.087+0000] {processor.py:183} INFO - Processing /opt/airflow/dags/Weather_dag.py took 1.310 seconds
[2024-02-10T06:05:48.208+0000] {processor.py:161} INFO - Started process (PID=34) to work on /opt/airflow/dags/Weather_dag.py
[2024-02-10T06:05:48.211+0000] {processor.py:830} INFO - Processing file /opt/airflow/dags/Weather_dag.py for tasks to queue
[2024-02-10T06:05:48.215+0000] {logging_mixin.py:188} INFO - [2024-02-10T06:05:48.215+0000] {dagbag.py:538} INFO - Filling up the DagBag from /opt/airflow/dags/Weather_dag.py
[2024-02-10T06:05:49.119+0000] {processor.py:840} INFO - DAG(s) 'weather_dag' retrieved from /opt/airflow/dags/Weather_dag.py
[2024-02-10T06:05:49.154+0000] {logging_mixin.py:188} INFO - [2024-02-10T06:05:49.154+0000] {dag.py:3036} INFO - Sync 1 DAGs
[2024-02-10T06:05:49.189+0000] {logging_mixin.py:188} INFO - [2024-02-10T06:05:49.188+0000] {dag.py:3823} INFO - Setting next_dagrun for weather_dag to 2024-02-10 06:00:00+00:00, run_after=2024-02-10 06:30:00+00:00
[2024-02-10T06:05:49.236+0000] {processor.py:183} INFO - Processing /opt/airflow/dags/Weather_dag.py took 1.034 seconds
[2024-02-10T06:06:19.983+0000] {processor.py:161} INFO - Started process (PID=93) to work on /opt/airflow/dags/Weather_dag.py
[2024-02-10T06:06:19.985+0000] {processor.py:830} INFO - Processing file /opt/airflow/dags/Weather_dag.py for tasks to queue
[2024-02-10T06:06:19.988+0000] {logging_mixin.py:188} INFO - [2024-02-10T06:06:19.987+0000] {dagbag.py:538} INFO - Filling up the DagBag from /opt/airflow/dags/Weather_dag.py
[2024-02-10T06:06:20.645+0000] {processor.py:840} INFO - DAG(s) 'weather_dag' retrieved from /opt/airflow/dags/Weather_dag.py
[2024-02-10T06:06:20.671+0000] {logging_mixin.py:188} INFO - [2024-02-10T06:06:20.670+0000] {dag.py:3036} INFO - Sync 1 DAGs
[2024-02-10T06:06:20.704+0000] {logging_mixin.py:188} INFO - [2024-02-10T06:06:20.703+0000] {dag.py:3823} INFO - Setting next_dagrun for weather_dag to 2024-02-10 06:00:00+00:00, run_after=2024-02-10 06:30:00+00:00
[2024-02-10T06:06:20.732+0000] {processor.py:183} INFO - Processing /opt/airflow/dags/Weather_dag.py took 0.755 seconds
[2024-02-10T06:06:50.862+0000] {processor.py:161} INFO - Started process (PID=154) to work on /opt/airflow/dags/Weather_dag.py
[2024-02-10T06:06:50.863+0000] {processor.py:830} INFO - Processing file /opt/airflow/dags/Weather_dag.py for tasks to queue
[2024-02-10T06:06:50.866+0000] {logging_mixin.py:188} INFO - [2024-02-10T06:06:50.866+0000] {dagbag.py:538} INFO - Filling up the DagBag from /opt/airflow/dags/Weather_dag.py
[2024-02-10T06:06:51.565+0000] {processor.py:840} INFO - DAG(s) 'weather_dag' retrieved from /opt/airflow/dags/Weather_dag.py
[2024-02-10T06:06:51.591+0000] {logging_mixin.py:188} INFO - [2024-02-10T06:06:51.591+0000] {dag.py:3036} INFO - Sync 1 DAGs
[2024-02-10T06:06:51.634+0000] {logging_mixin.py:188} INFO - [2024-02-10T06:06:51.634+0000] {dag.py:3823} INFO - Setting next_dagrun for weather_dag to 2024-02-10 06:00:00+00:00, run_after=2024-02-10 06:30:00+00:00
[2024-02-10T06:06:51.670+0000] {processor.py:183} INFO - Processing /opt/airflow/dags/Weather_dag.py took 0.814 seconds
[2024-02-10T06:07:21.963+0000] {processor.py:161} INFO - Started process (PID=214) to work on /opt/airflow/dags/Weather_dag.py
[2024-02-10T06:07:21.965+0000] {processor.py:830} INFO - Processing file /opt/airflow/dags/Weather_dag.py for tasks to queue
[2024-02-10T06:07:21.968+0000] {logging_mixin.py:188} INFO - [2024-02-10T06:07:21.967+0000] {dagbag.py:538} INFO - Filling up the DagBag from /opt/airflow/dags/Weather_dag.py
[2024-02-10T06:07:22.605+0000] {processor.py:840} INFO - DAG(s) 'weather_dag' retrieved from /opt/airflow/dags/Weather_dag.py
[2024-02-10T06:07:22.632+0000] {logging_mixin.py:188} INFO - [2024-02-10T06:07:22.632+0000] {dag.py:3036} INFO - Sync 1 DAGs
[2024-02-10T06:07:22.665+0000] {logging_mixin.py:188} INFO - [2024-02-10T06:07:22.665+0000] {dag.py:3823} INFO - Setting next_dagrun for weather_dag to 2024-02-10 06:00:00+00:00, run_after=2024-02-10 06:30:00+00:00
[2024-02-10T06:07:22.695+0000] {processor.py:183} INFO - Processing /opt/airflow/dags/Weather_dag.py took 0.739 seconds
[2024-02-10T06:07:52.820+0000] {processor.py:161} INFO - Started process (PID=270) to work on /opt/airflow/dags/Weather_dag.py
[2024-02-10T06:07:52.822+0000] {processor.py:830} INFO - Processing file /opt/airflow/dags/Weather_dag.py for tasks to queue
[2024-02-10T06:07:52.827+0000] {logging_mixin.py:188} INFO - [2024-02-10T06:07:52.826+0000] {dagbag.py:538} INFO - Filling up the DagBag from /opt/airflow/dags/Weather_dag.py
[2024-02-10T06:07:53.457+0000] {processor.py:840} INFO - DAG(s) 'weather_dag' retrieved from /opt/airflow/dags/Weather_dag.py
[2024-02-10T06:07:53.488+0000] {logging_mixin.py:188} INFO - [2024-02-10T06:07:53.487+0000] {dag.py:3036} INFO - Sync 1 DAGs
[2024-02-10T06:07:53.527+0000] {logging_mixin.py:188} INFO - [2024-02-10T06:07:53.526+0000] {dag.py:3823} INFO - Setting next_dagrun for weather_dag to 2024-02-10 06:00:00+00:00, run_after=2024-02-10 06:30:00+00:00
[2024-02-10T06:07:53.557+0000] {processor.py:183} INFO - Processing /opt/airflow/dags/Weather_dag.py took 0.744 seconds
[2024-02-10T06:08:23.699+0000] {processor.py:161} INFO - Started process (PID=331) to work on /opt/airflow/dags/Weather_dag.py
[2024-02-10T06:08:23.701+0000] {processor.py:830} INFO - Processing file /opt/airflow/dags/Weather_dag.py for tasks to queue
[2024-02-10T06:08:23.704+0000] {logging_mixin.py:188} INFO - [2024-02-10T06:08:23.703+0000] {dagbag.py:538} INFO - Filling up the DagBag from /opt/airflow/dags/Weather_dag.py
[2024-02-10T06:08:24.262+0000] {processor.py:840} INFO - DAG(s) 'weather_dag' retrieved from /opt/airflow/dags/Weather_dag.py
[2024-02-10T06:08:24.287+0000] {logging_mixin.py:188} INFO - [2024-02-10T06:08:24.286+0000] {dag.py:3036} INFO - Sync 1 DAGs
[2024-02-10T06:08:24.319+0000] {logging_mixin.py:188} INFO - [2024-02-10T06:08:24.319+0000] {dag.py:3823} INFO - Setting next_dagrun for weather_dag to 2024-02-10 06:00:00+00:00, run_after=2024-02-10 06:30:00+00:00
[2024-02-10T06:08:24.357+0000] {processor.py:183} INFO - Processing /opt/airflow/dags/Weather_dag.py took 0.662 seconds
[2024-02-10T06:08:54.978+0000] {processor.py:161} INFO - Started process (PID=388) to work on /opt/airflow/dags/Weather_dag.py
[2024-02-10T06:08:54.980+0000] {processor.py:830} INFO - Processing file /opt/airflow/dags/Weather_dag.py for tasks to queue
[2024-02-10T06:08:54.983+0000] {logging_mixin.py:188} INFO - [2024-02-10T06:08:54.982+0000] {dagbag.py:538} INFO - Filling up the DagBag from /opt/airflow/dags/Weather_dag.py
[2024-02-10T06:08:55.670+0000] {processor.py:840} INFO - DAG(s) 'weather_dag' retrieved from /opt/airflow/dags/Weather_dag.py
[2024-02-10T06:08:55.702+0000] {logging_mixin.py:188} INFO - [2024-02-10T06:08:55.701+0000] {dag.py:3036} INFO - Sync 1 DAGs
[2024-02-10T06:08:55.736+0000] {logging_mixin.py:188} INFO - [2024-02-10T06:08:55.736+0000] {dag.py:3823} INFO - Setting next_dagrun for weather_dag to 2024-02-10 06:00:00+00:00, run_after=2024-02-10 06:30:00+00:00
[2024-02-10T06:08:55.827+0000] {processor.py:183} INFO - Processing /opt/airflow/dags/Weather_dag.py took 0.855 seconds
[2024-02-10T06:10:32.636+0000] {processor.py:161} INFO - Started process (PID=34) to work on /opt/airflow/dags/Weather_dag.py
[2024-02-10T06:10:32.640+0000] {processor.py:830} INFO - Processing file /opt/airflow/dags/Weather_dag.py for tasks to queue
[2024-02-10T06:10:32.647+0000] {logging_mixin.py:188} INFO - [2024-02-10T06:10:32.646+0000] {dagbag.py:538} INFO - Filling up the DagBag from /opt/airflow/dags/Weather_dag.py
[2024-02-10T06:10:33.663+0000] {processor.py:840} INFO - DAG(s) 'weather_dag' retrieved from /opt/airflow/dags/Weather_dag.py
[2024-02-10T06:10:33.981+0000] {logging_mixin.py:188} INFO - [2024-02-10T06:10:33.980+0000] {dag.py:3036} INFO - Sync 1 DAGs
[2024-02-10T06:10:34.033+0000] {logging_mixin.py:188} INFO - [2024-02-10T06:10:34.032+0000] {dag.py:3823} INFO - Setting next_dagrun for weather_dag to 2024-02-10 06:00:00+00:00, run_after=2024-02-10 06:30:00+00:00
[2024-02-10T06:10:34.111+0000] {processor.py:183} INFO - Processing /opt/airflow/dags/Weather_dag.py took 1.487 seconds
[2024-02-10T06:11:04.654+0000] {processor.py:161} INFO - Started process (PID=97) to work on /opt/airflow/dags/Weather_dag.py
[2024-02-10T06:11:04.656+0000] {processor.py:830} INFO - Processing file /opt/airflow/dags/Weather_dag.py for tasks to queue
[2024-02-10T06:11:04.660+0000] {logging_mixin.py:188} INFO - [2024-02-10T06:11:04.660+0000] {dagbag.py:538} INFO - Filling up the DagBag from /opt/airflow/dags/Weather_dag.py
[2024-02-10T06:11:05.290+0000] {processor.py:840} INFO - DAG(s) 'weather_dag' retrieved from /opt/airflow/dags/Weather_dag.py
[2024-02-10T06:11:05.312+0000] {logging_mixin.py:188} INFO - [2024-02-10T06:11:05.312+0000] {dag.py:3036} INFO - Sync 1 DAGs
[2024-02-10T06:11:05.342+0000] {logging_mixin.py:188} INFO - [2024-02-10T06:11:05.342+0000] {dag.py:3823} INFO - Setting next_dagrun for weather_dag to 2024-02-10 06:00:00+00:00, run_after=2024-02-10 06:30:00+00:00
[2024-02-10T06:11:05.370+0000] {processor.py:183} INFO - Processing /opt/airflow/dags/Weather_dag.py took 0.724 seconds
[2024-02-10T06:11:36.156+0000] {processor.py:161} INFO - Started process (PID=156) to work on /opt/airflow/dags/Weather_dag.py
[2024-02-10T06:11:36.158+0000] {processor.py:830} INFO - Processing file /opt/airflow/dags/Weather_dag.py for tasks to queue
[2024-02-10T06:11:36.162+0000] {logging_mixin.py:188} INFO - [2024-02-10T06:11:36.162+0000] {dagbag.py:538} INFO - Filling up the DagBag from /opt/airflow/dags/Weather_dag.py
[2024-02-10T06:11:36.814+0000] {processor.py:840} INFO - DAG(s) 'weather_dag' retrieved from /opt/airflow/dags/Weather_dag.py
[2024-02-10T06:11:36.838+0000] {logging_mixin.py:188} INFO - [2024-02-10T06:11:36.837+0000] {dag.py:3036} INFO - Sync 1 DAGs
[2024-02-10T06:11:36.866+0000] {logging_mixin.py:188} INFO - [2024-02-10T06:11:36.865+0000] {dag.py:3823} INFO - Setting next_dagrun for weather_dag to 2024-02-10 06:00:00+00:00, run_after=2024-02-10 06:30:00+00:00
[2024-02-10T06:11:36.891+0000] {processor.py:183} INFO - Processing /opt/airflow/dags/Weather_dag.py took 0.741 seconds
[2024-02-10T06:12:07.797+0000] {processor.py:161} INFO - Started process (PID=216) to work on /opt/airflow/dags/Weather_dag.py
[2024-02-10T06:12:07.798+0000] {processor.py:830} INFO - Processing file /opt/airflow/dags/Weather_dag.py for tasks to queue
[2024-02-10T06:12:07.801+0000] {logging_mixin.py:188} INFO - [2024-02-10T06:12:07.801+0000] {dagbag.py:538} INFO - Filling up the DagBag from /opt/airflow/dags/Weather_dag.py
[2024-02-10T06:12:08.407+0000] {processor.py:840} INFO - DAG(s) 'weather_dag' retrieved from /opt/airflow/dags/Weather_dag.py
[2024-02-10T06:12:08.431+0000] {logging_mixin.py:188} INFO - [2024-02-10T06:12:08.430+0000] {dag.py:3036} INFO - Sync 1 DAGs
[2024-02-10T06:12:08.463+0000] {logging_mixin.py:188} INFO - [2024-02-10T06:12:08.463+0000] {dag.py:3823} INFO - Setting next_dagrun for weather_dag to 2024-02-10 06:00:00+00:00, run_after=2024-02-10 06:30:00+00:00
[2024-02-10T06:12:08.492+0000] {processor.py:183} INFO - Processing /opt/airflow/dags/Weather_dag.py took 0.702 seconds
[2024-02-10T06:12:38.579+0000] {processor.py:161} INFO - Started process (PID=277) to work on /opt/airflow/dags/Weather_dag.py
[2024-02-10T06:12:38.581+0000] {processor.py:830} INFO - Processing file /opt/airflow/dags/Weather_dag.py for tasks to queue
[2024-02-10T06:12:38.585+0000] {logging_mixin.py:188} INFO - [2024-02-10T06:12:38.584+0000] {dagbag.py:538} INFO - Filling up the DagBag from /opt/airflow/dags/Weather_dag.py
[2024-02-10T06:12:39.102+0000] {processor.py:840} INFO - DAG(s) 'weather_dag' retrieved from /opt/airflow/dags/Weather_dag.py
[2024-02-10T06:12:39.122+0000] {logging_mixin.py:188} INFO - [2024-02-10T06:12:39.122+0000] {dag.py:3036} INFO - Sync 1 DAGs
[2024-02-10T06:12:39.152+0000] {logging_mixin.py:188} INFO - [2024-02-10T06:12:39.152+0000] {dag.py:3823} INFO - Setting next_dagrun for weather_dag to 2024-02-10 06:00:00+00:00, run_after=2024-02-10 06:30:00+00:00
[2024-02-10T06:12:39.178+0000] {processor.py:183} INFO - Processing /opt/airflow/dags/Weather_dag.py took 0.604 seconds
[2024-02-10T06:13:09.651+0000] {processor.py:161} INFO - Started process (PID=334) to work on /opt/airflow/dags/Weather_dag.py
[2024-02-10T06:13:09.652+0000] {processor.py:830} INFO - Processing file /opt/airflow/dags/Weather_dag.py for tasks to queue
[2024-02-10T06:13:09.655+0000] {logging_mixin.py:188} INFO - [2024-02-10T06:13:09.655+0000] {dagbag.py:538} INFO - Filling up the DagBag from /opt/airflow/dags/Weather_dag.py
[2024-02-10T06:13:10.200+0000] {processor.py:840} INFO - DAG(s) 'weather_dag' retrieved from /opt/airflow/dags/Weather_dag.py
[2024-02-10T06:13:10.226+0000] {logging_mixin.py:188} INFO - [2024-02-10T06:13:10.225+0000] {dag.py:3036} INFO - Sync 1 DAGs
[2024-02-10T06:13:10.257+0000] {logging_mixin.py:188} INFO - [2024-02-10T06:13:10.257+0000] {dag.py:3823} INFO - Setting next_dagrun for weather_dag to 2024-02-10 06:00:00+00:00, run_after=2024-02-10 06:30:00+00:00
[2024-02-10T06:13:10.279+0000] {processor.py:183} INFO - Processing /opt/airflow/dags/Weather_dag.py took 0.634 seconds
[2024-02-10T06:13:41.176+0000] {processor.py:161} INFO - Started process (PID=393) to work on /opt/airflow/dags/Weather_dag.py
[2024-02-10T06:13:41.178+0000] {processor.py:830} INFO - Processing file /opt/airflow/dags/Weather_dag.py for tasks to queue
[2024-02-10T06:13:41.183+0000] {logging_mixin.py:188} INFO - [2024-02-10T06:13:41.182+0000] {dagbag.py:538} INFO - Filling up the DagBag from /opt/airflow/dags/Weather_dag.py
[2024-02-10T06:13:41.811+0000] {processor.py:840} INFO - DAG(s) 'weather_dag' retrieved from /opt/airflow/dags/Weather_dag.py
[2024-02-10T06:13:41.839+0000] {logging_mixin.py:188} INFO - [2024-02-10T06:13:41.838+0000] {dag.py:3036} INFO - Sync 1 DAGs
[2024-02-10T06:13:41.869+0000] {logging_mixin.py:188} INFO - [2024-02-10T06:13:41.868+0000] {dag.py:3823} INFO - Setting next_dagrun for weather_dag to 2024-02-10 06:00:00+00:00, run_after=2024-02-10 06:30:00+00:00
[2024-02-10T06:13:41.891+0000] {processor.py:183} INFO - Processing /opt/airflow/dags/Weather_dag.py took 0.721 seconds
[2024-02-10T06:14:12.019+0000] {processor.py:161} INFO - Started process (PID=450) to work on /opt/airflow/dags/Weather_dag.py
[2024-02-10T06:14:12.021+0000] {processor.py:830} INFO - Processing file /opt/airflow/dags/Weather_dag.py for tasks to queue
[2024-02-10T06:14:12.025+0000] {logging_mixin.py:188} INFO - [2024-02-10T06:14:12.025+0000] {dagbag.py:538} INFO - Filling up the DagBag from /opt/airflow/dags/Weather_dag.py
[2024-02-10T06:14:13.016+0000] {processor.py:840} INFO - DAG(s) 'weather_dag' retrieved from /opt/airflow/dags/Weather_dag.py
[2024-02-10T06:14:13.058+0000] {logging_mixin.py:188} INFO - [2024-02-10T06:14:13.056+0000] {dag.py:3036} INFO - Sync 1 DAGs
[2024-02-10T06:14:13.123+0000] {logging_mixin.py:188} INFO - [2024-02-10T06:14:13.123+0000] {dag.py:3823} INFO - Setting next_dagrun for weather_dag to 2024-02-10 06:00:00+00:00, run_after=2024-02-10 06:30:00+00:00
[2024-02-10T06:14:13.179+0000] {processor.py:183} INFO - Processing /opt/airflow/dags/Weather_dag.py took 1.169 seconds
[2024-02-10T06:14:43.508+0000] {processor.py:161} INFO - Started process (PID=509) to work on /opt/airflow/dags/Weather_dag.py
[2024-02-10T06:14:43.510+0000] {processor.py:830} INFO - Processing file /opt/airflow/dags/Weather_dag.py for tasks to queue
[2024-02-10T06:14:43.513+0000] {logging_mixin.py:188} INFO - [2024-02-10T06:14:43.513+0000] {dagbag.py:538} INFO - Filling up the DagBag from /opt/airflow/dags/Weather_dag.py
[2024-02-10T06:14:44.148+0000] {processor.py:840} INFO - DAG(s) 'weather_dag' retrieved from /opt/airflow/dags/Weather_dag.py
[2024-02-10T06:14:44.175+0000] {logging_mixin.py:188} INFO - [2024-02-10T06:14:44.174+0000] {dag.py:3036} INFO - Sync 1 DAGs
[2024-02-10T06:14:44.216+0000] {logging_mixin.py:188} INFO - [2024-02-10T06:14:44.216+0000] {dag.py:3823} INFO - Setting next_dagrun for weather_dag to 2024-02-10 06:00:00+00:00, run_after=2024-02-10 06:30:00+00:00
[2024-02-10T06:14:44.242+0000] {processor.py:183} INFO - Processing /opt/airflow/dags/Weather_dag.py took 0.740 seconds
[2024-02-10T06:15:15.030+0000] {processor.py:161} INFO - Started process (PID=574) to work on /opt/airflow/dags/Weather_dag.py
[2024-02-10T06:15:15.033+0000] {processor.py:830} INFO - Processing file /opt/airflow/dags/Weather_dag.py for tasks to queue
[2024-02-10T06:15:15.037+0000] {logging_mixin.py:188} INFO - [2024-02-10T06:15:15.036+0000] {dagbag.py:538} INFO - Filling up the DagBag from /opt/airflow/dags/Weather_dag.py
[2024-02-10T06:15:15.727+0000] {processor.py:840} INFO - DAG(s) 'weather_dag' retrieved from /opt/airflow/dags/Weather_dag.py
[2024-02-10T06:15:15.761+0000] {logging_mixin.py:188} INFO - [2024-02-10T06:15:15.760+0000] {dag.py:3036} INFO - Sync 1 DAGs
[2024-02-10T06:15:15.798+0000] {logging_mixin.py:188} INFO - [2024-02-10T06:15:15.798+0000] {dag.py:3823} INFO - Setting next_dagrun for weather_dag to 2024-02-10 06:00:00+00:00, run_after=2024-02-10 06:30:00+00:00
[2024-02-10T06:15:15.835+0000] {processor.py:183} INFO - Processing /opt/airflow/dags/Weather_dag.py took 0.816 seconds
[2024-02-10T06:15:45.976+0000] {processor.py:161} INFO - Started process (PID=631) to work on /opt/airflow/dags/Weather_dag.py
[2024-02-10T06:15:45.981+0000] {processor.py:830} INFO - Processing file /opt/airflow/dags/Weather_dag.py for tasks to queue
[2024-02-10T06:15:45.987+0000] {logging_mixin.py:188} INFO - [2024-02-10T06:15:45.986+0000] {dagbag.py:538} INFO - Filling up the DagBag from /opt/airflow/dags/Weather_dag.py
[2024-02-10T06:15:46.744+0000] {processor.py:840} INFO - DAG(s) 'weather_dag' retrieved from /opt/airflow/dags/Weather_dag.py
[2024-02-10T06:15:46.776+0000] {logging_mixin.py:188} INFO - [2024-02-10T06:15:46.775+0000] {dag.py:3036} INFO - Sync 1 DAGs
[2024-02-10T06:15:46.813+0000] {logging_mixin.py:188} INFO - [2024-02-10T06:15:46.813+0000] {dag.py:3823} INFO - Setting next_dagrun for weather_dag to 2024-02-10 06:00:00+00:00, run_after=2024-02-10 06:30:00+00:00
[2024-02-10T06:15:46.851+0000] {processor.py:183} INFO - Processing /opt/airflow/dags/Weather_dag.py took 0.886 seconds
[2024-02-10T06:18:19.780+0000] {processor.py:161} INFO - Started process (PID=40) to work on /opt/airflow/dags/Weather_dag.py
[2024-02-10T06:18:19.782+0000] {processor.py:830} INFO - Processing file /opt/airflow/dags/Weather_dag.py for tasks to queue
[2024-02-10T06:18:19.789+0000] {logging_mixin.py:188} INFO - [2024-02-10T06:18:19.789+0000] {dagbag.py:538} INFO - Filling up the DagBag from /opt/airflow/dags/Weather_dag.py
[2024-02-10T06:18:21.878+0000] {processor.py:840} INFO - DAG(s) 'weather_dag' retrieved from /opt/airflow/dags/Weather_dag.py
[2024-02-10T06:18:22.270+0000] {logging_mixin.py:188} INFO - [2024-02-10T06:18:22.269+0000] {dag.py:3036} INFO - Sync 1 DAGs
[2024-02-10T06:18:22.350+0000] {logging_mixin.py:188} INFO - [2024-02-10T06:18:22.346+0000] {dag.py:3823} INFO - Setting next_dagrun for weather_dag to 2024-02-10 06:00:00+00:00, run_after=2024-02-10 06:30:00+00:00
[2024-02-10T06:18:22.523+0000] {processor.py:183} INFO - Processing /opt/airflow/dags/Weather_dag.py took 2.750 seconds
[2024-02-10T06:18:53.151+0000] {processor.py:161} INFO - Started process (PID=99) to work on /opt/airflow/dags/Weather_dag.py
[2024-02-10T06:18:53.153+0000] {processor.py:830} INFO - Processing file /opt/airflow/dags/Weather_dag.py for tasks to queue
[2024-02-10T06:18:53.157+0000] {logging_mixin.py:188} INFO - [2024-02-10T06:18:53.157+0000] {dagbag.py:538} INFO - Filling up the DagBag from /opt/airflow/dags/Weather_dag.py
[2024-02-10T06:18:53.929+0000] {processor.py:840} INFO - DAG(s) 'weather_dag' retrieved from /opt/airflow/dags/Weather_dag.py
[2024-02-10T06:18:53.958+0000] {logging_mixin.py:188} INFO - [2024-02-10T06:18:53.957+0000] {dag.py:3036} INFO - Sync 1 DAGs
[2024-02-10T06:18:53.996+0000] {logging_mixin.py:188} INFO - [2024-02-10T06:18:53.995+0000] {dag.py:3823} INFO - Setting next_dagrun for weather_dag to 2024-02-10 06:00:00+00:00, run_after=2024-02-10 06:30:00+00:00
[2024-02-10T06:18:54.037+0000] {processor.py:183} INFO - Processing /opt/airflow/dags/Weather_dag.py took 0.897 seconds
[2024-02-10T06:19:24.873+0000] {processor.py:161} INFO - Started process (PID=157) to work on /opt/airflow/dags/Weather_dag.py
[2024-02-10T06:19:24.880+0000] {processor.py:830} INFO - Processing file /opt/airflow/dags/Weather_dag.py for tasks to queue
[2024-02-10T06:19:24.883+0000] {logging_mixin.py:188} INFO - [2024-02-10T06:19:24.882+0000] {dagbag.py:538} INFO - Filling up the DagBag from /opt/airflow/dags/Weather_dag.py
[2024-02-10T06:19:25.976+0000] {processor.py:840} INFO - DAG(s) 'weather_dag' retrieved from /opt/airflow/dags/Weather_dag.py
[2024-02-10T06:19:26.022+0000] {logging_mixin.py:188} INFO - [2024-02-10T06:19:26.021+0000] {dag.py:3036} INFO - Sync 1 DAGs
[2024-02-10T06:19:26.130+0000] {logging_mixin.py:188} INFO - [2024-02-10T06:19:26.129+0000] {dag.py:3823} INFO - Setting next_dagrun for weather_dag to 2024-02-10 06:00:00+00:00, run_after=2024-02-10 06:30:00+00:00
[2024-02-10T06:19:26.169+0000] {processor.py:183} INFO - Processing /opt/airflow/dags/Weather_dag.py took 1.303 seconds
[2024-02-10T06:19:56.790+0000] {processor.py:161} INFO - Started process (PID=217) to work on /opt/airflow/dags/Weather_dag.py
[2024-02-10T06:19:56.792+0000] {processor.py:830} INFO - Processing file /opt/airflow/dags/Weather_dag.py for tasks to queue
[2024-02-10T06:19:56.797+0000] {logging_mixin.py:188} INFO - [2024-02-10T06:19:56.797+0000] {dagbag.py:538} INFO - Filling up the DagBag from /opt/airflow/dags/Weather_dag.py
[2024-02-10T06:19:58.800+0000] {processor.py:840} INFO - DAG(s) 'weather_dag' retrieved from /opt/airflow/dags/Weather_dag.py
[2024-02-10T06:19:58.873+0000] {logging_mixin.py:188} INFO - [2024-02-10T06:19:58.872+0000] {dag.py:3036} INFO - Sync 1 DAGs
[2024-02-10T06:19:59.003+0000] {logging_mixin.py:188} INFO - [2024-02-10T06:19:59.000+0000] {dag.py:3823} INFO - Setting next_dagrun for weather_dag to 2024-02-10 06:00:00+00:00, run_after=2024-02-10 06:30:00+00:00
[2024-02-10T06:19:59.111+0000] {processor.py:183} INFO - Processing /opt/airflow/dags/Weather_dag.py took 2.327 seconds
[2024-02-10T06:20:29.352+0000] {processor.py:161} INFO - Started process (PID=274) to work on /opt/airflow/dags/Weather_dag.py
[2024-02-10T06:20:29.356+0000] {processor.py:830} INFO - Processing file /opt/airflow/dags/Weather_dag.py for tasks to queue
[2024-02-10T06:20:29.363+0000] {logging_mixin.py:188} INFO - [2024-02-10T06:20:29.362+0000] {dagbag.py:538} INFO - Filling up the DagBag from /opt/airflow/dags/Weather_dag.py
[2024-02-10T06:20:33.860+0000] {processor.py:840} INFO - DAG(s) 'weather_dag' retrieved from /opt/airflow/dags/Weather_dag.py
[2024-02-10T06:20:34.036+0000] {logging_mixin.py:188} INFO - [2024-02-10T06:20:34.033+0000] {dag.py:3036} INFO - Sync 1 DAGs
[2024-02-10T06:20:34.477+0000] {logging_mixin.py:188} INFO - [2024-02-10T06:20:34.473+0000] {dag.py:3823} INFO - Setting next_dagrun for weather_dag to 2024-02-10 06:00:00+00:00, run_after=2024-02-10 06:30:00+00:00
[2024-02-10T06:20:34.738+0000] {processor.py:183} INFO - Processing /opt/airflow/dags/Weather_dag.py took 5.391 seconds
[2024-02-10T06:21:04.914+0000] {processor.py:161} INFO - Started process (PID=333) to work on /opt/airflow/dags/Weather_dag.py
[2024-02-10T06:21:04.915+0000] {processor.py:830} INFO - Processing file /opt/airflow/dags/Weather_dag.py for tasks to queue
[2024-02-10T06:21:04.919+0000] {logging_mixin.py:188} INFO - [2024-02-10T06:21:04.918+0000] {dagbag.py:538} INFO - Filling up the DagBag from /opt/airflow/dags/Weather_dag.py
[2024-02-10T06:21:06.123+0000] {processor.py:840} INFO - DAG(s) 'weather_dag' retrieved from /opt/airflow/dags/Weather_dag.py
[2024-02-10T06:21:06.156+0000] {logging_mixin.py:188} INFO - [2024-02-10T06:21:06.155+0000] {dag.py:3036} INFO - Sync 1 DAGs
[2024-02-10T06:21:06.204+0000] {logging_mixin.py:188} INFO - [2024-02-10T06:21:06.204+0000] {dag.py:3823} INFO - Setting next_dagrun for weather_dag to 2024-02-10 06:00:00+00:00, run_after=2024-02-10 06:30:00+00:00
[2024-02-10T06:21:06.238+0000] {processor.py:183} INFO - Processing /opt/airflow/dags/Weather_dag.py took 1.332 seconds
[2024-02-10T06:21:36.362+0000] {processor.py:161} INFO - Started process (PID=391) to work on /opt/airflow/dags/Weather_dag.py
[2024-02-10T06:21:36.364+0000] {processor.py:830} INFO - Processing file /opt/airflow/dags/Weather_dag.py for tasks to queue
[2024-02-10T06:21:36.367+0000] {logging_mixin.py:188} INFO - [2024-02-10T06:21:36.366+0000] {dagbag.py:538} INFO - Filling up the DagBag from /opt/airflow/dags/Weather_dag.py
[2024-02-10T06:21:37.089+0000] {processor.py:840} INFO - DAG(s) 'weather_dag' retrieved from /opt/airflow/dags/Weather_dag.py
[2024-02-10T06:21:37.123+0000] {logging_mixin.py:188} INFO - [2024-02-10T06:21:37.122+0000] {dag.py:3036} INFO - Sync 1 DAGs
[2024-02-10T06:21:37.165+0000] {logging_mixin.py:188} INFO - [2024-02-10T06:21:37.165+0000] {dag.py:3823} INFO - Setting next_dagrun for weather_dag to 2024-02-10 06:00:00+00:00, run_after=2024-02-10 06:30:00+00:00
[2024-02-10T06:21:37.206+0000] {processor.py:183} INFO - Processing /opt/airflow/dags/Weather_dag.py took 0.850 seconds
[2024-02-10T06:42:59.292+0000] {processor.py:161} INFO - Started process (PID=34) to work on /opt/airflow/dags/Weather_dag.py
[2024-02-10T06:42:59.302+0000] {processor.py:830} INFO - Processing file /opt/airflow/dags/Weather_dag.py for tasks to queue
[2024-02-10T06:42:59.309+0000] {logging_mixin.py:188} INFO - [2024-02-10T06:42:59.308+0000] {dagbag.py:538} INFO - Filling up the DagBag from /opt/airflow/dags/Weather_dag.py
[2024-02-10T06:43:00.165+0000] {processor.py:840} INFO - DAG(s) 'weather_dag' retrieved from /opt/airflow/dags/Weather_dag.py
[2024-02-10T06:43:00.393+0000] {logging_mixin.py:188} INFO - [2024-02-10T06:43:00.391+0000] {dag.py:3036} INFO - Sync 1 DAGs
[2024-02-10T06:43:00.455+0000] {logging_mixin.py:188} INFO - [2024-02-10T06:43:00.455+0000] {dag.py:3823} INFO - Setting next_dagrun for weather_dag to 2024-02-10 06:00:00+00:00, run_after=2024-02-10 06:30:00+00:00
[2024-02-10T06:43:00.500+0000] {processor.py:183} INFO - Processing /opt/airflow/dags/Weather_dag.py took 1.218 seconds
[2024-02-10T06:43:30.802+0000] {processor.py:161} INFO - Started process (PID=99) to work on /opt/airflow/dags/Weather_dag.py
[2024-02-10T06:43:30.803+0000] {processor.py:830} INFO - Processing file /opt/airflow/dags/Weather_dag.py for tasks to queue
[2024-02-10T06:43:30.806+0000] {logging_mixin.py:188} INFO - [2024-02-10T06:43:30.806+0000] {dagbag.py:538} INFO - Filling up the DagBag from /opt/airflow/dags/Weather_dag.py
[2024-02-10T06:43:31.421+0000] {processor.py:840} INFO - DAG(s) 'weather_dag' retrieved from /opt/airflow/dags/Weather_dag.py
[2024-02-10T06:43:31.449+0000] {logging_mixin.py:188} INFO - [2024-02-10T06:43:31.448+0000] {dag.py:3036} INFO - Sync 1 DAGs
[2024-02-10T06:43:31.485+0000] {logging_mixin.py:188} INFO - [2024-02-10T06:43:31.484+0000] {dag.py:3823} INFO - Setting next_dagrun for weather_dag to 2024-02-10 06:30:00+00:00, run_after=2024-02-10 07:00:00+00:00
[2024-02-10T06:43:31.521+0000] {processor.py:183} INFO - Processing /opt/airflow/dags/Weather_dag.py took 0.724 seconds
[2024-02-10T09:24:22.159+0000] {processor.py:161} INFO - Started process (PID=41) to work on /opt/airflow/dags/Weather_dag.py
[2024-02-10T09:24:22.162+0000] {processor.py:830} INFO - Processing file /opt/airflow/dags/Weather_dag.py for tasks to queue
[2024-02-10T09:24:22.167+0000] {logging_mixin.py:188} INFO - [2024-02-10T09:24:22.166+0000] {dagbag.py:538} INFO - Filling up the DagBag from /opt/airflow/dags/Weather_dag.py
[2024-02-10T09:24:30.588+0000] {logging_mixin.py:188} INFO - [2024-02-10T09:24:30.583+0000] {dagbag.py:348} ERROR - Failed to import: /opt/airflow/dags/Weather_dag.py
Traceback (most recent call last):
  File "/home/airflow/.local/lib/python3.8/site-packages/airflow/models/dagbag.py", line 344, in parse
    loader.exec_module(new_module)
  File "<frozen importlib._bootstrap_external>", line 843, in exec_module
  File "<frozen importlib._bootstrap>", line 219, in _call_with_frames_removed
  File "/opt/airflow/dags/Weather_dag.py", line 12, in <module>
    import s3fs
ModuleNotFoundError: No module named 's3fs'
[2024-02-10T09:24:30.590+0000] {processor.py:842} WARNING - No viable dags retrieved from /opt/airflow/dags/Weather_dag.py
[2024-02-10T09:24:30.631+0000] {processor.py:183} INFO - Processing /opt/airflow/dags/Weather_dag.py took 8.483 seconds
[2024-02-10T09:25:00.862+0000] {processor.py:161} INFO - Started process (PID=107) to work on /opt/airflow/dags/Weather_dag.py
[2024-02-10T09:25:00.867+0000] {processor.py:830} INFO - Processing file /opt/airflow/dags/Weather_dag.py for tasks to queue
[2024-02-10T09:25:00.880+0000] {logging_mixin.py:188} INFO - [2024-02-10T09:25:00.878+0000] {dagbag.py:538} INFO - Filling up the DagBag from /opt/airflow/dags/Weather_dag.py
[2024-02-10T09:25:04.441+0000] {logging_mixin.py:188} INFO - [2024-02-10T09:25:04.420+0000] {dagbag.py:348} ERROR - Failed to import: /opt/airflow/dags/Weather_dag.py
Traceback (most recent call last):
  File "/home/airflow/.local/lib/python3.8/site-packages/airflow/models/dagbag.py", line 344, in parse
    loader.exec_module(new_module)
  File "<frozen importlib._bootstrap_external>", line 843, in exec_module
  File "<frozen importlib._bootstrap>", line 219, in _call_with_frames_removed
  File "/opt/airflow/dags/Weather_dag.py", line 12, in <module>
    import s3fs
ModuleNotFoundError: No module named 's3fs'
[2024-02-10T09:25:04.449+0000] {processor.py:842} WARNING - No viable dags retrieved from /opt/airflow/dags/Weather_dag.py
[2024-02-10T09:25:04.592+0000] {processor.py:183} INFO - Processing /opt/airflow/dags/Weather_dag.py took 3.760 seconds
[2024-02-10T09:25:35.030+0000] {processor.py:161} INFO - Started process (PID=168) to work on /opt/airflow/dags/Weather_dag.py
[2024-02-10T09:25:35.031+0000] {processor.py:830} INFO - Processing file /opt/airflow/dags/Weather_dag.py for tasks to queue
[2024-02-10T09:25:35.045+0000] {logging_mixin.py:188} INFO - [2024-02-10T09:25:35.043+0000] {dagbag.py:538} INFO - Filling up the DagBag from /opt/airflow/dags/Weather_dag.py
[2024-02-10T09:25:36.797+0000] {logging_mixin.py:188} INFO - [2024-02-10T09:25:36.780+0000] {dagbag.py:348} ERROR - Failed to import: /opt/airflow/dags/Weather_dag.py
Traceback (most recent call last):
  File "/home/airflow/.local/lib/python3.8/site-packages/airflow/models/dagbag.py", line 344, in parse
    loader.exec_module(new_module)
  File "<frozen importlib._bootstrap_external>", line 843, in exec_module
  File "<frozen importlib._bootstrap>", line 219, in _call_with_frames_removed
  File "/opt/airflow/dags/Weather_dag.py", line 12, in <module>
    import s3fs
ModuleNotFoundError: No module named 's3fs'
[2024-02-10T09:25:36.799+0000] {processor.py:842} WARNING - No viable dags retrieved from /opt/airflow/dags/Weather_dag.py
[2024-02-10T09:25:36.861+0000] {processor.py:183} INFO - Processing /opt/airflow/dags/Weather_dag.py took 1.846 seconds
[2024-02-10T09:26:07.009+0000] {processor.py:161} INFO - Started process (PID=226) to work on /opt/airflow/dags/Weather_dag.py
[2024-02-10T09:26:07.011+0000] {processor.py:830} INFO - Processing file /opt/airflow/dags/Weather_dag.py for tasks to queue
[2024-02-10T09:26:07.016+0000] {logging_mixin.py:188} INFO - [2024-02-10T09:26:07.015+0000] {dagbag.py:538} INFO - Filling up the DagBag from /opt/airflow/dags/Weather_dag.py
[2024-02-10T09:26:07.847+0000] {logging_mixin.py:188} INFO - [2024-02-10T09:26:07.841+0000] {dagbag.py:348} ERROR - Failed to import: /opt/airflow/dags/Weather_dag.py
Traceback (most recent call last):
  File "/home/airflow/.local/lib/python3.8/site-packages/airflow/models/dagbag.py", line 344, in parse
    loader.exec_module(new_module)
  File "<frozen importlib._bootstrap_external>", line 843, in exec_module
  File "<frozen importlib._bootstrap>", line 219, in _call_with_frames_removed
  File "/opt/airflow/dags/Weather_dag.py", line 12, in <module>
    import s3fs
ModuleNotFoundError: No module named 's3fs'
[2024-02-10T09:26:07.850+0000] {processor.py:842} WARNING - No viable dags retrieved from /opt/airflow/dags/Weather_dag.py
[2024-02-10T09:26:07.887+0000] {processor.py:183} INFO - Processing /opt/airflow/dags/Weather_dag.py took 0.884 seconds
[2024-02-10T09:26:38.166+0000] {processor.py:161} INFO - Started process (PID=283) to work on /opt/airflow/dags/Weather_dag.py
[2024-02-10T09:26:38.169+0000] {processor.py:830} INFO - Processing file /opt/airflow/dags/Weather_dag.py for tasks to queue
[2024-02-10T09:26:38.186+0000] {logging_mixin.py:188} INFO - [2024-02-10T09:26:38.185+0000] {dagbag.py:538} INFO - Filling up the DagBag from /opt/airflow/dags/Weather_dag.py
[2024-02-10T09:26:40.442+0000] {logging_mixin.py:188} INFO - [2024-02-10T09:26:40.305+0000] {dagbag.py:348} ERROR - Failed to import: /opt/airflow/dags/Weather_dag.py
Traceback (most recent call last):
  File "/home/airflow/.local/lib/python3.8/site-packages/airflow/models/dagbag.py", line 344, in parse
    loader.exec_module(new_module)
  File "<frozen importlib._bootstrap_external>", line 843, in exec_module
  File "<frozen importlib._bootstrap>", line 219, in _call_with_frames_removed
  File "/opt/airflow/dags/Weather_dag.py", line 12, in <module>
    import s3fs
ModuleNotFoundError: No module named 's3fs'
[2024-02-10T09:26:40.449+0000] {processor.py:842} WARNING - No viable dags retrieved from /opt/airflow/dags/Weather_dag.py
[2024-02-10T09:26:40.513+0000] {processor.py:183} INFO - Processing /opt/airflow/dags/Weather_dag.py took 2.366 seconds
[2024-02-10T09:26:57.065+0000] {processor.py:161} INFO - Started process (PID=318) to work on /opt/airflow/dags/Weather_dag.py
[2024-02-10T09:26:57.066+0000] {processor.py:830} INFO - Processing file /opt/airflow/dags/Weather_dag.py for tasks to queue
[2024-02-10T09:26:57.070+0000] {logging_mixin.py:188} INFO - [2024-02-10T09:26:57.069+0000] {dagbag.py:538} INFO - Filling up the DagBag from /opt/airflow/dags/Weather_dag.py
[2024-02-10T09:26:57.771+0000] {processor.py:840} INFO - DAG(s) 'weather_dag' retrieved from /opt/airflow/dags/Weather_dag.py
[2024-02-10T09:26:57.959+0000] {logging_mixin.py:188} INFO - [2024-02-10T09:26:57.958+0000] {override.py:1769} INFO - Created Permission View: can read on DAG:weather_dag
[2024-02-10T09:26:57.978+0000] {logging_mixin.py:188} INFO - [2024-02-10T09:26:57.977+0000] {override.py:1769} INFO - Created Permission View: can delete on DAG:weather_dag
[2024-02-10T09:26:57.990+0000] {logging_mixin.py:188} INFO - [2024-02-10T09:26:57.990+0000] {override.py:1769} INFO - Created Permission View: can edit on DAG:weather_dag
[2024-02-10T09:26:57.992+0000] {logging_mixin.py:188} INFO - [2024-02-10T09:26:57.991+0000] {dag.py:3036} INFO - Sync 1 DAGs
[2024-02-10T09:26:58.008+0000] {logging_mixin.py:188} INFO - [2024-02-10T09:26:58.007+0000] {dag.py:3058} INFO - Creating ORM DAG for weather_dag
[2024-02-10T09:26:58.026+0000] {logging_mixin.py:188} INFO - [2024-02-10T09:26:58.026+0000] {dag.py:3823} INFO - Setting next_dagrun for weather_dag to 2024-02-10 08:30:00+00:00, run_after=2024-02-10 09:00:00+00:00
[2024-02-10T09:26:58.054+0000] {processor.py:183} INFO - Processing /opt/airflow/dags/Weather_dag.py took 0.995 seconds
[2024-02-10T09:27:28.860+0000] {processor.py:161} INFO - Started process (PID=380) to work on /opt/airflow/dags/Weather_dag.py
[2024-02-10T09:27:28.862+0000] {processor.py:830} INFO - Processing file /opt/airflow/dags/Weather_dag.py for tasks to queue
[2024-02-10T09:27:28.865+0000] {logging_mixin.py:188} INFO - [2024-02-10T09:27:28.865+0000] {dagbag.py:538} INFO - Filling up the DagBag from /opt/airflow/dags/Weather_dag.py
[2024-02-10T09:27:29.767+0000] {processor.py:840} INFO - DAG(s) 'weather_dag' retrieved from /opt/airflow/dags/Weather_dag.py
[2024-02-10T09:27:29.800+0000] {logging_mixin.py:188} INFO - [2024-02-10T09:27:29.799+0000] {dag.py:3036} INFO - Sync 1 DAGs
[2024-02-10T09:27:29.827+0000] {logging_mixin.py:188} INFO - [2024-02-10T09:27:29.826+0000] {dag.py:3823} INFO - Setting next_dagrun for weather_dag to 2024-02-10 08:30:00+00:00, run_after=2024-02-10 09:00:00+00:00
[2024-02-10T09:27:29.860+0000] {processor.py:183} INFO - Processing /opt/airflow/dags/Weather_dag.py took 1.007 seconds
[2024-02-10T09:27:40.674+0000] {processor.py:161} INFO - Started process (PID=400) to work on /opt/airflow/dags/Weather_dag.py
[2024-02-10T09:27:40.676+0000] {processor.py:830} INFO - Processing file /opt/airflow/dags/Weather_dag.py for tasks to queue
[2024-02-10T09:27:40.679+0000] {logging_mixin.py:188} INFO - [2024-02-10T09:27:40.678+0000] {dagbag.py:538} INFO - Filling up the DagBag from /opt/airflow/dags/Weather_dag.py
[2024-02-10T09:27:41.373+0000] {processor.py:840} INFO - DAG(s) 'weather_dag' retrieved from /opt/airflow/dags/Weather_dag.py
[2024-02-10T09:27:41.405+0000] {logging_mixin.py:188} INFO - [2024-02-10T09:27:41.405+0000] {dag.py:3036} INFO - Sync 1 DAGs
[2024-02-10T09:27:41.439+0000] {logging_mixin.py:188} INFO - [2024-02-10T09:27:41.438+0000] {dag.py:3823} INFO - Setting next_dagrun for weather_dag to 2024-02-10 08:30:00+00:00, run_after=2024-02-10 09:00:00+00:00
[2024-02-10T09:27:41.469+0000] {processor.py:183} INFO - Processing /opt/airflow/dags/Weather_dag.py took 0.800 seconds
[2024-02-10T09:28:11.761+0000] {processor.py:161} INFO - Started process (PID=457) to work on /opt/airflow/dags/Weather_dag.py
[2024-02-10T09:28:11.764+0000] {processor.py:830} INFO - Processing file /opt/airflow/dags/Weather_dag.py for tasks to queue
[2024-02-10T09:28:11.770+0000] {logging_mixin.py:188} INFO - [2024-02-10T09:28:11.769+0000] {dagbag.py:538} INFO - Filling up the DagBag from /opt/airflow/dags/Weather_dag.py
[2024-02-10T09:28:12.498+0000] {processor.py:840} INFO - DAG(s) 'weather_dag' retrieved from /opt/airflow/dags/Weather_dag.py
[2024-02-10T09:28:12.521+0000] {logging_mixin.py:188} INFO - [2024-02-10T09:28:12.520+0000] {dag.py:3036} INFO - Sync 1 DAGs
[2024-02-10T09:28:12.549+0000] {logging_mixin.py:188} INFO - [2024-02-10T09:28:12.549+0000] {dag.py:3823} INFO - Setting next_dagrun for weather_dag to 2024-02-10 08:30:00+00:00, run_after=2024-02-10 09:00:00+00:00
[2024-02-10T09:28:12.575+0000] {processor.py:183} INFO - Processing /opt/airflow/dags/Weather_dag.py took 0.825 seconds
[2024-02-10T09:28:43.453+0000] {processor.py:161} INFO - Started process (PID=517) to work on /opt/airflow/dags/Weather_dag.py
[2024-02-10T09:28:43.455+0000] {processor.py:830} INFO - Processing file /opt/airflow/dags/Weather_dag.py for tasks to queue
[2024-02-10T09:28:43.459+0000] {logging_mixin.py:188} INFO - [2024-02-10T09:28:43.459+0000] {dagbag.py:538} INFO - Filling up the DagBag from /opt/airflow/dags/Weather_dag.py
[2024-02-10T09:28:43.997+0000] {processor.py:840} INFO - DAG(s) 'weather_dag' retrieved from /opt/airflow/dags/Weather_dag.py
[2024-02-10T09:28:44.021+0000] {logging_mixin.py:188} INFO - [2024-02-10T09:28:44.021+0000] {dag.py:3036} INFO - Sync 1 DAGs
[2024-02-10T09:28:44.051+0000] {logging_mixin.py:188} INFO - [2024-02-10T09:28:44.051+0000] {dag.py:3823} INFO - Setting next_dagrun for weather_dag to 2024-02-10 08:30:00+00:00, run_after=2024-02-10 09:00:00+00:00
[2024-02-10T09:28:44.080+0000] {processor.py:183} INFO - Processing /opt/airflow/dags/Weather_dag.py took 0.636 seconds
[2024-02-10T09:29:14.256+0000] {processor.py:161} INFO - Started process (PID=574) to work on /opt/airflow/dags/Weather_dag.py
[2024-02-10T09:29:14.258+0000] {processor.py:830} INFO - Processing file /opt/airflow/dags/Weather_dag.py for tasks to queue
[2024-02-10T09:29:14.261+0000] {logging_mixin.py:188} INFO - [2024-02-10T09:29:14.261+0000] {dagbag.py:538} INFO - Filling up the DagBag from /opt/airflow/dags/Weather_dag.py
[2024-02-10T09:29:14.826+0000] {processor.py:840} INFO - DAG(s) 'weather_dag' retrieved from /opt/airflow/dags/Weather_dag.py
[2024-02-10T09:29:14.852+0000] {logging_mixin.py:188} INFO - [2024-02-10T09:29:14.851+0000] {dag.py:3036} INFO - Sync 1 DAGs
[2024-02-10T09:29:14.886+0000] {logging_mixin.py:188} INFO - [2024-02-10T09:29:14.885+0000] {dag.py:3823} INFO - Setting next_dagrun for weather_dag to 2024-02-10 08:30:00+00:00, run_after=2024-02-10 09:00:00+00:00
[2024-02-10T09:29:14.918+0000] {processor.py:183} INFO - Processing /opt/airflow/dags/Weather_dag.py took 0.667 seconds
[2024-02-10T09:29:45.561+0000] {processor.py:161} INFO - Started process (PID=631) to work on /opt/airflow/dags/Weather_dag.py
[2024-02-10T09:29:45.563+0000] {processor.py:830} INFO - Processing file /opt/airflow/dags/Weather_dag.py for tasks to queue
[2024-02-10T09:29:45.565+0000] {logging_mixin.py:188} INFO - [2024-02-10T09:29:45.565+0000] {dagbag.py:538} INFO - Filling up the DagBag from /opt/airflow/dags/Weather_dag.py
[2024-02-10T09:29:46.300+0000] {processor.py:840} INFO - DAG(s) 'weather_dag' retrieved from /opt/airflow/dags/Weather_dag.py
[2024-02-10T09:29:46.327+0000] {logging_mixin.py:188} INFO - [2024-02-10T09:29:46.325+0000] {dag.py:3036} INFO - Sync 1 DAGs
[2024-02-10T09:29:46.356+0000] {logging_mixin.py:188} INFO - [2024-02-10T09:29:46.356+0000] {dag.py:3823} INFO - Setting next_dagrun for weather_dag to 2024-02-10 08:30:00+00:00, run_after=2024-02-10 09:00:00+00:00
[2024-02-10T09:29:46.385+0000] {processor.py:183} INFO - Processing /opt/airflow/dags/Weather_dag.py took 0.832 seconds
[2024-02-10T09:30:17.301+0000] {processor.py:161} INFO - Started process (PID=691) to work on /opt/airflow/dags/Weather_dag.py
[2024-02-10T09:30:17.303+0000] {processor.py:830} INFO - Processing file /opt/airflow/dags/Weather_dag.py for tasks to queue
[2024-02-10T09:30:17.309+0000] {logging_mixin.py:188} INFO - [2024-02-10T09:30:17.309+0000] {dagbag.py:538} INFO - Filling up the DagBag from /opt/airflow/dags/Weather_dag.py
[2024-02-10T09:30:18.015+0000] {processor.py:840} INFO - DAG(s) 'weather_dag' retrieved from /opt/airflow/dags/Weather_dag.py
[2024-02-10T09:30:18.038+0000] {logging_mixin.py:188} INFO - [2024-02-10T09:30:18.037+0000] {dag.py:3036} INFO - Sync 1 DAGs
[2024-02-10T09:30:18.067+0000] {logging_mixin.py:188} INFO - [2024-02-10T09:30:18.067+0000] {dag.py:3823} INFO - Setting next_dagrun for weather_dag to 2024-02-10 09:00:00+00:00, run_after=2024-02-10 09:30:00+00:00
[2024-02-10T09:30:18.103+0000] {processor.py:183} INFO - Processing /opt/airflow/dags/Weather_dag.py took 0.813 seconds
[2024-02-10T09:30:48.260+0000] {processor.py:161} INFO - Started process (PID=752) to work on /opt/airflow/dags/Weather_dag.py
[2024-02-10T09:30:48.262+0000] {processor.py:830} INFO - Processing file /opt/airflow/dags/Weather_dag.py for tasks to queue
[2024-02-10T09:30:48.265+0000] {logging_mixin.py:188} INFO - [2024-02-10T09:30:48.264+0000] {dagbag.py:538} INFO - Filling up the DagBag from /opt/airflow/dags/Weather_dag.py
[2024-02-10T09:30:48.849+0000] {processor.py:840} INFO - DAG(s) 'weather_dag' retrieved from /opt/airflow/dags/Weather_dag.py
[2024-02-10T09:30:48.873+0000] {logging_mixin.py:188} INFO - [2024-02-10T09:30:48.872+0000] {dag.py:3036} INFO - Sync 1 DAGs
[2024-02-10T09:30:48.900+0000] {logging_mixin.py:188} INFO - [2024-02-10T09:30:48.900+0000] {dag.py:3823} INFO - Setting next_dagrun for weather_dag to 2024-02-10 09:00:00+00:00, run_after=2024-02-10 09:30:00+00:00
[2024-02-10T09:30:48.932+0000] {processor.py:183} INFO - Processing /opt/airflow/dags/Weather_dag.py took 0.678 seconds
[2024-02-10T09:31:19.479+0000] {processor.py:161} INFO - Started process (PID=809) to work on /opt/airflow/dags/Weather_dag.py
[2024-02-10T09:31:19.481+0000] {processor.py:830} INFO - Processing file /opt/airflow/dags/Weather_dag.py for tasks to queue
[2024-02-10T09:31:19.485+0000] {logging_mixin.py:188} INFO - [2024-02-10T09:31:19.484+0000] {dagbag.py:538} INFO - Filling up the DagBag from /opt/airflow/dags/Weather_dag.py
[2024-02-10T09:31:20.230+0000] {processor.py:840} INFO - DAG(s) 'weather_dag' retrieved from /opt/airflow/dags/Weather_dag.py
[2024-02-10T09:31:20.259+0000] {logging_mixin.py:188} INFO - [2024-02-10T09:31:20.258+0000] {dag.py:3036} INFO - Sync 1 DAGs
[2024-02-10T09:31:20.299+0000] {logging_mixin.py:188} INFO - [2024-02-10T09:31:20.299+0000] {dag.py:3823} INFO - Setting next_dagrun for weather_dag to 2024-02-10 09:00:00+00:00, run_after=2024-02-10 09:30:00+00:00
[2024-02-10T09:31:20.332+0000] {processor.py:183} INFO - Processing /opt/airflow/dags/Weather_dag.py took 0.861 seconds
[2024-02-10T09:31:50.471+0000] {processor.py:161} INFO - Started process (PID=866) to work on /opt/airflow/dags/Weather_dag.py
[2024-02-10T09:31:50.474+0000] {processor.py:830} INFO - Processing file /opt/airflow/dags/Weather_dag.py for tasks to queue
[2024-02-10T09:31:50.480+0000] {logging_mixin.py:188} INFO - [2024-02-10T09:31:50.480+0000] {dagbag.py:538} INFO - Filling up the DagBag from /opt/airflow/dags/Weather_dag.py
[2024-02-10T09:31:51.169+0000] {processor.py:840} INFO - DAG(s) 'weather_dag' retrieved from /opt/airflow/dags/Weather_dag.py
[2024-02-10T09:31:51.196+0000] {logging_mixin.py:188} INFO - [2024-02-10T09:31:51.196+0000] {dag.py:3036} INFO - Sync 1 DAGs
[2024-02-10T09:31:51.231+0000] {logging_mixin.py:188} INFO - [2024-02-10T09:31:51.231+0000] {dag.py:3823} INFO - Setting next_dagrun for weather_dag to 2024-02-10 09:00:00+00:00, run_after=2024-02-10 09:30:00+00:00
[2024-02-10T09:31:51.263+0000] {processor.py:183} INFO - Processing /opt/airflow/dags/Weather_dag.py took 0.801 seconds
[2024-02-10T09:32:22.119+0000] {processor.py:161} INFO - Started process (PID=925) to work on /opt/airflow/dags/Weather_dag.py
[2024-02-10T09:32:22.121+0000] {processor.py:830} INFO - Processing file /opt/airflow/dags/Weather_dag.py for tasks to queue
[2024-02-10T09:32:22.125+0000] {logging_mixin.py:188} INFO - [2024-02-10T09:32:22.125+0000] {dagbag.py:538} INFO - Filling up the DagBag from /opt/airflow/dags/Weather_dag.py
[2024-02-10T09:32:22.748+0000] {processor.py:840} INFO - DAG(s) 'weather_dag' retrieved from /opt/airflow/dags/Weather_dag.py
[2024-02-10T09:32:22.770+0000] {logging_mixin.py:188} INFO - [2024-02-10T09:32:22.770+0000] {dag.py:3036} INFO - Sync 1 DAGs
[2024-02-10T09:32:22.800+0000] {logging_mixin.py:188} INFO - [2024-02-10T09:32:22.800+0000] {dag.py:3823} INFO - Setting next_dagrun for weather_dag to 2024-02-10 09:00:00+00:00, run_after=2024-02-10 09:30:00+00:00
[2024-02-10T09:32:22.849+0000] {processor.py:183} INFO - Processing /opt/airflow/dags/Weather_dag.py took 0.738 seconds
[2024-02-10T09:32:53.603+0000] {processor.py:161} INFO - Started process (PID=983) to work on /opt/airflow/dags/Weather_dag.py
[2024-02-10T09:32:53.605+0000] {processor.py:830} INFO - Processing file /opt/airflow/dags/Weather_dag.py for tasks to queue
[2024-02-10T09:32:53.609+0000] {logging_mixin.py:188} INFO - [2024-02-10T09:32:53.609+0000] {dagbag.py:538} INFO - Filling up the DagBag from /opt/airflow/dags/Weather_dag.py
[2024-02-10T09:32:54.225+0000] {processor.py:840} INFO - DAG(s) 'weather_dag' retrieved from /opt/airflow/dags/Weather_dag.py
[2024-02-10T09:32:54.252+0000] {logging_mixin.py:188} INFO - [2024-02-10T09:32:54.251+0000] {dag.py:3036} INFO - Sync 1 DAGs
[2024-02-10T09:32:54.294+0000] {logging_mixin.py:188} INFO - [2024-02-10T09:32:54.293+0000] {dag.py:3823} INFO - Setting next_dagrun for weather_dag to 2024-02-10 09:00:00+00:00, run_after=2024-02-10 09:30:00+00:00
[2024-02-10T09:32:54.846+0000] {processor.py:183} INFO - Processing /opt/airflow/dags/Weather_dag.py took 1.252 seconds
[2024-02-10T09:33:25.464+0000] {processor.py:161} INFO - Started process (PID=1043) to work on /opt/airflow/dags/Weather_dag.py
[2024-02-10T09:33:25.467+0000] {processor.py:830} INFO - Processing file /opt/airflow/dags/Weather_dag.py for tasks to queue
[2024-02-10T09:33:25.470+0000] {logging_mixin.py:188} INFO - [2024-02-10T09:33:25.469+0000] {dagbag.py:538} INFO - Filling up the DagBag from /opt/airflow/dags/Weather_dag.py
[2024-02-10T09:33:26.397+0000] {processor.py:840} INFO - DAG(s) 'weather_dag' retrieved from /opt/airflow/dags/Weather_dag.py
[2024-02-10T09:33:26.427+0000] {logging_mixin.py:188} INFO - [2024-02-10T09:33:26.427+0000] {dag.py:3036} INFO - Sync 1 DAGs
[2024-02-10T09:33:26.463+0000] {logging_mixin.py:188} INFO - [2024-02-10T09:33:26.463+0000] {dag.py:3823} INFO - Setting next_dagrun for weather_dag to 2024-02-10 09:00:00+00:00, run_after=2024-02-10 09:30:00+00:00
[2024-02-10T09:33:26.515+0000] {processor.py:183} INFO - Processing /opt/airflow/dags/Weather_dag.py took 1.057 seconds
[2024-02-10T09:33:56.697+0000] {processor.py:161} INFO - Started process (PID=1102) to work on /opt/airflow/dags/Weather_dag.py
[2024-02-10T09:33:56.699+0000] {processor.py:830} INFO - Processing file /opt/airflow/dags/Weather_dag.py for tasks to queue
[2024-02-10T09:33:56.702+0000] {logging_mixin.py:188} INFO - [2024-02-10T09:33:56.701+0000] {dagbag.py:538} INFO - Filling up the DagBag from /opt/airflow/dags/Weather_dag.py
[2024-02-10T09:33:57.225+0000] {processor.py:840} INFO - DAG(s) 'weather_dag' retrieved from /opt/airflow/dags/Weather_dag.py
[2024-02-10T09:33:57.249+0000] {logging_mixin.py:188} INFO - [2024-02-10T09:33:57.249+0000] {dag.py:3036} INFO - Sync 1 DAGs
[2024-02-10T09:33:57.279+0000] {logging_mixin.py:188} INFO - [2024-02-10T09:33:57.279+0000] {dag.py:3823} INFO - Setting next_dagrun for weather_dag to 2024-02-10 09:00:00+00:00, run_after=2024-02-10 09:30:00+00:00
[2024-02-10T09:33:57.323+0000] {processor.py:183} INFO - Processing /opt/airflow/dags/Weather_dag.py took 0.630 seconds
[2024-02-10T09:34:27.895+0000] {processor.py:161} INFO - Started process (PID=1159) to work on /opt/airflow/dags/Weather_dag.py
[2024-02-10T09:34:27.897+0000] {processor.py:830} INFO - Processing file /opt/airflow/dags/Weather_dag.py for tasks to queue
[2024-02-10T09:34:27.900+0000] {logging_mixin.py:188} INFO - [2024-02-10T09:34:27.899+0000] {dagbag.py:538} INFO - Filling up the DagBag from /opt/airflow/dags/Weather_dag.py
[2024-02-10T09:34:28.581+0000] {processor.py:840} INFO - DAG(s) 'weather_dag' retrieved from /opt/airflow/dags/Weather_dag.py
[2024-02-10T09:34:28.604+0000] {logging_mixin.py:188} INFO - [2024-02-10T09:34:28.604+0000] {dag.py:3036} INFO - Sync 1 DAGs
[2024-02-10T09:34:28.635+0000] {logging_mixin.py:188} INFO - [2024-02-10T09:34:28.635+0000] {dag.py:3823} INFO - Setting next_dagrun for weather_dag to 2024-02-10 09:00:00+00:00, run_after=2024-02-10 09:30:00+00:00
[2024-02-10T09:34:28.694+0000] {processor.py:183} INFO - Processing /opt/airflow/dags/Weather_dag.py took 0.804 seconds
[2024-02-10T09:34:59.176+0000] {processor.py:161} INFO - Started process (PID=1216) to work on /opt/airflow/dags/Weather_dag.py
[2024-02-10T09:34:59.185+0000] {processor.py:830} INFO - Processing file /opt/airflow/dags/Weather_dag.py for tasks to queue
[2024-02-10T09:34:59.195+0000] {logging_mixin.py:188} INFO - [2024-02-10T09:34:59.194+0000] {dagbag.py:538} INFO - Filling up the DagBag from /opt/airflow/dags/Weather_dag.py
[2024-02-10T09:35:01.119+0000] {processor.py:840} INFO - DAG(s) 'weather_dag' retrieved from /opt/airflow/dags/Weather_dag.py
[2024-02-10T09:35:01.169+0000] {logging_mixin.py:188} INFO - [2024-02-10T09:35:01.168+0000] {dag.py:3036} INFO - Sync 1 DAGs
[2024-02-10T09:35:01.217+0000] {logging_mixin.py:188} INFO - [2024-02-10T09:35:01.217+0000] {dag.py:3823} INFO - Setting next_dagrun for weather_dag to 2024-02-10 09:00:00+00:00, run_after=2024-02-10 09:30:00+00:00
[2024-02-10T09:35:01.254+0000] {processor.py:183} INFO - Processing /opt/airflow/dags/Weather_dag.py took 2.091 seconds
[2024-02-10T09:35:32.690+0000] {processor.py:161} INFO - Started process (PID=1281) to work on /opt/airflow/dags/Weather_dag.py
[2024-02-10T09:35:32.692+0000] {processor.py:830} INFO - Processing file /opt/airflow/dags/Weather_dag.py for tasks to queue
[2024-02-10T09:35:32.696+0000] {logging_mixin.py:188} INFO - [2024-02-10T09:35:32.695+0000] {dagbag.py:538} INFO - Filling up the DagBag from /opt/airflow/dags/Weather_dag.py
[2024-02-10T09:35:33.590+0000] {processor.py:840} INFO - DAG(s) 'weather_dag' retrieved from /opt/airflow/dags/Weather_dag.py
[2024-02-10T09:35:33.621+0000] {logging_mixin.py:188} INFO - [2024-02-10T09:35:33.621+0000] {dag.py:3036} INFO - Sync 1 DAGs
[2024-02-10T09:35:33.669+0000] {logging_mixin.py:188} INFO - [2024-02-10T09:35:33.668+0000] {dag.py:3823} INFO - Setting next_dagrun for weather_dag to 2024-02-10 09:00:00+00:00, run_after=2024-02-10 09:30:00+00:00
[2024-02-10T09:35:33.718+0000] {processor.py:183} INFO - Processing /opt/airflow/dags/Weather_dag.py took 1.035 seconds
[2024-02-10T09:36:04.204+0000] {processor.py:161} INFO - Started process (PID=1336) to work on /opt/airflow/dags/Weather_dag.py
[2024-02-10T09:36:04.205+0000] {processor.py:830} INFO - Processing file /opt/airflow/dags/Weather_dag.py for tasks to queue
[2024-02-10T09:36:04.209+0000] {logging_mixin.py:188} INFO - [2024-02-10T09:36:04.208+0000] {dagbag.py:538} INFO - Filling up the DagBag from /opt/airflow/dags/Weather_dag.py
[2024-02-10T09:36:05.158+0000] {processor.py:840} INFO - DAG(s) 'weather_dag' retrieved from /opt/airflow/dags/Weather_dag.py
[2024-02-10T09:36:05.198+0000] {logging_mixin.py:188} INFO - [2024-02-10T09:36:05.197+0000] {dag.py:3036} INFO - Sync 1 DAGs
[2024-02-10T09:36:05.233+0000] {logging_mixin.py:188} INFO - [2024-02-10T09:36:05.233+0000] {dag.py:3823} INFO - Setting next_dagrun for weather_dag to 2024-02-10 09:00:00+00:00, run_after=2024-02-10 09:30:00+00:00
[2024-02-10T09:36:05.264+0000] {processor.py:183} INFO - Processing /opt/airflow/dags/Weather_dag.py took 1.066 seconds
[2024-02-10T09:36:36.276+0000] {processor.py:161} INFO - Started process (PID=1393) to work on /opt/airflow/dags/Weather_dag.py
[2024-02-10T09:36:36.295+0000] {processor.py:830} INFO - Processing file /opt/airflow/dags/Weather_dag.py for tasks to queue
[2024-02-10T09:36:36.337+0000] {logging_mixin.py:188} INFO - [2024-02-10T09:36:36.321+0000] {dagbag.py:538} INFO - Filling up the DagBag from /opt/airflow/dags/Weather_dag.py
[2024-02-10T09:36:40.670+0000] {processor.py:840} INFO - DAG(s) 'weather_dag' retrieved from /opt/airflow/dags/Weather_dag.py
[2024-02-10T09:36:40.705+0000] {logging_mixin.py:188} INFO - [2024-02-10T09:36:40.705+0000] {dag.py:3036} INFO - Sync 1 DAGs
[2024-02-10T09:36:40.760+0000] {logging_mixin.py:188} INFO - [2024-02-10T09:36:40.760+0000] {dag.py:3823} INFO - Setting next_dagrun for weather_dag to 2024-02-10 09:00:00+00:00, run_after=2024-02-10 09:30:00+00:00
[2024-02-10T09:36:40.790+0000] {processor.py:183} INFO - Processing /opt/airflow/dags/Weather_dag.py took 4.586 seconds
[2024-02-10T09:37:11.147+0000] {processor.py:161} INFO - Started process (PID=1452) to work on /opt/airflow/dags/Weather_dag.py
[2024-02-10T09:37:11.149+0000] {processor.py:830} INFO - Processing file /opt/airflow/dags/Weather_dag.py for tasks to queue
[2024-02-10T09:37:11.152+0000] {logging_mixin.py:188} INFO - [2024-02-10T09:37:11.151+0000] {dagbag.py:538} INFO - Filling up the DagBag from /opt/airflow/dags/Weather_dag.py
[2024-02-10T09:37:11.742+0000] {processor.py:840} INFO - DAG(s) 'weather_dag' retrieved from /opt/airflow/dags/Weather_dag.py
[2024-02-10T09:37:11.782+0000] {logging_mixin.py:188} INFO - [2024-02-10T09:37:11.781+0000] {dag.py:3036} INFO - Sync 1 DAGs
[2024-02-10T09:37:11.868+0000] {logging_mixin.py:188} INFO - [2024-02-10T09:37:11.867+0000] {dag.py:3823} INFO - Setting next_dagrun for weather_dag to 2024-02-10 09:00:00+00:00, run_after=2024-02-10 09:30:00+00:00
[2024-02-10T09:37:11.952+0000] {processor.py:183} INFO - Processing /opt/airflow/dags/Weather_dag.py took 0.815 seconds
[2024-02-10T09:37:42.146+0000] {processor.py:161} INFO - Started process (PID=1511) to work on /opt/airflow/dags/Weather_dag.py
[2024-02-10T09:37:42.149+0000] {processor.py:830} INFO - Processing file /opt/airflow/dags/Weather_dag.py for tasks to queue
[2024-02-10T09:37:42.174+0000] {logging_mixin.py:188} INFO - [2024-02-10T09:37:42.173+0000] {dagbag.py:538} INFO - Filling up the DagBag from /opt/airflow/dags/Weather_dag.py
[2024-02-10T09:37:46.981+0000] {processor.py:840} INFO - DAG(s) 'weather_dag' retrieved from /opt/airflow/dags/Weather_dag.py
[2024-02-10T09:37:47.186+0000] {logging_mixin.py:188} INFO - [2024-02-10T09:37:47.186+0000] {dag.py:3036} INFO - Sync 1 DAGs
[2024-02-10T09:37:47.257+0000] {logging_mixin.py:188} INFO - [2024-02-10T09:37:47.254+0000] {dag.py:3823} INFO - Setting next_dagrun for weather_dag to 2024-02-10 09:00:00+00:00, run_after=2024-02-10 09:30:00+00:00
[2024-02-10T09:37:47.313+0000] {processor.py:183} INFO - Processing /opt/airflow/dags/Weather_dag.py took 5.188 seconds
[2024-02-10T09:38:17.795+0000] {processor.py:161} INFO - Started process (PID=1569) to work on /opt/airflow/dags/Weather_dag.py
[2024-02-10T09:38:17.797+0000] {processor.py:830} INFO - Processing file /opt/airflow/dags/Weather_dag.py for tasks to queue
[2024-02-10T09:38:17.806+0000] {logging_mixin.py:188} INFO - [2024-02-10T09:38:17.800+0000] {dagbag.py:538} INFO - Filling up the DagBag from /opt/airflow/dags/Weather_dag.py
[2024-02-10T09:38:20.516+0000] {processor.py:840} INFO - DAG(s) 'weather_dag' retrieved from /opt/airflow/dags/Weather_dag.py
[2024-02-10T09:38:20.573+0000] {logging_mixin.py:188} INFO - [2024-02-10T09:38:20.571+0000] {dag.py:3036} INFO - Sync 1 DAGs
[2024-02-10T09:38:20.621+0000] {logging_mixin.py:188} INFO - [2024-02-10T09:38:20.620+0000] {dag.py:3823} INFO - Setting next_dagrun for weather_dag to 2024-02-10 09:00:00+00:00, run_after=2024-02-10 09:30:00+00:00
[2024-02-10T09:38:20.662+0000] {processor.py:183} INFO - Processing /opt/airflow/dags/Weather_dag.py took 2.879 seconds
[2024-02-10T09:38:51.665+0000] {processor.py:161} INFO - Started process (PID=1628) to work on /opt/airflow/dags/Weather_dag.py
[2024-02-10T09:38:51.688+0000] {processor.py:830} INFO - Processing file /opt/airflow/dags/Weather_dag.py for tasks to queue
[2024-02-10T09:38:51.715+0000] {logging_mixin.py:188} INFO - [2024-02-10T09:38:51.708+0000] {dagbag.py:538} INFO - Filling up the DagBag from /opt/airflow/dags/Weather_dag.py
[2024-02-10T09:38:54.448+0000] {processor.py:840} INFO - DAG(s) 'weather_dag' retrieved from /opt/airflow/dags/Weather_dag.py
[2024-02-10T09:38:54.492+0000] {logging_mixin.py:188} INFO - [2024-02-10T09:38:54.490+0000] {dag.py:3036} INFO - Sync 1 DAGs
[2024-02-10T09:38:54.540+0000] {logging_mixin.py:188} INFO - [2024-02-10T09:38:54.539+0000] {dag.py:3823} INFO - Setting next_dagrun for weather_dag to 2024-02-10 09:00:00+00:00, run_after=2024-02-10 09:30:00+00:00
[2024-02-10T09:38:54.581+0000] {processor.py:183} INFO - Processing /opt/airflow/dags/Weather_dag.py took 2.973 seconds
[2024-02-10T09:39:24.746+0000] {processor.py:161} INFO - Started process (PID=1688) to work on /opt/airflow/dags/Weather_dag.py
[2024-02-10T09:39:24.748+0000] {processor.py:830} INFO - Processing file /opt/airflow/dags/Weather_dag.py for tasks to queue
[2024-02-10T09:39:24.752+0000] {logging_mixin.py:188} INFO - [2024-02-10T09:39:24.751+0000] {dagbag.py:538} INFO - Filling up the DagBag from /opt/airflow/dags/Weather_dag.py
[2024-02-10T09:39:25.476+0000] {processor.py:840} INFO - DAG(s) 'weather_dag' retrieved from /opt/airflow/dags/Weather_dag.py
[2024-02-10T09:39:25.513+0000] {logging_mixin.py:188} INFO - [2024-02-10T09:39:25.513+0000] {dag.py:3036} INFO - Sync 1 DAGs
[2024-02-10T09:39:25.555+0000] {logging_mixin.py:188} INFO - [2024-02-10T09:39:25.554+0000] {dag.py:3823} INFO - Setting next_dagrun for weather_dag to 2024-02-10 09:00:00+00:00, run_after=2024-02-10 09:30:00+00:00
[2024-02-10T09:39:25.589+0000] {processor.py:183} INFO - Processing /opt/airflow/dags/Weather_dag.py took 0.857 seconds
[2024-02-10T09:39:57.826+0000] {processor.py:161} INFO - Started process (PID=1746) to work on /opt/airflow/dags/Weather_dag.py
[2024-02-10T09:39:57.829+0000] {processor.py:830} INFO - Processing file /opt/airflow/dags/Weather_dag.py for tasks to queue
[2024-02-10T09:39:57.838+0000] {logging_mixin.py:188} INFO - [2024-02-10T09:39:57.837+0000] {dagbag.py:538} INFO - Filling up the DagBag from /opt/airflow/dags/Weather_dag.py
[2024-02-10T09:39:58.455+0000] {processor.py:840} INFO - DAG(s) 'weather_dag' retrieved from /opt/airflow/dags/Weather_dag.py
[2024-02-10T09:39:58.488+0000] {logging_mixin.py:188} INFO - [2024-02-10T09:39:58.487+0000] {dag.py:3036} INFO - Sync 1 DAGs
[2024-02-10T09:39:58.543+0000] {logging_mixin.py:188} INFO - [2024-02-10T09:39:58.541+0000] {dag.py:3823} INFO - Setting next_dagrun for weather_dag to 2024-02-10 09:00:00+00:00, run_after=2024-02-10 09:30:00+00:00
[2024-02-10T09:39:58.592+0000] {processor.py:183} INFO - Processing /opt/airflow/dags/Weather_dag.py took 0.773 seconds
[2024-02-10T09:40:29.493+0000] {processor.py:161} INFO - Started process (PID=1806) to work on /opt/airflow/dags/Weather_dag.py
[2024-02-10T09:40:29.495+0000] {processor.py:830} INFO - Processing file /opt/airflow/dags/Weather_dag.py for tasks to queue
[2024-02-10T09:40:29.505+0000] {logging_mixin.py:188} INFO - [2024-02-10T09:40:29.504+0000] {dagbag.py:538} INFO - Filling up the DagBag from /opt/airflow/dags/Weather_dag.py
[2024-02-10T09:40:30.094+0000] {processor.py:840} INFO - DAG(s) 'weather_dag' retrieved from /opt/airflow/dags/Weather_dag.py
[2024-02-10T09:40:30.139+0000] {logging_mixin.py:188} INFO - [2024-02-10T09:40:30.138+0000] {dag.py:3036} INFO - Sync 1 DAGs
[2024-02-10T09:40:30.185+0000] {logging_mixin.py:188} INFO - [2024-02-10T09:40:30.182+0000] {dag.py:3823} INFO - Setting next_dagrun for weather_dag to 2024-02-10 09:00:00+00:00, run_after=2024-02-10 09:30:00+00:00
[2024-02-10T09:40:30.224+0000] {processor.py:183} INFO - Processing /opt/airflow/dags/Weather_dag.py took 0.741 seconds
[2024-02-10T09:41:00.350+0000] {processor.py:161} INFO - Started process (PID=1862) to work on /opt/airflow/dags/Weather_dag.py
[2024-02-10T09:41:00.352+0000] {processor.py:830} INFO - Processing file /opt/airflow/dags/Weather_dag.py for tasks to queue
[2024-02-10T09:41:00.357+0000] {logging_mixin.py:188} INFO - [2024-02-10T09:41:00.356+0000] {dagbag.py:538} INFO - Filling up the DagBag from /opt/airflow/dags/Weather_dag.py
[2024-02-10T09:41:00.908+0000] {processor.py:840} INFO - DAG(s) 'weather_dag' retrieved from /opt/airflow/dags/Weather_dag.py
[2024-02-10T09:41:00.954+0000] {logging_mixin.py:188} INFO - [2024-02-10T09:41:00.954+0000] {dag.py:3036} INFO - Sync 1 DAGs
[2024-02-10T09:41:01.024+0000] {logging_mixin.py:188} INFO - [2024-02-10T09:41:01.024+0000] {dag.py:3823} INFO - Setting next_dagrun for weather_dag to 2024-02-10 09:00:00+00:00, run_after=2024-02-10 09:30:00+00:00
[2024-02-10T09:41:01.077+0000] {processor.py:183} INFO - Processing /opt/airflow/dags/Weather_dag.py took 0.734 seconds
[2024-02-10T09:41:31.778+0000] {processor.py:161} INFO - Started process (PID=1922) to work on /opt/airflow/dags/Weather_dag.py
[2024-02-10T09:41:31.782+0000] {processor.py:830} INFO - Processing file /opt/airflow/dags/Weather_dag.py for tasks to queue
[2024-02-10T09:41:31.788+0000] {logging_mixin.py:188} INFO - [2024-02-10T09:41:31.787+0000] {dagbag.py:538} INFO - Filling up the DagBag from /opt/airflow/dags/Weather_dag.py
[2024-02-10T09:41:32.684+0000] {processor.py:840} INFO - DAG(s) 'weather_dag' retrieved from /opt/airflow/dags/Weather_dag.py
[2024-02-10T09:41:32.728+0000] {logging_mixin.py:188} INFO - [2024-02-10T09:41:32.727+0000] {dag.py:3036} INFO - Sync 1 DAGs
[2024-02-10T09:41:32.801+0000] {logging_mixin.py:188} INFO - [2024-02-10T09:41:32.801+0000] {dag.py:3823} INFO - Setting next_dagrun for weather_dag to 2024-02-10 09:00:00+00:00, run_after=2024-02-10 09:30:00+00:00
[2024-02-10T09:41:32.851+0000] {processor.py:183} INFO - Processing /opt/airflow/dags/Weather_dag.py took 1.079 seconds
[2024-02-10T09:42:03.260+0000] {processor.py:161} INFO - Started process (PID=1982) to work on /opt/airflow/dags/Weather_dag.py
[2024-02-10T09:42:03.262+0000] {processor.py:830} INFO - Processing file /opt/airflow/dags/Weather_dag.py for tasks to queue
[2024-02-10T09:42:03.267+0000] {logging_mixin.py:188} INFO - [2024-02-10T09:42:03.266+0000] {dagbag.py:538} INFO - Filling up the DagBag from /opt/airflow/dags/Weather_dag.py
[2024-02-10T09:42:03.855+0000] {processor.py:840} INFO - DAG(s) 'weather_dag' retrieved from /opt/airflow/dags/Weather_dag.py
[2024-02-10T09:42:03.918+0000] {logging_mixin.py:188} INFO - [2024-02-10T09:42:03.917+0000] {dag.py:3036} INFO - Sync 1 DAGs
[2024-02-10T09:42:03.978+0000] {logging_mixin.py:188} INFO - [2024-02-10T09:42:03.978+0000] {dag.py:3823} INFO - Setting next_dagrun for weather_dag to 2024-02-10 09:00:00+00:00, run_after=2024-02-10 09:30:00+00:00
[2024-02-10T09:42:04.015+0000] {processor.py:183} INFO - Processing /opt/airflow/dags/Weather_dag.py took 0.765 seconds
[2024-02-10T09:42:34.202+0000] {processor.py:161} INFO - Started process (PID=2042) to work on /opt/airflow/dags/Weather_dag.py
[2024-02-10T09:42:34.204+0000] {processor.py:830} INFO - Processing file /opt/airflow/dags/Weather_dag.py for tasks to queue
[2024-02-10T09:42:34.208+0000] {logging_mixin.py:188} INFO - [2024-02-10T09:42:34.207+0000] {dagbag.py:538} INFO - Filling up the DagBag from /opt/airflow/dags/Weather_dag.py
[2024-02-10T09:42:34.943+0000] {processor.py:840} INFO - DAG(s) 'weather_dag' retrieved from /opt/airflow/dags/Weather_dag.py
[2024-02-10T09:42:35.007+0000] {logging_mixin.py:188} INFO - [2024-02-10T09:42:35.006+0000] {dag.py:3036} INFO - Sync 1 DAGs
[2024-02-10T09:42:35.060+0000] {logging_mixin.py:188} INFO - [2024-02-10T09:42:35.060+0000] {dag.py:3823} INFO - Setting next_dagrun for weather_dag to 2024-02-10 09:00:00+00:00, run_after=2024-02-10 09:30:00+00:00
[2024-02-10T09:42:35.102+0000] {processor.py:183} INFO - Processing /opt/airflow/dags/Weather_dag.py took 0.909 seconds
[2024-02-10T09:43:06.575+0000] {processor.py:161} INFO - Started process (PID=2107) to work on /opt/airflow/dags/Weather_dag.py
[2024-02-10T09:43:06.580+0000] {processor.py:830} INFO - Processing file /opt/airflow/dags/Weather_dag.py for tasks to queue
[2024-02-10T09:43:06.586+0000] {logging_mixin.py:188} INFO - [2024-02-10T09:43:06.585+0000] {dagbag.py:538} INFO - Filling up the DagBag from /opt/airflow/dags/Weather_dag.py
[2024-02-10T09:43:07.413+0000] {processor.py:840} INFO - DAG(s) 'weather_dag' retrieved from /opt/airflow/dags/Weather_dag.py
[2024-02-10T09:43:07.447+0000] {logging_mixin.py:188} INFO - [2024-02-10T09:43:07.446+0000] {dag.py:3036} INFO - Sync 1 DAGs
[2024-02-10T09:43:07.503+0000] {logging_mixin.py:188} INFO - [2024-02-10T09:43:07.502+0000] {dag.py:3823} INFO - Setting next_dagrun for weather_dag to 2024-02-10 09:00:00+00:00, run_after=2024-02-10 09:30:00+00:00
[2024-02-10T09:43:07.539+0000] {processor.py:183} INFO - Processing /opt/airflow/dags/Weather_dag.py took 0.972 seconds
[2024-02-10T09:43:37.820+0000] {processor.py:161} INFO - Started process (PID=2164) to work on /opt/airflow/dags/Weather_dag.py
[2024-02-10T09:43:37.822+0000] {processor.py:830} INFO - Processing file /opt/airflow/dags/Weather_dag.py for tasks to queue
[2024-02-10T09:43:37.825+0000] {logging_mixin.py:188} INFO - [2024-02-10T09:43:37.824+0000] {dagbag.py:538} INFO - Filling up the DagBag from /opt/airflow/dags/Weather_dag.py
[2024-02-10T09:43:38.279+0000] {processor.py:840} INFO - DAG(s) 'weather_dag' retrieved from /opt/airflow/dags/Weather_dag.py
[2024-02-10T09:43:38.304+0000] {logging_mixin.py:188} INFO - [2024-02-10T09:43:38.304+0000] {dag.py:3036} INFO - Sync 1 DAGs
[2024-02-10T09:43:38.338+0000] {logging_mixin.py:188} INFO - [2024-02-10T09:43:38.338+0000] {dag.py:3823} INFO - Setting next_dagrun for weather_dag to 2024-02-10 09:00:00+00:00, run_after=2024-02-10 09:30:00+00:00
[2024-02-10T09:43:38.367+0000] {processor.py:183} INFO - Processing /opt/airflow/dags/Weather_dag.py took 0.552 seconds
[2024-02-10T09:44:08.483+0000] {processor.py:161} INFO - Started process (PID=2225) to work on /opt/airflow/dags/Weather_dag.py
[2024-02-10T09:44:08.484+0000] {processor.py:830} INFO - Processing file /opt/airflow/dags/Weather_dag.py for tasks to queue
[2024-02-10T09:44:08.487+0000] {logging_mixin.py:188} INFO - [2024-02-10T09:44:08.487+0000] {dagbag.py:538} INFO - Filling up the DagBag from /opt/airflow/dags/Weather_dag.py
[2024-02-10T09:44:08.914+0000] {processor.py:840} INFO - DAG(s) 'weather_dag' retrieved from /opt/airflow/dags/Weather_dag.py
[2024-02-10T09:44:08.943+0000] {logging_mixin.py:188} INFO - [2024-02-10T09:44:08.943+0000] {dag.py:3036} INFO - Sync 1 DAGs
[2024-02-10T09:44:08.974+0000] {logging_mixin.py:188} INFO - [2024-02-10T09:44:08.974+0000] {dag.py:3823} INFO - Setting next_dagrun for weather_dag to 2024-02-10 09:00:00+00:00, run_after=2024-02-10 09:30:00+00:00
[2024-02-10T09:44:08.999+0000] {processor.py:183} INFO - Processing /opt/airflow/dags/Weather_dag.py took 0.521 seconds
[2024-02-10T09:44:43.070+0000] {processor.py:161} INFO - Started process (PID=2270) to work on /opt/airflow/dags/Weather_dag.py
[2024-02-10T09:44:43.073+0000] {processor.py:830} INFO - Processing file /opt/airflow/dags/Weather_dag.py for tasks to queue
[2024-02-10T09:44:43.078+0000] {logging_mixin.py:188} INFO - [2024-02-10T09:44:43.077+0000] {dagbag.py:538} INFO - Filling up the DagBag from /opt/airflow/dags/Weather_dag.py
[2024-02-10T09:44:43.878+0000] {processor.py:840} INFO - DAG(s) 'weather_dag' retrieved from /opt/airflow/dags/Weather_dag.py
[2024-02-10T09:44:43.957+0000] {logging_mixin.py:188} INFO - [2024-02-10T09:44:43.950+0000] {dag.py:3036} INFO - Sync 1 DAGs
[2024-02-10T09:44:44.141+0000] {logging_mixin.py:188} INFO - [2024-02-10T09:44:44.141+0000] {dag.py:3823} INFO - Setting next_dagrun for weather_dag to 2024-02-10 09:00:00+00:00, run_after=2024-02-10 09:30:00+00:00
[2024-02-10T09:44:44.208+0000] {processor.py:183} INFO - Processing /opt/airflow/dags/Weather_dag.py took 1.156 seconds
[2024-02-10T09:45:14.673+0000] {processor.py:161} INFO - Started process (PID=2328) to work on /opt/airflow/dags/Weather_dag.py
[2024-02-10T09:45:14.676+0000] {processor.py:830} INFO - Processing file /opt/airflow/dags/Weather_dag.py for tasks to queue
[2024-02-10T09:45:14.679+0000] {logging_mixin.py:188} INFO - [2024-02-10T09:45:14.679+0000] {dagbag.py:538} INFO - Filling up the DagBag from /opt/airflow/dags/Weather_dag.py
[2024-02-10T09:45:15.546+0000] {processor.py:840} INFO - DAG(s) 'weather_dag' retrieved from /opt/airflow/dags/Weather_dag.py
[2024-02-10T09:45:15.585+0000] {logging_mixin.py:188} INFO - [2024-02-10T09:45:15.585+0000] {dag.py:3036} INFO - Sync 1 DAGs
[2024-02-10T09:45:15.629+0000] {logging_mixin.py:188} INFO - [2024-02-10T09:45:15.629+0000] {dag.py:3823} INFO - Setting next_dagrun for weather_dag to 2024-02-10 09:00:00+00:00, run_after=2024-02-10 09:30:00+00:00
[2024-02-10T09:45:15.668+0000] {processor.py:183} INFO - Processing /opt/airflow/dags/Weather_dag.py took 1.003 seconds
[2024-02-10T09:45:46.225+0000] {processor.py:161} INFO - Started process (PID=2386) to work on /opt/airflow/dags/Weather_dag.py
[2024-02-10T09:45:46.227+0000] {processor.py:830} INFO - Processing file /opt/airflow/dags/Weather_dag.py for tasks to queue
[2024-02-10T09:45:46.231+0000] {logging_mixin.py:188} INFO - [2024-02-10T09:45:46.231+0000] {dagbag.py:538} INFO - Filling up the DagBag from /opt/airflow/dags/Weather_dag.py
[2024-02-10T09:45:46.797+0000] {processor.py:840} INFO - DAG(s) 'weather_dag' retrieved from /opt/airflow/dags/Weather_dag.py
[2024-02-10T09:45:46.846+0000] {logging_mixin.py:188} INFO - [2024-02-10T09:45:46.844+0000] {dag.py:3036} INFO - Sync 1 DAGs
[2024-02-10T09:45:46.903+0000] {logging_mixin.py:188} INFO - [2024-02-10T09:45:46.903+0000] {dag.py:3823} INFO - Setting next_dagrun for weather_dag to 2024-02-10 09:00:00+00:00, run_after=2024-02-10 09:30:00+00:00
[2024-02-10T09:45:46.947+0000] {processor.py:183} INFO - Processing /opt/airflow/dags/Weather_dag.py took 0.728 seconds
[2024-02-10T09:46:17.497+0000] {processor.py:161} INFO - Started process (PID=2446) to work on /opt/airflow/dags/Weather_dag.py
[2024-02-10T09:46:17.499+0000] {processor.py:830} INFO - Processing file /opt/airflow/dags/Weather_dag.py for tasks to queue
[2024-02-10T09:46:17.502+0000] {logging_mixin.py:188} INFO - [2024-02-10T09:46:17.502+0000] {dagbag.py:538} INFO - Filling up the DagBag from /opt/airflow/dags/Weather_dag.py
[2024-02-10T09:46:18.110+0000] {processor.py:840} INFO - DAG(s) 'weather_dag' retrieved from /opt/airflow/dags/Weather_dag.py
[2024-02-10T09:46:18.146+0000] {logging_mixin.py:188} INFO - [2024-02-10T09:46:18.145+0000] {dag.py:3036} INFO - Sync 1 DAGs
[2024-02-10T09:46:18.195+0000] {logging_mixin.py:188} INFO - [2024-02-10T09:46:18.195+0000] {dag.py:3823} INFO - Setting next_dagrun for weather_dag to 2024-02-10 09:00:00+00:00, run_after=2024-02-10 09:30:00+00:00
[2024-02-10T09:46:18.240+0000] {processor.py:183} INFO - Processing /opt/airflow/dags/Weather_dag.py took 0.750 seconds
[2024-02-10T09:46:48.741+0000] {processor.py:161} INFO - Started process (PID=2507) to work on /opt/airflow/dags/Weather_dag.py
[2024-02-10T09:46:48.742+0000] {processor.py:830} INFO - Processing file /opt/airflow/dags/Weather_dag.py for tasks to queue
[2024-02-10T09:46:48.747+0000] {logging_mixin.py:188} INFO - [2024-02-10T09:46:48.747+0000] {dagbag.py:538} INFO - Filling up the DagBag from /opt/airflow/dags/Weather_dag.py
[2024-02-10T09:46:49.427+0000] {processor.py:840} INFO - DAG(s) 'weather_dag' retrieved from /opt/airflow/dags/Weather_dag.py
[2024-02-10T09:46:49.461+0000] {logging_mixin.py:188} INFO - [2024-02-10T09:46:49.460+0000] {dag.py:3036} INFO - Sync 1 DAGs
[2024-02-10T09:46:49.500+0000] {logging_mixin.py:188} INFO - [2024-02-10T09:46:49.499+0000] {dag.py:3823} INFO - Setting next_dagrun for weather_dag to 2024-02-10 09:00:00+00:00, run_after=2024-02-10 09:30:00+00:00
[2024-02-10T09:46:49.540+0000] {processor.py:183} INFO - Processing /opt/airflow/dags/Weather_dag.py took 0.807 seconds
[2024-02-10T09:47:20.211+0000] {processor.py:161} INFO - Started process (PID=2564) to work on /opt/airflow/dags/Weather_dag.py
[2024-02-10T09:47:20.213+0000] {processor.py:830} INFO - Processing file /opt/airflow/dags/Weather_dag.py for tasks to queue
[2024-02-10T09:47:20.217+0000] {logging_mixin.py:188} INFO - [2024-02-10T09:47:20.217+0000] {dagbag.py:538} INFO - Filling up the DagBag from /opt/airflow/dags/Weather_dag.py
[2024-02-10T09:47:20.826+0000] {processor.py:840} INFO - DAG(s) 'weather_dag' retrieved from /opt/airflow/dags/Weather_dag.py
[2024-02-10T09:47:20.865+0000] {logging_mixin.py:188} INFO - [2024-02-10T09:47:20.864+0000] {dag.py:3036} INFO - Sync 1 DAGs
[2024-02-10T09:47:20.920+0000] {logging_mixin.py:188} INFO - [2024-02-10T09:47:20.920+0000] {dag.py:3823} INFO - Setting next_dagrun for weather_dag to 2024-02-10 09:00:00+00:00, run_after=2024-02-10 09:30:00+00:00
[2024-02-10T09:47:21.020+0000] {processor.py:183} INFO - Processing /opt/airflow/dags/Weather_dag.py took 0.818 seconds
[2024-02-10T09:47:51.234+0000] {processor.py:161} INFO - Started process (PID=2624) to work on /opt/airflow/dags/Weather_dag.py
[2024-02-10T09:47:51.236+0000] {processor.py:830} INFO - Processing file /opt/airflow/dags/Weather_dag.py for tasks to queue
[2024-02-10T09:47:51.239+0000] {logging_mixin.py:188} INFO - [2024-02-10T09:47:51.239+0000] {dagbag.py:538} INFO - Filling up the DagBag from /opt/airflow/dags/Weather_dag.py
[2024-02-10T09:47:54.073+0000] {processor.py:840} INFO - DAG(s) 'weather_dag' retrieved from /opt/airflow/dags/Weather_dag.py
[2024-02-10T09:47:54.298+0000] {logging_mixin.py:188} INFO - [2024-02-10T09:47:54.293+0000] {dag.py:3036} INFO - Sync 1 DAGs
[2024-02-10T09:47:54.609+0000] {logging_mixin.py:188} INFO - [2024-02-10T09:47:54.606+0000] {dag.py:3823} INFO - Setting next_dagrun for weather_dag to 2024-02-10 09:00:00+00:00, run_after=2024-02-10 09:30:00+00:00
[2024-02-10T09:47:54.736+0000] {processor.py:183} INFO - Processing /opt/airflow/dags/Weather_dag.py took 3.511 seconds
[2024-02-10T09:48:25.340+0000] {processor.py:161} INFO - Started process (PID=2684) to work on /opt/airflow/dags/Weather_dag.py
[2024-02-10T09:48:25.360+0000] {processor.py:830} INFO - Processing file /opt/airflow/dags/Weather_dag.py for tasks to queue
[2024-02-10T09:48:25.401+0000] {logging_mixin.py:188} INFO - [2024-02-10T09:48:25.386+0000] {dagbag.py:538} INFO - Filling up the DagBag from /opt/airflow/dags/Weather_dag.py
[2024-02-10T09:48:27.310+0000] {processor.py:840} INFO - DAG(s) 'weather_dag' retrieved from /opt/airflow/dags/Weather_dag.py
[2024-02-10T09:48:27.378+0000] {logging_mixin.py:188} INFO - [2024-02-10T09:48:27.378+0000] {dag.py:3036} INFO - Sync 1 DAGs
[2024-02-10T09:48:27.510+0000] {logging_mixin.py:188} INFO - [2024-02-10T09:48:27.510+0000] {dag.py:3823} INFO - Setting next_dagrun for weather_dag to 2024-02-10 09:00:00+00:00, run_after=2024-02-10 09:30:00+00:00
[2024-02-10T09:48:27.576+0000] {processor.py:183} INFO - Processing /opt/airflow/dags/Weather_dag.py took 2.310 seconds
[2024-02-10T09:48:57.954+0000] {processor.py:161} INFO - Started process (PID=2742) to work on /opt/airflow/dags/Weather_dag.py
[2024-02-10T09:48:57.956+0000] {processor.py:830} INFO - Processing file /opt/airflow/dags/Weather_dag.py for tasks to queue
[2024-02-10T09:48:57.959+0000] {logging_mixin.py:188} INFO - [2024-02-10T09:48:57.959+0000] {dagbag.py:538} INFO - Filling up the DagBag from /opt/airflow/dags/Weather_dag.py
[2024-02-10T09:48:58.578+0000] {processor.py:840} INFO - DAG(s) 'weather_dag' retrieved from /opt/airflow/dags/Weather_dag.py
[2024-02-10T09:48:58.645+0000] {logging_mixin.py:188} INFO - [2024-02-10T09:48:58.644+0000] {dag.py:3036} INFO - Sync 1 DAGs
[2024-02-10T09:48:58.726+0000] {logging_mixin.py:188} INFO - [2024-02-10T09:48:58.725+0000] {dag.py:3823} INFO - Setting next_dagrun for weather_dag to 2024-02-10 09:00:00+00:00, run_after=2024-02-10 09:30:00+00:00
[2024-02-10T09:48:58.792+0000] {processor.py:183} INFO - Processing /opt/airflow/dags/Weather_dag.py took 0.848 seconds
[2024-02-10T09:49:29.065+0000] {processor.py:161} INFO - Started process (PID=2802) to work on /opt/airflow/dags/Weather_dag.py
[2024-02-10T09:49:29.066+0000] {processor.py:830} INFO - Processing file /opt/airflow/dags/Weather_dag.py for tasks to queue
[2024-02-10T09:49:29.069+0000] {logging_mixin.py:188} INFO - [2024-02-10T09:49:29.069+0000] {dagbag.py:538} INFO - Filling up the DagBag from /opt/airflow/dags/Weather_dag.py
[2024-02-10T09:49:29.633+0000] {processor.py:840} INFO - DAG(s) 'weather_dag' retrieved from /opt/airflow/dags/Weather_dag.py
[2024-02-10T09:49:29.668+0000] {logging_mixin.py:188} INFO - [2024-02-10T09:49:29.667+0000] {dag.py:3036} INFO - Sync 1 DAGs
[2024-02-10T09:49:29.704+0000] {logging_mixin.py:188} INFO - [2024-02-10T09:49:29.704+0000] {dag.py:3823} INFO - Setting next_dagrun for weather_dag to 2024-02-10 09:00:00+00:00, run_after=2024-02-10 09:30:00+00:00
[2024-02-10T09:49:29.737+0000] {processor.py:183} INFO - Processing /opt/airflow/dags/Weather_dag.py took 0.681 seconds
[2024-02-10T09:49:59.978+0000] {processor.py:161} INFO - Started process (PID=2862) to work on /opt/airflow/dags/Weather_dag.py
[2024-02-10T09:49:59.982+0000] {processor.py:830} INFO - Processing file /opt/airflow/dags/Weather_dag.py for tasks to queue
[2024-02-10T09:49:59.985+0000] {logging_mixin.py:188} INFO - [2024-02-10T09:49:59.985+0000] {dagbag.py:538} INFO - Filling up the DagBag from /opt/airflow/dags/Weather_dag.py
[2024-02-10T09:50:00.704+0000] {processor.py:840} INFO - DAG(s) 'weather_dag' retrieved from /opt/airflow/dags/Weather_dag.py
[2024-02-10T09:50:00.759+0000] {logging_mixin.py:188} INFO - [2024-02-10T09:50:00.758+0000] {dag.py:3036} INFO - Sync 1 DAGs
[2024-02-10T09:50:00.810+0000] {logging_mixin.py:188} INFO - [2024-02-10T09:50:00.809+0000] {dag.py:3823} INFO - Setting next_dagrun for weather_dag to 2024-02-10 09:00:00+00:00, run_after=2024-02-10 09:30:00+00:00
[2024-02-10T09:50:00.854+0000] {processor.py:183} INFO - Processing /opt/airflow/dags/Weather_dag.py took 0.883 seconds
[2024-02-10T09:50:31.513+0000] {processor.py:161} INFO - Started process (PID=2921) to work on /opt/airflow/dags/Weather_dag.py
[2024-02-10T09:50:31.515+0000] {processor.py:830} INFO - Processing file /opt/airflow/dags/Weather_dag.py for tasks to queue
[2024-02-10T09:50:31.519+0000] {logging_mixin.py:188} INFO - [2024-02-10T09:50:31.519+0000] {dagbag.py:538} INFO - Filling up the DagBag from /opt/airflow/dags/Weather_dag.py
[2024-02-10T09:50:31.996+0000] {processor.py:840} INFO - DAG(s) 'weather_dag' retrieved from /opt/airflow/dags/Weather_dag.py
[2024-02-10T09:50:32.046+0000] {logging_mixin.py:188} INFO - [2024-02-10T09:50:32.045+0000] {dag.py:3036} INFO - Sync 1 DAGs
[2024-02-10T09:50:32.098+0000] {logging_mixin.py:188} INFO - [2024-02-10T09:50:32.098+0000] {dag.py:3823} INFO - Setting next_dagrun for weather_dag to 2024-02-10 09:00:00+00:00, run_after=2024-02-10 09:30:00+00:00
[2024-02-10T09:50:32.140+0000] {processor.py:183} INFO - Processing /opt/airflow/dags/Weather_dag.py took 0.637 seconds
[2024-02-10T09:51:02.300+0000] {processor.py:161} INFO - Started process (PID=2981) to work on /opt/airflow/dags/Weather_dag.py
[2024-02-10T09:51:02.301+0000] {processor.py:830} INFO - Processing file /opt/airflow/dags/Weather_dag.py for tasks to queue
[2024-02-10T09:51:02.304+0000] {logging_mixin.py:188} INFO - [2024-02-10T09:51:02.304+0000] {dagbag.py:538} INFO - Filling up the DagBag from /opt/airflow/dags/Weather_dag.py
[2024-02-10T09:51:02.746+0000] {processor.py:840} INFO - DAG(s) 'weather_dag' retrieved from /opt/airflow/dags/Weather_dag.py
[2024-02-10T09:51:02.775+0000] {logging_mixin.py:188} INFO - [2024-02-10T09:51:02.775+0000] {dag.py:3036} INFO - Sync 1 DAGs
[2024-02-10T09:51:02.806+0000] {logging_mixin.py:188} INFO - [2024-02-10T09:51:02.806+0000] {dag.py:3823} INFO - Setting next_dagrun for weather_dag to 2024-02-10 09:00:00+00:00, run_after=2024-02-10 09:30:00+00:00
[2024-02-10T09:51:02.834+0000] {processor.py:183} INFO - Processing /opt/airflow/dags/Weather_dag.py took 0.539 seconds
[2024-02-10T09:51:33.569+0000] {processor.py:161} INFO - Started process (PID=3038) to work on /opt/airflow/dags/Weather_dag.py
[2024-02-10T09:51:33.571+0000] {processor.py:830} INFO - Processing file /opt/airflow/dags/Weather_dag.py for tasks to queue
[2024-02-10T09:51:33.579+0000] {logging_mixin.py:188} INFO - [2024-02-10T09:51:33.577+0000] {dagbag.py:538} INFO - Filling up the DagBag from /opt/airflow/dags/Weather_dag.py
[2024-02-10T09:51:33.999+0000] {processor.py:840} INFO - DAG(s) 'weather_dag' retrieved from /opt/airflow/dags/Weather_dag.py
[2024-02-10T09:51:34.028+0000] {logging_mixin.py:188} INFO - [2024-02-10T09:51:34.028+0000] {dag.py:3036} INFO - Sync 1 DAGs
[2024-02-10T09:51:34.061+0000] {logging_mixin.py:188} INFO - [2024-02-10T09:51:34.060+0000] {dag.py:3823} INFO - Setting next_dagrun for weather_dag to 2024-02-10 09:00:00+00:00, run_after=2024-02-10 09:30:00+00:00
[2024-02-10T09:51:34.091+0000] {processor.py:183} INFO - Processing /opt/airflow/dags/Weather_dag.py took 0.527 seconds
[2024-02-10T09:52:04.293+0000] {processor.py:161} INFO - Started process (PID=3095) to work on /opt/airflow/dags/Weather_dag.py
[2024-02-10T09:52:04.295+0000] {processor.py:830} INFO - Processing file /opt/airflow/dags/Weather_dag.py for tasks to queue
[2024-02-10T09:52:04.298+0000] {logging_mixin.py:188} INFO - [2024-02-10T09:52:04.298+0000] {dagbag.py:538} INFO - Filling up the DagBag from /opt/airflow/dags/Weather_dag.py
[2024-02-10T09:52:04.720+0000] {processor.py:840} INFO - DAG(s) 'weather_dag' retrieved from /opt/airflow/dags/Weather_dag.py
[2024-02-10T09:52:04.749+0000] {logging_mixin.py:188} INFO - [2024-02-10T09:52:04.748+0000] {dag.py:3036} INFO - Sync 1 DAGs
[2024-02-10T09:52:04.783+0000] {logging_mixin.py:188} INFO - [2024-02-10T09:52:04.783+0000] {dag.py:3823} INFO - Setting next_dagrun for weather_dag to 2024-02-10 09:00:00+00:00, run_after=2024-02-10 09:30:00+00:00
[2024-02-10T09:52:04.809+0000] {processor.py:183} INFO - Processing /opt/airflow/dags/Weather_dag.py took 0.523 seconds
[2024-02-10T09:52:35.350+0000] {processor.py:161} INFO - Started process (PID=3154) to work on /opt/airflow/dags/Weather_dag.py
[2024-02-10T09:52:35.352+0000] {processor.py:830} INFO - Processing file /opt/airflow/dags/Weather_dag.py for tasks to queue
[2024-02-10T09:52:35.355+0000] {logging_mixin.py:188} INFO - [2024-02-10T09:52:35.354+0000] {dagbag.py:538} INFO - Filling up the DagBag from /opt/airflow/dags/Weather_dag.py
[2024-02-10T09:52:35.766+0000] {processor.py:840} INFO - DAG(s) 'weather_dag' retrieved from /opt/airflow/dags/Weather_dag.py
[2024-02-10T09:52:35.795+0000] {logging_mixin.py:188} INFO - [2024-02-10T09:52:35.794+0000] {dag.py:3036} INFO - Sync 1 DAGs
[2024-02-10T09:52:35.828+0000] {logging_mixin.py:188} INFO - [2024-02-10T09:52:35.828+0000] {dag.py:3823} INFO - Setting next_dagrun for weather_dag to 2024-02-10 09:00:00+00:00, run_after=2024-02-10 09:30:00+00:00
[2024-02-10T09:52:35.852+0000] {processor.py:183} INFO - Processing /opt/airflow/dags/Weather_dag.py took 0.507 seconds
[2024-02-10T09:53:06.060+0000] {processor.py:161} INFO - Started process (PID=3211) to work on /opt/airflow/dags/Weather_dag.py
[2024-02-10T09:53:06.062+0000] {processor.py:830} INFO - Processing file /opt/airflow/dags/Weather_dag.py for tasks to queue
[2024-02-10T09:53:06.064+0000] {logging_mixin.py:188} INFO - [2024-02-10T09:53:06.064+0000] {dagbag.py:538} INFO - Filling up the DagBag from /opt/airflow/dags/Weather_dag.py
[2024-02-10T09:53:06.579+0000] {processor.py:840} INFO - DAG(s) 'weather_dag' retrieved from /opt/airflow/dags/Weather_dag.py
[2024-02-10T09:53:06.607+0000] {logging_mixin.py:188} INFO - [2024-02-10T09:53:06.607+0000] {dag.py:3036} INFO - Sync 1 DAGs
[2024-02-10T09:53:06.643+0000] {logging_mixin.py:188} INFO - [2024-02-10T09:53:06.643+0000] {dag.py:3823} INFO - Setting next_dagrun for weather_dag to 2024-02-10 09:00:00+00:00, run_after=2024-02-10 09:30:00+00:00
[2024-02-10T09:53:06.674+0000] {processor.py:183} INFO - Processing /opt/airflow/dags/Weather_dag.py took 0.619 seconds
[2024-02-10T09:53:36.953+0000] {processor.py:161} INFO - Started process (PID=3266) to work on /opt/airflow/dags/Weather_dag.py
[2024-02-10T09:53:36.955+0000] {processor.py:830} INFO - Processing file /opt/airflow/dags/Weather_dag.py for tasks to queue
[2024-02-10T09:53:36.960+0000] {logging_mixin.py:188} INFO - [2024-02-10T09:53:36.959+0000] {dagbag.py:538} INFO - Filling up the DagBag from /opt/airflow/dags/Weather_dag.py
[2024-02-10T09:53:37.484+0000] {processor.py:840} INFO - DAG(s) 'weather_dag' retrieved from /opt/airflow/dags/Weather_dag.py
[2024-02-10T09:53:37.527+0000] {logging_mixin.py:188} INFO - [2024-02-10T09:53:37.526+0000] {dag.py:3036} INFO - Sync 1 DAGs
[2024-02-10T09:53:37.581+0000] {logging_mixin.py:188} INFO - [2024-02-10T09:53:37.580+0000] {dag.py:3823} INFO - Setting next_dagrun for weather_dag to 2024-02-10 09:00:00+00:00, run_after=2024-02-10 09:30:00+00:00
[2024-02-10T09:53:37.639+0000] {processor.py:183} INFO - Processing /opt/airflow/dags/Weather_dag.py took 0.696 seconds
[2024-02-10T09:54:08.021+0000] {processor.py:161} INFO - Started process (PID=3325) to work on /opt/airflow/dags/Weather_dag.py
[2024-02-10T09:54:08.024+0000] {processor.py:830} INFO - Processing file /opt/airflow/dags/Weather_dag.py for tasks to queue
[2024-02-10T09:54:08.027+0000] {logging_mixin.py:188} INFO - [2024-02-10T09:54:08.026+0000] {dagbag.py:538} INFO - Filling up the DagBag from /opt/airflow/dags/Weather_dag.py
[2024-02-10T09:54:08.539+0000] {processor.py:840} INFO - DAG(s) 'weather_dag' retrieved from /opt/airflow/dags/Weather_dag.py
[2024-02-10T09:54:08.566+0000] {logging_mixin.py:188} INFO - [2024-02-10T09:54:08.565+0000] {dag.py:3036} INFO - Sync 1 DAGs
[2024-02-10T09:54:08.596+0000] {logging_mixin.py:188} INFO - [2024-02-10T09:54:08.596+0000] {dag.py:3823} INFO - Setting next_dagrun for weather_dag to 2024-02-10 09:00:00+00:00, run_after=2024-02-10 09:30:00+00:00
[2024-02-10T09:54:08.629+0000] {processor.py:183} INFO - Processing /opt/airflow/dags/Weather_dag.py took 0.612 seconds
[2024-02-10T09:54:38.744+0000] {processor.py:161} INFO - Started process (PID=3380) to work on /opt/airflow/dags/Weather_dag.py
[2024-02-10T09:54:38.747+0000] {processor.py:830} INFO - Processing file /opt/airflow/dags/Weather_dag.py for tasks to queue
[2024-02-10T09:54:38.751+0000] {logging_mixin.py:188} INFO - [2024-02-10T09:54:38.750+0000] {dagbag.py:538} INFO - Filling up the DagBag from /opt/airflow/dags/Weather_dag.py
[2024-02-10T09:54:39.205+0000] {processor.py:840} INFO - DAG(s) 'weather_dag' retrieved from /opt/airflow/dags/Weather_dag.py
[2024-02-10T09:54:39.244+0000] {logging_mixin.py:188} INFO - [2024-02-10T09:54:39.243+0000] {dag.py:3036} INFO - Sync 1 DAGs
[2024-02-10T09:54:39.281+0000] {logging_mixin.py:188} INFO - [2024-02-10T09:54:39.280+0000] {dag.py:3823} INFO - Setting next_dagrun for weather_dag to 2024-02-10 09:00:00+00:00, run_after=2024-02-10 09:30:00+00:00
[2024-02-10T09:54:39.312+0000] {processor.py:183} INFO - Processing /opt/airflow/dags/Weather_dag.py took 0.578 seconds
[2024-02-10T09:55:09.994+0000] {processor.py:161} INFO - Started process (PID=3443) to work on /opt/airflow/dags/Weather_dag.py
[2024-02-10T09:55:09.996+0000] {processor.py:830} INFO - Processing file /opt/airflow/dags/Weather_dag.py for tasks to queue
[2024-02-10T09:55:09.999+0000] {logging_mixin.py:188} INFO - [2024-02-10T09:55:09.999+0000] {dagbag.py:538} INFO - Filling up the DagBag from /opt/airflow/dags/Weather_dag.py
[2024-02-10T09:55:10.433+0000] {processor.py:840} INFO - DAG(s) 'weather_dag' retrieved from /opt/airflow/dags/Weather_dag.py
[2024-02-10T09:55:10.463+0000] {logging_mixin.py:188} INFO - [2024-02-10T09:55:10.463+0000] {dag.py:3036} INFO - Sync 1 DAGs
[2024-02-10T09:55:10.498+0000] {logging_mixin.py:188} INFO - [2024-02-10T09:55:10.498+0000] {dag.py:3823} INFO - Setting next_dagrun for weather_dag to 2024-02-10 09:00:00+00:00, run_after=2024-02-10 09:30:00+00:00
[2024-02-10T09:55:10.544+0000] {processor.py:183} INFO - Processing /opt/airflow/dags/Weather_dag.py took 0.556 seconds
[2024-02-10T09:55:41.233+0000] {processor.py:161} INFO - Started process (PID=3500) to work on /opt/airflow/dags/Weather_dag.py
[2024-02-10T09:55:41.236+0000] {processor.py:830} INFO - Processing file /opt/airflow/dags/Weather_dag.py for tasks to queue
[2024-02-10T09:55:41.240+0000] {logging_mixin.py:188} INFO - [2024-02-10T09:55:41.240+0000] {dagbag.py:538} INFO - Filling up the DagBag from /opt/airflow/dags/Weather_dag.py
[2024-02-10T09:55:41.645+0000] {processor.py:840} INFO - DAG(s) 'weather_dag' retrieved from /opt/airflow/dags/Weather_dag.py
[2024-02-10T09:55:41.678+0000] {logging_mixin.py:188} INFO - [2024-02-10T09:55:41.677+0000] {dag.py:3036} INFO - Sync 1 DAGs
[2024-02-10T09:55:41.709+0000] {logging_mixin.py:188} INFO - [2024-02-10T09:55:41.708+0000] {dag.py:3823} INFO - Setting next_dagrun for weather_dag to 2024-02-10 09:00:00+00:00, run_after=2024-02-10 09:30:00+00:00
[2024-02-10T09:55:41.737+0000] {processor.py:183} INFO - Processing /opt/airflow/dags/Weather_dag.py took 0.512 seconds
[2024-02-10T09:56:12.420+0000] {processor.py:161} INFO - Started process (PID=3557) to work on /opt/airflow/dags/Weather_dag.py
[2024-02-10T09:56:12.421+0000] {processor.py:830} INFO - Processing file /opt/airflow/dags/Weather_dag.py for tasks to queue
[2024-02-10T09:56:12.424+0000] {logging_mixin.py:188} INFO - [2024-02-10T09:56:12.424+0000] {dagbag.py:538} INFO - Filling up the DagBag from /opt/airflow/dags/Weather_dag.py
[2024-02-10T09:56:12.814+0000] {processor.py:840} INFO - DAG(s) 'weather_dag' retrieved from /opt/airflow/dags/Weather_dag.py
[2024-02-10T09:56:12.847+0000] {logging_mixin.py:188} INFO - [2024-02-10T09:56:12.846+0000] {dag.py:3036} INFO - Sync 1 DAGs
[2024-02-10T09:56:12.876+0000] {logging_mixin.py:188} INFO - [2024-02-10T09:56:12.876+0000] {dag.py:3823} INFO - Setting next_dagrun for weather_dag to 2024-02-10 09:00:00+00:00, run_after=2024-02-10 09:30:00+00:00
[2024-02-10T09:56:12.901+0000] {processor.py:183} INFO - Processing /opt/airflow/dags/Weather_dag.py took 0.491 seconds
[2024-02-10T19:57:40.794+0000] {processor.py:161} INFO - Started process (PID=40) to work on /opt/airflow/dags/Weather_dag.py
[2024-02-10T19:57:40.798+0000] {processor.py:830} INFO - Processing file /opt/airflow/dags/Weather_dag.py for tasks to queue
[2024-02-10T19:57:40.807+0000] {logging_mixin.py:188} INFO - [2024-02-10T19:57:40.803+0000] {dagbag.py:538} INFO - Filling up the DagBag from /opt/airflow/dags/Weather_dag.py
[2024-02-10T19:57:47.645+0000] {logging_mixin.py:188} INFO - [2024-02-10T19:57:47.638+0000] {dagbag.py:348} ERROR - Failed to import: /opt/airflow/dags/Weather_dag.py
Traceback (most recent call last):
  File "/home/airflow/.local/lib/python3.8/site-packages/airflow/models/dagbag.py", line 344, in parse
    loader.exec_module(new_module)
  File "<frozen importlib._bootstrap_external>", line 843, in exec_module
  File "<frozen importlib._bootstrap>", line 219, in _call_with_frames_removed
  File "/opt/airflow/dags/Weather_dag.py", line 8, in <module>
    import s3fs
ModuleNotFoundError: No module named 's3fs'
[2024-02-10T19:57:47.648+0000] {processor.py:842} WARNING - No viable dags retrieved from /opt/airflow/dags/Weather_dag.py
[2024-02-10T19:57:47.850+0000] {processor.py:183} INFO - Processing /opt/airflow/dags/Weather_dag.py took 7.068 seconds
[2024-02-10T19:58:18.300+0000] {processor.py:161} INFO - Started process (PID=101) to work on /opt/airflow/dags/Weather_dag.py
[2024-02-10T19:58:18.303+0000] {processor.py:830} INFO - Processing file /opt/airflow/dags/Weather_dag.py for tasks to queue
[2024-02-10T19:58:18.309+0000] {logging_mixin.py:188} INFO - [2024-02-10T19:58:18.308+0000] {dagbag.py:538} INFO - Filling up the DagBag from /opt/airflow/dags/Weather_dag.py
[2024-02-10T19:58:21.569+0000] {logging_mixin.py:188} INFO - [2024-02-10T19:58:21.559+0000] {dagbag.py:348} ERROR - Failed to import: /opt/airflow/dags/Weather_dag.py
Traceback (most recent call last):
  File "/home/airflow/.local/lib/python3.8/site-packages/airflow/models/dagbag.py", line 344, in parse
    loader.exec_module(new_module)
  File "<frozen importlib._bootstrap_external>", line 843, in exec_module
  File "<frozen importlib._bootstrap>", line 219, in _call_with_frames_removed
  File "/opt/airflow/dags/Weather_dag.py", line 8, in <module>
    import s3fs
ModuleNotFoundError: No module named 's3fs'
[2024-02-10T19:58:21.572+0000] {processor.py:842} WARNING - No viable dags retrieved from /opt/airflow/dags/Weather_dag.py
[2024-02-10T19:58:21.626+0000] {processor.py:183} INFO - Processing /opt/airflow/dags/Weather_dag.py took 3.335 seconds
[2024-02-10T19:58:51.812+0000] {processor.py:161} INFO - Started process (PID=159) to work on /opt/airflow/dags/Weather_dag.py
[2024-02-10T19:58:51.814+0000] {processor.py:830} INFO - Processing file /opt/airflow/dags/Weather_dag.py for tasks to queue
[2024-02-10T19:58:51.821+0000] {logging_mixin.py:188} INFO - [2024-02-10T19:58:51.820+0000] {dagbag.py:538} INFO - Filling up the DagBag from /opt/airflow/dags/Weather_dag.py
[2024-02-10T19:58:52.641+0000] {logging_mixin.py:188} INFO - [2024-02-10T19:58:52.636+0000] {dagbag.py:348} ERROR - Failed to import: /opt/airflow/dags/Weather_dag.py
Traceback (most recent call last):
  File "/home/airflow/.local/lib/python3.8/site-packages/airflow/models/dagbag.py", line 344, in parse
    loader.exec_module(new_module)
  File "<frozen importlib._bootstrap_external>", line 843, in exec_module
  File "<frozen importlib._bootstrap>", line 219, in _call_with_frames_removed
  File "/opt/airflow/dags/Weather_dag.py", line 8, in <module>
    import s3fs
ModuleNotFoundError: No module named 's3fs'
[2024-02-10T19:58:52.642+0000] {processor.py:842} WARNING - No viable dags retrieved from /opt/airflow/dags/Weather_dag.py
[2024-02-10T19:58:52.687+0000] {processor.py:183} INFO - Processing /opt/airflow/dags/Weather_dag.py took 0.885 seconds
[2024-02-10T19:59:23.505+0000] {processor.py:161} INFO - Started process (PID=218) to work on /opt/airflow/dags/Weather_dag.py
[2024-02-10T19:59:23.507+0000] {processor.py:830} INFO - Processing file /opt/airflow/dags/Weather_dag.py for tasks to queue
[2024-02-10T19:59:23.511+0000] {logging_mixin.py:188} INFO - [2024-02-10T19:59:23.510+0000] {dagbag.py:538} INFO - Filling up the DagBag from /opt/airflow/dags/Weather_dag.py
[2024-02-10T19:59:24.319+0000] {logging_mixin.py:188} INFO - [2024-02-10T19:59:24.314+0000] {dagbag.py:348} ERROR - Failed to import: /opt/airflow/dags/Weather_dag.py
Traceback (most recent call last):
  File "/home/airflow/.local/lib/python3.8/site-packages/airflow/models/dagbag.py", line 344, in parse
    loader.exec_module(new_module)
  File "<frozen importlib._bootstrap_external>", line 843, in exec_module
  File "<frozen importlib._bootstrap>", line 219, in _call_with_frames_removed
  File "/opt/airflow/dags/Weather_dag.py", line 8, in <module>
    import s3fs
ModuleNotFoundError: No module named 's3fs'
[2024-02-10T19:59:24.321+0000] {processor.py:842} WARNING - No viable dags retrieved from /opt/airflow/dags/Weather_dag.py
[2024-02-10T19:59:24.344+0000] {processor.py:183} INFO - Processing /opt/airflow/dags/Weather_dag.py took 0.847 seconds
