[2024-02-12T21:31:31.954+0000] {taskinstance.py:1956} INFO - Dependencies all met for dep_context=non-requeueable deps ti=<TaskInstance: weather_dag.weather_api_ready scheduled__2024-02-12T21:00:00+00:00 [queued]>
[2024-02-12T21:31:31.975+0000] {taskinstance.py:1956} INFO - Dependencies all met for dep_context=requeueable deps ti=<TaskInstance: weather_dag.weather_api_ready scheduled__2024-02-12T21:00:00+00:00 [queued]>
[2024-02-12T21:31:31.976+0000] {taskinstance.py:2170} INFO - Starting attempt 1 of 3
[2024-02-12T21:31:32.009+0000] {taskinstance.py:2191} INFO - Executing <Task(HttpSensor): weather_api_ready> on 2024-02-12 21:00:00+00:00
[2024-02-12T21:31:32.022+0000] {standard_task_runner.py:60} INFO - Started process 60 to run task
[2024-02-12T21:31:32.030+0000] {standard_task_runner.py:87} INFO - Running: ['***', 'tasks', 'run', 'weather_dag', 'weather_api_ready', 'scheduled__2024-02-12T21:00:00+00:00', '--job-id', '32', '--raw', '--subdir', 'DAGS_FOLDER/Weather_dag.py', '--cfg-path', '/tmp/tmp9h2lwrjk']
[2024-02-12T21:31:32.036+0000] {standard_task_runner.py:88} INFO - Job 32: Subtask weather_api_ready
[2024-02-12T21:31:32.169+0000] {task_command.py:423} INFO - Running <TaskInstance: weather_dag.weather_api_ready scheduled__2024-02-12T21:00:00+00:00 [running]> on host 3bd3b2605e24
[2024-02-12T21:31:32.399+0000] {taskinstance.py:2480} INFO - Exporting env vars: AIRFLOW_CTX_DAG_OWNER='stellar' AIRFLOW_CTX_DAG_ID='weather_dag' AIRFLOW_CTX_TASK_ID='weather_api_ready' AIRFLOW_CTX_EXECUTION_DATE='2024-02-12T21:00:00+00:00' AIRFLOW_CTX_TRY_NUMBER='1' AIRFLOW_CTX_DAG_RUN_ID='scheduled__2024-02-12T21:00:00+00:00'
[2024-02-12T21:31:32.406+0000] {http.py:130} INFO - Poking: /data/2.5/weather?q=Bangkok&appid=d69585a88935d2a759a90a77d406e260
[2024-02-12T21:31:32.438+0000] {base.py:83} INFO - Using connection ID 'weather_conn_id' for task execution.
[2024-02-12T21:31:32.769+0000] {base.py:295} INFO - Success criteria met. Exiting.
[2024-02-12T21:31:32.795+0000] {taskinstance.py:1138} INFO - Marking task as SUCCESS. dag_id=weather_dag, task_id=weather_api_ready, execution_date=20240212T210000, start_date=20240212T213131, end_date=20240212T213132
[2024-02-12T21:31:32.864+0000] {local_task_job_runner.py:234} INFO - Task exited with return code 0
[2024-02-12T21:31:32.970+0000] {taskinstance.py:3280} INFO - 1 downstream tasks scheduled from follow-on schedule check
[2024-02-12T21:36:57.317+0000] {taskinstance.py:1956} INFO - Dependencies all met for dep_context=non-requeueable deps ti=<TaskInstance: weather_dag.weather_api_ready scheduled__2024-02-12T21:00:00+00:00 [queued]>
[2024-02-12T21:36:57.331+0000] {taskinstance.py:1956} INFO - Dependencies all met for dep_context=requeueable deps ti=<TaskInstance: weather_dag.weather_api_ready scheduled__2024-02-12T21:00:00+00:00 [queued]>
[2024-02-12T21:36:57.332+0000] {taskinstance.py:2170} INFO - Starting attempt 1 of 3
[2024-02-12T21:36:57.363+0000] {taskinstance.py:2191} INFO - Executing <Task(HttpSensor): weather_api_ready> on 2024-02-12 21:00:00+00:00
[2024-02-12T21:36:57.374+0000] {standard_task_runner.py:60} INFO - Started process 73 to run task
[2024-02-12T21:36:57.381+0000] {standard_task_runner.py:87} INFO - Running: ['***', 'tasks', 'run', 'weather_dag', 'weather_api_ready', 'scheduled__2024-02-12T21:00:00+00:00', '--job-id', '47', '--raw', '--subdir', 'DAGS_FOLDER/Weather_dag.py', '--cfg-path', '/tmp/tmp58a3oik_']
[2024-02-12T21:36:57.384+0000] {standard_task_runner.py:88} INFO - Job 47: Subtask weather_api_ready
[2024-02-12T21:36:57.464+0000] {task_command.py:423} INFO - Running <TaskInstance: weather_dag.weather_api_ready scheduled__2024-02-12T21:00:00+00:00 [running]> on host 3bd3b2605e24
[2024-02-12T21:36:57.567+0000] {taskinstance.py:2480} INFO - Exporting env vars: AIRFLOW_CTX_DAG_OWNER='stellar' AIRFLOW_CTX_DAG_ID='weather_dag' AIRFLOW_CTX_TASK_ID='weather_api_ready' AIRFLOW_CTX_EXECUTION_DATE='2024-02-12T21:00:00+00:00' AIRFLOW_CTX_TRY_NUMBER='1' AIRFLOW_CTX_DAG_RUN_ID='scheduled__2024-02-12T21:00:00+00:00'
[2024-02-12T21:36:57.569+0000] {http.py:130} INFO - Poking: /data/2.5/weather?q=Bangkok&appid=d69585a88935d2a759a90a77d406e260
[2024-02-12T21:36:57.583+0000] {base.py:83} INFO - Using connection ID 'weather_conn_id' for task execution.
[2024-02-12T21:36:57.823+0000] {base.py:295} INFO - Success criteria met. Exiting.
[2024-02-12T21:36:57.838+0000] {taskinstance.py:1138} INFO - Marking task as SUCCESS. dag_id=weather_dag, task_id=weather_api_ready, execution_date=20240212T210000, start_date=20240212T213657, end_date=20240212T213657
[2024-02-12T21:36:57.874+0000] {local_task_job_runner.py:234} INFO - Task exited with return code 0
[2024-02-12T21:36:57.929+0000] {taskinstance.py:3280} INFO - 1 downstream tasks scheduled from follow-on schedule check
[2024-02-12T21:49:38.198+0000] {taskinstance.py:1956} INFO - Dependencies all met for dep_context=non-requeueable deps ti=<TaskInstance: weather_dag.weather_api_ready scheduled__2024-02-12T21:00:00+00:00 [queued]>
[2024-02-12T21:49:38.214+0000] {taskinstance.py:1956} INFO - Dependencies all met for dep_context=requeueable deps ti=<TaskInstance: weather_dag.weather_api_ready scheduled__2024-02-12T21:00:00+00:00 [queued]>
[2024-02-12T21:49:38.215+0000] {taskinstance.py:2170} INFO - Starting attempt 1 of 3
[2024-02-12T21:49:38.239+0000] {taskinstance.py:2191} INFO - Executing <Task(HttpSensor): weather_api_ready> on 2024-02-12 21:00:00+00:00
[2024-02-12T21:49:38.248+0000] {standard_task_runner.py:60} INFO - Started process 63 to run task
[2024-02-12T21:49:38.253+0000] {standard_task_runner.py:87} INFO - Running: ['***', 'tasks', 'run', 'weather_dag', 'weather_api_ready', 'scheduled__2024-02-12T21:00:00+00:00', '--job-id', '71', '--raw', '--subdir', 'DAGS_FOLDER/Weather_dag.py', '--cfg-path', '/tmp/tmpu84miqxe']
[2024-02-12T21:49:38.256+0000] {standard_task_runner.py:88} INFO - Job 71: Subtask weather_api_ready
[2024-02-12T21:49:38.348+0000] {task_command.py:423} INFO - Running <TaskInstance: weather_dag.weather_api_ready scheduled__2024-02-12T21:00:00+00:00 [running]> on host 3bd3b2605e24
[2024-02-12T21:49:38.482+0000] {taskinstance.py:2480} INFO - Exporting env vars: AIRFLOW_CTX_DAG_OWNER='stellar' AIRFLOW_CTX_DAG_ID='weather_dag' AIRFLOW_CTX_TASK_ID='weather_api_ready' AIRFLOW_CTX_EXECUTION_DATE='2024-02-12T21:00:00+00:00' AIRFLOW_CTX_TRY_NUMBER='1' AIRFLOW_CTX_DAG_RUN_ID='scheduled__2024-02-12T21:00:00+00:00'
[2024-02-12T21:49:38.484+0000] {http.py:130} INFO - Poking: /data/2.5/weather?q=Bangkok&appid=d69585a88935d2a759a90a77d406e260
[2024-02-12T21:49:38.498+0000] {base.py:83} INFO - Using connection ID 'weather_conn_id' for task execution.
[2024-02-12T21:49:38.775+0000] {base.py:295} INFO - Success criteria met. Exiting.
[2024-02-12T21:49:38.794+0000] {taskinstance.py:1138} INFO - Marking task as SUCCESS. dag_id=weather_dag, task_id=weather_api_ready, execution_date=20240212T210000, start_date=20240212T214938, end_date=20240212T214938
[2024-02-12T21:49:38.868+0000] {local_task_job_runner.py:234} INFO - Task exited with return code 0
[2024-02-12T21:49:38.983+0000] {taskinstance.py:3280} INFO - 1 downstream tasks scheduled from follow-on schedule check
[2024-02-12T21:55:52.951+0000] {taskinstance.py:1956} INFO - Dependencies all met for dep_context=non-requeueable deps ti=<TaskInstance: weather_dag.weather_api_ready scheduled__2024-02-12T21:00:00+00:00 [queued]>
[2024-02-12T21:55:52.997+0000] {taskinstance.py:1956} INFO - Dependencies all met for dep_context=requeueable deps ti=<TaskInstance: weather_dag.weather_api_ready scheduled__2024-02-12T21:00:00+00:00 [queued]>
[2024-02-12T21:55:52.998+0000] {taskinstance.py:2170} INFO - Starting attempt 1 of 3
[2024-02-12T21:55:53.484+0000] {taskinstance.py:2191} INFO - Executing <Task(HttpSensor): weather_api_ready> on 2024-02-12 21:00:00+00:00
[2024-02-12T21:55:53.499+0000] {standard_task_runner.py:60} INFO - Started process 72 to run task
[2024-02-12T21:55:53.511+0000] {standard_task_runner.py:87} INFO - Running: ['***', 'tasks', 'run', 'weather_dag', 'weather_api_ready', 'scheduled__2024-02-12T21:00:00+00:00', '--job-id', '88', '--raw', '--subdir', 'DAGS_FOLDER/Weather_dag.py', '--cfg-path', '/tmp/tmp7_eecepq']
[2024-02-12T21:55:53.514+0000] {standard_task_runner.py:88} INFO - Job 88: Subtask weather_api_ready
[2024-02-12T21:55:53.651+0000] {task_command.py:423} INFO - Running <TaskInstance: weather_dag.weather_api_ready scheduled__2024-02-12T21:00:00+00:00 [running]> on host 3bd3b2605e24
[2024-02-12T21:55:54.215+0000] {taskinstance.py:2480} INFO - Exporting env vars: AIRFLOW_CTX_DAG_OWNER='stellar' AIRFLOW_CTX_DAG_ID='weather_dag' AIRFLOW_CTX_TASK_ID='weather_api_ready' AIRFLOW_CTX_EXECUTION_DATE='2024-02-12T21:00:00+00:00' AIRFLOW_CTX_TRY_NUMBER='1' AIRFLOW_CTX_DAG_RUN_ID='scheduled__2024-02-12T21:00:00+00:00'
[2024-02-12T21:55:54.218+0000] {http.py:130} INFO - Poking: /data/2.5/weather?q=Bangkok&appid=d69585a88935d2a759a90a77d406e260
[2024-02-12T21:55:54.235+0000] {base.py:83} INFO - Using connection ID 'weather_conn_id' for task execution.
[2024-02-12T21:55:54.496+0000] {base.py:295} INFO - Success criteria met. Exiting.
[2024-02-12T21:55:54.510+0000] {taskinstance.py:1138} INFO - Marking task as SUCCESS. dag_id=weather_dag, task_id=weather_api_ready, execution_date=20240212T210000, start_date=20240212T215552, end_date=20240212T215554
[2024-02-12T21:55:54.847+0000] {local_task_job_runner.py:234} INFO - Task exited with return code 0
[2024-02-12T21:55:54.921+0000] {taskinstance.py:3280} INFO - 1 downstream tasks scheduled from follow-on schedule check
