[2024-02-12T22:03:33.330+0000] {taskinstance.py:1956} INFO - Dependencies all met for dep_context=non-requeueable deps ti=<TaskInstance: weather_dag.weather_api_ready scheduled__2024-02-12T21:30:00+00:00 [queued]>
[2024-02-12T22:03:33.346+0000] {taskinstance.py:1956} INFO - Dependencies all met for dep_context=requeueable deps ti=<TaskInstance: weather_dag.weather_api_ready scheduled__2024-02-12T21:30:00+00:00 [queued]>
[2024-02-12T22:03:33.347+0000] {taskinstance.py:2170} INFO - Starting attempt 1 of 3
[2024-02-12T22:03:33.375+0000] {taskinstance.py:2191} INFO - Executing <Task(HttpSensor): weather_api_ready> on 2024-02-12 21:30:00+00:00
[2024-02-12T22:03:33.384+0000] {standard_task_runner.py:60} INFO - Started process 64 to run task
[2024-02-12T22:03:33.396+0000] {standard_task_runner.py:87} INFO - Running: ['***', 'tasks', 'run', 'weather_dag', 'weather_api_ready', 'scheduled__2024-02-12T21:30:00+00:00', '--job-id', '102', '--raw', '--subdir', 'DAGS_FOLDER/Weather_dag.py', '--cfg-path', '/tmp/tmpmcjwsxmr']
[2024-02-12T22:03:33.399+0000] {standard_task_runner.py:88} INFO - Job 102: Subtask weather_api_ready
[2024-02-12T22:03:33.619+0000] {task_command.py:423} INFO - Running <TaskInstance: weather_dag.weather_api_ready scheduled__2024-02-12T21:30:00+00:00 [running]> on host 3bd3b2605e24
[2024-02-12T22:03:33.909+0000] {taskinstance.py:2480} INFO - Exporting env vars: AIRFLOW_CTX_DAG_OWNER='stellar' AIRFLOW_CTX_DAG_ID='weather_dag' AIRFLOW_CTX_TASK_ID='weather_api_ready' AIRFLOW_CTX_EXECUTION_DATE='2024-02-12T21:30:00+00:00' AIRFLOW_CTX_TRY_NUMBER='1' AIRFLOW_CTX_DAG_RUN_ID='scheduled__2024-02-12T21:30:00+00:00'
[2024-02-12T22:03:33.914+0000] {http.py:130} INFO - Poking: /data/2.5/weather?q=Bangkok&appid=d69585a88935d2a759a90a77d406e260
[2024-02-12T22:03:33.966+0000] {base.py:83} INFO - Using connection ID 'weather_conn_id' for task execution.
[2024-02-12T22:03:34.296+0000] {base.py:295} INFO - Success criteria met. Exiting.
[2024-02-12T22:03:34.317+0000] {taskinstance.py:1138} INFO - Marking task as SUCCESS. dag_id=weather_dag, task_id=weather_api_ready, execution_date=20240212T213000, start_date=20240212T220333, end_date=20240212T220334
[2024-02-12T22:03:34.358+0000] {local_task_job_runner.py:234} INFO - Task exited with return code 0
[2024-02-12T22:03:34.423+0000] {taskinstance.py:3280} INFO - 1 downstream tasks scheduled from follow-on schedule check
[2024-02-12T22:27:49.849+0000] {taskinstance.py:1956} INFO - Dependencies all met for dep_context=non-requeueable deps ti=<TaskInstance: weather_dag.weather_api_ready scheduled__2024-02-12T21:30:00+00:00 [queued]>
[2024-02-12T22:27:49.866+0000] {taskinstance.py:1956} INFO - Dependencies all met for dep_context=requeueable deps ti=<TaskInstance: weather_dag.weather_api_ready scheduled__2024-02-12T21:30:00+00:00 [queued]>
[2024-02-12T22:27:49.902+0000] {taskinstance.py:2170} INFO - Starting attempt 1 of 3
[2024-02-12T22:27:49.948+0000] {taskinstance.py:2191} INFO - Executing <Task(HttpSensor): weather_api_ready> on 2024-02-12 21:30:00+00:00
[2024-02-12T22:27:49.957+0000] {standard_task_runner.py:60} INFO - Started process 65 to run task
[2024-02-12T22:27:49.965+0000] {standard_task_runner.py:87} INFO - Running: ['***', 'tasks', 'run', 'weather_dag', 'weather_api_ready', 'scheduled__2024-02-12T21:30:00+00:00', '--job-id', '115', '--raw', '--subdir', 'DAGS_FOLDER/Weather_dag.py', '--cfg-path', '/tmp/tmp0drtnt6b']
[2024-02-12T22:27:49.968+0000] {standard_task_runner.py:88} INFO - Job 115: Subtask weather_api_ready
[2024-02-12T22:27:50.071+0000] {task_command.py:423} INFO - Running <TaskInstance: weather_dag.weather_api_ready scheduled__2024-02-12T21:30:00+00:00 [running]> on host 3bd3b2605e24
[2024-02-12T22:27:50.220+0000] {taskinstance.py:2480} INFO - Exporting env vars: AIRFLOW_CTX_DAG_OWNER='stellar' AIRFLOW_CTX_DAG_ID='weather_dag' AIRFLOW_CTX_TASK_ID='weather_api_ready' AIRFLOW_CTX_EXECUTION_DATE='2024-02-12T21:30:00+00:00' AIRFLOW_CTX_TRY_NUMBER='1' AIRFLOW_CTX_DAG_RUN_ID='scheduled__2024-02-12T21:30:00+00:00'
[2024-02-12T22:27:50.224+0000] {http.py:130} INFO - Poking: /data/2.5/weather?q=Bangkok&appid=d69585a88935d2a759a90a77d406e260
[2024-02-12T22:27:50.238+0000] {base.py:83} INFO - Using connection ID 'weather_conn_id' for task execution.
[2024-02-12T22:27:50.472+0000] {base.py:295} INFO - Success criteria met. Exiting.
[2024-02-12T22:27:50.486+0000] {taskinstance.py:1138} INFO - Marking task as SUCCESS. dag_id=weather_dag, task_id=weather_api_ready, execution_date=20240212T213000, start_date=20240212T222749, end_date=20240212T222750
[2024-02-12T22:27:50.538+0000] {local_task_job_runner.py:234} INFO - Task exited with return code 0
[2024-02-12T22:27:50.593+0000] {taskinstance.py:3280} INFO - 1 downstream tasks scheduled from follow-on schedule check
