[2024-02-12T22:30:18.944+0000] {taskinstance.py:1956} INFO - Dependencies all met for dep_context=non-requeueable deps ti=<TaskInstance: weather_dag.create_snowflake_table scheduled__2024-02-12T22:00:00+00:00 [queued]>
[2024-02-12T22:30:18.956+0000] {taskinstance.py:1956} INFO - Dependencies all met for dep_context=requeueable deps ti=<TaskInstance: weather_dag.create_snowflake_table scheduled__2024-02-12T22:00:00+00:00 [queued]>
[2024-02-12T22:30:18.957+0000] {taskinstance.py:2170} INFO - Starting attempt 1 of 3
[2024-02-12T22:30:18.977+0000] {taskinstance.py:2191} INFO - Executing <Task(SnowflakeOperator): create_snowflake_table> on 2024-02-12 22:00:00+00:00
[2024-02-12T22:30:18.985+0000] {standard_task_runner.py:60} INFO - Started process 154 to run task
[2024-02-12T22:30:18.991+0000] {standard_task_runner.py:87} INFO - Running: ['***', 'tasks', 'run', 'weather_dag', 'create_snowflake_table', 'scheduled__2024-02-12T22:00:00+00:00', '--job-id', '135', '--raw', '--subdir', 'DAGS_FOLDER/Weather_dag.py', '--cfg-path', '/tmp/tmp8w1wz2hg']
[2024-02-12T22:30:18.993+0000] {standard_task_runner.py:88} INFO - Job 135: Subtask create_snowflake_table
[2024-02-12T22:30:19.061+0000] {task_command.py:423} INFO - Running <TaskInstance: weather_dag.create_snowflake_table scheduled__2024-02-12T22:00:00+00:00 [running]> on host 3bd3b2605e24
[2024-02-12T22:30:19.186+0000] {taskinstance.py:2480} INFO - Exporting env vars: AIRFLOW_CTX_DAG_OWNER='stellar' AIRFLOW_CTX_DAG_ID='weather_dag' AIRFLOW_CTX_TASK_ID='create_snowflake_table' AIRFLOW_CTX_EXECUTION_DATE='2024-02-12T22:00:00+00:00' AIRFLOW_CTX_TRY_NUMBER='1' AIRFLOW_CTX_DAG_RUN_ID='scheduled__2024-02-12T22:00:00+00:00'
[2024-02-12T22:30:19.188+0000] {sql.py:276} INFO - Executing: 
                    CREATE TABLE IF NOT EXISTS Bangkok (
                        "Time of Record" datetime,
                        City varchar(25),
                        Description varchar(25),
                        "Temperature (C)" float,
                        "Feels Like (C)" float,
                        "Minimun Temp (C)" float,
                        "Maximum Temp (C)" float,
                        Pressure integer,
                        Humidty integer,
                        "Wind Speed" float,
                        "Sunrise (Local Time)" datetime,
                        "Sunset (Local Time)" datetime
                    );
            
[2024-02-12T22:30:19.204+0000] {base.py:83} INFO - Using connection ID 'conn_id_snowflake' for task execution.
[2024-02-12T22:30:19.217+0000] {base.py:83} INFO - Using connection ID 'conn_id_snowflake' for task execution.
[2024-02-12T22:30:19.218+0000] {connection.py:370} INFO - Snowflake Connector for Python Version: 3.6.0, Python Version: 3.8.18, Platform: Linux-5.15.133.1-microsoft-standard-WSL2-x86_64-with-glibc2.34
[2024-02-12T22:30:19.220+0000] {connection.py:1171} INFO - This connection is in OCSP Fail Open Mode. TLS Certificates would be checked for validity and revocation status. Any other Certificate Revocation related exceptions or OCSP Responder failures would be disregarded in favor of connectivity.
[2024-02-12T22:30:19.713+0000] {cursor.py:1028} INFO - query: [ALTER SESSION SET autocommit=False]
[2024-02-12T22:30:19.797+0000] {cursor.py:1041} INFO - query execution done
[2024-02-12T22:30:19.799+0000] {cursor.py:1205} INFO - Number of results in first chunk: 1
[2024-02-12T22:30:19.800+0000] {sql.py:450} INFO - Running statement: CREATE TABLE IF NOT EXISTS Bangkok (
                        "Time of Record" datetime,
                        City varchar(25),
                        Description varchar(25),
                        "Temperature (C)" float,
                        "Feels Like (C)" float,
                        "Minimun Temp (C)" float,
                        "Maximum Temp (C)" float,
                        Pressure integer,
                        Humidty integer,
                        "Wind Speed" float,
                        "Sunrise (Local Time)" datetime,
                        "Sunset (Local Time)" datetime
                    );, parameters: None
[2024-02-12T22:30:19.801+0000] {cursor.py:1028} INFO - query: [CREATE TABLE IF NOT EXISTS Bangkok ( "Time of Record" datetime, City varchar(25)...]
[2024-02-12T22:30:19.889+0000] {cursor.py:1041} INFO - query execution done
[2024-02-12T22:30:19.890+0000] {cursor.py:1205} INFO - Number of results in first chunk: 1
[2024-02-12T22:30:19.891+0000] {sql.py:459} INFO - Rows affected: 1
[2024-02-12T22:30:19.892+0000] {snowflake.py:400} INFO - Rows affected: 1
[2024-02-12T22:30:19.893+0000] {snowflake.py:401} INFO - Snowflake query id: 01b24f66-3200-fe52-0007-a44e000121be
[2024-02-12T22:30:19.895+0000] {cursor.py:1028} INFO - query: [COMMIT]
[2024-02-12T22:30:19.966+0000] {cursor.py:1041} INFO - query execution done
[2024-02-12T22:30:19.968+0000] {cursor.py:1205} INFO - Number of results in first chunk: 1
[2024-02-12T22:30:19.968+0000] {connection.py:718} INFO - closed
[2024-02-12T22:30:20.028+0000] {connection.py:724} INFO - No async queries seem to be running, deleting session
[2024-02-12T22:30:20.115+0000] {taskinstance.py:1138} INFO - Marking task as SUCCESS. dag_id=weather_dag, task_id=create_snowflake_table, execution_date=20240212T220000, start_date=20240212T223018, end_date=20240212T223020
[2024-02-12T22:30:20.169+0000] {local_task_job_runner.py:234} INFO - Task exited with return code 0
[2024-02-12T22:30:20.207+0000] {taskinstance.py:3280} INFO - 1 downstream tasks scheduled from follow-on schedule check
