[2024-02-12T21:31:43.573+0000] {taskinstance.py:1956} INFO - Dependencies all met for dep_context=non-requeueable deps ti=<TaskInstance: weather_dag.create_snowflake_database scheduled__2024-02-12T21:00:00+00:00 [queued]>
[2024-02-12T21:31:43.596+0000] {taskinstance.py:1956} INFO - Dependencies all met for dep_context=requeueable deps ti=<TaskInstance: weather_dag.create_snowflake_database scheduled__2024-02-12T21:00:00+00:00 [queued]>
[2024-02-12T21:31:43.597+0000] {taskinstance.py:2170} INFO - Starting attempt 1 of 3
[2024-02-12T21:31:43.626+0000] {taskinstance.py:2191} INFO - Executing <Task(SnowflakeOperator): create_snowflake_database> on 2024-02-12 21:00:00+00:00
[2024-02-12T21:31:43.642+0000] {standard_task_runner.py:60} INFO - Started process 82 to run task
[2024-02-12T21:31:43.652+0000] {standard_task_runner.py:87} INFO - Running: ['***', 'tasks', 'run', 'weather_dag', 'create_snowflake_database', 'scheduled__2024-02-12T21:00:00+00:00', '--job-id', '38', '--raw', '--subdir', 'DAGS_FOLDER/Weather_dag.py', '--cfg-path', '/tmp/tmp9fx3e58q']
[2024-02-12T21:31:43.656+0000] {standard_task_runner.py:88} INFO - Job 38: Subtask create_snowflake_database
[2024-02-12T21:31:43.854+0000] {task_command.py:423} INFO - Running <TaskInstance: weather_dag.create_snowflake_database scheduled__2024-02-12T21:00:00+00:00 [running]> on host 3bd3b2605e24
[2024-02-12T21:31:44.310+0000] {taskinstance.py:2480} INFO - Exporting env vars: AIRFLOW_CTX_DAG_OWNER='stellar' AIRFLOW_CTX_DAG_ID='weather_dag' AIRFLOW_CTX_TASK_ID='create_snowflake_database' AIRFLOW_CTX_EXECUTION_DATE='2024-02-12T21:00:00+00:00' AIRFLOW_CTX_TRY_NUMBER='1' AIRFLOW_CTX_DAG_RUN_ID='scheduled__2024-02-12T21:00:00+00:00'
[2024-02-12T21:31:44.315+0000] {sql.py:276} INFO - Executing: 
                    CREATE DATABASE IF NOT EXISTS Project ;
            
[2024-02-12T21:31:44.352+0000] {base.py:83} INFO - Using connection ID 'conn_id_snowflake' for task execution.
[2024-02-12T21:31:44.372+0000] {base.py:83} INFO - Using connection ID 'conn_id_snowflake' for task execution.
[2024-02-12T21:31:44.373+0000] {connection.py:370} INFO - Snowflake Connector for Python Version: 3.6.0, Python Version: 3.8.18, Platform: Linux-5.15.133.1-microsoft-standard-WSL2-x86_64-with-glibc2.34
[2024-02-12T21:31:44.376+0000] {connection.py:1171} INFO - This connection is in OCSP Fail Open Mode. TLS Certificates would be checked for validity and revocation status. Any other Certificate Revocation related exceptions or OCSP Responder failures would be disregarded in favor of connectivity.
[2024-02-12T21:31:44.859+0000] {cursor.py:1028} INFO - query: [ALTER SESSION SET autocommit=False]
[2024-02-12T21:31:44.950+0000] {cursor.py:1041} INFO - query execution done
[2024-02-12T21:31:44.952+0000] {cursor.py:1205} INFO - Number of results in first chunk: 1
[2024-02-12T21:31:44.953+0000] {sql.py:450} INFO - Running statement: CREATE DATABASE IF NOT EXISTS Project ;, parameters: None
[2024-02-12T21:31:44.954+0000] {cursor.py:1028} INFO - query: [CREATE DATABASE IF NOT EXISTS Project ;]
[2024-02-12T21:31:45.105+0000] {cursor.py:1041} INFO - query execution done
[2024-02-12T21:31:45.106+0000] {cursor.py:1205} INFO - Number of results in first chunk: 1
[2024-02-12T21:31:45.107+0000] {sql.py:459} INFO - Rows affected: 1
[2024-02-12T21:31:45.109+0000] {snowflake.py:400} INFO - Rows affected: 1
[2024-02-12T21:31:45.110+0000] {snowflake.py:401} INFO - Snowflake query id: 01b24f2b-3200-fe68-0007-a44e00010396
[2024-02-12T21:31:45.111+0000] {cursor.py:1028} INFO - query: [COMMIT]
[2024-02-12T21:31:45.202+0000] {cursor.py:1041} INFO - query execution done
[2024-02-12T21:31:45.204+0000] {cursor.py:1205} INFO - Number of results in first chunk: 1
[2024-02-12T21:31:45.205+0000] {connection.py:718} INFO - closed
[2024-02-12T21:31:45.271+0000] {connection.py:724} INFO - No async queries seem to be running, deleting session
[2024-02-12T21:31:45.388+0000] {taskinstance.py:1138} INFO - Marking task as SUCCESS. dag_id=weather_dag, task_id=create_snowflake_database, execution_date=20240212T210000, start_date=20240212T213143, end_date=20240212T213145
[2024-02-12T21:31:45.449+0000] {local_task_job_runner.py:234} INFO - Task exited with return code 0
[2024-02-12T21:31:45.558+0000] {taskinstance.py:3280} INFO - 1 downstream tasks scheduled from follow-on schedule check
[2024-02-12T21:37:05.554+0000] {taskinstance.py:1956} INFO - Dependencies all met for dep_context=non-requeueable deps ti=<TaskInstance: weather_dag.create_snowflake_database scheduled__2024-02-12T21:00:00+00:00 [queued]>
[2024-02-12T21:37:05.564+0000] {taskinstance.py:1956} INFO - Dependencies all met for dep_context=requeueable deps ti=<TaskInstance: weather_dag.create_snowflake_database scheduled__2024-02-12T21:00:00+00:00 [queued]>
[2024-02-12T21:37:05.565+0000] {taskinstance.py:2170} INFO - Starting attempt 1 of 3
[2024-02-12T21:37:05.584+0000] {taskinstance.py:2191} INFO - Executing <Task(SnowflakeOperator): create_snowflake_database> on 2024-02-12 21:00:00+00:00
[2024-02-12T21:37:05.591+0000] {standard_task_runner.py:60} INFO - Started process 84 to run task
[2024-02-12T21:37:05.595+0000] {standard_task_runner.py:87} INFO - Running: ['***', 'tasks', 'run', 'weather_dag', 'create_snowflake_database', 'scheduled__2024-02-12T21:00:00+00:00', '--job-id', '51', '--raw', '--subdir', 'DAGS_FOLDER/Weather_dag.py', '--cfg-path', '/tmp/tmp7z9zi_2a']
[2024-02-12T21:37:05.597+0000] {standard_task_runner.py:88} INFO - Job 51: Subtask create_snowflake_database
[2024-02-12T21:37:05.664+0000] {task_command.py:423} INFO - Running <TaskInstance: weather_dag.create_snowflake_database scheduled__2024-02-12T21:00:00+00:00 [running]> on host 3bd3b2605e24
[2024-02-12T21:37:05.766+0000] {taskinstance.py:2480} INFO - Exporting env vars: AIRFLOW_CTX_DAG_OWNER='stellar' AIRFLOW_CTX_DAG_ID='weather_dag' AIRFLOW_CTX_TASK_ID='create_snowflake_database' AIRFLOW_CTX_EXECUTION_DATE='2024-02-12T21:00:00+00:00' AIRFLOW_CTX_TRY_NUMBER='1' AIRFLOW_CTX_DAG_RUN_ID='scheduled__2024-02-12T21:00:00+00:00'
[2024-02-12T21:37:05.768+0000] {sql.py:276} INFO - Executing: 
                    CREATE DATABASE IF NOT EXISTS Project ;
            
[2024-02-12T21:37:05.783+0000] {base.py:83} INFO - Using connection ID 'conn_id_snowflake' for task execution.
[2024-02-12T21:37:05.796+0000] {base.py:83} INFO - Using connection ID 'conn_id_snowflake' for task execution.
[2024-02-12T21:37:05.797+0000] {connection.py:370} INFO - Snowflake Connector for Python Version: 3.6.0, Python Version: 3.8.18, Platform: Linux-5.15.133.1-microsoft-standard-WSL2-x86_64-with-glibc2.34
[2024-02-12T21:37:05.798+0000] {connection.py:1171} INFO - This connection is in OCSP Fail Open Mode. TLS Certificates would be checked for validity and revocation status. Any other Certificate Revocation related exceptions or OCSP Responder failures would be disregarded in favor of connectivity.
[2024-02-12T21:37:06.320+0000] {cursor.py:1028} INFO - query: [ALTER SESSION SET autocommit=False]
[2024-02-12T21:37:06.454+0000] {cursor.py:1041} INFO - query execution done
[2024-02-12T21:37:06.455+0000] {cursor.py:1205} INFO - Number of results in first chunk: 1
[2024-02-12T21:37:06.456+0000] {sql.py:450} INFO - Running statement: CREATE DATABASE IF NOT EXISTS Project ;, parameters: None
[2024-02-12T21:37:06.458+0000] {cursor.py:1028} INFO - query: [CREATE DATABASE IF NOT EXISTS Project ;]
[2024-02-12T21:37:06.609+0000] {cursor.py:1041} INFO - query execution done
[2024-02-12T21:37:06.611+0000] {cursor.py:1205} INFO - Number of results in first chunk: 1
[2024-02-12T21:37:06.612+0000] {sql.py:459} INFO - Rows affected: 1
[2024-02-12T21:37:06.614+0000] {snowflake.py:400} INFO - Rows affected: 1
[2024-02-12T21:37:06.615+0000] {snowflake.py:401} INFO - Snowflake query id: 01b24f31-3200-fe5c-0007-a44e000113da
[2024-02-12T21:37:06.616+0000] {cursor.py:1028} INFO - query: [COMMIT]
[2024-02-12T21:37:06.692+0000] {cursor.py:1041} INFO - query execution done
[2024-02-12T21:37:06.693+0000] {cursor.py:1205} INFO - Number of results in first chunk: 1
[2024-02-12T21:37:06.694+0000] {connection.py:718} INFO - closed
[2024-02-12T21:37:06.752+0000] {connection.py:724} INFO - No async queries seem to be running, deleting session
[2024-02-12T21:37:06.852+0000] {taskinstance.py:1138} INFO - Marking task as SUCCESS. dag_id=weather_dag, task_id=create_snowflake_database, execution_date=20240212T210000, start_date=20240212T213705, end_date=20240212T213706
[2024-02-12T21:37:06.893+0000] {local_task_job_runner.py:234} INFO - Task exited with return code 0
[2024-02-12T21:37:06.937+0000] {taskinstance.py:3280} INFO - 1 downstream tasks scheduled from follow-on schedule check
[2024-02-12T21:49:49.035+0000] {taskinstance.py:1956} INFO - Dependencies all met for dep_context=non-requeueable deps ti=<TaskInstance: weather_dag.create_snowflake_database scheduled__2024-02-12T21:00:00+00:00 [queued]>
[2024-02-12T21:49:49.048+0000] {taskinstance.py:1956} INFO - Dependencies all met for dep_context=requeueable deps ti=<TaskInstance: weather_dag.create_snowflake_database scheduled__2024-02-12T21:00:00+00:00 [queued]>
[2024-02-12T21:49:49.048+0000] {taskinstance.py:2170} INFO - Starting attempt 1 of 3
[2024-02-12T21:49:49.067+0000] {taskinstance.py:2191} INFO - Executing <Task(SnowflakeOperator): create_snowflake_database> on 2024-02-12 21:00:00+00:00
[2024-02-12T21:49:49.075+0000] {standard_task_runner.py:60} INFO - Started process 84 to run task
[2024-02-12T21:49:49.081+0000] {standard_task_runner.py:87} INFO - Running: ['***', 'tasks', 'run', 'weather_dag', 'create_snowflake_database', 'scheduled__2024-02-12T21:00:00+00:00', '--job-id', '76', '--raw', '--subdir', 'DAGS_FOLDER/Weather_dag.py', '--cfg-path', '/tmp/tmpnptel2fh']
[2024-02-12T21:49:49.083+0000] {standard_task_runner.py:88} INFO - Job 76: Subtask create_snowflake_database
[2024-02-12T21:49:49.156+0000] {task_command.py:423} INFO - Running <TaskInstance: weather_dag.create_snowflake_database scheduled__2024-02-12T21:00:00+00:00 [running]> on host 3bd3b2605e24
[2024-02-12T21:49:49.262+0000] {taskinstance.py:2480} INFO - Exporting env vars: AIRFLOW_CTX_DAG_OWNER='stellar' AIRFLOW_CTX_DAG_ID='weather_dag' AIRFLOW_CTX_TASK_ID='create_snowflake_database' AIRFLOW_CTX_EXECUTION_DATE='2024-02-12T21:00:00+00:00' AIRFLOW_CTX_TRY_NUMBER='1' AIRFLOW_CTX_DAG_RUN_ID='scheduled__2024-02-12T21:00:00+00:00'
[2024-02-12T21:49:49.264+0000] {sql.py:276} INFO - Executing: 
                    CREATE DATABASE IF NOT EXISTS Project ;
            
[2024-02-12T21:49:49.283+0000] {base.py:83} INFO - Using connection ID 'conn_id_snowflake' for task execution.
[2024-02-12T21:49:49.300+0000] {base.py:83} INFO - Using connection ID 'conn_id_snowflake' for task execution.
[2024-02-12T21:49:49.301+0000] {connection.py:370} INFO - Snowflake Connector for Python Version: 3.6.0, Python Version: 3.8.18, Platform: Linux-5.15.133.1-microsoft-standard-WSL2-x86_64-with-glibc2.34
[2024-02-12T21:49:49.303+0000] {connection.py:1171} INFO - This connection is in OCSP Fail Open Mode. TLS Certificates would be checked for validity and revocation status. Any other Certificate Revocation related exceptions or OCSP Responder failures would be disregarded in favor of connectivity.
[2024-02-12T21:49:49.798+0000] {cursor.py:1028} INFO - query: [ALTER SESSION SET autocommit=False]
[2024-02-12T21:49:49.890+0000] {cursor.py:1041} INFO - query execution done
[2024-02-12T21:49:49.891+0000] {cursor.py:1205} INFO - Number of results in first chunk: 1
[2024-02-12T21:49:49.892+0000] {sql.py:450} INFO - Running statement: CREATE DATABASE IF NOT EXISTS Project ;, parameters: None
[2024-02-12T21:49:49.893+0000] {cursor.py:1028} INFO - query: [CREATE DATABASE IF NOT EXISTS Project ;]
[2024-02-12T21:49:50.022+0000] {cursor.py:1041} INFO - query execution done
[2024-02-12T21:49:50.024+0000] {cursor.py:1205} INFO - Number of results in first chunk: 1
[2024-02-12T21:49:50.025+0000] {sql.py:459} INFO - Rows affected: 1
[2024-02-12T21:49:50.026+0000] {snowflake.py:400} INFO - Rows affected: 1
[2024-02-12T21:49:50.027+0000] {snowflake.py:401} INFO - Snowflake query id: 01b24f3d-3200-fe5c-0007-a44e00011452
[2024-02-12T21:49:50.028+0000] {cursor.py:1028} INFO - query: [COMMIT]
[2024-02-12T21:49:50.104+0000] {cursor.py:1041} INFO - query execution done
[2024-02-12T21:49:50.105+0000] {cursor.py:1205} INFO - Number of results in first chunk: 1
[2024-02-12T21:49:50.109+0000] {connection.py:718} INFO - closed
[2024-02-12T21:49:50.170+0000] {connection.py:724} INFO - No async queries seem to be running, deleting session
[2024-02-12T21:49:50.263+0000] {taskinstance.py:1138} INFO - Marking task as SUCCESS. dag_id=weather_dag, task_id=create_snowflake_database, execution_date=20240212T210000, start_date=20240212T214949, end_date=20240212T214950
[2024-02-12T21:49:50.299+0000] {local_task_job_runner.py:234} INFO - Task exited with return code 0
[2024-02-12T21:49:50.343+0000] {taskinstance.py:3280} INFO - 1 downstream tasks scheduled from follow-on schedule check
[2024-02-12T21:56:05.443+0000] {taskinstance.py:1956} INFO - Dependencies all met for dep_context=non-requeueable deps ti=<TaskInstance: weather_dag.create_snowflake_database scheduled__2024-02-12T21:00:00+00:00 [queued]>
[2024-02-12T21:56:05.454+0000] {taskinstance.py:1956} INFO - Dependencies all met for dep_context=requeueable deps ti=<TaskInstance: weather_dag.create_snowflake_database scheduled__2024-02-12T21:00:00+00:00 [queued]>
[2024-02-12T21:56:05.455+0000] {taskinstance.py:2170} INFO - Starting attempt 1 of 3
[2024-02-12T21:56:05.475+0000] {taskinstance.py:2191} INFO - Executing <Task(SnowflakeOperator): create_snowflake_database> on 2024-02-12 21:00:00+00:00
[2024-02-12T21:56:05.482+0000] {standard_task_runner.py:60} INFO - Started process 84 to run task
[2024-02-12T21:56:05.487+0000] {standard_task_runner.py:87} INFO - Running: ['***', 'tasks', 'run', 'weather_dag', 'create_snowflake_database', 'scheduled__2024-02-12T21:00:00+00:00', '--job-id', '92', '--raw', '--subdir', 'DAGS_FOLDER/Weather_dag.py', '--cfg-path', '/tmp/tmpytuvcieo']
[2024-02-12T21:56:05.490+0000] {standard_task_runner.py:88} INFO - Job 92: Subtask create_snowflake_database
[2024-02-12T21:56:05.562+0000] {task_command.py:423} INFO - Running <TaskInstance: weather_dag.create_snowflake_database scheduled__2024-02-12T21:00:00+00:00 [running]> on host 3bd3b2605e24
[2024-02-12T21:56:05.669+0000] {taskinstance.py:2480} INFO - Exporting env vars: AIRFLOW_CTX_DAG_OWNER='stellar' AIRFLOW_CTX_DAG_ID='weather_dag' AIRFLOW_CTX_TASK_ID='create_snowflake_database' AIRFLOW_CTX_EXECUTION_DATE='2024-02-12T21:00:00+00:00' AIRFLOW_CTX_TRY_NUMBER='1' AIRFLOW_CTX_DAG_RUN_ID='scheduled__2024-02-12T21:00:00+00:00'
[2024-02-12T21:56:05.671+0000] {sql.py:276} INFO - Executing: 
                    CREATE DATABASE IF NOT EXISTS Project ;
            
[2024-02-12T21:56:05.686+0000] {base.py:83} INFO - Using connection ID 'conn_id_snowflake' for task execution.
[2024-02-12T21:56:05.701+0000] {base.py:83} INFO - Using connection ID 'conn_id_snowflake' for task execution.
[2024-02-12T21:56:05.702+0000] {connection.py:370} INFO - Snowflake Connector for Python Version: 3.6.0, Python Version: 3.8.18, Platform: Linux-5.15.133.1-microsoft-standard-WSL2-x86_64-with-glibc2.34
[2024-02-12T21:56:05.704+0000] {connection.py:1171} INFO - This connection is in OCSP Fail Open Mode. TLS Certificates would be checked for validity and revocation status. Any other Certificate Revocation related exceptions or OCSP Responder failures would be disregarded in favor of connectivity.
[2024-02-12T21:56:06.172+0000] {cursor.py:1028} INFO - query: [ALTER SESSION SET autocommit=False]
[2024-02-12T21:56:06.259+0000] {cursor.py:1041} INFO - query execution done
[2024-02-12T21:56:06.261+0000] {cursor.py:1205} INFO - Number of results in first chunk: 1
[2024-02-12T21:56:06.262+0000] {sql.py:450} INFO - Running statement: CREATE DATABASE IF NOT EXISTS Project ;, parameters: None
[2024-02-12T21:56:06.263+0000] {cursor.py:1028} INFO - query: [CREATE DATABASE IF NOT EXISTS Project ;]
[2024-02-12T21:56:06.396+0000] {cursor.py:1041} INFO - query execution done
[2024-02-12T21:56:06.397+0000] {cursor.py:1205} INFO - Number of results in first chunk: 1
[2024-02-12T21:56:06.398+0000] {sql.py:459} INFO - Rows affected: 1
[2024-02-12T21:56:06.399+0000] {snowflake.py:400} INFO - Rows affected: 1
[2024-02-12T21:56:06.399+0000] {snowflake.py:401} INFO - Snowflake query id: 01b24f44-3200-fe68-0007-a44e0001049a
[2024-02-12T21:56:06.400+0000] {cursor.py:1028} INFO - query: [COMMIT]
[2024-02-12T21:56:07.004+0000] {cursor.py:1041} INFO - query execution done
[2024-02-12T21:56:07.005+0000] {cursor.py:1205} INFO - Number of results in first chunk: 1
[2024-02-12T21:56:07.006+0000] {connection.py:718} INFO - closed
[2024-02-12T21:56:07.076+0000] {connection.py:724} INFO - No async queries seem to be running, deleting session
[2024-02-12T21:56:07.477+0000] {taskinstance.py:1138} INFO - Marking task as SUCCESS. dag_id=weather_dag, task_id=create_snowflake_database, execution_date=20240212T210000, start_date=20240212T215605, end_date=20240212T215607
[2024-02-12T21:56:07.551+0000] {local_task_job_runner.py:234} INFO - Task exited with return code 0
[2024-02-12T21:56:07.612+0000] {taskinstance.py:3280} INFO - 1 downstream tasks scheduled from follow-on schedule check
