[2024-02-12T23:00:32.641+0000] {taskinstance.py:1956} INFO - Dependencies all met for dep_context=non-requeueable deps ti=<TaskInstance: weather_dag.create_snowflake_external_stage scheduled__2024-02-12T22:30:00+00:00 [queued]>
[2024-02-12T23:00:32.653+0000] {taskinstance.py:1956} INFO - Dependencies all met for dep_context=requeueable deps ti=<TaskInstance: weather_dag.create_snowflake_external_stage scheduled__2024-02-12T22:30:00+00:00 [queued]>
[2024-02-12T23:00:32.654+0000] {taskinstance.py:2170} INFO - Starting attempt 1 of 3
[2024-02-12T23:00:32.671+0000] {taskinstance.py:2191} INFO - Executing <Task(SnowflakeOperator): create_snowflake_external_stage> on 2024-02-12 22:30:00+00:00
[2024-02-12T23:00:32.680+0000] {standard_task_runner.py:60} INFO - Started process 343 to run task
[2024-02-12T23:00:32.684+0000] {standard_task_runner.py:87} INFO - Running: ['***', 'tasks', 'run', 'weather_dag', 'create_snowflake_external_stage', 'scheduled__2024-02-12T22:30:00+00:00', '--job-id', '146', '--raw', '--subdir', 'DAGS_FOLDER/Weather_dag.py', '--cfg-path', '/tmp/tmp9utlr8dd']
[2024-02-12T23:00:32.686+0000] {standard_task_runner.py:88} INFO - Job 146: Subtask create_snowflake_external_stage
[2024-02-12T23:00:32.759+0000] {task_command.py:423} INFO - Running <TaskInstance: weather_dag.create_snowflake_external_stage scheduled__2024-02-12T22:30:00+00:00 [running]> on host 3bd3b2605e24
[2024-02-12T23:00:32.922+0000] {taskinstance.py:2480} INFO - Exporting env vars: AIRFLOW_CTX_DAG_OWNER='stellar' AIRFLOW_CTX_DAG_ID='weather_dag' AIRFLOW_CTX_TASK_ID='create_snowflake_external_stage' AIRFLOW_CTX_EXECUTION_DATE='2024-02-12T22:30:00+00:00' AIRFLOW_CTX_TRY_NUMBER='1' AIRFLOW_CTX_DAG_RUN_ID='scheduled__2024-02-12T22:30:00+00:00'
[2024-02-12T23:00:32.925+0000] {sql.py:276} INFO - Executing: 
                    CREATE OR REPLACE STAGE s3_stage
                        URL = "s3://bucket-weather-data/current_weather_data_portland_12022024230013.csv"
                        credentials=(aws_key_id='AKIAVRUVRXEM77SSYROY' aws_secret_key='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');
                
            
[2024-02-12T23:00:32.942+0000] {base.py:83} INFO - Using connection ID 'conn_id_snowflake' for task execution.
[2024-02-12T23:00:32.956+0000] {base.py:83} INFO - Using connection ID 'conn_id_snowflake' for task execution.
[2024-02-12T23:00:32.957+0000] {connection.py:370} INFO - Snowflake Connector for Python Version: 3.6.0, Python Version: 3.8.18, Platform: Linux-5.15.133.1-microsoft-standard-WSL2-x86_64-with-glibc2.34
[2024-02-12T23:00:32.960+0000] {connection.py:1171} INFO - This connection is in OCSP Fail Open Mode. TLS Certificates would be checked for validity and revocation status. Any other Certificate Revocation related exceptions or OCSP Responder failures would be disregarded in favor of connectivity.
[2024-02-12T23:00:33.603+0000] {cursor.py:1028} INFO - query: [ALTER SESSION SET autocommit=False]
[2024-02-12T23:00:33.687+0000] {cursor.py:1041} INFO - query execution done
[2024-02-12T23:00:33.689+0000] {cursor.py:1205} INFO - Number of results in first chunk: 1
[2024-02-12T23:00:33.690+0000] {sql.py:450} INFO - Running statement: CREATE OR REPLACE STAGE s3_stage
                        URL = "s3://bucket-weather-data/current_weather_data_portland_12022024230013.csv"
                        credentials=(aws_key_id='AKIAVRUVRXEM77SSYROY' aws_secret_key='6K0K3J/4qOYp3hPjFgDcayWYKoNNZF9DmVD581vs');, parameters: None
[2024-02-12T23:00:33.691+0000] {cursor.py:1028} INFO - query: [CREATE OR REPLACE STAGE s3_stage URL = "s3://bucket-weather-data/current_weather...]
[2024-02-12T23:00:33.815+0000] {cursor.py:1041} INFO - query execution done
[2024-02-12T23:00:33.816+0000] {cursor.py:1205} INFO - Number of results in first chunk: 1
[2024-02-12T23:00:33.818+0000] {sql.py:459} INFO - Rows affected: 1
[2024-02-12T23:00:33.819+0000] {snowflake.py:400} INFO - Rows affected: 1
[2024-02-12T23:00:33.820+0000] {snowflake.py:401} INFO - Snowflake query id: 01b24f84-3200-fe52-0007-a44e000122d2
[2024-02-12T23:00:33.821+0000] {cursor.py:1028} INFO - query: [COMMIT]
[2024-02-12T23:00:33.891+0000] {cursor.py:1041} INFO - query execution done
[2024-02-12T23:00:33.893+0000] {cursor.py:1205} INFO - Number of results in first chunk: 1
[2024-02-12T23:00:33.894+0000] {connection.py:718} INFO - closed
[2024-02-12T23:00:33.954+0000] {connection.py:724} INFO - No async queries seem to be running, deleting session
[2024-02-12T23:00:34.113+0000] {taskinstance.py:1138} INFO - Marking task as SUCCESS. dag_id=weather_dag, task_id=create_snowflake_external_stage, execution_date=20240212T223000, start_date=20240212T230032, end_date=20240212T230034
[2024-02-12T23:00:34.184+0000] {local_task_job_runner.py:234} INFO - Task exited with return code 0
[2024-02-12T23:00:34.235+0000] {taskinstance.py:3280} INFO - 1 downstream tasks scheduled from follow-on schedule check
