[2024-02-26T22:19:35.600+0000] {taskinstance.py:1956} INFO - Dependencies all met for dep_context=non-requeueable deps ti=<TaskInstance: weather_dag.transform_load_weather_data_to_S3 scheduled__2024-02-26T18:58:00+00:00 [queued]>
[2024-02-26T22:19:35.620+0000] {taskinstance.py:1956} INFO - Dependencies all met for dep_context=requeueable deps ti=<TaskInstance: weather_dag.transform_load_weather_data_to_S3 scheduled__2024-02-26T18:58:00+00:00 [queued]>
[2024-02-26T22:19:35.621+0000] {taskinstance.py:2170} INFO - Starting attempt 1 of 3
[2024-02-26T22:19:35.642+0000] {taskinstance.py:2191} INFO - Executing <Task(PythonOperator): transform_load_weather_data_to_S3> on 2024-02-26 18:58:00+00:00
[2024-02-26T22:19:35.651+0000] {standard_task_runner.py:60} INFO - Started process 180 to run task
[2024-02-26T22:19:35.656+0000] {standard_task_runner.py:87} INFO - Running: ['***', 'tasks', 'run', 'weather_dag', 'transform_load_weather_data_to_S3', 'scheduled__2024-02-26T18:58:00+00:00', '--job-id', '12', '--raw', '--subdir', 'DAGS_FOLDER/Weather_dag.py', '--cfg-path', '/tmp/tmpn419tn43']
[2024-02-26T22:19:35.658+0000] {standard_task_runner.py:88} INFO - Job 12: Subtask transform_load_weather_data_to_S3
[2024-02-26T22:19:35.755+0000] {task_command.py:423} INFO - Running <TaskInstance: weather_dag.transform_load_weather_data_to_S3 scheduled__2024-02-26T18:58:00+00:00 [running]> on host 5d25474dd79a
[2024-02-26T22:19:35.883+0000] {taskinstance.py:2480} INFO - Exporting env vars: AIRFLOW_CTX_DAG_OWNER='stellar' AIRFLOW_CTX_DAG_ID='weather_dag' AIRFLOW_CTX_TASK_ID='transform_load_weather_data_to_S3' AIRFLOW_CTX_EXECUTION_DATE='2024-02-26T18:58:00+00:00' AIRFLOW_CTX_TRY_NUMBER='1' AIRFLOW_CTX_DAG_RUN_ID='scheduled__2024-02-26T18:58:00+00:00'
[2024-02-26T22:19:36.510+0000] {python.py:201} INFO - Done. Returned value was: s3://bucket-weather-data/current_weather_data_portland_26022024221936.csv
[2024-02-26T22:19:36.545+0000] {taskinstance.py:1138} INFO - Marking task as SUCCESS. dag_id=weather_dag, task_id=transform_load_weather_data_to_S3, execution_date=20240226T185800, start_date=20240226T221935, end_date=20240226T221936
[2024-02-26T22:19:36.591+0000] {local_task_job_runner.py:234} INFO - Task exited with return code 0
[2024-02-26T22:19:36.644+0000] {taskinstance.py:3280} INFO - 1 downstream tasks scheduled from follow-on schedule check
[2024-02-26T22:23:24.075+0000] {taskinstance.py:1956} INFO - Dependencies all met for dep_context=non-requeueable deps ti=<TaskInstance: weather_dag.transform_load_weather_data_to_S3 scheduled__2024-02-26T18:58:00+00:00 [queued]>
[2024-02-26T22:23:24.095+0000] {taskinstance.py:1956} INFO - Dependencies all met for dep_context=requeueable deps ti=<TaskInstance: weather_dag.transform_load_weather_data_to_S3 scheduled__2024-02-26T18:58:00+00:00 [queued]>
[2024-02-26T22:23:24.097+0000] {taskinstance.py:2170} INFO - Starting attempt 1 of 3
[2024-02-26T22:23:24.123+0000] {taskinstance.py:2191} INFO - Executing <Task(PythonOperator): transform_load_weather_data_to_S3> on 2024-02-26 18:58:00+00:00
[2024-02-26T22:23:24.133+0000] {standard_task_runner.py:60} INFO - Started process 70 to run task
[2024-02-26T22:23:24.139+0000] {standard_task_runner.py:87} INFO - Running: ['***', 'tasks', 'run', 'weather_dag', 'transform_load_weather_data_to_S3', 'scheduled__2024-02-26T18:58:00+00:00', '--job-id', '26', '--raw', '--subdir', 'DAGS_FOLDER/Weather_dag.py', '--cfg-path', '/tmp/tmp24ucn3oo']
[2024-02-26T22:23:24.142+0000] {standard_task_runner.py:88} INFO - Job 26: Subtask transform_load_weather_data_to_S3
[2024-02-26T22:23:24.232+0000] {task_command.py:423} INFO - Running <TaskInstance: weather_dag.transform_load_weather_data_to_S3 scheduled__2024-02-26T18:58:00+00:00 [running]> on host 5d25474dd79a
[2024-02-26T22:23:24.382+0000] {taskinstance.py:2480} INFO - Exporting env vars: AIRFLOW_CTX_DAG_OWNER='stellar' AIRFLOW_CTX_DAG_ID='weather_dag' AIRFLOW_CTX_TASK_ID='transform_load_weather_data_to_S3' AIRFLOW_CTX_EXECUTION_DATE='2024-02-26T18:58:00+00:00' AIRFLOW_CTX_TRY_NUMBER='1' AIRFLOW_CTX_DAG_RUN_ID='scheduled__2024-02-26T18:58:00+00:00'
[2024-02-26T22:23:25.023+0000] {python.py:201} INFO - Done. Returned value was: s3://bucket-weather-data/current_weather_data_portland_26022024222324.csv
[2024-02-26T22:23:25.078+0000] {taskinstance.py:1138} INFO - Marking task as SUCCESS. dag_id=weather_dag, task_id=transform_load_weather_data_to_S3, execution_date=20240226T185800, start_date=20240226T222324, end_date=20240226T222325
[2024-02-26T22:23:25.155+0000] {local_task_job_runner.py:234} INFO - Task exited with return code 0
[2024-02-26T22:23:25.221+0000] {taskinstance.py:3280} INFO - 1 downstream tasks scheduled from follow-on schedule check
