[2024-02-12T21:31:37.632+0000] {taskinstance.py:1956} INFO - Dependencies all met for dep_context=non-requeueable deps ti=<TaskInstance: weather_dag.transform_load_weather_data_to_S3 scheduled__2024-02-12T21:00:00+00:00 [queued]>
[2024-02-12T21:31:37.658+0000] {taskinstance.py:1956} INFO - Dependencies all met for dep_context=requeueable deps ti=<TaskInstance: weather_dag.transform_load_weather_data_to_S3 scheduled__2024-02-12T21:00:00+00:00 [queued]>
[2024-02-12T21:31:37.660+0000] {taskinstance.py:2170} INFO - Starting attempt 1 of 3
[2024-02-12T21:31:37.692+0000] {taskinstance.py:2191} INFO - Executing <Task(PythonOperator): transform_load_weather_data_to_S3> on 2024-02-12 21:00:00+00:00
[2024-02-12T21:31:37.705+0000] {standard_task_runner.py:60} INFO - Started process 76 to run task
[2024-02-12T21:31:37.711+0000] {standard_task_runner.py:87} INFO - Running: ['***', 'tasks', 'run', 'weather_dag', 'transform_load_weather_data_to_S3', 'scheduled__2024-02-12T21:00:00+00:00', '--job-id', '36', '--raw', '--subdir', 'DAGS_FOLDER/Weather_dag.py', '--cfg-path', '/tmp/tmpbayjh4q1']
[2024-02-12T21:31:37.714+0000] {standard_task_runner.py:88} INFO - Job 36: Subtask transform_load_weather_data_to_S3
[2024-02-12T21:31:37.812+0000] {task_command.py:423} INFO - Running <TaskInstance: weather_dag.transform_load_weather_data_to_S3 scheduled__2024-02-12T21:00:00+00:00 [running]> on host 3bd3b2605e24
[2024-02-12T21:31:37.958+0000] {taskinstance.py:2480} INFO - Exporting env vars: AIRFLOW_CTX_DAG_OWNER='stellar' AIRFLOW_CTX_DAG_ID='weather_dag' AIRFLOW_CTX_TASK_ID='transform_load_weather_data_to_S3' AIRFLOW_CTX_EXECUTION_DATE='2024-02-12T21:00:00+00:00' AIRFLOW_CTX_TRY_NUMBER='1' AIRFLOW_CTX_DAG_RUN_ID='scheduled__2024-02-12T21:00:00+00:00'
[2024-02-12T21:31:38.569+0000] {python.py:201} INFO - Done. Returned value was: s3://bucket-weather-data/current_weather_data_portland_12022024213138.csv
[2024-02-12T21:31:38.624+0000] {taskinstance.py:1138} INFO - Marking task as SUCCESS. dag_id=weather_dag, task_id=transform_load_weather_data_to_S3, execution_date=20240212T210000, start_date=20240212T213137, end_date=20240212T213138
[2024-02-12T21:31:38.688+0000] {local_task_job_runner.py:234} INFO - Task exited with return code 0
[2024-02-12T21:31:38.762+0000] {taskinstance.py:3280} INFO - 1 downstream tasks scheduled from follow-on schedule check
[2024-02-12T21:37:01.541+0000] {taskinstance.py:1956} INFO - Dependencies all met for dep_context=non-requeueable deps ti=<TaskInstance: weather_dag.transform_load_weather_data_to_S3 scheduled__2024-02-12T21:00:00+00:00 [queued]>
[2024-02-12T21:37:01.555+0000] {taskinstance.py:1956} INFO - Dependencies all met for dep_context=requeueable deps ti=<TaskInstance: weather_dag.transform_load_weather_data_to_S3 scheduled__2024-02-12T21:00:00+00:00 [queued]>
[2024-02-12T21:37:01.556+0000] {taskinstance.py:2170} INFO - Starting attempt 1 of 3
[2024-02-12T21:37:01.577+0000] {taskinstance.py:2191} INFO - Executing <Task(PythonOperator): transform_load_weather_data_to_S3> on 2024-02-12 21:00:00+00:00
[2024-02-12T21:37:01.584+0000] {standard_task_runner.py:60} INFO - Started process 79 to run task
[2024-02-12T21:37:01.592+0000] {standard_task_runner.py:87} INFO - Running: ['***', 'tasks', 'run', 'weather_dag', 'transform_load_weather_data_to_S3', 'scheduled__2024-02-12T21:00:00+00:00', '--job-id', '49', '--raw', '--subdir', 'DAGS_FOLDER/Weather_dag.py', '--cfg-path', '/tmp/tmpedgfokpj']
[2024-02-12T21:37:01.595+0000] {standard_task_runner.py:88} INFO - Job 49: Subtask transform_load_weather_data_to_S3
[2024-02-12T21:37:01.668+0000] {task_command.py:423} INFO - Running <TaskInstance: weather_dag.transform_load_weather_data_to_S3 scheduled__2024-02-12T21:00:00+00:00 [running]> on host 3bd3b2605e24
[2024-02-12T21:37:01.786+0000] {taskinstance.py:2480} INFO - Exporting env vars: AIRFLOW_CTX_DAG_OWNER='stellar' AIRFLOW_CTX_DAG_ID='weather_dag' AIRFLOW_CTX_TASK_ID='transform_load_weather_data_to_S3' AIRFLOW_CTX_EXECUTION_DATE='2024-02-12T21:00:00+00:00' AIRFLOW_CTX_TRY_NUMBER='1' AIRFLOW_CTX_DAG_RUN_ID='scheduled__2024-02-12T21:00:00+00:00'
[2024-02-12T21:37:02.393+0000] {python.py:201} INFO - Done. Returned value was: s3://bucket-weather-data/current_weather_data_portland_12022024213702.csv
[2024-02-12T21:37:02.424+0000] {taskinstance.py:1138} INFO - Marking task as SUCCESS. dag_id=weather_dag, task_id=transform_load_weather_data_to_S3, execution_date=20240212T210000, start_date=20240212T213701, end_date=20240212T213702
[2024-02-12T21:37:02.490+0000] {local_task_job_runner.py:234} INFO - Task exited with return code 0
[2024-02-12T21:37:02.548+0000] {taskinstance.py:3280} INFO - 1 downstream tasks scheduled from follow-on schedule check
[2024-02-12T21:49:44.852+0000] {taskinstance.py:1956} INFO - Dependencies all met for dep_context=non-requeueable deps ti=<TaskInstance: weather_dag.transform_load_weather_data_to_S3 scheduled__2024-02-12T21:00:00+00:00 [queued]>
[2024-02-12T21:49:44.871+0000] {taskinstance.py:1956} INFO - Dependencies all met for dep_context=requeueable deps ti=<TaskInstance: weather_dag.transform_load_weather_data_to_S3 scheduled__2024-02-12T21:00:00+00:00 [queued]>
[2024-02-12T21:49:44.873+0000] {taskinstance.py:2170} INFO - Starting attempt 1 of 3
[2024-02-12T21:49:44.901+0000] {taskinstance.py:2191} INFO - Executing <Task(PythonOperator): transform_load_weather_data_to_S3> on 2024-02-12 21:00:00+00:00
[2024-02-12T21:49:44.914+0000] {standard_task_runner.py:60} INFO - Started process 78 to run task
[2024-02-12T21:49:44.921+0000] {standard_task_runner.py:87} INFO - Running: ['***', 'tasks', 'run', 'weather_dag', 'transform_load_weather_data_to_S3', 'scheduled__2024-02-12T21:00:00+00:00', '--job-id', '74', '--raw', '--subdir', 'DAGS_FOLDER/Weather_dag.py', '--cfg-path', '/tmp/tmprj3qj_ru']
[2024-02-12T21:49:44.927+0000] {standard_task_runner.py:88} INFO - Job 74: Subtask transform_load_weather_data_to_S3
[2024-02-12T21:49:45.026+0000] {task_command.py:423} INFO - Running <TaskInstance: weather_dag.transform_load_weather_data_to_S3 scheduled__2024-02-12T21:00:00+00:00 [running]> on host 3bd3b2605e24
[2024-02-12T21:49:45.183+0000] {taskinstance.py:2480} INFO - Exporting env vars: AIRFLOW_CTX_DAG_OWNER='stellar' AIRFLOW_CTX_DAG_ID='weather_dag' AIRFLOW_CTX_TASK_ID='transform_load_weather_data_to_S3' AIRFLOW_CTX_EXECUTION_DATE='2024-02-12T21:00:00+00:00' AIRFLOW_CTX_TRY_NUMBER='1' AIRFLOW_CTX_DAG_RUN_ID='scheduled__2024-02-12T21:00:00+00:00'
[2024-02-12T21:49:45.851+0000] {python.py:201} INFO - Done. Returned value was: s3://bucket-weather-data/current_weather_data_portland_12022024214945.csv
[2024-02-12T21:49:45.887+0000] {taskinstance.py:1138} INFO - Marking task as SUCCESS. dag_id=weather_dag, task_id=transform_load_weather_data_to_S3, execution_date=20240212T210000, start_date=20240212T214944, end_date=20240212T214945
[2024-02-12T21:49:45.940+0000] {local_task_job_runner.py:234} INFO - Task exited with return code 0
[2024-02-12T21:49:45.997+0000] {taskinstance.py:3280} INFO - 1 downstream tasks scheduled from follow-on schedule check
[2024-02-12T21:55:58.945+0000] {taskinstance.py:1956} INFO - Dependencies all met for dep_context=non-requeueable deps ti=<TaskInstance: weather_dag.transform_load_weather_data_to_S3 scheduled__2024-02-12T21:00:00+00:00 [queued]>
[2024-02-12T21:55:58.968+0000] {taskinstance.py:1956} INFO - Dependencies all met for dep_context=requeueable deps ti=<TaskInstance: weather_dag.transform_load_weather_data_to_S3 scheduled__2024-02-12T21:00:00+00:00 [queued]>
[2024-02-12T21:55:58.969+0000] {taskinstance.py:2170} INFO - Starting attempt 1 of 3
[2024-02-12T21:55:59.964+0000] {taskinstance.py:2191} INFO - Executing <Task(PythonOperator): transform_load_weather_data_to_S3> on 2024-02-12 21:00:00+00:00
[2024-02-12T21:55:59.990+0000] {standard_task_runner.py:60} INFO - Started process 78 to run task
[2024-02-12T21:56:00.009+0000] {standard_task_runner.py:87} INFO - Running: ['***', 'tasks', 'run', 'weather_dag', 'transform_load_weather_data_to_S3', 'scheduled__2024-02-12T21:00:00+00:00', '--job-id', '90', '--raw', '--subdir', 'DAGS_FOLDER/Weather_dag.py', '--cfg-path', '/tmp/tmp8cs43eo7']
[2024-02-12T21:56:00.023+0000] {standard_task_runner.py:88} INFO - Job 90: Subtask transform_load_weather_data_to_S3
[2024-02-12T21:56:00.642+0000] {task_command.py:423} INFO - Running <TaskInstance: weather_dag.transform_load_weather_data_to_S3 scheduled__2024-02-12T21:00:00+00:00 [running]> on host 3bd3b2605e24
[2024-02-12T21:56:01.378+0000] {taskinstance.py:2480} INFO - Exporting env vars: AIRFLOW_CTX_DAG_OWNER='stellar' AIRFLOW_CTX_DAG_ID='weather_dag' AIRFLOW_CTX_TASK_ID='transform_load_weather_data_to_S3' AIRFLOW_CTX_EXECUTION_DATE='2024-02-12T21:00:00+00:00' AIRFLOW_CTX_TRY_NUMBER='1' AIRFLOW_CTX_DAG_RUN_ID='scheduled__2024-02-12T21:00:00+00:00'
[2024-02-12T21:56:01.942+0000] {python.py:201} INFO - Done. Returned value was: s3://bucket-weather-data/current_weather_data_portland_12022024215601.csv
[2024-02-12T21:56:02.034+0000] {taskinstance.py:1138} INFO - Marking task as SUCCESS. dag_id=weather_dag, task_id=transform_load_weather_data_to_S3, execution_date=20240212T210000, start_date=20240212T215558, end_date=20240212T215602
[2024-02-12T21:56:02.115+0000] {local_task_job_runner.py:234} INFO - Task exited with return code 0
[2024-02-12T21:56:02.164+0000] {taskinstance.py:3280} INFO - 1 downstream tasks scheduled from follow-on schedule check
