[2024-03-04T09:52:06.872+0000] {processor.py:161} INFO - Started process (PID=41) to work on /opt/airflow/dags/Weather_dag.py
[2024-03-04T09:52:06.875+0000] {processor.py:830} INFO - Processing file /opt/airflow/dags/Weather_dag.py for tasks to queue
[2024-03-04T09:52:06.880+0000] {logging_mixin.py:188} INFO - [2024-03-04T09:52:06.880+0000] {dagbag.py:538} INFO - Filling up the DagBag from /opt/airflow/dags/Weather_dag.py
[2024-03-04T09:52:11.216+0000] {logging_mixin.py:188} INFO - [2024-03-04T09:52:11.203+0000] {dagbag.py:348} ERROR - Failed to import: /opt/airflow/dags/Weather_dag.py
Traceback (most recent call last):
  File "/home/airflow/.local/lib/python3.8/site-packages/airflow/models/dagbag.py", line 344, in parse
    loader.exec_module(new_module)
  File "<frozen importlib._bootstrap_external>", line 843, in exec_module
  File "<frozen importlib._bootstrap>", line 219, in _call_with_frames_removed
  File "/opt/airflow/dags/Weather_dag.py", line 19, in <module>
    s3_client = boto3.client("s3",
  File "/home/airflow/.local/lib/python3.8/site-packages/boto3/__init__.py", line 92, in client
    return _get_default_session().client(*args, **kwargs)
  File "/home/airflow/.local/lib/python3.8/site-packages/boto3/session.py", line 299, in client
    return self._session.create_client(
  File "/home/airflow/.local/lib/python3.8/site-packages/botocore/session.py", line 997, in create_client
    client = client_creator.create_client(
  File "/home/airflow/.local/lib/python3.8/site-packages/botocore/client.py", line 161, in create_client
    client_args = self._get_client_args(
  File "/home/airflow/.local/lib/python3.8/site-packages/botocore/client.py", line 508, in _get_client_args
    return args_creator.get_client_args(
  File "/home/airflow/.local/lib/python3.8/site-packages/botocore/args.py", line 137, in get_client_args
    endpoint = endpoint_creator.create_endpoint(
  File "/home/airflow/.local/lib/python3.8/site-packages/botocore/endpoint.py", line 402, in create_endpoint
    raise ValueError("Invalid endpoint: %s" % endpoint_url)
ValueError: Invalid endpoint: https://s3..amazonaws.com
[2024-03-04T09:52:11.225+0000] {processor.py:842} WARNING - No viable dags retrieved from /opt/airflow/dags/Weather_dag.py
[2024-03-04T09:52:11.263+0000] {processor.py:183} INFO - Processing /opt/airflow/dags/Weather_dag.py took 4.401 seconds
[2024-03-04T09:52:41.640+0000] {processor.py:161} INFO - Started process (PID=103) to work on /opt/airflow/dags/Weather_dag.py
[2024-03-04T09:52:41.644+0000] {processor.py:830} INFO - Processing file /opt/airflow/dags/Weather_dag.py for tasks to queue
[2024-03-04T09:52:41.648+0000] {logging_mixin.py:188} INFO - [2024-03-04T09:52:41.647+0000] {dagbag.py:538} INFO - Filling up the DagBag from /opt/airflow/dags/Weather_dag.py
[2024-03-04T09:52:43.460+0000] {logging_mixin.py:188} INFO - [2024-03-04T09:52:43.450+0000] {dagbag.py:348} ERROR - Failed to import: /opt/airflow/dags/Weather_dag.py
Traceback (most recent call last):
  File "/home/airflow/.local/lib/python3.8/site-packages/airflow/models/dagbag.py", line 344, in parse
    loader.exec_module(new_module)
  File "<frozen importlib._bootstrap_external>", line 843, in exec_module
  File "<frozen importlib._bootstrap>", line 219, in _call_with_frames_removed
  File "/opt/airflow/dags/Weather_dag.py", line 19, in <module>
    s3_client = boto3.client("s3",
  File "/home/airflow/.local/lib/python3.8/site-packages/boto3/__init__.py", line 92, in client
    return _get_default_session().client(*args, **kwargs)
  File "/home/airflow/.local/lib/python3.8/site-packages/boto3/session.py", line 299, in client
    return self._session.create_client(
  File "/home/airflow/.local/lib/python3.8/site-packages/botocore/session.py", line 997, in create_client
    client = client_creator.create_client(
  File "/home/airflow/.local/lib/python3.8/site-packages/botocore/client.py", line 161, in create_client
    client_args = self._get_client_args(
  File "/home/airflow/.local/lib/python3.8/site-packages/botocore/client.py", line 508, in _get_client_args
    return args_creator.get_client_args(
  File "/home/airflow/.local/lib/python3.8/site-packages/botocore/args.py", line 137, in get_client_args
    endpoint = endpoint_creator.create_endpoint(
  File "/home/airflow/.local/lib/python3.8/site-packages/botocore/endpoint.py", line 402, in create_endpoint
    raise ValueError("Invalid endpoint: %s" % endpoint_url)
ValueError: Invalid endpoint: https://s3..amazonaws.com
[2024-03-04T09:52:43.461+0000] {processor.py:842} WARNING - No viable dags retrieved from /opt/airflow/dags/Weather_dag.py
[2024-03-04T09:52:43.494+0000] {processor.py:183} INFO - Processing /opt/airflow/dags/Weather_dag.py took 1.863 seconds
[2024-03-04T09:53:13.609+0000] {processor.py:161} INFO - Started process (PID=167) to work on /opt/airflow/dags/Weather_dag.py
[2024-03-04T09:53:13.611+0000] {processor.py:830} INFO - Processing file /opt/airflow/dags/Weather_dag.py for tasks to queue
[2024-03-04T09:53:13.615+0000] {logging_mixin.py:188} INFO - [2024-03-04T09:53:13.615+0000] {dagbag.py:538} INFO - Filling up the DagBag from /opt/airflow/dags/Weather_dag.py
[2024-03-04T09:53:14.889+0000] {logging_mixin.py:188} INFO - [2024-03-04T09:53:14.879+0000] {dagbag.py:348} ERROR - Failed to import: /opt/airflow/dags/Weather_dag.py
Traceback (most recent call last):
  File "/home/airflow/.local/lib/python3.8/site-packages/airflow/models/dagbag.py", line 344, in parse
    loader.exec_module(new_module)
  File "<frozen importlib._bootstrap_external>", line 843, in exec_module
  File "<frozen importlib._bootstrap>", line 219, in _call_with_frames_removed
  File "/opt/airflow/dags/Weather_dag.py", line 19, in <module>
    s3_client = boto3.client("s3",
  File "/home/airflow/.local/lib/python3.8/site-packages/boto3/__init__.py", line 92, in client
    return _get_default_session().client(*args, **kwargs)
  File "/home/airflow/.local/lib/python3.8/site-packages/boto3/session.py", line 299, in client
    return self._session.create_client(
  File "/home/airflow/.local/lib/python3.8/site-packages/botocore/session.py", line 997, in create_client
    client = client_creator.create_client(
  File "/home/airflow/.local/lib/python3.8/site-packages/botocore/client.py", line 161, in create_client
    client_args = self._get_client_args(
  File "/home/airflow/.local/lib/python3.8/site-packages/botocore/client.py", line 508, in _get_client_args
    return args_creator.get_client_args(
  File "/home/airflow/.local/lib/python3.8/site-packages/botocore/args.py", line 137, in get_client_args
    endpoint = endpoint_creator.create_endpoint(
  File "/home/airflow/.local/lib/python3.8/site-packages/botocore/endpoint.py", line 402, in create_endpoint
    raise ValueError("Invalid endpoint: %s" % endpoint_url)
ValueError: Invalid endpoint: https://s3..amazonaws.com
[2024-03-04T09:53:14.891+0000] {processor.py:842} WARNING - No viable dags retrieved from /opt/airflow/dags/Weather_dag.py
[2024-03-04T09:53:14.942+0000] {processor.py:183} INFO - Processing /opt/airflow/dags/Weather_dag.py took 1.340 seconds
[2024-03-04T09:53:45.811+0000] {processor.py:161} INFO - Started process (PID=225) to work on /opt/airflow/dags/Weather_dag.py
[2024-03-04T09:53:45.812+0000] {processor.py:830} INFO - Processing file /opt/airflow/dags/Weather_dag.py for tasks to queue
[2024-03-04T09:53:45.818+0000] {logging_mixin.py:188} INFO - [2024-03-04T09:53:45.817+0000] {dagbag.py:538} INFO - Filling up the DagBag from /opt/airflow/dags/Weather_dag.py
[2024-03-04T09:53:47.521+0000] {logging_mixin.py:188} INFO - [2024-03-04T09:53:47.512+0000] {dagbag.py:348} ERROR - Failed to import: /opt/airflow/dags/Weather_dag.py
Traceback (most recent call last):
  File "/home/airflow/.local/lib/python3.8/site-packages/airflow/models/dagbag.py", line 344, in parse
    loader.exec_module(new_module)
  File "<frozen importlib._bootstrap_external>", line 843, in exec_module
  File "<frozen importlib._bootstrap>", line 219, in _call_with_frames_removed
  File "/opt/airflow/dags/Weather_dag.py", line 19, in <module>
    s3_client = boto3.client("s3",
  File "/home/airflow/.local/lib/python3.8/site-packages/boto3/__init__.py", line 92, in client
    return _get_default_session().client(*args, **kwargs)
  File "/home/airflow/.local/lib/python3.8/site-packages/boto3/session.py", line 299, in client
    return self._session.create_client(
  File "/home/airflow/.local/lib/python3.8/site-packages/botocore/session.py", line 997, in create_client
    client = client_creator.create_client(
  File "/home/airflow/.local/lib/python3.8/site-packages/botocore/client.py", line 161, in create_client
    client_args = self._get_client_args(
  File "/home/airflow/.local/lib/python3.8/site-packages/botocore/client.py", line 508, in _get_client_args
    return args_creator.get_client_args(
  File "/home/airflow/.local/lib/python3.8/site-packages/botocore/args.py", line 137, in get_client_args
    endpoint = endpoint_creator.create_endpoint(
  File "/home/airflow/.local/lib/python3.8/site-packages/botocore/endpoint.py", line 402, in create_endpoint
    raise ValueError("Invalid endpoint: %s" % endpoint_url)
ValueError: Invalid endpoint: https://s3..amazonaws.com
[2024-03-04T09:53:47.522+0000] {processor.py:842} WARNING - No viable dags retrieved from /opt/airflow/dags/Weather_dag.py
[2024-03-04T09:53:47.550+0000] {processor.py:183} INFO - Processing /opt/airflow/dags/Weather_dag.py took 1.746 seconds
[2024-03-04T09:56:29.675+0000] {processor.py:161} INFO - Started process (PID=35) to work on /opt/airflow/dags/Weather_dag.py
[2024-03-04T09:56:29.677+0000] {processor.py:830} INFO - Processing file /opt/airflow/dags/Weather_dag.py for tasks to queue
[2024-03-04T09:56:29.682+0000] {logging_mixin.py:188} INFO - [2024-03-04T09:56:29.682+0000] {dagbag.py:538} INFO - Filling up the DagBag from /opt/airflow/dags/Weather_dag.py
[2024-03-04T09:56:32.438+0000] {processor.py:840} INFO - DAG(s) 'weather_dag' retrieved from /opt/airflow/dags/Weather_dag.py
[2024-03-04T09:56:32.610+0000] {logging_mixin.py:188} INFO - [2024-03-04T09:56:32.609+0000] {override.py:1769} INFO - Created Permission View: can delete on DAG:weather_dag
[2024-03-04T09:56:32.627+0000] {logging_mixin.py:188} INFO - [2024-03-04T09:56:32.627+0000] {override.py:1769} INFO - Created Permission View: can edit on DAG:weather_dag
[2024-03-04T09:56:32.641+0000] {logging_mixin.py:188} INFO - [2024-03-04T09:56:32.640+0000] {override.py:1769} INFO - Created Permission View: can read on DAG:weather_dag
[2024-03-04T09:56:32.642+0000] {logging_mixin.py:188} INFO - [2024-03-04T09:56:32.641+0000] {dag.py:3036} INFO - Sync 1 DAGs
[2024-03-04T09:56:32.660+0000] {logging_mixin.py:188} INFO - [2024-03-04T09:56:32.659+0000] {dag.py:3058} INFO - Creating ORM DAG for weather_dag
[2024-03-04T09:56:32.678+0000] {logging_mixin.py:188} INFO - [2024-03-04T09:56:32.678+0000] {dag.py:3823} INFO - Setting next_dagrun for weather_dag to 2024-03-04 06:58:00+00:00, run_after=2024-03-04 06:59:00+00:00
[2024-03-04T09:56:32.709+0000] {processor.py:183} INFO - Processing /opt/airflow/dags/Weather_dag.py took 3.040 seconds
[2024-03-04T09:57:03.247+0000] {processor.py:161} INFO - Started process (PID=100) to work on /opt/airflow/dags/Weather_dag.py
[2024-03-04T09:57:03.248+0000] {processor.py:830} INFO - Processing file /opt/airflow/dags/Weather_dag.py for tasks to queue
[2024-03-04T09:57:03.251+0000] {logging_mixin.py:188} INFO - [2024-03-04T09:57:03.251+0000] {dagbag.py:538} INFO - Filling up the DagBag from /opt/airflow/dags/Weather_dag.py
[2024-03-04T09:57:04.405+0000] {processor.py:840} INFO - DAG(s) 'weather_dag' retrieved from /opt/airflow/dags/Weather_dag.py
[2024-03-04T09:57:04.433+0000] {logging_mixin.py:188} INFO - [2024-03-04T09:57:04.433+0000] {dag.py:3036} INFO - Sync 1 DAGs
[2024-03-04T09:57:04.465+0000] {logging_mixin.py:188} INFO - [2024-03-04T09:57:04.465+0000] {dag.py:3823} INFO - Setting next_dagrun for weather_dag to 2024-03-04 06:58:00+00:00, run_after=2024-03-04 06:59:00+00:00
[2024-03-04T09:57:04.512+0000] {processor.py:183} INFO - Processing /opt/airflow/dags/Weather_dag.py took 1.270 seconds
[2024-03-04T09:57:34.811+0000] {processor.py:161} INFO - Started process (PID=158) to work on /opt/airflow/dags/Weather_dag.py
[2024-03-04T09:57:34.813+0000] {processor.py:830} INFO - Processing file /opt/airflow/dags/Weather_dag.py for tasks to queue
[2024-03-04T09:57:34.816+0000] {logging_mixin.py:188} INFO - [2024-03-04T09:57:34.816+0000] {dagbag.py:538} INFO - Filling up the DagBag from /opt/airflow/dags/Weather_dag.py
[2024-03-04T09:57:36.199+0000] {processor.py:840} INFO - DAG(s) 'weather_dag' retrieved from /opt/airflow/dags/Weather_dag.py
[2024-03-04T09:57:36.223+0000] {logging_mixin.py:188} INFO - [2024-03-04T09:57:36.223+0000] {dag.py:3036} INFO - Sync 1 DAGs
[2024-03-04T09:57:36.250+0000] {logging_mixin.py:188} INFO - [2024-03-04T09:57:36.250+0000] {dag.py:3823} INFO - Setting next_dagrun for weather_dag to 2024-03-04 06:58:00+00:00, run_after=2024-03-04 06:59:00+00:00
[2024-03-04T09:57:36.278+0000] {processor.py:183} INFO - Processing /opt/airflow/dags/Weather_dag.py took 1.473 seconds
[2024-03-04T09:58:06.652+0000] {processor.py:161} INFO - Started process (PID=226) to work on /opt/airflow/dags/Weather_dag.py
[2024-03-04T09:58:06.655+0000] {processor.py:830} INFO - Processing file /opt/airflow/dags/Weather_dag.py for tasks to queue
[2024-03-04T09:58:06.662+0000] {logging_mixin.py:188} INFO - [2024-03-04T09:58:06.661+0000] {dagbag.py:538} INFO - Filling up the DagBag from /opt/airflow/dags/Weather_dag.py
[2024-03-04T09:58:08.461+0000] {processor.py:840} INFO - DAG(s) 'weather_dag' retrieved from /opt/airflow/dags/Weather_dag.py
[2024-03-04T09:58:08.514+0000] {logging_mixin.py:188} INFO - [2024-03-04T09:58:08.513+0000] {dag.py:3036} INFO - Sync 1 DAGs
[2024-03-04T09:58:08.570+0000] {logging_mixin.py:188} INFO - [2024-03-04T09:58:08.570+0000] {dag.py:3823} INFO - Setting next_dagrun for weather_dag to 2024-03-04 06:59:00+00:00, run_after=2024-03-04 12:00:00+00:00
[2024-03-04T09:58:08.616+0000] {processor.py:183} INFO - Processing /opt/airflow/dags/Weather_dag.py took 1.978 seconds
[2024-03-04T09:58:38.817+0000] {processor.py:161} INFO - Started process (PID=289) to work on /opt/airflow/dags/Weather_dag.py
[2024-03-04T09:58:38.819+0000] {processor.py:830} INFO - Processing file /opt/airflow/dags/Weather_dag.py for tasks to queue
[2024-03-04T09:58:38.824+0000] {logging_mixin.py:188} INFO - [2024-03-04T09:58:38.823+0000] {dagbag.py:538} INFO - Filling up the DagBag from /opt/airflow/dags/Weather_dag.py
[2024-03-04T09:58:39.832+0000] {processor.py:840} INFO - DAG(s) 'weather_dag' retrieved from /opt/airflow/dags/Weather_dag.py
[2024-03-04T09:58:39.859+0000] {logging_mixin.py:188} INFO - [2024-03-04T09:58:39.859+0000] {dag.py:3036} INFO - Sync 1 DAGs
[2024-03-04T09:58:39.892+0000] {logging_mixin.py:188} INFO - [2024-03-04T09:58:39.891+0000] {dag.py:3823} INFO - Setting next_dagrun for weather_dag to 2024-03-04 06:59:00+00:00, run_after=2024-03-04 12:00:00+00:00
[2024-03-04T09:58:39.917+0000] {processor.py:183} INFO - Processing /opt/airflow/dags/Weather_dag.py took 1.106 seconds
[2024-03-04T09:59:10.120+0000] {processor.py:161} INFO - Started process (PID=351) to work on /opt/airflow/dags/Weather_dag.py
[2024-03-04T09:59:10.122+0000] {processor.py:830} INFO - Processing file /opt/airflow/dags/Weather_dag.py for tasks to queue
[2024-03-04T09:59:10.125+0000] {logging_mixin.py:188} INFO - [2024-03-04T09:59:10.125+0000] {dagbag.py:538} INFO - Filling up the DagBag from /opt/airflow/dags/Weather_dag.py
[2024-03-04T09:59:11.099+0000] {processor.py:840} INFO - DAG(s) 'weather_dag' retrieved from /opt/airflow/dags/Weather_dag.py
[2024-03-04T09:59:11.126+0000] {logging_mixin.py:188} INFO - [2024-03-04T09:59:11.125+0000] {dag.py:3036} INFO - Sync 1 DAGs
[2024-03-04T09:59:11.163+0000] {logging_mixin.py:188} INFO - [2024-03-04T09:59:11.162+0000] {dag.py:3823} INFO - Setting next_dagrun for weather_dag to 2024-03-04 06:59:00+00:00, run_after=2024-03-04 12:00:00+00:00
[2024-03-04T09:59:11.208+0000] {processor.py:183} INFO - Processing /opt/airflow/dags/Weather_dag.py took 1.095 seconds
[2024-03-04T09:59:41.839+0000] {processor.py:161} INFO - Started process (PID=411) to work on /opt/airflow/dags/Weather_dag.py
[2024-03-04T09:59:41.840+0000] {processor.py:830} INFO - Processing file /opt/airflow/dags/Weather_dag.py for tasks to queue
[2024-03-04T09:59:41.843+0000] {logging_mixin.py:188} INFO - [2024-03-04T09:59:41.842+0000] {dagbag.py:538} INFO - Filling up the DagBag from /opt/airflow/dags/Weather_dag.py
[2024-03-04T09:59:42.941+0000] {processor.py:840} INFO - DAG(s) 'weather_dag' retrieved from /opt/airflow/dags/Weather_dag.py
[2024-03-04T09:59:42.977+0000] {logging_mixin.py:188} INFO - [2024-03-04T09:59:42.975+0000] {dag.py:3036} INFO - Sync 1 DAGs
[2024-03-04T09:59:43.021+0000] {logging_mixin.py:188} INFO - [2024-03-04T09:59:43.020+0000] {dag.py:3823} INFO - Setting next_dagrun for weather_dag to 2024-03-04 06:59:00+00:00, run_after=2024-03-04 12:00:00+00:00
[2024-03-04T09:59:43.100+0000] {processor.py:183} INFO - Processing /opt/airflow/dags/Weather_dag.py took 1.267 seconds
[2024-03-04T10:00:13.690+0000] {processor.py:161} INFO - Started process (PID=475) to work on /opt/airflow/dags/Weather_dag.py
[2024-03-04T10:00:13.692+0000] {processor.py:830} INFO - Processing file /opt/airflow/dags/Weather_dag.py for tasks to queue
[2024-03-04T10:00:13.696+0000] {logging_mixin.py:188} INFO - [2024-03-04T10:00:13.696+0000] {dagbag.py:538} INFO - Filling up the DagBag from /opt/airflow/dags/Weather_dag.py
[2024-03-04T10:00:15.094+0000] {processor.py:840} INFO - DAG(s) 'weather_dag' retrieved from /opt/airflow/dags/Weather_dag.py
[2024-03-04T10:00:15.128+0000] {logging_mixin.py:188} INFO - [2024-03-04T10:00:15.127+0000] {dag.py:3036} INFO - Sync 1 DAGs
[2024-03-04T10:00:15.172+0000] {logging_mixin.py:188} INFO - [2024-03-04T10:00:15.172+0000] {dag.py:3823} INFO - Setting next_dagrun for weather_dag to 2024-03-04 06:59:00+00:00, run_after=2024-03-04 12:00:00+00:00
[2024-03-04T10:00:15.207+0000] {processor.py:183} INFO - Processing /opt/airflow/dags/Weather_dag.py took 1.526 seconds
[2024-03-04T10:00:45.533+0000] {processor.py:161} INFO - Started process (PID=536) to work on /opt/airflow/dags/Weather_dag.py
[2024-03-04T10:00:45.535+0000] {processor.py:830} INFO - Processing file /opt/airflow/dags/Weather_dag.py for tasks to queue
[2024-03-04T10:00:45.539+0000] {logging_mixin.py:188} INFO - [2024-03-04T10:00:45.539+0000] {dagbag.py:538} INFO - Filling up the DagBag from /opt/airflow/dags/Weather_dag.py
[2024-03-04T10:00:46.362+0000] {processor.py:840} INFO - DAG(s) 'weather_dag' retrieved from /opt/airflow/dags/Weather_dag.py
[2024-03-04T10:00:46.388+0000] {logging_mixin.py:188} INFO - [2024-03-04T10:00:46.387+0000] {dag.py:3036} INFO - Sync 1 DAGs
[2024-03-04T10:00:46.420+0000] {logging_mixin.py:188} INFO - [2024-03-04T10:00:46.419+0000] {dag.py:3823} INFO - Setting next_dagrun for weather_dag to 2024-03-04 06:59:00+00:00, run_after=2024-03-04 12:00:00+00:00
[2024-03-04T10:00:46.444+0000] {processor.py:183} INFO - Processing /opt/airflow/dags/Weather_dag.py took 0.916 seconds
[2024-03-04T10:01:16.725+0000] {processor.py:161} INFO - Started process (PID=598) to work on /opt/airflow/dags/Weather_dag.py
[2024-03-04T10:01:16.726+0000] {processor.py:830} INFO - Processing file /opt/airflow/dags/Weather_dag.py for tasks to queue
[2024-03-04T10:01:16.729+0000] {logging_mixin.py:188} INFO - [2024-03-04T10:01:16.729+0000] {dagbag.py:538} INFO - Filling up the DagBag from /opt/airflow/dags/Weather_dag.py
[2024-03-04T10:01:18.053+0000] {processor.py:840} INFO - DAG(s) 'weather_dag' retrieved from /opt/airflow/dags/Weather_dag.py
[2024-03-04T10:01:18.086+0000] {logging_mixin.py:188} INFO - [2024-03-04T10:01:18.086+0000] {dag.py:3036} INFO - Sync 1 DAGs
[2024-03-04T10:01:18.137+0000] {logging_mixin.py:188} INFO - [2024-03-04T10:01:18.137+0000] {dag.py:3823} INFO - Setting next_dagrun for weather_dag to 2024-03-04 06:59:00+00:00, run_after=2024-03-04 12:00:00+00:00
[2024-03-04T10:01:18.189+0000] {processor.py:183} INFO - Processing /opt/airflow/dags/Weather_dag.py took 1.469 seconds
[2024-03-04T10:01:48.540+0000] {processor.py:161} INFO - Started process (PID=655) to work on /opt/airflow/dags/Weather_dag.py
[2024-03-04T10:01:48.541+0000] {processor.py:830} INFO - Processing file /opt/airflow/dags/Weather_dag.py for tasks to queue
[2024-03-04T10:01:48.544+0000] {logging_mixin.py:188} INFO - [2024-03-04T10:01:48.544+0000] {dagbag.py:538} INFO - Filling up the DagBag from /opt/airflow/dags/Weather_dag.py
[2024-03-04T10:01:49.753+0000] {processor.py:840} INFO - DAG(s) 'weather_dag' retrieved from /opt/airflow/dags/Weather_dag.py
[2024-03-04T10:01:49.783+0000] {logging_mixin.py:188} INFO - [2024-03-04T10:01:49.782+0000] {dag.py:3036} INFO - Sync 1 DAGs
[2024-03-04T10:01:49.827+0000] {logging_mixin.py:188} INFO - [2024-03-04T10:01:49.827+0000] {dag.py:3823} INFO - Setting next_dagrun for weather_dag to 2024-03-04 06:59:00+00:00, run_after=2024-03-04 12:00:00+00:00
[2024-03-04T10:01:49.853+0000] {processor.py:183} INFO - Processing /opt/airflow/dags/Weather_dag.py took 1.319 seconds
[2024-03-04T10:04:54.850+0000] {processor.py:161} INFO - Started process (PID=34) to work on /opt/airflow/dags/Weather_dag.py
[2024-03-04T10:04:54.852+0000] {processor.py:830} INFO - Processing file /opt/airflow/dags/Weather_dag.py for tasks to queue
[2024-03-04T10:04:54.856+0000] {logging_mixin.py:188} INFO - [2024-03-04T10:04:54.855+0000] {dagbag.py:538} INFO - Filling up the DagBag from /opt/airflow/dags/Weather_dag.py
[2024-03-04T10:04:56.387+0000] {processor.py:840} INFO - DAG(s) 'weather_dag' retrieved from /opt/airflow/dags/Weather_dag.py
[2024-03-04T10:04:56.627+0000] {logging_mixin.py:188} INFO - [2024-03-04T10:04:56.626+0000] {dag.py:3036} INFO - Sync 1 DAGs
[2024-03-04T10:04:56.685+0000] {logging_mixin.py:188} INFO - [2024-03-04T10:04:56.684+0000] {dag.py:3823} INFO - Setting next_dagrun for weather_dag to 2024-03-04 06:59:00+00:00, run_after=2024-03-04 12:00:00+00:00
[2024-03-04T10:04:56.781+0000] {processor.py:183} INFO - Processing /opt/airflow/dags/Weather_dag.py took 1.938 seconds
[2024-03-04T10:05:26.945+0000] {processor.py:161} INFO - Started process (PID=94) to work on /opt/airflow/dags/Weather_dag.py
[2024-03-04T10:05:26.947+0000] {processor.py:830} INFO - Processing file /opt/airflow/dags/Weather_dag.py for tasks to queue
[2024-03-04T10:05:26.950+0000] {logging_mixin.py:188} INFO - [2024-03-04T10:05:26.950+0000] {dagbag.py:538} INFO - Filling up the DagBag from /opt/airflow/dags/Weather_dag.py
[2024-03-04T10:05:27.876+0000] {processor.py:840} INFO - DAG(s) 'weather_dag' retrieved from /opt/airflow/dags/Weather_dag.py
[2024-03-04T10:05:27.906+0000] {logging_mixin.py:188} INFO - [2024-03-04T10:05:27.905+0000] {dag.py:3036} INFO - Sync 1 DAGs
[2024-03-04T10:05:27.944+0000] {logging_mixin.py:188} INFO - [2024-03-04T10:05:27.944+0000] {dag.py:3823} INFO - Setting next_dagrun for weather_dag to 2024-03-04 06:59:00+00:00, run_after=2024-03-04 12:00:00+00:00
[2024-03-04T10:05:28.170+0000] {processor.py:183} INFO - Processing /opt/airflow/dags/Weather_dag.py took 1.231 seconds
[2024-03-04T10:11:49.826+0000] {processor.py:161} INFO - Started process (PID=34) to work on /opt/airflow/dags/Weather_dag.py
[2024-03-04T10:11:49.828+0000] {processor.py:830} INFO - Processing file /opt/airflow/dags/Weather_dag.py for tasks to queue
[2024-03-04T10:11:49.830+0000] {logging_mixin.py:188} INFO - [2024-03-04T10:11:49.830+0000] {dagbag.py:538} INFO - Filling up the DagBag from /opt/airflow/dags/Weather_dag.py
[2024-03-04T10:11:50.881+0000] {processor.py:840} INFO - DAG(s) 'weather_dag' retrieved from /opt/airflow/dags/Weather_dag.py
[2024-03-04T10:11:51.075+0000] {logging_mixin.py:188} INFO - [2024-03-04T10:11:51.074+0000] {dag.py:3036} INFO - Sync 1 DAGs
[2024-03-04T10:11:51.130+0000] {logging_mixin.py:188} INFO - [2024-03-04T10:11:51.130+0000] {dag.py:3823} INFO - Setting next_dagrun for weather_dag to 2024-03-04 06:59:00+00:00, run_after=2024-03-04 12:00:00+00:00
[2024-03-04T10:11:51.187+0000] {processor.py:183} INFO - Processing /opt/airflow/dags/Weather_dag.py took 1.365 seconds
[2024-03-04T10:12:21.416+0000] {processor.py:161} INFO - Started process (PID=95) to work on /opt/airflow/dags/Weather_dag.py
[2024-03-04T10:12:21.417+0000] {processor.py:830} INFO - Processing file /opt/airflow/dags/Weather_dag.py for tasks to queue
[2024-03-04T10:12:21.420+0000] {logging_mixin.py:188} INFO - [2024-03-04T10:12:21.419+0000] {dagbag.py:538} INFO - Filling up the DagBag from /opt/airflow/dags/Weather_dag.py
[2024-03-04T10:12:22.235+0000] {processor.py:840} INFO - DAG(s) 'weather_dag' retrieved from /opt/airflow/dags/Weather_dag.py
[2024-03-04T10:12:22.274+0000] {logging_mixin.py:188} INFO - [2024-03-04T10:12:22.273+0000] {dag.py:3036} INFO - Sync 1 DAGs
[2024-03-04T10:12:22.327+0000] {logging_mixin.py:188} INFO - [2024-03-04T10:12:22.326+0000] {dag.py:3823} INFO - Setting next_dagrun for weather_dag to 2024-03-04 06:59:00+00:00, run_after=2024-03-04 12:00:00+00:00
[2024-03-04T10:12:22.368+0000] {processor.py:183} INFO - Processing /opt/airflow/dags/Weather_dag.py took 0.957 seconds
[2024-03-04T10:12:52.795+0000] {processor.py:161} INFO - Started process (PID=152) to work on /opt/airflow/dags/Weather_dag.py
[2024-03-04T10:12:52.798+0000] {processor.py:830} INFO - Processing file /opt/airflow/dags/Weather_dag.py for tasks to queue
[2024-03-04T10:12:52.801+0000] {logging_mixin.py:188} INFO - [2024-03-04T10:12:52.801+0000] {dagbag.py:538} INFO - Filling up the DagBag from /opt/airflow/dags/Weather_dag.py
[2024-03-04T10:12:53.923+0000] {processor.py:840} INFO - DAG(s) 'weather_dag' retrieved from /opt/airflow/dags/Weather_dag.py
[2024-03-04T10:12:53.969+0000] {logging_mixin.py:188} INFO - [2024-03-04T10:12:53.968+0000] {dag.py:3036} INFO - Sync 1 DAGs
[2024-03-04T10:12:54.018+0000] {logging_mixin.py:188} INFO - [2024-03-04T10:12:54.017+0000] {dag.py:3823} INFO - Setting next_dagrun for weather_dag to 2024-03-04 06:59:00+00:00, run_after=2024-03-04 12:00:00+00:00
[2024-03-04T10:12:54.106+0000] {processor.py:183} INFO - Processing /opt/airflow/dags/Weather_dag.py took 1.318 seconds
[2024-03-04T10:15:38.253+0000] {processor.py:161} INFO - Started process (PID=34) to work on /opt/airflow/dags/Weather_dag.py
[2024-03-04T10:15:38.255+0000] {processor.py:830} INFO - Processing file /opt/airflow/dags/Weather_dag.py for tasks to queue
[2024-03-04T10:15:38.258+0000] {logging_mixin.py:188} INFO - [2024-03-04T10:15:38.258+0000] {dagbag.py:538} INFO - Filling up the DagBag from /opt/airflow/dags/Weather_dag.py
[2024-03-04T10:15:39.423+0000] {processor.py:840} INFO - DAG(s) 'weather_dag' retrieved from /opt/airflow/dags/Weather_dag.py
[2024-03-04T10:15:39.605+0000] {logging_mixin.py:188} INFO - [2024-03-04T10:15:39.604+0000] {dag.py:3036} INFO - Sync 1 DAGs
[2024-03-04T10:15:39.649+0000] {logging_mixin.py:188} INFO - [2024-03-04T10:15:39.649+0000] {dag.py:3823} INFO - Setting next_dagrun for weather_dag to 2024-03-04 06:59:00+00:00, run_after=2024-03-04 12:00:00+00:00
[2024-03-04T10:15:39.694+0000] {processor.py:183} INFO - Processing /opt/airflow/dags/Weather_dag.py took 1.447 seconds
[2024-03-04T10:16:09.920+0000] {processor.py:161} INFO - Started process (PID=97) to work on /opt/airflow/dags/Weather_dag.py
[2024-03-04T10:16:09.921+0000] {processor.py:830} INFO - Processing file /opt/airflow/dags/Weather_dag.py for tasks to queue
[2024-03-04T10:16:09.925+0000] {logging_mixin.py:188} INFO - [2024-03-04T10:16:09.924+0000] {dagbag.py:538} INFO - Filling up the DagBag from /opt/airflow/dags/Weather_dag.py
[2024-03-04T10:16:10.848+0000] {processor.py:840} INFO - DAG(s) 'weather_dag' retrieved from /opt/airflow/dags/Weather_dag.py
[2024-03-04T10:16:10.869+0000] {logging_mixin.py:188} INFO - [2024-03-04T10:16:10.869+0000] {dag.py:3036} INFO - Sync 1 DAGs
[2024-03-04T10:16:10.903+0000] {logging_mixin.py:188} INFO - [2024-03-04T10:16:10.903+0000] {dag.py:3823} INFO - Setting next_dagrun for weather_dag to 2024-03-04 06:59:00+00:00, run_after=2024-03-04 12:00:00+00:00
[2024-03-04T10:16:10.932+0000] {processor.py:183} INFO - Processing /opt/airflow/dags/Weather_dag.py took 1.018 seconds
[2024-03-04T10:16:41.610+0000] {processor.py:161} INFO - Started process (PID=157) to work on /opt/airflow/dags/Weather_dag.py
[2024-03-04T10:16:41.612+0000] {processor.py:830} INFO - Processing file /opt/airflow/dags/Weather_dag.py for tasks to queue
[2024-03-04T10:16:41.617+0000] {logging_mixin.py:188} INFO - [2024-03-04T10:16:41.616+0000] {dagbag.py:538} INFO - Filling up the DagBag from /opt/airflow/dags/Weather_dag.py
[2024-03-04T10:16:42.587+0000] {processor.py:840} INFO - DAG(s) 'weather_dag' retrieved from /opt/airflow/dags/Weather_dag.py
[2024-03-04T10:16:42.615+0000] {logging_mixin.py:188} INFO - [2024-03-04T10:16:42.614+0000] {dag.py:3036} INFO - Sync 1 DAGs
[2024-03-04T10:16:42.648+0000] {logging_mixin.py:188} INFO - [2024-03-04T10:16:42.647+0000] {dag.py:3823} INFO - Setting next_dagrun for weather_dag to 2024-03-04 06:59:00+00:00, run_after=2024-03-04 12:00:00+00:00
[2024-03-04T10:16:42.677+0000] {processor.py:183} INFO - Processing /opt/airflow/dags/Weather_dag.py took 1.076 seconds
